18:21:23.600 INFO  utils.ExcelUtils (ExcelUtils.java:39) - Test Runner excel row at: 20
18:21:23.607 INFO  utils.ExcelUtils (ExcelUtils.java:39) - Test Runner excel row at: 21
18:21:23.607 INFO  utils.ExcelUtils (ExcelUtils.java:39) - Test Runner excel row at: 22
18:21:23.608 INFO  utils.ExcelUtils (ExcelUtils.java:39) - Test Runner excel row at: 23
18:21:23.608 INFO  utils.ExcelUtils (ExcelUtils.java:39) - Test Runner excel row at: 24
18:21:23.609 INFO  utils.ExcelUtils (ExcelUtils.java:39) - Test Runner excel row at: 25
18:21:23.609 INFO  utils.ExcelUtils (ExcelUtils.java:39) - Test Runner excel row at: 26
18:21:23.609 INFO  utils.ExcelUtils (ExcelUtils.java:39) - Test Runner excel row at: 27
18:21:23.610 INFO  utils.ExcelUtils (ExcelUtils.java:39) - Test Runner excel row at: 28
18:21:23.611 INFO  utils.ExcelUtils (ExcelUtils.java:39) - Test Runner excel row at: 29
18:21:23.611 INFO  utils.ExcelUtils (ExcelUtils.java:39) - Test Runner excel row at: 30
18:21:23.612 INFO  utils.ExcelUtils (ExcelUtils.java:39) - Test Runner excel row at: 31
18:21:23.612 INFO  utils.ExcelUtils (ExcelUtils.java:39) - Test Runner excel row at: 32
18:21:23.613 INFO  utils.ExcelUtils (ExcelUtils.java:39) - Test Runner excel row at: 33
18:21:23.614 INFO  utils.ExcelUtils (ExcelUtils.java:39) - Test Runner excel row at: 34
18:21:23.615 INFO  utils.ExcelUtils (ExcelUtils.java:39) - Test Runner excel row at: 35
18:21:23.615 INFO  utils.ExcelUtils (ExcelUtils.java:39) - Test Runner excel row at: 36
18:21:23.616 INFO  utils.ExcelUtils (ExcelUtils.java:39) - Test Runner excel row at: 37
18:21:23.616 INFO  utils.ExcelUtils (ExcelUtils.java:39) - Test Runner excel row at: 38
18:21:23.617 INFO  utils.ExcelUtils (ExcelUtils.java:39) - Test Runner excel row at: 39
18:21:23.617 INFO  utils.ExcelUtils (ExcelUtils.java:39) - Test Runner excel row at: 40
18:21:23.618 INFO  utils.ExcelUtils (ExcelUtils.java:39) - Test Runner excel row at: 41
18:21:23.618 INFO  utils.ExcelUtils (ExcelUtils.java:39) - Test Runner excel row at: 42
18:21:23.618 INFO  utils.ExcelUtils (ExcelUtils.java:39) - Test Runner excel row at: 43
18:21:23.619 INFO  utils.ExcelUtils (ExcelUtils.java:39) - Test Runner excel row at: 44
18:21:23.620 INFO  utils.ExcelUtils (ExcelUtils.java:39) - Test Runner excel row at: 45
18:21:23.620 INFO  utils.ExcelUtils (ExcelUtils.java:39) - Test Runner excel row at: 46
18:21:23.621 INFO  utils.ExcelUtils (ExcelUtils.java:39) - Test Runner excel row at: 47
18:21:23.621 INFO  utils.ExcelUtils (ExcelUtils.java:39) - Test Runner excel row at: 48
18:21:23.621 INFO  utils.ExcelUtils (ExcelUtils.java:39) - Test Runner excel row at: 49
18:21:23.622 INFO  utils.ExcelUtils (ExcelUtils.java:39) - Test Runner excel row at: 50
18:21:23.622 INFO  utils.ExcelUtils (ExcelUtils.java:39) - Test Runner excel row at: 51
18:21:23.623 INFO  utils.ExcelUtils (ExcelUtils.java:39) - Test Runner excel row at: 52
18:21:23.623 INFO  utils.ExcelUtils (ExcelUtils.java:39) - Test Runner excel row at: 53
18:21:23.623 INFO  utils.ExcelUtils (ExcelUtils.java:39) - Test Runner excel row at: 54
18:21:23.624 INFO  utils.ExcelUtils (ExcelUtils.java:39) - Test Runner excel row at: 55
18:21:23.624 INFO  utils.ExcelUtils (ExcelUtils.java:39) - Test Runner excel row at: 56
18:21:23.624 INFO  utils.ExcelUtils (ExcelUtils.java:39) - Test Runner excel row at: 57
18:21:23.625 INFO  utils.ExcelUtils (ExcelUtils.java:39) - Test Runner excel row at: 58
18:21:23.625 INFO  utils.ExcelUtils (ExcelUtils.java:39) - Test Runner excel row at: 59
18:21:23.626 INFO  utils.ExcelUtils (ExcelUtils.java:39) - Test Runner excel row at: 60
18:21:23.627 INFO  utils.ExcelUtils (ExcelUtils.java:39) - Test Runner excel row at: 61
18:21:27.279 INFO  driver.WebDriverFactory (WebDriverFactory.java:207) - Setting up the browser window to its max.
18:21:27.426 INFO  driver.WebDriverFactory (WebDriverFactory.java:196) - Initializing the implicit wait timeout for {} 5
18:21:27.434 INFO  driver.WebDriverFactory (WebDriverFactory.java:199) - Initializing the page load timeout.
18:21:27.440 INFO  driver.DriverFactory (DriverFactory.java:122) - Clearing all the cookies.
18:21:27.452 INFO  driver.DriverFactory (DriverFactory.java:59) - Open the url {} https://qa.smartcmobile.net/SCM_10.0_S-CSP/ using the selenium get() method.
18:21:43.849 INFO  csp.AdminNotificationTests (AdminNotificationTests.java:1127) - To verify the tests with the below test case id's: C80476, C80477
18:21:43.934 INFO  scp.HomePage (HomePage.java:133) - Wait for page loader invisibility.
18:21:43.934 INFO  driver.Page (    Page.java:249) - Waiting for element to be invisible for 120 seconds.
18:21:49.008 INFO  driver.Page (    Page.java:252) - Element is invisible from the page.
18:21:49.009 INFO  csp.AdminLoginPage (AdminLoginPage.java:334) - Checking that the current page is Admin login page.
18:21:49.010 INFO  driver.Page (    Page.java:39) - Fetching the current URL.
18:21:49.031 INFO  driver.Page (    Page.java:40) - The Current URL is: https://qa.smartcmobile.net/SCM_10.0_S-CSP/
18:21:49.045 INFO  driver.Page (    Page.java:45) - Fetching the current title.
18:21:49.058 INFO  driver.Page (    Page.java:46) - The Current Title is: SCM Admin - Login
18:21:49.066 INFO  csp.AdminLoginPage (AdminLoginPage.java:337) - The current page is Admin login page {}: true
18:21:49.069 INFO  csp.AdminLoginPage (AdminLoginPage.java:30) - Populating username {} :qauser
18:21:49.086 INFO  driver.Page (    Page.java:120) - Wait for element {} [[ChromeDriver: chrome on WINDOWS (a0efe4a014ccc071c6b7b7364645600f)] -> css selector: [id='txtAdminLogin']] to be present in the DOM for duration of {} 120
18:21:49.086 INFO  driver.Page (    Page.java:235) - Waiting for element to be visible for 120 seconds.
18:21:49.118 INFO  driver.Page (    Page.java:238) - Element is visible on the page.
18:21:49.127 INFO  driver.Page (    Page.java:122) - Clearing the element {} [[ChromeDriver: chrome on WINDOWS (a0efe4a014ccc071c6b7b7364645600f)] -> css selector: [id='txtAdminLogin']] before sending the keys.
18:21:49.171 INFO  driver.Page (    Page.java:124) - Sending the following keys {} qauser to the element {} [[ChromeDriver: chrome on WINDOWS (a0efe4a014ccc071c6b7b7364645600f)] -> css selector: [id='txtAdminLogin']]
18:21:49.215 INFO  csp.AdminLoginPage (AdminLoginPage.java:32) - Username populated successfully.
18:21:49.216 INFO  csp.AdminLoginPage (AdminLoginPage.java:54) - Populating password {} :Sew@2021$!
18:21:49.231 INFO  driver.Page (    Page.java:120) - Wait for element {} [[ChromeDriver: chrome on WINDOWS (a0efe4a014ccc071c6b7b7364645600f)] -> css selector: [id='txtpwd']] to be present in the DOM for duration of {} 120
18:21:49.231 INFO  driver.Page (    Page.java:235) - Waiting for element to be visible for 120 seconds.
18:21:49.262 INFO  driver.Page (    Page.java:238) - Element is visible on the page.
18:21:49.272 INFO  driver.Page (    Page.java:122) - Clearing the element {} [[ChromeDriver: chrome on WINDOWS (a0efe4a014ccc071c6b7b7364645600f)] -> css selector: [id='txtpwd']] before sending the keys.
18:21:49.322 INFO  driver.Page (    Page.java:124) - Sending the following keys {} Sew@2021$! to the element {} [[ChromeDriver: chrome on WINDOWS (a0efe4a014ccc071c6b7b7364645600f)] -> css selector: [id='txtpwd']]
18:21:49.375 INFO  csp.AdminLoginPage (AdminLoginPage.java:56) - Password populated successfully.
18:21:49.376 INFO  driver.Page (    Page.java:58) - Preparing for element to click.
18:21:49.376 INFO  driver.Page (    Page.java:210) - Waiting for element to be clickable for 120 seconds.
18:21:49.413 INFO  driver.Page (    Page.java:213) - Element is clickable now.
18:22:32.411 INFO  driver.Page (    Page.java:61) - Element is clicked successfully.
18:22:32.412 INFO  csp.AdminLoginPage (AdminLoginPage.java:67) - SignIn Button clicked successfully.
18:22:32.412 INFO  scp.HomePage (HomePage.java:133) - Wait for page loader invisibility.
18:22:32.412 INFO  driver.Page (    Page.java:249) - Waiting for element to be invisible for 120 seconds.
18:22:32.437 INFO  driver.Page (    Page.java:252) - Element is invisible from the page.
18:22:32.439 INFO  csp.AdminHomePage (AdminHomePage.java:170) - Checking that the current page is Admin Home page.
18:22:32.440 INFO  driver.Page (    Page.java:39) - Fetching the current URL.
18:22:32.444 INFO  driver.Page (    Page.java:40) - The Current URL is: https://qa.smartcmobile.net/SCM_10.0_S-CSP/Home.aspx
18:22:32.448 INFO  driver.Page (    Page.java:45) - Fetching the current title.
18:22:32.453 INFO  driver.Page (    Page.java:46) - The Current Title is: Dashboard
18:22:32.459 INFO  csp.AdminHomePage (AdminHomePage.java:173) - The current page is Admin Home page {}: true
18:22:32.463 INFO  driver.Page (    Page.java:235) - Waiting for element to be visible for 120 seconds.
18:22:32.487 INFO  driver.Page (    Page.java:238) - Element is visible on the page.
18:22:32.487 INFO  csp.AdminHomePage (AdminHomePage.java:50) - Notification Link is Visible on the Admin Home page.
18:22:32.487 INFO  driver.Page (    Page.java:58) - Preparing for element to click.
18:22:32.487 INFO  driver.Page (    Page.java:210) - Waiting for element to be clickable for 120 seconds.
18:22:32.523 INFO  driver.Page (    Page.java:213) - Element is clickable now.
18:22:38.388 INFO  driver.Page (    Page.java:61) - Element is clicked successfully.
18:22:38.389 INFO  csp.AdminHomePage (AdminHomePage.java:54) - Notification Link clicked successfully.
18:22:38.389 INFO  scp.HomePage (HomePage.java:133) - Wait for page loader invisibility.
18:22:38.389 INFO  driver.Page (    Page.java:249) - Waiting for element to be invisible for 120 seconds.
18:22:42.405 INFO  driver.Page (    Page.java:252) - Element is invisible from the page.
18:22:42.406 INFO  scp.HomePage (HomePage.java:179) - Wait for Spinner Loading Image invisibility.
18:22:42.406 INFO  driver.Page (    Page.java:249) - Waiting for element to be invisible for 120 seconds.
18:22:47.456 INFO  driver.Page (    Page.java:252) - Element is invisible from the page.
18:22:47.457 INFO  scp.AboutMyHomePage (AdminNotificationPage.java:1014) - Wait for Next Page visibility on Notification Page.
18:22:47.457 INFO  driver.Page (    Page.java:235) - Waiting for element to be visible for 120 seconds.
18:22:47.496 INFO  driver.Page (    Page.java:238) - Element is visible on the page.
18:22:47.497 INFO  driver.Page (    Page.java:58) - Preparing for element to click.
18:22:47.497 INFO  driver.Page (    Page.java:210) - Waiting for element to be clickable for 120 seconds.
18:22:47.539 INFO  driver.Page (    Page.java:213) - Element is clickable now.
18:22:56.360 INFO  driver.Page (    Page.java:61) - Element is clicked successfully.
18:22:56.360 INFO  scp.AboutMyHomePage (AdminNotificationPage.java:518) - AutoResponse Link clicked {}.
18:22:56.360 INFO  scp.HomePage (HomePage.java:179) - Wait for Spinner Loading Image invisibility.
18:22:56.361 INFO  driver.Page (    Page.java:249) - Waiting for element to be invisible for 120 seconds.
18:23:01.421 INFO  driver.Page (    Page.java:252) - Element is invisible from the page.
18:23:01.422 INFO  scp.AboutMyHomePage (AdminNotificationPage.java:1641) - Wait for Save Button Visibility on Auto-Response Editor Page.
18:23:01.423 INFO  driver.Page (    Page.java:235) - Waiting for element to be visible for 120 seconds.
18:23:01.473 INFO  driver.Page (    Page.java:238) - Element is visible on the page.
18:23:01.509 INFO  driver.Page (    Page.java:277) - Element {} : [[ChromeDriver: chrome on WINDOWS (a0efe4a014ccc071c6b7b7364645600f)] -> css selector: .Leftheader-Pannel h2] is visible on the page.
18:23:01.510 INFO  scp.AboutMyHomePage (AdminNotificationPage.java:1571) - AutoResponse Setting Heading visibility status {}true
18:23:01.539 INFO  driver.Page (    Page.java:277) - Element {} : [[ChromeDriver: chrome on WINDOWS (a0efe4a014ccc071c6b7b7364645600f)] -> css selector: #lblAutoRespone] is visible on the page.
18:23:01.539 INFO  scp.AboutMyHomePage (AdminNotificationPage.java:1584) - Enable AutoResponse Label visibility status {}true
18:23:01.572 INFO  driver.Page (    Page.java:277) - Element {} : [[ChromeDriver: chrome on WINDOWS (a0efe4a014ccc071c6b7b7364645600f)] -> css selector: input#ContentPlaceHolder1_rightpanel_AutoResp] is visible on the page.
18:23:01.572 INFO  scp.AboutMyHomePage (AdminNotificationPage.java:1597) - Enable AutoResponse Checkbox visibility status {}true
18:23:01.601 INFO  driver.Page (    Page.java:277) - Element {} : [[ChromeDriver: chrome on WINDOWS (a0efe4a014ccc071c6b7b7364645600f)] -> css selector: .note-editable] is visible on the page.
18:23:01.601 INFO  scp.AboutMyHomePage (AdminNotificationPage.java:1605) - Enable AutoResponse TextBox visibility status {}true
18:23:01.634 INFO  driver.Page (    Page.java:277) - Element {} : [[ChromeDriver: chrome on WINDOWS (a0efe4a014ccc071c6b7b7364645600f)] -> css selector: input#btnClear] is visible on the page.
18:23:01.635 INFO  scp.AboutMyHomePage (AdminNotificationPage.java:1613) - Clear Button AutoResponse visibility status {}true
18:23:01.670 INFO  driver.Page (    Page.java:277) - Element {} : [[ChromeDriver: chrome on WINDOWS (a0efe4a014ccc071c6b7b7364645600f)] -> css selector: input#SendResponse] is visible on the page.
18:23:01.670 INFO  scp.AboutMyHomePage (AdminNotificationPage.java:1627) - Save Button AutoResponse visibility status {}true
18:23:01.680 INFO  driver.Page (    Page.java:152) - Wait for the element {} [[ChromeDriver: chrome on WINDOWS (a0efe4a014ccc071c6b7b7364645600f)] -> css selector: .Leftheader-Pannel h2] to be visible on the page for duration of {} 120
18:23:01.680 INFO  driver.Page (    Page.java:235) - Waiting for element to be visible for 120 seconds.
18:23:01.704 INFO  driver.Page (    Page.java:238) - Element is visible on the page.
18:23:01.735 INFO  driver.Page (    Page.java:155) - Text got from the locator {} [[ChromeDriver: chrome on WINDOWS (a0efe4a014ccc071c6b7b7364645600f)] -> css selector: .Leftheader-Pannel h2] is Auto Response Settings
18:23:01.748 INFO  scp.AboutMyHomePage (AdminNotificationPage.java:1577) - AutoResponse Setting label Text is Auto Response Settings
18:23:01.756 INFO  driver.Page (    Page.java:152) - Wait for the element {} [[ChromeDriver: chrome on WINDOWS (a0efe4a014ccc071c6b7b7364645600f)] -> css selector: #lblAutoRespone] to be visible on the page for duration of {} 120
18:23:01.756 INFO  driver.Page (    Page.java:235) - Waiting for element to be visible for 120 seconds.
18:23:01.774 INFO  driver.Page (    Page.java:238) - Element is visible on the page.
18:23:01.797 INFO  driver.Page (    Page.java:155) - Text got from the locator {} [[ChromeDriver: chrome on WINDOWS (a0efe4a014ccc071c6b7b7364645600f)] -> css selector: #lblAutoRespone] is Enable Auto Response
18:23:01.808 INFO  scp.AboutMyHomePage (AdminNotificationPage.java:1589) - Enable AutoResponse Setting label is Enable Auto Response
18:23:01.813 INFO  driver.Page (    Page.java:165) - Wait for the element {} [[ChromeDriver: chrome on WINDOWS (a0efe4a014ccc071c6b7b7364645600f)] -> css selector: input#btnClear] to be visible on the page for duration of {} 120
18:23:01.814 INFO  driver.Page (    Page.java:235) - Waiting for element to be visible for 120 seconds.
18:23:01.829 INFO  driver.Page (    Page.java:238) - Element is visible on the page.
18:23:01.858 INFO  driver.Page (    Page.java:168) - Text got from the locator {} [[ChromeDriver: chrome on WINDOWS (a0efe4a014ccc071c6b7b7364645600f)] -> css selector: input#btnClear] is Clear
18:23:01.882 INFO  scp.AboutMyHomePage (AdminNotificationPage.java:1619) - Clear Button label on AutoResponse Editor is Clear
18:23:01.893 INFO  driver.Page (    Page.java:165) - Wait for the element {} [[ChromeDriver: chrome on WINDOWS (a0efe4a014ccc071c6b7b7364645600f)] -> css selector: input#SendResponse] to be visible on the page for duration of {} 120
18:23:01.893 INFO  driver.Page (    Page.java:235) - Waiting for element to be visible for 120 seconds.
18:23:01.921 INFO  driver.Page (    Page.java:238) - Element is visible on the page.
18:23:02.053 INFO  driver.Page (    Page.java:168) - Text got from the locator {} [[ChromeDriver: chrome on WINDOWS (a0efe4a014ccc071c6b7b7364645600f)] -> css selector: input#SendResponse] is Save
18:23:02.087 INFO  scp.AboutMyHomePage (AdminNotificationPage.java:1633) - Save Button label on AutoResponse Editor is Save
18:23:02.087 INFO  driver.Page (    Page.java:58) - Preparing for element to click.
18:23:02.088 INFO  driver.Page (    Page.java:210) - Waiting for element to be clickable for 120 seconds.
18:23:02.153 INFO  driver.Page (    Page.java:213) - Element is clickable now.
18:23:02.211 INFO  driver.Page (    Page.java:61) - Element is clicked successfully.
18:23:02.212 INFO  csp.AdminHomePage (AdminHomePage.java:82) - Admin User Profile dropdown clicked successfully.
18:23:02.212 INFO  driver.Page (    Page.java:235) - Waiting for element to be visible for 120 seconds.
18:23:02.233 INFO  driver.Page (    Page.java:238) - Element is visible on the page.
18:23:02.233 INFO  csp.AdminHomePage (AdminHomePage.java:36) - SignOut Link is Visible on the page.
18:23:02.233 INFO  driver.Page (    Page.java:58) - Preparing for element to click.
18:23:02.233 INFO  driver.Page (    Page.java:210) - Waiting for element to be clickable for 120 seconds.
18:23:02.272 INFO  driver.Page (    Page.java:213) - Element is clickable now.
18:23:05.554 INFO  driver.Page (    Page.java:61) - Element is clicked successfully.
18:23:05.555 INFO  csp.AdminHomePage (AdminHomePage.java:40) - Admin User SignOut Link clicked successfully.
18:23:05.556 INFO  scp.HomePage (HomePage.java:133) - Wait for page loader invisibility.
18:23:05.556 INFO  driver.Page (    Page.java:249) - Waiting for element to be invisible for 120 seconds.
18:23:10.618 INFO  driver.Page (    Page.java:252) - Element is invisible from the page.
18:23:10.619 INFO  csp.AdminNotificationTests (AdminNotificationTests.java:1145) - Test Case execution for - verifyNotificationAutoResponseEditor - is Completed.
18:23:13.184 INFO  driver.DriverFactory (DriverFactory.java:122) - Clearing all the cookies.
19:24:23.532 INFO  runner.TestRunner (TestRunner.java:32) - Initializing application properties config file.
19:24:23.543 INFO  runner.TestRunner (TestRunner.java:35) - Initializing connection to the base database.
19:24:23.842 WARN  config.DatabaseConfiguration (DatabaseConfiguration.java:84) - QA env being used by default. No env property set. This can be set in the sentinel.yml config file with a '{}=' property or on the command line with the switch '-D{}='.
19:24:25.585 INFO  runner.TestRunner (TestRunner.java:38) - Initializing resource path config file.
19:24:25.599 INFO  runner.TestRunner (TestRunner.java:41) - Initializing usage months config from CSP.
19:24:26.437 INFO  runner.TestRunner (TestRunner.java:44) - Initializing date config from CSP.
19:24:27.193 INFO  runner.TestRunner (TestRunner.java:47) - Initializing language config from CSP.
19:24:27.935 INFO  runner.TestRunner (TestRunner.java:50) - Initializing language config from CSP.
19:24:28.718 INFO  runner.TestRunner (TestRunner.java:53) - Initializing language config from CSP.
19:24:29.460 INFO  runner.TestRunner (TestRunner.java:56) - Initializing user model config.
19:24:29.505 WARN  config.Configuration (Configuration.java:231) - QA env being used by default. No env property set. This can be set in the sew.app.yml config file with a '{}=' property or on the command line with the switch '-D{}='.
19:24:34.506 INFO  runner.TestRunner (TestRunner.java:59) - Initializing auth token config.
19:24:34.506 INFO  runner.TestRunner (TestRunner.java:62) - Initializing Admin User config.
19:24:35.998 INFO  utils.ExcelUtils (ExcelUtils.java:39) - Test Runner excel row at: 1
19:24:36.003 INFO  utils.ExcelUtils (ExcelUtils.java:39) - Test Runner excel row at: 2
19:24:36.004 INFO  utils.ExcelUtils (ExcelUtils.java:39) - Test Runner excel row at: 3
19:24:36.005 INFO  utils.ExcelUtils (ExcelUtils.java:39) - Test Runner excel row at: 4
19:24:36.005 INFO  utils.ExcelUtils (ExcelUtils.java:39) - Test Runner excel row at: 5
19:24:36.005 INFO  utils.ExcelUtils (ExcelUtils.java:39) - Test Runner excel row at: 6
19:24:36.006 INFO  utils.ExcelUtils (ExcelUtils.java:39) - Test Runner excel row at: 7
19:24:36.006 INFO  utils.ExcelUtils (ExcelUtils.java:39) - Test Runner excel row at: 8
19:24:36.006 INFO  utils.ExcelUtils (ExcelUtils.java:39) - Test Runner excel row at: 9
19:24:36.007 INFO  utils.ExcelUtils (ExcelUtils.java:39) - Test Runner excel row at: 10
19:24:36.007 INFO  utils.ExcelUtils (ExcelUtils.java:39) - Test Runner excel row at: 11
19:24:36.007 INFO  utils.ExcelUtils (ExcelUtils.java:39) - Test Runner excel row at: 12
19:24:36.007 INFO  utils.ExcelUtils (ExcelUtils.java:39) - Test Runner excel row at: 13
19:24:36.008 INFO  utils.ExcelUtils (ExcelUtils.java:39) - Test Runner excel row at: 14
19:24:36.008 INFO  utils.ExcelUtils (ExcelUtils.java:39) - Test Runner excel row at: 15
19:24:36.008 INFO  utils.ExcelUtils (ExcelUtils.java:39) - Test Runner excel row at: 16
19:24:36.008 INFO  utils.ExcelUtils (ExcelUtils.java:39) - Test Runner excel row at: 17
19:24:36.009 INFO  utils.ExcelUtils (ExcelUtils.java:39) - Test Runner excel row at: 18
19:24:36.009 INFO  utils.ExcelUtils (ExcelUtils.java:39) - Test Runner excel row at: 19
19:24:36.009 INFO  utils.ExcelUtils (ExcelUtils.java:39) - Test Runner excel row at: 20
19:24:36.009 INFO  utils.ExcelUtils (ExcelUtils.java:39) - Test Runner excel row at: 21
19:24:36.010 INFO  utils.ExcelUtils (ExcelUtils.java:39) - Test Runner excel row at: 22
19:24:36.010 INFO  utils.ExcelUtils (ExcelUtils.java:39) - Test Runner excel row at: 23
19:24:36.010 INFO  utils.ExcelUtils (ExcelUtils.java:39) - Test Runner excel row at: 24
19:24:36.010 INFO  utils.ExcelUtils (ExcelUtils.java:39) - Test Runner excel row at: 25
19:24:36.011 INFO  utils.ExcelUtils (ExcelUtils.java:39) - Test Runner excel row at: 26
19:24:36.011 INFO  utils.ExcelUtils (ExcelUtils.java:39) - Test Runner excel row at: 27
19:24:36.011 INFO  utils.ExcelUtils (ExcelUtils.java:39) - Test Runner excel row at: 28
19:24:36.012 INFO  utils.ExcelUtils (ExcelUtils.java:39) - Test Runner excel row at: 29
19:24:36.012 INFO  utils.ExcelUtils (ExcelUtils.java:39) - Test Runner excel row at: 30
19:24:36.012 INFO  utils.ExcelUtils (ExcelUtils.java:39) - Test Runner excel row at: 31
19:24:36.012 INFO  utils.ExcelUtils (ExcelUtils.java:39) - Test Runner excel row at: 32
19:24:36.013 INFO  utils.ExcelUtils (ExcelUtils.java:39) - Test Runner excel row at: 33
19:24:36.013 INFO  utils.ExcelUtils (ExcelUtils.java:39) - Test Runner excel row at: 34
19:24:36.013 INFO  utils.ExcelUtils (ExcelUtils.java:39) - Test Runner excel row at: 35
19:24:36.013 INFO  utils.ExcelUtils (ExcelUtils.java:39) - Test Runner excel row at: 36
19:24:36.014 INFO  utils.ExcelUtils (ExcelUtils.java:39) - Test Runner excel row at: 37
19:24:36.014 INFO  utils.ExcelUtils (ExcelUtils.java:39) - Test Runner excel row at: 38
19:24:36.014 INFO  utils.ExcelUtils (ExcelUtils.java:39) - Test Runner excel row at: 39
19:24:36.015 INFO  utils.ExcelUtils (ExcelUtils.java:39) - Test Runner excel row at: 40
19:24:36.015 INFO  utils.ExcelUtils (ExcelUtils.java:39) - Test Runner excel row at: 41
19:24:36.015 INFO  utils.ExcelUtils (ExcelUtils.java:39) - Test Runner excel row at: 42
19:24:36.015 INFO  utils.ExcelUtils (ExcelUtils.java:39) - Test Runner excel row at: 43
19:24:36.016 INFO  utils.ExcelUtils (ExcelUtils.java:39) - Test Runner excel row at: 44
19:24:36.016 INFO  utils.ExcelUtils (ExcelUtils.java:39) - Test Runner excel row at: 45
19:24:36.016 INFO  utils.ExcelUtils (ExcelUtils.java:39) - Test Runner excel row at: 46
19:24:36.017 INFO  utils.ExcelUtils (ExcelUtils.java:39) - Test Runner excel row at: 47
19:24:36.017 INFO  utils.ExcelUtils (ExcelUtils.java:39) - Test Runner excel row at: 48
19:24:36.017 INFO  utils.ExcelUtils (ExcelUtils.java:39) - Test Runner excel row at: 49
19:24:36.018 INFO  utils.ExcelUtils (ExcelUtils.java:39) - Test Runner excel row at: 50
19:24:36.018 INFO  utils.ExcelUtils (ExcelUtils.java:39) - Test Runner excel row at: 51
19:24:36.018 INFO  utils.ExcelUtils (ExcelUtils.java:39) - Test Runner excel row at: 52
19:24:36.019 INFO  utils.ExcelUtils (ExcelUtils.java:39) - Test Runner excel row at: 53
19:24:36.019 INFO  utils.ExcelUtils (ExcelUtils.java:39) - Test Runner excel row at: 54
19:24:36.020 INFO  utils.ExcelUtils (ExcelUtils.java:39) - Test Runner excel row at: 55
19:24:36.020 INFO  utils.ExcelUtils (ExcelUtils.java:39) - Test Runner excel row at: 56
19:24:36.020 INFO  utils.ExcelUtils (ExcelUtils.java:39) - Test Runner excel row at: 57
19:24:36.020 INFO  utils.ExcelUtils (ExcelUtils.java:39) - Test Runner excel row at: 58
19:24:36.021 INFO  utils.ExcelUtils (ExcelUtils.java:39) - Test Runner excel row at: 59
19:24:36.021 INFO  utils.ExcelUtils (ExcelUtils.java:39) - Test Runner excel row at: 60
19:24:36.021 INFO  utils.ExcelUtils (ExcelUtils.java:39) - Test Runner excel row at: 61
19:24:42.303 INFO  driver.WebDriverFactory (WebDriverFactory.java:207) - Setting up the browser window to its max.
19:24:42.533 INFO  driver.WebDriverFactory (WebDriverFactory.java:196) - Initializing the implicit wait timeout for {} 5
19:24:42.542 INFO  driver.WebDriverFactory (WebDriverFactory.java:199) - Initializing the page load timeout.
19:24:42.549 INFO  driver.DriverFactory (DriverFactory.java:122) - Clearing all the cookies.
19:24:42.566 INFO  driver.DriverFactory (DriverFactory.java:59) - Open the url {} https://qa.smartcmobile.net/SCM_10.0_S-CSP/ using the selenium get() method.
19:24:55.389 INFO  csp.AdminNotificationTests (AdminNotificationTests.java:1128) - To verify the tests with the below test case id's: C80476, C80477
19:24:55.548 INFO  scp.HomePage (HomePage.java:133) - Wait for page loader invisibility.
19:24:55.549 INFO  driver.Page (    Page.java:249) - Waiting for element to be invisible for 120 seconds.
19:25:00.642 INFO  driver.Page (    Page.java:252) - Element is invisible from the page.
19:25:00.642 INFO  csp.AdminLoginPage (AdminLoginPage.java:334) - Checking that the current page is Admin login page.
19:25:00.642 INFO  driver.Page (    Page.java:39) - Fetching the current URL.
19:25:00.655 INFO  driver.Page (    Page.java:40) - The Current URL is: https://qa.smartcmobile.net/SCM_10.0_S-CSP/
19:25:00.667 INFO  driver.Page (    Page.java:45) - Fetching the current title.
19:25:00.680 INFO  driver.Page (    Page.java:46) - The Current Title is: SCM Admin - Login
19:25:00.692 INFO  csp.AdminLoginPage (AdminLoginPage.java:337) - The current page is Admin login page {}: true
19:25:00.696 INFO  csp.AdminLoginPage (AdminLoginPage.java:30) - Populating username {} :qauser
19:25:00.717 INFO  driver.Page (    Page.java:120) - Wait for element {} [[ChromeDriver: chrome on WINDOWS (c9fc2a81eb9c3b8e980799f63cf48a22)] -> css selector: [id='txtAdminLogin']] to be present in the DOM for duration of {} 120
19:25:00.717 INFO  driver.Page (    Page.java:235) - Waiting for element to be visible for 120 seconds.
19:25:00.760 INFO  driver.Page (    Page.java:238) - Element is visible on the page.
19:25:00.771 INFO  driver.Page (    Page.java:122) - Clearing the element {} [[ChromeDriver: chrome on WINDOWS (c9fc2a81eb9c3b8e980799f63cf48a22)] -> css selector: [id='txtAdminLogin']] before sending the keys.
19:25:00.821 INFO  driver.Page (    Page.java:124) - Sending the following keys {} qauser to the element {} [[ChromeDriver: chrome on WINDOWS (c9fc2a81eb9c3b8e980799f63cf48a22)] -> css selector: [id='txtAdminLogin']]
19:25:00.865 INFO  csp.AdminLoginPage (AdminLoginPage.java:32) - Username populated successfully.
19:25:00.865 INFO  csp.AdminLoginPage (AdminLoginPage.java:54) - Populating password {} :Sew@2021$!
19:25:00.877 INFO  driver.Page (    Page.java:120) - Wait for element {} [[ChromeDriver: chrome on WINDOWS (c9fc2a81eb9c3b8e980799f63cf48a22)] -> css selector: [id='txtpwd']] to be present in the DOM for duration of {} 120
19:25:00.877 INFO  driver.Page (    Page.java:235) - Waiting for element to be visible for 120 seconds.
19:25:00.905 INFO  driver.Page (    Page.java:238) - Element is visible on the page.
19:25:00.915 INFO  driver.Page (    Page.java:122) - Clearing the element {} [[ChromeDriver: chrome on WINDOWS (c9fc2a81eb9c3b8e980799f63cf48a22)] -> css selector: [id='txtpwd']] before sending the keys.
19:25:00.962 INFO  driver.Page (    Page.java:124) - Sending the following keys {} Sew@2021$! to the element {} [[ChromeDriver: chrome on WINDOWS (c9fc2a81eb9c3b8e980799f63cf48a22)] -> css selector: [id='txtpwd']]
19:25:01.018 INFO  csp.AdminLoginPage (AdminLoginPage.java:56) - Password populated successfully.
19:25:01.019 INFO  driver.Page (    Page.java:58) - Preparing for element to click.
19:25:01.019 INFO  driver.Page (    Page.java:210) - Waiting for element to be clickable for 120 seconds.
19:25:01.066 INFO  driver.Page (    Page.java:213) - Element is clickable now.
19:25:41.610 INFO  driver.Page (    Page.java:61) - Element is clicked successfully.
19:25:41.610 INFO  csp.AdminLoginPage (AdminLoginPage.java:67) - SignIn Button clicked successfully.
19:25:41.610 INFO  scp.HomePage (HomePage.java:133) - Wait for page loader invisibility.
19:25:41.611 INFO  driver.Page (    Page.java:249) - Waiting for element to be invisible for 120 seconds.
19:25:41.635 INFO  driver.Page (    Page.java:252) - Element is invisible from the page.
19:25:41.637 INFO  csp.AdminHomePage (AdminHomePage.java:170) - Checking that the current page is Admin Home page.
19:25:41.637 INFO  driver.Page (    Page.java:39) - Fetching the current URL.
19:25:41.641 INFO  driver.Page (    Page.java:40) - The Current URL is: https://qa.smartcmobile.net/SCM_10.0_S-CSP/Home.aspx
19:25:41.646 INFO  driver.Page (    Page.java:45) - Fetching the current title.
19:25:41.652 INFO  driver.Page (    Page.java:46) - The Current Title is: Dashboard
19:25:41.657 INFO  csp.AdminHomePage (AdminHomePage.java:173) - The current page is Admin Home page {}: true
19:25:41.660 INFO  driver.Page (    Page.java:235) - Waiting for element to be visible for 120 seconds.
19:25:41.689 INFO  driver.Page (    Page.java:238) - Element is visible on the page.
19:25:41.689 INFO  csp.AdminHomePage (AdminHomePage.java:50) - Notification Link is Visible on the Admin Home page.
19:25:41.689 INFO  driver.Page (    Page.java:58) - Preparing for element to click.
19:25:41.689 INFO  driver.Page (    Page.java:210) - Waiting for element to be clickable for 120 seconds.
19:25:41.737 INFO  driver.Page (    Page.java:213) - Element is clickable now.
19:25:47.086 INFO  driver.Page (    Page.java:61) - Element is clicked successfully.
19:25:47.086 INFO  csp.AdminHomePage (AdminHomePage.java:54) - Notification Link clicked successfully.
19:25:47.087 INFO  scp.HomePage (HomePage.java:133) - Wait for page loader invisibility.
19:25:47.087 INFO  driver.Page (    Page.java:249) - Waiting for element to be invisible for 120 seconds.
19:25:50.362 INFO  driver.Page (    Page.java:252) - Element is invisible from the page.
19:25:50.362 INFO  scp.HomePage (HomePage.java:179) - Wait for Spinner Loading Image invisibility.
19:25:50.362 INFO  driver.Page (    Page.java:249) - Waiting for element to be invisible for 120 seconds.
19:25:55.426 INFO  driver.Page (    Page.java:252) - Element is invisible from the page.
19:25:55.427 INFO  scp.AboutMyHomePage (AdminNotificationPage.java:1014) - Wait for Next Page visibility on Notification Page.
19:25:55.427 INFO  driver.Page (    Page.java:235) - Waiting for element to be visible for 120 seconds.
19:25:55.459 INFO  driver.Page (    Page.java:238) - Element is visible on the page.
19:25:55.459 INFO  driver.Page (    Page.java:58) - Preparing for element to click.
19:25:55.460 INFO  driver.Page (    Page.java:210) - Waiting for element to be clickable for 120 seconds.
19:25:55.509 INFO  driver.Page (    Page.java:213) - Element is clickable now.
19:26:01.580 INFO  driver.Page (    Page.java:61) - Element is clicked successfully.
19:26:01.580 INFO  scp.AboutMyHomePage (AdminNotificationPage.java:518) - AutoResponse Link clicked {}.
19:26:01.581 INFO  scp.HomePage (HomePage.java:179) - Wait for Spinner Loading Image invisibility.
19:26:01.581 INFO  driver.Page (    Page.java:249) - Waiting for element to be invisible for 120 seconds.
19:26:06.645 INFO  driver.Page (    Page.java:252) - Element is invisible from the page.
19:26:06.646 INFO  scp.AboutMyHomePage (AdminNotificationPage.java:1669) - Wait for Save Button Visibility on Auto-Response Editor Page.
19:26:06.646 INFO  driver.Page (    Page.java:235) - Waiting for element to be visible for 120 seconds.
19:26:06.693 INFO  driver.Page (    Page.java:238) - Element is visible on the page.
19:26:06.732 INFO  driver.Page (    Page.java:277) - Element {} : [[ChromeDriver: chrome on WINDOWS (c9fc2a81eb9c3b8e980799f63cf48a22)] -> css selector: .Leftheader-Pannel h2] is visible on the page.
19:26:06.732 INFO  scp.AboutMyHomePage (AdminNotificationPage.java:1571) - AutoResponse Setting Heading visibility status {}true
19:26:06.760 INFO  driver.Page (    Page.java:277) - Element {} : [[ChromeDriver: chrome on WINDOWS (c9fc2a81eb9c3b8e980799f63cf48a22)] -> css selector: #lblAutoRespone] is visible on the page.
19:26:06.760 INFO  scp.AboutMyHomePage (AdminNotificationPage.java:1584) - Enable AutoResponse Label visibility status {}true
19:26:06.786 INFO  driver.Page (    Page.java:277) - Element {} : [[ChromeDriver: chrome on WINDOWS (c9fc2a81eb9c3b8e980799f63cf48a22)] -> css selector: input#ContentPlaceHolder1_rightpanel_AutoResp] is visible on the page.
19:26:06.788 INFO  scp.AboutMyHomePage (AdminNotificationPage.java:1597) - Enable AutoResponse Checkbox visibility status {}true
19:26:06.817 INFO  driver.Page (    Page.java:277) - Element {} : [[ChromeDriver: chrome on WINDOWS (c9fc2a81eb9c3b8e980799f63cf48a22)] -> css selector: .note-editable] is visible on the page.
19:26:06.817 INFO  scp.AboutMyHomePage (AdminNotificationPage.java:1615) - Enable AutoResponse TextBox visibility status {}true
19:26:06.850 INFO  driver.Page (    Page.java:277) - Element {} : [[ChromeDriver: chrome on WINDOWS (c9fc2a81eb9c3b8e980799f63cf48a22)] -> css selector: input#btnClear] is visible on the page.
19:26:06.851 INFO  scp.AboutMyHomePage (AdminNotificationPage.java:1639) - Clear Button AutoResponse visibility status {}true
19:26:06.883 INFO  driver.Page (    Page.java:277) - Element {} : [[ChromeDriver: chrome on WINDOWS (c9fc2a81eb9c3b8e980799f63cf48a22)] -> css selector: input#SendResponse] is visible on the page.
19:26:06.884 INFO  scp.AboutMyHomePage (AdminNotificationPage.java:1653) - Save Button AutoResponse visibility status {}true
19:26:06.908 INFO  driver.Page (    Page.java:152) - Wait for the element {} [[ChromeDriver: chrome on WINDOWS (c9fc2a81eb9c3b8e980799f63cf48a22)] -> css selector: .Leftheader-Pannel h2] to be visible on the page for duration of {} 120
19:26:06.908 INFO  driver.Page (    Page.java:235) - Waiting for element to be visible for 120 seconds.
19:26:06.928 INFO  driver.Page (    Page.java:238) - Element is visible on the page.
19:26:06.959 INFO  driver.Page (    Page.java:155) - Text got from the locator {} [[ChromeDriver: chrome on WINDOWS (c9fc2a81eb9c3b8e980799f63cf48a22)] -> css selector: .Leftheader-Pannel h2] is Auto Response Settings
19:26:06.970 INFO  scp.AboutMyHomePage (AdminNotificationPage.java:1577) - AutoResponse Setting label Text is Auto Response Settings
19:26:06.977 INFO  driver.Page (    Page.java:152) - Wait for the element {} [[ChromeDriver: chrome on WINDOWS (c9fc2a81eb9c3b8e980799f63cf48a22)] -> css selector: #lblAutoRespone] to be visible on the page for duration of {} 120
19:26:06.977 INFO  driver.Page (    Page.java:235) - Waiting for element to be visible for 120 seconds.
19:26:06.992 INFO  driver.Page (    Page.java:238) - Element is visible on the page.
19:26:07.016 INFO  driver.Page (    Page.java:155) - Text got from the locator {} [[ChromeDriver: chrome on WINDOWS (c9fc2a81eb9c3b8e980799f63cf48a22)] -> css selector: #lblAutoRespone] is Enable Auto Response
19:26:07.033 INFO  scp.AboutMyHomePage (AdminNotificationPage.java:1589) - Enable AutoResponse Setting label is Enable Auto Response
19:26:07.043 INFO  driver.Page (    Page.java:165) - Wait for the element {} [[ChromeDriver: chrome on WINDOWS (c9fc2a81eb9c3b8e980799f63cf48a22)] -> css selector: input#btnClear] to be visible on the page for duration of {} 120
19:26:07.043 INFO  driver.Page (    Page.java:235) - Waiting for element to be visible for 120 seconds.
19:26:07.062 INFO  driver.Page (    Page.java:238) - Element is visible on the page.
19:26:07.093 INFO  driver.Page (    Page.java:168) - Text got from the locator {} [[ChromeDriver: chrome on WINDOWS (c9fc2a81eb9c3b8e980799f63cf48a22)] -> css selector: input#btnClear] is Clear
19:26:07.117 INFO  scp.AboutMyHomePage (AdminNotificationPage.java:1645) - Clear Button label on AutoResponse Editor is Clear
19:26:07.127 INFO  driver.Page (    Page.java:165) - Wait for the element {} [[ChromeDriver: chrome on WINDOWS (c9fc2a81eb9c3b8e980799f63cf48a22)] -> css selector: input#SendResponse] to be visible on the page for duration of {} 120
19:26:07.127 INFO  driver.Page (    Page.java:235) - Waiting for element to be visible for 120 seconds.
19:26:07.149 INFO  driver.Page (    Page.java:238) - Element is visible on the page.
19:26:07.176 INFO  driver.Page (    Page.java:168) - Text got from the locator {} [[ChromeDriver: chrome on WINDOWS (c9fc2a81eb9c3b8e980799f63cf48a22)] -> css selector: input#SendResponse] is Save
19:26:07.193 INFO  scp.AboutMyHomePage (AdminNotificationPage.java:1659) - Save Button label on AutoResponse Editor is Save
19:26:07.224 INFO  driver.Page (    Page.java:165) - Wait for the element {} [[ChromeDriver: chrome on WINDOWS (c9fc2a81eb9c3b8e980799f63cf48a22)] -> css selector: input#ContentPlaceHolder1_rightpanel_AutoResp] to be visible on the page for duration of {} 120
19:26:07.224 INFO  driver.Page (    Page.java:235) - Waiting for element to be visible for 120 seconds.
19:26:07.244 INFO  driver.Page (    Page.java:238) - Element is visible on the page.
19:26:07.277 INFO  driver.Page (    Page.java:168) - Text got from the locator {} [[ChromeDriver: chrome on WINDOWS (c9fc2a81eb9c3b8e980799f63cf48a22)] -> css selector: input#ContentPlaceHolder1_rightpanel_AutoResp] is true
19:26:07.294 INFO  scp.AboutMyHomePage (AdminNotificationPage.java:1607) - Enable CheckBox Status is true
19:26:07.295 INFO  driver.Page (    Page.java:506) - Preparing for element to click.
19:26:21.491 INFO  driver.DriverFactory (DriverFactory.java:122) - Clearing all the cookies.
19:31:19.950 INFO  runner.TestRunner (TestRunner.java:32) - Initializing application properties config file.
19:31:19.960 INFO  runner.TestRunner (TestRunner.java:35) - Initializing connection to the base database.
19:31:20.197 WARN  config.DatabaseConfiguration (DatabaseConfiguration.java:84) - QA env being used by default. No env property set. This can be set in the sentinel.yml config file with a '{}=' property or on the command line with the switch '-D{}='.
19:31:21.740 INFO  runner.TestRunner (TestRunner.java:38) - Initializing resource path config file.
19:31:21.746 INFO  runner.TestRunner (TestRunner.java:41) - Initializing usage months config from CSP.
19:31:22.569 INFO  runner.TestRunner (TestRunner.java:44) - Initializing date config from CSP.
19:31:23.327 INFO  runner.TestRunner (TestRunner.java:47) - Initializing language config from CSP.
19:31:24.065 INFO  runner.TestRunner (TestRunner.java:50) - Initializing language config from CSP.
19:31:24.822 INFO  runner.TestRunner (TestRunner.java:53) - Initializing language config from CSP.
19:31:25.562 INFO  runner.TestRunner (TestRunner.java:56) - Initializing user model config.
19:31:25.626 WARN  config.Configuration (Configuration.java:231) - QA env being used by default. No env property set. This can be set in the sew.app.yml config file with a '{}=' property or on the command line with the switch '-D{}='.
19:31:30.391 INFO  runner.TestRunner (TestRunner.java:59) - Initializing auth token config.
19:31:30.392 INFO  runner.TestRunner (TestRunner.java:62) - Initializing Admin User config.
19:31:31.689 INFO  utils.ExcelUtils (ExcelUtils.java:39) - Test Runner excel row at: 1
19:31:31.694 INFO  utils.ExcelUtils (ExcelUtils.java:39) - Test Runner excel row at: 2
19:31:31.695 INFO  utils.ExcelUtils (ExcelUtils.java:39) - Test Runner excel row at: 3
19:31:31.696 INFO  utils.ExcelUtils (ExcelUtils.java:39) - Test Runner excel row at: 4
19:31:31.696 INFO  utils.ExcelUtils (ExcelUtils.java:39) - Test Runner excel row at: 5
19:31:31.697 INFO  utils.ExcelUtils (ExcelUtils.java:39) - Test Runner excel row at: 6
19:31:31.697 INFO  utils.ExcelUtils (ExcelUtils.java:39) - Test Runner excel row at: 7
19:31:31.697 INFO  utils.ExcelUtils (ExcelUtils.java:39) - Test Runner excel row at: 8
19:31:31.698 INFO  utils.ExcelUtils (ExcelUtils.java:39) - Test Runner excel row at: 9
19:31:31.698 INFO  utils.ExcelUtils (ExcelUtils.java:39) - Test Runner excel row at: 10
19:31:31.698 INFO  utils.ExcelUtils (ExcelUtils.java:39) - Test Runner excel row at: 11
19:31:31.698 INFO  utils.ExcelUtils (ExcelUtils.java:39) - Test Runner excel row at: 12
19:31:31.699 INFO  utils.ExcelUtils (ExcelUtils.java:39) - Test Runner excel row at: 13
19:31:31.699 INFO  utils.ExcelUtils (ExcelUtils.java:39) - Test Runner excel row at: 14
19:31:31.700 INFO  utils.ExcelUtils (ExcelUtils.java:39) - Test Runner excel row at: 15
19:31:31.700 INFO  utils.ExcelUtils (ExcelUtils.java:39) - Test Runner excel row at: 16
19:31:31.701 INFO  utils.ExcelUtils (ExcelUtils.java:39) - Test Runner excel row at: 17
19:31:31.701 INFO  utils.ExcelUtils (ExcelUtils.java:39) - Test Runner excel row at: 18
19:31:31.701 INFO  utils.ExcelUtils (ExcelUtils.java:39) - Test Runner excel row at: 19
19:31:31.701 INFO  utils.ExcelUtils (ExcelUtils.java:39) - Test Runner excel row at: 20
19:31:31.701 INFO  utils.ExcelUtils (ExcelUtils.java:39) - Test Runner excel row at: 21
19:31:31.702 INFO  utils.ExcelUtils (ExcelUtils.java:39) - Test Runner excel row at: 22
19:31:31.702 INFO  utils.ExcelUtils (ExcelUtils.java:39) - Test Runner excel row at: 23
19:31:31.702 INFO  utils.ExcelUtils (ExcelUtils.java:39) - Test Runner excel row at: 24
19:31:31.703 INFO  utils.ExcelUtils (ExcelUtils.java:39) - Test Runner excel row at: 25
19:31:31.703 INFO  utils.ExcelUtils (ExcelUtils.java:39) - Test Runner excel row at: 26
19:31:31.703 INFO  utils.ExcelUtils (ExcelUtils.java:39) - Test Runner excel row at: 27
19:31:31.703 INFO  utils.ExcelUtils (ExcelUtils.java:39) - Test Runner excel row at: 28
19:31:31.704 INFO  utils.ExcelUtils (ExcelUtils.java:39) - Test Runner excel row at: 29
19:31:31.704 INFO  utils.ExcelUtils (ExcelUtils.java:39) - Test Runner excel row at: 30
19:31:31.704 INFO  utils.ExcelUtils (ExcelUtils.java:39) - Test Runner excel row at: 31
19:31:31.704 INFO  utils.ExcelUtils (ExcelUtils.java:39) - Test Runner excel row at: 32
19:31:31.705 INFO  utils.ExcelUtils (ExcelUtils.java:39) - Test Runner excel row at: 33
19:31:31.705 INFO  utils.ExcelUtils (ExcelUtils.java:39) - Test Runner excel row at: 34
19:31:31.705 INFO  utils.ExcelUtils (ExcelUtils.java:39) - Test Runner excel row at: 35
19:31:31.706 INFO  utils.ExcelUtils (ExcelUtils.java:39) - Test Runner excel row at: 36
19:31:31.706 INFO  utils.ExcelUtils (ExcelUtils.java:39) - Test Runner excel row at: 37
19:31:31.706 INFO  utils.ExcelUtils (ExcelUtils.java:39) - Test Runner excel row at: 38
19:31:31.706 INFO  utils.ExcelUtils (ExcelUtils.java:39) - Test Runner excel row at: 39
19:31:31.706 INFO  utils.ExcelUtils (ExcelUtils.java:39) - Test Runner excel row at: 40
19:31:31.707 INFO  utils.ExcelUtils (ExcelUtils.java:39) - Test Runner excel row at: 41
19:31:31.708 INFO  utils.ExcelUtils (ExcelUtils.java:39) - Test Runner excel row at: 42
19:31:31.708 INFO  utils.ExcelUtils (ExcelUtils.java:39) - Test Runner excel row at: 43
19:31:31.708 INFO  utils.ExcelUtils (ExcelUtils.java:39) - Test Runner excel row at: 44
19:31:31.709 INFO  utils.ExcelUtils (ExcelUtils.java:39) - Test Runner excel row at: 45
19:31:31.709 INFO  utils.ExcelUtils (ExcelUtils.java:39) - Test Runner excel row at: 46
19:31:31.710 INFO  utils.ExcelUtils (ExcelUtils.java:39) - Test Runner excel row at: 47
19:31:31.710 INFO  utils.ExcelUtils (ExcelUtils.java:39) - Test Runner excel row at: 48
19:31:31.711 INFO  utils.ExcelUtils (ExcelUtils.java:39) - Test Runner excel row at: 49
19:31:31.711 INFO  utils.ExcelUtils (ExcelUtils.java:39) - Test Runner excel row at: 50
19:31:31.712 INFO  utils.ExcelUtils (ExcelUtils.java:39) - Test Runner excel row at: 51
19:31:31.712 INFO  utils.ExcelUtils (ExcelUtils.java:39) - Test Runner excel row at: 52
19:31:31.712 INFO  utils.ExcelUtils (ExcelUtils.java:39) - Test Runner excel row at: 53
19:31:31.712 INFO  utils.ExcelUtils (ExcelUtils.java:39) - Test Runner excel row at: 54
19:31:31.713 INFO  utils.ExcelUtils (ExcelUtils.java:39) - Test Runner excel row at: 55
19:31:31.713 INFO  utils.ExcelUtils (ExcelUtils.java:39) - Test Runner excel row at: 56
19:31:31.713 INFO  utils.ExcelUtils (ExcelUtils.java:39) - Test Runner excel row at: 57
19:31:31.714 INFO  utils.ExcelUtils (ExcelUtils.java:39) - Test Runner excel row at: 58
19:31:31.714 INFO  utils.ExcelUtils (ExcelUtils.java:39) - Test Runner excel row at: 59
19:31:31.714 INFO  utils.ExcelUtils (ExcelUtils.java:39) - Test Runner excel row at: 60
19:31:31.714 INFO  utils.ExcelUtils (ExcelUtils.java:39) - Test Runner excel row at: 61
19:31:35.345 INFO  driver.WebDriverFactory (WebDriverFactory.java:207) - Setting up the browser window to its max.
19:31:35.481 INFO  driver.WebDriverFactory (WebDriverFactory.java:196) - Initializing the implicit wait timeout for {} 5
19:31:35.495 INFO  driver.WebDriverFactory (WebDriverFactory.java:199) - Initializing the page load timeout.
19:31:35.503 INFO  driver.DriverFactory (DriverFactory.java:122) - Clearing all the cookies.
19:31:35.519 INFO  driver.DriverFactory (DriverFactory.java:59) - Open the url {} https://qa.smartcmobile.net/SCM_10.0_S-CSP/ using the selenium get() method.
19:31:49.389 INFO  csp.AdminNotificationTests (AdminNotificationTests.java:1128) - To verify the tests with the below test case id's: C80476, C80477
19:31:49.573 INFO  scp.HomePage (HomePage.java:133) - Wait for page loader invisibility.
19:31:49.574 INFO  driver.Page (    Page.java:249) - Waiting for element to be invisible for 120 seconds.
19:31:54.615 INFO  driver.Page (    Page.java:252) - Element is invisible from the page.
19:31:54.615 INFO  csp.AdminLoginPage (AdminLoginPage.java:334) - Checking that the current page is Admin login page.
19:31:54.616 INFO  driver.Page (    Page.java:39) - Fetching the current URL.
19:31:54.622 INFO  driver.Page (    Page.java:40) - The Current URL is: https://qa.smartcmobile.net/SCM_10.0_S-CSP/
19:31:54.627 INFO  driver.Page (    Page.java:45) - Fetching the current title.
19:31:54.633 INFO  driver.Page (    Page.java:46) - The Current Title is: SCM Admin - Login
19:31:54.638 INFO  csp.AdminLoginPage (AdminLoginPage.java:337) - The current page is Admin login page {}: true
19:31:54.640 INFO  csp.AdminLoginPage (AdminLoginPage.java:30) - Populating username {} :qauser
19:31:54.651 INFO  driver.Page (    Page.java:120) - Wait for element {} [[ChromeDriver: chrome on WINDOWS (d455d14e3340c7e83d421fa5ca68ab1d)] -> css selector: [id='txtAdminLogin']] to be present in the DOM for duration of {} 120
19:31:54.651 INFO  driver.Page (    Page.java:235) - Waiting for element to be visible for 120 seconds.
19:31:54.679 INFO  driver.Page (    Page.java:238) - Element is visible on the page.
19:31:54.688 INFO  driver.Page (    Page.java:122) - Clearing the element {} [[ChromeDriver: chrome on WINDOWS (d455d14e3340c7e83d421fa5ca68ab1d)] -> css selector: [id='txtAdminLogin']] before sending the keys.
19:31:54.733 INFO  driver.Page (    Page.java:124) - Sending the following keys {} qauser to the element {} [[ChromeDriver: chrome on WINDOWS (d455d14e3340c7e83d421fa5ca68ab1d)] -> css selector: [id='txtAdminLogin']]
19:31:54.778 INFO  csp.AdminLoginPage (AdminLoginPage.java:32) - Username populated successfully.
19:31:54.778 INFO  csp.AdminLoginPage (AdminLoginPage.java:54) - Populating password {} :Sew@2021$!
19:31:54.791 INFO  driver.Page (    Page.java:120) - Wait for element {} [[ChromeDriver: chrome on WINDOWS (d455d14e3340c7e83d421fa5ca68ab1d)] -> css selector: [id='txtpwd']] to be present in the DOM for duration of {} 120
19:31:54.791 INFO  driver.Page (    Page.java:235) - Waiting for element to be visible for 120 seconds.
19:31:54.815 INFO  driver.Page (    Page.java:238) - Element is visible on the page.
19:31:54.824 INFO  driver.Page (    Page.java:122) - Clearing the element {} [[ChromeDriver: chrome on WINDOWS (d455d14e3340c7e83d421fa5ca68ab1d)] -> css selector: [id='txtpwd']] before sending the keys.
19:31:54.891 INFO  driver.Page (    Page.java:124) - Sending the following keys {} Sew@2021$! to the element {} [[ChromeDriver: chrome on WINDOWS (d455d14e3340c7e83d421fa5ca68ab1d)] -> css selector: [id='txtpwd']]
19:31:54.951 INFO  csp.AdminLoginPage (AdminLoginPage.java:56) - Password populated successfully.
19:31:54.951 INFO  driver.Page (    Page.java:58) - Preparing for element to click.
19:31:54.952 INFO  driver.Page (    Page.java:210) - Waiting for element to be clickable for 120 seconds.
19:31:54.986 INFO  driver.Page (    Page.java:213) - Element is clickable now.
19:32:15.109 INFO  driver.Page (    Page.java:61) - Element is clicked successfully.
19:32:15.110 INFO  csp.AdminLoginPage (AdminLoginPage.java:67) - SignIn Button clicked successfully.
19:32:15.111 INFO  scp.HomePage (HomePage.java:133) - Wait for page loader invisibility.
19:32:15.111 INFO  driver.Page (    Page.java:249) - Waiting for element to be invisible for 120 seconds.
19:32:15.138 INFO  driver.Page (    Page.java:252) - Element is invisible from the page.
19:32:15.139 INFO  csp.AdminHomePage (AdminHomePage.java:170) - Checking that the current page is Admin Home page.
19:32:15.140 INFO  driver.Page (    Page.java:39) - Fetching the current URL.
19:32:15.145 INFO  driver.Page (    Page.java:40) - The Current URL is: https://qa.smartcmobile.net/SCM_10.0_S-CSP/Home.aspx
19:32:15.150 INFO  driver.Page (    Page.java:45) - Fetching the current title.
19:32:15.155 INFO  driver.Page (    Page.java:46) - The Current Title is: Dashboard
19:32:15.162 INFO  csp.AdminHomePage (AdminHomePage.java:173) - The current page is Admin Home page {}: true
19:32:15.165 INFO  driver.Page (    Page.java:235) - Waiting for element to be visible for 120 seconds.
19:32:15.200 INFO  driver.Page (    Page.java:238) - Element is visible on the page.
19:32:15.200 INFO  csp.AdminHomePage (AdminHomePage.java:50) - Notification Link is Visible on the Admin Home page.
19:32:15.200 INFO  driver.Page (    Page.java:58) - Preparing for element to click.
19:32:15.200 INFO  driver.Page (    Page.java:210) - Waiting for element to be clickable for 120 seconds.
19:32:15.244 INFO  driver.Page (    Page.java:213) - Element is clickable now.
19:32:43.952 INFO  driver.Page (    Page.java:61) - Element is clicked successfully.
19:32:43.952 INFO  csp.AdminHomePage (AdminHomePage.java:54) - Notification Link clicked successfully.
19:32:43.952 INFO  scp.HomePage (HomePage.java:133) - Wait for page loader invisibility.
19:32:43.952 INFO  driver.Page (    Page.java:249) - Waiting for element to be invisible for 120 seconds.
19:32:47.296 INFO  driver.Page (    Page.java:252) - Element is invisible from the page.
19:32:47.296 INFO  scp.HomePage (HomePage.java:179) - Wait for Spinner Loading Image invisibility.
19:32:47.296 INFO  driver.Page (    Page.java:249) - Waiting for element to be invisible for 120 seconds.
19:32:52.332 INFO  driver.Page (    Page.java:252) - Element is invisible from the page.
19:32:52.333 INFO  scp.AboutMyHomePage (AdminNotificationPage.java:1014) - Wait for Next Page visibility on Notification Page.
19:32:52.334 INFO  driver.Page (    Page.java:235) - Waiting for element to be visible for 120 seconds.
19:32:52.381 INFO  driver.Page (    Page.java:238) - Element is visible on the page.
19:32:52.382 INFO  driver.Page (    Page.java:58) - Preparing for element to click.
19:32:52.382 INFO  driver.Page (    Page.java:210) - Waiting for element to be clickable for 120 seconds.
19:32:52.422 INFO  driver.Page (    Page.java:213) - Element is clickable now.
19:32:57.707 INFO  driver.Page (    Page.java:61) - Element is clicked successfully.
19:32:57.707 INFO  scp.AboutMyHomePage (AdminNotificationPage.java:518) - AutoResponse Link clicked {}.
19:32:57.708 INFO  scp.HomePage (HomePage.java:179) - Wait for Spinner Loading Image invisibility.
19:32:57.708 INFO  driver.Page (    Page.java:249) - Waiting for element to be invisible for 120 seconds.
19:33:03.309 INFO  driver.Page (    Page.java:252) - Element is invisible from the page.
19:33:03.309 INFO  scp.AboutMyHomePage (AdminNotificationPage.java:1669) - Wait for Save Button Visibility on Auto-Response Editor Page.
19:33:03.310 INFO  driver.Page (    Page.java:235) - Waiting for element to be visible for 120 seconds.
19:33:03.361 INFO  driver.Page (    Page.java:238) - Element is visible on the page.
19:33:03.403 INFO  driver.Page (    Page.java:277) - Element {} : [[ChromeDriver: chrome on WINDOWS (d455d14e3340c7e83d421fa5ca68ab1d)] -> css selector: .Leftheader-Pannel h2] is visible on the page.
19:33:03.403 INFO  scp.AboutMyHomePage (AdminNotificationPage.java:1571) - AutoResponse Setting Heading visibility status {}true
19:33:03.434 INFO  driver.Page (    Page.java:277) - Element {} : [[ChromeDriver: chrome on WINDOWS (d455d14e3340c7e83d421fa5ca68ab1d)] -> css selector: #lblAutoRespone] is visible on the page.
19:33:03.435 INFO  scp.AboutMyHomePage (AdminNotificationPage.java:1584) - Enable AutoResponse Label visibility status {}true
19:33:03.465 INFO  driver.Page (    Page.java:277) - Element {} : [[ChromeDriver: chrome on WINDOWS (d455d14e3340c7e83d421fa5ca68ab1d)] -> css selector: input#ContentPlaceHolder1_rightpanel_AutoResp] is visible on the page.
19:33:03.466 INFO  scp.AboutMyHomePage (AdminNotificationPage.java:1597) - Enable AutoResponse Checkbox visibility status {}true
19:33:03.497 INFO  driver.Page (    Page.java:277) - Element {} : [[ChromeDriver: chrome on WINDOWS (d455d14e3340c7e83d421fa5ca68ab1d)] -> css selector: .note-editable] is visible on the page.
19:33:03.497 INFO  scp.AboutMyHomePage (AdminNotificationPage.java:1615) - Enable AutoResponse TextBox visibility status {}true
19:33:03.533 INFO  driver.Page (    Page.java:277) - Element {} : [[ChromeDriver: chrome on WINDOWS (d455d14e3340c7e83d421fa5ca68ab1d)] -> css selector: input#btnClear] is visible on the page.
19:33:03.533 INFO  scp.AboutMyHomePage (AdminNotificationPage.java:1639) - Clear Button AutoResponse visibility status {}true
19:33:03.563 INFO  driver.Page (    Page.java:277) - Element {} : [[ChromeDriver: chrome on WINDOWS (d455d14e3340c7e83d421fa5ca68ab1d)] -> css selector: input#SendResponse] is visible on the page.
19:33:03.564 INFO  scp.AboutMyHomePage (AdminNotificationPage.java:1653) - Save Button AutoResponse visibility status {}true
19:33:03.574 INFO  driver.Page (    Page.java:152) - Wait for the element {} [[ChromeDriver: chrome on WINDOWS (d455d14e3340c7e83d421fa5ca68ab1d)] -> css selector: .Leftheader-Pannel h2] to be visible on the page for duration of {} 120
19:33:03.575 INFO  driver.Page (    Page.java:235) - Waiting for element to be visible for 120 seconds.
19:33:03.598 INFO  driver.Page (    Page.java:238) - Element is visible on the page.
19:33:03.625 INFO  driver.Page (    Page.java:155) - Text got from the locator {} [[ChromeDriver: chrome on WINDOWS (d455d14e3340c7e83d421fa5ca68ab1d)] -> css selector: .Leftheader-Pannel h2] is Auto Response Settings
19:33:03.639 INFO  scp.AboutMyHomePage (AdminNotificationPage.java:1577) - AutoResponse Setting label Text is Auto Response Settings
19:33:03.648 INFO  driver.Page (    Page.java:152) - Wait for the element {} [[ChromeDriver: chrome on WINDOWS (d455d14e3340c7e83d421fa5ca68ab1d)] -> css selector: #lblAutoRespone] to be visible on the page for duration of {} 120
19:33:03.649 INFO  driver.Page (    Page.java:235) - Waiting for element to be visible for 120 seconds.
19:33:03.668 INFO  driver.Page (    Page.java:238) - Element is visible on the page.
19:33:03.693 INFO  driver.Page (    Page.java:155) - Text got from the locator {} [[ChromeDriver: chrome on WINDOWS (d455d14e3340c7e83d421fa5ca68ab1d)] -> css selector: #lblAutoRespone] is Enable Auto Response
19:33:03.706 INFO  scp.AboutMyHomePage (AdminNotificationPage.java:1589) - Enable AutoResponse Setting label is Enable Auto Response
19:33:03.714 INFO  driver.Page (    Page.java:165) - Wait for the element {} [[ChromeDriver: chrome on WINDOWS (d455d14e3340c7e83d421fa5ca68ab1d)] -> css selector: input#btnClear] to be visible on the page for duration of {} 120
19:33:03.714 INFO  driver.Page (    Page.java:235) - Waiting for element to be visible for 120 seconds.
19:33:03.734 INFO  driver.Page (    Page.java:238) - Element is visible on the page.
19:33:03.770 INFO  driver.Page (    Page.java:168) - Text got from the locator {} [[ChromeDriver: chrome on WINDOWS (d455d14e3340c7e83d421fa5ca68ab1d)] -> css selector: input#btnClear] is Clear
19:33:03.794 INFO  scp.AboutMyHomePage (AdminNotificationPage.java:1645) - Clear Button label on AutoResponse Editor is Clear
19:33:03.801 INFO  driver.Page (    Page.java:165) - Wait for the element {} [[ChromeDriver: chrome on WINDOWS (d455d14e3340c7e83d421fa5ca68ab1d)] -> css selector: input#SendResponse] to be visible on the page for duration of {} 120
19:33:03.802 INFO  driver.Page (    Page.java:235) - Waiting for element to be visible for 120 seconds.
19:33:03.819 INFO  driver.Page (    Page.java:238) - Element is visible on the page.
19:33:03.847 INFO  driver.Page (    Page.java:168) - Text got from the locator {} [[ChromeDriver: chrome on WINDOWS (d455d14e3340c7e83d421fa5ca68ab1d)] -> css selector: input#SendResponse] is Save
19:33:03.864 INFO  scp.AboutMyHomePage (AdminNotificationPage.java:1659) - Save Button label on AutoResponse Editor is Save
19:33:03.870 INFO  driver.Page (    Page.java:165) - Wait for the element {} [[ChromeDriver: chrome on WINDOWS (d455d14e3340c7e83d421fa5ca68ab1d)] -> css selector: input#ContentPlaceHolder1_rightpanel_AutoResp] to be visible on the page for duration of {} 120
19:33:03.871 INFO  driver.Page (    Page.java:235) - Waiting for element to be visible for 120 seconds.
19:33:03.888 INFO  driver.Page (    Page.java:238) - Element is visible on the page.
19:33:03.913 INFO  driver.Page (    Page.java:168) - Text got from the locator {} [[ChromeDriver: chrome on WINDOWS (d455d14e3340c7e83d421fa5ca68ab1d)] -> css selector: input#ContentPlaceHolder1_rightpanel_AutoResp] is true
19:33:03.934 INFO  scp.AboutMyHomePage (AdminNotificationPage.java:1607) - Enable CheckBox Status is true
19:33:03.944 INFO  driver.Page (    Page.java:137) - Wait for element {} [[ChromeDriver: chrome on WINDOWS (d455d14e3340c7e83d421fa5ca68ab1d)] -> css selector: .note-editable] to be present in the DOM for duration of {} 120
19:33:03.944 INFO  driver.Page (    Page.java:235) - Waiting for element to be visible for 120 seconds.
19:33:03.974 INFO  driver.Page (    Page.java:238) - Element is visible on the page.
19:33:03.985 INFO  driver.Page (    Page.java:139) - Clearing the element {} [[ChromeDriver: chrome on WINDOWS (d455d14e3340c7e83d421fa5ca68ab1d)] -> css selector: .note-editable]
19:33:04.036 INFO  scp.AboutMyHomePage (AdminNotificationPage.java:1620) - AutoResponse Textbox field is cleared.
19:33:04.037 INFO  scp.AboutMyHomePage (AdminNotificationPage.java:1623) - Populating AutoResponse TextBox {} :SampleAutoResponseText1794
19:33:04.046 INFO  driver.Page (    Page.java:120) - Wait for element {} [[ChromeDriver: chrome on WINDOWS (d455d14e3340c7e83d421fa5ca68ab1d)] -> css selector: .note-editable] to be present in the DOM for duration of {} 120
19:33:04.046 INFO  driver.Page (    Page.java:235) - Waiting for element to be visible for 120 seconds.
19:33:04.067 INFO  driver.Page (    Page.java:238) - Element is visible on the page.
19:33:04.075 INFO  driver.Page (    Page.java:122) - Clearing the element {} [[ChromeDriver: chrome on WINDOWS (d455d14e3340c7e83d421fa5ca68ab1d)] -> css selector: .note-editable] before sending the keys.
19:33:04.105 INFO  driver.Page (    Page.java:124) - Sending the following keys {} SampleAutoResponseText1794 to the element {} [[ChromeDriver: chrome on WINDOWS (d455d14e3340c7e83d421fa5ca68ab1d)] -> css selector: .note-editable]
19:33:04.294 INFO  scp.AboutMyHomePage (AdminNotificationPage.java:1625) - AutoResponse TextBox populated successfully with Value SampleAutoResponseText1794
19:33:04.294 INFO  driver.Page (    Page.java:58) - Preparing for element to click.
19:33:04.294 INFO  driver.Page (    Page.java:210) - Waiting for element to be clickable for 120 seconds.
19:33:04.332 INFO  driver.Page (    Page.java:213) - Element is clickable now.
19:33:04.374 INFO  driver.Page (    Page.java:61) - Element is clicked successfully.
19:33:04.375 INFO  scp.AboutMyHomePage (AdminNotificationPage.java:1665) - Auto Response Save Button Clicked Successfully {}.
19:33:04.928 INFO  driver.Page (    Page.java:160) - Text got from the locator {} [[ChromeDriver: chrome on WINDOWS (d455d14e3340c7e83d421fa5ca68ab1d)] -> css selector: #toast-container .toast-message] is Your settings have been saved successfully
19:33:04.946 INFO  scp.HomePage (HomePage.java:163) - Label on toast message {}: Your settings have been saved successfully
19:33:04.946 INFO  scp.HomePage (HomePage.java:147) - Wait for toast message invisibility.
19:33:04.947 INFO  driver.Page (    Page.java:249) - Waiting for element to be invisible for 120 seconds.
19:33:12.742 INFO  driver.Page (    Page.java:252) - Element is invisible from the page.
19:33:12.763 INFO  driver.Page (    Page.java:165) - Wait for the element {} [[ChromeDriver: chrome on WINDOWS (d455d14e3340c7e83d421fa5ca68ab1d)] -> css selector: input#ContentPlaceHolder1_rightpanel_AutoResp] to be visible on the page for duration of {} 120
19:33:12.763 INFO  driver.Page (    Page.java:235) - Waiting for element to be visible for 120 seconds.
19:33:12.807 INFO  driver.Page (    Page.java:238) - Element is visible on the page.
19:33:12.839 INFO  driver.Page (    Page.java:168) - Text got from the locator {} [[ChromeDriver: chrome on WINDOWS (d455d14e3340c7e83d421fa5ca68ab1d)] -> css selector: input#ContentPlaceHolder1_rightpanel_AutoResp] is true
19:33:12.858 INFO  scp.AboutMyHomePage (AdminNotificationPage.java:1607) - Enable CheckBox Status is true
19:33:12.859 INFO  driver.Page (    Page.java:506) - Preparing for element to click.
19:33:12.878 INFO  driver.Page (    Page.java:509) - Element is clicked successfully.
19:33:12.878 INFO  scp.AboutMyHomePage (AdminNotificationPage.java:1602) - Enable AutoResponse Checkbox clicked successfully.
19:33:12.887 INFO  driver.Page (    Page.java:137) - Wait for element {} [[ChromeDriver: chrome on WINDOWS (d455d14e3340c7e83d421fa5ca68ab1d)] -> css selector: .note-editable] to be present in the DOM for duration of {} 120
19:33:12.887 INFO  driver.Page (    Page.java:235) - Waiting for element to be visible for 120 seconds.
19:33:12.908 INFO  driver.Page (    Page.java:238) - Element is visible on the page.
19:33:12.915 INFO  driver.Page (    Page.java:139) - Clearing the element {} [[ChromeDriver: chrome on WINDOWS (d455d14e3340c7e83d421fa5ca68ab1d)] -> css selector: .note-editable]
19:33:12.936 INFO  scp.AboutMyHomePage (AdminNotificationPage.java:1620) - AutoResponse Textbox field is cleared.
19:33:12.937 INFO  scp.AboutMyHomePage (AdminNotificationPage.java:1623) - Populating AutoResponse TextBox {} :SampleAutoResponseText1794
19:33:12.944 INFO  driver.Page (    Page.java:120) - Wait for element {} [[ChromeDriver: chrome on WINDOWS (d455d14e3340c7e83d421fa5ca68ab1d)] -> css selector: .note-editable] to be present in the DOM for duration of {} 120
19:33:12.944 INFO  driver.Page (    Page.java:235) - Waiting for element to be visible for 120 seconds.
19:33:12.965 INFO  driver.Page (    Page.java:238) - Element is visible on the page.
19:33:12.975 INFO  driver.Page (    Page.java:122) - Clearing the element {} [[ChromeDriver: chrome on WINDOWS (d455d14e3340c7e83d421fa5ca68ab1d)] -> css selector: .note-editable] before sending the keys.
19:33:13.012 INFO  driver.Page (    Page.java:124) - Sending the following keys {} SampleAutoResponseText1794 to the element {} [[ChromeDriver: chrome on WINDOWS (d455d14e3340c7e83d421fa5ca68ab1d)] -> css selector: .note-editable]
19:33:13.142 INFO  scp.AboutMyHomePage (AdminNotificationPage.java:1625) - AutoResponse TextBox populated successfully with Value SampleAutoResponseText1794
19:33:13.142 INFO  driver.Page (    Page.java:58) - Preparing for element to click.
19:33:13.142 INFO  driver.Page (    Page.java:210) - Waiting for element to be clickable for 120 seconds.
19:33:13.175 INFO  driver.Page (    Page.java:213) - Element is clickable now.
19:33:13.218 INFO  driver.Page (    Page.java:61) - Element is clicked successfully.
19:33:13.219 INFO  scp.AboutMyHomePage (AdminNotificationPage.java:1665) - Auto Response Save Button Clicked Successfully {}.
19:33:13.768 INFO  driver.Page (    Page.java:160) - Text got from the locator {} [[ChromeDriver: chrome on WINDOWS (d455d14e3340c7e83d421fa5ca68ab1d)] -> css selector: #toast-container .toast-message] is Your settings have been saved successfully
19:33:13.783 INFO  scp.HomePage (HomePage.java:163) - Label on toast message {}: Your settings have been saved successfully
19:33:13.784 INFO  scp.HomePage (HomePage.java:147) - Wait for toast message invisibility.
19:33:13.784 INFO  driver.Page (    Page.java:249) - Waiting for element to be invisible for 120 seconds.
19:33:21.520 INFO  driver.Page (    Page.java:252) - Element is invisible from the page.
19:33:21.534 INFO  driver.Page (    Page.java:165) - Wait for the element {} [[ChromeDriver: chrome on WINDOWS (d455d14e3340c7e83d421fa5ca68ab1d)] -> css selector: input#ContentPlaceHolder1_rightpanel_AutoResp] to be visible on the page for duration of {} 120
19:33:21.534 INFO  driver.Page (    Page.java:235) - Waiting for element to be visible for 120 seconds.
19:33:21.562 INFO  driver.Page (    Page.java:238) - Element is visible on the page.
19:33:25.061 INFO  driver.DriverFactory (DriverFactory.java:122) - Clearing all the cookies.
19:39:10.642 INFO  runner.TestRunner (TestRunner.java:32) - Initializing application properties config file.
19:39:10.650 INFO  runner.TestRunner (TestRunner.java:35) - Initializing connection to the base database.
19:39:11.052 WARN  config.DatabaseConfiguration (DatabaseConfiguration.java:84) - QA env being used by default. No env property set. This can be set in the sentinel.yml config file with a '{}=' property or on the command line with the switch '-D{}='.
19:39:12.872 INFO  runner.TestRunner (TestRunner.java:38) - Initializing resource path config file.
19:39:12.874 INFO  runner.TestRunner (TestRunner.java:41) - Initializing usage months config from CSP.
19:39:13.779 INFO  runner.TestRunner (TestRunner.java:44) - Initializing date config from CSP.
19:39:14.534 INFO  runner.TestRunner (TestRunner.java:47) - Initializing language config from CSP.
19:39:15.282 INFO  runner.TestRunner (TestRunner.java:50) - Initializing language config from CSP.
19:39:16.039 INFO  runner.TestRunner (TestRunner.java:53) - Initializing language config from CSP.
19:39:16.788 INFO  runner.TestRunner (TestRunner.java:56) - Initializing user model config.
19:39:16.803 WARN  config.Configuration (Configuration.java:231) - QA env being used by default. No env property set. This can be set in the sew.app.yml config file with a '{}=' property or on the command line with the switch '-D{}='.
19:39:22.540 INFO  runner.TestRunner (TestRunner.java:59) - Initializing auth token config.
19:39:22.540 INFO  runner.TestRunner (TestRunner.java:62) - Initializing Admin User config.
19:39:24.292 INFO  utils.ExcelUtils (ExcelUtils.java:39) - Test Runner excel row at: 1
19:39:24.303 INFO  utils.ExcelUtils (ExcelUtils.java:39) - Test Runner excel row at: 2
19:39:24.304 INFO  utils.ExcelUtils (ExcelUtils.java:39) - Test Runner excel row at: 3
19:39:24.305 INFO  utils.ExcelUtils (ExcelUtils.java:39) - Test Runner excel row at: 4
19:39:24.306 INFO  utils.ExcelUtils (ExcelUtils.java:39) - Test Runner excel row at: 5
19:39:24.307 INFO  utils.ExcelUtils (ExcelUtils.java:39) - Test Runner excel row at: 6
19:39:24.308 INFO  utils.ExcelUtils (ExcelUtils.java:39) - Test Runner excel row at: 7
19:39:24.309 INFO  utils.ExcelUtils (ExcelUtils.java:39) - Test Runner excel row at: 8
19:39:24.309 INFO  utils.ExcelUtils (ExcelUtils.java:39) - Test Runner excel row at: 9
19:39:24.310 INFO  utils.ExcelUtils (ExcelUtils.java:39) - Test Runner excel row at: 10
19:39:24.311 INFO  utils.ExcelUtils (ExcelUtils.java:39) - Test Runner excel row at: 11
19:39:24.312 INFO  utils.ExcelUtils (ExcelUtils.java:39) - Test Runner excel row at: 12
19:39:24.313 INFO  utils.ExcelUtils (ExcelUtils.java:39) - Test Runner excel row at: 13
19:39:24.313 INFO  utils.ExcelUtils (ExcelUtils.java:39) - Test Runner excel row at: 14
19:39:24.314 INFO  utils.ExcelUtils (ExcelUtils.java:39) - Test Runner excel row at: 15
19:39:24.315 INFO  utils.ExcelUtils (ExcelUtils.java:39) - Test Runner excel row at: 16
19:39:24.316 INFO  utils.ExcelUtils (ExcelUtils.java:39) - Test Runner excel row at: 17
19:39:24.316 INFO  utils.ExcelUtils (ExcelUtils.java:39) - Test Runner excel row at: 18
19:39:24.317 INFO  utils.ExcelUtils (ExcelUtils.java:39) - Test Runner excel row at: 19
19:39:24.317 INFO  utils.ExcelUtils (ExcelUtils.java:39) - Test Runner excel row at: 20
19:39:24.318 INFO  utils.ExcelUtils (ExcelUtils.java:39) - Test Runner excel row at: 21
19:39:24.318 INFO  utils.ExcelUtils (ExcelUtils.java:39) - Test Runner excel row at: 22
19:39:24.319 INFO  utils.ExcelUtils (ExcelUtils.java:39) - Test Runner excel row at: 23
19:39:24.319 INFO  utils.ExcelUtils (ExcelUtils.java:39) - Test Runner excel row at: 24
19:39:24.320 INFO  utils.ExcelUtils (ExcelUtils.java:39) - Test Runner excel row at: 25
19:39:24.320 INFO  utils.ExcelUtils (ExcelUtils.java:39) - Test Runner excel row at: 26
19:39:24.321 INFO  utils.ExcelUtils (ExcelUtils.java:39) - Test Runner excel row at: 27
19:39:24.321 INFO  utils.ExcelUtils (ExcelUtils.java:39) - Test Runner excel row at: 28
19:39:24.322 INFO  utils.ExcelUtils (ExcelUtils.java:39) - Test Runner excel row at: 29
19:39:24.323 INFO  utils.ExcelUtils (ExcelUtils.java:39) - Test Runner excel row at: 30
19:39:24.323 INFO  utils.ExcelUtils (ExcelUtils.java:39) - Test Runner excel row at: 31
19:39:24.324 INFO  utils.ExcelUtils (ExcelUtils.java:39) - Test Runner excel row at: 32
19:39:24.324 INFO  utils.ExcelUtils (ExcelUtils.java:39) - Test Runner excel row at: 33
19:39:24.325 INFO  utils.ExcelUtils (ExcelUtils.java:39) - Test Runner excel row at: 34
19:39:24.325 INFO  utils.ExcelUtils (ExcelUtils.java:39) - Test Runner excel row at: 35
19:39:24.326 INFO  utils.ExcelUtils (ExcelUtils.java:39) - Test Runner excel row at: 36
19:39:24.327 INFO  utils.ExcelUtils (ExcelUtils.java:39) - Test Runner excel row at: 37
19:39:24.327 INFO  utils.ExcelUtils (ExcelUtils.java:39) - Test Runner excel row at: 38
19:39:24.328 INFO  utils.ExcelUtils (ExcelUtils.java:39) - Test Runner excel row at: 39
19:39:24.329 INFO  utils.ExcelUtils (ExcelUtils.java:39) - Test Runner excel row at: 40
19:39:24.329 INFO  utils.ExcelUtils (ExcelUtils.java:39) - Test Runner excel row at: 41
19:39:24.330 INFO  utils.ExcelUtils (ExcelUtils.java:39) - Test Runner excel row at: 42
19:39:24.330 INFO  utils.ExcelUtils (ExcelUtils.java:39) - Test Runner excel row at: 43
19:39:24.331 INFO  utils.ExcelUtils (ExcelUtils.java:39) - Test Runner excel row at: 44
19:39:24.331 INFO  utils.ExcelUtils (ExcelUtils.java:39) - Test Runner excel row at: 45
19:39:24.332 INFO  utils.ExcelUtils (ExcelUtils.java:39) - Test Runner excel row at: 46
19:39:24.332 INFO  utils.ExcelUtils (ExcelUtils.java:39) - Test Runner excel row at: 47
19:39:24.333 INFO  utils.ExcelUtils (ExcelUtils.java:39) - Test Runner excel row at: 48
19:39:24.334 INFO  utils.ExcelUtils (ExcelUtils.java:39) - Test Runner excel row at: 49
19:39:24.334 INFO  utils.ExcelUtils (ExcelUtils.java:39) - Test Runner excel row at: 50
19:39:24.335 INFO  utils.ExcelUtils (ExcelUtils.java:39) - Test Runner excel row at: 51
19:39:24.335 INFO  utils.ExcelUtils (ExcelUtils.java:39) - Test Runner excel row at: 52
19:39:24.336 INFO  utils.ExcelUtils (ExcelUtils.java:39) - Test Runner excel row at: 53
19:39:24.336 INFO  utils.ExcelUtils (ExcelUtils.java:39) - Test Runner excel row at: 54
19:39:24.337 INFO  utils.ExcelUtils (ExcelUtils.java:39) - Test Runner excel row at: 55
19:39:24.337 INFO  utils.ExcelUtils (ExcelUtils.java:39) - Test Runner excel row at: 56
19:39:24.338 INFO  utils.ExcelUtils (ExcelUtils.java:39) - Test Runner excel row at: 57
19:39:24.338 INFO  utils.ExcelUtils (ExcelUtils.java:39) - Test Runner excel row at: 58
19:39:24.339 INFO  utils.ExcelUtils (ExcelUtils.java:39) - Test Runner excel row at: 59
19:39:24.339 INFO  utils.ExcelUtils (ExcelUtils.java:39) - Test Runner excel row at: 60
19:39:24.340 INFO  utils.ExcelUtils (ExcelUtils.java:39) - Test Runner excel row at: 61
19:39:27.715 INFO  driver.WebDriverFactory (WebDriverFactory.java:207) - Setting up the browser window to its max.
19:39:27.963 INFO  driver.WebDriverFactory (WebDriverFactory.java:196) - Initializing the implicit wait timeout for {} 5
19:39:27.969 INFO  driver.WebDriverFactory (WebDriverFactory.java:199) - Initializing the page load timeout.
19:39:27.973 INFO  driver.DriverFactory (DriverFactory.java:122) - Clearing all the cookies.
19:39:27.979 INFO  driver.DriverFactory (DriverFactory.java:59) - Open the url {} https://qa.smartcmobile.net/SCM_10.0_S-CSP/ using the selenium get() method.
19:39:40.383 INFO  csp.AdminNotificationTests (AdminNotificationTests.java:1128) - To verify the tests with the below test case id's: C80476, C80477
19:39:40.510 INFO  scp.HomePage (HomePage.java:133) - Wait for page loader invisibility.
19:39:40.510 INFO  driver.Page (    Page.java:249) - Waiting for element to be invisible for 120 seconds.
19:39:45.560 INFO  driver.Page (    Page.java:252) - Element is invisible from the page.
19:39:45.560 INFO  csp.AdminLoginPage (AdminLoginPage.java:334) - Checking that the current page is Admin login page.
19:39:45.561 INFO  driver.Page (    Page.java:39) - Fetching the current URL.
19:39:45.572 INFO  driver.Page (    Page.java:40) - The Current URL is: https://qa.smartcmobile.net/SCM_10.0_S-CSP/
19:39:45.590 INFO  driver.Page (    Page.java:45) - Fetching the current title.
19:39:45.603 INFO  driver.Page (    Page.java:46) - The Current Title is: SCM Admin - Login
19:39:45.612 INFO  csp.AdminLoginPage (AdminLoginPage.java:337) - The current page is Admin login page {}: true
19:39:45.616 INFO  csp.AdminLoginPage (AdminLoginPage.java:30) - Populating username {} :qauser
19:39:45.636 INFO  driver.Page (    Page.java:120) - Wait for element {} [[ChromeDriver: chrome on WINDOWS (4bba9850ae90925c9473d79756bc7d2a)] -> css selector: [id='txtAdminLogin']] to be present in the DOM for duration of {} 120
19:39:45.636 INFO  driver.Page (    Page.java:235) - Waiting for element to be visible for 120 seconds.
19:39:45.680 INFO  driver.Page (    Page.java:238) - Element is visible on the page.
19:39:45.688 INFO  driver.Page (    Page.java:122) - Clearing the element {} [[ChromeDriver: chrome on WINDOWS (4bba9850ae90925c9473d79756bc7d2a)] -> css selector: [id='txtAdminLogin']] before sending the keys.
19:39:45.736 INFO  driver.Page (    Page.java:124) - Sending the following keys {} qauser to the element {} [[ChromeDriver: chrome on WINDOWS (4bba9850ae90925c9473d79756bc7d2a)] -> css selector: [id='txtAdminLogin']]
19:39:45.781 INFO  csp.AdminLoginPage (AdminLoginPage.java:32) - Username populated successfully.
19:39:45.782 INFO  csp.AdminLoginPage (AdminLoginPage.java:54) - Populating password {} :Sew@2021$!
19:39:45.799 INFO  driver.Page (    Page.java:120) - Wait for element {} [[ChromeDriver: chrome on WINDOWS (4bba9850ae90925c9473d79756bc7d2a)] -> css selector: [id='txtpwd']] to be present in the DOM for duration of {} 120
19:39:45.800 INFO  driver.Page (    Page.java:235) - Waiting for element to be visible for 120 seconds.
19:39:45.881 INFO  driver.Page (    Page.java:238) - Element is visible on the page.
19:39:45.892 INFO  driver.Page (    Page.java:122) - Clearing the element {} [[ChromeDriver: chrome on WINDOWS (4bba9850ae90925c9473d79756bc7d2a)] -> css selector: [id='txtpwd']] before sending the keys.
19:39:45.942 INFO  driver.Page (    Page.java:124) - Sending the following keys {} Sew@2021$! to the element {} [[ChromeDriver: chrome on WINDOWS (4bba9850ae90925c9473d79756bc7d2a)] -> css selector: [id='txtpwd']]
19:39:45.996 INFO  csp.AdminLoginPage (AdminLoginPage.java:56) - Password populated successfully.
19:39:45.997 INFO  driver.Page (    Page.java:58) - Preparing for element to click.
19:39:45.997 INFO  driver.Page (    Page.java:210) - Waiting for element to be clickable for 120 seconds.
19:39:46.059 INFO  driver.Page (    Page.java:213) - Element is clickable now.
19:40:01.608 INFO  driver.Page (    Page.java:61) - Element is clicked successfully.
19:40:01.608 INFO  csp.AdminLoginPage (AdminLoginPage.java:67) - SignIn Button clicked successfully.
19:40:01.609 INFO  scp.HomePage (HomePage.java:133) - Wait for page loader invisibility.
19:40:01.609 INFO  driver.Page (    Page.java:249) - Waiting for element to be invisible for 120 seconds.
19:40:01.637 INFO  driver.Page (    Page.java:252) - Element is invisible from the page.
19:40:01.639 INFO  csp.AdminHomePage (AdminHomePage.java:170) - Checking that the current page is Admin Home page.
19:40:01.639 INFO  driver.Page (    Page.java:39) - Fetching the current URL.
19:40:01.646 INFO  driver.Page (    Page.java:40) - The Current URL is: https://qa.smartcmobile.net/SCM_10.0_S-CSP/Home.aspx
19:40:01.651 INFO  driver.Page (    Page.java:45) - Fetching the current title.
19:40:01.655 INFO  driver.Page (    Page.java:46) - The Current Title is: Dashboard
19:40:01.660 INFO  csp.AdminHomePage (AdminHomePage.java:173) - The current page is Admin Home page {}: true
19:40:01.663 INFO  driver.Page (    Page.java:235) - Waiting for element to be visible for 120 seconds.
19:40:01.689 INFO  driver.Page (    Page.java:238) - Element is visible on the page.
19:40:01.690 INFO  csp.AdminHomePage (AdminHomePage.java:50) - Notification Link is Visible on the Admin Home page.
19:40:01.690 INFO  driver.Page (    Page.java:58) - Preparing for element to click.
19:40:01.690 INFO  driver.Page (    Page.java:210) - Waiting for element to be clickable for 120 seconds.
19:40:01.728 INFO  driver.Page (    Page.java:213) - Element is clickable now.
19:40:33.522 INFO  driver.Page (    Page.java:61) - Element is clicked successfully.
19:40:33.522 INFO  csp.AdminHomePage (AdminHomePage.java:54) - Notification Link clicked successfully.
19:40:33.522 INFO  scp.HomePage (HomePage.java:133) - Wait for page loader invisibility.
19:40:33.522 INFO  driver.Page (    Page.java:249) - Waiting for element to be invisible for 120 seconds.
19:40:36.908 INFO  driver.Page (    Page.java:252) - Element is invisible from the page.
19:40:36.908 INFO  scp.HomePage (HomePage.java:179) - Wait for Spinner Loading Image invisibility.
19:40:36.909 INFO  driver.Page (    Page.java:249) - Waiting for element to be invisible for 120 seconds.
19:40:41.939 INFO  driver.Page (    Page.java:252) - Element is invisible from the page.
19:40:41.940 INFO  scp.AboutMyHomePage (AdminNotificationPage.java:1014) - Wait for Next Page visibility on Notification Page.
19:40:41.940 INFO  driver.Page (    Page.java:235) - Waiting for element to be visible for 120 seconds.
19:40:41.985 INFO  driver.Page (    Page.java:238) - Element is visible on the page.
19:40:41.986 INFO  driver.Page (    Page.java:58) - Preparing for element to click.
19:40:41.986 INFO  driver.Page (    Page.java:210) - Waiting for element to be clickable for 120 seconds.
19:40:42.038 INFO  driver.Page (    Page.java:213) - Element is clickable now.
19:40:47.238 INFO  driver.Page (    Page.java:61) - Element is clicked successfully.
19:40:47.238 INFO  scp.AboutMyHomePage (AdminNotificationPage.java:518) - AutoResponse Link clicked {}.
19:40:47.238 INFO  scp.HomePage (HomePage.java:179) - Wait for Spinner Loading Image invisibility.
19:40:47.239 INFO  driver.Page (    Page.java:249) - Waiting for element to be invisible for 120 seconds.
19:40:52.872 INFO  driver.Page (    Page.java:252) - Element is invisible from the page.
19:40:52.872 INFO  scp.AboutMyHomePage (AdminNotificationPage.java:1669) - Wait for Save Button Visibility on Auto-Response Editor Page.
19:40:52.873 INFO  driver.Page (    Page.java:235) - Waiting for element to be visible for 120 seconds.
19:40:52.916 INFO  driver.Page (    Page.java:238) - Element is visible on the page.
19:40:52.959 INFO  driver.Page (    Page.java:277) - Element {} : [[ChromeDriver: chrome on WINDOWS (4bba9850ae90925c9473d79756bc7d2a)] -> css selector: .Leftheader-Pannel h2] is visible on the page.
19:40:52.959 INFO  scp.AboutMyHomePage (AdminNotificationPage.java:1571) - AutoResponse Setting Heading visibility status {}true
19:40:52.995 INFO  driver.Page (    Page.java:277) - Element {} : [[ChromeDriver: chrome on WINDOWS (4bba9850ae90925c9473d79756bc7d2a)] -> css selector: #lblAutoRespone] is visible on the page.
19:40:52.995 INFO  scp.AboutMyHomePage (AdminNotificationPage.java:1584) - Enable AutoResponse Label visibility status {}true
19:40:53.026 INFO  driver.Page (    Page.java:277) - Element {} : [[ChromeDriver: chrome on WINDOWS (4bba9850ae90925c9473d79756bc7d2a)] -> css selector: input#ContentPlaceHolder1_rightpanel_AutoResp] is visible on the page.
19:40:53.027 INFO  scp.AboutMyHomePage (AdminNotificationPage.java:1597) - Enable AutoResponse Checkbox visibility status {}true
19:40:53.057 INFO  driver.Page (    Page.java:277) - Element {} : [[ChromeDriver: chrome on WINDOWS (4bba9850ae90925c9473d79756bc7d2a)] -> css selector: .note-editable] is visible on the page.
19:40:53.057 INFO  scp.AboutMyHomePage (AdminNotificationPage.java:1615) - Enable AutoResponse TextBox visibility status {}true
19:40:53.092 INFO  driver.Page (    Page.java:277) - Element {} : [[ChromeDriver: chrome on WINDOWS (4bba9850ae90925c9473d79756bc7d2a)] -> css selector: input#btnClear] is visible on the page.
19:40:53.093 INFO  scp.AboutMyHomePage (AdminNotificationPage.java:1639) - Clear Button AutoResponse visibility status {}true
19:40:53.126 INFO  driver.Page (    Page.java:277) - Element {} : [[ChromeDriver: chrome on WINDOWS (4bba9850ae90925c9473d79756bc7d2a)] -> css selector: input#SendResponse] is visible on the page.
19:40:53.127 INFO  scp.AboutMyHomePage (AdminNotificationPage.java:1653) - Save Button AutoResponse visibility status {}true
19:40:53.137 INFO  driver.Page (    Page.java:152) - Wait for the element {} [[ChromeDriver: chrome on WINDOWS (4bba9850ae90925c9473d79756bc7d2a)] -> css selector: .Leftheader-Pannel h2] to be visible on the page for duration of {} 120
19:40:53.137 INFO  driver.Page (    Page.java:235) - Waiting for element to be visible for 120 seconds.
19:40:53.162 INFO  driver.Page (    Page.java:238) - Element is visible on the page.
19:40:53.197 INFO  driver.Page (    Page.java:155) - Text got from the locator {} [[ChromeDriver: chrome on WINDOWS (4bba9850ae90925c9473d79756bc7d2a)] -> css selector: .Leftheader-Pannel h2] is Auto Response Settings
19:40:53.215 INFO  scp.AboutMyHomePage (AdminNotificationPage.java:1577) - AutoResponse Setting label Text is Auto Response Settings
19:40:53.224 INFO  driver.Page (    Page.java:152) - Wait for the element {} [[ChromeDriver: chrome on WINDOWS (4bba9850ae90925c9473d79756bc7d2a)] -> css selector: #lblAutoRespone] to be visible on the page for duration of {} 120
19:40:53.224 INFO  driver.Page (    Page.java:235) - Waiting for element to be visible for 120 seconds.
19:40:53.243 INFO  driver.Page (    Page.java:238) - Element is visible on the page.
19:40:53.275 INFO  driver.Page (    Page.java:155) - Text got from the locator {} [[ChromeDriver: chrome on WINDOWS (4bba9850ae90925c9473d79756bc7d2a)] -> css selector: #lblAutoRespone] is Enable Auto Response
19:40:53.290 INFO  scp.AboutMyHomePage (AdminNotificationPage.java:1589) - Enable AutoResponse Setting label is Enable Auto Response
19:40:53.298 INFO  driver.Page (    Page.java:165) - Wait for the element {} [[ChromeDriver: chrome on WINDOWS (4bba9850ae90925c9473d79756bc7d2a)] -> css selector: input#btnClear] to be visible on the page for duration of {} 120
19:40:53.299 INFO  driver.Page (    Page.java:235) - Waiting for element to be visible for 120 seconds.
19:40:53.320 INFO  driver.Page (    Page.java:238) - Element is visible on the page.
19:40:53.354 INFO  driver.Page (    Page.java:168) - Text got from the locator {} [[ChromeDriver: chrome on WINDOWS (4bba9850ae90925c9473d79756bc7d2a)] -> css selector: input#btnClear] is Clear
19:40:53.387 INFO  scp.AboutMyHomePage (AdminNotificationPage.java:1645) - Clear Button label on AutoResponse Editor is Clear
19:40:53.397 INFO  driver.Page (    Page.java:165) - Wait for the element {} [[ChromeDriver: chrome on WINDOWS (4bba9850ae90925c9473d79756bc7d2a)] -> css selector: input#SendResponse] to be visible on the page for duration of {} 120
19:40:53.397 INFO  driver.Page (    Page.java:235) - Waiting for element to be visible for 120 seconds.
19:40:53.422 INFO  driver.Page (    Page.java:238) - Element is visible on the page.
19:40:53.452 INFO  driver.Page (    Page.java:168) - Text got from the locator {} [[ChromeDriver: chrome on WINDOWS (4bba9850ae90925c9473d79756bc7d2a)] -> css selector: input#SendResponse] is Save
19:40:53.471 INFO  scp.AboutMyHomePage (AdminNotificationPage.java:1659) - Save Button label on AutoResponse Editor is Save
19:40:53.472 INFO  scp.AboutMyHomePage (AdminNotificationPage.java:1669) - Wait for Save Button Visibility on Auto-Response Editor Page.
19:40:53.472 INFO  driver.Page (    Page.java:235) - Waiting for element to be visible for 120 seconds.
19:40:53.490 INFO  driver.Page (    Page.java:238) - Element is visible on the page.
19:40:53.498 INFO  driver.Page (    Page.java:165) - Wait for the element {} [[ChromeDriver: chrome on WINDOWS (4bba9850ae90925c9473d79756bc7d2a)] -> css selector: input#ContentPlaceHolder1_rightpanel_AutoResp] to be visible on the page for duration of {} 120
19:40:53.498 INFO  driver.Page (    Page.java:235) - Waiting for element to be visible for 120 seconds.
19:40:53.517 INFO  driver.Page (    Page.java:238) - Element is visible on the page.
19:40:58.356 INFO  driver.DriverFactory (DriverFactory.java:122) - Clearing all the cookies.
