23:25:17.927 INFO  scp.RegistrationUGIPage (RegistrationUGIPage.java:296) - Populating UtilityAccountNumber {} :411001341840
23:25:17.948 INFO  driver.Page (    Page.java:129) - Wait for element {} [[ChromeDriver: chrome on WINDOWS (9b60ba46e6b5bc9e5a815e54f7aa6ed6)] -> id: txt_4] to be present in the DOM for duration of {} 120
23:25:17.949 INFO  driver.Page (    Page.java:257) - Waiting for element to be visible for 120 seconds.
23:25:17.972 INFO  driver.Page (    Page.java:260) - Element is visible on the page.
23:25:17.980 INFO  driver.Page (    Page.java:131) - Clearing the element {} [[ChromeDriver: chrome on WINDOWS (9b60ba46e6b5bc9e5a815e54f7aa6ed6)] -> id: txt_4] before sending the keys.
23:25:18.027 INFO  driver.Page (    Page.java:133) - Sending the following keys {} 411001341840 to the element {} [[ChromeDriver: chrome on WINDOWS (9b60ba46e6b5bc9e5a815e54f7aa6ed6)] -> id: txt_4]
23:25:18.087 INFO  scp.RegistrationUGIPage (RegistrationUGIPage.java:298) - UtilityAccountNumber populated successfully.
23:25:18.088 INFO  scp.RegistrationUGIPage (RegistrationUGIPage.java:395) - Populating SSN Number {} :411001341840@yopmail.com
23:25:18.100 INFO  driver.Page (    Page.java:129) - Wait for element {} [[ChromeDriver: chrome on WINDOWS (9b60ba46e6b5bc9e5a815e54f7aa6ed6)] -> css selector: input[mappingname = 'EmailID']] to be present in the DOM for duration of {} 120
23:25:18.100 INFO  driver.Page (    Page.java:257) - Waiting for element to be visible for 120 seconds.
23:25:18.120 INFO  driver.Page (    Page.java:260) - Element is visible on the page.
23:25:18.128 INFO  driver.Page (    Page.java:131) - Clearing the element {} [[ChromeDriver: chrome on WINDOWS (9b60ba46e6b5bc9e5a815e54f7aa6ed6)] -> css selector: input[mappingname = 'EmailID']] before sending the keys.
23:25:18.163 INFO  driver.Page (    Page.java:133) - Sending the following keys {} 411001341840@yopmail.com to the element {} [[ChromeDriver: chrome on WINDOWS (9b60ba46e6b5bc9e5a815e54f7aa6ed6)] -> css selector: input[mappingname = 'EmailID']]
23:25:18.237 INFO  scp.RegistrationUGIPage (RegistrationUGIPage.java:397) - Email Id populated successfully.
23:25:18.238 INFO  scp.RegistrationUGIPage (RegistrationUGIPage.java:187) - Populating Postal Code {} :18634
23:25:18.251 INFO  driver.Page (    Page.java:129) - Wait for element {} [[ChromeDriver: chrome on WINDOWS (9b60ba46e6b5bc9e5a815e54f7aa6ed6)] -> css selector: input[mappingname='PostalCode']] to be present in the DOM for duration of {} 120
23:25:18.251 INFO  driver.Page (    Page.java:257) - Waiting for element to be visible for 120 seconds.
23:25:18.271 INFO  driver.Page (    Page.java:260) - Element is visible on the page.
23:25:18.280 INFO  driver.Page (    Page.java:131) - Clearing the element {} [[ChromeDriver: chrome on WINDOWS (9b60ba46e6b5bc9e5a815e54f7aa6ed6)] -> css selector: input[mappingname='PostalCode']] before sending the keys.
23:25:18.320 INFO  driver.Page (    Page.java:133) - Sending the following keys {} 18634 to the element {} [[ChromeDriver: chrome on WINDOWS (9b60ba46e6b5bc9e5a815e54f7aa6ed6)] -> css selector: input[mappingname='PostalCode']]
23:25:18.380 INFO  scp.RegistrationUGIPage (RegistrationUGIPage.java:189) - Postal Code populated successfully.
23:25:18.411 INFO  driver.Page (    Page.java:569) - Preparing for element to click.
23:25:18.436 INFO  driver.Page (    Page.java:576) - Element is clicked successfully.
23:25:18.436 INFO  scp.RegistrationUGIPage (RegistrationUGIPage.java:641) - Next Button clicked successfully.
23:25:18.436 INFO  scp.HomePage (HomePage.java:194) - Wait for Spinner Loading Image invisibility.
23:25:18.436 INFO  driver.Page (    Page.java:271) - Waiting for element to be invisible for 120 seconds.
23:25:26.080 INFO  driver.Page (    Page.java:274) - Element is invisible from the page.
23:25:26.080 INFO  scp.RegistrationUGIPage (RegistrationUGIPage.java:414) - Checking the visibility of Mobile Number on the page.
23:25:26.125 INFO  driver.Page (    Page.java:305) - Element {} : [[ChromeDriver: chrome on WINDOWS (9b60ba46e6b5bc9e5a815e54f7aa6ed6)] -> css selector: input[mappingname='MobileNumber']] is visible on the page.
23:25:26.125 INFO  scp.RegistrationUGIPage (RegistrationUGIPage.java:415) - Mobile Number visibility status : true
23:25:26.155 INFO  driver.Page (    Page.java:305) - Element {} : [[ChromeDriver: chrome on WINDOWS (9b60ba46e6b5bc9e5a815e54f7aa6ed6)] -> css selector: input[mappingname='MobileNumber']] is visible on the page.
23:25:26.157 INFO  scp.RegistrationUGIPage (RegistrationUGIPage.java:425) - Populating MOBILE Number {} :(123) 456-7890
23:25:26.164 INFO  driver.Page (    Page.java:129) - Wait for element {} [[ChromeDriver: chrome on WINDOWS (9b60ba46e6b5bc9e5a815e54f7aa6ed6)] -> css selector: input[mappingname='MobileNumber']] to be present in the DOM for duration of {} 120
23:25:26.164 INFO  driver.Page (    Page.java:257) - Waiting for element to be visible for 120 seconds.
23:25:26.180 INFO  driver.Page (    Page.java:260) - Element is visible on the page.
23:25:26.186 INFO  driver.Page (    Page.java:131) - Clearing the element {} [[ChromeDriver: chrome on WINDOWS (9b60ba46e6b5bc9e5a815e54f7aa6ed6)] -> css selector: input[mappingname='MobileNumber']] before sending the keys.
23:25:26.227 INFO  driver.Page (    Page.java:133) - Sending the following keys {} (123) 456-7890 to the element {} [[ChromeDriver: chrome on WINDOWS (9b60ba46e6b5bc9e5a815e54f7aa6ed6)] -> css selector: input[mappingname='MobileNumber']]
23:25:26.285 INFO  scp.RegistrationUGIPage (RegistrationUGIPage.java:427) - MOBILE NUMBER populated successfully.
23:25:26.286 INFO  scp.RegistrationUGIPage (RegistrationUGIPage.java:1098) - Populating UserId {} :411001341840_UAT
23:25:26.295 INFO  driver.Page (    Page.java:129) - Wait for element {} [[ChromeDriver: chrome on WINDOWS (9b60ba46e6b5bc9e5a815e54f7aa6ed6)] -> css selector: #txt_95] to be present in the DOM for duration of {} 120
23:25:26.295 INFO  driver.Page (    Page.java:257) - Waiting for element to be visible for 120 seconds.
23:25:26.313 INFO  driver.Page (    Page.java:260) - Element is visible on the page.
23:25:26.321 INFO  driver.Page (    Page.java:131) - Clearing the element {} [[ChromeDriver: chrome on WINDOWS (9b60ba46e6b5bc9e5a815e54f7aa6ed6)] -> css selector: #txt_95] before sending the keys.
23:25:26.365 INFO  driver.Page (    Page.java:133) - Sending the following keys {} 411001341840_UAT to the element {} [[ChromeDriver: chrome on WINDOWS (9b60ba46e6b5bc9e5a815e54f7aa6ed6)] -> css selector: #txt_95]
23:25:26.427 INFO  scp.RegistrationUGIPage (RegistrationUGIPage.java:1100) - UserId populated successfully.
23:25:26.427 INFO  scp.RegistrationUGIPage (RegistrationUGIPage.java:248) - Populating Password {} :Demo@123
23:25:26.436 INFO  driver.Page (    Page.java:129) - Wait for element {} [[ChromeDriver: chrome on WINDOWS (9b60ba46e6b5bc9e5a815e54f7aa6ed6)] -> css selector: input[mappingname='Password']:not([style='display:none;']] to be present in the DOM for duration of {} 120
23:25:26.436 INFO  driver.Page (    Page.java:257) - Waiting for element to be visible for 120 seconds.
23:25:26.451 INFO  driver.Page (    Page.java:260) - Element is visible on the page.
23:25:26.460 INFO  driver.Page (    Page.java:131) - Clearing the element {} [[ChromeDriver: chrome on WINDOWS (9b60ba46e6b5bc9e5a815e54f7aa6ed6)] -> css selector: input[mappingname='Password']:not([style='display:none;']] before sending the keys.
23:25:26.493 INFO  driver.Page (    Page.java:133) - Sending the following keys {} Demo@123 to the element {} [[ChromeDriver: chrome on WINDOWS (9b60ba46e6b5bc9e5a815e54f7aa6ed6)] -> css selector: input[mappingname='Password']:not([style='display:none;']]
23:25:26.582 INFO  scp.RegistrationUGIPage (RegistrationUGIPage.java:250) - Password populated successfully.
23:25:26.583 INFO  scp.RegistrationUGIPage (RegistrationUGIPage.java:275) - Populating Cinfirm Password {} :Demo@123
23:25:26.608 INFO  driver.Page (    Page.java:129) - Wait for element {} [[ChromeDriver: chrome on WINDOWS (9b60ba46e6b5bc9e5a815e54f7aa6ed6)] -> css selector: input[mappingname='ConfirmPassword']:not([style='display:none;'])] to be present in the DOM for duration of {} 120
23:25:26.609 INFO  driver.Page (    Page.java:257) - Waiting for element to be visible for 120 seconds.
23:25:26.631 INFO  driver.Page (    Page.java:260) - Element is visible on the page.
23:25:26.639 INFO  driver.Page (    Page.java:131) - Clearing the element {} [[ChromeDriver: chrome on WINDOWS (9b60ba46e6b5bc9e5a815e54f7aa6ed6)] -> css selector: input[mappingname='ConfirmPassword']:not([style='display:none;'])] before sending the keys.
23:25:26.677 INFO  driver.Page (    Page.java:133) - Sending the following keys {} Demo@123 to the element {} [[ChromeDriver: chrome on WINDOWS (9b60ba46e6b5bc9e5a815e54f7aa6ed6)] -> css selector: input[mappingname='ConfirmPassword']:not([style='display:none;'])]
23:25:26.738 INFO  scp.RegistrationUGIPage (RegistrationUGIPage.java:277) - Confirm Password populated successfully.
23:25:26.767 INFO  driver.Page (    Page.java:359) - Element {} : [[ChromeDriver: chrome on WINDOWS (9b60ba46e6b5bc9e5a815e54f7aa6ed6)] -> css selector: [globalize='ML_Registration_Correspondence'] input] is in selected state.
23:25:26.767 INFO  driver.Page (    Page.java:374) - Scrolling page to the very bottom.
23:25:26.773 INFO  driver.Page (    Page.java:376) - Page scrolled to the bottom.
23:25:26.773 INFO  driver.Page (    Page.java:77) - Preparing for element to click.
23:25:26.773 INFO  driver.Page (    Page.java:257) - Waiting for element to be visible for 120 seconds.
23:25:26.793 INFO  driver.Page (    Page.java:260) - Element is visible on the page.
23:25:26.808 INFO  driver.Page (    Page.java:85) - Element is clicked successfully.
23:25:26.808 INFO  scp.RegistrationUGIPage (RegistrationUGIPage.java:77) - Terms and conditions checkbox button is successfully.
23:25:38.485 INFO  scp.RegistrationUGIPage (RegistrationUGIPage.java:296) - Populating UtilityAccountNumber {} :411001088888
23:25:38.505 INFO  driver.Page (    Page.java:129) - Wait for element {} [[ChromeDriver: chrome on WINDOWS (9b60ba46e6b5bc9e5a815e54f7aa6ed6)] -> id: txt_4] to be present in the DOM for duration of {} 120
23:25:38.506 INFO  driver.Page (    Page.java:257) - Waiting for element to be visible for 120 seconds.
23:25:38.529 INFO  driver.Page (    Page.java:260) - Element is visible on the page.
23:25:38.543 INFO  driver.Page (    Page.java:131) - Clearing the element {} [[ChromeDriver: chrome on WINDOWS (9b60ba46e6b5bc9e5a815e54f7aa6ed6)] -> id: txt_4] before sending the keys.
23:25:38.580 INFO  driver.Page (    Page.java:133) - Sending the following keys {} 411001088888 to the element {} [[ChromeDriver: chrome on WINDOWS (9b60ba46e6b5bc9e5a815e54f7aa6ed6)] -> id: txt_4]
23:25:38.645 INFO  scp.RegistrationUGIPage (RegistrationUGIPage.java:298) - UtilityAccountNumber populated successfully.
23:25:38.645 INFO  scp.RegistrationUGIPage (RegistrationUGIPage.java:395) - Populating SSN Number {} :411001088888@yopmail.com
23:25:38.658 INFO  driver.Page (    Page.java:129) - Wait for element {} [[ChromeDriver: chrome on WINDOWS (9b60ba46e6b5bc9e5a815e54f7aa6ed6)] -> css selector: input[mappingname = 'EmailID']] to be present in the DOM for duration of {} 120
23:25:38.658 INFO  driver.Page (    Page.java:257) - Waiting for element to be visible for 120 seconds.
23:25:38.678 INFO  driver.Page (    Page.java:260) - Element is visible on the page.
23:25:38.685 INFO  driver.Page (    Page.java:131) - Clearing the element {} [[ChromeDriver: chrome on WINDOWS (9b60ba46e6b5bc9e5a815e54f7aa6ed6)] -> css selector: input[mappingname = 'EmailID']] before sending the keys.
23:25:38.719 INFO  driver.Page (    Page.java:133) - Sending the following keys {} 411001088888@yopmail.com to the element {} [[ChromeDriver: chrome on WINDOWS (9b60ba46e6b5bc9e5a815e54f7aa6ed6)] -> css selector: input[mappingname = 'EmailID']]
23:25:38.811 INFO  scp.RegistrationUGIPage (RegistrationUGIPage.java:397) - Email Id populated successfully.
23:25:38.811 INFO  scp.RegistrationUGIPage (RegistrationUGIPage.java:187) - Populating Postal Code {} :18639
23:25:38.823 INFO  driver.Page (    Page.java:129) - Wait for element {} [[ChromeDriver: chrome on WINDOWS (9b60ba46e6b5bc9e5a815e54f7aa6ed6)] -> css selector: input[mappingname='PostalCode']] to be present in the DOM for duration of {} 120
23:25:38.823 INFO  driver.Page (    Page.java:257) - Waiting for element to be visible for 120 seconds.
23:25:38.839 INFO  driver.Page (    Page.java:260) - Element is visible on the page.
23:25:38.847 INFO  driver.Page (    Page.java:131) - Clearing the element {} [[ChromeDriver: chrome on WINDOWS (9b60ba46e6b5bc9e5a815e54f7aa6ed6)] -> css selector: input[mappingname='PostalCode']] before sending the keys.
23:25:38.881 INFO  driver.Page (    Page.java:133) - Sending the following keys {} 18639 to the element {} [[ChromeDriver: chrome on WINDOWS (9b60ba46e6b5bc9e5a815e54f7aa6ed6)] -> css selector: input[mappingname='PostalCode']]
23:25:38.946 INFO  scp.RegistrationUGIPage (RegistrationUGIPage.java:189) - Postal Code populated successfully.
23:25:38.963 INFO  driver.Page (    Page.java:569) - Preparing for element to click.
23:25:38.982 INFO  driver.Page (    Page.java:576) - Element is clicked successfully.
23:25:38.983 INFO  scp.RegistrationUGIPage (RegistrationUGIPage.java:641) - Next Button clicked successfully.
23:25:38.983 INFO  scp.HomePage (HomePage.java:194) - Wait for Spinner Loading Image invisibility.
23:25:38.983 INFO  driver.Page (    Page.java:271) - Waiting for element to be invisible for 120 seconds.
23:25:46.002 INFO  driver.Page (    Page.java:274) - Element is invisible from the page.
23:25:46.002 INFO  scp.RegistrationUGIPage (RegistrationUGIPage.java:414) - Checking the visibility of Mobile Number on the page.
23:25:46.030 INFO  scp.RegistrationUGIPage (RegistrationUGIPage.java:415) - Mobile Number visibility status : false
23:25:46.051 INFO  scp.RegistrationUGIPage (RegistrationUGIPage.java:296) - Populating UtilityAccountNumber {} :163663664664
23:25:46.059 INFO  driver.Page (    Page.java:129) - Wait for element {} [[ChromeDriver: chrome on WINDOWS (9b60ba46e6b5bc9e5a815e54f7aa6ed6)] -> id: txt_4] to be present in the DOM for duration of {} 120
23:25:46.059 INFO  driver.Page (    Page.java:257) - Waiting for element to be visible for 120 seconds.
23:25:46.075 INFO  driver.Page (    Page.java:260) - Element is visible on the page.
23:25:46.083 INFO  driver.Page (    Page.java:131) - Clearing the element {} [[ChromeDriver: chrome on WINDOWS (9b60ba46e6b5bc9e5a815e54f7aa6ed6)] -> id: txt_4] before sending the keys.
23:25:46.122 INFO  driver.Page (    Page.java:133) - Sending the following keys {} 163663664664 to the element {} [[ChromeDriver: chrome on WINDOWS (9b60ba46e6b5bc9e5a815e54f7aa6ed6)] -> id: txt_4]
23:25:46.186 INFO  scp.RegistrationUGIPage (RegistrationUGIPage.java:298) - UtilityAccountNumber populated successfully.
23:25:46.186 INFO  scp.RegistrationUGIPage (RegistrationUGIPage.java:395) - Populating SSN Number {} :163663664664@yopmail.com
23:25:46.197 INFO  driver.Page (    Page.java:129) - Wait for element {} [[ChromeDriver: chrome on WINDOWS (9b60ba46e6b5bc9e5a815e54f7aa6ed6)] -> css selector: input[mappingname = 'EmailID']] to be present in the DOM for duration of {} 120
23:25:46.197 INFO  driver.Page (    Page.java:257) - Waiting for element to be visible for 120 seconds.
23:25:46.214 INFO  driver.Page (    Page.java:260) - Element is visible on the page.
23:25:46.222 INFO  driver.Page (    Page.java:131) - Clearing the element {} [[ChromeDriver: chrome on WINDOWS (9b60ba46e6b5bc9e5a815e54f7aa6ed6)] -> css selector: input[mappingname = 'EmailID']] before sending the keys.
23:25:46.259 INFO  driver.Page (    Page.java:133) - Sending the following keys {} 163663664664@yopmail.com to the element {} [[ChromeDriver: chrome on WINDOWS (9b60ba46e6b5bc9e5a815e54f7aa6ed6)] -> css selector: input[mappingname = 'EmailID']]
23:25:46.314 INFO  scp.RegistrationUGIPage (RegistrationUGIPage.java:397) - Email Id populated successfully.
23:25:46.314 INFO  scp.RegistrationUGIPage (RegistrationUGIPage.java:187) - Populating Postal Code {} :18638
23:25:46.321 INFO  driver.Page (    Page.java:129) - Wait for element {} [[ChromeDriver: chrome on WINDOWS (9b60ba46e6b5bc9e5a815e54f7aa6ed6)] -> css selector: input[mappingname='PostalCode']] to be present in the DOM for duration of {} 120
23:25:46.322 INFO  driver.Page (    Page.java:257) - Waiting for element to be visible for 120 seconds.
23:25:46.338 INFO  driver.Page (    Page.java:260) - Element is visible on the page.
23:25:46.345 INFO  driver.Page (    Page.java:131) - Clearing the element {} [[ChromeDriver: chrome on WINDOWS (9b60ba46e6b5bc9e5a815e54f7aa6ed6)] -> css selector: input[mappingname='PostalCode']] before sending the keys.
23:25:46.380 INFO  driver.Page (    Page.java:133) - Sending the following keys {} 18638 to the element {} [[ChromeDriver: chrome on WINDOWS (9b60ba46e6b5bc9e5a815e54f7aa6ed6)] -> css selector: input[mappingname='PostalCode']]
23:25:46.421 INFO  scp.RegistrationUGIPage (RegistrationUGIPage.java:189) - Postal Code populated successfully.
23:25:46.431 INFO  driver.Page (    Page.java:569) - Preparing for element to click.
23:25:46.447 INFO  driver.Page (    Page.java:576) - Element is clicked successfully.
23:25:46.447 INFO  scp.RegistrationUGIPage (RegistrationUGIPage.java:641) - Next Button clicked successfully.
23:25:46.447 INFO  scp.HomePage (HomePage.java:194) - Wait for Spinner Loading Image invisibility.
23:25:46.447 INFO  driver.Page (    Page.java:271) - Waiting for element to be invisible for 120 seconds.
23:25:53.411 INFO  driver.Page (    Page.java:274) - Element is invisible from the page.
23:25:53.411 INFO  scp.RegistrationUGIPage (RegistrationUGIPage.java:414) - Checking the visibility of Mobile Number on the page.
23:25:53.437 INFO  scp.RegistrationUGIPage (RegistrationUGIPage.java:415) - Mobile Number visibility status : false
23:25:54.415 INFO  driver.DriverFactory (DriverFactory.java:125) - Clearing all the cookies.
23:35:11.914 INFO  runner.TestRunner (TestRunner.java:32) - Initializing application properties config file.
23:35:11.933 INFO  runner.TestRunner (TestRunner.java:35) - Initializing connection to the base database.
23:35:11.933 INFO  runner.TestRunner (TestRunner.java:38) - Initializing resource path config file.
23:35:11.947 INFO  runner.TestRunner (TestRunner.java:41) - Initializing usage months config from CSP.
23:35:11.948 INFO  runner.TestRunner (TestRunner.java:44) - Initializing date config from CSP.
23:35:11.949 INFO  runner.TestRunner (TestRunner.java:47) - Initializing language config from CSP.
23:35:11.949 INFO  runner.TestRunner (TestRunner.java:50) - Initializing language config from CSP.
23:35:11.949 INFO  runner.TestRunner (TestRunner.java:53) - Initializing language config from CSP.
23:35:11.949 INFO  runner.TestRunner (TestRunner.java:56) - Initializing user model config.
23:35:11.949 INFO  runner.TestRunner (TestRunner.java:59) - Initializing auth token config.
23:35:11.949 INFO  runner.TestRunner (TestRunner.java:62) - Initializing Admin User config.
23:35:12.622 INFO  utils.ExcelUtils (ExcelUtils.java:39) - Test Runner excel row at: 1
23:35:12.627 INFO  utils.ExcelUtils (ExcelUtils.java:39) - Test Runner excel row at: 2
23:35:12.628 INFO  utils.ExcelUtils (ExcelUtils.java:39) - Test Runner excel row at: 3
23:35:12.628 INFO  utils.ExcelUtils (ExcelUtils.java:39) - Test Runner excel row at: 4
23:35:12.629 INFO  utils.ExcelUtils (ExcelUtils.java:39) - Test Runner excel row at: 5
23:35:12.630 INFO  utils.ExcelUtils (ExcelUtils.java:39) - Test Runner excel row at: 6
23:35:12.630 INFO  utils.ExcelUtils (ExcelUtils.java:39) - Test Runner excel row at: 7
23:35:12.630 INFO  utils.ExcelUtils (ExcelUtils.java:39) - Test Runner excel row at: 8
23:35:12.632 INFO  utils.ExcelUtils (ExcelUtils.java:39) - Test Runner excel row at: 9
23:35:12.633 INFO  utils.ExcelUtils (ExcelUtils.java:39) - Test Runner excel row at: 10
23:35:12.634 INFO  utils.ExcelUtils (ExcelUtils.java:39) - Test Runner excel row at: 11
23:35:12.634 INFO  utils.ExcelUtils (ExcelUtils.java:39) - Test Runner excel row at: 12
23:35:12.635 INFO  utils.ExcelUtils (ExcelUtils.java:39) - Test Runner excel row at: 13
23:35:12.635 INFO  utils.ExcelUtils (ExcelUtils.java:39) - Test Runner excel row at: 14
23:35:12.636 INFO  utils.ExcelUtils (ExcelUtils.java:39) - Test Runner excel row at: 15
23:35:12.637 INFO  utils.ExcelUtils (ExcelUtils.java:39) - Test Runner excel row at: 16
23:35:12.637 INFO  utils.ExcelUtils (ExcelUtils.java:39) - Test Runner excel row at: 17
23:35:12.638 INFO  utils.ExcelUtils (ExcelUtils.java:39) - Test Runner excel row at: 18
23:35:12.639 INFO  utils.ExcelUtils (ExcelUtils.java:39) - Test Runner excel row at: 19
23:35:12.640 INFO  utils.ExcelUtils (ExcelUtils.java:39) - Test Runner excel row at: 20
23:35:12.640 INFO  utils.ExcelUtils (ExcelUtils.java:39) - Test Runner excel row at: 21
23:35:12.641 INFO  utils.ExcelUtils (ExcelUtils.java:39) - Test Runner excel row at: 22
23:35:12.641 INFO  utils.ExcelUtils (ExcelUtils.java:39) - Test Runner excel row at: 23
23:35:12.642 INFO  utils.ExcelUtils (ExcelUtils.java:39) - Test Runner excel row at: 24
23:35:12.643 INFO  utils.ExcelUtils (ExcelUtils.java:39) - Test Runner excel row at: 25
23:35:12.643 INFO  utils.ExcelUtils (ExcelUtils.java:39) - Test Runner excel row at: 26
23:35:12.643 INFO  utils.ExcelUtils (ExcelUtils.java:39) - Test Runner excel row at: 27
23:35:12.644 INFO  utils.ExcelUtils (ExcelUtils.java:39) - Test Runner excel row at: 28
23:35:12.645 INFO  utils.ExcelUtils (ExcelUtils.java:39) - Test Runner excel row at: 29
23:35:12.646 INFO  utils.ExcelUtils (ExcelUtils.java:39) - Test Runner excel row at: 30
23:35:12.647 INFO  utils.ExcelUtils (ExcelUtils.java:39) - Test Runner excel row at: 31
23:35:12.647 INFO  utils.ExcelUtils (ExcelUtils.java:39) - Test Runner excel row at: 32
23:35:12.648 INFO  utils.ExcelUtils (ExcelUtils.java:39) - Test Runner excel row at: 33
23:35:12.648 INFO  utils.ExcelUtils (ExcelUtils.java:39) - Test Runner excel row at: 34
23:35:12.649 INFO  utils.ExcelUtils (ExcelUtils.java:39) - Test Runner excel row at: 35
23:35:12.649 INFO  utils.ExcelUtils (ExcelUtils.java:39) - Test Runner excel row at: 36
23:35:12.650 INFO  utils.ExcelUtils (ExcelUtils.java:39) - Test Runner excel row at: 37
23:35:12.650 INFO  utils.ExcelUtils (ExcelUtils.java:39) - Test Runner excel row at: 38
23:35:12.650 INFO  utils.ExcelUtils (ExcelUtils.java:39) - Test Runner excel row at: 39
23:35:12.651 INFO  utils.ExcelUtils (ExcelUtils.java:39) - Test Runner excel row at: 40
23:35:12.651 INFO  utils.ExcelUtils (ExcelUtils.java:39) - Test Runner excel row at: 41
23:35:12.652 INFO  utils.ExcelUtils (ExcelUtils.java:39) - Test Runner excel row at: 42
23:35:12.653 INFO  utils.ExcelUtils (ExcelUtils.java:39) - Test Runner excel row at: 43
23:35:12.653 INFO  utils.ExcelUtils (ExcelUtils.java:39) - Test Runner excel row at: 44
23:35:12.654 INFO  utils.ExcelUtils (ExcelUtils.java:39) - Test Runner excel row at: 45
23:35:12.654 INFO  utils.ExcelUtils (ExcelUtils.java:39) - Test Runner excel row at: 46
23:35:12.655 INFO  utils.ExcelUtils (ExcelUtils.java:39) - Test Runner excel row at: 47
23:35:12.655 INFO  utils.ExcelUtils (ExcelUtils.java:39) - Test Runner excel row at: 48
23:35:12.655 INFO  utils.ExcelUtils (ExcelUtils.java:39) - Test Runner excel row at: 49
23:35:12.656 INFO  utils.ExcelUtils (ExcelUtils.java:39) - Test Runner excel row at: 50
23:35:12.657 INFO  utils.ExcelUtils (ExcelUtils.java:39) - Test Runner excel row at: 51
23:35:12.658 INFO  utils.ExcelUtils (ExcelUtils.java:39) - Test Runner excel row at: 52
23:35:12.658 INFO  utils.ExcelUtils (ExcelUtils.java:39) - Test Runner excel row at: 53
23:35:12.659 INFO  utils.ExcelUtils (ExcelUtils.java:39) - Test Runner excel row at: 54
23:35:12.659 INFO  utils.ExcelUtils (ExcelUtils.java:39) - Test Runner excel row at: 55
23:35:12.659 INFO  utils.ExcelUtils (ExcelUtils.java:39) - Test Runner excel row at: 56
23:35:12.659 INFO  utils.ExcelUtils (ExcelUtils.java:39) - Test Runner excel row at: 57
23:35:12.661 INFO  utils.ExcelUtils (ExcelUtils.java:39) - Test Runner excel row at: 58
23:35:12.661 INFO  utils.ExcelUtils (ExcelUtils.java:39) - Test Runner excel row at: 59
23:35:12.662 INFO  utils.ExcelUtils (ExcelUtils.java:39) - Test Runner excel row at: 60
23:35:12.663 INFO  utils.ExcelUtils (ExcelUtils.java:39) - Test Runner excel row at: 61
23:35:12.664 INFO  utils.ExcelUtils (ExcelUtils.java:39) - Test Runner excel row at: 62
23:35:12.664 INFO  utils.ExcelUtils (ExcelUtils.java:39) - Test Runner excel row at: 63
23:35:12.665 INFO  utils.ExcelUtils (ExcelUtils.java:39) - Test Runner excel row at: 64
23:35:12.665 INFO  utils.ExcelUtils (ExcelUtils.java:39) - Test Runner excel row at: 65
23:35:12.665 INFO  utils.ExcelUtils (ExcelUtils.java:39) - Test Runner excel row at: 66
23:35:12.666 INFO  utils.ExcelUtils (ExcelUtils.java:39) - Test Runner excel row at: 67
23:35:12.666 INFO  utils.ExcelUtils (ExcelUtils.java:39) - Test Runner excel row at: 68
23:35:12.666 INFO  utils.ExcelUtils (ExcelUtils.java:39) - Test Runner excel row at: 69
23:35:12.667 INFO  utils.ExcelUtils (ExcelUtils.java:39) - Test Runner excel row at: 70
23:35:12.667 INFO  utils.ExcelUtils (ExcelUtils.java:39) - Test Runner excel row at: 71
23:35:12.667 INFO  utils.ExcelUtils (ExcelUtils.java:39) - Test Runner excel row at: 72
23:35:12.668 INFO  utils.ExcelUtils (ExcelUtils.java:39) - Test Runner excel row at: 73
23:35:12.668 INFO  utils.ExcelUtils (ExcelUtils.java:39) - Test Runner excel row at: 74
23:35:12.669 INFO  utils.ExcelUtils (ExcelUtils.java:39) - Test Runner excel row at: 75
23:35:12.669 INFO  utils.ExcelUtils (ExcelUtils.java:39) - Test Runner excel row at: 76
23:35:12.670 INFO  utils.ExcelUtils (ExcelUtils.java:39) - Test Runner excel row at: 77
23:35:12.670 INFO  utils.ExcelUtils (ExcelUtils.java:39) - Test Runner excel row at: 78
23:35:12.671 INFO  utils.ExcelUtils (ExcelUtils.java:39) - Test Runner excel row at: 79
23:35:12.671 INFO  utils.ExcelUtils (ExcelUtils.java:39) - Test Runner excel row at: 80
23:35:12.672 INFO  utils.ExcelUtils (ExcelUtils.java:39) - Test Runner excel row at: 81
23:35:12.672 INFO  utils.ExcelUtils (ExcelUtils.java:39) - Test Runner excel row at: 82
23:35:12.672 INFO  utils.ExcelUtils (ExcelUtils.java:39) - Test Runner excel row at: 83
23:35:12.673 INFO  utils.ExcelUtils (ExcelUtils.java:39) - Test Runner excel row at: 84
23:35:12.673 INFO  utils.ExcelUtils (ExcelUtils.java:39) - Test Runner excel row at: 85
23:35:12.673 INFO  utils.ExcelUtils (ExcelUtils.java:39) - Test Runner excel row at: 86
23:35:12.674 INFO  utils.ExcelUtils (ExcelUtils.java:39) - Test Runner excel row at: 87
23:35:12.674 INFO  utils.ExcelUtils (ExcelUtils.java:39) - Test Runner excel row at: 88
23:35:12.675 INFO  utils.ExcelUtils (ExcelUtils.java:39) - Test Runner excel row at: 89
23:35:12.676 INFO  utils.ExcelUtils (ExcelUtils.java:39) - Test Runner excel row at: 90
23:35:12.676 INFO  utils.ExcelUtils (ExcelUtils.java:39) - Test Runner excel row at: 91
23:35:13.005 WARN  config.Configuration (Configuration.java:231) - QA env being used by default. No env property set. This can be set in the sew.app.yml config file with a '{}=' property or on the command line with the switch '-D{}='.
23:35:31.713 INFO  driver.WebDriverFactory (WebDriverFactory.java:192) - Setting up the browser window to its max.
23:35:31.849 INFO  driver.WebDriverFactory (WebDriverFactory.java:181) - Initializing the implicit wait timeout for {} 5
23:35:31.856 INFO  driver.WebDriverFactory (WebDriverFactory.java:184) - Initializing the page load timeout.
23:35:31.863 INFO  driver.DriverFactory (DriverFactory.java:125) - Clearing all the cookies.
23:35:31.873 INFO  driver.DriverFactory (DriverFactory.java:62) - Open the url {} https://u-ugi10s.smartcmobile.net/ using the selenium get() method.
23:35:51.366 INFO  scp.RegistrationUGITests (RegistrationUGITests.java:26) - Test Case execution for - verifyCustomerRegistrationPage - is Initiated
23:35:51.464 INFO  driver.Page (    Page.java:51) - Preparing for element to click.
23:35:51.465 INFO  driver.Page (    Page.java:225) - Waiting for element to be clickable for 120 seconds.
23:35:51.548 INFO  driver.Page (    Page.java:228) - Element is clickable now.
23:35:51.548 INFO  driver.Page (    Page.java:215) - Returning web element for by type locator : By.cssSelector: #btnResidentialType
23:36:00.250 INFO  driver.Page (    Page.java:54) - Element is clicked successfully.
23:36:00.250 INFO  scp.HomePage (HomePage.java:194) - Wait for Spinner Loading Image invisibility.
23:36:00.251 INFO  driver.Page (    Page.java:271) - Waiting for element to be invisible for 120 seconds.
23:36:05.282 INFO  driver.Page (    Page.java:274) - Element is invisible from the page.
23:36:10.313 INFO  scp.RegistrationUGISteps (RegistrationUGISteps.java:82) - feedback popup not displayed
23:36:10.389 INFO  scp.RegistrationUGIPage (RegistrationUGIPage.java:296) - Populating UtilityAccountNumber {} :411001341840
23:36:10.408 INFO  driver.Page (    Page.java:129) - Wait for element {} [[ChromeDriver: chrome on WINDOWS (86fc61ab06175ae2b57cc853a93899e0)] -> id: txt_4] to be present in the DOM for duration of {} 120
23:36:10.408 INFO  driver.Page (    Page.java:257) - Waiting for element to be visible for 120 seconds.
23:36:10.444 INFO  driver.Page (    Page.java:260) - Element is visible on the page.
23:36:10.458 INFO  driver.Page (    Page.java:131) - Clearing the element {} [[ChromeDriver: chrome on WINDOWS (86fc61ab06175ae2b57cc853a93899e0)] -> id: txt_4] before sending the keys.
23:36:10.522 INFO  driver.Page (    Page.java:133) - Sending the following keys {} 411001341840 to the element {} [[ChromeDriver: chrome on WINDOWS (86fc61ab06175ae2b57cc853a93899e0)] -> id: txt_4]
23:36:10.629 INFO  scp.RegistrationUGIPage (RegistrationUGIPage.java:298) - UtilityAccountNumber populated successfully.
23:36:10.630 INFO  scp.RegistrationUGIPage (RegistrationUGIPage.java:395) - Populating SSN Number {} :411001341840@yopmail.com
23:36:10.648 INFO  driver.Page (    Page.java:129) - Wait for element {} [[ChromeDriver: chrome on WINDOWS (86fc61ab06175ae2b57cc853a93899e0)] -> css selector: input[mappingname = 'EmailID']] to be present in the DOM for duration of {} 120
23:36:10.649 INFO  driver.Page (    Page.java:257) - Waiting for element to be visible for 120 seconds.
23:36:10.688 INFO  driver.Page (    Page.java:260) - Element is visible on the page.
23:36:10.699 INFO  driver.Page (    Page.java:131) - Clearing the element {} [[ChromeDriver: chrome on WINDOWS (86fc61ab06175ae2b57cc853a93899e0)] -> css selector: input[mappingname = 'EmailID']] before sending the keys.
23:36:10.765 INFO  driver.Page (    Page.java:133) - Sending the following keys {} 411001341840@yopmail.com to the element {} [[ChromeDriver: chrome on WINDOWS (86fc61ab06175ae2b57cc853a93899e0)] -> css selector: input[mappingname = 'EmailID']]
23:36:10.903 INFO  scp.RegistrationUGIPage (RegistrationUGIPage.java:397) - Email Id populated successfully.
23:36:10.904 INFO  scp.RegistrationUGIPage (RegistrationUGIPage.java:187) - Populating Postal Code {} :18634
23:36:10.924 INFO  driver.Page (    Page.java:129) - Wait for element {} [[ChromeDriver: chrome on WINDOWS (86fc61ab06175ae2b57cc853a93899e0)] -> css selector: input[mappingname='PostalCode']] to be present in the DOM for duration of {} 120
23:36:10.925 INFO  driver.Page (    Page.java:257) - Waiting for element to be visible for 120 seconds.
23:36:10.961 INFO  driver.Page (    Page.java:260) - Element is visible on the page.
23:36:10.975 INFO  driver.Page (    Page.java:131) - Clearing the element {} [[ChromeDriver: chrome on WINDOWS (86fc61ab06175ae2b57cc853a93899e0)] -> css selector: input[mappingname='PostalCode']] before sending the keys.
23:36:11.026 INFO  driver.Page (    Page.java:133) - Sending the following keys {} 18634 to the element {} [[ChromeDriver: chrome on WINDOWS (86fc61ab06175ae2b57cc853a93899e0)] -> css selector: input[mappingname='PostalCode']]
23:36:11.123 INFO  scp.RegistrationUGIPage (RegistrationUGIPage.java:189) - Postal Code populated successfully.
23:36:11.164 INFO  driver.Page (    Page.java:569) - Preparing for element to click.
23:36:11.202 INFO  driver.Page (    Page.java:576) - Element is clicked successfully.
23:36:11.202 INFO  scp.RegistrationUGIPage (RegistrationUGIPage.java:641) - Next Button clicked successfully.
23:36:11.203 INFO  scp.HomePage (HomePage.java:194) - Wait for Spinner Loading Image invisibility.
23:36:11.203 INFO  driver.Page (    Page.java:271) - Waiting for element to be invisible for 120 seconds.
23:36:19.001 INFO  driver.Page (    Page.java:274) - Element is invisible from the page.
23:36:19.001 INFO  scp.RegistrationUGIPage (RegistrationUGIPage.java:414) - Checking the visibility of Mobile Number on the page.
23:36:19.058 INFO  driver.Page (    Page.java:305) - Element {} : [[ChromeDriver: chrome on WINDOWS (86fc61ab06175ae2b57cc853a93899e0)] -> css selector: input[mappingname='MobileNumber']] is visible on the page.
23:36:19.058 INFO  scp.RegistrationUGIPage (RegistrationUGIPage.java:415) - Mobile Number visibility status : true
23:36:19.097 INFO  driver.Page (    Page.java:305) - Element {} : [[ChromeDriver: chrome on WINDOWS (86fc61ab06175ae2b57cc853a93899e0)] -> css selector: input[mappingname='MobileNumber']] is visible on the page.
23:36:19.099 INFO  scp.RegistrationUGIPage (RegistrationUGIPage.java:425) - Populating MOBILE Number {} :(123) 456-7890
23:36:19.113 INFO  driver.Page (    Page.java:129) - Wait for element {} [[ChromeDriver: chrome on WINDOWS (86fc61ab06175ae2b57cc853a93899e0)] -> css selector: input[mappingname='MobileNumber']] to be present in the DOM for duration of {} 120
23:36:19.113 INFO  driver.Page (    Page.java:257) - Waiting for element to be visible for 120 seconds.
23:36:19.144 INFO  driver.Page (    Page.java:260) - Element is visible on the page.
23:36:19.157 INFO  driver.Page (    Page.java:131) - Clearing the element {} [[ChromeDriver: chrome on WINDOWS (86fc61ab06175ae2b57cc853a93899e0)] -> css selector: input[mappingname='MobileNumber']] before sending the keys.
23:36:19.226 INFO  driver.Page (    Page.java:133) - Sending the following keys {} (123) 456-7890 to the element {} [[ChromeDriver: chrome on WINDOWS (86fc61ab06175ae2b57cc853a93899e0)] -> css selector: input[mappingname='MobileNumber']]
23:36:19.343 INFO  scp.RegistrationUGIPage (RegistrationUGIPage.java:427) - MOBILE NUMBER populated successfully.
23:36:19.343 INFO  scp.RegistrationUGIPage (RegistrationUGIPage.java:1098) - Populating UserId {} :411001341840_UAT
23:36:19.363 INFO  driver.Page (    Page.java:129) - Wait for element {} [[ChromeDriver: chrome on WINDOWS (86fc61ab06175ae2b57cc853a93899e0)] -> css selector: #txt_95] to be present in the DOM for duration of {} 120
23:36:19.364 INFO  driver.Page (    Page.java:257) - Waiting for element to be visible for 120 seconds.
23:36:19.393 INFO  driver.Page (    Page.java:260) - Element is visible on the page.
23:36:19.407 INFO  driver.Page (    Page.java:131) - Clearing the element {} [[ChromeDriver: chrome on WINDOWS (86fc61ab06175ae2b57cc853a93899e0)] -> css selector: #txt_95] before sending the keys.
23:36:19.466 INFO  driver.Page (    Page.java:133) - Sending the following keys {} 411001341840_UAT to the element {} [[ChromeDriver: chrome on WINDOWS (86fc61ab06175ae2b57cc853a93899e0)] -> css selector: #txt_95]
23:36:19.592 INFO  scp.RegistrationUGIPage (RegistrationUGIPage.java:1100) - UserId populated successfully.
23:36:24.658 INFO  scp.RegistrationUGIPage (RegistrationUGIPage.java:248) - Populating Password {} :Demo@123
23:36:24.732 INFO  driver.Page (    Page.java:129) - Wait for element {} [[ChromeDriver: chrome on WINDOWS (86fc61ab06175ae2b57cc853a93899e0)] -> css selector: input[mappingname='Password']:not([style='display:none;']] to be present in the DOM for duration of {} 120
23:36:24.738 INFO  driver.Page (    Page.java:257) - Waiting for element to be visible for 120 seconds.
23:36:25.823 INFO  driver.Page (    Page.java:260) - Element is visible on the page.
23:36:25.878 INFO  driver.Page (    Page.java:131) - Clearing the element {} [[ChromeDriver: chrome on WINDOWS (86fc61ab06175ae2b57cc853a93899e0)] -> css selector: input[mappingname='Password']:not([style='display:none;']] before sending the keys.
23:36:26.106 INFO  driver.Page (    Page.java:133) - Sending the following keys {} Demo@123 to the element {} [[ChromeDriver: chrome on WINDOWS (86fc61ab06175ae2b57cc853a93899e0)] -> css selector: input[mappingname='Password']:not([style='display:none;']]
23:36:26.359 INFO  scp.RegistrationUGIPage (RegistrationUGIPage.java:250) - Password populated successfully.
23:36:26.671 INFO  scp.RegistrationUGIPage (RegistrationUGIPage.java:275) - Populating Cinfirm Password {} :Demo@123
23:36:26.752 INFO  driver.Page (    Page.java:129) - Wait for element {} [[ChromeDriver: chrome on WINDOWS (86fc61ab06175ae2b57cc853a93899e0)] -> css selector: input[mappingname='ConfirmPassword']:not([style='display:none;'])] to be present in the DOM for duration of {} 120
23:36:26.756 INFO  driver.Page (    Page.java:257) - Waiting for element to be visible for 120 seconds.
23:36:27.840 INFO  driver.Page (    Page.java:260) - Element is visible on the page.
23:36:27.908 INFO  driver.Page (    Page.java:131) - Clearing the element {} [[ChromeDriver: chrome on WINDOWS (86fc61ab06175ae2b57cc853a93899e0)] -> css selector: input[mappingname='ConfirmPassword']:not([style='display:none;'])] before sending the keys.
23:36:28.127 INFO  driver.Page (    Page.java:133) - Sending the following keys {} Demo@123 to the element {} [[ChromeDriver: chrome on WINDOWS (86fc61ab06175ae2b57cc853a93899e0)] -> css selector: input[mappingname='ConfirmPassword']:not([style='display:none;'])]
23:36:28.373 INFO  scp.RegistrationUGIPage (RegistrationUGIPage.java:277) - Confirm Password populated successfully.
23:36:29.930 INFO  driver.Page (    Page.java:359) - Element {} : [[ChromeDriver: chrome on WINDOWS (86fc61ab06175ae2b57cc853a93899e0)] -> css selector: [globalize='ML_Registration_Correspondence'] input] is in selected state.
23:36:30.081 INFO  driver.Page (    Page.java:374) - Scrolling page to the very bottom.
23:36:30.151 INFO  driver.Page (    Page.java:376) - Page scrolled to the bottom.
23:36:30.155 INFO  driver.Page (    Page.java:77) - Preparing for element to click.
23:36:30.159 INFO  driver.Page (    Page.java:257) - Waiting for element to be visible for 120 seconds.
23:36:31.136 INFO  driver.Page (    Page.java:260) - Element is visible on the page.
23:36:31.271 INFO  driver.Page (    Page.java:85) - Element is clicked successfully.
23:36:31.276 INFO  scp.RegistrationUGIPage (RegistrationUGIPage.java:77) - Terms and conditions checkbox button is successfully.
23:37:03.486 INFO  scp.RegistrationUGIPage (RegistrationUGIPage.java:296) - Populating UtilityAccountNumber {} :411001088888
23:37:03.545 INFO  driver.Page (    Page.java:129) - Wait for element {} [[ChromeDriver: chrome on WINDOWS (86fc61ab06175ae2b57cc853a93899e0)] -> id: txt_4] to be present in the DOM for duration of {} 120
23:37:03.548 INFO  driver.Page (    Page.java:257) - Waiting for element to be visible for 120 seconds.
23:37:04.591 INFO  driver.Page (    Page.java:260) - Element is visible on the page.
23:37:04.660 INFO  driver.Page (    Page.java:131) - Clearing the element {} [[ChromeDriver: chrome on WINDOWS (86fc61ab06175ae2b57cc853a93899e0)] -> id: txt_4] before sending the keys.
23:37:04.873 INFO  driver.Page (    Page.java:133) - Sending the following keys {} 411001088888 to the element {} [[ChromeDriver: chrome on WINDOWS (86fc61ab06175ae2b57cc853a93899e0)] -> id: txt_4]
23:37:05.091 INFO  scp.RegistrationUGIPage (RegistrationUGIPage.java:298) - UtilityAccountNumber populated successfully.
23:37:06.590 INFO  scp.RegistrationUGIPage (RegistrationUGIPage.java:395) - Populating SSN Number {} :411001088888@yopmail.com
23:37:06.679 INFO  driver.Page (    Page.java:129) - Wait for element {} [[ChromeDriver: chrome on WINDOWS (86fc61ab06175ae2b57cc853a93899e0)] -> css selector: input[mappingname = 'EmailID']] to be present in the DOM for duration of {} 120
23:37:06.683 INFO  driver.Page (    Page.java:257) - Waiting for element to be visible for 120 seconds.
23:37:07.835 INFO  driver.Page (    Page.java:260) - Element is visible on the page.
23:37:07.904 INFO  driver.Page (    Page.java:131) - Clearing the element {} [[ChromeDriver: chrome on WINDOWS (86fc61ab06175ae2b57cc853a93899e0)] -> css selector: input[mappingname = 'EmailID']] before sending the keys.
23:37:08.100 INFO  driver.Page (    Page.java:133) - Sending the following keys {} 411001088888@yopmail.com to the element {} [[ChromeDriver: chrome on WINDOWS (86fc61ab06175ae2b57cc853a93899e0)] -> css selector: input[mappingname = 'EmailID']]
23:37:08.407 INFO  scp.RegistrationUGIPage (RegistrationUGIPage.java:397) - Email Id populated successfully.
23:37:09.727 INFO  scp.RegistrationUGIPage (RegistrationUGIPage.java:187) - Populating Postal Code {} :18639
23:37:09.793 INFO  driver.Page (    Page.java:129) - Wait for element {} [[ChromeDriver: chrome on WINDOWS (86fc61ab06175ae2b57cc853a93899e0)] -> css selector: input[mappingname='PostalCode']] to be present in the DOM for duration of {} 120
23:37:09.797 INFO  driver.Page (    Page.java:257) - Waiting for element to be visible for 120 seconds.
23:37:10.795 INFO  driver.Page (    Page.java:260) - Element is visible on the page.
23:37:10.869 INFO  driver.Page (    Page.java:131) - Clearing the element {} [[ChromeDriver: chrome on WINDOWS (86fc61ab06175ae2b57cc853a93899e0)] -> css selector: input[mappingname='PostalCode']] before sending the keys.
23:37:11.076 INFO  driver.Page (    Page.java:133) - Sending the following keys {} 18639 to the element {} [[ChromeDriver: chrome on WINDOWS (86fc61ab06175ae2b57cc853a93899e0)] -> css selector: input[mappingname='PostalCode']]
23:37:11.352 INFO  scp.RegistrationUGIPage (RegistrationUGIPage.java:189) - Postal Code populated successfully.
23:37:11.612 INFO  driver.Page (    Page.java:569) - Preparing for element to click.
23:37:11.758 INFO  driver.Page (    Page.java:576) - Element is clicked successfully.
23:37:11.762 INFO  scp.RegistrationUGIPage (RegistrationUGIPage.java:641) - Next Button clicked successfully.
23:37:11.861 INFO  scp.HomePage (HomePage.java:194) - Wait for Spinner Loading Image invisibility.
23:37:11.867 INFO  driver.Page (    Page.java:271) - Waiting for element to be invisible for 120 seconds.
23:37:18.928 INFO  driver.Page (    Page.java:274) - Element is invisible from the page.
23:37:20.075 INFO  scp.RegistrationUGIPage (RegistrationUGIPage.java:414) - Checking the visibility of Mobile Number on the page.
23:37:21.095 INFO  scp.RegistrationUGIPage (RegistrationUGIPage.java:415) - Mobile Number visibility status : false
23:49:36.966 INFO  runner.TestRunner (TestRunner.java:32) - Initializing application properties config file.
23:49:36.983 INFO  runner.TestRunner (TestRunner.java:35) - Initializing connection to the base database.
23:49:36.984 INFO  runner.TestRunner (TestRunner.java:38) - Initializing resource path config file.
23:49:36.995 INFO  runner.TestRunner (TestRunner.java:41) - Initializing usage months config from CSP.
23:49:36.995 INFO  runner.TestRunner (TestRunner.java:44) - Initializing date config from CSP.
23:49:36.995 INFO  runner.TestRunner (TestRunner.java:47) - Initializing language config from CSP.
23:49:36.995 INFO  runner.TestRunner (TestRunner.java:50) - Initializing language config from CSP.
23:49:36.995 INFO  runner.TestRunner (TestRunner.java:53) - Initializing language config from CSP.
23:49:36.996 INFO  runner.TestRunner (TestRunner.java:56) - Initializing user model config.
23:49:36.996 INFO  runner.TestRunner (TestRunner.java:59) - Initializing auth token config.
23:49:36.996 INFO  runner.TestRunner (TestRunner.java:62) - Initializing Admin User config.
23:49:37.827 INFO  utils.ExcelUtils (ExcelUtils.java:39) - Test Runner excel row at: 1
23:49:37.836 INFO  utils.ExcelUtils (ExcelUtils.java:39) - Test Runner excel row at: 2
23:49:37.837 INFO  utils.ExcelUtils (ExcelUtils.java:39) - Test Runner excel row at: 3
23:49:37.838 INFO  utils.ExcelUtils (ExcelUtils.java:39) - Test Runner excel row at: 4
23:49:37.839 INFO  utils.ExcelUtils (ExcelUtils.java:39) - Test Runner excel row at: 5
23:49:37.839 INFO  utils.ExcelUtils (ExcelUtils.java:39) - Test Runner excel row at: 6
23:49:37.840 INFO  utils.ExcelUtils (ExcelUtils.java:39) - Test Runner excel row at: 7
23:49:37.841 INFO  utils.ExcelUtils (ExcelUtils.java:39) - Test Runner excel row at: 8
23:49:37.842 INFO  utils.ExcelUtils (ExcelUtils.java:39) - Test Runner excel row at: 9
23:49:37.842 INFO  utils.ExcelUtils (ExcelUtils.java:39) - Test Runner excel row at: 10
23:49:37.843 INFO  utils.ExcelUtils (ExcelUtils.java:39) - Test Runner excel row at: 11
23:49:37.843 INFO  utils.ExcelUtils (ExcelUtils.java:39) - Test Runner excel row at: 12
23:49:37.844 INFO  utils.ExcelUtils (ExcelUtils.java:39) - Test Runner excel row at: 13
23:49:37.845 INFO  utils.ExcelUtils (ExcelUtils.java:39) - Test Runner excel row at: 14
23:49:37.846 INFO  utils.ExcelUtils (ExcelUtils.java:39) - Test Runner excel row at: 15
23:49:37.846 INFO  utils.ExcelUtils (ExcelUtils.java:39) - Test Runner excel row at: 16
23:49:37.847 INFO  utils.ExcelUtils (ExcelUtils.java:39) - Test Runner excel row at: 17
23:49:37.848 INFO  utils.ExcelUtils (ExcelUtils.java:39) - Test Runner excel row at: 18
23:49:37.848 INFO  utils.ExcelUtils (ExcelUtils.java:39) - Test Runner excel row at: 19
23:49:37.849 INFO  utils.ExcelUtils (ExcelUtils.java:39) - Test Runner excel row at: 20
23:49:37.849 INFO  utils.ExcelUtils (ExcelUtils.java:39) - Test Runner excel row at: 21
23:49:37.850 INFO  utils.ExcelUtils (ExcelUtils.java:39) - Test Runner excel row at: 22
23:49:37.850 INFO  utils.ExcelUtils (ExcelUtils.java:39) - Test Runner excel row at: 23
23:49:37.851 INFO  utils.ExcelUtils (ExcelUtils.java:39) - Test Runner excel row at: 24
23:49:37.851 INFO  utils.ExcelUtils (ExcelUtils.java:39) - Test Runner excel row at: 25
23:49:37.852 INFO  utils.ExcelUtils (ExcelUtils.java:39) - Test Runner excel row at: 26
23:49:37.853 INFO  utils.ExcelUtils (ExcelUtils.java:39) - Test Runner excel row at: 27
23:49:37.853 INFO  utils.ExcelUtils (ExcelUtils.java:39) - Test Runner excel row at: 28
23:49:37.854 INFO  utils.ExcelUtils (ExcelUtils.java:39) - Test Runner excel row at: 29
23:49:37.855 INFO  utils.ExcelUtils (ExcelUtils.java:39) - Test Runner excel row at: 30
23:49:37.856 INFO  utils.ExcelUtils (ExcelUtils.java:39) - Test Runner excel row at: 31
23:49:37.856 INFO  utils.ExcelUtils (ExcelUtils.java:39) - Test Runner excel row at: 32
23:49:37.857 INFO  utils.ExcelUtils (ExcelUtils.java:39) - Test Runner excel row at: 33
23:49:37.858 INFO  utils.ExcelUtils (ExcelUtils.java:39) - Test Runner excel row at: 34
23:49:37.860 INFO  utils.ExcelUtils (ExcelUtils.java:39) - Test Runner excel row at: 35
23:49:37.861 INFO  utils.ExcelUtils (ExcelUtils.java:39) - Test Runner excel row at: 36
23:49:37.862 INFO  utils.ExcelUtils (ExcelUtils.java:39) - Test Runner excel row at: 37
23:49:37.863 INFO  utils.ExcelUtils (ExcelUtils.java:39) - Test Runner excel row at: 38
23:49:37.867 INFO  utils.ExcelUtils (ExcelUtils.java:39) - Test Runner excel row at: 39
23:49:37.871 INFO  utils.ExcelUtils (ExcelUtils.java:39) - Test Runner excel row at: 40
23:49:37.872 INFO  utils.ExcelUtils (ExcelUtils.java:39) - Test Runner excel row at: 41
23:49:37.876 INFO  utils.ExcelUtils (ExcelUtils.java:39) - Test Runner excel row at: 42
23:49:37.876 INFO  utils.ExcelUtils (ExcelUtils.java:39) - Test Runner excel row at: 43
23:49:37.877 INFO  utils.ExcelUtils (ExcelUtils.java:39) - Test Runner excel row at: 44
23:49:37.877 INFO  utils.ExcelUtils (ExcelUtils.java:39) - Test Runner excel row at: 45
23:49:37.879 INFO  utils.ExcelUtils (ExcelUtils.java:39) - Test Runner excel row at: 46
23:49:37.880 INFO  utils.ExcelUtils (ExcelUtils.java:39) - Test Runner excel row at: 47
23:49:37.880 INFO  utils.ExcelUtils (ExcelUtils.java:39) - Test Runner excel row at: 48
23:49:37.881 INFO  utils.ExcelUtils (ExcelUtils.java:39) - Test Runner excel row at: 49
23:49:37.882 INFO  utils.ExcelUtils (ExcelUtils.java:39) - Test Runner excel row at: 50
23:49:37.883 INFO  utils.ExcelUtils (ExcelUtils.java:39) - Test Runner excel row at: 51
23:49:37.883 INFO  utils.ExcelUtils (ExcelUtils.java:39) - Test Runner excel row at: 52
23:49:37.885 INFO  utils.ExcelUtils (ExcelUtils.java:39) - Test Runner excel row at: 53
23:49:37.885 INFO  utils.ExcelUtils (ExcelUtils.java:39) - Test Runner excel row at: 54
23:49:37.886 INFO  utils.ExcelUtils (ExcelUtils.java:39) - Test Runner excel row at: 55
23:49:37.886 INFO  utils.ExcelUtils (ExcelUtils.java:39) - Test Runner excel row at: 56
23:49:37.886 INFO  utils.ExcelUtils (ExcelUtils.java:39) - Test Runner excel row at: 57
23:49:37.886 INFO  utils.ExcelUtils (ExcelUtils.java:39) - Test Runner excel row at: 58
23:49:37.887 INFO  utils.ExcelUtils (ExcelUtils.java:39) - Test Runner excel row at: 59
23:49:37.887 INFO  utils.ExcelUtils (ExcelUtils.java:39) - Test Runner excel row at: 60
23:49:37.888 INFO  utils.ExcelUtils (ExcelUtils.java:39) - Test Runner excel row at: 61
23:49:37.888 INFO  utils.ExcelUtils (ExcelUtils.java:39) - Test Runner excel row at: 62
23:49:37.888 INFO  utils.ExcelUtils (ExcelUtils.java:39) - Test Runner excel row at: 63
23:49:37.888 INFO  utils.ExcelUtils (ExcelUtils.java:39) - Test Runner excel row at: 64
23:49:37.889 INFO  utils.ExcelUtils (ExcelUtils.java:39) - Test Runner excel row at: 65
23:49:37.889 INFO  utils.ExcelUtils (ExcelUtils.java:39) - Test Runner excel row at: 66
23:49:37.889 INFO  utils.ExcelUtils (ExcelUtils.java:39) - Test Runner excel row at: 67
23:49:37.890 INFO  utils.ExcelUtils (ExcelUtils.java:39) - Test Runner excel row at: 68
23:49:37.891 INFO  utils.ExcelUtils (ExcelUtils.java:39) - Test Runner excel row at: 69
23:49:37.891 INFO  utils.ExcelUtils (ExcelUtils.java:39) - Test Runner excel row at: 70
23:49:37.891 INFO  utils.ExcelUtils (ExcelUtils.java:39) - Test Runner excel row at: 71
23:49:37.892 INFO  utils.ExcelUtils (ExcelUtils.java:39) - Test Runner excel row at: 72
23:49:37.892 INFO  utils.ExcelUtils (ExcelUtils.java:39) - Test Runner excel row at: 73
23:49:37.893 INFO  utils.ExcelUtils (ExcelUtils.java:39) - Test Runner excel row at: 74
23:49:37.893 INFO  utils.ExcelUtils (ExcelUtils.java:39) - Test Runner excel row at: 75
23:49:37.893 INFO  utils.ExcelUtils (ExcelUtils.java:39) - Test Runner excel row at: 76
23:49:37.894 INFO  utils.ExcelUtils (ExcelUtils.java:39) - Test Runner excel row at: 77
23:49:37.895 INFO  utils.ExcelUtils (ExcelUtils.java:39) - Test Runner excel row at: 78
23:49:37.895 INFO  utils.ExcelUtils (ExcelUtils.java:39) - Test Runner excel row at: 79
23:49:37.895 INFO  utils.ExcelUtils (ExcelUtils.java:39) - Test Runner excel row at: 80
23:49:37.895 INFO  utils.ExcelUtils (ExcelUtils.java:39) - Test Runner excel row at: 81
23:49:37.896 INFO  utils.ExcelUtils (ExcelUtils.java:39) - Test Runner excel row at: 82
23:49:37.896 INFO  utils.ExcelUtils (ExcelUtils.java:39) - Test Runner excel row at: 83
23:49:37.897 INFO  utils.ExcelUtils (ExcelUtils.java:39) - Test Runner excel row at: 84
23:49:37.897 INFO  utils.ExcelUtils (ExcelUtils.java:39) - Test Runner excel row at: 85
23:49:37.897 INFO  utils.ExcelUtils (ExcelUtils.java:39) - Test Runner excel row at: 86
23:49:37.898 INFO  utils.ExcelUtils (ExcelUtils.java:39) - Test Runner excel row at: 87
23:49:37.899 INFO  utils.ExcelUtils (ExcelUtils.java:39) - Test Runner excel row at: 88
23:49:37.901 INFO  utils.ExcelUtils (ExcelUtils.java:39) - Test Runner excel row at: 89
23:49:37.901 INFO  utils.ExcelUtils (ExcelUtils.java:39) - Test Runner excel row at: 90
23:49:37.902 INFO  utils.ExcelUtils (ExcelUtils.java:39) - Test Runner excel row at: 91
23:49:38.363 WARN  config.Configuration (Configuration.java:231) - QA env being used by default. No env property set. This can be set in the sew.app.yml config file with a '{}=' property or on the command line with the switch '-D{}='.
23:49:43.323 INFO  driver.WebDriverFactory (WebDriverFactory.java:192) - Setting up the browser window to its max.
23:49:43.447 INFO  driver.WebDriverFactory (WebDriverFactory.java:181) - Initializing the implicit wait timeout for {} 5
23:49:43.456 INFO  driver.WebDriverFactory (WebDriverFactory.java:184) - Initializing the page load timeout.
23:49:43.461 INFO  driver.DriverFactory (DriverFactory.java:125) - Clearing all the cookies.
23:49:43.470 INFO  driver.DriverFactory (DriverFactory.java:62) - Open the url {} https://u-ugi10s.smartcmobile.net/ using the selenium get() method.
23:50:05.492 INFO  scp.RegistrationUGITests (RegistrationUGITests.java:26) - Test Case execution for - verifyCustomerRegistrationPage - is Initiated
23:50:05.607 INFO  driver.Page (    Page.java:51) - Preparing for element to click.
23:50:05.608 INFO  driver.Page (    Page.java:225) - Waiting for element to be clickable for 120 seconds.
23:50:05.683 INFO  driver.Page (    Page.java:228) - Element is clickable now.
23:50:05.684 INFO  driver.Page (    Page.java:215) - Returning web element for by type locator : By.cssSelector: #btnResidentialType
23:50:18.517 INFO  driver.Page (    Page.java:54) - Element is clicked successfully.
23:50:18.517 INFO  scp.HomePage (HomePage.java:194) - Wait for Spinner Loading Image invisibility.
23:50:18.517 INFO  driver.Page (    Page.java:271) - Waiting for element to be invisible for 120 seconds.
23:50:23.568 INFO  driver.Page (    Page.java:274) - Element is invisible from the page.
23:50:23.660 INFO  scp.RegistrationUGISteps (RegistrationUGISteps.java:77) - feedbackPopUp Canceled
23:50:23.695 INFO  scp.RegistrationUGIPage (RegistrationUGIPage.java:296) - Populating UtilityAccountNumber {} :411001341840
23:50:23.711 INFO  driver.Page (    Page.java:129) - Wait for element {} [[ChromeDriver: chrome on WINDOWS (8885ee5e02eccc6d7763d5033097e871)] -> id: txt_4] to be present in the DOM for duration of {} 120
23:50:23.711 INFO  driver.Page (    Page.java:257) - Waiting for element to be visible for 120 seconds.
23:50:23.743 INFO  driver.Page (    Page.java:260) - Element is visible on the page.
23:50:23.754 INFO  driver.Page (    Page.java:131) - Clearing the element {} [[ChromeDriver: chrome on WINDOWS (8885ee5e02eccc6d7763d5033097e871)] -> id: txt_4] before sending the keys.
23:50:23.832 INFO  driver.Page (    Page.java:133) - Sending the following keys {} 411001341840 to the element {} [[ChromeDriver: chrome on WINDOWS (8885ee5e02eccc6d7763d5033097e871)] -> id: txt_4]
23:50:23.970 INFO  scp.RegistrationUGIPage (RegistrationUGIPage.java:298) - UtilityAccountNumber populated successfully.
23:50:23.971 INFO  scp.RegistrationUGIPage (RegistrationUGIPage.java:395) - Populating SSN Number {} :411001341840@yopmail.com
23:50:23.987 INFO  driver.Page (    Page.java:129) - Wait for element {} [[ChromeDriver: chrome on WINDOWS (8885ee5e02eccc6d7763d5033097e871)] -> css selector: input[mappingname = 'EmailID']] to be present in the DOM for duration of {} 120
23:50:23.987 INFO  driver.Page (    Page.java:257) - Waiting for element to be visible for 120 seconds.
23:50:24.020 INFO  driver.Page (    Page.java:260) - Element is visible on the page.
23:50:24.033 INFO  driver.Page (    Page.java:131) - Clearing the element {} [[ChromeDriver: chrome on WINDOWS (8885ee5e02eccc6d7763d5033097e871)] -> css selector: input[mappingname = 'EmailID']] before sending the keys.
23:50:24.104 INFO  driver.Page (    Page.java:133) - Sending the following keys {} 411001341840@yopmail.com to the element {} [[ChromeDriver: chrome on WINDOWS (8885ee5e02eccc6d7763d5033097e871)] -> css selector: input[mappingname = 'EmailID']]
23:50:24.261 INFO  scp.RegistrationUGIPage (RegistrationUGIPage.java:397) - Email Id populated successfully.
23:50:24.261 INFO  scp.RegistrationUGIPage (RegistrationUGIPage.java:187) - Populating Postal Code {} :18634
23:50:24.286 INFO  driver.Page (    Page.java:129) - Wait for element {} [[ChromeDriver: chrome on WINDOWS (8885ee5e02eccc6d7763d5033097e871)] -> css selector: input[mappingname='PostalCode']] to be present in the DOM for duration of {} 120
23:50:24.286 INFO  driver.Page (    Page.java:257) - Waiting for element to be visible for 120 seconds.
23:50:24.326 INFO  driver.Page (    Page.java:260) - Element is visible on the page.
23:50:24.342 INFO  driver.Page (    Page.java:131) - Clearing the element {} [[ChromeDriver: chrome on WINDOWS (8885ee5e02eccc6d7763d5033097e871)] -> css selector: input[mappingname='PostalCode']] before sending the keys.
23:50:24.397 INFO  driver.Page (    Page.java:133) - Sending the following keys {} 18634 to the element {} [[ChromeDriver: chrome on WINDOWS (8885ee5e02eccc6d7763d5033097e871)] -> css selector: input[mappingname='PostalCode']]
23:50:24.553 INFO  scp.RegistrationUGIPage (RegistrationUGIPage.java:189) - Postal Code populated successfully.
23:50:24.592 INFO  driver.Page (    Page.java:569) - Preparing for element to click.
23:50:24.636 INFO  driver.Page (    Page.java:576) - Element is clicked successfully.
23:50:24.637 INFO  scp.RegistrationUGIPage (RegistrationUGIPage.java:641) - Next Button clicked successfully.
23:50:24.637 INFO  scp.HomePage (HomePage.java:194) - Wait for Spinner Loading Image invisibility.
23:50:24.638 INFO  driver.Page (    Page.java:271) - Waiting for element to be invisible for 120 seconds.
23:50:32.514 INFO  driver.Page (    Page.java:274) - Element is invisible from the page.
23:50:32.514 INFO  scp.RegistrationUGIPage (RegistrationUGIPage.java:414) - Checking the visibility of Mobile Number on the page.
23:50:32.578 INFO  driver.Page (    Page.java:305) - Element {} : [[ChromeDriver: chrome on WINDOWS (8885ee5e02eccc6d7763d5033097e871)] -> css selector: input[mappingname='MobileNumber']] is visible on the page.
23:50:32.579 INFO  scp.RegistrationUGIPage (RegistrationUGIPage.java:415) - Mobile Number visibility status : true
23:50:32.632 INFO  driver.Page (    Page.java:305) - Element {} : [[ChromeDriver: chrome on WINDOWS (8885ee5e02eccc6d7763d5033097e871)] -> css selector: input[mappingname='MobileNumber']] is visible on the page.
23:50:32.634 INFO  scp.RegistrationUGIPage (RegistrationUGIPage.java:425) - Populating MOBILE Number {} :(123) 456-7890
23:50:32.649 INFO  driver.Page (    Page.java:129) - Wait for element {} [[ChromeDriver: chrome on WINDOWS (8885ee5e02eccc6d7763d5033097e871)] -> css selector: input[mappingname='MobileNumber']] to be present in the DOM for duration of {} 120
23:50:32.649 INFO  driver.Page (    Page.java:257) - Waiting for element to be visible for 120 seconds.
23:50:32.683 INFO  driver.Page (    Page.java:260) - Element is visible on the page.
23:50:32.699 INFO  driver.Page (    Page.java:131) - Clearing the element {} [[ChromeDriver: chrome on WINDOWS (8885ee5e02eccc6d7763d5033097e871)] -> css selector: input[mappingname='MobileNumber']] before sending the keys.
23:50:32.796 INFO  driver.Page (    Page.java:133) - Sending the following keys {} (123) 456-7890 to the element {} [[ChromeDriver: chrome on WINDOWS (8885ee5e02eccc6d7763d5033097e871)] -> css selector: input[mappingname='MobileNumber']]
23:50:32.952 INFO  scp.RegistrationUGIPage (RegistrationUGIPage.java:427) - MOBILE NUMBER populated successfully.
23:50:32.952 INFO  scp.RegistrationUGIPage (RegistrationUGIPage.java:1098) - Populating UserId {} :411001341840_UAT
23:50:32.973 INFO  driver.Page (    Page.java:129) - Wait for element {} [[ChromeDriver: chrome on WINDOWS (8885ee5e02eccc6d7763d5033097e871)] -> css selector: #txt_95] to be present in the DOM for duration of {} 120
23:50:32.974 INFO  driver.Page (    Page.java:257) - Waiting for element to be visible for 120 seconds.
23:50:33.005 INFO  driver.Page (    Page.java:260) - Element is visible on the page.
23:50:33.020 INFO  driver.Page (    Page.java:131) - Clearing the element {} [[ChromeDriver: chrome on WINDOWS (8885ee5e02eccc6d7763d5033097e871)] -> css selector: #txt_95] before sending the keys.
23:50:33.097 INFO  driver.Page (    Page.java:133) - Sending the following keys {} 411001341840_UAT to the element {} [[ChromeDriver: chrome on WINDOWS (8885ee5e02eccc6d7763d5033097e871)] -> css selector: #txt_95]
23:50:33.242 INFO  scp.RegistrationUGIPage (RegistrationUGIPage.java:1100) - UserId populated successfully.
23:50:40.111 INFO  scp.RegistrationUGIPage (RegistrationUGIPage.java:248) - Populating Password {} :Demo@123
23:50:40.144 INFO  driver.Page (    Page.java:129) - Wait for element {} [[ChromeDriver: chrome on WINDOWS (8885ee5e02eccc6d7763d5033097e871)] -> css selector: input[mappingname='Password']:not([style='display:none;']] to be present in the DOM for duration of {} 120
23:50:40.144 INFO  driver.Page (    Page.java:257) - Waiting for element to be visible for 120 seconds.
23:50:40.186 INFO  driver.Page (    Page.java:260) - Element is visible on the page.
23:50:40.203 INFO  driver.Page (    Page.java:131) - Clearing the element {} [[ChromeDriver: chrome on WINDOWS (8885ee5e02eccc6d7763d5033097e871)] -> css selector: input[mappingname='Password']:not([style='display:none;']] before sending the keys.
23:50:40.298 INFO  driver.Page (    Page.java:133) - Sending the following keys {} Demo@123 to the element {} [[ChromeDriver: chrome on WINDOWS (8885ee5e02eccc6d7763d5033097e871)] -> css selector: input[mappingname='Password']:not([style='display:none;']]
23:50:40.490 INFO  scp.RegistrationUGIPage (RegistrationUGIPage.java:250) - Password populated successfully.
23:50:40.490 INFO  scp.RegistrationUGIPage (RegistrationUGIPage.java:275) - Populating Cinfirm Password {} :Demo@123
23:50:40.519 INFO  driver.Page (    Page.java:129) - Wait for element {} [[ChromeDriver: chrome on WINDOWS (8885ee5e02eccc6d7763d5033097e871)] -> css selector: input[mappingname='ConfirmPassword']:not([style='display:none;'])] to be present in the DOM for duration of {} 120
23:50:40.519 INFO  driver.Page (    Page.java:257) - Waiting for element to be visible for 120 seconds.
23:50:40.554 INFO  driver.Page (    Page.java:260) - Element is visible on the page.
23:50:40.571 INFO  driver.Page (    Page.java:131) - Clearing the element {} [[ChromeDriver: chrome on WINDOWS (8885ee5e02eccc6d7763d5033097e871)] -> css selector: input[mappingname='ConfirmPassword']:not([style='display:none;'])] before sending the keys.
23:50:40.639 INFO  driver.Page (    Page.java:133) - Sending the following keys {} Demo@123 to the element {} [[ChromeDriver: chrome on WINDOWS (8885ee5e02eccc6d7763d5033097e871)] -> css selector: input[mappingname='ConfirmPassword']:not([style='display:none;'])]
23:50:40.764 INFO  scp.RegistrationUGIPage (RegistrationUGIPage.java:277) - Confirm Password populated successfully.
23:50:40.824 INFO  driver.Page (    Page.java:359) - Element {} : [[ChromeDriver: chrome on WINDOWS (8885ee5e02eccc6d7763d5033097e871)] -> css selector: [globalize='ML_Registration_Correspondence'] input] is in selected state.
23:50:40.824 INFO  driver.Page (    Page.java:374) - Scrolling page to the very bottom.
23:50:40.832 INFO  driver.Page (    Page.java:376) - Page scrolled to the bottom.
23:50:40.832 INFO  driver.Page (    Page.java:77) - Preparing for element to click.
23:50:40.833 INFO  driver.Page (    Page.java:257) - Waiting for element to be visible for 120 seconds.
23:50:40.863 INFO  driver.Page (    Page.java:260) - Element is visible on the page.
23:50:40.884 INFO  driver.Page (    Page.java:85) - Element is clicked successfully.
23:50:40.884 INFO  scp.RegistrationUGIPage (RegistrationUGIPage.java:77) - Terms and conditions checkbox button is successfully.
23:50:53.461 INFO  scp.RegistrationUGIPage (RegistrationUGIPage.java:296) - Populating UtilityAccountNumber {} :411001088888
23:50:53.479 INFO  driver.Page (    Page.java:129) - Wait for element {} [[ChromeDriver: chrome on WINDOWS (8885ee5e02eccc6d7763d5033097e871)] -> id: txt_4] to be present in the DOM for duration of {} 120
23:50:53.480 INFO  driver.Page (    Page.java:257) - Waiting for element to be visible for 120 seconds.
23:50:53.521 INFO  driver.Page (    Page.java:260) - Element is visible on the page.
23:50:53.533 INFO  driver.Page (    Page.java:131) - Clearing the element {} [[ChromeDriver: chrome on WINDOWS (8885ee5e02eccc6d7763d5033097e871)] -> id: txt_4] before sending the keys.
23:50:53.593 INFO  driver.Page (    Page.java:133) - Sending the following keys {} 411001088888 to the element {} [[ChromeDriver: chrome on WINDOWS (8885ee5e02eccc6d7763d5033097e871)] -> id: txt_4]
23:50:53.722 INFO  scp.RegistrationUGIPage (RegistrationUGIPage.java:298) - UtilityAccountNumber populated successfully.
23:50:53.724 INFO  scp.RegistrationUGIPage (RegistrationUGIPage.java:395) - Populating SSN Number {} :411001088888@yopmail.com
23:50:53.741 INFO  driver.Page (    Page.java:129) - Wait for element {} [[ChromeDriver: chrome on WINDOWS (8885ee5e02eccc6d7763d5033097e871)] -> css selector: input[mappingname = 'EmailID']] to be present in the DOM for duration of {} 120
23:50:53.741 INFO  driver.Page (    Page.java:257) - Waiting for element to be visible for 120 seconds.
23:50:53.776 INFO  driver.Page (    Page.java:260) - Element is visible on the page.
23:50:53.785 INFO  driver.Page (    Page.java:131) - Clearing the element {} [[ChromeDriver: chrome on WINDOWS (8885ee5e02eccc6d7763d5033097e871)] -> css selector: input[mappingname = 'EmailID']] before sending the keys.
23:50:53.843 INFO  driver.Page (    Page.java:133) - Sending the following keys {} 411001088888@yopmail.com to the element {} [[ChromeDriver: chrome on WINDOWS (8885ee5e02eccc6d7763d5033097e871)] -> css selector: input[mappingname = 'EmailID']]
23:50:53.976 INFO  scp.RegistrationUGIPage (RegistrationUGIPage.java:397) - Email Id populated successfully.
23:50:53.977 INFO  scp.RegistrationUGIPage (RegistrationUGIPage.java:187) - Populating Postal Code {} :18639
23:50:53.994 INFO  driver.Page (    Page.java:129) - Wait for element {} [[ChromeDriver: chrome on WINDOWS (8885ee5e02eccc6d7763d5033097e871)] -> css selector: input[mappingname='PostalCode']] to be present in the DOM for duration of {} 120
23:50:53.994 INFO  driver.Page (    Page.java:257) - Waiting for element to be visible for 120 seconds.
23:50:54.016 INFO  driver.Page (    Page.java:260) - Element is visible on the page.
23:50:54.026 INFO  driver.Page (    Page.java:131) - Clearing the element {} [[ChromeDriver: chrome on WINDOWS (8885ee5e02eccc6d7763d5033097e871)] -> css selector: input[mappingname='PostalCode']] before sending the keys.
23:50:54.081 INFO  driver.Page (    Page.java:133) - Sending the following keys {} 18639 to the element {} [[ChromeDriver: chrome on WINDOWS (8885ee5e02eccc6d7763d5033097e871)] -> css selector: input[mappingname='PostalCode']]
23:50:54.165 INFO  scp.RegistrationUGIPage (RegistrationUGIPage.java:189) - Postal Code populated successfully.
23:50:54.197 INFO  driver.Page (    Page.java:569) - Preparing for element to click.
23:50:54.242 INFO  driver.Page (    Page.java:576) - Element is clicked successfully.
23:50:54.242 INFO  scp.RegistrationUGIPage (RegistrationUGIPage.java:641) - Next Button clicked successfully.
23:50:54.242 INFO  scp.HomePage (HomePage.java:194) - Wait for Spinner Loading Image invisibility.
23:50:54.243 INFO  driver.Page (    Page.java:271) - Waiting for element to be invisible for 120 seconds.
23:51:01.547 INFO  driver.Page (    Page.java:274) - Element is invisible from the page.
23:51:01.547 INFO  scp.RegistrationUGIPage (RegistrationUGIPage.java:414) - Checking the visibility of Mobile Number on the page.
23:51:01.592 INFO  scp.RegistrationUGIPage (RegistrationUGIPage.java:415) - Mobile Number visibility status : false
