13:31:31.394 INFO  utils.ExcelUtils (ExcelUtils.java:41) - Test Runner excel row at: 22
13:31:31.411 INFO  utils.ExcelUtils (ExcelUtils.java:41) - Test Runner excel row at: 23
13:31:31.411 INFO  utils.ExcelUtils (ExcelUtils.java:41) - Test Runner excel row at: 24
13:31:31.415 INFO  utils.ExcelUtils (ExcelUtils.java:41) - Test Runner excel row at: 25
13:31:31.416 INFO  utils.ExcelUtils (ExcelUtils.java:41) - Test Runner excel row at: 26
13:31:31.416 INFO  utils.ExcelUtils (ExcelUtils.java:41) - Test Runner excel row at: 27
13:31:31.417 INFO  utils.ExcelUtils (ExcelUtils.java:41) - Test Runner excel row at: 28
13:31:31.418 INFO  utils.ExcelUtils (ExcelUtils.java:41) - Test Runner excel row at: 29
13:31:31.419 INFO  utils.ExcelUtils (ExcelUtils.java:41) - Test Runner excel row at: 30
13:31:31.421 INFO  utils.ExcelUtils (ExcelUtils.java:41) - Test Runner excel row at: 31
13:31:31.421 INFO  utils.ExcelUtils (ExcelUtils.java:41) - Test Runner excel row at: 32
13:31:31.424 INFO  utils.ExcelUtils (ExcelUtils.java:41) - Test Runner excel row at: 33
13:31:31.424 INFO  utils.ExcelUtils (ExcelUtils.java:41) - Test Runner excel row at: 34
13:31:31.424 INFO  utils.ExcelUtils (ExcelUtils.java:41) - Test Runner excel row at: 35
13:31:31.425 INFO  utils.ExcelUtils (ExcelUtils.java:41) - Test Runner excel row at: 36
13:31:31.425 INFO  utils.ExcelUtils (ExcelUtils.java:41) - Test Runner excel row at: 37
13:31:31.425 INFO  utils.ExcelUtils (ExcelUtils.java:41) - Test Runner excel row at: 38
13:31:31.426 INFO  utils.ExcelUtils (ExcelUtils.java:41) - Test Runner excel row at: 39
13:31:31.426 INFO  utils.ExcelUtils (ExcelUtils.java:41) - Test Runner excel row at: 40
13:31:31.427 INFO  utils.ExcelUtils (ExcelUtils.java:41) - Test Runner excel row at: 41
13:31:31.427 INFO  utils.ExcelUtils (ExcelUtils.java:41) - Test Runner excel row at: 42
13:31:31.428 INFO  utils.ExcelUtils (ExcelUtils.java:41) - Test Runner excel row at: 43
13:31:31.428 INFO  utils.ExcelUtils (ExcelUtils.java:41) - Test Runner excel row at: 44
13:31:31.429 INFO  utils.ExcelUtils (ExcelUtils.java:41) - Test Runner excel row at: 45
13:31:31.429 INFO  utils.ExcelUtils (ExcelUtils.java:41) - Test Runner excel row at: 46
13:31:31.430 INFO  utils.ExcelUtils (ExcelUtils.java:41) - Test Runner excel row at: 47
13:31:31.431 INFO  utils.ExcelUtils (ExcelUtils.java:41) - Test Runner excel row at: 48
13:31:31.432 INFO  utils.ExcelUtils (ExcelUtils.java:41) - Test Runner excel row at: 49
13:31:31.432 INFO  utils.ExcelUtils (ExcelUtils.java:41) - Test Runner excel row at: 50
13:31:31.432 INFO  utils.ExcelUtils (ExcelUtils.java:41) - Test Runner excel row at: 51
13:31:31.433 INFO  utils.ExcelUtils (ExcelUtils.java:41) - Test Runner excel row at: 52
13:31:31.433 INFO  utils.ExcelUtils (ExcelUtils.java:41) - Test Runner excel row at: 53
13:31:31.434 INFO  utils.ExcelUtils (ExcelUtils.java:41) - Test Runner excel row at: 54
13:31:31.434 INFO  utils.ExcelUtils (ExcelUtils.java:41) - Test Runner excel row at: 55
13:31:31.434 INFO  utils.ExcelUtils (ExcelUtils.java:41) - Test Runner excel row at: 56
13:31:31.434 INFO  utils.ExcelUtils (ExcelUtils.java:41) - Test Runner excel row at: 57
13:31:31.435 INFO  utils.ExcelUtils (ExcelUtils.java:41) - Test Runner excel row at: 58
13:31:31.435 INFO  utils.ExcelUtils (ExcelUtils.java:41) - Test Runner excel row at: 59
13:31:31.435 INFO  utils.ExcelUtils (ExcelUtils.java:41) - Test Runner excel row at: 60
13:31:31.436 INFO  utils.ExcelUtils (ExcelUtils.java:41) - Test Runner excel row at: 61
13:31:31.436 INFO  utils.ExcelUtils (ExcelUtils.java:41) - Test Runner excel row at: 62
13:31:31.436 INFO  utils.ExcelUtils (ExcelUtils.java:41) - Test Runner excel row at: 63
13:31:31.437 INFO  utils.ExcelUtils (ExcelUtils.java:41) - Test Runner excel row at: 64
13:31:31.437 INFO  utils.ExcelUtils (ExcelUtils.java:41) - Test Runner excel row at: 65
13:31:31.438 INFO  utils.ExcelUtils (ExcelUtils.java:41) - Test Runner excel row at: 66
13:31:31.438 INFO  utils.ExcelUtils (ExcelUtils.java:41) - Test Runner excel row at: 67
13:31:31.439 INFO  utils.ExcelUtils (ExcelUtils.java:41) - Test Runner excel row at: 68
13:31:31.440 INFO  utils.ExcelUtils (ExcelUtils.java:41) - Test Runner excel row at: 69
13:31:31.440 INFO  utils.ExcelUtils (ExcelUtils.java:41) - Test Runner excel row at: 70
13:31:31.440 INFO  utils.ExcelUtils (ExcelUtils.java:41) - Test Runner excel row at: 71
13:31:31.440 INFO  utils.ExcelUtils (ExcelUtils.java:41) - Test Runner excel row at: 72
13:31:31.441 INFO  utils.ExcelUtils (ExcelUtils.java:41) - Test Runner excel row at: 73
13:31:31.441 INFO  utils.ExcelUtils (ExcelUtils.java:41) - Test Runner excel row at: 74
13:31:31.442 INFO  utils.ExcelUtils (ExcelUtils.java:41) - Test Runner excel row at: 75
13:31:31.442 INFO  utils.ExcelUtils (ExcelUtils.java:41) - Test Runner excel row at: 76
13:31:31.445 INFO  utils.ExcelUtils (ExcelUtils.java:41) - Test Runner excel row at: 77
13:31:31.446 INFO  utils.ExcelUtils (ExcelUtils.java:41) - Test Runner excel row at: 78
13:31:31.446 INFO  utils.ExcelUtils (ExcelUtils.java:41) - Test Runner excel row at: 79
13:31:31.446 INFO  utils.ExcelUtils (ExcelUtils.java:41) - Test Runner excel row at: 80
13:31:31.447 INFO  utils.ExcelUtils (ExcelUtils.java:41) - Test Runner excel row at: 81
13:31:31.447 INFO  utils.ExcelUtils (ExcelUtils.java:41) - Test Runner excel row at: 82
13:31:31.448 INFO  utils.ExcelUtils (ExcelUtils.java:41) - Test Runner excel row at: 83
13:31:31.448 INFO  utils.ExcelUtils (ExcelUtils.java:41) - Test Runner excel row at: 84
13:31:31.448 INFO  utils.ExcelUtils (ExcelUtils.java:41) - Test Runner excel row at: 85
13:31:31.449 INFO  utils.ExcelUtils (ExcelUtils.java:41) - Test Runner excel row at: 86
13:31:31.449 INFO  utils.ExcelUtils (ExcelUtils.java:41) - Test Runner excel row at: 87
13:31:31.449 INFO  utils.ExcelUtils (ExcelUtils.java:41) - Test Runner excel row at: 88
13:31:31.449 INFO  utils.ExcelUtils (ExcelUtils.java:41) - Test Runner excel row at: 89
13:31:31.450 INFO  utils.ExcelUtils (ExcelUtils.java:41) - Test Runner excel row at: 90
13:31:31.452 INFO  utils.ExcelUtils (ExcelUtils.java:41) - Test Runner excel row at: 91
13:31:31.452 INFO  utils.ExcelUtils (ExcelUtils.java:41) - Test Runner excel row at: 92
13:31:31.453 INFO  utils.ExcelUtils (ExcelUtils.java:41) - Test Runner excel row at: 93
13:31:32.573 WARN  config.Configuration (Configuration.java:231) - QA env being used by default. No env property set. This can be set in the sew.app.yml config file with a '{}=' property or on the command line with the switch '-D{}='.
13:31:49.175 INFO  driver.WebDriverFactory (WebDriverFactory.java:192) - Setting up the browser window to its max.
13:31:49.607 INFO  driver.WebDriverFactory (WebDriverFactory.java:181) - Initializing the implicit wait timeout for {} 5
13:31:49.623 INFO  driver.WebDriverFactory (WebDriverFactory.java:184) - Initializing the page load timeout.
13:31:49.634 INFO  driver.DriverFactory (DriverFactory.java:125) - Clearing all the cookies.
13:31:49.788 INFO  driver.DriverFactory (DriverFactory.java:62) - Open the url {} https://pwccx.smartcmobile.com/Portal/default.aspx using the selenium get() method.
13:32:18.085 INFO  scp.LoginSewTests (LoginSewTests.java:33) - Test to login in application and check usage
13:32:19.945 INFO  scp.LoginSewPage (LoginSewPage.java:28) - Populating User Name {} :scmuser
13:32:20.591 INFO  driver.Page (    Page.java:129) - Wait for element {} [[ChromeDriver: chrome on windows (1aa4e12fabb68bb3d8ac25eb6ed88deb)] -> css selector: #txtLogin] to be present in the DOM for duration of {} 120
13:32:20.592 INFO  driver.Page (    Page.java:257) - Waiting for element to be visible for 120 seconds.
13:32:20.800 INFO  driver.Page (    Page.java:260) - Element is visible on the page.
13:32:20.838 INFO  driver.Page (    Page.java:131) - Clearing the element {} [[ChromeDriver: chrome on windows (1aa4e12fabb68bb3d8ac25eb6ed88deb)] -> css selector: #txtLogin] before sending the keys.
13:32:20.995 INFO  driver.Page (    Page.java:133) - Sending the following keys {} scmuser to the element {} [[ChromeDriver: chrome on windows (1aa4e12fabb68bb3d8ac25eb6ed88deb)] -> css selector: #txtLogin]
13:32:21.208 INFO  scp.LoginSewPage (LoginSewPage.java:30) - User Username populated successfully.
13:32:21.209 INFO  scp.LoginSewPage (LoginSewPage.java:37) - Populating Password {} :scmuser@2022
13:32:21.240 INFO  driver.Page (    Page.java:129) - Wait for element {} [[ChromeDriver: chrome on windows (1aa4e12fabb68bb3d8ac25eb6ed88deb)] -> css selector: #txtpwd] to be present in the DOM for duration of {} 120
13:32:21.240 INFO  driver.Page (    Page.java:257) - Waiting for element to be visible for 120 seconds.
13:32:21.313 INFO  driver.Page (    Page.java:260) - Element is visible on the page.
13:32:21.338 INFO  driver.Page (    Page.java:131) - Clearing the element {} [[ChromeDriver: chrome on windows (1aa4e12fabb68bb3d8ac25eb6ed88deb)] -> css selector: #txtpwd] before sending the keys.
13:32:21.431 INFO  driver.Page (    Page.java:133) - Sending the following keys {} scmuser@2022 to the element {} [[ChromeDriver: chrome on windows (1aa4e12fabb68bb3d8ac25eb6ed88deb)] -> css selector: #txtpwd]
13:32:21.542 INFO  scp.LoginSewPage (LoginSewPage.java:39) - Password populated successfully.
13:32:21.543 INFO  driver.Page (    Page.java:58) - Preparing for element to click.
13:32:21.543 INFO  driver.Page (    Page.java:232) - Waiting for element to be clickable for 120 seconds.
13:32:21.650 INFO  driver.Page (    Page.java:235) - Element is clickable now.
13:32:21.740 INFO  driver.Page (    Page.java:61) - Element is clicked successfully.
13:32:21.740 INFO  scp.LoginSewPage (LoginSewPage.java:47) - SignIn Button clicked successfully.
13:32:24.252 INFO  driver.Page (    Page.java:257) - Waiting for element to be visible for 120 seconds.
13:33:05.231 INFO  driver.Page (    Page.java:260) - Element is visible on the page.
13:33:05.231 INFO  driver.Page (    Page.java:569) - Preparing for element to click.
13:33:05.529 INFO  driver.Page (    Page.java:576) - Element is clicked successfully.
13:33:05.529 INFO  scp.LoginSewPage (LoginSewPage.java:151) - Clicked used module from Header
13:33:05.530 INFO  driver.Page (    Page.java:257) - Waiting for element to be visible for 120 seconds.
13:33:05.629 INFO  driver.Page (    Page.java:260) - Element is visible on the page.
13:33:05.629 INFO  driver.Page (    Page.java:569) - Preparing for element to click.
13:33:39.490 INFO  driver.Page (    Page.java:576) - Element is clicked successfully.
13:33:39.491 INFO  scp.LoginSewPage (LoginSewPage.java:160) - Clicked on usage overview
13:33:45.232 INFO  scp.LoginSewPage (LoginSewPage.java:168) - Checking the Visibility of Power link on the Usages Page.true
13:33:45.414 INFO  driver.Page (    Page.java:305) - Element {} : [[ChromeDriver: chrome on windows (1aa4e12fabb68bb3d8ac25eb6ed88deb)] -> css selector: a[id*='HeaderUsageUI_PU']] is visible on the page.
13:33:45.503 INFO  driver.Page (    Page.java:305) - Element {} : [[ChromeDriver: chrome on windows (1aa4e12fabb68bb3d8ac25eb6ed88deb)] -> css selector: select#ddlMultiMeter] is visible on the page.
13:33:45.503 INFO  scp.LoginSewPage (LoginSewPage.java:177) - Meter DropDown visibility status {}: true
13:33:45.504 INFO  driver.Page (    Page.java:58) - Preparing for element to click.
13:33:45.504 INFO  driver.Page (    Page.java:232) - Waiting for element to be clickable for 120 seconds.
13:33:45.667 INFO  driver.Page (    Page.java:235) - Element is clickable now.
13:33:47.005 INFO  driver.DriverFactory (DriverFactory.java:125) - Clearing all the cookies.
13:37:19.752 INFO  runner.TestRunner (TestRunner.java:32) - Initializing application properties config file.
13:37:19.758 INFO  runner.TestRunner (TestRunner.java:35) - Initializing connection to the base database.
13:37:19.758 INFO  runner.TestRunner (TestRunner.java:38) - Initializing resource path config file.
13:37:19.759 INFO  runner.TestRunner (TestRunner.java:41) - Initializing usage months config from CSP.
13:37:19.759 INFO  runner.TestRunner (TestRunner.java:44) - Initializing date config from CSP.
13:37:19.759 INFO  runner.TestRunner (TestRunner.java:47) - Initializing language config from CSP.
13:37:19.760 INFO  runner.TestRunner (TestRunner.java:50) - Initializing language config from CSP.
13:37:19.760 INFO  runner.TestRunner (TestRunner.java:53) - Initializing language config from CSP.
13:37:19.761 INFO  runner.TestRunner (TestRunner.java:56) - Initializing user model config.
13:37:19.761 INFO  runner.TestRunner (TestRunner.java:59) - Initializing auth token config.
13:37:19.761 INFO  runner.TestRunner (TestRunner.java:62) - Initializing Admin User config.
13:37:21.985 INFO  utils.ExcelUtils (ExcelUtils.java:41) - Test Runner excel row at: 1
13:37:21.995 INFO  utils.ExcelUtils (ExcelUtils.java:41) - Test Runner excel row at: 2
13:37:21.996 INFO  utils.ExcelUtils (ExcelUtils.java:41) - Test Runner excel row at: 3
13:37:21.997 INFO  utils.ExcelUtils (ExcelUtils.java:41) - Test Runner excel row at: 4
13:37:21.998 INFO  utils.ExcelUtils (ExcelUtils.java:41) - Test Runner excel row at: 5
13:37:22.031 INFO  utils.ExcelUtils (ExcelUtils.java:41) - Test Runner excel row at: 6
13:37:22.034 INFO  utils.ExcelUtils (ExcelUtils.java:41) - Test Runner excel row at: 7
13:37:22.037 INFO  utils.ExcelUtils (ExcelUtils.java:41) - Test Runner excel row at: 8
13:37:22.038 INFO  utils.ExcelUtils (ExcelUtils.java:41) - Test Runner excel row at: 9
13:37:22.040 INFO  utils.ExcelUtils (ExcelUtils.java:41) - Test Runner excel row at: 10
13:37:22.041 INFO  utils.ExcelUtils (ExcelUtils.java:41) - Test Runner excel row at: 11
13:37:22.042 INFO  utils.ExcelUtils (ExcelUtils.java:41) - Test Runner excel row at: 12
13:37:22.046 INFO  utils.ExcelUtils (ExcelUtils.java:41) - Test Runner excel row at: 13
13:37:22.048 INFO  utils.ExcelUtils (ExcelUtils.java:41) - Test Runner excel row at: 14
13:37:22.051 INFO  utils.ExcelUtils (ExcelUtils.java:41) - Test Runner excel row at: 15
13:37:22.052 INFO  utils.ExcelUtils (ExcelUtils.java:41) - Test Runner excel row at: 16
13:37:22.054 INFO  utils.ExcelUtils (ExcelUtils.java:41) - Test Runner excel row at: 17
13:37:22.055 INFO  utils.ExcelUtils (ExcelUtils.java:41) - Test Runner excel row at: 18
13:37:22.061 INFO  utils.ExcelUtils (ExcelUtils.java:41) - Test Runner excel row at: 19
13:37:22.063 INFO  utils.ExcelUtils (ExcelUtils.java:41) - Test Runner excel row at: 20
13:37:22.075 INFO  utils.ExcelUtils (ExcelUtils.java:41) - Test Runner excel row at: 21
13:37:22.081 INFO  utils.ExcelUtils (ExcelUtils.java:41) - Test Runner excel row at: 22
13:37:22.087 INFO  utils.ExcelUtils (ExcelUtils.java:41) - Test Runner excel row at: 23
13:37:22.089 INFO  utils.ExcelUtils (ExcelUtils.java:41) - Test Runner excel row at: 24
13:37:22.090 INFO  utils.ExcelUtils (ExcelUtils.java:41) - Test Runner excel row at: 25
13:37:22.103 INFO  utils.ExcelUtils (ExcelUtils.java:41) - Test Runner excel row at: 26
13:37:22.104 INFO  utils.ExcelUtils (ExcelUtils.java:41) - Test Runner excel row at: 27
13:37:22.105 INFO  utils.ExcelUtils (ExcelUtils.java:41) - Test Runner excel row at: 28
13:37:22.107 INFO  utils.ExcelUtils (ExcelUtils.java:41) - Test Runner excel row at: 29
13:37:22.108 INFO  utils.ExcelUtils (ExcelUtils.java:41) - Test Runner excel row at: 30
13:37:22.109 INFO  utils.ExcelUtils (ExcelUtils.java:41) - Test Runner excel row at: 31
13:37:22.110 INFO  utils.ExcelUtils (ExcelUtils.java:41) - Test Runner excel row at: 32
13:37:22.113 INFO  utils.ExcelUtils (ExcelUtils.java:41) - Test Runner excel row at: 33
13:37:22.114 INFO  utils.ExcelUtils (ExcelUtils.java:41) - Test Runner excel row at: 34
13:37:22.114 INFO  utils.ExcelUtils (ExcelUtils.java:41) - Test Runner excel row at: 35
13:37:22.115 INFO  utils.ExcelUtils (ExcelUtils.java:41) - Test Runner excel row at: 36
13:37:22.116 INFO  utils.ExcelUtils (ExcelUtils.java:41) - Test Runner excel row at: 37
13:37:22.116 INFO  utils.ExcelUtils (ExcelUtils.java:41) - Test Runner excel row at: 38
13:37:22.121 INFO  utils.ExcelUtils (ExcelUtils.java:41) - Test Runner excel row at: 39
13:37:22.122 INFO  utils.ExcelUtils (ExcelUtils.java:41) - Test Runner excel row at: 40
13:37:22.123 INFO  utils.ExcelUtils (ExcelUtils.java:41) - Test Runner excel row at: 41
13:37:22.124 INFO  utils.ExcelUtils (ExcelUtils.java:41) - Test Runner excel row at: 42
13:37:22.126 INFO  utils.ExcelUtils (ExcelUtils.java:41) - Test Runner excel row at: 43
13:37:22.126 INFO  utils.ExcelUtils (ExcelUtils.java:41) - Test Runner excel row at: 44
13:37:22.133 INFO  utils.ExcelUtils (ExcelUtils.java:41) - Test Runner excel row at: 45
13:37:22.133 INFO  utils.ExcelUtils (ExcelUtils.java:41) - Test Runner excel row at: 46
13:37:22.134 INFO  utils.ExcelUtils (ExcelUtils.java:41) - Test Runner excel row at: 47
13:37:22.140 INFO  utils.ExcelUtils (ExcelUtils.java:41) - Test Runner excel row at: 48
13:37:22.141 INFO  utils.ExcelUtils (ExcelUtils.java:41) - Test Runner excel row at: 49
13:37:22.142 INFO  utils.ExcelUtils (ExcelUtils.java:41) - Test Runner excel row at: 50
13:37:22.143 INFO  utils.ExcelUtils (ExcelUtils.java:41) - Test Runner excel row at: 51
13:37:22.154 INFO  utils.ExcelUtils (ExcelUtils.java:41) - Test Runner excel row at: 52
13:37:22.156 INFO  utils.ExcelUtils (ExcelUtils.java:41) - Test Runner excel row at: 53
13:37:22.157 INFO  utils.ExcelUtils (ExcelUtils.java:41) - Test Runner excel row at: 54
13:37:22.159 INFO  utils.ExcelUtils (ExcelUtils.java:41) - Test Runner excel row at: 55
13:37:22.160 INFO  utils.ExcelUtils (ExcelUtils.java:41) - Test Runner excel row at: 56
13:37:22.162 INFO  utils.ExcelUtils (ExcelUtils.java:41) - Test Runner excel row at: 57
13:37:22.175 INFO  utils.ExcelUtils (ExcelUtils.java:41) - Test Runner excel row at: 58
13:37:22.182 INFO  utils.ExcelUtils (ExcelUtils.java:41) - Test Runner excel row at: 59
13:37:22.197 INFO  utils.ExcelUtils (ExcelUtils.java:41) - Test Runner excel row at: 60
13:37:22.197 INFO  utils.ExcelUtils (ExcelUtils.java:41) - Test Runner excel row at: 61
13:37:22.200 INFO  utils.ExcelUtils (ExcelUtils.java:41) - Test Runner excel row at: 62
13:37:22.201 INFO  utils.ExcelUtils (ExcelUtils.java:41) - Test Runner excel row at: 63
13:37:22.201 INFO  utils.ExcelUtils (ExcelUtils.java:41) - Test Runner excel row at: 64
13:37:22.201 INFO  utils.ExcelUtils (ExcelUtils.java:41) - Test Runner excel row at: 65
13:37:22.202 INFO  utils.ExcelUtils (ExcelUtils.java:41) - Test Runner excel row at: 66
13:37:22.202 INFO  utils.ExcelUtils (ExcelUtils.java:41) - Test Runner excel row at: 67
13:37:22.202 INFO  utils.ExcelUtils (ExcelUtils.java:41) - Test Runner excel row at: 68
13:37:22.203 INFO  utils.ExcelUtils (ExcelUtils.java:41) - Test Runner excel row at: 69
13:37:22.203 INFO  utils.ExcelUtils (ExcelUtils.java:41) - Test Runner excel row at: 70
13:37:22.203 INFO  utils.ExcelUtils (ExcelUtils.java:41) - Test Runner excel row at: 71
13:37:22.204 INFO  utils.ExcelUtils (ExcelUtils.java:41) - Test Runner excel row at: 72
13:37:22.204 INFO  utils.ExcelUtils (ExcelUtils.java:41) - Test Runner excel row at: 73
13:37:22.204 INFO  utils.ExcelUtils (ExcelUtils.java:41) - Test Runner excel row at: 74
13:37:22.204 INFO  utils.ExcelUtils (ExcelUtils.java:41) - Test Runner excel row at: 75
13:37:22.204 INFO  utils.ExcelUtils (ExcelUtils.java:41) - Test Runner excel row at: 76
13:37:22.206 INFO  utils.ExcelUtils (ExcelUtils.java:41) - Test Runner excel row at: 77
13:37:22.206 INFO  utils.ExcelUtils (ExcelUtils.java:41) - Test Runner excel row at: 78
13:37:22.206 INFO  utils.ExcelUtils (ExcelUtils.java:41) - Test Runner excel row at: 79
13:37:22.206 INFO  utils.ExcelUtils (ExcelUtils.java:41) - Test Runner excel row at: 80
13:37:22.207 INFO  utils.ExcelUtils (ExcelUtils.java:41) - Test Runner excel row at: 81
13:37:22.207 INFO  utils.ExcelUtils (ExcelUtils.java:41) - Test Runner excel row at: 82
13:37:22.207 INFO  utils.ExcelUtils (ExcelUtils.java:41) - Test Runner excel row at: 83
13:37:22.208 INFO  utils.ExcelUtils (ExcelUtils.java:41) - Test Runner excel row at: 84
13:37:22.208 INFO  utils.ExcelUtils (ExcelUtils.java:41) - Test Runner excel row at: 85
13:37:22.208 INFO  utils.ExcelUtils (ExcelUtils.java:41) - Test Runner excel row at: 86
13:37:22.209 INFO  utils.ExcelUtils (ExcelUtils.java:41) - Test Runner excel row at: 87
13:37:22.209 INFO  utils.ExcelUtils (ExcelUtils.java:41) - Test Runner excel row at: 88
13:37:22.209 INFO  utils.ExcelUtils (ExcelUtils.java:41) - Test Runner excel row at: 89
13:37:22.210 INFO  utils.ExcelUtils (ExcelUtils.java:41) - Test Runner excel row at: 90
13:37:22.210 INFO  utils.ExcelUtils (ExcelUtils.java:41) - Test Runner excel row at: 91
13:37:22.210 INFO  utils.ExcelUtils (ExcelUtils.java:41) - Test Runner excel row at: 92
13:37:22.210 INFO  utils.ExcelUtils (ExcelUtils.java:41) - Test Runner excel row at: 93
13:37:22.882 WARN  config.Configuration (Configuration.java:231) - QA env being used by default. No env property set. This can be set in the sew.app.yml config file with a '{}=' property or on the command line with the switch '-D{}='.
13:37:37.352 INFO  driver.WebDriverFactory (WebDriverFactory.java:192) - Setting up the browser window to its max.
13:37:37.491 INFO  driver.WebDriverFactory (WebDriverFactory.java:181) - Initializing the implicit wait timeout for {} 5
13:37:37.499 INFO  driver.WebDriverFactory (WebDriverFactory.java:184) - Initializing the page load timeout.
13:37:37.505 INFO  driver.DriverFactory (DriverFactory.java:125) - Clearing all the cookies.
13:37:37.609 INFO  driver.DriverFactory (DriverFactory.java:62) - Open the url {} https://pwccx.smartcmobile.com/Portal/default.aspx using the selenium get() method.
13:38:06.228 INFO  scp.LoginSewTests (LoginSewTests.java:33) - Test to login in application and check usage
13:38:09.348 INFO  scp.LoginSewPage (LoginSewPage.java:28) - Populating User Name {} :scmuser
13:38:09.594 INFO  driver.Page (    Page.java:129) - Wait for element {} [[ChromeDriver: chrome on windows (1260da532bb85d530cb4a4c261764408)] -> css selector: #txtLogin] to be present in the DOM for duration of {} 120
13:38:09.594 INFO  driver.Page (    Page.java:257) - Waiting for element to be visible for 120 seconds.
13:38:10.134 INFO  driver.Page (    Page.java:260) - Element is visible on the page.
13:38:10.328 INFO  driver.Page (    Page.java:131) - Clearing the element {} [[ChromeDriver: chrome on windows (1260da532bb85d530cb4a4c261764408)] -> css selector: #txtLogin] before sending the keys.
13:38:10.522 INFO  driver.Page (    Page.java:133) - Sending the following keys {} scmuser to the element {} [[ChromeDriver: chrome on windows (1260da532bb85d530cb4a4c261764408)] -> css selector: #txtLogin]
13:38:10.720 INFO  scp.LoginSewPage (LoginSewPage.java:30) - User Username populated successfully.
13:38:10.720 INFO  scp.LoginSewPage (LoginSewPage.java:37) - Populating Password {} :scmuser@2022
13:38:10.832 INFO  driver.Page (    Page.java:129) - Wait for element {} [[ChromeDriver: chrome on windows (1260da532bb85d530cb4a4c261764408)] -> css selector: #txtpwd] to be present in the DOM for duration of {} 120
13:38:10.832 INFO  driver.Page (    Page.java:257) - Waiting for element to be visible for 120 seconds.
13:38:11.252 INFO  driver.Page (    Page.java:260) - Element is visible on the page.
13:38:11.617 INFO  driver.Page (    Page.java:131) - Clearing the element {} [[ChromeDriver: chrome on windows (1260da532bb85d530cb4a4c261764408)] -> css selector: #txtpwd] before sending the keys.
13:38:13.576 INFO  driver.Page (    Page.java:133) - Sending the following keys {} scmuser@2022 to the element {} [[ChromeDriver: chrome on windows (1260da532bb85d530cb4a4c261764408)] -> css selector: #txtpwd]
13:38:13.702 INFO  scp.LoginSewPage (LoginSewPage.java:39) - Password populated successfully.
13:38:13.702 INFO  driver.Page (    Page.java:58) - Preparing for element to click.
13:38:13.702 INFO  driver.Page (    Page.java:232) - Waiting for element to be clickable for 120 seconds.
13:38:14.260 INFO  driver.Page (    Page.java:235) - Element is clickable now.
13:38:14.349 INFO  driver.Page (    Page.java:61) - Element is clicked successfully.
13:38:14.350 INFO  scp.LoginSewPage (LoginSewPage.java:47) - SignIn Button clicked successfully.
13:38:15.882 INFO  driver.Page (    Page.java:257) - Waiting for element to be visible for 120 seconds.
13:38:55.333 INFO  driver.Page (    Page.java:260) - Element is visible on the page.
13:38:55.333 INFO  driver.Page (    Page.java:569) - Preparing for element to click.
13:38:55.385 INFO  driver.Page (    Page.java:576) - Element is clicked successfully.
13:38:55.385 INFO  scp.LoginSewPage (LoginSewPage.java:151) - Clicked used module from Header
13:38:55.386 INFO  driver.Page (    Page.java:257) - Waiting for element to be visible for 120 seconds.
13:38:55.444 INFO  driver.Page (    Page.java:260) - Element is visible on the page.
13:38:55.445 INFO  driver.Page (    Page.java:569) - Preparing for element to click.
13:38:55.484 INFO  driver.Page (    Page.java:576) - Element is clicked successfully.
13:38:55.484 INFO  scp.LoginSewPage (LoginSewPage.java:160) - Clicked on usage overview
13:39:15.427 INFO  scp.LoginSewPage (LoginSewPage.java:168) - Checking the Visibility of Power link on the Usages Page.true
13:39:15.527 INFO  driver.Page (    Page.java:305) - Element {} : [[ChromeDriver: chrome on windows (1260da532bb85d530cb4a4c261764408)] -> css selector: a[id*='HeaderUsageUI_PU']] is visible on the page.
13:39:15.611 INFO  driver.Page (    Page.java:305) - Element {} : [[ChromeDriver: chrome on windows (1260da532bb85d530cb4a4c261764408)] -> css selector: select#ddlMultiMeter] is visible on the page.
13:39:15.611 INFO  scp.LoginSewPage (LoginSewPage.java:177) - Meter DropDown visibility status {}: true
13:39:17.136 INFO  driver.Page (    Page.java:58) - Preparing for element to click.
13:39:17.136 INFO  driver.Page (    Page.java:232) - Waiting for element to be clickable for 120 seconds.
13:39:17.369 INFO  driver.Page (    Page.java:235) - Element is clickable now.
13:39:17.501 INFO  driver.Page (    Page.java:61) - Element is clicked successfully.
13:39:17.502 INFO  scp.LoginSewPage (LoginSewPage.java:187) - Clicked on Kwh Unit
13:39:17.562 INFO  scp.LoginSewPage (LoginSewPage.java:198) - KwhUnit usage toggle selected status : false
13:39:18.505 INFO  driver.DriverFactory (DriverFactory.java:125) - Clearing all the cookies.
13:47:17.379 INFO  runner.TestRunner (TestRunner.java:32) - Initializing application properties config file.
13:47:17.526 INFO  runner.TestRunner (TestRunner.java:35) - Initializing connection to the base database.
13:47:17.532 INFO  runner.TestRunner (TestRunner.java:38) - Initializing resource path config file.
13:47:17.573 INFO  runner.TestRunner (TestRunner.java:41) - Initializing usage months config from CSP.
13:47:17.574 INFO  runner.TestRunner (TestRunner.java:44) - Initializing date config from CSP.
13:47:17.579 INFO  runner.TestRunner (TestRunner.java:47) - Initializing language config from CSP.
13:47:17.580 INFO  runner.TestRunner (TestRunner.java:50) - Initializing language config from CSP.
13:47:17.580 INFO  runner.TestRunner (TestRunner.java:53) - Initializing language config from CSP.
13:47:17.582 INFO  runner.TestRunner (TestRunner.java:56) - Initializing user model config.
13:47:17.582 INFO  runner.TestRunner (TestRunner.java:59) - Initializing auth token config.
13:47:17.585 INFO  runner.TestRunner (TestRunner.java:62) - Initializing Admin User config.
13:47:25.280 INFO  utils.ExcelUtils (ExcelUtils.java:41) - Test Runner excel row at: 1
13:47:25.393 INFO  utils.ExcelUtils (ExcelUtils.java:41) - Test Runner excel row at: 2
13:47:25.403 INFO  utils.ExcelUtils (ExcelUtils.java:41) - Test Runner excel row at: 3
13:47:25.413 INFO  utils.ExcelUtils (ExcelUtils.java:41) - Test Runner excel row at: 4
13:47:25.448 INFO  utils.ExcelUtils (ExcelUtils.java:41) - Test Runner excel row at: 5
13:47:25.454 INFO  utils.ExcelUtils (ExcelUtils.java:41) - Test Runner excel row at: 6
13:47:25.454 INFO  utils.ExcelUtils (ExcelUtils.java:41) - Test Runner excel row at: 7
13:47:25.454 INFO  utils.ExcelUtils (ExcelUtils.java:41) - Test Runner excel row at: 8
13:47:25.454 INFO  utils.ExcelUtils (ExcelUtils.java:41) - Test Runner excel row at: 9
13:47:25.454 INFO  utils.ExcelUtils (ExcelUtils.java:41) - Test Runner excel row at: 10
13:47:25.454 INFO  utils.ExcelUtils (ExcelUtils.java:41) - Test Runner excel row at: 11
13:47:25.479 INFO  utils.ExcelUtils (ExcelUtils.java:41) - Test Runner excel row at: 12
13:47:25.484 INFO  utils.ExcelUtils (ExcelUtils.java:41) - Test Runner excel row at: 13
13:47:25.511 INFO  utils.ExcelUtils (ExcelUtils.java:41) - Test Runner excel row at: 14
13:47:25.515 INFO  utils.ExcelUtils (ExcelUtils.java:41) - Test Runner excel row at: 15
13:47:25.527 INFO  utils.ExcelUtils (ExcelUtils.java:41) - Test Runner excel row at: 16
13:47:25.527 INFO  utils.ExcelUtils (ExcelUtils.java:41) - Test Runner excel row at: 17
13:47:25.857 INFO  utils.ExcelUtils (ExcelUtils.java:41) - Test Runner excel row at: 18
13:47:25.857 INFO  utils.ExcelUtils (ExcelUtils.java:41) - Test Runner excel row at: 19
13:47:25.862 INFO  utils.ExcelUtils (ExcelUtils.java:41) - Test Runner excel row at: 20
13:47:25.862 INFO  utils.ExcelUtils (ExcelUtils.java:41) - Test Runner excel row at: 21
13:47:25.862 INFO  utils.ExcelUtils (ExcelUtils.java:41) - Test Runner excel row at: 22
13:47:25.863 INFO  utils.ExcelUtils (ExcelUtils.java:41) - Test Runner excel row at: 23
13:47:25.863 INFO  utils.ExcelUtils (ExcelUtils.java:41) - Test Runner excel row at: 24
13:47:25.863 INFO  utils.ExcelUtils (ExcelUtils.java:41) - Test Runner excel row at: 25
13:47:25.863 INFO  utils.ExcelUtils (ExcelUtils.java:41) - Test Runner excel row at: 26
13:47:25.863 INFO  utils.ExcelUtils (ExcelUtils.java:41) - Test Runner excel row at: 27
13:47:25.863 INFO  utils.ExcelUtils (ExcelUtils.java:41) - Test Runner excel row at: 28
13:47:25.863 INFO  utils.ExcelUtils (ExcelUtils.java:41) - Test Runner excel row at: 29
13:47:25.863 INFO  utils.ExcelUtils (ExcelUtils.java:41) - Test Runner excel row at: 30
13:47:25.863 INFO  utils.ExcelUtils (ExcelUtils.java:41) - Test Runner excel row at: 31
13:47:25.863 INFO  utils.ExcelUtils (ExcelUtils.java:41) - Test Runner excel row at: 32
13:47:25.863 INFO  utils.ExcelUtils (ExcelUtils.java:41) - Test Runner excel row at: 33
13:47:25.863 INFO  utils.ExcelUtils (ExcelUtils.java:41) - Test Runner excel row at: 34
13:47:25.863 INFO  utils.ExcelUtils (ExcelUtils.java:41) - Test Runner excel row at: 35
13:47:25.863 INFO  utils.ExcelUtils (ExcelUtils.java:41) - Test Runner excel row at: 36
13:47:25.863 INFO  utils.ExcelUtils (ExcelUtils.java:41) - Test Runner excel row at: 37
13:47:25.863 INFO  utils.ExcelUtils (ExcelUtils.java:41) - Test Runner excel row at: 38
13:47:25.863 INFO  utils.ExcelUtils (ExcelUtils.java:41) - Test Runner excel row at: 39
13:47:25.863 INFO  utils.ExcelUtils (ExcelUtils.java:41) - Test Runner excel row at: 40
13:47:25.863 INFO  utils.ExcelUtils (ExcelUtils.java:41) - Test Runner excel row at: 41
13:47:25.863 INFO  utils.ExcelUtils (ExcelUtils.java:41) - Test Runner excel row at: 42
13:47:25.863 INFO  utils.ExcelUtils (ExcelUtils.java:41) - Test Runner excel row at: 43
13:47:25.863 INFO  utils.ExcelUtils (ExcelUtils.java:41) - Test Runner excel row at: 44
13:47:25.863 INFO  utils.ExcelUtils (ExcelUtils.java:41) - Test Runner excel row at: 45
13:47:25.863 INFO  utils.ExcelUtils (ExcelUtils.java:41) - Test Runner excel row at: 46
13:47:25.873 INFO  utils.ExcelUtils (ExcelUtils.java:41) - Test Runner excel row at: 47
13:47:25.873 INFO  utils.ExcelUtils (ExcelUtils.java:41) - Test Runner excel row at: 48
13:47:25.873 INFO  utils.ExcelUtils (ExcelUtils.java:41) - Test Runner excel row at: 49
13:47:25.873 INFO  utils.ExcelUtils (ExcelUtils.java:41) - Test Runner excel row at: 50
13:47:25.873 INFO  utils.ExcelUtils (ExcelUtils.java:41) - Test Runner excel row at: 51
13:47:25.873 INFO  utils.ExcelUtils (ExcelUtils.java:41) - Test Runner excel row at: 52
13:47:25.873 INFO  utils.ExcelUtils (ExcelUtils.java:41) - Test Runner excel row at: 53
13:47:25.873 INFO  utils.ExcelUtils (ExcelUtils.java:41) - Test Runner excel row at: 54
13:47:25.873 INFO  utils.ExcelUtils (ExcelUtils.java:41) - Test Runner excel row at: 55
13:47:25.873 INFO  utils.ExcelUtils (ExcelUtils.java:41) - Test Runner excel row at: 56
13:47:25.878 INFO  utils.ExcelUtils (ExcelUtils.java:41) - Test Runner excel row at: 57
13:47:25.879 INFO  utils.ExcelUtils (ExcelUtils.java:41) - Test Runner excel row at: 58
13:47:25.880 INFO  utils.ExcelUtils (ExcelUtils.java:41) - Test Runner excel row at: 59
13:47:25.880 INFO  utils.ExcelUtils (ExcelUtils.java:41) - Test Runner excel row at: 60
13:47:25.880 INFO  utils.ExcelUtils (ExcelUtils.java:41) - Test Runner excel row at: 61
13:47:25.880 INFO  utils.ExcelUtils (ExcelUtils.java:41) - Test Runner excel row at: 62
13:47:25.880 INFO  utils.ExcelUtils (ExcelUtils.java:41) - Test Runner excel row at: 63
13:47:25.880 INFO  utils.ExcelUtils (ExcelUtils.java:41) - Test Runner excel row at: 64
13:47:25.880 INFO  utils.ExcelUtils (ExcelUtils.java:41) - Test Runner excel row at: 65
13:47:25.880 INFO  utils.ExcelUtils (ExcelUtils.java:41) - Test Runner excel row at: 66
13:47:25.883 INFO  utils.ExcelUtils (ExcelUtils.java:41) - Test Runner excel row at: 67
13:47:25.883 INFO  utils.ExcelUtils (ExcelUtils.java:41) - Test Runner excel row at: 68
13:47:25.883 INFO  utils.ExcelUtils (ExcelUtils.java:41) - Test Runner excel row at: 69
13:47:25.883 INFO  utils.ExcelUtils (ExcelUtils.java:41) - Test Runner excel row at: 70
13:47:25.883 INFO  utils.ExcelUtils (ExcelUtils.java:41) - Test Runner excel row at: 71
13:47:25.883 INFO  utils.ExcelUtils (ExcelUtils.java:41) - Test Runner excel row at: 72
13:47:25.883 INFO  utils.ExcelUtils (ExcelUtils.java:41) - Test Runner excel row at: 73
13:47:25.885 INFO  utils.ExcelUtils (ExcelUtils.java:41) - Test Runner excel row at: 74
13:47:25.885 INFO  utils.ExcelUtils (ExcelUtils.java:41) - Test Runner excel row at: 75
13:47:25.885 INFO  utils.ExcelUtils (ExcelUtils.java:41) - Test Runner excel row at: 76
13:47:25.885 INFO  utils.ExcelUtils (ExcelUtils.java:41) - Test Runner excel row at: 77
13:47:25.885 INFO  utils.ExcelUtils (ExcelUtils.java:41) - Test Runner excel row at: 78
13:47:25.885 INFO  utils.ExcelUtils (ExcelUtils.java:41) - Test Runner excel row at: 79
13:47:25.885 INFO  utils.ExcelUtils (ExcelUtils.java:41) - Test Runner excel row at: 80
13:47:25.885 INFO  utils.ExcelUtils (ExcelUtils.java:41) - Test Runner excel row at: 81
13:47:25.885 INFO  utils.ExcelUtils (ExcelUtils.java:41) - Test Runner excel row at: 82
13:47:25.885 INFO  utils.ExcelUtils (ExcelUtils.java:41) - Test Runner excel row at: 83
13:47:25.885 INFO  utils.ExcelUtils (ExcelUtils.java:41) - Test Runner excel row at: 84
13:47:25.885 INFO  utils.ExcelUtils (ExcelUtils.java:41) - Test Runner excel row at: 85
13:47:25.885 INFO  utils.ExcelUtils (ExcelUtils.java:41) - Test Runner excel row at: 86
13:47:25.885 INFO  utils.ExcelUtils (ExcelUtils.java:41) - Test Runner excel row at: 87
13:47:25.885 INFO  utils.ExcelUtils (ExcelUtils.java:41) - Test Runner excel row at: 88
13:47:25.885 INFO  utils.ExcelUtils (ExcelUtils.java:41) - Test Runner excel row at: 89
13:47:25.885 INFO  utils.ExcelUtils (ExcelUtils.java:41) - Test Runner excel row at: 90
13:47:25.885 INFO  utils.ExcelUtils (ExcelUtils.java:41) - Test Runner excel row at: 91
13:47:25.885 INFO  utils.ExcelUtils (ExcelUtils.java:41) - Test Runner excel row at: 92
13:47:25.885 INFO  utils.ExcelUtils (ExcelUtils.java:41) - Test Runner excel row at: 93
13:47:34.557 WARN  config.Configuration (Configuration.java:231) - QA env being used by default. No env property set. This can be set in the sew.app.yml config file with a '{}=' property or on the command line with the switch '-D{}='.
13:48:26.657 INFO  driver.WebDriverFactory (WebDriverFactory.java:192) - Setting up the browser window to its max.
13:48:28.079 INFO  driver.WebDriverFactory (WebDriverFactory.java:181) - Initializing the implicit wait timeout for {} 5
13:48:28.089 INFO  driver.WebDriverFactory (WebDriverFactory.java:184) - Initializing the page load timeout.
13:48:28.094 INFO  driver.DriverFactory (DriverFactory.java:125) - Clearing all the cookies.
13:48:28.106 INFO  driver.DriverFactory (DriverFactory.java:62) - Open the url {} https://pwccx.smartcmobile.com/Portal/default.aspx using the selenium get() method.
13:49:56.930 INFO  scp.LoginSewTests (LoginSewTests.java:33) - Test to login in application and check usage
13:50:10.447 INFO  scp.LoginSewPage (LoginSewPage.java:28) - Populating User Name {} :scmuser
13:50:10.492 INFO  driver.Page (    Page.java:129) - Wait for element {} [[ChromeDriver: chrome on windows (3825dfb5d6ecdf52d6c9af2945ab68d8)] -> css selector: #txtLogin] to be present in the DOM for duration of {} 120
13:50:10.492 INFO  driver.Page (    Page.java:257) - Waiting for element to be visible for 120 seconds.
13:50:10.654 INFO  driver.Page (    Page.java:260) - Element is visible on the page.
13:50:10.667 INFO  driver.Page (    Page.java:131) - Clearing the element {} [[ChromeDriver: chrome on windows (3825dfb5d6ecdf52d6c9af2945ab68d8)] -> css selector: #txtLogin] before sending the keys.
13:50:10.763 INFO  driver.Page (    Page.java:133) - Sending the following keys {} scmuser to the element {} [[ChromeDriver: chrome on windows (3825dfb5d6ecdf52d6c9af2945ab68d8)] -> css selector: #txtLogin]
13:50:12.184 INFO  scp.LoginSewPage (LoginSewPage.java:30) - User Username populated successfully.
13:50:12.185 INFO  scp.LoginSewPage (LoginSewPage.java:37) - Populating Password {} :scmuser@2022
13:50:12.564 INFO  driver.Page (    Page.java:129) - Wait for element {} [[ChromeDriver: chrome on windows (3825dfb5d6ecdf52d6c9af2945ab68d8)] -> css selector: #txtpwd] to be present in the DOM for duration of {} 120
13:50:12.564 INFO  driver.Page (    Page.java:257) - Waiting for element to be visible for 120 seconds.
13:50:12.885 INFO  driver.Page (    Page.java:260) - Element is visible on the page.
13:50:12.912 INFO  driver.Page (    Page.java:131) - Clearing the element {} [[ChromeDriver: chrome on windows (3825dfb5d6ecdf52d6c9af2945ab68d8)] -> css selector: #txtpwd] before sending the keys.
13:50:13.169 INFO  driver.Page (    Page.java:133) - Sending the following keys {} scmuser@2022 to the element {} [[ChromeDriver: chrome on windows (3825dfb5d6ecdf52d6c9af2945ab68d8)] -> css selector: #txtpwd]
13:50:13.437 INFO  scp.LoginSewPage (LoginSewPage.java:39) - Password populated successfully.
13:50:13.437 INFO  driver.Page (    Page.java:58) - Preparing for element to click.
13:50:13.438 INFO  driver.Page (    Page.java:232) - Waiting for element to be clickable for 120 seconds.
13:50:13.589 INFO  driver.Page (    Page.java:235) - Element is clickable now.
13:50:13.776 INFO  driver.Page (    Page.java:61) - Element is clicked successfully.
13:50:13.778 INFO  scp.LoginSewPage (LoginSewPage.java:47) - SignIn Button clicked successfully.
13:50:15.378 INFO  driver.Page (    Page.java:257) - Waiting for element to be visible for 120 seconds.
13:51:20.173 INFO  driver.Page (    Page.java:260) - Element is visible on the page.
13:51:44.983 INFO  driver.Page (    Page.java:569) - Preparing for element to click.
13:51:45.634 INFO  driver.Page (    Page.java:576) - Element is clicked successfully.
13:51:48.159 INFO  scp.LoginSewPage (LoginSewPage.java:151) - Clicked used module from Header
13:51:52.751 INFO  driver.Page (    Page.java:257) - Waiting for element to be visible for 120 seconds.
13:52:04.072 INFO  driver.Page (    Page.java:260) - Element is visible on the page.
13:52:08.147 INFO  driver.Page (    Page.java:569) - Preparing for element to click.
13:52:08.604 INFO  driver.Page (    Page.java:576) - Element is clicked successfully.
13:52:09.713 INFO  scp.LoginSewPage (LoginSewPage.java:160) - Clicked on usage overview
13:53:10.439 INFO  scp.LoginSewPage (LoginSewPage.java:168) - Checking the Visibility of Power link on the Usages Page.true
13:53:11.438 INFO  driver.Page (    Page.java:305) - Element {} : [[ChromeDriver: chrome on windows (3825dfb5d6ecdf52d6c9af2945ab68d8)] -> css selector: a[id*='HeaderUsageUI_PU']] is visible on the page.
13:53:13.013 INFO  driver.Page (    Page.java:305) - Element {} : [[ChromeDriver: chrome on windows (3825dfb5d6ecdf52d6c9af2945ab68d8)] -> css selector: select#ddlMultiMeter] is visible on the page.
13:53:13.015 INFO  scp.LoginSewPage (LoginSewPage.java:177) - Meter DropDown visibility status {}: true
13:53:14.588 INFO  driver.Page (    Page.java:58) - Preparing for element to click.
13:53:14.598 INFO  driver.Page (    Page.java:232) - Waiting for element to be clickable for 120 seconds.
13:53:15.837 INFO  driver.Page (    Page.java:235) - Element is clickable now.
13:53:16.083 INFO  driver.Page (    Page.java:61) - Element is clicked successfully.
13:53:16.084 INFO  scp.LoginSewPage (LoginSewPage.java:187) - Clicked on Kwh Unit
14:05:37.736 INFO  runner.TestRunner (TestRunner.java:32) - Initializing application properties config file.
14:05:38.359 INFO  runner.TestRunner (TestRunner.java:35) - Initializing connection to the base database.
14:05:38.359 INFO  runner.TestRunner (TestRunner.java:38) - Initializing resource path config file.
14:05:38.752 INFO  runner.TestRunner (TestRunner.java:41) - Initializing usage months config from CSP.
14:05:38.758 INFO  runner.TestRunner (TestRunner.java:44) - Initializing date config from CSP.
14:05:38.770 INFO  runner.TestRunner (TestRunner.java:47) - Initializing language config from CSP.
14:05:38.773 INFO  runner.TestRunner (TestRunner.java:50) - Initializing language config from CSP.
14:05:38.775 INFO  runner.TestRunner (TestRunner.java:53) - Initializing language config from CSP.
14:05:38.803 INFO  runner.TestRunner (TestRunner.java:56) - Initializing user model config.
14:05:38.814 INFO  runner.TestRunner (TestRunner.java:59) - Initializing auth token config.
14:05:38.814 INFO  runner.TestRunner (TestRunner.java:62) - Initializing Admin User config.
14:05:45.665 INFO  utils.ExcelUtils (ExcelUtils.java:41) - Test Runner excel row at: 1
14:05:45.692 INFO  utils.ExcelUtils (ExcelUtils.java:41) - Test Runner excel row at: 2
14:05:45.707 INFO  utils.ExcelUtils (ExcelUtils.java:41) - Test Runner excel row at: 3
14:05:45.708 INFO  utils.ExcelUtils (ExcelUtils.java:41) - Test Runner excel row at: 4
14:05:45.710 INFO  utils.ExcelUtils (ExcelUtils.java:41) - Test Runner excel row at: 5
14:05:45.711 INFO  utils.ExcelUtils (ExcelUtils.java:41) - Test Runner excel row at: 6
14:05:45.711 INFO  utils.ExcelUtils (ExcelUtils.java:41) - Test Runner excel row at: 7
14:05:45.712 INFO  utils.ExcelUtils (ExcelUtils.java:41) - Test Runner excel row at: 8
14:05:45.713 INFO  utils.ExcelUtils (ExcelUtils.java:41) - Test Runner excel row at: 9
14:05:45.713 INFO  utils.ExcelUtils (ExcelUtils.java:41) - Test Runner excel row at: 10
14:05:45.714 INFO  utils.ExcelUtils (ExcelUtils.java:41) - Test Runner excel row at: 11
14:05:45.714 INFO  utils.ExcelUtils (ExcelUtils.java:41) - Test Runner excel row at: 12
14:05:45.715 INFO  utils.ExcelUtils (ExcelUtils.java:41) - Test Runner excel row at: 13
14:05:45.716 INFO  utils.ExcelUtils (ExcelUtils.java:41) - Test Runner excel row at: 14
14:05:45.716 INFO  utils.ExcelUtils (ExcelUtils.java:41) - Test Runner excel row at: 15
14:05:45.717 INFO  utils.ExcelUtils (ExcelUtils.java:41) - Test Runner excel row at: 16
14:05:45.718 INFO  utils.ExcelUtils (ExcelUtils.java:41) - Test Runner excel row at: 17
14:05:45.718 INFO  utils.ExcelUtils (ExcelUtils.java:41) - Test Runner excel row at: 18
14:05:45.719 INFO  utils.ExcelUtils (ExcelUtils.java:41) - Test Runner excel row at: 19
14:05:45.720 INFO  utils.ExcelUtils (ExcelUtils.java:41) - Test Runner excel row at: 20
14:05:45.720 INFO  utils.ExcelUtils (ExcelUtils.java:41) - Test Runner excel row at: 21
14:05:45.721 INFO  utils.ExcelUtils (ExcelUtils.java:41) - Test Runner excel row at: 22
14:05:45.721 INFO  utils.ExcelUtils (ExcelUtils.java:41) - Test Runner excel row at: 23
14:05:45.722 INFO  utils.ExcelUtils (ExcelUtils.java:41) - Test Runner excel row at: 24
14:05:45.722 INFO  utils.ExcelUtils (ExcelUtils.java:41) - Test Runner excel row at: 25
14:05:45.723 INFO  utils.ExcelUtils (ExcelUtils.java:41) - Test Runner excel row at: 26
14:05:45.724 INFO  utils.ExcelUtils (ExcelUtils.java:41) - Test Runner excel row at: 27
14:05:45.725 INFO  utils.ExcelUtils (ExcelUtils.java:41) - Test Runner excel row at: 28
14:05:45.725 INFO  utils.ExcelUtils (ExcelUtils.java:41) - Test Runner excel row at: 29
14:05:45.726 INFO  utils.ExcelUtils (ExcelUtils.java:41) - Test Runner excel row at: 30
14:05:45.726 INFO  utils.ExcelUtils (ExcelUtils.java:41) - Test Runner excel row at: 31
14:05:45.727 INFO  utils.ExcelUtils (ExcelUtils.java:41) - Test Runner excel row at: 32
14:05:45.727 INFO  utils.ExcelUtils (ExcelUtils.java:41) - Test Runner excel row at: 33
14:05:45.728 INFO  utils.ExcelUtils (ExcelUtils.java:41) - Test Runner excel row at: 34
14:05:45.790 INFO  utils.ExcelUtils (ExcelUtils.java:41) - Test Runner excel row at: 35
14:05:46.085 INFO  utils.ExcelUtils (ExcelUtils.java:41) - Test Runner excel row at: 36
14:05:46.098 INFO  utils.ExcelUtils (ExcelUtils.java:41) - Test Runner excel row at: 37
14:05:46.110 INFO  utils.ExcelUtils (ExcelUtils.java:41) - Test Runner excel row at: 38
14:05:46.117 INFO  utils.ExcelUtils (ExcelUtils.java:41) - Test Runner excel row at: 39
14:05:46.125 INFO  utils.ExcelUtils (ExcelUtils.java:41) - Test Runner excel row at: 40
14:05:46.136 INFO  utils.ExcelUtils (ExcelUtils.java:41) - Test Runner excel row at: 41
14:05:46.166 INFO  utils.ExcelUtils (ExcelUtils.java:41) - Test Runner excel row at: 42
14:05:46.176 INFO  utils.ExcelUtils (ExcelUtils.java:41) - Test Runner excel row at: 43
14:05:46.196 INFO  utils.ExcelUtils (ExcelUtils.java:41) - Test Runner excel row at: 44
14:05:46.220 INFO  utils.ExcelUtils (ExcelUtils.java:41) - Test Runner excel row at: 45
14:05:46.271 INFO  utils.ExcelUtils (ExcelUtils.java:41) - Test Runner excel row at: 46
14:05:46.283 INFO  utils.ExcelUtils (ExcelUtils.java:41) - Test Runner excel row at: 47
14:05:46.311 INFO  utils.ExcelUtils (ExcelUtils.java:41) - Test Runner excel row at: 48
14:05:46.319 INFO  utils.ExcelUtils (ExcelUtils.java:41) - Test Runner excel row at: 49
14:05:46.333 INFO  utils.ExcelUtils (ExcelUtils.java:41) - Test Runner excel row at: 50
14:05:46.334 INFO  utils.ExcelUtils (ExcelUtils.java:41) - Test Runner excel row at: 51
14:05:46.335 INFO  utils.ExcelUtils (ExcelUtils.java:41) - Test Runner excel row at: 52
14:05:46.336 INFO  utils.ExcelUtils (ExcelUtils.java:41) - Test Runner excel row at: 53
14:05:46.337 INFO  utils.ExcelUtils (ExcelUtils.java:41) - Test Runner excel row at: 54
14:05:46.337 INFO  utils.ExcelUtils (ExcelUtils.java:41) - Test Runner excel row at: 55
14:05:46.338 INFO  utils.ExcelUtils (ExcelUtils.java:41) - Test Runner excel row at: 56
14:05:46.338 INFO  utils.ExcelUtils (ExcelUtils.java:41) - Test Runner excel row at: 57
14:05:46.339 INFO  utils.ExcelUtils (ExcelUtils.java:41) - Test Runner excel row at: 58
14:05:46.340 INFO  utils.ExcelUtils (ExcelUtils.java:41) - Test Runner excel row at: 59
14:05:46.340 INFO  utils.ExcelUtils (ExcelUtils.java:41) - Test Runner excel row at: 60
14:05:46.340 INFO  utils.ExcelUtils (ExcelUtils.java:41) - Test Runner excel row at: 61
14:05:46.341 INFO  utils.ExcelUtils (ExcelUtils.java:41) - Test Runner excel row at: 62
14:05:46.342 INFO  utils.ExcelUtils (ExcelUtils.java:41) - Test Runner excel row at: 63
14:05:46.342 INFO  utils.ExcelUtils (ExcelUtils.java:41) - Test Runner excel row at: 64
14:05:46.342 INFO  utils.ExcelUtils (ExcelUtils.java:41) - Test Runner excel row at: 65
14:05:46.343 INFO  utils.ExcelUtils (ExcelUtils.java:41) - Test Runner excel row at: 66
14:05:46.343 INFO  utils.ExcelUtils (ExcelUtils.java:41) - Test Runner excel row at: 67
14:05:46.344 INFO  utils.ExcelUtils (ExcelUtils.java:41) - Test Runner excel row at: 68
14:05:46.344 INFO  utils.ExcelUtils (ExcelUtils.java:41) - Test Runner excel row at: 69
14:05:46.345 INFO  utils.ExcelUtils (ExcelUtils.java:41) - Test Runner excel row at: 70
14:05:46.346 INFO  utils.ExcelUtils (ExcelUtils.java:41) - Test Runner excel row at: 71
14:05:46.346 INFO  utils.ExcelUtils (ExcelUtils.java:41) - Test Runner excel row at: 72
14:05:46.347 INFO  utils.ExcelUtils (ExcelUtils.java:41) - Test Runner excel row at: 73
14:05:46.347 INFO  utils.ExcelUtils (ExcelUtils.java:41) - Test Runner excel row at: 74
14:05:46.348 INFO  utils.ExcelUtils (ExcelUtils.java:41) - Test Runner excel row at: 75
14:05:46.349 INFO  utils.ExcelUtils (ExcelUtils.java:41) - Test Runner excel row at: 76
14:05:46.350 INFO  utils.ExcelUtils (ExcelUtils.java:41) - Test Runner excel row at: 77
14:05:46.351 INFO  utils.ExcelUtils (ExcelUtils.java:41) - Test Runner excel row at: 78
14:05:46.351 INFO  utils.ExcelUtils (ExcelUtils.java:41) - Test Runner excel row at: 79
14:05:46.351 INFO  utils.ExcelUtils (ExcelUtils.java:41) - Test Runner excel row at: 80
14:05:46.352 INFO  utils.ExcelUtils (ExcelUtils.java:41) - Test Runner excel row at: 81
14:05:46.352 INFO  utils.ExcelUtils (ExcelUtils.java:41) - Test Runner excel row at: 82
14:05:46.353 INFO  utils.ExcelUtils (ExcelUtils.java:41) - Test Runner excel row at: 83
14:05:46.353 INFO  utils.ExcelUtils (ExcelUtils.java:41) - Test Runner excel row at: 84
14:05:46.353 INFO  utils.ExcelUtils (ExcelUtils.java:41) - Test Runner excel row at: 85
14:05:46.354 INFO  utils.ExcelUtils (ExcelUtils.java:41) - Test Runner excel row at: 86
14:05:46.355 INFO  utils.ExcelUtils (ExcelUtils.java:41) - Test Runner excel row at: 87
14:05:46.355 INFO  utils.ExcelUtils (ExcelUtils.java:41) - Test Runner excel row at: 88
14:05:46.355 INFO  utils.ExcelUtils (ExcelUtils.java:41) - Test Runner excel row at: 89
14:05:46.356 INFO  utils.ExcelUtils (ExcelUtils.java:41) - Test Runner excel row at: 90
14:05:46.356 INFO  utils.ExcelUtils (ExcelUtils.java:41) - Test Runner excel row at: 91
14:05:46.360 INFO  utils.ExcelUtils (ExcelUtils.java:41) - Test Runner excel row at: 92
14:05:46.361 INFO  utils.ExcelUtils (ExcelUtils.java:41) - Test Runner excel row at: 93
14:05:49.738 WARN  config.Configuration (Configuration.java:231) - QA env being used by default. No env property set. This can be set in the sew.app.yml config file with a '{}=' property or on the command line with the switch '-D{}='.
14:06:43.619 INFO  driver.WebDriverFactory (WebDriverFactory.java:192) - Setting up the browser window to its max.
14:06:44.550 INFO  driver.WebDriverFactory (WebDriverFactory.java:181) - Initializing the implicit wait timeout for {} 5
14:06:44.592 INFO  driver.WebDriverFactory (WebDriverFactory.java:184) - Initializing the page load timeout.
14:06:44.624 INFO  driver.DriverFactory (DriverFactory.java:125) - Clearing all the cookies.
14:06:45.146 INFO  driver.DriverFactory (DriverFactory.java:62) - Open the url {} https://pwccx.smartcmobile.com/Portal/default.aspx using the selenium get() method.
14:08:25.867 INFO  scp.LoginSewTests (LoginSewTests.java:33) - Test to login in application and check usage
14:08:34.145 INFO  scp.LoginSewPage (LoginSewPage.java:28) - Populating User Name {} :scmuser
14:08:34.169 INFO  driver.Page (    Page.java:129) - Wait for element {} [[ChromeDriver: chrome on windows (d1431050477e1377935eebb9445d88e9)] -> css selector: #txtLogin] to be present in the DOM for duration of {} 120
14:08:34.170 INFO  driver.Page (    Page.java:257) - Waiting for element to be visible for 120 seconds.
14:08:34.315 INFO  driver.Page (    Page.java:260) - Element is visible on the page.
14:08:34.332 INFO  driver.Page (    Page.java:131) - Clearing the element {} [[ChromeDriver: chrome on windows (d1431050477e1377935eebb9445d88e9)] -> css selector: #txtLogin] before sending the keys.
14:08:34.851 INFO  driver.Page (    Page.java:133) - Sending the following keys {} scmuser to the element {} [[ChromeDriver: chrome on windows (d1431050477e1377935eebb9445d88e9)] -> css selector: #txtLogin]
14:08:35.033 INFO  scp.LoginSewPage (LoginSewPage.java:30) - User Username populated successfully.
14:08:35.034 INFO  scp.LoginSewPage (LoginSewPage.java:37) - Populating Password {} :scmuser@2022
14:08:35.057 INFO  driver.Page (    Page.java:129) - Wait for element {} [[ChromeDriver: chrome on windows (d1431050477e1377935eebb9445d88e9)] -> css selector: #txtpwd] to be present in the DOM for duration of {} 120
14:08:35.058 INFO  driver.Page (    Page.java:257) - Waiting for element to be visible for 120 seconds.
14:08:35.118 INFO  driver.Page (    Page.java:260) - Element is visible on the page.
14:08:35.142 INFO  driver.Page (    Page.java:131) - Clearing the element {} [[ChromeDriver: chrome on windows (d1431050477e1377935eebb9445d88e9)] -> css selector: #txtpwd] before sending the keys.
14:08:35.603 INFO  driver.Page (    Page.java:133) - Sending the following keys {} scmuser@2022 to the element {} [[ChromeDriver: chrome on windows (d1431050477e1377935eebb9445d88e9)] -> css selector: #txtpwd]
14:08:35.855 INFO  scp.LoginSewPage (LoginSewPage.java:39) - Password populated successfully.
14:08:35.855 INFO  driver.Page (    Page.java:58) - Preparing for element to click.
14:08:35.856 INFO  driver.Page (    Page.java:232) - Waiting for element to be clickable for 120 seconds.
14:08:36.067 INFO  driver.Page (    Page.java:235) - Element is clickable now.
14:08:36.163 INFO  driver.Page (    Page.java:61) - Element is clicked successfully.
14:08:36.163 INFO  scp.LoginSewPage (LoginSewPage.java:47) - SignIn Button clicked successfully.
14:08:37.803 INFO  driver.Page (    Page.java:257) - Waiting for element to be visible for 120 seconds.
14:10:20.221 INFO  driver.Page (    Page.java:260) - Element is visible on the page.
14:10:25.112 INFO  driver.Page (    Page.java:569) - Preparing for element to click.
14:10:29.830 INFO  driver.Page (    Page.java:576) - Element is clicked successfully.
14:10:37.804 INFO  scp.LoginSewPage (LoginSewPage.java:151) - Clicked used module from Header
14:10:42.793 INFO  driver.Page (    Page.java:257) - Waiting for element to be visible for 120 seconds.
14:10:50.258 INFO  driver.Page (    Page.java:260) - Element is visible on the page.
14:10:59.565 INFO  driver.Page (    Page.java:569) - Preparing for element to click.
14:11:03.281 INFO  driver.Page (    Page.java:576) - Element is clicked successfully.
14:11:11.500 INFO  scp.LoginSewPage (LoginSewPage.java:160) - Clicked on usage overview
14:12:48.469 INFO  scp.LoginSewPage (LoginSewPage.java:168) - Checking the Visibility of Power link on the Usages Page.true
14:12:49.803 INFO  driver.Page (    Page.java:305) - Element {} : [[ChromeDriver: chrome on windows (d1431050477e1377935eebb9445d88e9)] -> css selector: a[id*='HeaderUsageUI_PU']] is visible on the page.
14:13:02.698 INFO  driver.Page (    Page.java:305) - Element {} : [[ChromeDriver: chrome on windows (d1431050477e1377935eebb9445d88e9)] -> css selector: select#ddlMultiMeter] is visible on the page.
14:13:02.699 INFO  scp.LoginSewPage (LoginSewPage.java:177) - Meter DropDown visibility status {}: true
14:13:08.662 INFO  driver.Page (    Page.java:58) - Preparing for element to click.
14:13:08.671 INFO  driver.Page (    Page.java:232) - Waiting for element to be clickable for 120 seconds.
14:13:15.825 INFO  driver.Page (    Page.java:235) - Element is clickable now.
14:13:16.255 INFO  driver.Page (    Page.java:61) - Element is clicked successfully.
14:13:16.257 INFO  scp.LoginSewPage (LoginSewPage.java:187) - Clicked on Kwh Unit
14:20:44.747 INFO  scp.LoginSewPage (LoginSewPage.java:201) - KwhUnit usage toggle selected status : false
14:21:16.424 INFO  driver.DriverFactory (DriverFactory.java:125) - Clearing all the cookies.
