16:41:12.722 INFO  utils.ExcelUtils (ExcelUtils.java:39) - Test Runner excel row at: 7
16:41:12.731 INFO  utils.ExcelUtils (ExcelUtils.java:39) - Test Runner excel row at: 8
16:41:12.731 INFO  utils.ExcelUtils (ExcelUtils.java:39) - Test Runner excel row at: 9
16:41:12.732 INFO  utils.ExcelUtils (ExcelUtils.java:39) - Test Runner excel row at: 10
16:41:12.732 INFO  utils.ExcelUtils (ExcelUtils.java:39) - Test Runner excel row at: 11
16:41:12.733 INFO  utils.ExcelUtils (ExcelUtils.java:39) - Test Runner excel row at: 12
16:41:12.734 INFO  utils.ExcelUtils (ExcelUtils.java:39) - Test Runner excel row at: 13
16:41:12.734 INFO  utils.ExcelUtils (ExcelUtils.java:39) - Test Runner excel row at: 14
16:41:12.735 INFO  utils.ExcelUtils (ExcelUtils.java:39) - Test Runner excel row at: 15
16:41:12.736 INFO  utils.ExcelUtils (ExcelUtils.java:39) - Test Runner excel row at: 16
16:41:12.737 INFO  utils.ExcelUtils (ExcelUtils.java:39) - Test Runner excel row at: 17
16:41:12.738 INFO  utils.ExcelUtils (ExcelUtils.java:39) - Test Runner excel row at: 18
16:41:12.738 INFO  utils.ExcelUtils (ExcelUtils.java:39) - Test Runner excel row at: 19
16:41:12.739 INFO  utils.ExcelUtils (ExcelUtils.java:39) - Test Runner excel row at: 20
16:41:12.739 INFO  utils.ExcelUtils (ExcelUtils.java:39) - Test Runner excel row at: 21
16:41:12.740 INFO  utils.ExcelUtils (ExcelUtils.java:39) - Test Runner excel row at: 22
16:41:12.741 INFO  utils.ExcelUtils (ExcelUtils.java:39) - Test Runner excel row at: 23
16:41:12.741 INFO  utils.ExcelUtils (ExcelUtils.java:39) - Test Runner excel row at: 24
16:41:12.741 INFO  utils.ExcelUtils (ExcelUtils.java:39) - Test Runner excel row at: 25
16:41:12.741 INFO  utils.ExcelUtils (ExcelUtils.java:39) - Test Runner excel row at: 26
16:41:12.742 INFO  utils.ExcelUtils (ExcelUtils.java:39) - Test Runner excel row at: 27
16:41:12.742 INFO  utils.ExcelUtils (ExcelUtils.java:39) - Test Runner excel row at: 28
16:41:12.742 INFO  utils.ExcelUtils (ExcelUtils.java:39) - Test Runner excel row at: 29
16:41:12.743 INFO  utils.ExcelUtils (ExcelUtils.java:39) - Test Runner excel row at: 30
16:41:12.743 INFO  utils.ExcelUtils (ExcelUtils.java:39) - Test Runner excel row at: 31
16:41:12.743 INFO  utils.ExcelUtils (ExcelUtils.java:39) - Test Runner excel row at: 32
16:41:12.744 INFO  utils.ExcelUtils (ExcelUtils.java:39) - Test Runner excel row at: 33
16:41:12.744 INFO  utils.ExcelUtils (ExcelUtils.java:39) - Test Runner excel row at: 34
16:41:12.745 INFO  utils.ExcelUtils (ExcelUtils.java:39) - Test Runner excel row at: 35
16:41:12.746 INFO  utils.ExcelUtils (ExcelUtils.java:39) - Test Runner excel row at: 36
16:41:12.746 INFO  utils.ExcelUtils (ExcelUtils.java:39) - Test Runner excel row at: 37
16:41:12.746 INFO  utils.ExcelUtils (ExcelUtils.java:39) - Test Runner excel row at: 38
16:41:12.746 INFO  utils.ExcelUtils (ExcelUtils.java:39) - Test Runner excel row at: 39
16:41:12.747 INFO  utils.ExcelUtils (ExcelUtils.java:39) - Test Runner excel row at: 40
16:41:12.747 INFO  utils.ExcelUtils (ExcelUtils.java:39) - Test Runner excel row at: 41
16:41:12.747 INFO  utils.ExcelUtils (ExcelUtils.java:39) - Test Runner excel row at: 42
16:41:12.747 INFO  utils.ExcelUtils (ExcelUtils.java:39) - Test Runner excel row at: 43
16:41:12.748 INFO  utils.ExcelUtils (ExcelUtils.java:39) - Test Runner excel row at: 44
16:41:12.749 INFO  utils.ExcelUtils (ExcelUtils.java:39) - Test Runner excel row at: 45
16:41:12.749 INFO  utils.ExcelUtils (ExcelUtils.java:39) - Test Runner excel row at: 46
16:41:21.134 INFO  driver.WebDriverFactory (WebDriverFactory.java:207) - Setting up the browser window to its max.
16:41:21.281 INFO  driver.WebDriverFactory (WebDriverFactory.java:196) - Initializing the implicit wait timeout for {} 5
16:41:21.288 INFO  driver.WebDriverFactory (WebDriverFactory.java:199) - Initializing the page load timeout.
16:41:21.299 INFO  driver.DriverFactory (DriverFactory.java:112) - Clearing all the cookies.
16:41:21.313 INFO  driver.DriverFactory (DriverFactory.java:57) - Open the url {} https://qa.smartcmobile.net/SCM_10.0_S-CSP/ using the selenium get() method.
16:41:39.903 INFO  csp.AdminNotificationTests (AdminNotificationTests.java:443) - To verify the tests with the below test case id's: C99062
16:41:40.036 INFO  connectme.ConnectMeEndpoints (ConnectMeEndpoints.java:58) - Initializing the add Connect me payload.
16:41:41.408 INFO  connectme.ConnectMeEndpoints (ConnectMeEndpoints.java:67) - Initializing the add  Outage connect me specification.
16:41:41.488 INFO  connectme.ConnectMeEndpoints (ConnectMeEndpoints.java:79) - Hit the add Outage ConnectMe with given request specification: io.restassured.internal.RequestSpecificationImpl@23f539df
and the endpoint is : /ContactUs/SetConnectMeRequest
and with given http verb : POST
16:41:44.342 INFO  scp.HomePage (HomePage.java:128) - Wait for page loader invisibility.
16:41:44.343 INFO  driver.Page (    Page.java:238) - Waiting for element to be invisible for 120 seconds.
16:41:49.413 INFO  driver.Page (    Page.java:241) - Element is invisible from the page.
16:41:49.413 INFO  csp.AdminLoginPage (AdminLoginPage.java:334) - Checking that the current page is Admin login page.
16:41:49.413 INFO  driver.Page (    Page.java:39) - Fetching the current URL.
16:41:49.421 INFO  driver.Page (    Page.java:40) - The Current URL is: https://qa.smartcmobile.net/SCM_10.0_S-CSP/
16:41:49.427 INFO  driver.Page (    Page.java:45) - Fetching the current title.
16:41:49.435 INFO  driver.Page (    Page.java:46) - The Current Title is: SCM Admin - Login
16:41:49.442 INFO  csp.AdminLoginPage (AdminLoginPage.java:337) - The current page is Admin login page {}: true
16:41:49.445 INFO  csp.AdminLoginPage (AdminLoginPage.java:30) - Populating username {} :qauser
16:41:49.461 INFO  driver.Page (    Page.java:109) - Wait for element {} [[ChromeDriver: chrome on WINDOWS (b4b2b7f4977dd0336ac9b2f31b16b1be)] -> css selector: [id='txtAdminLogin']] to be present in the DOM for duration of {} 120
16:41:49.462 INFO  driver.Page (    Page.java:224) - Waiting for element to be visible for 120 seconds.
16:41:49.496 INFO  driver.Page (    Page.java:227) - Element is visible on the page.
16:41:49.507 INFO  driver.Page (    Page.java:111) - Clearing the element {} [[ChromeDriver: chrome on WINDOWS (b4b2b7f4977dd0336ac9b2f31b16b1be)] -> css selector: [id='txtAdminLogin']] before sending the keys.
16:41:49.564 INFO  driver.Page (    Page.java:113) - Sending the following keys {} qauser to the element {} [[ChromeDriver: chrome on WINDOWS (b4b2b7f4977dd0336ac9b2f31b16b1be)] -> css selector: [id='txtAdminLogin']]
16:41:49.627 INFO  csp.AdminLoginPage (AdminLoginPage.java:32) - Username populated successfully.
16:41:49.627 INFO  csp.AdminLoginPage (AdminLoginPage.java:54) - Populating password {} :Sew@2021$!
16:41:49.643 INFO  driver.Page (    Page.java:109) - Wait for element {} [[ChromeDriver: chrome on WINDOWS (b4b2b7f4977dd0336ac9b2f31b16b1be)] -> css selector: [id='txtpwd']] to be present in the DOM for duration of {} 120
16:41:49.643 INFO  driver.Page (    Page.java:224) - Waiting for element to be visible for 120 seconds.
16:41:49.673 INFO  driver.Page (    Page.java:227) - Element is visible on the page.
16:41:49.683 INFO  driver.Page (    Page.java:111) - Clearing the element {} [[ChromeDriver: chrome on WINDOWS (b4b2b7f4977dd0336ac9b2f31b16b1be)] -> css selector: [id='txtpwd']] before sending the keys.
16:41:49.740 INFO  driver.Page (    Page.java:113) - Sending the following keys {} Sew@2021$! to the element {} [[ChromeDriver: chrome on WINDOWS (b4b2b7f4977dd0336ac9b2f31b16b1be)] -> css selector: [id='txtpwd']]
16:41:49.804 INFO  csp.AdminLoginPage (AdminLoginPage.java:56) - Password populated successfully.
16:41:49.805 INFO  driver.Page (    Page.java:58) - Preparing for element to click.
16:41:49.805 INFO  driver.Page (    Page.java:199) - Waiting for element to be clickable for 120 seconds.
16:41:49.856 INFO  driver.Page (    Page.java:202) - Element is clickable now.
16:41:58.103 INFO  driver.Page (    Page.java:61) - Element is clicked successfully.
16:41:58.103 INFO  csp.AdminLoginPage (AdminLoginPage.java:67) - SignIn Button clicked successfully.
16:41:58.103 INFO  scp.HomePage (HomePage.java:128) - Wait for page loader invisibility.
16:41:58.104 INFO  driver.Page (    Page.java:238) - Waiting for element to be invisible for 120 seconds.
16:41:58.131 INFO  driver.Page (    Page.java:241) - Element is invisible from the page.
16:41:58.134 INFO  csp.AdminHomePage (AdminHomePage.java:170) - Checking that the current page is Admin Home page.
16:41:58.134 INFO  driver.Page (    Page.java:39) - Fetching the current URL.
16:41:58.141 INFO  driver.Page (    Page.java:40) - The Current URL is: https://qa.smartcmobile.net/SCM_10.0_S-CSP/Home.aspx
16:41:58.147 INFO  driver.Page (    Page.java:45) - Fetching the current title.
16:41:58.153 INFO  driver.Page (    Page.java:46) - The Current Title is: Dashboard
16:41:58.160 INFO  csp.AdminHomePage (AdminHomePage.java:173) - The current page is Admin Home page {}: true
16:41:58.164 INFO  driver.Page (    Page.java:224) - Waiting for element to be visible for 120 seconds.
16:41:58.198 INFO  driver.Page (    Page.java:227) - Element is visible on the page.
16:41:58.198 INFO  csp.AdminHomePage (AdminHomePage.java:50) - Notification Link is Visible on the Admin Home page.
16:41:58.198 INFO  driver.Page (    Page.java:58) - Preparing for element to click.
16:41:58.198 INFO  driver.Page (    Page.java:199) - Waiting for element to be clickable for 120 seconds.
16:41:58.244 INFO  driver.Page (    Page.java:202) - Element is clickable now.
16:42:09.300 INFO  driver.Page (    Page.java:61) - Element is clicked successfully.
16:42:09.300 INFO  csp.AdminHomePage (AdminHomePage.java:54) - Notification Link clicked successfully.
16:42:09.301 INFO  scp.HomePage (HomePage.java:128) - Wait for page loader invisibility.
16:42:09.301 INFO  driver.Page (    Page.java:238) - Waiting for element to be invisible for 120 seconds.
16:42:13.593 INFO  driver.Page (    Page.java:241) - Element is invisible from the page.
16:42:13.593 INFO  scp.HomePage (HomePage.java:174) - Wait for Spinner Loading Image invisibility.
16:42:13.593 INFO  driver.Page (    Page.java:238) - Waiting for element to be invisible for 120 seconds.
16:42:18.626 INFO  driver.Page (    Page.java:241) - Element is invisible from the page.
16:42:18.626 INFO  scp.AboutMyHomePage (AdminNotificationPage.java:978) - Wait for Next Page visibility on Notification Page.
16:42:18.626 INFO  driver.Page (    Page.java:224) - Waiting for element to be visible for 120 seconds.
16:42:18.652 INFO  driver.Page (    Page.java:227) - Element is visible on the page.
16:42:18.653 INFO  driver.Page (    Page.java:58) - Preparing for element to click.
16:42:18.653 INFO  driver.Page (    Page.java:199) - Waiting for element to be clickable for 120 seconds.
16:42:18.695 INFO  driver.Page (    Page.java:202) - Element is clickable now.
16:42:18.756 INFO  driver.Page (    Page.java:61) - Element is clicked successfully.
16:42:18.757 INFO  scp.AboutMyHomePage (AdminNotificationPage.java:462) - Inbox Link clicked {}.
16:42:18.757 INFO  scp.HomePage (HomePage.java:174) - Wait for Spinner Loading Image invisibility.
16:42:18.757 INFO  driver.Page (    Page.java:238) - Waiting for element to be invisible for 120 seconds.
16:42:23.101 INFO  driver.Page (    Page.java:241) - Element is invisible from the page.
16:42:24.148 INFO  driver.Page (    Page.java:58) - Preparing for element to click.
16:42:24.148 INFO  driver.Page (    Page.java:199) - Waiting for element to be clickable for 120 seconds.
16:42:24.179 INFO  driver.Page (    Page.java:202) - Element is clickable now.
16:42:24.228 INFO  driver.Page (    Page.java:61) - Element is clicked successfully.
16:42:24.228 INFO  scp.AboutMyHomePage (AdminNotificationPage.java:462) - Inbox Link clicked {}.
16:42:24.229 INFO  scp.HomePage (HomePage.java:174) - Wait for Spinner Loading Image invisibility.
16:42:24.230 INFO  driver.Page (    Page.java:238) - Waiting for element to be invisible for 120 seconds.
16:42:33.620 INFO  driver.Page (    Page.java:241) - Element is invisible from the page.
16:42:33.640 INFO  driver.Page (    Page.java:58) - Preparing for element to click.
16:42:33.640 INFO  driver.Page (    Page.java:199) - Waiting for element to be clickable for 120 seconds.
16:42:33.664 INFO  driver.Page (    Page.java:202) - Element is clickable now.
16:42:33.723 INFO  driver.Page (    Page.java:61) - Element is clicked successfully.
16:42:33.724 INFO  scp.AboutMyHomePage (AdminNotificationPage.java:1106) - Clicked on Unread Notification at the Index 0
16:42:33.724 INFO  scp.HomePage (HomePage.java:174) - Wait for Spinner Loading Image invisibility.
16:42:33.725 INFO  driver.Page (    Page.java:238) - Waiting for element to be invisible for 120 seconds.
16:42:43.088 INFO  driver.Page (    Page.java:241) - Element is invisible from the page.
16:42:43.089 INFO  driver.Page (    Page.java:58) - Preparing for element to click.
16:42:43.089 INFO  driver.Page (    Page.java:199) - Waiting for element to be clickable for 120 seconds.
16:42:43.160 INFO  driver.Page (    Page.java:202) - Element is clickable now.
16:42:43.237 INFO  driver.Page (    Page.java:61) - Element is clicked successfully.
16:42:43.238 INFO  scp.AboutMyHomePage (AdminNotificationPage.java:1376) - Reply Button on Notification Header clicked successfully.
16:42:43.250 INFO  driver.Page (    Page.java:126) - Wait for element {} [[ChromeDriver: chrome on WINDOWS (b4b2b7f4977dd0336ac9b2f31b16b1be)] -> css selector: .note-editable] to be present in the DOM for duration of {} 120
16:42:43.251 INFO  driver.Page (    Page.java:224) - Waiting for element to be visible for 120 seconds.
16:42:43.270 INFO  driver.Page (    Page.java:227) - Element is visible on the page.
16:42:43.277 INFO  driver.Page (    Page.java:128) - Clearing the element {} [[ChromeDriver: chrome on WINDOWS (b4b2b7f4977dd0336ac9b2f31b16b1be)] -> css selector: .note-editable]
16:42:43.306 INFO  scp.AboutMyHomePage (AdminNotificationPage.java:1387) - Reply Notification Textbox field is cleared.
16:42:43.306 INFO  scp.AboutMyHomePage (AdminNotificationPage.java:1408) - Wait for Send Reply BUtton visibility on Notification Page.
16:42:43.307 INFO  driver.Page (    Page.java:224) - Waiting for element to be visible for 120 seconds.
16:42:43.346 INFO  driver.Page (    Page.java:227) - Element is visible on the page.
16:42:43.347 INFO  scp.AboutMyHomePage (AdminNotificationPage.java:1390) - Populating Reply Notification TextBox {} :Testing Reply Notifications
16:42:43.354 INFO  driver.Page (    Page.java:109) - Wait for element {} [[ChromeDriver: chrome on WINDOWS (b4b2b7f4977dd0336ac9b2f31b16b1be)] -> css selector: .note-editable] to be present in the DOM for duration of {} 120
16:42:43.354 INFO  driver.Page (    Page.java:224) - Waiting for element to be visible for 120 seconds.
16:42:43.373 INFO  driver.Page (    Page.java:227) - Element is visible on the page.
16:42:43.381 INFO  driver.Page (    Page.java:111) - Clearing the element {} [[ChromeDriver: chrome on WINDOWS (b4b2b7f4977dd0336ac9b2f31b16b1be)] -> css selector: .note-editable] before sending the keys.
16:42:43.417 INFO  driver.Page (    Page.java:113) - Sending the following keys {} Testing Reply Notifications to the element {} [[ChromeDriver: chrome on WINDOWS (b4b2b7f4977dd0336ac9b2f31b16b1be)] -> css selector: .note-editable]
16:42:43.574 INFO  scp.AboutMyHomePage (AdminNotificationPage.java:1392) - Reply Notification TextBox populated successfully with Value Testing Reply Notifications
16:42:43.574 INFO  driver.Page (    Page.java:58) - Preparing for element to click.
16:42:43.575 INFO  driver.Page (    Page.java:199) - Waiting for element to be clickable for 120 seconds.
16:42:43.626 INFO  driver.Page (    Page.java:202) - Element is clickable now.
16:42:43.676 INFO  driver.Page (    Page.java:61) - Element is clicked successfully.
16:42:43.676 INFO  scp.AboutMyHomePage (AdminNotificationPage.java:1413) - Send Reply Button clicked successfully.
16:42:44.225 INFO  driver.Page (    Page.java:149) - Text got from the locator {} [[ChromeDriver: chrome on WINDOWS (b4b2b7f4977dd0336ac9b2f31b16b1be)] -> css selector: #toast-container .toast-message] is Your message has been sent successfully.
16:42:44.240 INFO  scp.HomePage (HomePage.java:158) - Label on toast message {}: Your message has been sent successfully.
16:42:44.241 INFO  scp.HomePage (HomePage.java:142) - Wait for toast message invisibility.
16:42:44.241 INFO  driver.Page (    Page.java:238) - Waiting for element to be invisible for 120 seconds.
16:42:51.975 INFO  driver.Page (    Page.java:241) - Element is invisible from the page.
16:42:51.977 INFO  driver.Page (    Page.java:58) - Preparing for element to click.
16:42:51.978 INFO  driver.Page (    Page.java:199) - Waiting for element to be clickable for 120 seconds.
16:42:52.040 INFO  driver.Page (    Page.java:202) - Element is clickable now.
16:42:52.083 INFO  driver.Page (    Page.java:61) - Element is clicked successfully.
16:42:52.083 INFO  scp.AboutMyHomePage (AdminNotificationPage.java:1680) - Toggle Button for Unread or All Notification is clicked successfully.
16:42:52.083 INFO  scp.HomePage (HomePage.java:174) - Wait for Spinner Loading Image invisibility.
16:42:52.084 INFO  driver.Page (    Page.java:238) - Waiting for element to be invisible for 120 seconds.
16:43:01.363 INFO  driver.Page (    Page.java:241) - Element is invisible from the page.
16:43:01.363 INFO  driver.Page (    Page.java:58) - Preparing for element to click.
16:43:01.363 INFO  driver.Page (    Page.java:199) - Waiting for element to be clickable for 120 seconds.
16:43:01.400 INFO  driver.Page (    Page.java:202) - Element is clickable now.
16:43:01.486 INFO  driver.Page (    Page.java:61) - Element is clicked successfully.
16:43:01.487 INFO  scp.AboutMyHomePage (AdminNotificationPage.java:462) - Inbox Link clicked {}.
16:43:01.487 INFO  scp.HomePage (HomePage.java:174) - Wait for Spinner Loading Image invisibility.
16:43:01.487 INFO  driver.Page (    Page.java:238) - Waiting for element to be invisible for 120 seconds.
16:43:10.784 INFO  driver.Page (    Page.java:241) - Element is invisible from the page.
16:43:10.809 INFO  driver.Page (    Page.java:58) - Preparing for element to click.
16:43:10.809 INFO  driver.Page (    Page.java:199) - Waiting for element to be clickable for 120 seconds.
16:43:10.839 INFO  driver.Page (    Page.java:202) - Element is clickable now.
16:43:10.880 INFO  driver.Page (    Page.java:61) - Element is clicked successfully.
16:43:10.880 INFO  scp.AboutMyHomePage (AdminNotificationPage.java:462) - Inbox Link clicked {}.
16:43:10.881 INFO  scp.HomePage (HomePage.java:174) - Wait for Spinner Loading Image invisibility.
16:43:10.881 INFO  driver.Page (    Page.java:238) - Waiting for element to be invisible for 120 seconds.
16:43:20.188 INFO  driver.Page (    Page.java:241) - Element is invisible from the page.
16:43:20.229 INFO  driver.Page (    Page.java:58) - Preparing for element to click.
16:43:20.229 INFO  driver.Page (    Page.java:199) - Waiting for element to be clickable for 120 seconds.
16:43:20.267 INFO  driver.Page (    Page.java:202) - Element is clickable now.
16:43:20.313 INFO  driver.Page (    Page.java:61) - Element is clicked successfully.
16:43:20.314 INFO  csp.AdminHomePage (AdminHomePage.java:82) - Admin User Profile dropdown clicked successfully.
16:43:20.314 INFO  driver.Page (    Page.java:224) - Waiting for element to be visible for 120 seconds.
16:43:20.337 INFO  driver.Page (    Page.java:227) - Element is visible on the page.
16:43:20.337 INFO  csp.AdminHomePage (AdminHomePage.java:36) - SignOut Link is Visible on the page.
16:43:20.337 INFO  driver.Page (    Page.java:58) - Preparing for element to click.
16:43:20.337 INFO  driver.Page (    Page.java:199) - Waiting for element to be clickable for 120 seconds.
16:43:20.368 INFO  driver.Page (    Page.java:202) - Element is clickable now.
16:43:22.915 INFO  driver.Page (    Page.java:61) - Element is clicked successfully.
16:43:22.916 INFO  csp.AdminHomePage (AdminHomePage.java:40) - Admin User SignOut Link clicked successfully.
16:43:22.916 INFO  scp.HomePage (HomePage.java:128) - Wait for page loader invisibility.
16:43:22.916 INFO  driver.Page (    Page.java:238) - Waiting for element to be invisible for 120 seconds.
16:43:27.930 INFO  driver.Page (    Page.java:241) - Element is invisible from the page.
16:43:27.930 INFO  csp.AdminNotificationTests (AdminNotificationTests.java:470) - Test Case execution for - verifyInboxNewRepliedNotifications - is Completed.
16:43:34.469 INFO  driver.DriverFactory (DriverFactory.java:112) - Clearing all the cookies.
