13:54:31.507 INFO  driver.DriverFactory (DriverFactory.java:125) - Clearing all the cookies.
13:54:31.830 INFO  driver.DriverFactory (DriverFactory.java:62) - Open the url {} https://u-ugi10s.smartcmobile.net/ using the selenium get() method.
13:55:16.185 INFO  scp.RegistrationUGITests (RegistrationUGITests.java:26) - Test Case execution for - verifyCustomerRegistrationPage - is Initiated
13:55:16.584 INFO  driver.Page (    Page.java:51) - Preparing for element to click.
13:55:16.584 INFO  driver.Page (    Page.java:225) - Waiting for element to be clickable for 120 seconds.
13:55:18.364 INFO  driver.Page (    Page.java:228) - Element is clickable now.
13:55:18.365 INFO  driver.Page (    Page.java:215) - Returning web element for by type locator : By.cssSelector: #btnResidentialType
13:56:14.861 INFO  driver.Page (    Page.java:54) - Element is clicked successfully.
13:56:14.862 INFO  scp.HomePage (HomePage.java:194) - Wait for Spinner Loading Image invisibility.
13:56:14.862 INFO  driver.Page (    Page.java:271) - Waiting for element to be invisible for 120 seconds.
13:56:20.259 INFO  driver.Page (    Page.java:274) - Element is invisible from the page.
13:56:21.826 INFO  scp.RegistrationUGISteps (RegistrationUGISteps.java:73) - feedbackPopUp Canceled
13:56:27.362 INFO  scp.RegistrationUGISteps (RegistrationUGISteps.java:96) - feedback popup not displayed
13:56:27.363 INFO  scp.RegistrationUGIPage (RegistrationUGIPage.java:296) - Populating UtilityAccountNumber {} :421002206833
13:56:27.569 INFO  driver.Page (    Page.java:129) - Wait for element {} [[ChromeDriver: chrome on windows (a86d417515bfa2b86dc737bc437048b5)] -> id: txt_4] to be present in the DOM for duration of {} 120
13:56:27.570 INFO  driver.Page (    Page.java:257) - Waiting for element to be visible for 120 seconds.
13:56:28.124 INFO  driver.Page (    Page.java:260) - Element is visible on the page.
13:56:28.291 INFO  driver.Page (    Page.java:131) - Clearing the element {} [[ChromeDriver: chrome on windows (a86d417515bfa2b86dc737bc437048b5)] -> id: txt_4] before sending the keys.
13:56:29.651 INFO  driver.Page (    Page.java:133) - Sending the following keys {} 421002206833 to the element {} [[ChromeDriver: chrome on windows (a86d417515bfa2b86dc737bc437048b5)] -> id: txt_4]
13:56:32.680 INFO  scp.RegistrationUGIPage (RegistrationUGIPage.java:298) - UtilityAccountNumber populated successfully.
13:56:32.681 INFO  scp.RegistrationUGIPage (RegistrationUGIPage.java:395) - Populating SSN Number {} :421002206833@yopmail.com
13:56:33.281 INFO  driver.Page (    Page.java:129) - Wait for element {} [[ChromeDriver: chrome on windows (a86d417515bfa2b86dc737bc437048b5)] -> css selector: input[mappingname = 'EmailID']] to be present in the DOM for duration of {} 120
13:56:33.282 INFO  driver.Page (    Page.java:257) - Waiting for element to be visible for 120 seconds.
13:56:34.006 INFO  driver.Page (    Page.java:260) - Element is visible on the page.
13:56:34.573 INFO  driver.Page (    Page.java:131) - Clearing the element {} [[ChromeDriver: chrome on windows (a86d417515bfa2b86dc737bc437048b5)] -> css selector: input[mappingname = 'EmailID']] before sending the keys.
13:56:43.850 INFO  driver.Page (    Page.java:133) - Sending the following keys {} 421002206833@yopmail.com to the element {} [[ChromeDriver: chrome on windows (a86d417515bfa2b86dc737bc437048b5)] -> css selector: input[mappingname = 'EmailID']]
13:56:49.680 INFO  scp.RegistrationUGIPage (RegistrationUGIPage.java:397) - Email Id populated successfully.
13:56:49.681 INFO  scp.RegistrationUGIPage (RegistrationUGIPage.java:187) - Populating Postal Code {} :17619
13:56:50.264 INFO  driver.Page (    Page.java:129) - Wait for element {} [[ChromeDriver: chrome on windows (a86d417515bfa2b86dc737bc437048b5)] -> css selector: input[mappingname='PostalCode']] to be present in the DOM for duration of {} 120
13:56:50.265 INFO  driver.Page (    Page.java:257) - Waiting for element to be visible for 120 seconds.
13:56:51.416 INFO  driver.Page (    Page.java:260) - Element is visible on the page.
13:56:51.993 INFO  driver.Page (    Page.java:131) - Clearing the element {} [[ChromeDriver: chrome on windows (a86d417515bfa2b86dc737bc437048b5)] -> css selector: input[mappingname='PostalCode']] before sending the keys.
13:56:54.494 INFO  driver.Page (    Page.java:133) - Sending the following keys {} 17619 to the element {} [[ChromeDriver: chrome on windows (a86d417515bfa2b86dc737bc437048b5)] -> css selector: input[mappingname='PostalCode']]
13:57:03.161 INFO  scp.RegistrationUGIPage (RegistrationUGIPage.java:189) - Postal Code populated successfully.
13:57:03.989 INFO  driver.Page (    Page.java:569) - Preparing for element to click.
13:57:05.219 INFO  driver.Page (    Page.java:576) - Element is clicked successfully.
13:57:05.219 INFO  scp.RegistrationUGIPage (RegistrationUGIPage.java:641) - Next Button clicked successfully.
13:57:05.219 INFO  scp.HomePage (HomePage.java:194) - Wait for Spinner Loading Image invisibility.
13:57:05.219 INFO  driver.Page (    Page.java:271) - Waiting for element to be invisible for 120 seconds.
13:57:16.477 INFO  driver.Page (    Page.java:274) - Element is invisible from the page.
13:57:16.477 INFO  scp.RegistrationUGIPage (RegistrationUGIPage.java:414) - Checking the visibility of Mobile Number on the page.
13:57:17.464 INFO  scp.RegistrationUGIPage (RegistrationUGIPage.java:415) - Mobile Number visibility status : false
13:57:19.892 INFO  driver.DriverFactory (DriverFactory.java:125) - Clearing all the cookies.
14:12:58.833 INFO  runner.TestRunner (TestRunner.java:32) - Initializing application properties config file.
14:12:59.194 INFO  runner.TestRunner (TestRunner.java:35) - Initializing connection to the base database.
14:12:59.195 INFO  runner.TestRunner (TestRunner.java:38) - Initializing resource path config file.
14:12:59.367 INFO  runner.TestRunner (TestRunner.java:41) - Initializing usage months config from CSP.
14:12:59.372 INFO  runner.TestRunner (TestRunner.java:44) - Initializing date config from CSP.
14:12:59.377 INFO  runner.TestRunner (TestRunner.java:47) - Initializing language config from CSP.
14:12:59.378 INFO  runner.TestRunner (TestRunner.java:50) - Initializing language config from CSP.
14:12:59.379 INFO  runner.TestRunner (TestRunner.java:53) - Initializing language config from CSP.
14:12:59.379 INFO  runner.TestRunner (TestRunner.java:56) - Initializing user model config.
14:12:59.379 INFO  runner.TestRunner (TestRunner.java:59) - Initializing auth token config.
14:12:59.381 INFO  runner.TestRunner (TestRunner.java:62) - Initializing Admin User config.
14:13:03.493 INFO  utils.ExcelUtils (ExcelUtils.java:41) - Test Runner excel row at: 1
14:13:03.561 INFO  utils.ExcelUtils (ExcelUtils.java:41) - Test Runner excel row at: 2
14:13:03.563 INFO  utils.ExcelUtils (ExcelUtils.java:41) - Test Runner excel row at: 3
14:13:03.564 INFO  utils.ExcelUtils (ExcelUtils.java:41) - Test Runner excel row at: 4
14:13:03.566 INFO  utils.ExcelUtils (ExcelUtils.java:41) - Test Runner excel row at: 5
14:13:03.567 INFO  utils.ExcelUtils (ExcelUtils.java:41) - Test Runner excel row at: 6
14:13:03.568 INFO  utils.ExcelUtils (ExcelUtils.java:41) - Test Runner excel row at: 7
14:13:03.569 INFO  utils.ExcelUtils (ExcelUtils.java:41) - Test Runner excel row at: 8
14:13:03.571 INFO  utils.ExcelUtils (ExcelUtils.java:41) - Test Runner excel row at: 9
14:13:03.574 INFO  utils.ExcelUtils (ExcelUtils.java:41) - Test Runner excel row at: 10
14:13:03.575 INFO  utils.ExcelUtils (ExcelUtils.java:41) - Test Runner excel row at: 11
14:13:03.575 INFO  utils.ExcelUtils (ExcelUtils.java:41) - Test Runner excel row at: 12
14:13:03.576 INFO  utils.ExcelUtils (ExcelUtils.java:41) - Test Runner excel row at: 13
14:13:03.576 INFO  utils.ExcelUtils (ExcelUtils.java:41) - Test Runner excel row at: 14
14:13:03.577 INFO  utils.ExcelUtils (ExcelUtils.java:41) - Test Runner excel row at: 15
14:13:03.577 INFO  utils.ExcelUtils (ExcelUtils.java:41) - Test Runner excel row at: 16
14:13:03.578 INFO  utils.ExcelUtils (ExcelUtils.java:41) - Test Runner excel row at: 17
14:13:03.578 INFO  utils.ExcelUtils (ExcelUtils.java:41) - Test Runner excel row at: 18
14:13:03.579 INFO  utils.ExcelUtils (ExcelUtils.java:41) - Test Runner excel row at: 19
14:13:03.580 INFO  utils.ExcelUtils (ExcelUtils.java:41) - Test Runner excel row at: 20
14:13:03.580 INFO  utils.ExcelUtils (ExcelUtils.java:41) - Test Runner excel row at: 21
14:13:03.581 INFO  utils.ExcelUtils (ExcelUtils.java:41) - Test Runner excel row at: 22
14:13:03.581 INFO  utils.ExcelUtils (ExcelUtils.java:41) - Test Runner excel row at: 23
14:13:03.582 INFO  utils.ExcelUtils (ExcelUtils.java:41) - Test Runner excel row at: 24
14:13:03.582 INFO  utils.ExcelUtils (ExcelUtils.java:41) - Test Runner excel row at: 25
14:13:03.582 INFO  utils.ExcelUtils (ExcelUtils.java:41) - Test Runner excel row at: 26
14:13:03.583 INFO  utils.ExcelUtils (ExcelUtils.java:41) - Test Runner excel row at: 27
14:13:03.583 INFO  utils.ExcelUtils (ExcelUtils.java:41) - Test Runner excel row at: 28
14:13:03.584 INFO  utils.ExcelUtils (ExcelUtils.java:41) - Test Runner excel row at: 29
14:13:03.584 INFO  utils.ExcelUtils (ExcelUtils.java:41) - Test Runner excel row at: 30
14:13:03.585 INFO  utils.ExcelUtils (ExcelUtils.java:41) - Test Runner excel row at: 31
14:13:03.585 INFO  utils.ExcelUtils (ExcelUtils.java:41) - Test Runner excel row at: 32
14:13:03.585 INFO  utils.ExcelUtils (ExcelUtils.java:41) - Test Runner excel row at: 33
14:13:03.586 INFO  utils.ExcelUtils (ExcelUtils.java:41) - Test Runner excel row at: 34
14:13:03.586 INFO  utils.ExcelUtils (ExcelUtils.java:41) - Test Runner excel row at: 35
14:13:03.586 INFO  utils.ExcelUtils (ExcelUtils.java:41) - Test Runner excel row at: 36
14:13:03.587 INFO  utils.ExcelUtils (ExcelUtils.java:41) - Test Runner excel row at: 37
14:13:03.587 INFO  utils.ExcelUtils (ExcelUtils.java:41) - Test Runner excel row at: 38
14:13:03.587 INFO  utils.ExcelUtils (ExcelUtils.java:41) - Test Runner excel row at: 39
14:13:03.588 INFO  utils.ExcelUtils (ExcelUtils.java:41) - Test Runner excel row at: 40
14:13:03.588 INFO  utils.ExcelUtils (ExcelUtils.java:41) - Test Runner excel row at: 41
14:13:03.589 INFO  utils.ExcelUtils (ExcelUtils.java:41) - Test Runner excel row at: 42
14:13:03.589 INFO  utils.ExcelUtils (ExcelUtils.java:41) - Test Runner excel row at: 43
14:13:03.590 INFO  utils.ExcelUtils (ExcelUtils.java:41) - Test Runner excel row at: 44
14:13:03.590 INFO  utils.ExcelUtils (ExcelUtils.java:41) - Test Runner excel row at: 45
14:13:03.590 INFO  utils.ExcelUtils (ExcelUtils.java:41) - Test Runner excel row at: 46
14:13:03.591 INFO  utils.ExcelUtils (ExcelUtils.java:41) - Test Runner excel row at: 47
14:13:03.591 INFO  utils.ExcelUtils (ExcelUtils.java:41) - Test Runner excel row at: 48
14:13:03.593 INFO  utils.ExcelUtils (ExcelUtils.java:41) - Test Runner excel row at: 49
14:13:03.593 INFO  utils.ExcelUtils (ExcelUtils.java:41) - Test Runner excel row at: 50
14:13:03.593 INFO  utils.ExcelUtils (ExcelUtils.java:41) - Test Runner excel row at: 51
14:13:03.594 INFO  utils.ExcelUtils (ExcelUtils.java:41) - Test Runner excel row at: 52
14:13:03.594 INFO  utils.ExcelUtils (ExcelUtils.java:41) - Test Runner excel row at: 53
14:13:03.594 INFO  utils.ExcelUtils (ExcelUtils.java:41) - Test Runner excel row at: 54
14:13:03.595 INFO  utils.ExcelUtils (ExcelUtils.java:41) - Test Runner excel row at: 55
14:13:03.595 INFO  utils.ExcelUtils (ExcelUtils.java:41) - Test Runner excel row at: 56
14:13:03.596 INFO  utils.ExcelUtils (ExcelUtils.java:41) - Test Runner excel row at: 57
14:13:03.596 INFO  utils.ExcelUtils (ExcelUtils.java:41) - Test Runner excel row at: 58
14:13:03.597 INFO  utils.ExcelUtils (ExcelUtils.java:41) - Test Runner excel row at: 59
14:13:03.597 INFO  utils.ExcelUtils (ExcelUtils.java:41) - Test Runner excel row at: 60
14:13:03.597 INFO  utils.ExcelUtils (ExcelUtils.java:41) - Test Runner excel row at: 61
14:13:03.598 INFO  utils.ExcelUtils (ExcelUtils.java:41) - Test Runner excel row at: 62
14:13:03.678 INFO  utils.ExcelUtils (ExcelUtils.java:41) - Test Runner excel row at: 63
14:13:03.679 INFO  utils.ExcelUtils (ExcelUtils.java:41) - Test Runner excel row at: 64
14:13:03.682 INFO  utils.ExcelUtils (ExcelUtils.java:41) - Test Runner excel row at: 65
14:13:03.684 INFO  utils.ExcelUtils (ExcelUtils.java:41) - Test Runner excel row at: 66
14:13:03.685 INFO  utils.ExcelUtils (ExcelUtils.java:41) - Test Runner excel row at: 67
14:13:03.685 INFO  utils.ExcelUtils (ExcelUtils.java:41) - Test Runner excel row at: 68
14:13:03.685 INFO  utils.ExcelUtils (ExcelUtils.java:41) - Test Runner excel row at: 69
14:13:03.686 INFO  utils.ExcelUtils (ExcelUtils.java:41) - Test Runner excel row at: 70
14:13:03.686 INFO  utils.ExcelUtils (ExcelUtils.java:41) - Test Runner excel row at: 71
14:13:03.688 INFO  utils.ExcelUtils (ExcelUtils.java:41) - Test Runner excel row at: 72
14:13:03.689 INFO  utils.ExcelUtils (ExcelUtils.java:41) - Test Runner excel row at: 73
14:13:03.689 INFO  utils.ExcelUtils (ExcelUtils.java:41) - Test Runner excel row at: 74
14:13:03.690 INFO  utils.ExcelUtils (ExcelUtils.java:41) - Test Runner excel row at: 75
14:13:03.691 INFO  utils.ExcelUtils (ExcelUtils.java:41) - Test Runner excel row at: 76
14:13:03.691 INFO  utils.ExcelUtils (ExcelUtils.java:41) - Test Runner excel row at: 77
14:13:03.692 INFO  utils.ExcelUtils (ExcelUtils.java:41) - Test Runner excel row at: 78
14:13:03.692 INFO  utils.ExcelUtils (ExcelUtils.java:41) - Test Runner excel row at: 79
14:13:03.692 INFO  utils.ExcelUtils (ExcelUtils.java:41) - Test Runner excel row at: 80
14:13:03.694 INFO  utils.ExcelUtils (ExcelUtils.java:41) - Test Runner excel row at: 81
14:13:03.694 INFO  utils.ExcelUtils (ExcelUtils.java:41) - Test Runner excel row at: 82
14:13:03.695 INFO  utils.ExcelUtils (ExcelUtils.java:41) - Test Runner excel row at: 83
14:13:03.696 INFO  utils.ExcelUtils (ExcelUtils.java:41) - Test Runner excel row at: 84
14:13:03.696 INFO  utils.ExcelUtils (ExcelUtils.java:41) - Test Runner excel row at: 85
14:13:03.697 INFO  utils.ExcelUtils (ExcelUtils.java:41) - Test Runner excel row at: 86
14:13:03.697 INFO  utils.ExcelUtils (ExcelUtils.java:41) - Test Runner excel row at: 87
14:13:03.697 INFO  utils.ExcelUtils (ExcelUtils.java:41) - Test Runner excel row at: 88
14:13:03.697 INFO  utils.ExcelUtils (ExcelUtils.java:41) - Test Runner excel row at: 89
14:13:03.698 INFO  utils.ExcelUtils (ExcelUtils.java:41) - Test Runner excel row at: 90
14:13:03.698 INFO  utils.ExcelUtils (ExcelUtils.java:41) - Test Runner excel row at: 91
14:13:07.143 WARN  config.Configuration (Configuration.java:231) - QA env being used by default. No env property set. This can be set in the sew.app.yml config file with a '{}=' property or on the command line with the switch '-D{}='.
14:13:45.847 INFO  driver.WebDriverFactory (WebDriverFactory.java:192) - Setting up the browser window to its max.
14:13:46.483 INFO  driver.WebDriverFactory (WebDriverFactory.java:181) - Initializing the implicit wait timeout for {} 5
14:13:46.603 INFO  driver.WebDriverFactory (WebDriverFactory.java:184) - Initializing the page load timeout.
14:13:46.686 INFO  driver.DriverFactory (DriverFactory.java:125) - Clearing all the cookies.
14:13:47.586 INFO  driver.DriverFactory (DriverFactory.java:62) - Open the url {} https://u-ugi10s.smartcmobile.net/ using the selenium get() method.
14:15:28.045 INFO  scp.RegistrationUGITests (RegistrationUGITests.java:26) - Test Case execution for - verifyCustomerRegistrationPage - is Initiated
14:15:30.394 INFO  driver.Page (    Page.java:51) - Preparing for element to click.
14:15:30.395 INFO  driver.Page (    Page.java:225) - Waiting for element to be clickable for 120 seconds.
14:16:04.866 INFO  driver.Page (    Page.java:228) - Element is clickable now.
14:16:04.867 INFO  driver.Page (    Page.java:215) - Returning web element for by type locator : By.cssSelector: #btnResidentialType
14:18:14.016 INFO  driver.DriverFactory (DriverFactory.java:125) - Clearing all the cookies.
14:21:34.111 INFO  runner.TestRunner (TestRunner.java:32) - Initializing application properties config file.
14:21:34.116 INFO  runner.TestRunner (TestRunner.java:35) - Initializing connection to the base database.
14:21:34.116 INFO  runner.TestRunner (TestRunner.java:38) - Initializing resource path config file.
14:21:34.117 INFO  runner.TestRunner (TestRunner.java:41) - Initializing usage months config from CSP.
14:21:34.117 INFO  runner.TestRunner (TestRunner.java:44) - Initializing date config from CSP.
14:21:34.117 INFO  runner.TestRunner (TestRunner.java:47) - Initializing language config from CSP.
14:21:34.118 INFO  runner.TestRunner (TestRunner.java:50) - Initializing language config from CSP.
14:21:34.118 INFO  runner.TestRunner (TestRunner.java:53) - Initializing language config from CSP.
14:21:34.118 INFO  runner.TestRunner (TestRunner.java:56) - Initializing user model config.
14:21:34.119 INFO  runner.TestRunner (TestRunner.java:59) - Initializing auth token config.
14:21:34.119 INFO  runner.TestRunner (TestRunner.java:62) - Initializing Admin User config.
14:21:37.110 INFO  utils.ExcelUtils (ExcelUtils.java:41) - Test Runner excel row at: 1
14:21:37.175 INFO  utils.ExcelUtils (ExcelUtils.java:41) - Test Runner excel row at: 2
14:21:37.176 INFO  utils.ExcelUtils (ExcelUtils.java:41) - Test Runner excel row at: 3
14:21:37.176 INFO  utils.ExcelUtils (ExcelUtils.java:41) - Test Runner excel row at: 4
14:21:37.178 INFO  utils.ExcelUtils (ExcelUtils.java:41) - Test Runner excel row at: 5
14:21:37.179 INFO  utils.ExcelUtils (ExcelUtils.java:41) - Test Runner excel row at: 6
14:21:37.180 INFO  utils.ExcelUtils (ExcelUtils.java:41) - Test Runner excel row at: 7
14:21:37.180 INFO  utils.ExcelUtils (ExcelUtils.java:41) - Test Runner excel row at: 8
14:21:37.181 INFO  utils.ExcelUtils (ExcelUtils.java:41) - Test Runner excel row at: 9
14:21:37.182 INFO  utils.ExcelUtils (ExcelUtils.java:41) - Test Runner excel row at: 10
14:21:37.182 INFO  utils.ExcelUtils (ExcelUtils.java:41) - Test Runner excel row at: 11
14:21:37.182 INFO  utils.ExcelUtils (ExcelUtils.java:41) - Test Runner excel row at: 12
14:21:37.183 INFO  utils.ExcelUtils (ExcelUtils.java:41) - Test Runner excel row at: 13
14:21:37.183 INFO  utils.ExcelUtils (ExcelUtils.java:41) - Test Runner excel row at: 14
14:21:37.184 INFO  utils.ExcelUtils (ExcelUtils.java:41) - Test Runner excel row at: 15
14:21:37.184 INFO  utils.ExcelUtils (ExcelUtils.java:41) - Test Runner excel row at: 16
14:21:37.185 INFO  utils.ExcelUtils (ExcelUtils.java:41) - Test Runner excel row at: 17
14:21:37.186 INFO  utils.ExcelUtils (ExcelUtils.java:41) - Test Runner excel row at: 18
14:21:37.186 INFO  utils.ExcelUtils (ExcelUtils.java:41) - Test Runner excel row at: 19
14:21:37.187 INFO  utils.ExcelUtils (ExcelUtils.java:41) - Test Runner excel row at: 20
14:21:37.234 INFO  utils.ExcelUtils (ExcelUtils.java:41) - Test Runner excel row at: 21
14:21:37.265 INFO  utils.ExcelUtils (ExcelUtils.java:41) - Test Runner excel row at: 22
14:21:37.269 INFO  utils.ExcelUtils (ExcelUtils.java:41) - Test Runner excel row at: 23
14:21:37.274 INFO  utils.ExcelUtils (ExcelUtils.java:41) - Test Runner excel row at: 24
14:21:37.275 INFO  utils.ExcelUtils (ExcelUtils.java:41) - Test Runner excel row at: 25
14:21:37.276 INFO  utils.ExcelUtils (ExcelUtils.java:41) - Test Runner excel row at: 26
14:21:37.278 INFO  utils.ExcelUtils (ExcelUtils.java:41) - Test Runner excel row at: 27
14:21:37.278 INFO  utils.ExcelUtils (ExcelUtils.java:41) - Test Runner excel row at: 28
14:21:37.279 INFO  utils.ExcelUtils (ExcelUtils.java:41) - Test Runner excel row at: 29
14:21:37.279 INFO  utils.ExcelUtils (ExcelUtils.java:41) - Test Runner excel row at: 30
14:21:37.279 INFO  utils.ExcelUtils (ExcelUtils.java:41) - Test Runner excel row at: 31
14:21:37.280 INFO  utils.ExcelUtils (ExcelUtils.java:41) - Test Runner excel row at: 32
14:21:37.932 INFO  utils.ExcelUtils (ExcelUtils.java:41) - Test Runner excel row at: 33
14:21:37.933 INFO  utils.ExcelUtils (ExcelUtils.java:41) - Test Runner excel row at: 34
14:21:37.933 INFO  utils.ExcelUtils (ExcelUtils.java:41) - Test Runner excel row at: 35
14:21:37.934 INFO  utils.ExcelUtils (ExcelUtils.java:41) - Test Runner excel row at: 36
14:21:37.935 INFO  utils.ExcelUtils (ExcelUtils.java:41) - Test Runner excel row at: 37
14:21:37.936 INFO  utils.ExcelUtils (ExcelUtils.java:41) - Test Runner excel row at: 38
14:21:37.936 INFO  utils.ExcelUtils (ExcelUtils.java:41) - Test Runner excel row at: 39
14:21:37.937 INFO  utils.ExcelUtils (ExcelUtils.java:41) - Test Runner excel row at: 40
14:21:37.938 INFO  utils.ExcelUtils (ExcelUtils.java:41) - Test Runner excel row at: 41
14:21:37.939 INFO  utils.ExcelUtils (ExcelUtils.java:41) - Test Runner excel row at: 42
14:21:37.942 INFO  utils.ExcelUtils (ExcelUtils.java:41) - Test Runner excel row at: 43
14:21:37.948 INFO  utils.ExcelUtils (ExcelUtils.java:41) - Test Runner excel row at: 44
14:21:37.949 INFO  utils.ExcelUtils (ExcelUtils.java:41) - Test Runner excel row at: 45
14:21:37.949 INFO  utils.ExcelUtils (ExcelUtils.java:41) - Test Runner excel row at: 46
14:21:37.950 INFO  utils.ExcelUtils (ExcelUtils.java:41) - Test Runner excel row at: 47
14:21:37.950 INFO  utils.ExcelUtils (ExcelUtils.java:41) - Test Runner excel row at: 48
14:21:37.950 INFO  utils.ExcelUtils (ExcelUtils.java:41) - Test Runner excel row at: 49
14:21:37.951 INFO  utils.ExcelUtils (ExcelUtils.java:41) - Test Runner excel row at: 50
14:21:37.951 INFO  utils.ExcelUtils (ExcelUtils.java:41) - Test Runner excel row at: 51
14:21:37.952 INFO  utils.ExcelUtils (ExcelUtils.java:41) - Test Runner excel row at: 52
14:21:37.952 INFO  utils.ExcelUtils (ExcelUtils.java:41) - Test Runner excel row at: 53
14:21:37.954 INFO  utils.ExcelUtils (ExcelUtils.java:41) - Test Runner excel row at: 54
14:21:37.954 INFO  utils.ExcelUtils (ExcelUtils.java:41) - Test Runner excel row at: 55
14:21:37.955 INFO  utils.ExcelUtils (ExcelUtils.java:41) - Test Runner excel row at: 56
14:21:37.955 INFO  utils.ExcelUtils (ExcelUtils.java:41) - Test Runner excel row at: 57
14:21:37.955 INFO  utils.ExcelUtils (ExcelUtils.java:41) - Test Runner excel row at: 58
14:21:37.955 INFO  utils.ExcelUtils (ExcelUtils.java:41) - Test Runner excel row at: 59
14:21:37.956 INFO  utils.ExcelUtils (ExcelUtils.java:41) - Test Runner excel row at: 60
14:21:37.957 INFO  utils.ExcelUtils (ExcelUtils.java:41) - Test Runner excel row at: 61
14:21:37.960 INFO  utils.ExcelUtils (ExcelUtils.java:41) - Test Runner excel row at: 62
14:21:37.961 INFO  utils.ExcelUtils (ExcelUtils.java:41) - Test Runner excel row at: 63
14:21:37.961 INFO  utils.ExcelUtils (ExcelUtils.java:41) - Test Runner excel row at: 64
14:21:37.961 INFO  utils.ExcelUtils (ExcelUtils.java:41) - Test Runner excel row at: 65
14:21:37.963 INFO  utils.ExcelUtils (ExcelUtils.java:41) - Test Runner excel row at: 66
14:21:37.963 INFO  utils.ExcelUtils (ExcelUtils.java:41) - Test Runner excel row at: 67
14:21:37.964 INFO  utils.ExcelUtils (ExcelUtils.java:41) - Test Runner excel row at: 68
14:21:37.964 INFO  utils.ExcelUtils (ExcelUtils.java:41) - Test Runner excel row at: 69
14:21:37.965 INFO  utils.ExcelUtils (ExcelUtils.java:41) - Test Runner excel row at: 70
14:21:37.965 INFO  utils.ExcelUtils (ExcelUtils.java:41) - Test Runner excel row at: 71
14:21:37.966 INFO  utils.ExcelUtils (ExcelUtils.java:41) - Test Runner excel row at: 72
14:21:37.966 INFO  utils.ExcelUtils (ExcelUtils.java:41) - Test Runner excel row at: 73
14:21:37.966 INFO  utils.ExcelUtils (ExcelUtils.java:41) - Test Runner excel row at: 74
14:21:37.967 INFO  utils.ExcelUtils (ExcelUtils.java:41) - Test Runner excel row at: 75
14:21:37.967 INFO  utils.ExcelUtils (ExcelUtils.java:41) - Test Runner excel row at: 76
14:21:37.967 INFO  utils.ExcelUtils (ExcelUtils.java:41) - Test Runner excel row at: 77
14:21:37.968 INFO  utils.ExcelUtils (ExcelUtils.java:41) - Test Runner excel row at: 78
14:21:37.968 INFO  utils.ExcelUtils (ExcelUtils.java:41) - Test Runner excel row at: 79
14:21:37.968 INFO  utils.ExcelUtils (ExcelUtils.java:41) - Test Runner excel row at: 80
14:21:37.997 INFO  utils.ExcelUtils (ExcelUtils.java:41) - Test Runner excel row at: 81
14:21:37.997 INFO  utils.ExcelUtils (ExcelUtils.java:41) - Test Runner excel row at: 82
14:21:37.997 INFO  utils.ExcelUtils (ExcelUtils.java:41) - Test Runner excel row at: 83
14:21:37.998 INFO  utils.ExcelUtils (ExcelUtils.java:41) - Test Runner excel row at: 84
14:21:37.998 INFO  utils.ExcelUtils (ExcelUtils.java:41) - Test Runner excel row at: 85
14:21:37.998 INFO  utils.ExcelUtils (ExcelUtils.java:41) - Test Runner excel row at: 86
14:21:37.998 INFO  utils.ExcelUtils (ExcelUtils.java:41) - Test Runner excel row at: 87
14:21:38.000 INFO  utils.ExcelUtils (ExcelUtils.java:41) - Test Runner excel row at: 88
14:21:38.000 INFO  utils.ExcelUtils (ExcelUtils.java:41) - Test Runner excel row at: 89
14:21:38.000 INFO  utils.ExcelUtils (ExcelUtils.java:41) - Test Runner excel row at: 90
14:21:38.001 INFO  utils.ExcelUtils (ExcelUtils.java:41) - Test Runner excel row at: 91
14:21:39.202 WARN  config.Configuration (Configuration.java:231) - QA env being used by default. No env property set. This can be set in the sew.app.yml config file with a '{}=' property or on the command line with the switch '-D{}='.
14:21:57.767 INFO  driver.WebDriverFactory (WebDriverFactory.java:192) - Setting up the browser window to its max.
14:21:59.297 INFO  driver.WebDriverFactory (WebDriverFactory.java:181) - Initializing the implicit wait timeout for {} 5
14:22:08.971 INFO  driver.WebDriverFactory (WebDriverFactory.java:184) - Initializing the page load timeout.
14:22:09.106 INFO  driver.DriverFactory (DriverFactory.java:125) - Clearing all the cookies.
14:22:09.631 INFO  driver.DriverFactory (DriverFactory.java:62) - Open the url {} https://u-ugi10s.smartcmobile.net/ using the selenium get() method.
14:23:31.663 INFO  scp.RegistrationUGITests (RegistrationUGITests.java:26) - Test Case execution for - verifyCustomerRegistrationPage - is Initiated
14:23:31.882 INFO  driver.Page (    Page.java:51) - Preparing for element to click.
14:23:31.882 INFO  driver.Page (    Page.java:225) - Waiting for element to be clickable for 120 seconds.
14:23:34.615 INFO  driver.Page (    Page.java:228) - Element is clickable now.
14:23:34.615 INFO  driver.Page (    Page.java:215) - Returning web element for by type locator : By.cssSelector: #btnResidentialType
14:24:15.561 INFO  driver.Page (    Page.java:54) - Element is clicked successfully.
14:24:15.562 INFO  scp.HomePage (HomePage.java:194) - Wait for Spinner Loading Image invisibility.
14:24:15.563 INFO  driver.Page (    Page.java:271) - Waiting for element to be invisible for 120 seconds.
14:24:20.790 INFO  driver.Page (    Page.java:274) - Element is invisible from the page.
14:24:26.047 INFO  scp.RegistrationUGISteps (RegistrationUGISteps.java:78) - feedback popup not displayed
14:24:31.441 INFO  scp.RegistrationUGISteps (RegistrationUGISteps.java:96) - feedback popup not displayed
14:24:31.443 INFO  scp.RegistrationUGIPage (RegistrationUGIPage.java:296) - Populating UtilityAccountNumber {} :421002206833
14:24:31.895 INFO  driver.Page (    Page.java:129) - Wait for element {} [[ChromeDriver: chrome on windows (da60660ef9caf8986bbb50edef78709f)] -> id: txt_4] to be present in the DOM for duration of {} 120
14:24:31.896 INFO  driver.Page (    Page.java:257) - Waiting for element to be visible for 120 seconds.
14:24:39.044 INFO  driver.Page (    Page.java:260) - Element is visible on the page.
14:24:39.502 INFO  driver.Page (    Page.java:131) - Clearing the element {} [[ChromeDriver: chrome on windows (da60660ef9caf8986bbb50edef78709f)] -> id: txt_4] before sending the keys.
14:24:48.661 INFO  driver.Page (    Page.java:133) - Sending the following keys {} 421002206833 to the element {} [[ChromeDriver: chrome on windows (da60660ef9caf8986bbb50edef78709f)] -> id: txt_4]
14:25:05.942 INFO  scp.RegistrationUGIPage (RegistrationUGIPage.java:298) - UtilityAccountNumber populated successfully.
14:25:05.942 INFO  scp.RegistrationUGIPage (RegistrationUGIPage.java:395) - Populating SSN Number {} :421002206833@yopmail.com
14:25:06.468 INFO  driver.Page (    Page.java:129) - Wait for element {} [[ChromeDriver: chrome on windows (da60660ef9caf8986bbb50edef78709f)] -> css selector: input[mappingname = 'EmailID']] to be present in the DOM for duration of {} 120
14:25:06.469 INFO  driver.Page (    Page.java:257) - Waiting for element to be visible for 120 seconds.
14:25:09.816 INFO  driver.Page (    Page.java:260) - Element is visible on the page.
14:25:10.237 INFO  driver.Page (    Page.java:131) - Clearing the element {} [[ChromeDriver: chrome on windows (da60660ef9caf8986bbb50edef78709f)] -> css selector: input[mappingname = 'EmailID']] before sending the keys.
14:25:13.171 INFO  driver.Page (    Page.java:133) - Sending the following keys {} 421002206833@yopmail.com to the element {} [[ChromeDriver: chrome on windows (da60660ef9caf8986bbb50edef78709f)] -> css selector: input[mappingname = 'EmailID']]
14:25:20.570 INFO  scp.RegistrationUGIPage (RegistrationUGIPage.java:397) - Email Id populated successfully.
14:25:20.571 INFO  scp.RegistrationUGIPage (RegistrationUGIPage.java:187) - Populating Postal Code {} :17619
14:25:21.181 INFO  driver.Page (    Page.java:129) - Wait for element {} [[ChromeDriver: chrome on windows (da60660ef9caf8986bbb50edef78709f)] -> css selector: input[mappingname='PostalCode']] to be present in the DOM for duration of {} 120
14:25:21.182 INFO  driver.Page (    Page.java:257) - Waiting for element to be visible for 120 seconds.
14:25:22.386 INFO  driver.Page (    Page.java:260) - Element is visible on the page.
14:25:22.646 INFO  driver.Page (    Page.java:131) - Clearing the element {} [[ChromeDriver: chrome on windows (da60660ef9caf8986bbb50edef78709f)] -> css selector: input[mappingname='PostalCode']] before sending the keys.
14:25:28.782 INFO  driver.Page (    Page.java:133) - Sending the following keys {} 17619 to the element {} [[ChromeDriver: chrome on windows (da60660ef9caf8986bbb50edef78709f)] -> css selector: input[mappingname='PostalCode']]
14:25:33.066 INFO  scp.RegistrationUGIPage (RegistrationUGIPage.java:189) - Postal Code populated successfully.
14:25:34.124 INFO  driver.Page (    Page.java:569) - Preparing for element to click.
14:25:40.855 INFO  driver.Page (    Page.java:576) - Element is clicked successfully.
14:25:40.855 INFO  scp.RegistrationUGIPage (RegistrationUGIPage.java:641) - Next Button clicked successfully.
14:25:40.855 INFO  scp.HomePage (HomePage.java:194) - Wait for Spinner Loading Image invisibility.
14:25:40.856 INFO  driver.Page (    Page.java:271) - Waiting for element to be invisible for 120 seconds.
14:25:51.076 INFO  driver.Page (    Page.java:274) - Element is invisible from the page.
14:25:51.076 INFO  scp.RegistrationUGIPage (RegistrationUGIPage.java:414) - Checking the visibility of Mobile Number on the page.
14:25:52.150 INFO  scp.RegistrationUGIPage (RegistrationUGIPage.java:415) - Mobile Number visibility status : false
14:25:54.653 INFO  driver.DriverFactory (DriverFactory.java:125) - Clearing all the cookies.
14:36:16.765 INFO  runner.TestRunner (TestRunner.java:32) - Initializing application properties config file.
14:36:16.990 INFO  runner.TestRunner (TestRunner.java:35) - Initializing connection to the base database.
14:36:16.992 INFO  runner.TestRunner (TestRunner.java:38) - Initializing resource path config file.
14:36:17.280 INFO  runner.TestRunner (TestRunner.java:41) - Initializing usage months config from CSP.
14:36:17.281 INFO  runner.TestRunner (TestRunner.java:44) - Initializing date config from CSP.
14:36:17.283 INFO  runner.TestRunner (TestRunner.java:47) - Initializing language config from CSP.
14:36:17.283 INFO  runner.TestRunner (TestRunner.java:50) - Initializing language config from CSP.
14:36:17.284 INFO  runner.TestRunner (TestRunner.java:53) - Initializing language config from CSP.
14:36:17.285 INFO  runner.TestRunner (TestRunner.java:56) - Initializing user model config.
14:36:17.286 INFO  runner.TestRunner (TestRunner.java:59) - Initializing auth token config.
14:36:17.286 INFO  runner.TestRunner (TestRunner.java:62) - Initializing Admin User config.
14:36:21.248 INFO  utils.ExcelUtils (ExcelUtils.java:41) - Test Runner excel row at: 1
14:36:21.259 INFO  utils.ExcelUtils (ExcelUtils.java:41) - Test Runner excel row at: 2
14:36:21.260 INFO  utils.ExcelUtils (ExcelUtils.java:41) - Test Runner excel row at: 3
14:36:21.261 INFO  utils.ExcelUtils (ExcelUtils.java:41) - Test Runner excel row at: 4
14:36:21.261 INFO  utils.ExcelUtils (ExcelUtils.java:41) - Test Runner excel row at: 5
14:36:21.262 INFO  utils.ExcelUtils (ExcelUtils.java:41) - Test Runner excel row at: 6
14:36:21.263 INFO  utils.ExcelUtils (ExcelUtils.java:41) - Test Runner excel row at: 7
14:36:21.263 INFO  utils.ExcelUtils (ExcelUtils.java:41) - Test Runner excel row at: 8
14:36:21.264 INFO  utils.ExcelUtils (ExcelUtils.java:41) - Test Runner excel row at: 9
14:36:21.265 INFO  utils.ExcelUtils (ExcelUtils.java:41) - Test Runner excel row at: 10
14:36:21.265 INFO  utils.ExcelUtils (ExcelUtils.java:41) - Test Runner excel row at: 11
14:36:21.266 INFO  utils.ExcelUtils (ExcelUtils.java:41) - Test Runner excel row at: 12
14:36:21.267 INFO  utils.ExcelUtils (ExcelUtils.java:41) - Test Runner excel row at: 13
14:36:21.268 INFO  utils.ExcelUtils (ExcelUtils.java:41) - Test Runner excel row at: 14
14:36:21.268 INFO  utils.ExcelUtils (ExcelUtils.java:41) - Test Runner excel row at: 15
14:36:21.269 INFO  utils.ExcelUtils (ExcelUtils.java:41) - Test Runner excel row at: 16
14:36:21.270 INFO  utils.ExcelUtils (ExcelUtils.java:41) - Test Runner excel row at: 17
14:36:21.270 INFO  utils.ExcelUtils (ExcelUtils.java:41) - Test Runner excel row at: 18
14:36:21.271 INFO  utils.ExcelUtils (ExcelUtils.java:41) - Test Runner excel row at: 19
14:36:21.271 INFO  utils.ExcelUtils (ExcelUtils.java:41) - Test Runner excel row at: 20
14:36:21.272 INFO  utils.ExcelUtils (ExcelUtils.java:41) - Test Runner excel row at: 21
14:36:21.273 INFO  utils.ExcelUtils (ExcelUtils.java:41) - Test Runner excel row at: 22
14:36:21.274 INFO  utils.ExcelUtils (ExcelUtils.java:41) - Test Runner excel row at: 23
14:36:21.274 INFO  utils.ExcelUtils (ExcelUtils.java:41) - Test Runner excel row at: 24
14:36:21.275 INFO  utils.ExcelUtils (ExcelUtils.java:41) - Test Runner excel row at: 25
14:36:21.275 INFO  utils.ExcelUtils (ExcelUtils.java:41) - Test Runner excel row at: 26
14:36:21.276 INFO  utils.ExcelUtils (ExcelUtils.java:41) - Test Runner excel row at: 27
14:36:21.276 INFO  utils.ExcelUtils (ExcelUtils.java:41) - Test Runner excel row at: 28
14:36:21.277 INFO  utils.ExcelUtils (ExcelUtils.java:41) - Test Runner excel row at: 29
14:36:21.277 INFO  utils.ExcelUtils (ExcelUtils.java:41) - Test Runner excel row at: 30
14:36:21.277 INFO  utils.ExcelUtils (ExcelUtils.java:41) - Test Runner excel row at: 31
14:36:21.278 INFO  utils.ExcelUtils (ExcelUtils.java:41) - Test Runner excel row at: 32
14:36:21.278 INFO  utils.ExcelUtils (ExcelUtils.java:41) - Test Runner excel row at: 33
14:36:21.279 INFO  utils.ExcelUtils (ExcelUtils.java:41) - Test Runner excel row at: 34
14:36:21.279 INFO  utils.ExcelUtils (ExcelUtils.java:41) - Test Runner excel row at: 35
14:36:21.280 INFO  utils.ExcelUtils (ExcelUtils.java:41) - Test Runner excel row at: 36
14:36:21.280 INFO  utils.ExcelUtils (ExcelUtils.java:41) - Test Runner excel row at: 37
14:36:21.280 INFO  utils.ExcelUtils (ExcelUtils.java:41) - Test Runner excel row at: 38
14:36:21.282 INFO  utils.ExcelUtils (ExcelUtils.java:41) - Test Runner excel row at: 39
14:36:21.282 INFO  utils.ExcelUtils (ExcelUtils.java:41) - Test Runner excel row at: 40
14:36:21.283 INFO  utils.ExcelUtils (ExcelUtils.java:41) - Test Runner excel row at: 41
14:36:21.284 INFO  utils.ExcelUtils (ExcelUtils.java:41) - Test Runner excel row at: 42
14:36:21.284 INFO  utils.ExcelUtils (ExcelUtils.java:41) - Test Runner excel row at: 43
14:36:21.285 INFO  utils.ExcelUtils (ExcelUtils.java:41) - Test Runner excel row at: 44
14:36:21.286 INFO  utils.ExcelUtils (ExcelUtils.java:41) - Test Runner excel row at: 45
14:36:21.286 INFO  utils.ExcelUtils (ExcelUtils.java:41) - Test Runner excel row at: 46
14:36:21.286 INFO  utils.ExcelUtils (ExcelUtils.java:41) - Test Runner excel row at: 47
14:36:21.287 INFO  utils.ExcelUtils (ExcelUtils.java:41) - Test Runner excel row at: 48
14:36:21.287 INFO  utils.ExcelUtils (ExcelUtils.java:41) - Test Runner excel row at: 49
14:36:21.288 INFO  utils.ExcelUtils (ExcelUtils.java:41) - Test Runner excel row at: 50
14:36:21.288 INFO  utils.ExcelUtils (ExcelUtils.java:41) - Test Runner excel row at: 51
14:36:21.288 INFO  utils.ExcelUtils (ExcelUtils.java:41) - Test Runner excel row at: 52
14:36:21.374 INFO  utils.ExcelUtils (ExcelUtils.java:41) - Test Runner excel row at: 53
14:36:21.376 INFO  utils.ExcelUtils (ExcelUtils.java:41) - Test Runner excel row at: 54
14:36:21.378 INFO  utils.ExcelUtils (ExcelUtils.java:41) - Test Runner excel row at: 55
14:36:21.379 INFO  utils.ExcelUtils (ExcelUtils.java:41) - Test Runner excel row at: 56
14:36:21.380 INFO  utils.ExcelUtils (ExcelUtils.java:41) - Test Runner excel row at: 57
14:36:21.381 INFO  utils.ExcelUtils (ExcelUtils.java:41) - Test Runner excel row at: 58
14:36:21.383 INFO  utils.ExcelUtils (ExcelUtils.java:41) - Test Runner excel row at: 59
14:36:21.383 INFO  utils.ExcelUtils (ExcelUtils.java:41) - Test Runner excel row at: 60
14:36:21.383 INFO  utils.ExcelUtils (ExcelUtils.java:41) - Test Runner excel row at: 61
14:36:21.383 INFO  utils.ExcelUtils (ExcelUtils.java:41) - Test Runner excel row at: 62
14:36:21.384 INFO  utils.ExcelUtils (ExcelUtils.java:41) - Test Runner excel row at: 63
14:36:21.385 INFO  utils.ExcelUtils (ExcelUtils.java:41) - Test Runner excel row at: 64
14:36:21.385 INFO  utils.ExcelUtils (ExcelUtils.java:41) - Test Runner excel row at: 65
14:36:21.385 INFO  utils.ExcelUtils (ExcelUtils.java:41) - Test Runner excel row at: 66
14:36:21.386 INFO  utils.ExcelUtils (ExcelUtils.java:41) - Test Runner excel row at: 67
14:36:21.387 INFO  utils.ExcelUtils (ExcelUtils.java:41) - Test Runner excel row at: 68
14:36:21.387 INFO  utils.ExcelUtils (ExcelUtils.java:41) - Test Runner excel row at: 69
14:36:21.387 INFO  utils.ExcelUtils (ExcelUtils.java:41) - Test Runner excel row at: 70
14:36:21.387 INFO  utils.ExcelUtils (ExcelUtils.java:41) - Test Runner excel row at: 71
14:36:21.389 INFO  utils.ExcelUtils (ExcelUtils.java:41) - Test Runner excel row at: 72
14:36:21.389 INFO  utils.ExcelUtils (ExcelUtils.java:41) - Test Runner excel row at: 73
14:36:21.390 INFO  utils.ExcelUtils (ExcelUtils.java:41) - Test Runner excel row at: 74
14:36:21.390 INFO  utils.ExcelUtils (ExcelUtils.java:41) - Test Runner excel row at: 75
14:36:21.390 INFO  utils.ExcelUtils (ExcelUtils.java:41) - Test Runner excel row at: 76
14:36:21.391 INFO  utils.ExcelUtils (ExcelUtils.java:41) - Test Runner excel row at: 77
14:36:21.391 INFO  utils.ExcelUtils (ExcelUtils.java:41) - Test Runner excel row at: 78
14:36:21.391 INFO  utils.ExcelUtils (ExcelUtils.java:41) - Test Runner excel row at: 79
14:36:21.392 INFO  utils.ExcelUtils (ExcelUtils.java:41) - Test Runner excel row at: 80
14:36:21.392 INFO  utils.ExcelUtils (ExcelUtils.java:41) - Test Runner excel row at: 81
14:36:21.392 INFO  utils.ExcelUtils (ExcelUtils.java:41) - Test Runner excel row at: 82
14:36:21.393 INFO  utils.ExcelUtils (ExcelUtils.java:41) - Test Runner excel row at: 83
14:36:21.393 INFO  utils.ExcelUtils (ExcelUtils.java:41) - Test Runner excel row at: 84
14:36:21.394 INFO  utils.ExcelUtils (ExcelUtils.java:41) - Test Runner excel row at: 85
14:36:21.394 INFO  utils.ExcelUtils (ExcelUtils.java:41) - Test Runner excel row at: 86
14:36:21.394 INFO  utils.ExcelUtils (ExcelUtils.java:41) - Test Runner excel row at: 87
14:36:21.394 INFO  utils.ExcelUtils (ExcelUtils.java:41) - Test Runner excel row at: 88
14:36:21.395 INFO  utils.ExcelUtils (ExcelUtils.java:41) - Test Runner excel row at: 89
14:36:21.395 INFO  utils.ExcelUtils (ExcelUtils.java:41) - Test Runner excel row at: 90
14:36:21.395 INFO  utils.ExcelUtils (ExcelUtils.java:41) - Test Runner excel row at: 91
14:36:24.388 WARN  config.Configuration (Configuration.java:231) - QA env being used by default. No env property set. This can be set in the sew.app.yml config file with a '{}=' property or on the command line with the switch '-D{}='.
14:37:18.354 INFO  driver.WebDriverFactory (WebDriverFactory.java:192) - Setting up the browser window to its max.
14:37:19.274 INFO  driver.WebDriverFactory (WebDriverFactory.java:181) - Initializing the implicit wait timeout for {} 5
14:37:19.287 INFO  driver.WebDriverFactory (WebDriverFactory.java:184) - Initializing the page load timeout.
14:37:19.413 INFO  driver.DriverFactory (DriverFactory.java:125) - Clearing all the cookies.
14:37:30.982 INFO  driver.DriverFactory (DriverFactory.java:62) - Open the url {} https://u-ugi10s.smartcmobile.net/ using the selenium get() method.
14:38:34.952 INFO  scp.RegistrationUGITests (RegistrationUGITests.java:26) - Test Case execution for - verifyCustomerRegistrationPage - is Initiated
14:38:35.306 INFO  driver.Page (    Page.java:51) - Preparing for element to click.
14:38:35.307 INFO  driver.Page (    Page.java:225) - Waiting for element to be clickable for 120 seconds.
14:38:38.017 INFO  driver.Page (    Page.java:228) - Element is clickable now.
14:38:38.018 INFO  driver.Page (    Page.java:215) - Returning web element for by type locator : By.cssSelector: #btnResidentialType
14:39:43.733 INFO  driver.Page (    Page.java:54) - Element is clicked successfully.
14:39:43.734 INFO  scp.HomePage (HomePage.java:194) - Wait for Spinner Loading Image invisibility.
14:39:43.734 INFO  driver.Page (    Page.java:271) - Waiting for element to be invisible for 120 seconds.
14:39:49.297 INFO  driver.Page (    Page.java:274) - Element is invisible from the page.
14:39:56.575 INFO  scp.RegistrationUGISteps (RegistrationUGISteps.java:73) - feedbackPopUp Canceled
14:40:02.158 INFO  scp.RegistrationUGISteps (RegistrationUGISteps.java:96) - feedback popup not displayed
14:40:02.159 INFO  scp.RegistrationUGIPage (RegistrationUGIPage.java:296) - Populating UtilityAccountNumber {} :421002206833
14:40:02.560 INFO  driver.Page (    Page.java:129) - Wait for element {} [[ChromeDriver: chrome on windows (b14c506226617b01a2f5c1c39521c2b7)] -> id: txt_4] to be present in the DOM for duration of {} 120
14:40:02.561 INFO  driver.Page (    Page.java:257) - Waiting for element to be visible for 120 seconds.
14:40:03.459 INFO  driver.Page (    Page.java:260) - Element is visible on the page.
14:40:09.959 INFO  driver.Page (    Page.java:131) - Clearing the element {} [[ChromeDriver: chrome on windows (b14c506226617b01a2f5c1c39521c2b7)] -> id: txt_4] before sending the keys.
14:40:16.980 INFO  driver.Page (    Page.java:133) - Sending the following keys {} 421002206833 to the element {} [[ChromeDriver: chrome on windows (b14c506226617b01a2f5c1c39521c2b7)] -> id: txt_4]
14:40:21.241 INFO  scp.RegistrationUGIPage (RegistrationUGIPage.java:298) - UtilityAccountNumber populated successfully.
14:40:21.241 INFO  scp.RegistrationUGIPage (RegistrationUGIPage.java:395) - Populating SSN Number {} :421002206833@yopmail.com
14:40:21.637 INFO  driver.Page (    Page.java:129) - Wait for element {} [[ChromeDriver: chrome on windows (b14c506226617b01a2f5c1c39521c2b7)] -> css selector: input[mappingname = 'EmailID']] to be present in the DOM for duration of {} 120
14:40:21.638 INFO  driver.Page (    Page.java:257) - Waiting for element to be visible for 120 seconds.
14:40:22.310 INFO  driver.Page (    Page.java:260) - Element is visible on the page.
14:40:22.479 INFO  driver.Page (    Page.java:131) - Clearing the element {} [[ChromeDriver: chrome on windows (b14c506226617b01a2f5c1c39521c2b7)] -> css selector: input[mappingname = 'EmailID']] before sending the keys.
14:40:30.470 INFO  driver.Page (    Page.java:133) - Sending the following keys {} 421002206833@yopmail.com to the element {} [[ChromeDriver: chrome on windows (b14c506226617b01a2f5c1c39521c2b7)] -> css selector: input[mappingname = 'EmailID']]
14:40:35.187 INFO  scp.RegistrationUGIPage (RegistrationUGIPage.java:397) - Email Id populated successfully.
14:40:35.189 INFO  scp.RegistrationUGIPage (RegistrationUGIPage.java:187) - Populating Postal Code {} :17619
14:40:35.728 INFO  driver.Page (    Page.java:129) - Wait for element {} [[ChromeDriver: chrome on windows (b14c506226617b01a2f5c1c39521c2b7)] -> css selector: input[mappingname='PostalCode']] to be present in the DOM for duration of {} 120
14:40:35.728 INFO  driver.Page (    Page.java:257) - Waiting for element to be visible for 120 seconds.
14:40:42.039 INFO  driver.Page (    Page.java:260) - Element is visible on the page.
14:40:42.359 INFO  driver.Page (    Page.java:131) - Clearing the element {} [[ChromeDriver: chrome on windows (b14c506226617b01a2f5c1c39521c2b7)] -> css selector: input[mappingname='PostalCode']] before sending the keys.
14:40:54.288 INFO  driver.Page (    Page.java:133) - Sending the following keys {} 17619 to the element {} [[ChromeDriver: chrome on windows (b14c506226617b01a2f5c1c39521c2b7)] -> css selector: input[mappingname='PostalCode']]
14:41:01.582 INFO  scp.RegistrationUGIPage (RegistrationUGIPage.java:189) - Postal Code populated successfully.
14:41:02.569 INFO  driver.Page (    Page.java:569) - Preparing for element to click.
14:41:07.077 INFO  driver.Page (    Page.java:576) - Element is clicked successfully.
14:41:07.077 INFO  scp.RegistrationUGIPage (RegistrationUGIPage.java:641) - Next Button clicked successfully.
14:41:07.077 INFO  scp.HomePage (HomePage.java:194) - Wait for Spinner Loading Image invisibility.
14:41:07.077 INFO  driver.Page (    Page.java:271) - Waiting for element to be invisible for 120 seconds.
14:41:23.266 INFO  driver.Page (    Page.java:274) - Element is invisible from the page.
14:41:23.266 INFO  scp.RegistrationUGIPage (RegistrationUGIPage.java:414) - Checking the visibility of Mobile Number on the page.
14:41:26.542 INFO  scp.RegistrationUGIPage (RegistrationUGIPage.java:415) - Mobile Number visibility status : false
14:41:32.905 INFO  driver.DriverFactory (DriverFactory.java:125) - Clearing all the cookies.
14:46:18.854 INFO  runner.TestRunner (TestRunner.java:32) - Initializing application properties config file.
14:46:19.119 INFO  runner.TestRunner (TestRunner.java:35) - Initializing connection to the base database.
14:46:19.123 INFO  runner.TestRunner (TestRunner.java:38) - Initializing resource path config file.
14:46:19.372 INFO  runner.TestRunner (TestRunner.java:41) - Initializing usage months config from CSP.
14:46:19.373 INFO  runner.TestRunner (TestRunner.java:44) - Initializing date config from CSP.
14:46:19.375 INFO  runner.TestRunner (TestRunner.java:47) - Initializing language config from CSP.
14:46:19.377 INFO  runner.TestRunner (TestRunner.java:50) - Initializing language config from CSP.
14:46:19.378 INFO  runner.TestRunner (TestRunner.java:53) - Initializing language config from CSP.
14:46:19.378 INFO  runner.TestRunner (TestRunner.java:56) - Initializing user model config.
14:46:19.379 INFO  runner.TestRunner (TestRunner.java:59) - Initializing auth token config.
14:46:19.384 INFO  runner.TestRunner (TestRunner.java:62) - Initializing Admin User config.
14:46:23.319 INFO  utils.ExcelUtils (ExcelUtils.java:41) - Test Runner excel row at: 1
14:46:23.328 INFO  utils.ExcelUtils (ExcelUtils.java:41) - Test Runner excel row at: 2
14:46:23.330 INFO  utils.ExcelUtils (ExcelUtils.java:41) - Test Runner excel row at: 3
14:46:23.331 INFO  utils.ExcelUtils (ExcelUtils.java:41) - Test Runner excel row at: 4
14:46:23.411 INFO  utils.ExcelUtils (ExcelUtils.java:41) - Test Runner excel row at: 5
14:46:23.412 INFO  utils.ExcelUtils (ExcelUtils.java:41) - Test Runner excel row at: 6
14:46:23.413 INFO  utils.ExcelUtils (ExcelUtils.java:41) - Test Runner excel row at: 7
14:46:23.414 INFO  utils.ExcelUtils (ExcelUtils.java:41) - Test Runner excel row at: 8
14:46:23.414 INFO  utils.ExcelUtils (ExcelUtils.java:41) - Test Runner excel row at: 9
14:46:23.415 INFO  utils.ExcelUtils (ExcelUtils.java:41) - Test Runner excel row at: 10
14:46:23.415 INFO  utils.ExcelUtils (ExcelUtils.java:41) - Test Runner excel row at: 11
14:46:23.416 INFO  utils.ExcelUtils (ExcelUtils.java:41) - Test Runner excel row at: 12
14:46:23.416 INFO  utils.ExcelUtils (ExcelUtils.java:41) - Test Runner excel row at: 13
14:46:23.416 INFO  utils.ExcelUtils (ExcelUtils.java:41) - Test Runner excel row at: 14
14:46:23.417 INFO  utils.ExcelUtils (ExcelUtils.java:41) - Test Runner excel row at: 15
14:46:23.417 INFO  utils.ExcelUtils (ExcelUtils.java:41) - Test Runner excel row at: 16
14:46:23.418 INFO  utils.ExcelUtils (ExcelUtils.java:41) - Test Runner excel row at: 17
14:46:23.418 INFO  utils.ExcelUtils (ExcelUtils.java:41) - Test Runner excel row at: 18
14:46:23.419 INFO  utils.ExcelUtils (ExcelUtils.java:41) - Test Runner excel row at: 19
14:46:23.419 INFO  utils.ExcelUtils (ExcelUtils.java:41) - Test Runner excel row at: 20
14:46:23.420 INFO  utils.ExcelUtils (ExcelUtils.java:41) - Test Runner excel row at: 21
14:46:23.420 INFO  utils.ExcelUtils (ExcelUtils.java:41) - Test Runner excel row at: 22
14:46:23.421 INFO  utils.ExcelUtils (ExcelUtils.java:41) - Test Runner excel row at: 23
14:46:23.421 INFO  utils.ExcelUtils (ExcelUtils.java:41) - Test Runner excel row at: 24
14:46:23.422 INFO  utils.ExcelUtils (ExcelUtils.java:41) - Test Runner excel row at: 25
14:46:23.422 INFO  utils.ExcelUtils (ExcelUtils.java:41) - Test Runner excel row at: 26
14:46:23.423 INFO  utils.ExcelUtils (ExcelUtils.java:41) - Test Runner excel row at: 27
14:46:23.423 INFO  utils.ExcelUtils (ExcelUtils.java:41) - Test Runner excel row at: 28
14:46:23.424 INFO  utils.ExcelUtils (ExcelUtils.java:41) - Test Runner excel row at: 29
14:46:23.424 INFO  utils.ExcelUtils (ExcelUtils.java:41) - Test Runner excel row at: 30
14:46:23.425 INFO  utils.ExcelUtils (ExcelUtils.java:41) - Test Runner excel row at: 31
14:46:23.425 INFO  utils.ExcelUtils (ExcelUtils.java:41) - Test Runner excel row at: 32
14:46:23.425 INFO  utils.ExcelUtils (ExcelUtils.java:41) - Test Runner excel row at: 33
14:46:23.426 INFO  utils.ExcelUtils (ExcelUtils.java:41) - Test Runner excel row at: 34
14:46:23.426 INFO  utils.ExcelUtils (ExcelUtils.java:41) - Test Runner excel row at: 35
14:46:23.427 INFO  utils.ExcelUtils (ExcelUtils.java:41) - Test Runner excel row at: 36
14:46:23.427 INFO  utils.ExcelUtils (ExcelUtils.java:41) - Test Runner excel row at: 37
14:46:23.428 INFO  utils.ExcelUtils (ExcelUtils.java:41) - Test Runner excel row at: 38
14:46:23.428 INFO  utils.ExcelUtils (ExcelUtils.java:41) - Test Runner excel row at: 39
14:46:23.428 INFO  utils.ExcelUtils (ExcelUtils.java:41) - Test Runner excel row at: 40
14:46:23.429 INFO  utils.ExcelUtils (ExcelUtils.java:41) - Test Runner excel row at: 41
14:46:23.429 INFO  utils.ExcelUtils (ExcelUtils.java:41) - Test Runner excel row at: 42
14:46:23.430 INFO  utils.ExcelUtils (ExcelUtils.java:41) - Test Runner excel row at: 43
14:46:23.430 INFO  utils.ExcelUtils (ExcelUtils.java:41) - Test Runner excel row at: 44
14:46:23.430 INFO  utils.ExcelUtils (ExcelUtils.java:41) - Test Runner excel row at: 45
14:46:23.431 INFO  utils.ExcelUtils (ExcelUtils.java:41) - Test Runner excel row at: 46
14:46:23.431 INFO  utils.ExcelUtils (ExcelUtils.java:41) - Test Runner excel row at: 47
14:46:23.432 INFO  utils.ExcelUtils (ExcelUtils.java:41) - Test Runner excel row at: 48
14:46:23.432 INFO  utils.ExcelUtils (ExcelUtils.java:41) - Test Runner excel row at: 49
14:46:23.433 INFO  utils.ExcelUtils (ExcelUtils.java:41) - Test Runner excel row at: 50
14:46:23.433 INFO  utils.ExcelUtils (ExcelUtils.java:41) - Test Runner excel row at: 51
14:46:23.433 INFO  utils.ExcelUtils (ExcelUtils.java:41) - Test Runner excel row at: 52
14:46:23.434 INFO  utils.ExcelUtils (ExcelUtils.java:41) - Test Runner excel row at: 53
14:46:23.434 INFO  utils.ExcelUtils (ExcelUtils.java:41) - Test Runner excel row at: 54
14:46:23.435 INFO  utils.ExcelUtils (ExcelUtils.java:41) - Test Runner excel row at: 55
14:46:23.435 INFO  utils.ExcelUtils (ExcelUtils.java:41) - Test Runner excel row at: 56
14:46:23.436 INFO  utils.ExcelUtils (ExcelUtils.java:41) - Test Runner excel row at: 57
14:46:23.436 INFO  utils.ExcelUtils (ExcelUtils.java:41) - Test Runner excel row at: 58
14:46:23.436 INFO  utils.ExcelUtils (ExcelUtils.java:41) - Test Runner excel row at: 59
14:46:23.437 INFO  utils.ExcelUtils (ExcelUtils.java:41) - Test Runner excel row at: 60
14:46:23.437 INFO  utils.ExcelUtils (ExcelUtils.java:41) - Test Runner excel row at: 61
14:46:23.438 INFO  utils.ExcelUtils (ExcelUtils.java:41) - Test Runner excel row at: 62
14:46:23.438 INFO  utils.ExcelUtils (ExcelUtils.java:41) - Test Runner excel row at: 63
14:46:23.438 INFO  utils.ExcelUtils (ExcelUtils.java:41) - Test Runner excel row at: 64
14:46:23.439 INFO  utils.ExcelUtils (ExcelUtils.java:41) - Test Runner excel row at: 65
14:46:23.439 INFO  utils.ExcelUtils (ExcelUtils.java:41) - Test Runner excel row at: 66
14:46:23.439 INFO  utils.ExcelUtils (ExcelUtils.java:41) - Test Runner excel row at: 67
14:46:23.440 INFO  utils.ExcelUtils (ExcelUtils.java:41) - Test Runner excel row at: 68
14:46:23.440 INFO  utils.ExcelUtils (ExcelUtils.java:41) - Test Runner excel row at: 69
14:46:23.440 INFO  utils.ExcelUtils (ExcelUtils.java:41) - Test Runner excel row at: 70
14:46:23.441 INFO  utils.ExcelUtils (ExcelUtils.java:41) - Test Runner excel row at: 71
14:46:23.441 INFO  utils.ExcelUtils (ExcelUtils.java:41) - Test Runner excel row at: 72
14:46:23.442 INFO  utils.ExcelUtils (ExcelUtils.java:41) - Test Runner excel row at: 73
14:46:23.442 INFO  utils.ExcelUtils (ExcelUtils.java:41) - Test Runner excel row at: 74
14:46:23.442 INFO  utils.ExcelUtils (ExcelUtils.java:41) - Test Runner excel row at: 75
14:46:23.443 INFO  utils.ExcelUtils (ExcelUtils.java:41) - Test Runner excel row at: 76
14:46:23.444 INFO  utils.ExcelUtils (ExcelUtils.java:41) - Test Runner excel row at: 77
14:46:23.444 INFO  utils.ExcelUtils (ExcelUtils.java:41) - Test Runner excel row at: 78
14:46:23.445 INFO  utils.ExcelUtils (ExcelUtils.java:41) - Test Runner excel row at: 79
14:46:23.445 INFO  utils.ExcelUtils (ExcelUtils.java:41) - Test Runner excel row at: 80
14:46:23.445 INFO  utils.ExcelUtils (ExcelUtils.java:41) - Test Runner excel row at: 81
14:46:23.446 INFO  utils.ExcelUtils (ExcelUtils.java:41) - Test Runner excel row at: 82
14:46:23.447 INFO  utils.ExcelUtils (ExcelUtils.java:41) - Test Runner excel row at: 83
14:46:23.447 INFO  utils.ExcelUtils (ExcelUtils.java:41) - Test Runner excel row at: 84
14:46:23.448 INFO  utils.ExcelUtils (ExcelUtils.java:41) - Test Runner excel row at: 85
14:46:23.448 INFO  utils.ExcelUtils (ExcelUtils.java:41) - Test Runner excel row at: 86
14:46:23.448 INFO  utils.ExcelUtils (ExcelUtils.java:41) - Test Runner excel row at: 87
14:46:23.450 INFO  utils.ExcelUtils (ExcelUtils.java:41) - Test Runner excel row at: 88
14:46:23.450 INFO  utils.ExcelUtils (ExcelUtils.java:41) - Test Runner excel row at: 89
14:46:23.451 INFO  utils.ExcelUtils (ExcelUtils.java:41) - Test Runner excel row at: 90
14:46:23.451 INFO  utils.ExcelUtils (ExcelUtils.java:41) - Test Runner excel row at: 91
14:46:26.153 WARN  config.Configuration (Configuration.java:231) - QA env being used by default. No env property set. This can be set in the sew.app.yml config file with a '{}=' property or on the command line with the switch '-D{}='.
14:46:50.284 INFO  driver.WebDriverFactory (WebDriverFactory.java:192) - Setting up the browser window to its max.
14:46:52.729 INFO  driver.WebDriverFactory (WebDriverFactory.java:181) - Initializing the implicit wait timeout for {} 5
14:47:00.990 INFO  driver.WebDriverFactory (WebDriverFactory.java:184) - Initializing the page load timeout.
14:47:01.100 INFO  driver.DriverFactory (DriverFactory.java:125) - Clearing all the cookies.
14:47:01.737 INFO  driver.DriverFactory (DriverFactory.java:62) - Open the url {} https://u-ugi10s.smartcmobile.net/ using the selenium get() method.
14:48:13.899 INFO  scp.RegistrationUGITests (RegistrationUGITests.java:26) - Test Case execution for - verifyCustomerRegistrationPage - is Initiated
14:48:14.550 INFO  driver.Page (    Page.java:51) - Preparing for element to click.
14:48:14.550 INFO  driver.Page (    Page.java:225) - Waiting for element to be clickable for 120 seconds.
14:48:19.232 INFO  driver.Page (    Page.java:228) - Element is clickable now.
14:48:19.233 INFO  driver.Page (    Page.java:215) - Returning web element for by type locator : By.cssSelector: #btnResidentialType
14:49:18.872 INFO  driver.Page (    Page.java:54) - Element is clicked successfully.
14:49:18.872 INFO  scp.HomePage (HomePage.java:194) - Wait for Spinner Loading Image invisibility.
14:49:18.873 INFO  driver.Page (    Page.java:271) - Waiting for element to be invisible for 120 seconds.
14:49:24.224 INFO  driver.Page (    Page.java:274) - Element is invisible from the page.
14:49:28.744 INFO  scp.RegistrationUGISteps (RegistrationUGISteps.java:73) - feedbackPopUp Canceled
14:49:34.582 INFO  scp.RegistrationUGISteps (RegistrationUGISteps.java:96) - feedback popup not displayed
14:49:34.584 INFO  scp.RegistrationUGIPage (RegistrationUGIPage.java:296) - Populating UtilityAccountNumber {} :421002206833
14:49:34.965 INFO  driver.Page (    Page.java:129) - Wait for element {} [[ChromeDriver: chrome on windows (634ace62171186451d9511312d16052a)] -> id: txt_4] to be present in the DOM for duration of {} 120
14:49:34.965 INFO  driver.Page (    Page.java:257) - Waiting for element to be visible for 120 seconds.
14:49:34.998 INFO  driver.Page (    Page.java:260) - Element is visible on the page.
14:49:35.011 INFO  driver.Page (    Page.java:131) - Clearing the element {} [[ChromeDriver: chrome on windows (634ace62171186451d9511312d16052a)] -> id: txt_4] before sending the keys.
14:49:35.331 INFO  driver.Page (    Page.java:133) - Sending the following keys {} 421002206833 to the element {} [[ChromeDriver: chrome on windows (634ace62171186451d9511312d16052a)] -> id: txt_4]
14:49:41.165 INFO  scp.RegistrationUGIPage (RegistrationUGIPage.java:298) - UtilityAccountNumber populated successfully.
14:49:41.165 INFO  scp.RegistrationUGIPage (RegistrationUGIPage.java:395) - Populating SSN Number {} :421002206833@yopmail.com
14:49:41.337 INFO  driver.Page (    Page.java:129) - Wait for element {} [[ChromeDriver: chrome on windows (634ace62171186451d9511312d16052a)] -> css selector: input[mappingname = 'EmailID']] to be present in the DOM for duration of {} 120
14:49:41.338 INFO  driver.Page (    Page.java:257) - Waiting for element to be visible for 120 seconds.
14:49:48.730 INFO  driver.Page (    Page.java:260) - Element is visible on the page.
14:49:48.836 INFO  driver.Page (    Page.java:131) - Clearing the element {} [[ChromeDriver: chrome on windows (634ace62171186451d9511312d16052a)] -> css selector: input[mappingname = 'EmailID']] before sending the keys.
14:50:01.714 INFO  driver.Page (    Page.java:133) - Sending the following keys {} 421002206833@yopmail.com to the element {} [[ChromeDriver: chrome on windows (634ace62171186451d9511312d16052a)] -> css selector: input[mappingname = 'EmailID']]
14:50:04.810 INFO  scp.RegistrationUGIPage (RegistrationUGIPage.java:397) - Email Id populated successfully.
14:50:04.810 INFO  scp.RegistrationUGIPage (RegistrationUGIPage.java:187) - Populating Postal Code {} :17619
14:50:05.208 INFO  driver.Page (    Page.java:129) - Wait for element {} [[ChromeDriver: chrome on windows (634ace62171186451d9511312d16052a)] -> css selector: input[mappingname='PostalCode']] to be present in the DOM for duration of {} 120
14:50:05.209 INFO  driver.Page (    Page.java:257) - Waiting for element to be visible for 120 seconds.
14:50:11.116 INFO  driver.Page (    Page.java:260) - Element is visible on the page.
14:50:11.498 INFO  driver.Page (    Page.java:131) - Clearing the element {} [[ChromeDriver: chrome on windows (634ace62171186451d9511312d16052a)] -> css selector: input[mappingname='PostalCode']] before sending the keys.
14:50:13.204 INFO  driver.Page (    Page.java:133) - Sending the following keys {} 17619 to the element {} [[ChromeDriver: chrome on windows (634ace62171186451d9511312d16052a)] -> css selector: input[mappingname='PostalCode']]
14:50:20.542 INFO  scp.RegistrationUGIPage (RegistrationUGIPage.java:189) - Postal Code populated successfully.
14:50:21.546 INFO  driver.Page (    Page.java:569) - Preparing for element to click.
14:50:22.150 INFO  driver.Page (    Page.java:576) - Element is clicked successfully.
14:50:22.150 INFO  scp.RegistrationUGIPage (RegistrationUGIPage.java:641) - Next Button clicked successfully.
14:50:22.150 INFO  scp.HomePage (HomePage.java:194) - Wait for Spinner Loading Image invisibility.
14:50:22.150 INFO  driver.Page (    Page.java:271) - Waiting for element to be invisible for 120 seconds.
14:50:33.912 INFO  driver.Page (    Page.java:274) - Element is invisible from the page.
14:50:33.912 INFO  scp.RegistrationUGIPage (RegistrationUGIPage.java:414) - Checking the visibility of Mobile Number on the page.
14:50:34.980 INFO  scp.RegistrationUGIPage (RegistrationUGIPage.java:415) - Mobile Number visibility status : false
14:50:42.846 INFO  driver.DriverFactory (DriverFactory.java:125) - Clearing all the cookies.
18:22:49.373 INFO  runner.TestRunner (TestRunner.java:32) - Initializing application properties config file.
18:22:49.421 INFO  runner.TestRunner (TestRunner.java:35) - Initializing connection to the base database.
18:22:49.421 INFO  runner.TestRunner (TestRunner.java:38) - Initializing resource path config file.
18:22:49.436 INFO  runner.TestRunner (TestRunner.java:41) - Initializing usage months config from CSP.
18:22:49.437 INFO  runner.TestRunner (TestRunner.java:44) - Initializing date config from CSP.
18:22:49.438 INFO  runner.TestRunner (TestRunner.java:47) - Initializing language config from CSP.
18:22:49.438 INFO  runner.TestRunner (TestRunner.java:50) - Initializing language config from CSP.
18:22:49.438 INFO  runner.TestRunner (TestRunner.java:53) - Initializing language config from CSP.
18:22:49.438 INFO  runner.TestRunner (TestRunner.java:56) - Initializing user model config.
18:22:49.439 INFO  runner.TestRunner (TestRunner.java:59) - Initializing auth token config.
18:22:49.439 INFO  runner.TestRunner (TestRunner.java:62) - Initializing Admin User config.
18:22:53.606 INFO  utils.ExcelUtils (ExcelUtils.java:41) - Test Runner excel row at: 1
18:22:53.721 INFO  utils.ExcelUtils (ExcelUtils.java:41) - Test Runner excel row at: 2
18:22:53.725 INFO  utils.ExcelUtils (ExcelUtils.java:41) - Test Runner excel row at: 3
18:22:53.726 INFO  utils.ExcelUtils (ExcelUtils.java:41) - Test Runner excel row at: 4
18:22:53.727 INFO  utils.ExcelUtils (ExcelUtils.java:41) - Test Runner excel row at: 5
18:22:53.728 INFO  utils.ExcelUtils (ExcelUtils.java:41) - Test Runner excel row at: 6
18:22:53.730 INFO  utils.ExcelUtils (ExcelUtils.java:41) - Test Runner excel row at: 7
18:22:53.731 INFO  utils.ExcelUtils (ExcelUtils.java:41) - Test Runner excel row at: 8
18:22:53.732 INFO  utils.ExcelUtils (ExcelUtils.java:41) - Test Runner excel row at: 9
18:22:53.732 INFO  utils.ExcelUtils (ExcelUtils.java:41) - Test Runner excel row at: 10
18:22:53.733 INFO  utils.ExcelUtils (ExcelUtils.java:41) - Test Runner excel row at: 11
18:22:53.733 INFO  utils.ExcelUtils (ExcelUtils.java:41) - Test Runner excel row at: 12
18:22:53.734 INFO  utils.ExcelUtils (ExcelUtils.java:41) - Test Runner excel row at: 13
18:22:53.736 INFO  utils.ExcelUtils (ExcelUtils.java:41) - Test Runner excel row at: 14
18:22:53.737 INFO  utils.ExcelUtils (ExcelUtils.java:41) - Test Runner excel row at: 15
18:22:53.738 INFO  utils.ExcelUtils (ExcelUtils.java:41) - Test Runner excel row at: 16
18:22:53.739 INFO  utils.ExcelUtils (ExcelUtils.java:41) - Test Runner excel row at: 17
18:22:53.739 INFO  utils.ExcelUtils (ExcelUtils.java:41) - Test Runner excel row at: 18
18:22:53.741 INFO  utils.ExcelUtils (ExcelUtils.java:41) - Test Runner excel row at: 19
18:22:53.741 INFO  utils.ExcelUtils (ExcelUtils.java:41) - Test Runner excel row at: 20
18:22:53.741 INFO  utils.ExcelUtils (ExcelUtils.java:41) - Test Runner excel row at: 21
18:22:53.742 INFO  utils.ExcelUtils (ExcelUtils.java:41) - Test Runner excel row at: 22
18:22:53.742 INFO  utils.ExcelUtils (ExcelUtils.java:41) - Test Runner excel row at: 23
18:22:53.743 INFO  utils.ExcelUtils (ExcelUtils.java:41) - Test Runner excel row at: 24
18:22:53.744 INFO  utils.ExcelUtils (ExcelUtils.java:41) - Test Runner excel row at: 25
18:22:53.744 INFO  utils.ExcelUtils (ExcelUtils.java:41) - Test Runner excel row at: 26
18:22:53.745 INFO  utils.ExcelUtils (ExcelUtils.java:41) - Test Runner excel row at: 27
18:22:53.745 INFO  utils.ExcelUtils (ExcelUtils.java:41) - Test Runner excel row at: 28
18:22:53.746 INFO  utils.ExcelUtils (ExcelUtils.java:41) - Test Runner excel row at: 29
18:22:53.746 INFO  utils.ExcelUtils (ExcelUtils.java:41) - Test Runner excel row at: 30
18:22:53.747 INFO  utils.ExcelUtils (ExcelUtils.java:41) - Test Runner excel row at: 31
18:22:53.747 INFO  utils.ExcelUtils (ExcelUtils.java:41) - Test Runner excel row at: 32
18:22:53.747 INFO  utils.ExcelUtils (ExcelUtils.java:41) - Test Runner excel row at: 33
18:22:53.871 INFO  utils.ExcelUtils (ExcelUtils.java:41) - Test Runner excel row at: 34
18:22:53.882 INFO  utils.ExcelUtils (ExcelUtils.java:41) - Test Runner excel row at: 35
18:22:53.882 INFO  utils.ExcelUtils (ExcelUtils.java:41) - Test Runner excel row at: 36
18:22:53.883 INFO  utils.ExcelUtils (ExcelUtils.java:41) - Test Runner excel row at: 37
18:22:53.884 INFO  utils.ExcelUtils (ExcelUtils.java:41) - Test Runner excel row at: 38
18:22:53.885 INFO  utils.ExcelUtils (ExcelUtils.java:41) - Test Runner excel row at: 39
18:22:53.885 INFO  utils.ExcelUtils (ExcelUtils.java:41) - Test Runner excel row at: 40
18:22:53.886 INFO  utils.ExcelUtils (ExcelUtils.java:41) - Test Runner excel row at: 41
18:22:53.886 INFO  utils.ExcelUtils (ExcelUtils.java:41) - Test Runner excel row at: 42
18:22:53.887 INFO  utils.ExcelUtils (ExcelUtils.java:41) - Test Runner excel row at: 43
18:22:53.887 INFO  utils.ExcelUtils (ExcelUtils.java:41) - Test Runner excel row at: 44
18:22:53.888 INFO  utils.ExcelUtils (ExcelUtils.java:41) - Test Runner excel row at: 45
18:22:53.888 INFO  utils.ExcelUtils (ExcelUtils.java:41) - Test Runner excel row at: 46
18:22:53.889 INFO  utils.ExcelUtils (ExcelUtils.java:41) - Test Runner excel row at: 47
18:22:53.889 INFO  utils.ExcelUtils (ExcelUtils.java:41) - Test Runner excel row at: 48
18:22:53.890 INFO  utils.ExcelUtils (ExcelUtils.java:41) - Test Runner excel row at: 49
18:22:53.890 INFO  utils.ExcelUtils (ExcelUtils.java:41) - Test Runner excel row at: 50
18:22:53.890 INFO  utils.ExcelUtils (ExcelUtils.java:41) - Test Runner excel row at: 51
18:22:53.891 INFO  utils.ExcelUtils (ExcelUtils.java:41) - Test Runner excel row at: 52
18:22:53.892 INFO  utils.ExcelUtils (ExcelUtils.java:41) - Test Runner excel row at: 53
18:22:53.892 INFO  utils.ExcelUtils (ExcelUtils.java:41) - Test Runner excel row at: 54
18:22:53.893 INFO  utils.ExcelUtils (ExcelUtils.java:41) - Test Runner excel row at: 55
18:22:53.893 INFO  utils.ExcelUtils (ExcelUtils.java:41) - Test Runner excel row at: 56
18:22:53.893 INFO  utils.ExcelUtils (ExcelUtils.java:41) - Test Runner excel row at: 57
18:22:53.894 INFO  utils.ExcelUtils (ExcelUtils.java:41) - Test Runner excel row at: 58
18:22:53.894 INFO  utils.ExcelUtils (ExcelUtils.java:41) - Test Runner excel row at: 59
18:22:53.895 INFO  utils.ExcelUtils (ExcelUtils.java:41) - Test Runner excel row at: 60
18:22:53.895 INFO  utils.ExcelUtils (ExcelUtils.java:41) - Test Runner excel row at: 61
18:22:53.895 INFO  utils.ExcelUtils (ExcelUtils.java:41) - Test Runner excel row at: 62
18:22:53.896 INFO  utils.ExcelUtils (ExcelUtils.java:41) - Test Runner excel row at: 63
18:22:53.896 INFO  utils.ExcelUtils (ExcelUtils.java:41) - Test Runner excel row at: 64
18:22:53.896 INFO  utils.ExcelUtils (ExcelUtils.java:41) - Test Runner excel row at: 65
18:22:53.897 INFO  utils.ExcelUtils (ExcelUtils.java:41) - Test Runner excel row at: 66
18:22:53.897 INFO  utils.ExcelUtils (ExcelUtils.java:41) - Test Runner excel row at: 67
18:22:53.898 INFO  utils.ExcelUtils (ExcelUtils.java:41) - Test Runner excel row at: 68
18:22:53.898 INFO  utils.ExcelUtils (ExcelUtils.java:41) - Test Runner excel row at: 69
18:22:53.898 INFO  utils.ExcelUtils (ExcelUtils.java:41) - Test Runner excel row at: 70
18:22:53.898 INFO  utils.ExcelUtils (ExcelUtils.java:41) - Test Runner excel row at: 71
18:22:53.899 INFO  utils.ExcelUtils (ExcelUtils.java:41) - Test Runner excel row at: 72
18:22:53.899 INFO  utils.ExcelUtils (ExcelUtils.java:41) - Test Runner excel row at: 73
18:22:53.900 INFO  utils.ExcelUtils (ExcelUtils.java:41) - Test Runner excel row at: 74
18:22:53.901 INFO  utils.ExcelUtils (ExcelUtils.java:41) - Test Runner excel row at: 75
18:22:53.901 INFO  utils.ExcelUtils (ExcelUtils.java:41) - Test Runner excel row at: 76
18:22:53.901 INFO  utils.ExcelUtils (ExcelUtils.java:41) - Test Runner excel row at: 77
18:22:53.902 INFO  utils.ExcelUtils (ExcelUtils.java:41) - Test Runner excel row at: 78
18:22:53.902 INFO  utils.ExcelUtils (ExcelUtils.java:41) - Test Runner excel row at: 79
18:22:53.902 INFO  utils.ExcelUtils (ExcelUtils.java:41) - Test Runner excel row at: 80
18:22:53.903 INFO  utils.ExcelUtils (ExcelUtils.java:41) - Test Runner excel row at: 81
18:22:53.903 INFO  utils.ExcelUtils (ExcelUtils.java:41) - Test Runner excel row at: 82
18:22:53.903 INFO  utils.ExcelUtils (ExcelUtils.java:41) - Test Runner excel row at: 83
18:22:53.903 INFO  utils.ExcelUtils (ExcelUtils.java:41) - Test Runner excel row at: 84
18:22:53.904 INFO  utils.ExcelUtils (ExcelUtils.java:41) - Test Runner excel row at: 85
18:22:53.904 INFO  utils.ExcelUtils (ExcelUtils.java:41) - Test Runner excel row at: 86
18:22:53.904 INFO  utils.ExcelUtils (ExcelUtils.java:41) - Test Runner excel row at: 87
18:22:53.905 INFO  utils.ExcelUtils (ExcelUtils.java:41) - Test Runner excel row at: 88
18:22:53.905 INFO  utils.ExcelUtils (ExcelUtils.java:41) - Test Runner excel row at: 89
18:22:53.905 INFO  utils.ExcelUtils (ExcelUtils.java:41) - Test Runner excel row at: 90
18:22:53.905 INFO  utils.ExcelUtils (ExcelUtils.java:41) - Test Runner excel row at: 91
18:22:57.756 WARN  config.Configuration (Configuration.java:231) - QA env being used by default. No env property set. This can be set in the sew.app.yml config file with a '{}=' property or on the command line with the switch '-D{}='.
18:23:48.499 INFO  driver.WebDriverFactory (WebDriverFactory.java:192) - Setting up the browser window to its max.
18:23:49.520 INFO  driver.WebDriverFactory (WebDriverFactory.java:181) - Initializing the implicit wait timeout for {} 5
18:23:49.635 INFO  driver.WebDriverFactory (WebDriverFactory.java:184) - Initializing the page load timeout.
18:23:49.711 INFO  driver.DriverFactory (DriverFactory.java:125) - Clearing all the cookies.
18:23:50.318 INFO  driver.DriverFactory (DriverFactory.java:62) - Open the url {} https://u-ugi10s.smartcmobile.net/ using the selenium get() method.
18:24:46.611 INFO  scp.RegistrationUGITests (RegistrationUGITests.java:25) - Test Case execution for - verifyCustomerRegistrationPage - is Initiated
18:24:48.631 INFO  driver.Page (    Page.java:51) - Preparing for element to click.
18:24:48.631 INFO  driver.Page (    Page.java:225) - Waiting for element to be clickable for 120 seconds.
18:24:50.624 INFO  driver.Page (    Page.java:228) - Element is clickable now.
18:24:50.625 INFO  driver.Page (    Page.java:215) - Returning web element for by type locator : By.cssSelector: #btnResidentialType
18:25:47.627 INFO  driver.Page (    Page.java:54) - Element is clicked successfully.
18:25:47.628 INFO  scp.HomePage (HomePage.java:194) - Wait for Spinner Loading Image invisibility.
18:25:47.628 INFO  driver.Page (    Page.java:271) - Waiting for element to be invisible for 120 seconds.
18:25:52.897 INFO  driver.Page (    Page.java:274) - Element is invisible from the page.
18:25:58.493 INFO  scp.RegistrationUGISteps (RegistrationUGISteps.java:77) - feedback popup not displayed
18:26:04.081 INFO  scp.RegistrationUGISteps (RegistrationUGISteps.java:95) - feedback popup not displayed
18:26:04.082 INFO  scp.RegistrationUGIPage (RegistrationUGIPage.java:296) - Populating UtilityAccountNumber {} :421002206833
18:26:04.466 INFO  driver.Page (    Page.java:129) - Wait for element {} [[ChromeDriver: chrome on windows (3af8aff8d0c976d9250e429a03a0dbfd)] -> id: txt_4] to be present in the DOM for duration of {} 120
18:26:04.467 INFO  driver.Page (    Page.java:257) - Waiting for element to be visible for 120 seconds.
18:26:06.879 INFO  driver.Page (    Page.java:260) - Element is visible on the page.
18:26:10.075 INFO  driver.Page (    Page.java:131) - Clearing the element {} [[ChromeDriver: chrome on windows (3af8aff8d0c976d9250e429a03a0dbfd)] -> id: txt_4] before sending the keys.
18:26:10.172 INFO  driver.Page (    Page.java:133) - Sending the following keys {} 421002206833 to the element {} [[ChromeDriver: chrome on windows (3af8aff8d0c976d9250e429a03a0dbfd)] -> id: txt_4]
18:26:10.301 INFO  scp.RegistrationUGIPage (RegistrationUGIPage.java:298) - UtilityAccountNumber populated successfully.
18:26:10.302 INFO  scp.RegistrationUGIPage (RegistrationUGIPage.java:395) - Populating SSN Number {} :421002206833@yopmail.com
18:26:15.858 INFO  driver.Page (    Page.java:129) - Wait for element {} [[ChromeDriver: chrome on windows (3af8aff8d0c976d9250e429a03a0dbfd)] -> css selector: input[mappingname = 'EmailID']] to be present in the DOM for duration of {} 120
18:26:15.858 INFO  driver.Page (    Page.java:257) - Waiting for element to be visible for 120 seconds.
18:26:22.965 INFO  driver.Page (    Page.java:260) - Element is visible on the page.
18:26:22.981 INFO  driver.Page (    Page.java:131) - Clearing the element {} [[ChromeDriver: chrome on windows (3af8aff8d0c976d9250e429a03a0dbfd)] -> css selector: input[mappingname = 'EmailID']] before sending the keys.
18:26:26.913 INFO  driver.Page (    Page.java:133) - Sending the following keys {} 421002206833@yopmail.com to the element {} [[ChromeDriver: chrome on windows (3af8aff8d0c976d9250e429a03a0dbfd)] -> css selector: input[mappingname = 'EmailID']]
18:26:39.374 INFO  scp.RegistrationUGIPage (RegistrationUGIPage.java:397) - Email Id populated successfully.
18:26:39.375 INFO  scp.RegistrationUGIPage (RegistrationUGIPage.java:187) - Populating Postal Code {} :17619
18:26:39.494 INFO  driver.Page (    Page.java:129) - Wait for element {} [[ChromeDriver: chrome on windows (3af8aff8d0c976d9250e429a03a0dbfd)] -> css selector: input[mappingname='PostalCode']] to be present in the DOM for duration of {} 120
18:26:39.494 INFO  driver.Page (    Page.java:257) - Waiting for element to be visible for 120 seconds.
18:26:44.044 INFO  driver.Page (    Page.java:260) - Element is visible on the page.
18:26:44.600 INFO  driver.Page (    Page.java:131) - Clearing the element {} [[ChromeDriver: chrome on windows (3af8aff8d0c976d9250e429a03a0dbfd)] -> css selector: input[mappingname='PostalCode']] before sending the keys.
18:26:55.978 INFO  driver.Page (    Page.java:133) - Sending the following keys {} 17619 to the element {} [[ChromeDriver: chrome on windows (3af8aff8d0c976d9250e429a03a0dbfd)] -> css selector: input[mappingname='PostalCode']]
18:26:59.373 INFO  scp.RegistrationUGIPage (RegistrationUGIPage.java:189) - Postal Code populated successfully.
18:27:05.151 INFO  driver.Page (    Page.java:569) - Preparing for element to click.
18:27:14.087 INFO  driver.Page (    Page.java:576) - Element is clicked successfully.
18:27:14.088 INFO  scp.RegistrationUGIPage (RegistrationUGIPage.java:641) - Next Button clicked successfully.
18:27:14.088 INFO  scp.HomePage (HomePage.java:194) - Wait for Spinner Loading Image invisibility.
18:27:14.088 INFO  driver.Page (    Page.java:271) - Waiting for element to be invisible for 120 seconds.
18:27:34.541 INFO  driver.Page (    Page.java:274) - Element is invisible from the page.
18:27:34.542 INFO  scp.RegistrationUGIPage (RegistrationUGIPage.java:414) - Checking the visibility of Mobile Number on the page.
18:27:35.740 INFO  scp.RegistrationUGIPage (RegistrationUGIPage.java:415) - Mobile Number visibility status : false
18:27:43.853 INFO  driver.DriverFactory (DriverFactory.java:125) - Clearing all the cookies.
18:31:37.962 INFO  runner.TestRunner (TestRunner.java:32) - Initializing application properties config file.
18:31:38.810 INFO  runner.TestRunner (TestRunner.java:35) - Initializing connection to the base database.
18:31:38.844 INFO  runner.TestRunner (TestRunner.java:38) - Initializing resource path config file.
18:31:39.355 INFO  runner.TestRunner (TestRunner.java:41) - Initializing usage months config from CSP.
18:31:39.361 INFO  runner.TestRunner (TestRunner.java:44) - Initializing date config from CSP.
18:31:39.361 INFO  runner.TestRunner (TestRunner.java:47) - Initializing language config from CSP.
18:31:39.362 INFO  runner.TestRunner (TestRunner.java:50) - Initializing language config from CSP.
18:31:39.363 INFO  runner.TestRunner (TestRunner.java:53) - Initializing language config from CSP.
18:31:39.363 INFO  runner.TestRunner (TestRunner.java:56) - Initializing user model config.
18:31:39.364 INFO  runner.TestRunner (TestRunner.java:59) - Initializing auth token config.
18:31:39.365 INFO  runner.TestRunner (TestRunner.java:62) - Initializing Admin User config.
18:31:44.601 INFO  utils.ExcelUtils (ExcelUtils.java:41) - Test Runner excel row at: 1
18:31:44.722 INFO  utils.ExcelUtils (ExcelUtils.java:41) - Test Runner excel row at: 2
18:31:44.745 INFO  utils.ExcelUtils (ExcelUtils.java:41) - Test Runner excel row at: 3
18:31:44.767 INFO  utils.ExcelUtils (ExcelUtils.java:41) - Test Runner excel row at: 4
18:31:44.772 INFO  utils.ExcelUtils (ExcelUtils.java:41) - Test Runner excel row at: 5
18:31:44.773 INFO  utils.ExcelUtils (ExcelUtils.java:41) - Test Runner excel row at: 6
18:31:44.773 INFO  utils.ExcelUtils (ExcelUtils.java:41) - Test Runner excel row at: 7
18:31:44.775 INFO  utils.ExcelUtils (ExcelUtils.java:41) - Test Runner excel row at: 8
18:31:44.776 INFO  utils.ExcelUtils (ExcelUtils.java:41) - Test Runner excel row at: 9
18:31:44.776 INFO  utils.ExcelUtils (ExcelUtils.java:41) - Test Runner excel row at: 10
18:31:44.779 INFO  utils.ExcelUtils (ExcelUtils.java:41) - Test Runner excel row at: 11
18:31:44.780 INFO  utils.ExcelUtils (ExcelUtils.java:41) - Test Runner excel row at: 12
18:31:44.780 INFO  utils.ExcelUtils (ExcelUtils.java:41) - Test Runner excel row at: 13
18:31:44.782 INFO  utils.ExcelUtils (ExcelUtils.java:41) - Test Runner excel row at: 14
18:31:44.783 INFO  utils.ExcelUtils (ExcelUtils.java:41) - Test Runner excel row at: 15
18:31:44.784 INFO  utils.ExcelUtils (ExcelUtils.java:41) - Test Runner excel row at: 16
18:31:44.789 INFO  utils.ExcelUtils (ExcelUtils.java:41) - Test Runner excel row at: 17
18:31:44.790 INFO  utils.ExcelUtils (ExcelUtils.java:41) - Test Runner excel row at: 18
18:31:44.791 INFO  utils.ExcelUtils (ExcelUtils.java:41) - Test Runner excel row at: 19
18:31:44.792 INFO  utils.ExcelUtils (ExcelUtils.java:41) - Test Runner excel row at: 20
18:31:44.793 INFO  utils.ExcelUtils (ExcelUtils.java:41) - Test Runner excel row at: 21
18:31:44.797 INFO  utils.ExcelUtils (ExcelUtils.java:41) - Test Runner excel row at: 22
18:31:44.799 INFO  utils.ExcelUtils (ExcelUtils.java:41) - Test Runner excel row at: 23
18:31:44.801 INFO  utils.ExcelUtils (ExcelUtils.java:41) - Test Runner excel row at: 24
18:31:44.801 INFO  utils.ExcelUtils (ExcelUtils.java:41) - Test Runner excel row at: 25
18:31:44.801 INFO  utils.ExcelUtils (ExcelUtils.java:41) - Test Runner excel row at: 26
18:31:44.802 INFO  utils.ExcelUtils (ExcelUtils.java:41) - Test Runner excel row at: 27
18:31:44.802 INFO  utils.ExcelUtils (ExcelUtils.java:41) - Test Runner excel row at: 28
18:31:44.802 INFO  utils.ExcelUtils (ExcelUtils.java:41) - Test Runner excel row at: 29
18:31:44.803 INFO  utils.ExcelUtils (ExcelUtils.java:41) - Test Runner excel row at: 30
18:31:44.804 INFO  utils.ExcelUtils (ExcelUtils.java:41) - Test Runner excel row at: 31
18:31:44.804 INFO  utils.ExcelUtils (ExcelUtils.java:41) - Test Runner excel row at: 32
18:31:44.805 INFO  utils.ExcelUtils (ExcelUtils.java:41) - Test Runner excel row at: 33
18:31:44.805 INFO  utils.ExcelUtils (ExcelUtils.java:41) - Test Runner excel row at: 34
18:31:44.805 INFO  utils.ExcelUtils (ExcelUtils.java:41) - Test Runner excel row at: 35
18:31:44.805 INFO  utils.ExcelUtils (ExcelUtils.java:41) - Test Runner excel row at: 36
18:31:44.807 INFO  utils.ExcelUtils (ExcelUtils.java:41) - Test Runner excel row at: 37
18:31:44.807 INFO  utils.ExcelUtils (ExcelUtils.java:41) - Test Runner excel row at: 38
18:31:44.807 INFO  utils.ExcelUtils (ExcelUtils.java:41) - Test Runner excel row at: 39
18:31:44.808 INFO  utils.ExcelUtils (ExcelUtils.java:41) - Test Runner excel row at: 40
18:31:44.808 INFO  utils.ExcelUtils (ExcelUtils.java:41) - Test Runner excel row at: 41
18:31:44.808 INFO  utils.ExcelUtils (ExcelUtils.java:41) - Test Runner excel row at: 42
18:31:44.809 INFO  utils.ExcelUtils (ExcelUtils.java:41) - Test Runner excel row at: 43
18:31:44.809 INFO  utils.ExcelUtils (ExcelUtils.java:41) - Test Runner excel row at: 44
18:31:44.809 INFO  utils.ExcelUtils (ExcelUtils.java:41) - Test Runner excel row at: 45
18:31:44.810 INFO  utils.ExcelUtils (ExcelUtils.java:41) - Test Runner excel row at: 46
18:31:44.810 INFO  utils.ExcelUtils (ExcelUtils.java:41) - Test Runner excel row at: 47
18:31:44.810 INFO  utils.ExcelUtils (ExcelUtils.java:41) - Test Runner excel row at: 48
18:31:52.493 INFO  utils.ExcelUtils (ExcelUtils.java:41) - Test Runner excel row at: 49
18:31:52.493 INFO  utils.ExcelUtils (ExcelUtils.java:41) - Test Runner excel row at: 50
18:31:52.494 INFO  utils.ExcelUtils (ExcelUtils.java:41) - Test Runner excel row at: 51
18:31:52.494 INFO  utils.ExcelUtils (ExcelUtils.java:41) - Test Runner excel row at: 52
18:31:52.494 INFO  utils.ExcelUtils (ExcelUtils.java:41) - Test Runner excel row at: 53
18:31:52.495 INFO  utils.ExcelUtils (ExcelUtils.java:41) - Test Runner excel row at: 54
18:31:52.495 INFO  utils.ExcelUtils (ExcelUtils.java:41) - Test Runner excel row at: 55
18:31:52.496 INFO  utils.ExcelUtils (ExcelUtils.java:41) - Test Runner excel row at: 56
18:31:52.496 INFO  utils.ExcelUtils (ExcelUtils.java:41) - Test Runner excel row at: 57
18:31:52.496 INFO  utils.ExcelUtils (ExcelUtils.java:41) - Test Runner excel row at: 58
18:31:52.497 INFO  utils.ExcelUtils (ExcelUtils.java:41) - Test Runner excel row at: 59
18:31:52.497 INFO  utils.ExcelUtils (ExcelUtils.java:41) - Test Runner excel row at: 60
18:31:52.497 INFO  utils.ExcelUtils (ExcelUtils.java:41) - Test Runner excel row at: 61
18:31:52.497 INFO  utils.ExcelUtils (ExcelUtils.java:41) - Test Runner excel row at: 62
18:31:52.497 INFO  utils.ExcelUtils (ExcelUtils.java:41) - Test Runner excel row at: 63
18:31:52.498 INFO  utils.ExcelUtils (ExcelUtils.java:41) - Test Runner excel row at: 64
18:31:52.498 INFO  utils.ExcelUtils (ExcelUtils.java:41) - Test Runner excel row at: 65
18:31:52.498 INFO  utils.ExcelUtils (ExcelUtils.java:41) - Test Runner excel row at: 66
18:31:52.499 INFO  utils.ExcelUtils (ExcelUtils.java:41) - Test Runner excel row at: 67
18:31:52.499 INFO  utils.ExcelUtils (ExcelUtils.java:41) - Test Runner excel row at: 68
18:31:52.499 INFO  utils.ExcelUtils (ExcelUtils.java:41) - Test Runner excel row at: 69
18:31:52.500 INFO  utils.ExcelUtils (ExcelUtils.java:41) - Test Runner excel row at: 70
18:31:52.500 INFO  utils.ExcelUtils (ExcelUtils.java:41) - Test Runner excel row at: 71
18:31:52.500 INFO  utils.ExcelUtils (ExcelUtils.java:41) - Test Runner excel row at: 72
18:31:52.500 INFO  utils.ExcelUtils (ExcelUtils.java:41) - Test Runner excel row at: 73
18:31:52.501 INFO  utils.ExcelUtils (ExcelUtils.java:41) - Test Runner excel row at: 74
18:31:52.501 INFO  utils.ExcelUtils (ExcelUtils.java:41) - Test Runner excel row at: 75
18:31:52.501 INFO  utils.ExcelUtils (ExcelUtils.java:41) - Test Runner excel row at: 76
18:31:52.502 INFO  utils.ExcelUtils (ExcelUtils.java:41) - Test Runner excel row at: 77
18:31:52.502 INFO  utils.ExcelUtils (ExcelUtils.java:41) - Test Runner excel row at: 78
18:31:52.502 INFO  utils.ExcelUtils (ExcelUtils.java:41) - Test Runner excel row at: 79
18:31:52.502 INFO  utils.ExcelUtils (ExcelUtils.java:41) - Test Runner excel row at: 80
18:31:52.503 INFO  utils.ExcelUtils (ExcelUtils.java:41) - Test Runner excel row at: 81
18:31:52.503 INFO  utils.ExcelUtils (ExcelUtils.java:41) - Test Runner excel row at: 82
18:31:52.503 INFO  utils.ExcelUtils (ExcelUtils.java:41) - Test Runner excel row at: 83
18:31:52.504 INFO  utils.ExcelUtils (ExcelUtils.java:41) - Test Runner excel row at: 84
18:31:52.504 INFO  utils.ExcelUtils (ExcelUtils.java:41) - Test Runner excel row at: 85
18:31:52.505 INFO  utils.ExcelUtils (ExcelUtils.java:41) - Test Runner excel row at: 86
18:31:52.506 INFO  utils.ExcelUtils (ExcelUtils.java:41) - Test Runner excel row at: 87
18:31:52.506 INFO  utils.ExcelUtils (ExcelUtils.java:41) - Test Runner excel row at: 88
18:31:52.507 INFO  utils.ExcelUtils (ExcelUtils.java:41) - Test Runner excel row at: 89
18:31:52.507 INFO  utils.ExcelUtils (ExcelUtils.java:41) - Test Runner excel row at: 90
18:31:52.507 INFO  utils.ExcelUtils (ExcelUtils.java:41) - Test Runner excel row at: 91
18:31:56.313 WARN  config.Configuration (Configuration.java:231) - QA env being used by default. No env property set. This can be set in the sew.app.yml config file with a '{}=' property or on the command line with the switch '-D{}='.
18:33:46.843 INFO  driver.WebDriverFactory (WebDriverFactory.java:192) - Setting up the browser window to its max.
18:33:51.240 INFO  driver.WebDriverFactory (WebDriverFactory.java:181) - Initializing the implicit wait timeout for {} 5
18:33:51.388 INFO  driver.WebDriverFactory (WebDriverFactory.java:184) - Initializing the page load timeout.
18:33:51.512 INFO  driver.DriverFactory (DriverFactory.java:125) - Clearing all the cookies.
18:33:58.966 INFO  driver.DriverFactory (DriverFactory.java:62) - Open the url {} https://u-ugi10s.smartcmobile.net/ using the selenium get() method.
18:34:54.421 INFO  scp.RegistrationUGITests (RegistrationUGITests.java:25) - Test Case execution for - verifyCustomerRegistrationPage - is Initiated
18:34:56.999 INFO  driver.Page (    Page.java:51) - Preparing for element to click.
18:34:57.000 INFO  driver.Page (    Page.java:225) - Waiting for element to be clickable for 120 seconds.
18:35:06.646 INFO  driver.Page (    Page.java:228) - Element is clickable now.
18:35:06.646 INFO  driver.Page (    Page.java:215) - Returning web element for by type locator : By.cssSelector: #btnResidentialType
18:35:09.169 INFO  driver.Page (    Page.java:54) - Element is clicked successfully.
18:35:09.170 INFO  scp.HomePage (HomePage.java:194) - Wait for Spinner Loading Image invisibility.
18:35:09.170 INFO  driver.Page (    Page.java:271) - Waiting for element to be invisible for 120 seconds.
18:35:19.240 INFO  driver.Page (    Page.java:274) - Element is invisible from the page.
18:35:24.507 INFO  scp.RegistrationUGISteps (RegistrationUGISteps.java:77) - feedback popup not displayed
18:35:30.508 INFO  scp.RegistrationUGISteps (RegistrationUGISteps.java:95) - feedback popup not displayed
18:35:30.509 INFO  scp.RegistrationUGIPage (RegistrationUGIPage.java:296) - Populating UtilityAccountNumber {} :421002206833
18:35:35.723 INFO  driver.Page (    Page.java:129) - Wait for element {} Proxy element for: DefaultElementLocator 'By.id: txt_4' to be present in the DOM for duration of {} 120
18:35:35.723 INFO  driver.Page (    Page.java:257) - Waiting for element to be visible for 120 seconds.
18:37:45.573 INFO  driver.DriverFactory (DriverFactory.java:125) - Clearing all the cookies.
