18:30:29.091 INFO  csp.AdminHomePage (AdminHomePage.java:181) - Checking that the current page is Admin Home page.
18:30:29.102 INFO  driver.Page (    Page.java:39) - Fetching the current URL.
18:30:29.114 INFO  driver.Page (    Page.java:40) - The Current URL is: https://qa.smartcmobile.net/SCM_10.0_S-CSP/Home.aspx
18:30:29.124 INFO  driver.Page (    Page.java:45) - Fetching the current title.
18:30:29.132 INFO  driver.Page (    Page.java:46) - The Current Title is: Dashboard
18:30:29.142 INFO  csp.AdminHomePage (AdminHomePage.java:184) - The current page is Admin Home page {}: true
18:30:29.164 INFO  driver.Page (    Page.java:235) - Waiting for element to be visible for 120 seconds.
18:30:29.216 INFO  driver.Page (    Page.java:238) - Element is visible on the page.
18:30:29.217 INFO  csp.AdminHomePage (AdminHomePage.java:47) - Ways To Save Link is Visible on the page.
18:30:29.217 INFO  driver.Page (    Page.java:518) - Preparing for element to click.
18:31:32.968 INFO  driver.DriverFactory (DriverFactory.java:122) - Clearing all the cookies.
18:32:49.554 INFO  runner.TestRunner (TestRunner.java:32) - Initializing application properties config file.
18:32:49.561 INFO  runner.TestRunner (TestRunner.java:35) - Initializing connection to the base database.
18:32:49.920 WARN  config.DatabaseConfiguration (DatabaseConfiguration.java:84) - QA env being used by default. No env property set. This can be set in the sentinel.yml config file with a '{}=' property or on the command line with the switch '-D{}='.
18:32:51.607 INFO  runner.TestRunner (TestRunner.java:38) - Initializing resource path config file.
18:32:51.608 INFO  runner.TestRunner (TestRunner.java:41) - Initializing usage months config from CSP.
18:32:52.460 INFO  runner.TestRunner (TestRunner.java:44) - Initializing date config from CSP.
18:32:53.211 INFO  runner.TestRunner (TestRunner.java:47) - Initializing language config from CSP.
18:32:53.943 INFO  runner.TestRunner (TestRunner.java:50) - Initializing language config from CSP.
18:32:54.716 INFO  runner.TestRunner (TestRunner.java:53) - Initializing language config from CSP.
18:32:55.453 INFO  runner.TestRunner (TestRunner.java:56) - Initializing user model config.
18:32:55.472 WARN  config.Configuration (Configuration.java:231) - QA env being used by default. No env property set. This can be set in the sew.app.yml config file with a '{}=' property or on the command line with the switch '-D{}='.
18:33:01.099 INFO  runner.TestRunner (TestRunner.java:59) - Initializing auth token config.
18:33:01.099 INFO  runner.TestRunner (TestRunner.java:62) - Initializing Admin User config.
18:33:02.615 INFO  utils.ExcelUtils (ExcelUtils.java:41) - Test Runner excel row at: 1
18:33:02.625 INFO  utils.ExcelUtils (ExcelUtils.java:41) - Test Runner excel row at: 2
18:33:02.627 INFO  utils.ExcelUtils (ExcelUtils.java:41) - Test Runner excel row at: 3
18:33:02.628 INFO  utils.ExcelUtils (ExcelUtils.java:41) - Test Runner excel row at: 4
18:33:02.629 INFO  utils.ExcelUtils (ExcelUtils.java:41) - Test Runner excel row at: 5
18:33:02.630 INFO  utils.ExcelUtils (ExcelUtils.java:41) - Test Runner excel row at: 6
18:33:02.630 INFO  utils.ExcelUtils (ExcelUtils.java:41) - Test Runner excel row at: 7
18:33:02.631 INFO  utils.ExcelUtils (ExcelUtils.java:41) - Test Runner excel row at: 8
18:33:02.632 INFO  utils.ExcelUtils (ExcelUtils.java:41) - Test Runner excel row at: 9
18:33:02.632 INFO  utils.ExcelUtils (ExcelUtils.java:41) - Test Runner excel row at: 10
18:33:02.633 INFO  utils.ExcelUtils (ExcelUtils.java:41) - Test Runner excel row at: 11
18:33:02.633 INFO  utils.ExcelUtils (ExcelUtils.java:41) - Test Runner excel row at: 12
18:33:02.634 INFO  utils.ExcelUtils (ExcelUtils.java:41) - Test Runner excel row at: 13
18:33:02.634 INFO  utils.ExcelUtils (ExcelUtils.java:41) - Test Runner excel row at: 14
18:33:02.635 INFO  utils.ExcelUtils (ExcelUtils.java:41) - Test Runner excel row at: 15
18:33:02.635 INFO  utils.ExcelUtils (ExcelUtils.java:41) - Test Runner excel row at: 16
18:33:02.636 INFO  utils.ExcelUtils (ExcelUtils.java:41) - Test Runner excel row at: 17
18:33:02.636 INFO  utils.ExcelUtils (ExcelUtils.java:41) - Test Runner excel row at: 18
18:33:02.637 INFO  utils.ExcelUtils (ExcelUtils.java:41) - Test Runner excel row at: 19
18:33:02.637 INFO  utils.ExcelUtils (ExcelUtils.java:41) - Test Runner excel row at: 20
18:33:02.637 INFO  utils.ExcelUtils (ExcelUtils.java:41) - Test Runner excel row at: 21
18:33:02.639 INFO  utils.ExcelUtils (ExcelUtils.java:41) - Test Runner excel row at: 22
18:33:02.639 INFO  utils.ExcelUtils (ExcelUtils.java:41) - Test Runner excel row at: 23
18:33:02.639 INFO  utils.ExcelUtils (ExcelUtils.java:41) - Test Runner excel row at: 24
18:33:02.639 INFO  utils.ExcelUtils (ExcelUtils.java:41) - Test Runner excel row at: 25
18:33:02.640 INFO  utils.ExcelUtils (ExcelUtils.java:41) - Test Runner excel row at: 26
18:33:02.640 INFO  utils.ExcelUtils (ExcelUtils.java:41) - Test Runner excel row at: 27
18:33:02.641 INFO  utils.ExcelUtils (ExcelUtils.java:41) - Test Runner excel row at: 28
18:33:02.641 INFO  utils.ExcelUtils (ExcelUtils.java:41) - Test Runner excel row at: 29
18:33:02.642 INFO  utils.ExcelUtils (ExcelUtils.java:41) - Test Runner excel row at: 30
18:33:02.643 INFO  utils.ExcelUtils (ExcelUtils.java:41) - Test Runner excel row at: 31
18:33:02.643 INFO  utils.ExcelUtils (ExcelUtils.java:41) - Test Runner excel row at: 32
18:33:02.643 INFO  utils.ExcelUtils (ExcelUtils.java:41) - Test Runner excel row at: 33
18:33:02.644 INFO  utils.ExcelUtils (ExcelUtils.java:41) - Test Runner excel row at: 34
18:33:02.645 INFO  utils.ExcelUtils (ExcelUtils.java:41) - Test Runner excel row at: 35
18:33:02.645 INFO  utils.ExcelUtils (ExcelUtils.java:41) - Test Runner excel row at: 36
18:33:02.646 INFO  utils.ExcelUtils (ExcelUtils.java:41) - Test Runner excel row at: 37
18:33:02.648 INFO  utils.ExcelUtils (ExcelUtils.java:41) - Test Runner excel row at: 38
18:33:02.648 INFO  utils.ExcelUtils (ExcelUtils.java:41) - Test Runner excel row at: 39
18:33:02.649 INFO  utils.ExcelUtils (ExcelUtils.java:41) - Test Runner excel row at: 40
18:33:02.649 INFO  utils.ExcelUtils (ExcelUtils.java:41) - Test Runner excel row at: 41
18:33:02.649 INFO  utils.ExcelUtils (ExcelUtils.java:41) - Test Runner excel row at: 42
18:33:02.650 INFO  utils.ExcelUtils (ExcelUtils.java:41) - Test Runner excel row at: 43
18:33:02.650 INFO  utils.ExcelUtils (ExcelUtils.java:41) - Test Runner excel row at: 44
18:33:02.651 INFO  utils.ExcelUtils (ExcelUtils.java:41) - Test Runner excel row at: 45
18:33:02.651 INFO  utils.ExcelUtils (ExcelUtils.java:41) - Test Runner excel row at: 46
18:33:02.651 INFO  utils.ExcelUtils (ExcelUtils.java:41) - Test Runner excel row at: 47
18:33:02.651 INFO  utils.ExcelUtils (ExcelUtils.java:41) - Test Runner excel row at: 48
18:33:02.652 INFO  utils.ExcelUtils (ExcelUtils.java:41) - Test Runner excel row at: 49
18:33:02.652 INFO  utils.ExcelUtils (ExcelUtils.java:41) - Test Runner excel row at: 50
18:33:02.653 INFO  utils.ExcelUtils (ExcelUtils.java:41) - Test Runner excel row at: 51
18:33:02.653 INFO  utils.ExcelUtils (ExcelUtils.java:41) - Test Runner excel row at: 52
18:33:02.654 INFO  utils.ExcelUtils (ExcelUtils.java:41) - Test Runner excel row at: 53
18:33:02.654 INFO  utils.ExcelUtils (ExcelUtils.java:41) - Test Runner excel row at: 54
18:33:02.655 INFO  utils.ExcelUtils (ExcelUtils.java:41) - Test Runner excel row at: 55
18:33:02.655 INFO  utils.ExcelUtils (ExcelUtils.java:41) - Test Runner excel row at: 56
18:33:02.656 INFO  utils.ExcelUtils (ExcelUtils.java:41) - Test Runner excel row at: 57
18:33:02.657 INFO  utils.ExcelUtils (ExcelUtils.java:41) - Test Runner excel row at: 58
18:33:02.658 INFO  utils.ExcelUtils (ExcelUtils.java:41) - Test Runner excel row at: 59
18:33:02.658 INFO  utils.ExcelUtils (ExcelUtils.java:41) - Test Runner excel row at: 60
18:33:02.659 INFO  utils.ExcelUtils (ExcelUtils.java:41) - Test Runner excel row at: 61
18:33:02.659 INFO  utils.ExcelUtils (ExcelUtils.java:41) - Test Runner excel row at: 62
18:33:02.659 INFO  utils.ExcelUtils (ExcelUtils.java:41) - Test Runner excel row at: 63
18:33:06.507 INFO  driver.WebDriverFactory (WebDriverFactory.java:209) - Setting up the browser window to its max.
18:33:06.655 INFO  driver.WebDriverFactory (WebDriverFactory.java:198) - Initializing the implicit wait timeout for {} 5
18:33:06.671 INFO  driver.WebDriverFactory (WebDriverFactory.java:201) - Initializing the page load timeout.
18:33:06.684 INFO  driver.DriverFactory (DriverFactory.java:122) - Clearing all the cookies.
18:33:06.719 INFO  driver.DriverFactory (DriverFactory.java:59) - Open the url {} https://qa.smartcmobile.net/SCM_10.0_S-CSP/ using the selenium get() method.
18:33:17.750 INFO  csp.WaysToSaveTests (WaysToSaveTests.java:32) - To verify the tests with the below test case id's: C80131, C80132, C80133
18:33:17.787 INFO  scp.HomePage (HomePage.java:133) - Wait for page loader invisibility.
18:33:17.788 INFO  driver.Page (    Page.java:249) - Waiting for element to be invisible for 120 seconds.
18:33:22.849 INFO  driver.Page (    Page.java:252) - Element is invisible from the page.
18:33:22.849 INFO  csp.AdminLoginPage (AdminLoginPage.java:334) - Checking that the current page is Admin login page.
18:33:22.849 INFO  driver.Page (    Page.java:39) - Fetching the current URL.
18:33:22.855 INFO  driver.Page (    Page.java:40) - The Current URL is: https://qa.smartcmobile.net/SCM_10.0_S-CSP/
18:33:22.859 INFO  driver.Page (    Page.java:45) - Fetching the current title.
18:33:22.865 INFO  driver.Page (    Page.java:46) - The Current Title is: SCM Admin - Login
18:33:22.871 INFO  csp.AdminLoginPage (AdminLoginPage.java:337) - The current page is Admin login page {}: true
18:33:22.874 INFO  csp.AdminLoginPage (AdminLoginPage.java:30) - Populating username {} :qauser
18:33:22.893 INFO  driver.Page (    Page.java:120) - Wait for element {} [[ChromeDriver: chrome on WINDOWS (7d23ea25c470a6c5c0f4c65983be198c)] -> css selector: [id='txtAdminLogin']] to be present in the DOM for duration of {} 120
18:33:22.893 INFO  driver.Page (    Page.java:235) - Waiting for element to be visible for 120 seconds.
18:33:22.932 INFO  driver.Page (    Page.java:238) - Element is visible on the page.
18:33:22.939 INFO  driver.Page (    Page.java:122) - Clearing the element {} [[ChromeDriver: chrome on WINDOWS (7d23ea25c470a6c5c0f4c65983be198c)] -> css selector: [id='txtAdminLogin']] before sending the keys.
18:33:22.981 INFO  driver.Page (    Page.java:124) - Sending the following keys {} qauser to the element {} [[ChromeDriver: chrome on WINDOWS (7d23ea25c470a6c5c0f4c65983be198c)] -> css selector: [id='txtAdminLogin']]
18:33:23.018 INFO  csp.AdminLoginPage (AdminLoginPage.java:32) - Username populated successfully.
18:33:23.018 INFO  csp.AdminLoginPage (AdminLoginPage.java:54) - Populating password {} :Sew@2021$!
18:33:23.028 INFO  driver.Page (    Page.java:120) - Wait for element {} [[ChromeDriver: chrome on WINDOWS (7d23ea25c470a6c5c0f4c65983be198c)] -> css selector: [id='txtpwd']] to be present in the DOM for duration of {} 120
18:33:23.028 INFO  driver.Page (    Page.java:235) - Waiting for element to be visible for 120 seconds.
18:33:23.051 INFO  driver.Page (    Page.java:238) - Element is visible on the page.
18:33:23.059 INFO  driver.Page (    Page.java:122) - Clearing the element {} [[ChromeDriver: chrome on WINDOWS (7d23ea25c470a6c5c0f4c65983be198c)] -> css selector: [id='txtpwd']] before sending the keys.
18:33:23.110 INFO  driver.Page (    Page.java:124) - Sending the following keys {} Sew@2021$! to the element {} [[ChromeDriver: chrome on WINDOWS (7d23ea25c470a6c5c0f4c65983be198c)] -> css selector: [id='txtpwd']]
18:33:23.176 INFO  csp.AdminLoginPage (AdminLoginPage.java:56) - Password populated successfully.
18:33:23.177 INFO  driver.Page (    Page.java:58) - Preparing for element to click.
18:33:23.177 INFO  driver.Page (    Page.java:210) - Waiting for element to be clickable for 120 seconds.
18:33:23.221 INFO  driver.Page (    Page.java:213) - Element is clickable now.
18:33:34.181 INFO  driver.Page (    Page.java:61) - Element is clicked successfully.
18:33:34.182 INFO  csp.AdminLoginPage (AdminLoginPage.java:67) - SignIn Button clicked successfully.
18:33:34.183 INFO  scp.HomePage (HomePage.java:133) - Wait for page loader invisibility.
18:33:34.183 INFO  driver.Page (    Page.java:249) - Waiting for element to be invisible for 120 seconds.
18:33:34.227 INFO  driver.Page (    Page.java:252) - Element is invisible from the page.
18:33:34.241 INFO  csp.AdminHomePage (AdminHomePage.java:181) - Checking that the current page is Admin Home page.
18:33:34.242 INFO  driver.Page (    Page.java:39) - Fetching the current URL.
18:33:34.256 INFO  driver.Page (    Page.java:40) - The Current URL is: https://qa.smartcmobile.net/SCM_10.0_S-CSP/Home.aspx
18:33:34.269 INFO  driver.Page (    Page.java:45) - Fetching the current title.
18:33:34.281 INFO  driver.Page (    Page.java:46) - The Current Title is: Dashboard
18:33:34.294 INFO  csp.AdminHomePage (AdminHomePage.java:184) - The current page is Admin Home page {}: true
18:33:34.315 INFO  driver.Page (    Page.java:235) - Waiting for element to be visible for 120 seconds.
18:33:34.363 INFO  driver.Page (    Page.java:238) - Element is visible on the page.
18:33:34.364 INFO  csp.AdminHomePage (AdminHomePage.java:47) - Ways To Save Link is Visible on the page.
18:33:34.364 INFO  driver.Page (    Page.java:518) - Preparing for element to click.
18:34:37.523 INFO  driver.DriverFactory (DriverFactory.java:122) - Clearing all the cookies.
18:42:14.289 INFO  runner.TestRunner (TestRunner.java:32) - Initializing application properties config file.
18:42:14.297 INFO  runner.TestRunner (TestRunner.java:35) - Initializing connection to the base database.
18:42:14.812 WARN  config.DatabaseConfiguration (DatabaseConfiguration.java:84) - QA env being used by default. No env property set. This can be set in the sentinel.yml config file with a '{}=' property or on the command line with the switch '-D{}='.
18:42:16.451 INFO  runner.TestRunner (TestRunner.java:38) - Initializing resource path config file.
18:42:16.451 INFO  runner.TestRunner (TestRunner.java:41) - Initializing usage months config from CSP.
18:42:17.239 INFO  runner.TestRunner (TestRunner.java:44) - Initializing date config from CSP.
18:42:17.987 INFO  runner.TestRunner (TestRunner.java:47) - Initializing language config from CSP.
18:42:18.731 INFO  runner.TestRunner (TestRunner.java:50) - Initializing language config from CSP.
18:42:19.503 INFO  runner.TestRunner (TestRunner.java:53) - Initializing language config from CSP.
18:42:20.245 INFO  runner.TestRunner (TestRunner.java:56) - Initializing user model config.
18:42:20.268 WARN  config.Configuration (Configuration.java:231) - QA env being used by default. No env property set. This can be set in the sew.app.yml config file with a '{}=' property or on the command line with the switch '-D{}='.
18:42:24.978 INFO  runner.TestRunner (TestRunner.java:59) - Initializing auth token config.
18:42:24.978 INFO  runner.TestRunner (TestRunner.java:62) - Initializing Admin User config.
18:42:26.274 INFO  utils.ExcelUtils (ExcelUtils.java:41) - Test Runner excel row at: 1
18:42:26.279 INFO  utils.ExcelUtils (ExcelUtils.java:41) - Test Runner excel row at: 2
18:42:26.280 INFO  utils.ExcelUtils (ExcelUtils.java:41) - Test Runner excel row at: 3
18:42:26.281 INFO  utils.ExcelUtils (ExcelUtils.java:41) - Test Runner excel row at: 4
18:42:26.281 INFO  utils.ExcelUtils (ExcelUtils.java:41) - Test Runner excel row at: 5
18:42:26.282 INFO  utils.ExcelUtils (ExcelUtils.java:41) - Test Runner excel row at: 6
18:42:26.282 INFO  utils.ExcelUtils (ExcelUtils.java:41) - Test Runner excel row at: 7
18:42:26.282 INFO  utils.ExcelUtils (ExcelUtils.java:41) - Test Runner excel row at: 8
18:42:26.283 INFO  utils.ExcelUtils (ExcelUtils.java:41) - Test Runner excel row at: 9
18:42:26.283 INFO  utils.ExcelUtils (ExcelUtils.java:41) - Test Runner excel row at: 10
18:42:26.283 INFO  utils.ExcelUtils (ExcelUtils.java:41) - Test Runner excel row at: 11
18:42:26.284 INFO  utils.ExcelUtils (ExcelUtils.java:41) - Test Runner excel row at: 12
18:42:26.284 INFO  utils.ExcelUtils (ExcelUtils.java:41) - Test Runner excel row at: 13
18:42:26.285 INFO  utils.ExcelUtils (ExcelUtils.java:41) - Test Runner excel row at: 14
18:42:26.285 INFO  utils.ExcelUtils (ExcelUtils.java:41) - Test Runner excel row at: 15
18:42:26.285 INFO  utils.ExcelUtils (ExcelUtils.java:41) - Test Runner excel row at: 16
18:42:26.285 INFO  utils.ExcelUtils (ExcelUtils.java:41) - Test Runner excel row at: 17
18:42:26.286 INFO  utils.ExcelUtils (ExcelUtils.java:41) - Test Runner excel row at: 18
18:42:26.286 INFO  utils.ExcelUtils (ExcelUtils.java:41) - Test Runner excel row at: 19
18:42:26.287 INFO  utils.ExcelUtils (ExcelUtils.java:41) - Test Runner excel row at: 20
18:42:26.287 INFO  utils.ExcelUtils (ExcelUtils.java:41) - Test Runner excel row at: 21
18:42:26.287 INFO  utils.ExcelUtils (ExcelUtils.java:41) - Test Runner excel row at: 22
18:42:26.288 INFO  utils.ExcelUtils (ExcelUtils.java:41) - Test Runner excel row at: 23
18:42:26.288 INFO  utils.ExcelUtils (ExcelUtils.java:41) - Test Runner excel row at: 24
18:42:26.288 INFO  utils.ExcelUtils (ExcelUtils.java:41) - Test Runner excel row at: 25
18:42:26.289 INFO  utils.ExcelUtils (ExcelUtils.java:41) - Test Runner excel row at: 26
18:42:26.289 INFO  utils.ExcelUtils (ExcelUtils.java:41) - Test Runner excel row at: 27
18:42:26.289 INFO  utils.ExcelUtils (ExcelUtils.java:41) - Test Runner excel row at: 28
18:42:26.289 INFO  utils.ExcelUtils (ExcelUtils.java:41) - Test Runner excel row at: 29
18:42:26.290 INFO  utils.ExcelUtils (ExcelUtils.java:41) - Test Runner excel row at: 30
18:42:26.290 INFO  utils.ExcelUtils (ExcelUtils.java:41) - Test Runner excel row at: 31
18:42:26.291 INFO  utils.ExcelUtils (ExcelUtils.java:41) - Test Runner excel row at: 32
18:42:26.291 INFO  utils.ExcelUtils (ExcelUtils.java:41) - Test Runner excel row at: 33
18:42:26.291 INFO  utils.ExcelUtils (ExcelUtils.java:41) - Test Runner excel row at: 34
18:42:26.291 INFO  utils.ExcelUtils (ExcelUtils.java:41) - Test Runner excel row at: 35
18:42:26.291 INFO  utils.ExcelUtils (ExcelUtils.java:41) - Test Runner excel row at: 36
18:42:26.291 INFO  utils.ExcelUtils (ExcelUtils.java:41) - Test Runner excel row at: 37
18:42:26.292 INFO  utils.ExcelUtils (ExcelUtils.java:41) - Test Runner excel row at: 38
18:42:26.292 INFO  utils.ExcelUtils (ExcelUtils.java:41) - Test Runner excel row at: 39
18:42:26.292 INFO  utils.ExcelUtils (ExcelUtils.java:41) - Test Runner excel row at: 40
18:42:26.292 INFO  utils.ExcelUtils (ExcelUtils.java:41) - Test Runner excel row at: 41
18:42:26.293 INFO  utils.ExcelUtils (ExcelUtils.java:41) - Test Runner excel row at: 42
18:42:26.293 INFO  utils.ExcelUtils (ExcelUtils.java:41) - Test Runner excel row at: 43
18:42:26.293 INFO  utils.ExcelUtils (ExcelUtils.java:41) - Test Runner excel row at: 44
18:42:26.293 INFO  utils.ExcelUtils (ExcelUtils.java:41) - Test Runner excel row at: 45
18:42:26.294 INFO  utils.ExcelUtils (ExcelUtils.java:41) - Test Runner excel row at: 46
18:42:26.294 INFO  utils.ExcelUtils (ExcelUtils.java:41) - Test Runner excel row at: 47
18:42:26.295 INFO  utils.ExcelUtils (ExcelUtils.java:41) - Test Runner excel row at: 48
18:42:26.295 INFO  utils.ExcelUtils (ExcelUtils.java:41) - Test Runner excel row at: 49
18:42:26.295 INFO  utils.ExcelUtils (ExcelUtils.java:41) - Test Runner excel row at: 50
18:42:26.295 INFO  utils.ExcelUtils (ExcelUtils.java:41) - Test Runner excel row at: 51
18:42:26.295 INFO  utils.ExcelUtils (ExcelUtils.java:41) - Test Runner excel row at: 52
18:42:26.295 INFO  utils.ExcelUtils (ExcelUtils.java:41) - Test Runner excel row at: 53
18:42:26.296 INFO  utils.ExcelUtils (ExcelUtils.java:41) - Test Runner excel row at: 54
18:42:26.296 INFO  utils.ExcelUtils (ExcelUtils.java:41) - Test Runner excel row at: 55
18:42:26.296 INFO  utils.ExcelUtils (ExcelUtils.java:41) - Test Runner excel row at: 56
18:42:26.296 INFO  utils.ExcelUtils (ExcelUtils.java:41) - Test Runner excel row at: 57
18:42:26.297 INFO  utils.ExcelUtils (ExcelUtils.java:41) - Test Runner excel row at: 58
18:42:26.297 INFO  utils.ExcelUtils (ExcelUtils.java:41) - Test Runner excel row at: 59
18:42:26.297 INFO  utils.ExcelUtils (ExcelUtils.java:41) - Test Runner excel row at: 60
18:42:26.297 INFO  utils.ExcelUtils (ExcelUtils.java:41) - Test Runner excel row at: 61
18:42:26.298 INFO  utils.ExcelUtils (ExcelUtils.java:41) - Test Runner excel row at: 62
18:42:26.298 INFO  utils.ExcelUtils (ExcelUtils.java:41) - Test Runner excel row at: 63
18:42:32.290 INFO  driver.WebDriverFactory (WebDriverFactory.java:209) - Setting up the browser window to its max.
18:42:32.504 INFO  driver.WebDriverFactory (WebDriverFactory.java:198) - Initializing the implicit wait timeout for {} 5
18:42:32.510 INFO  driver.WebDriverFactory (WebDriverFactory.java:201) - Initializing the page load timeout.
18:42:32.517 INFO  driver.DriverFactory (DriverFactory.java:122) - Clearing all the cookies.
18:42:32.776 INFO  driver.DriverFactory (DriverFactory.java:59) - Open the url {} https://qa.smartcmobile.net/SCM_10.0_S-CSP/ using the selenium get() method.
18:42:45.916 INFO  csp.WaysToSaveTests (WaysToSaveTests.java:32) - To verify the tests with the below test case id's: C80131, C80132, C80133
18:42:45.945 INFO  scp.HomePage (HomePage.java:133) - Wait for page loader invisibility.
18:42:45.946 INFO  driver.Page (    Page.java:249) - Waiting for element to be invisible for 120 seconds.
18:42:50.983 INFO  driver.Page (    Page.java:252) - Element is invisible from the page.
18:42:50.983 INFO  csp.AdminLoginPage (AdminLoginPage.java:334) - Checking that the current page is Admin login page.
18:42:50.984 INFO  driver.Page (    Page.java:39) - Fetching the current URL.
18:42:50.994 INFO  driver.Page (    Page.java:40) - The Current URL is: https://qa.smartcmobile.net/SCM_10.0_S-CSP/
18:42:51.002 INFO  driver.Page (    Page.java:45) - Fetching the current title.
18:42:51.009 INFO  driver.Page (    Page.java:46) - The Current Title is: SCM Admin - Login
18:42:51.015 INFO  csp.AdminLoginPage (AdminLoginPage.java:337) - The current page is Admin login page {}: true
18:42:51.017 INFO  csp.AdminLoginPage (AdminLoginPage.java:30) - Populating username {} :qauser
18:42:51.030 INFO  driver.Page (    Page.java:120) - Wait for element {} [[ChromeDriver: chrome on WINDOWS (70aae37ce5c669edbea4804e5f478078)] -> css selector: [id='txtAdminLogin']] to be present in the DOM for duration of {} 120
18:42:51.030 INFO  driver.Page (    Page.java:235) - Waiting for element to be visible for 120 seconds.
18:42:51.065 INFO  driver.Page (    Page.java:238) - Element is visible on the page.
18:42:51.077 INFO  driver.Page (    Page.java:122) - Clearing the element {} [[ChromeDriver: chrome on WINDOWS (70aae37ce5c669edbea4804e5f478078)] -> css selector: [id='txtAdminLogin']] before sending the keys.
18:42:51.122 INFO  driver.Page (    Page.java:124) - Sending the following keys {} qauser to the element {} [[ChromeDriver: chrome on WINDOWS (70aae37ce5c669edbea4804e5f478078)] -> css selector: [id='txtAdminLogin']]
18:42:51.153 INFO  csp.AdminLoginPage (AdminLoginPage.java:32) - Username populated successfully.
18:42:51.153 INFO  csp.AdminLoginPage (AdminLoginPage.java:54) - Populating password {} :Sew@2021$!
18:42:51.163 INFO  driver.Page (    Page.java:120) - Wait for element {} [[ChromeDriver: chrome on WINDOWS (70aae37ce5c669edbea4804e5f478078)] -> css selector: [id='txtpwd']] to be present in the DOM for duration of {} 120
18:42:51.163 INFO  driver.Page (    Page.java:235) - Waiting for element to be visible for 120 seconds.
18:42:51.182 INFO  driver.Page (    Page.java:238) - Element is visible on the page.
18:42:51.188 INFO  driver.Page (    Page.java:122) - Clearing the element {} [[ChromeDriver: chrome on WINDOWS (70aae37ce5c669edbea4804e5f478078)] -> css selector: [id='txtpwd']] before sending the keys.
18:42:51.225 INFO  driver.Page (    Page.java:124) - Sending the following keys {} Sew@2021$! to the element {} [[ChromeDriver: chrome on WINDOWS (70aae37ce5c669edbea4804e5f478078)] -> css selector: [id='txtpwd']]
18:42:51.289 INFO  csp.AdminLoginPage (AdminLoginPage.java:56) - Password populated successfully.
18:42:51.290 INFO  driver.Page (    Page.java:58) - Preparing for element to click.
18:42:51.290 INFO  driver.Page (    Page.java:210) - Waiting for element to be clickable for 120 seconds.
18:42:51.337 INFO  driver.Page (    Page.java:213) - Element is clickable now.
18:43:04.750 INFO  driver.Page (    Page.java:61) - Element is clicked successfully.
18:43:04.751 INFO  csp.AdminLoginPage (AdminLoginPage.java:67) - SignIn Button clicked successfully.
18:43:04.751 INFO  scp.HomePage (HomePage.java:133) - Wait for page loader invisibility.
18:43:04.751 INFO  driver.Page (    Page.java:249) - Waiting for element to be invisible for 120 seconds.
18:43:04.771 INFO  driver.Page (    Page.java:252) - Element is invisible from the page.
18:43:04.775 INFO  csp.AdminHomePage (AdminHomePage.java:181) - Checking that the current page is Admin Home page.
18:43:04.776 INFO  driver.Page (    Page.java:39) - Fetching the current URL.
18:43:04.780 INFO  driver.Page (    Page.java:40) - The Current URL is: https://qa.smartcmobile.net/SCM_10.0_S-CSP/Home.aspx
18:43:04.785 INFO  driver.Page (    Page.java:45) - Fetching the current title.
18:43:04.790 INFO  driver.Page (    Page.java:46) - The Current Title is: Dashboard
18:43:04.794 INFO  csp.AdminHomePage (AdminHomePage.java:184) - The current page is Admin Home page {}: true
18:43:04.800 INFO  driver.Page (    Page.java:235) - Waiting for element to be visible for 120 seconds.
18:43:04.823 INFO  driver.Page (    Page.java:238) - Element is visible on the page.
18:43:04.823 INFO  csp.AdminHomePage (AdminHomePage.java:47) - Ways To Save Link is Visible on the page.
18:43:04.823 INFO  driver.Page (    Page.java:518) - Preparing for element to click.
18:44:10.665 INFO  driver.DriverFactory (DriverFactory.java:122) - Clearing all the cookies.
