21:01:26.568 INFO  runner.TestRunner (TestRunner.java:32) - Initializing application properties config file.
21:01:26.586 INFO  runner.TestRunner (TestRunner.java:35) - Initializing connection to the base database.
21:01:26.587 INFO  runner.TestRunner (TestRunner.java:38) - Initializing resource path config file.
21:01:26.590 INFO  runner.TestRunner (TestRunner.java:41) - Initializing usage months config from CSP.
21:01:26.591 INFO  runner.TestRunner (TestRunner.java:44) - Initializing date config from CSP.
21:01:26.591 INFO  runner.TestRunner (TestRunner.java:47) - Initializing language config from CSP.
21:01:26.592 INFO  runner.TestRunner (TestRunner.java:50) - Initializing language config from CSP.
21:01:26.592 INFO  runner.TestRunner (TestRunner.java:53) - Initializing language config from CSP.
21:01:26.593 INFO  runner.TestRunner (TestRunner.java:56) - Initializing user model config.
21:01:26.593 INFO  runner.TestRunner (TestRunner.java:59) - Initializing auth token config.
21:01:26.594 INFO  runner.TestRunner (TestRunner.java:62) - Initializing Admin User config.
21:01:28.454 INFO  utils.ExcelUtils (ExcelUtils.java:36) - Test Runner excel row at: 1
21:01:28.468 INFO  utils.ExcelUtils (ExcelUtils.java:36) - Test Runner excel row at: 2
21:01:28.471 INFO  utils.ExcelUtils (ExcelUtils.java:36) - Test Runner excel row at: 3
21:01:28.471 INFO  utils.ExcelUtils (ExcelUtils.java:36) - Test Runner excel row at: 4
21:01:28.473 INFO  utils.ExcelUtils (ExcelUtils.java:36) - Test Runner excel row at: 5
21:01:28.474 INFO  utils.ExcelUtils (ExcelUtils.java:36) - Test Runner excel row at: 6
21:01:28.475 INFO  utils.ExcelUtils (ExcelUtils.java:36) - Test Runner excel row at: 7
21:01:28.476 INFO  utils.ExcelUtils (ExcelUtils.java:36) - Test Runner excel row at: 8
21:01:28.476 INFO  utils.ExcelUtils (ExcelUtils.java:36) - Test Runner excel row at: 9
21:01:28.478 INFO  utils.ExcelUtils (ExcelUtils.java:36) - Test Runner excel row at: 10
21:01:28.479 INFO  utils.ExcelUtils (ExcelUtils.java:36) - Test Runner excel row at: 11
21:01:28.480 INFO  utils.ExcelUtils (ExcelUtils.java:36) - Test Runner excel row at: 12
21:01:28.481 INFO  utils.ExcelUtils (ExcelUtils.java:36) - Test Runner excel row at: 13
21:01:28.482 INFO  utils.ExcelUtils (ExcelUtils.java:36) - Test Runner excel row at: 14
21:01:28.482 INFO  utils.ExcelUtils (ExcelUtils.java:36) - Test Runner excel row at: 15
21:01:28.483 INFO  utils.ExcelUtils (ExcelUtils.java:36) - Test Runner excel row at: 16
21:01:28.483 INFO  utils.ExcelUtils (ExcelUtils.java:36) - Test Runner excel row at: 17
21:01:28.484 INFO  utils.ExcelUtils (ExcelUtils.java:36) - Test Runner excel row at: 18
21:01:28.485 INFO  utils.ExcelUtils (ExcelUtils.java:36) - Test Runner excel row at: 19
21:01:28.485 INFO  utils.ExcelUtils (ExcelUtils.java:36) - Test Runner excel row at: 20
21:01:28.487 INFO  utils.ExcelUtils (ExcelUtils.java:36) - Test Runner excel row at: 21
21:01:28.487 INFO  utils.ExcelUtils (ExcelUtils.java:36) - Test Runner excel row at: 22
21:01:28.488 INFO  utils.ExcelUtils (ExcelUtils.java:36) - Test Runner excel row at: 23
21:01:28.489 INFO  utils.ExcelUtils (ExcelUtils.java:36) - Test Runner excel row at: 24
21:01:28.489 INFO  utils.ExcelUtils (ExcelUtils.java:36) - Test Runner excel row at: 25
21:01:28.490 INFO  utils.ExcelUtils (ExcelUtils.java:36) - Test Runner excel row at: 26
21:01:28.491 INFO  utils.ExcelUtils (ExcelUtils.java:36) - Test Runner excel row at: 27
21:01:28.491 INFO  utils.ExcelUtils (ExcelUtils.java:36) - Test Runner excel row at: 28
21:01:28.492 INFO  utils.ExcelUtils (ExcelUtils.java:36) - Test Runner excel row at: 29
21:01:28.493 INFO  utils.ExcelUtils (ExcelUtils.java:36) - Test Runner excel row at: 30
21:01:28.494 INFO  utils.ExcelUtils (ExcelUtils.java:36) - Test Runner excel row at: 31
21:01:28.494 INFO  utils.ExcelUtils (ExcelUtils.java:36) - Test Runner excel row at: 32
21:01:28.495 INFO  utils.ExcelUtils (ExcelUtils.java:36) - Test Runner excel row at: 33
21:01:28.496 INFO  utils.ExcelUtils (ExcelUtils.java:36) - Test Runner excel row at: 34
21:01:28.497 INFO  utils.ExcelUtils (ExcelUtils.java:36) - Test Runner excel row at: 35
21:01:28.497 INFO  utils.ExcelUtils (ExcelUtils.java:36) - Test Runner excel row at: 36
21:01:28.498 INFO  utils.ExcelUtils (ExcelUtils.java:36) - Test Runner excel row at: 37
21:01:28.498 INFO  utils.ExcelUtils (ExcelUtils.java:36) - Test Runner excel row at: 38
21:01:28.499 INFO  utils.ExcelUtils (ExcelUtils.java:36) - Test Runner excel row at: 39
21:01:28.500 INFO  utils.ExcelUtils (ExcelUtils.java:36) - Test Runner excel row at: 40
21:01:28.501 INFO  utils.ExcelUtils (ExcelUtils.java:36) - Test Runner excel row at: 41
21:01:28.501 INFO  utils.ExcelUtils (ExcelUtils.java:36) - Test Runner excel row at: 42
21:01:28.501 INFO  utils.ExcelUtils (ExcelUtils.java:36) - Test Runner excel row at: 43
21:01:28.503 INFO  utils.ExcelUtils (ExcelUtils.java:36) - Test Runner excel row at: 44
21:01:28.503 INFO  utils.ExcelUtils (ExcelUtils.java:36) - Test Runner excel row at: 45
21:01:28.504 INFO  utils.ExcelUtils (ExcelUtils.java:36) - Test Runner excel row at: 46
21:01:28.504 INFO  utils.ExcelUtils (ExcelUtils.java:36) - Test Runner excel row at: 47
21:01:28.505 INFO  utils.ExcelUtils (ExcelUtils.java:36) - Test Runner excel row at: 48
21:01:28.506 INFO  utils.ExcelUtils (ExcelUtils.java:36) - Test Runner excel row at: 49
21:01:28.507 INFO  utils.ExcelUtils (ExcelUtils.java:36) - Test Runner excel row at: 50
21:01:28.508 INFO  utils.ExcelUtils (ExcelUtils.java:36) - Test Runner excel row at: 51
21:01:28.508 INFO  utils.ExcelUtils (ExcelUtils.java:36) - Test Runner excel row at: 52
21:01:28.512 INFO  utils.ExcelUtils (ExcelUtils.java:36) - Test Runner excel row at: 53
21:01:28.516 INFO  utils.ExcelUtils (ExcelUtils.java:36) - Test Runner excel row at: 54
21:01:28.517 INFO  utils.ExcelUtils (ExcelUtils.java:36) - Test Runner excel row at: 55
21:01:28.517 INFO  utils.ExcelUtils (ExcelUtils.java:36) - Test Runner excel row at: 56
21:01:28.518 INFO  utils.ExcelUtils (ExcelUtils.java:36) - Test Runner excel row at: 57
21:01:28.518 INFO  utils.ExcelUtils (ExcelUtils.java:36) - Test Runner excel row at: 58
21:01:28.519 INFO  utils.ExcelUtils (ExcelUtils.java:36) - Test Runner excel row at: 59
21:01:28.520 INFO  utils.ExcelUtils (ExcelUtils.java:36) - Test Runner excel row at: 60
21:01:28.520 INFO  utils.ExcelUtils (ExcelUtils.java:36) - Test Runner excel row at: 61
21:01:28.521 INFO  utils.ExcelUtils (ExcelUtils.java:36) - Test Runner excel row at: 62
21:01:28.521 INFO  utils.ExcelUtils (ExcelUtils.java:36) - Test Runner excel row at: 63
21:01:28.522 INFO  utils.ExcelUtils (ExcelUtils.java:36) - Test Runner excel row at: 64
21:01:28.523 INFO  utils.ExcelUtils (ExcelUtils.java:36) - Test Runner excel row at: 65
21:01:28.524 INFO  utils.ExcelUtils (ExcelUtils.java:36) - Test Runner excel row at: 66
21:01:28.524 INFO  utils.ExcelUtils (ExcelUtils.java:36) - Test Runner excel row at: 67
21:01:28.525 INFO  utils.ExcelUtils (ExcelUtils.java:36) - Test Runner excel row at: 68
21:01:28.526 INFO  utils.ExcelUtils (ExcelUtils.java:36) - Test Runner excel row at: 69
21:01:28.526 INFO  utils.ExcelUtils (ExcelUtils.java:36) - Test Runner excel row at: 70
21:01:28.527 INFO  utils.ExcelUtils (ExcelUtils.java:36) - Test Runner excel row at: 71
21:01:28.528 INFO  utils.ExcelUtils (ExcelUtils.java:36) - Test Runner excel row at: 72
21:01:28.528 INFO  utils.ExcelUtils (ExcelUtils.java:36) - Test Runner excel row at: 73
21:01:28.529 INFO  utils.ExcelUtils (ExcelUtils.java:36) - Test Runner excel row at: 74
21:01:28.529 INFO  utils.ExcelUtils (ExcelUtils.java:36) - Test Runner excel row at: 75
21:01:28.530 INFO  utils.ExcelUtils (ExcelUtils.java:36) - Test Runner excel row at: 76
21:01:28.530 INFO  utils.ExcelUtils (ExcelUtils.java:36) - Test Runner excel row at: 77
21:01:28.532 INFO  utils.ExcelUtils (ExcelUtils.java:36) - Test Runner excel row at: 78
21:01:28.532 INFO  utils.ExcelUtils (ExcelUtils.java:36) - Test Runner excel row at: 79
21:01:28.532 INFO  utils.ExcelUtils (ExcelUtils.java:36) - Test Runner excel row at: 80
21:01:28.533 INFO  utils.ExcelUtils (ExcelUtils.java:36) - Test Runner excel row at: 81
21:01:28.534 INFO  utils.ExcelUtils (ExcelUtils.java:36) - Test Runner excel row at: 82
21:01:28.540 INFO  utils.ExcelUtils (ExcelUtils.java:36) - Test Runner excel row at: 83
21:01:28.541 INFO  utils.ExcelUtils (ExcelUtils.java:36) - Test Runner excel row at: 84
21:01:29.383 WARN  config.Configuration (Configuration.java:231) - QA env being used by default. No env property set. This can be set in the sew.app.yml config file with a '{}=' property or on the command line with the switch '-D{}='.
21:01:50.260 INFO  driver.WebDriverFactory (WebDriverFactory.java:192) - Setting up the browser window to its max.
21:01:50.416 INFO  driver.WebDriverFactory (WebDriverFactory.java:181) - Initializing the implicit wait timeout for {} 5
21:01:50.428 INFO  driver.WebDriverFactory (WebDriverFactory.java:184) - Initializing the page load timeout.
21:01:50.434 INFO  driver.DriverFactory (DriverFactory.java:125) - Clearing all the cookies.
21:01:50.446 INFO  driver.DriverFactory (DriverFactory.java:62) - Open the url {} https://u-wgl-r2.smartcmobile.net/Portal/ using the selenium get() method.
21:02:03.267 INFO  scp.LoginTests (LoginTests.java:52) - To verify the tests with the below test case id's: C77197
21:02:03.346 INFO  scp.LoginPage (LoginPage.java:518) - Checking that the current page is login page.
21:02:03.346 INFO  driver.Page (    Page.java:40) - Fetching the current URL.
21:02:03.357 INFO  driver.Page (    Page.java:41) - The Current URL is: https://u-wgl-r2.smartcmobile.net/Portal/
21:02:03.366 INFO  scp.LoginPage (LoginPage.java:521) - The current page is login page {}: false
21:02:04.380 INFO  driver.DriverFactory (DriverFactory.java:125) - Clearing all the cookies.
21:07:35.261 INFO  runner.TestRunner (TestRunner.java:32) - Initializing application properties config file.
21:07:35.267 INFO  runner.TestRunner (TestRunner.java:35) - Initializing connection to the base database.
21:07:35.268 INFO  runner.TestRunner (TestRunner.java:38) - Initializing resource path config file.
21:07:35.270 INFO  runner.TestRunner (TestRunner.java:41) - Initializing usage months config from CSP.
21:07:35.270 INFO  runner.TestRunner (TestRunner.java:44) - Initializing date config from CSP.
21:07:35.270 INFO  runner.TestRunner (TestRunner.java:47) - Initializing language config from CSP.
21:07:35.271 INFO  runner.TestRunner (TestRunner.java:50) - Initializing language config from CSP.
21:07:35.271 INFO  runner.TestRunner (TestRunner.java:53) - Initializing language config from CSP.
21:07:35.271 INFO  runner.TestRunner (TestRunner.java:56) - Initializing user model config.
21:07:35.272 INFO  runner.TestRunner (TestRunner.java:59) - Initializing auth token config.
21:07:35.272 INFO  runner.TestRunner (TestRunner.java:62) - Initializing Admin User config.
21:07:36.534 INFO  utils.ExcelUtils (ExcelUtils.java:36) - Test Runner excel row at: 1
21:07:36.544 INFO  utils.ExcelUtils (ExcelUtils.java:36) - Test Runner excel row at: 2
21:07:36.545 INFO  utils.ExcelUtils (ExcelUtils.java:36) - Test Runner excel row at: 3
21:07:36.547 INFO  utils.ExcelUtils (ExcelUtils.java:36) - Test Runner excel row at: 4
21:07:36.548 INFO  utils.ExcelUtils (ExcelUtils.java:36) - Test Runner excel row at: 5
21:07:36.549 INFO  utils.ExcelUtils (ExcelUtils.java:36) - Test Runner excel row at: 6
21:07:36.550 INFO  utils.ExcelUtils (ExcelUtils.java:36) - Test Runner excel row at: 7
21:07:36.551 INFO  utils.ExcelUtils (ExcelUtils.java:36) - Test Runner excel row at: 8
21:07:36.551 INFO  utils.ExcelUtils (ExcelUtils.java:36) - Test Runner excel row at: 9
21:07:36.552 INFO  utils.ExcelUtils (ExcelUtils.java:36) - Test Runner excel row at: 10
21:07:36.554 INFO  utils.ExcelUtils (ExcelUtils.java:36) - Test Runner excel row at: 11
21:07:36.554 INFO  utils.ExcelUtils (ExcelUtils.java:36) - Test Runner excel row at: 12
21:07:36.555 INFO  utils.ExcelUtils (ExcelUtils.java:36) - Test Runner excel row at: 13
21:07:36.556 INFO  utils.ExcelUtils (ExcelUtils.java:36) - Test Runner excel row at: 14
21:07:36.557 INFO  utils.ExcelUtils (ExcelUtils.java:36) - Test Runner excel row at: 15
21:07:36.557 INFO  utils.ExcelUtils (ExcelUtils.java:36) - Test Runner excel row at: 16
21:07:36.558 INFO  utils.ExcelUtils (ExcelUtils.java:36) - Test Runner excel row at: 17
21:07:36.559 INFO  utils.ExcelUtils (ExcelUtils.java:36) - Test Runner excel row at: 18
21:07:36.560 INFO  utils.ExcelUtils (ExcelUtils.java:36) - Test Runner excel row at: 19
21:07:36.561 INFO  utils.ExcelUtils (ExcelUtils.java:36) - Test Runner excel row at: 20
21:07:36.561 INFO  utils.ExcelUtils (ExcelUtils.java:36) - Test Runner excel row at: 21
21:07:36.562 INFO  utils.ExcelUtils (ExcelUtils.java:36) - Test Runner excel row at: 22
21:07:36.563 INFO  utils.ExcelUtils (ExcelUtils.java:36) - Test Runner excel row at: 23
21:07:36.566 INFO  utils.ExcelUtils (ExcelUtils.java:36) - Test Runner excel row at: 24
21:07:36.567 INFO  utils.ExcelUtils (ExcelUtils.java:36) - Test Runner excel row at: 25
21:07:36.567 INFO  utils.ExcelUtils (ExcelUtils.java:36) - Test Runner excel row at: 26
21:07:36.568 INFO  utils.ExcelUtils (ExcelUtils.java:36) - Test Runner excel row at: 27
21:07:36.569 INFO  utils.ExcelUtils (ExcelUtils.java:36) - Test Runner excel row at: 28
21:07:36.570 INFO  utils.ExcelUtils (ExcelUtils.java:36) - Test Runner excel row at: 29
21:07:36.571 INFO  utils.ExcelUtils (ExcelUtils.java:36) - Test Runner excel row at: 30
21:07:36.572 INFO  utils.ExcelUtils (ExcelUtils.java:36) - Test Runner excel row at: 31
21:07:36.572 INFO  utils.ExcelUtils (ExcelUtils.java:36) - Test Runner excel row at: 32
21:07:36.573 INFO  utils.ExcelUtils (ExcelUtils.java:36) - Test Runner excel row at: 33
21:07:36.574 INFO  utils.ExcelUtils (ExcelUtils.java:36) - Test Runner excel row at: 34
21:07:36.575 INFO  utils.ExcelUtils (ExcelUtils.java:36) - Test Runner excel row at: 35
21:07:36.575 INFO  utils.ExcelUtils (ExcelUtils.java:36) - Test Runner excel row at: 36
21:07:36.576 INFO  utils.ExcelUtils (ExcelUtils.java:36) - Test Runner excel row at: 37
21:07:36.577 INFO  utils.ExcelUtils (ExcelUtils.java:36) - Test Runner excel row at: 38
21:07:36.578 INFO  utils.ExcelUtils (ExcelUtils.java:36) - Test Runner excel row at: 39
21:07:36.579 INFO  utils.ExcelUtils (ExcelUtils.java:36) - Test Runner excel row at: 40
21:07:36.579 INFO  utils.ExcelUtils (ExcelUtils.java:36) - Test Runner excel row at: 41
21:07:36.579 INFO  utils.ExcelUtils (ExcelUtils.java:36) - Test Runner excel row at: 42
21:07:36.579 INFO  utils.ExcelUtils (ExcelUtils.java:36) - Test Runner excel row at: 43
21:07:36.583 INFO  utils.ExcelUtils (ExcelUtils.java:36) - Test Runner excel row at: 44
21:07:36.584 INFO  utils.ExcelUtils (ExcelUtils.java:36) - Test Runner excel row at: 45
21:07:36.584 INFO  utils.ExcelUtils (ExcelUtils.java:36) - Test Runner excel row at: 46
21:07:36.585 INFO  utils.ExcelUtils (ExcelUtils.java:36) - Test Runner excel row at: 47
21:07:36.586 INFO  utils.ExcelUtils (ExcelUtils.java:36) - Test Runner excel row at: 48
21:07:36.587 INFO  utils.ExcelUtils (ExcelUtils.java:36) - Test Runner excel row at: 49
21:07:36.587 INFO  utils.ExcelUtils (ExcelUtils.java:36) - Test Runner excel row at: 50
21:07:36.588 INFO  utils.ExcelUtils (ExcelUtils.java:36) - Test Runner excel row at: 51
21:07:36.589 INFO  utils.ExcelUtils (ExcelUtils.java:36) - Test Runner excel row at: 52
21:07:36.590 INFO  utils.ExcelUtils (ExcelUtils.java:36) - Test Runner excel row at: 53
21:07:36.591 INFO  utils.ExcelUtils (ExcelUtils.java:36) - Test Runner excel row at: 54
21:07:36.591 INFO  utils.ExcelUtils (ExcelUtils.java:36) - Test Runner excel row at: 55
21:07:36.592 INFO  utils.ExcelUtils (ExcelUtils.java:36) - Test Runner excel row at: 56
21:07:36.592 INFO  utils.ExcelUtils (ExcelUtils.java:36) - Test Runner excel row at: 57
21:07:36.593 INFO  utils.ExcelUtils (ExcelUtils.java:36) - Test Runner excel row at: 58
21:07:36.593 INFO  utils.ExcelUtils (ExcelUtils.java:36) - Test Runner excel row at: 59
21:07:36.593 INFO  utils.ExcelUtils (ExcelUtils.java:36) - Test Runner excel row at: 60
21:07:36.594 INFO  utils.ExcelUtils (ExcelUtils.java:36) - Test Runner excel row at: 61
21:07:36.594 INFO  utils.ExcelUtils (ExcelUtils.java:36) - Test Runner excel row at: 62
21:07:36.595 INFO  utils.ExcelUtils (ExcelUtils.java:36) - Test Runner excel row at: 63
21:07:36.595 INFO  utils.ExcelUtils (ExcelUtils.java:36) - Test Runner excel row at: 64
21:07:36.596 INFO  utils.ExcelUtils (ExcelUtils.java:36) - Test Runner excel row at: 65
21:07:36.596 INFO  utils.ExcelUtils (ExcelUtils.java:36) - Test Runner excel row at: 66
21:07:36.597 INFO  utils.ExcelUtils (ExcelUtils.java:36) - Test Runner excel row at: 67
21:07:36.597 INFO  utils.ExcelUtils (ExcelUtils.java:36) - Test Runner excel row at: 68
21:07:36.600 INFO  utils.ExcelUtils (ExcelUtils.java:36) - Test Runner excel row at: 69
21:07:36.600 INFO  utils.ExcelUtils (ExcelUtils.java:36) - Test Runner excel row at: 70
21:07:36.601 INFO  utils.ExcelUtils (ExcelUtils.java:36) - Test Runner excel row at: 71
21:07:36.603 INFO  utils.ExcelUtils (ExcelUtils.java:36) - Test Runner excel row at: 72
21:07:36.603 INFO  utils.ExcelUtils (ExcelUtils.java:36) - Test Runner excel row at: 73
21:07:36.603 INFO  utils.ExcelUtils (ExcelUtils.java:36) - Test Runner excel row at: 74
21:07:36.604 INFO  utils.ExcelUtils (ExcelUtils.java:36) - Test Runner excel row at: 75
21:07:36.604 INFO  utils.ExcelUtils (ExcelUtils.java:36) - Test Runner excel row at: 76
21:07:36.605 INFO  utils.ExcelUtils (ExcelUtils.java:36) - Test Runner excel row at: 77
21:07:36.605 INFO  utils.ExcelUtils (ExcelUtils.java:36) - Test Runner excel row at: 78
21:07:36.606 INFO  utils.ExcelUtils (ExcelUtils.java:36) - Test Runner excel row at: 79
21:07:36.606 INFO  utils.ExcelUtils (ExcelUtils.java:36) - Test Runner excel row at: 80
21:07:36.607 INFO  utils.ExcelUtils (ExcelUtils.java:36) - Test Runner excel row at: 81
21:07:36.607 INFO  utils.ExcelUtils (ExcelUtils.java:36) - Test Runner excel row at: 82
21:07:36.607 INFO  utils.ExcelUtils (ExcelUtils.java:36) - Test Runner excel row at: 83
21:07:36.607 INFO  utils.ExcelUtils (ExcelUtils.java:36) - Test Runner excel row at: 84
21:07:37.056 WARN  config.Configuration (Configuration.java:231) - QA env being used by default. No env property set. This can be set in the sew.app.yml config file with a '{}=' property or on the command line with the switch '-D{}='.
21:07:48.439 INFO  driver.WebDriverFactory (WebDriverFactory.java:192) - Setting up the browser window to its max.
21:07:48.614 INFO  driver.WebDriverFactory (WebDriverFactory.java:181) - Initializing the implicit wait timeout for {} 5
21:07:48.624 INFO  driver.WebDriverFactory (WebDriverFactory.java:184) - Initializing the page load timeout.
21:07:48.637 INFO  driver.DriverFactory (DriverFactory.java:125) - Clearing all the cookies.
21:07:48.652 INFO  driver.DriverFactory (DriverFactory.java:62) - Open the url {} https://u-wgl-r2.smartcmobile.net/Portal/ using the selenium get() method.
21:08:01.812 INFO  scp.LoginTests (LoginTests.java:52) - To verify the tests with the below test case id's: C77197
21:08:02.690 INFO  driver.DriverFactory (DriverFactory.java:125) - Clearing all the cookies.
21:09:52.600 INFO  runner.TestRunner (TestRunner.java:32) - Initializing application properties config file.
21:09:52.605 INFO  runner.TestRunner (TestRunner.java:35) - Initializing connection to the base database.
21:09:52.606 INFO  runner.TestRunner (TestRunner.java:38) - Initializing resource path config file.
21:09:52.608 INFO  runner.TestRunner (TestRunner.java:41) - Initializing usage months config from CSP.
21:09:52.608 INFO  runner.TestRunner (TestRunner.java:44) - Initializing date config from CSP.
21:09:52.608 INFO  runner.TestRunner (TestRunner.java:47) - Initializing language config from CSP.
21:09:52.609 INFO  runner.TestRunner (TestRunner.java:50) - Initializing language config from CSP.
21:09:52.610 INFO  runner.TestRunner (TestRunner.java:53) - Initializing language config from CSP.
21:09:52.610 INFO  runner.TestRunner (TestRunner.java:56) - Initializing user model config.
21:09:52.611 INFO  runner.TestRunner (TestRunner.java:59) - Initializing auth token config.
21:09:52.611 INFO  runner.TestRunner (TestRunner.java:62) - Initializing Admin User config.
21:09:53.736 INFO  utils.ExcelUtils (ExcelUtils.java:36) - Test Runner excel row at: 1
21:09:53.750 INFO  utils.ExcelUtils (ExcelUtils.java:36) - Test Runner excel row at: 2
21:09:53.753 INFO  utils.ExcelUtils (ExcelUtils.java:36) - Test Runner excel row at: 3
21:09:53.754 INFO  utils.ExcelUtils (ExcelUtils.java:36) - Test Runner excel row at: 4
21:09:53.756 INFO  utils.ExcelUtils (ExcelUtils.java:36) - Test Runner excel row at: 5
21:09:53.757 INFO  utils.ExcelUtils (ExcelUtils.java:36) - Test Runner excel row at: 6
21:09:53.758 INFO  utils.ExcelUtils (ExcelUtils.java:36) - Test Runner excel row at: 7
21:09:53.760 INFO  utils.ExcelUtils (ExcelUtils.java:36) - Test Runner excel row at: 8
21:09:53.761 INFO  utils.ExcelUtils (ExcelUtils.java:36) - Test Runner excel row at: 9
21:09:53.763 INFO  utils.ExcelUtils (ExcelUtils.java:36) - Test Runner excel row at: 10
21:09:53.764 INFO  utils.ExcelUtils (ExcelUtils.java:36) - Test Runner excel row at: 11
21:09:53.766 INFO  utils.ExcelUtils (ExcelUtils.java:36) - Test Runner excel row at: 12
21:09:53.767 INFO  utils.ExcelUtils (ExcelUtils.java:36) - Test Runner excel row at: 13
21:09:53.768 INFO  utils.ExcelUtils (ExcelUtils.java:36) - Test Runner excel row at: 14
21:09:53.769 INFO  utils.ExcelUtils (ExcelUtils.java:36) - Test Runner excel row at: 15
21:09:53.770 INFO  utils.ExcelUtils (ExcelUtils.java:36) - Test Runner excel row at: 16
21:09:53.771 INFO  utils.ExcelUtils (ExcelUtils.java:36) - Test Runner excel row at: 17
21:09:53.772 INFO  utils.ExcelUtils (ExcelUtils.java:36) - Test Runner excel row at: 18
21:09:53.772 INFO  utils.ExcelUtils (ExcelUtils.java:36) - Test Runner excel row at: 19
21:09:53.773 INFO  utils.ExcelUtils (ExcelUtils.java:36) - Test Runner excel row at: 20
21:09:53.773 INFO  utils.ExcelUtils (ExcelUtils.java:36) - Test Runner excel row at: 21
21:09:53.774 INFO  utils.ExcelUtils (ExcelUtils.java:36) - Test Runner excel row at: 22
21:09:53.775 INFO  utils.ExcelUtils (ExcelUtils.java:36) - Test Runner excel row at: 23
21:09:53.776 INFO  utils.ExcelUtils (ExcelUtils.java:36) - Test Runner excel row at: 24
21:09:53.784 INFO  utils.ExcelUtils (ExcelUtils.java:36) - Test Runner excel row at: 25
21:09:53.787 INFO  utils.ExcelUtils (ExcelUtils.java:36) - Test Runner excel row at: 26
21:09:53.788 INFO  utils.ExcelUtils (ExcelUtils.java:36) - Test Runner excel row at: 27
21:09:53.789 INFO  utils.ExcelUtils (ExcelUtils.java:36) - Test Runner excel row at: 28
21:09:53.789 INFO  utils.ExcelUtils (ExcelUtils.java:36) - Test Runner excel row at: 29
21:09:53.791 INFO  utils.ExcelUtils (ExcelUtils.java:36) - Test Runner excel row at: 30
21:09:53.792 INFO  utils.ExcelUtils (ExcelUtils.java:36) - Test Runner excel row at: 31
21:09:53.798 INFO  utils.ExcelUtils (ExcelUtils.java:36) - Test Runner excel row at: 32
21:09:53.799 INFO  utils.ExcelUtils (ExcelUtils.java:36) - Test Runner excel row at: 33
21:09:53.800 INFO  utils.ExcelUtils (ExcelUtils.java:36) - Test Runner excel row at: 34
21:09:53.801 INFO  utils.ExcelUtils (ExcelUtils.java:36) - Test Runner excel row at: 35
21:09:53.801 INFO  utils.ExcelUtils (ExcelUtils.java:36) - Test Runner excel row at: 36
21:09:53.802 INFO  utils.ExcelUtils (ExcelUtils.java:36) - Test Runner excel row at: 37
21:09:53.802 INFO  utils.ExcelUtils (ExcelUtils.java:36) - Test Runner excel row at: 38
21:09:53.804 INFO  utils.ExcelUtils (ExcelUtils.java:36) - Test Runner excel row at: 39
21:09:53.805 INFO  utils.ExcelUtils (ExcelUtils.java:36) - Test Runner excel row at: 40
21:09:53.805 INFO  utils.ExcelUtils (ExcelUtils.java:36) - Test Runner excel row at: 41
21:09:53.806 INFO  utils.ExcelUtils (ExcelUtils.java:36) - Test Runner excel row at: 42
21:09:53.806 INFO  utils.ExcelUtils (ExcelUtils.java:36) - Test Runner excel row at: 43
21:09:53.807 INFO  utils.ExcelUtils (ExcelUtils.java:36) - Test Runner excel row at: 44
21:09:53.807 INFO  utils.ExcelUtils (ExcelUtils.java:36) - Test Runner excel row at: 45
21:09:53.809 INFO  utils.ExcelUtils (ExcelUtils.java:36) - Test Runner excel row at: 46
21:09:53.810 INFO  utils.ExcelUtils (ExcelUtils.java:36) - Test Runner excel row at: 47
21:09:53.810 INFO  utils.ExcelUtils (ExcelUtils.java:36) - Test Runner excel row at: 48
21:09:53.811 INFO  utils.ExcelUtils (ExcelUtils.java:36) - Test Runner excel row at: 49
21:09:53.812 INFO  utils.ExcelUtils (ExcelUtils.java:36) - Test Runner excel row at: 50
21:09:53.813 INFO  utils.ExcelUtils (ExcelUtils.java:36) - Test Runner excel row at: 51
21:09:53.814 INFO  utils.ExcelUtils (ExcelUtils.java:36) - Test Runner excel row at: 52
21:09:53.815 INFO  utils.ExcelUtils (ExcelUtils.java:36) - Test Runner excel row at: 53
21:09:53.816 INFO  utils.ExcelUtils (ExcelUtils.java:36) - Test Runner excel row at: 54
21:09:53.818 INFO  utils.ExcelUtils (ExcelUtils.java:36) - Test Runner excel row at: 55
21:09:53.819 INFO  utils.ExcelUtils (ExcelUtils.java:36) - Test Runner excel row at: 56
21:09:53.820 INFO  utils.ExcelUtils (ExcelUtils.java:36) - Test Runner excel row at: 57
21:09:53.820 INFO  utils.ExcelUtils (ExcelUtils.java:36) - Test Runner excel row at: 58
21:09:53.823 INFO  utils.ExcelUtils (ExcelUtils.java:36) - Test Runner excel row at: 59
21:09:53.823 INFO  utils.ExcelUtils (ExcelUtils.java:36) - Test Runner excel row at: 60
21:09:53.824 INFO  utils.ExcelUtils (ExcelUtils.java:36) - Test Runner excel row at: 61
21:09:53.825 INFO  utils.ExcelUtils (ExcelUtils.java:36) - Test Runner excel row at: 62
21:09:53.825 INFO  utils.ExcelUtils (ExcelUtils.java:36) - Test Runner excel row at: 63
21:09:53.826 INFO  utils.ExcelUtils (ExcelUtils.java:36) - Test Runner excel row at: 64
21:09:53.827 INFO  utils.ExcelUtils (ExcelUtils.java:36) - Test Runner excel row at: 65
21:09:53.831 INFO  utils.ExcelUtils (ExcelUtils.java:36) - Test Runner excel row at: 66
21:09:53.834 INFO  utils.ExcelUtils (ExcelUtils.java:36) - Test Runner excel row at: 67
21:09:53.836 INFO  utils.ExcelUtils (ExcelUtils.java:36) - Test Runner excel row at: 68
21:09:53.836 INFO  utils.ExcelUtils (ExcelUtils.java:36) - Test Runner excel row at: 69
21:09:53.837 INFO  utils.ExcelUtils (ExcelUtils.java:36) - Test Runner excel row at: 70
21:09:53.838 INFO  utils.ExcelUtils (ExcelUtils.java:36) - Test Runner excel row at: 71
21:09:53.838 INFO  utils.ExcelUtils (ExcelUtils.java:36) - Test Runner excel row at: 72
21:09:53.839 INFO  utils.ExcelUtils (ExcelUtils.java:36) - Test Runner excel row at: 73
21:09:53.841 INFO  utils.ExcelUtils (ExcelUtils.java:36) - Test Runner excel row at: 74
21:09:53.841 INFO  utils.ExcelUtils (ExcelUtils.java:36) - Test Runner excel row at: 75
21:09:53.842 INFO  utils.ExcelUtils (ExcelUtils.java:36) - Test Runner excel row at: 76
21:09:53.842 INFO  utils.ExcelUtils (ExcelUtils.java:36) - Test Runner excel row at: 77
21:09:53.848 INFO  utils.ExcelUtils (ExcelUtils.java:36) - Test Runner excel row at: 78
21:09:53.849 INFO  utils.ExcelUtils (ExcelUtils.java:36) - Test Runner excel row at: 79
21:09:53.850 INFO  utils.ExcelUtils (ExcelUtils.java:36) - Test Runner excel row at: 80
21:09:53.850 INFO  utils.ExcelUtils (ExcelUtils.java:36) - Test Runner excel row at: 81
21:09:53.851 INFO  utils.ExcelUtils (ExcelUtils.java:36) - Test Runner excel row at: 82
21:09:53.851 INFO  utils.ExcelUtils (ExcelUtils.java:36) - Test Runner excel row at: 83
21:09:53.852 INFO  utils.ExcelUtils (ExcelUtils.java:36) - Test Runner excel row at: 84
21:09:54.496 WARN  config.Configuration (Configuration.java:231) - QA env being used by default. No env property set. This can be set in the sew.app.yml config file with a '{}=' property or on the command line with the switch '-D{}='.
21:10:00.952 INFO  driver.WebDriverFactory (WebDriverFactory.java:192) - Setting up the browser window to its max.
21:10:01.105 INFO  driver.WebDriverFactory (WebDriverFactory.java:181) - Initializing the implicit wait timeout for {} 5
21:10:01.122 INFO  driver.WebDriverFactory (WebDriverFactory.java:184) - Initializing the page load timeout.
21:10:01.132 INFO  driver.DriverFactory (DriverFactory.java:125) - Clearing all the cookies.
21:10:01.148 INFO  driver.DriverFactory (DriverFactory.java:62) - Open the url {} https://u-wgl-r2.smartcmobile.net/Portal/ using the selenium get() method.
21:10:12.407 INFO  scp.LoginTests (LoginTests.java:52) - To verify the tests with the below test case id's: C77197
21:14:35.898 INFO  runner.TestRunner (TestRunner.java:32) - Initializing application properties config file.
21:14:35.905 INFO  runner.TestRunner (TestRunner.java:35) - Initializing connection to the base database.
21:14:35.905 INFO  runner.TestRunner (TestRunner.java:38) - Initializing resource path config file.
21:14:35.907 INFO  runner.TestRunner (TestRunner.java:41) - Initializing usage months config from CSP.
21:14:35.907 INFO  runner.TestRunner (TestRunner.java:44) - Initializing date config from CSP.
21:14:35.907 INFO  runner.TestRunner (TestRunner.java:47) - Initializing language config from CSP.
21:14:35.908 INFO  runner.TestRunner (TestRunner.java:50) - Initializing language config from CSP.
21:14:35.908 INFO  runner.TestRunner (TestRunner.java:53) - Initializing language config from CSP.
21:14:35.908 INFO  runner.TestRunner (TestRunner.java:56) - Initializing user model config.
21:14:35.908 INFO  runner.TestRunner (TestRunner.java:59) - Initializing auth token config.
21:14:35.908 INFO  runner.TestRunner (TestRunner.java:62) - Initializing Admin User config.
21:14:37.237 INFO  utils.ExcelUtils (ExcelUtils.java:36) - Test Runner excel row at: 1
21:14:37.253 INFO  utils.ExcelUtils (ExcelUtils.java:36) - Test Runner excel row at: 2
21:14:37.255 INFO  utils.ExcelUtils (ExcelUtils.java:36) - Test Runner excel row at: 3
21:14:37.256 INFO  utils.ExcelUtils (ExcelUtils.java:36) - Test Runner excel row at: 4
21:14:37.258 INFO  utils.ExcelUtils (ExcelUtils.java:36) - Test Runner excel row at: 5
21:14:37.258 INFO  utils.ExcelUtils (ExcelUtils.java:36) - Test Runner excel row at: 6
21:14:37.259 INFO  utils.ExcelUtils (ExcelUtils.java:36) - Test Runner excel row at: 7
21:14:37.260 INFO  utils.ExcelUtils (ExcelUtils.java:36) - Test Runner excel row at: 8
21:14:37.261 INFO  utils.ExcelUtils (ExcelUtils.java:36) - Test Runner excel row at: 9
21:14:37.262 INFO  utils.ExcelUtils (ExcelUtils.java:36) - Test Runner excel row at: 10
21:14:37.263 INFO  utils.ExcelUtils (ExcelUtils.java:36) - Test Runner excel row at: 11
21:14:37.268 INFO  utils.ExcelUtils (ExcelUtils.java:36) - Test Runner excel row at: 12
21:14:37.269 INFO  utils.ExcelUtils (ExcelUtils.java:36) - Test Runner excel row at: 13
21:14:37.270 INFO  utils.ExcelUtils (ExcelUtils.java:36) - Test Runner excel row at: 14
21:14:37.271 INFO  utils.ExcelUtils (ExcelUtils.java:36) - Test Runner excel row at: 15
21:14:37.272 INFO  utils.ExcelUtils (ExcelUtils.java:36) - Test Runner excel row at: 16
21:14:37.272 INFO  utils.ExcelUtils (ExcelUtils.java:36) - Test Runner excel row at: 17
21:14:37.273 INFO  utils.ExcelUtils (ExcelUtils.java:36) - Test Runner excel row at: 18
21:14:37.274 INFO  utils.ExcelUtils (ExcelUtils.java:36) - Test Runner excel row at: 19
21:14:37.274 INFO  utils.ExcelUtils (ExcelUtils.java:36) - Test Runner excel row at: 20
21:14:37.277 INFO  utils.ExcelUtils (ExcelUtils.java:36) - Test Runner excel row at: 21
21:14:37.278 INFO  utils.ExcelUtils (ExcelUtils.java:36) - Test Runner excel row at: 22
21:14:37.278 INFO  utils.ExcelUtils (ExcelUtils.java:36) - Test Runner excel row at: 23
21:14:37.279 INFO  utils.ExcelUtils (ExcelUtils.java:36) - Test Runner excel row at: 24
21:14:37.279 INFO  utils.ExcelUtils (ExcelUtils.java:36) - Test Runner excel row at: 25
21:14:37.282 INFO  utils.ExcelUtils (ExcelUtils.java:36) - Test Runner excel row at: 26
21:14:37.284 INFO  utils.ExcelUtils (ExcelUtils.java:36) - Test Runner excel row at: 27
21:14:37.287 INFO  utils.ExcelUtils (ExcelUtils.java:36) - Test Runner excel row at: 28
21:14:37.289 INFO  utils.ExcelUtils (ExcelUtils.java:36) - Test Runner excel row at: 29
21:14:37.290 INFO  utils.ExcelUtils (ExcelUtils.java:36) - Test Runner excel row at: 30
21:14:37.290 INFO  utils.ExcelUtils (ExcelUtils.java:36) - Test Runner excel row at: 31
21:14:37.291 INFO  utils.ExcelUtils (ExcelUtils.java:36) - Test Runner excel row at: 32
21:14:37.292 INFO  utils.ExcelUtils (ExcelUtils.java:36) - Test Runner excel row at: 33
21:14:37.292 INFO  utils.ExcelUtils (ExcelUtils.java:36) - Test Runner excel row at: 34
21:14:37.293 INFO  utils.ExcelUtils (ExcelUtils.java:36) - Test Runner excel row at: 35
21:14:37.293 INFO  utils.ExcelUtils (ExcelUtils.java:36) - Test Runner excel row at: 36
21:14:37.294 INFO  utils.ExcelUtils (ExcelUtils.java:36) - Test Runner excel row at: 37
21:14:37.295 INFO  utils.ExcelUtils (ExcelUtils.java:36) - Test Runner excel row at: 38
21:14:37.296 INFO  utils.ExcelUtils (ExcelUtils.java:36) - Test Runner excel row at: 39
21:14:37.296 INFO  utils.ExcelUtils (ExcelUtils.java:36) - Test Runner excel row at: 40
21:14:37.297 INFO  utils.ExcelUtils (ExcelUtils.java:36) - Test Runner excel row at: 41
21:14:37.299 INFO  utils.ExcelUtils (ExcelUtils.java:36) - Test Runner excel row at: 42
21:14:37.300 INFO  utils.ExcelUtils (ExcelUtils.java:36) - Test Runner excel row at: 43
21:14:37.303 INFO  utils.ExcelUtils (ExcelUtils.java:36) - Test Runner excel row at: 44
21:14:37.304 INFO  utils.ExcelUtils (ExcelUtils.java:36) - Test Runner excel row at: 45
21:14:37.305 INFO  utils.ExcelUtils (ExcelUtils.java:36) - Test Runner excel row at: 46
21:14:37.305 INFO  utils.ExcelUtils (ExcelUtils.java:36) - Test Runner excel row at: 47
21:14:37.306 INFO  utils.ExcelUtils (ExcelUtils.java:36) - Test Runner excel row at: 48
21:14:37.307 INFO  utils.ExcelUtils (ExcelUtils.java:36) - Test Runner excel row at: 49
21:14:37.308 INFO  utils.ExcelUtils (ExcelUtils.java:36) - Test Runner excel row at: 50
21:14:37.309 INFO  utils.ExcelUtils (ExcelUtils.java:36) - Test Runner excel row at: 51
21:14:37.323 INFO  utils.ExcelUtils (ExcelUtils.java:36) - Test Runner excel row at: 52
21:14:37.324 INFO  utils.ExcelUtils (ExcelUtils.java:36) - Test Runner excel row at: 53
21:14:37.325 INFO  utils.ExcelUtils (ExcelUtils.java:36) - Test Runner excel row at: 54
21:14:37.326 INFO  utils.ExcelUtils (ExcelUtils.java:36) - Test Runner excel row at: 55
21:14:37.326 INFO  utils.ExcelUtils (ExcelUtils.java:36) - Test Runner excel row at: 56
21:14:37.327 INFO  utils.ExcelUtils (ExcelUtils.java:36) - Test Runner excel row at: 57
21:14:37.332 INFO  utils.ExcelUtils (ExcelUtils.java:36) - Test Runner excel row at: 58
21:14:37.337 INFO  utils.ExcelUtils (ExcelUtils.java:36) - Test Runner excel row at: 59
21:14:37.337 INFO  utils.ExcelUtils (ExcelUtils.java:36) - Test Runner excel row at: 60
21:14:37.339 INFO  utils.ExcelUtils (ExcelUtils.java:36) - Test Runner excel row at: 61
21:14:37.339 INFO  utils.ExcelUtils (ExcelUtils.java:36) - Test Runner excel row at: 62
21:14:37.340 INFO  utils.ExcelUtils (ExcelUtils.java:36) - Test Runner excel row at: 63
21:14:37.341 INFO  utils.ExcelUtils (ExcelUtils.java:36) - Test Runner excel row at: 64
21:14:37.341 INFO  utils.ExcelUtils (ExcelUtils.java:36) - Test Runner excel row at: 65
21:14:37.342 INFO  utils.ExcelUtils (ExcelUtils.java:36) - Test Runner excel row at: 66
21:14:37.343 INFO  utils.ExcelUtils (ExcelUtils.java:36) - Test Runner excel row at: 67
21:14:37.344 INFO  utils.ExcelUtils (ExcelUtils.java:36) - Test Runner excel row at: 68
21:14:37.344 INFO  utils.ExcelUtils (ExcelUtils.java:36) - Test Runner excel row at: 69
21:14:37.345 INFO  utils.ExcelUtils (ExcelUtils.java:36) - Test Runner excel row at: 70
21:14:37.346 INFO  utils.ExcelUtils (ExcelUtils.java:36) - Test Runner excel row at: 71
21:14:37.346 INFO  utils.ExcelUtils (ExcelUtils.java:36) - Test Runner excel row at: 72
21:14:37.348 INFO  utils.ExcelUtils (ExcelUtils.java:36) - Test Runner excel row at: 73
21:14:37.349 INFO  utils.ExcelUtils (ExcelUtils.java:36) - Test Runner excel row at: 74
21:14:37.362 INFO  utils.ExcelUtils (ExcelUtils.java:36) - Test Runner excel row at: 75
21:14:37.363 INFO  utils.ExcelUtils (ExcelUtils.java:36) - Test Runner excel row at: 76
21:14:37.365 INFO  utils.ExcelUtils (ExcelUtils.java:36) - Test Runner excel row at: 77
21:14:37.367 INFO  utils.ExcelUtils (ExcelUtils.java:36) - Test Runner excel row at: 78
21:14:37.369 INFO  utils.ExcelUtils (ExcelUtils.java:36) - Test Runner excel row at: 79
21:14:37.370 INFO  utils.ExcelUtils (ExcelUtils.java:36) - Test Runner excel row at: 80
21:14:37.371 INFO  utils.ExcelUtils (ExcelUtils.java:36) - Test Runner excel row at: 81
21:14:37.372 INFO  utils.ExcelUtils (ExcelUtils.java:36) - Test Runner excel row at: 82
21:14:37.372 INFO  utils.ExcelUtils (ExcelUtils.java:36) - Test Runner excel row at: 83
21:14:37.373 INFO  utils.ExcelUtils (ExcelUtils.java:36) - Test Runner excel row at: 84
21:14:37.870 WARN  config.Configuration (Configuration.java:231) - QA env being used by default. No env property set. This can be set in the sew.app.yml config file with a '{}=' property or on the command line with the switch '-D{}='.
21:14:43.804 INFO  driver.WebDriverFactory (WebDriverFactory.java:192) - Setting up the browser window to its max.
21:14:44.103 INFO  driver.WebDriverFactory (WebDriverFactory.java:181) - Initializing the implicit wait timeout for {} 5
21:14:44.115 INFO  driver.WebDriverFactory (WebDriverFactory.java:184) - Initializing the page load timeout.
21:14:44.124 INFO  driver.DriverFactory (DriverFactory.java:125) - Clearing all the cookies.
21:14:44.138 INFO  driver.DriverFactory (DriverFactory.java:62) - Open the url {} https://u-wgl-r2.smartcmobile.net/Portal/ using the selenium get() method.
21:14:55.914 INFO  scp.LoginTests (LoginTests.java:52) - To verify the tests with the below test case id's: C77197
21:14:56.008 INFO  scp.LoginPage (LoginPage.java:518) - Checking that the current page is login page.
21:14:56.009 INFO  driver.Page (    Page.java:40) - Fetching the current URL.
21:14:56.020 INFO  driver.Page (    Page.java:41) - The Current URL is: https://u-wgl-r2.smartcmobile.net/Portal/
21:14:56.030 INFO  driver.Page (    Page.java:46) - Fetching the current title.
21:14:56.039 INFO  driver.Page (    Page.java:47) - The Current Title is: WGL: Login
21:14:56.048 INFO  scp.LoginPage (LoginPage.java:521) - The current page is login page {}: true
21:14:56.793 INFO  driver.DriverFactory (DriverFactory.java:125) - Clearing all the cookies.
21:17:22.362 INFO  runner.TestRunner (TestRunner.java:32) - Initializing application properties config file.
21:17:22.378 INFO  runner.TestRunner (TestRunner.java:35) - Initializing connection to the base database.
21:17:22.382 INFO  runner.TestRunner (TestRunner.java:38) - Initializing resource path config file.
21:17:22.385 INFO  runner.TestRunner (TestRunner.java:41) - Initializing usage months config from CSP.
21:17:22.386 INFO  runner.TestRunner (TestRunner.java:44) - Initializing date config from CSP.
21:17:22.387 INFO  runner.TestRunner (TestRunner.java:47) - Initializing language config from CSP.
21:17:22.389 INFO  runner.TestRunner (TestRunner.java:50) - Initializing language config from CSP.
21:17:22.390 INFO  runner.TestRunner (TestRunner.java:53) - Initializing language config from CSP.
21:17:22.391 INFO  runner.TestRunner (TestRunner.java:56) - Initializing user model config.
21:17:22.394 INFO  runner.TestRunner (TestRunner.java:59) - Initializing auth token config.
21:17:22.395 INFO  runner.TestRunner (TestRunner.java:62) - Initializing Admin User config.
21:17:23.913 INFO  utils.ExcelUtils (ExcelUtils.java:36) - Test Runner excel row at: 1
21:17:23.928 INFO  utils.ExcelUtils (ExcelUtils.java:36) - Test Runner excel row at: 2
21:17:23.930 INFO  utils.ExcelUtils (ExcelUtils.java:36) - Test Runner excel row at: 3
21:17:23.932 INFO  utils.ExcelUtils (ExcelUtils.java:36) - Test Runner excel row at: 4
21:17:23.933 INFO  utils.ExcelUtils (ExcelUtils.java:36) - Test Runner excel row at: 5
21:17:23.934 INFO  utils.ExcelUtils (ExcelUtils.java:36) - Test Runner excel row at: 6
21:17:23.934 INFO  utils.ExcelUtils (ExcelUtils.java:36) - Test Runner excel row at: 7
21:17:23.936 INFO  utils.ExcelUtils (ExcelUtils.java:36) - Test Runner excel row at: 8
21:17:23.937 INFO  utils.ExcelUtils (ExcelUtils.java:36) - Test Runner excel row at: 9
21:17:23.938 INFO  utils.ExcelUtils (ExcelUtils.java:36) - Test Runner excel row at: 10
21:17:23.939 INFO  utils.ExcelUtils (ExcelUtils.java:36) - Test Runner excel row at: 11
21:17:23.940 INFO  utils.ExcelUtils (ExcelUtils.java:36) - Test Runner excel row at: 12
21:17:23.941 INFO  utils.ExcelUtils (ExcelUtils.java:36) - Test Runner excel row at: 13
21:17:23.942 INFO  utils.ExcelUtils (ExcelUtils.java:36) - Test Runner excel row at: 14
21:17:23.942 INFO  utils.ExcelUtils (ExcelUtils.java:36) - Test Runner excel row at: 15
21:17:23.942 INFO  utils.ExcelUtils (ExcelUtils.java:36) - Test Runner excel row at: 16
21:17:23.944 INFO  utils.ExcelUtils (ExcelUtils.java:36) - Test Runner excel row at: 17
21:17:23.945 INFO  utils.ExcelUtils (ExcelUtils.java:36) - Test Runner excel row at: 18
21:17:23.946 INFO  utils.ExcelUtils (ExcelUtils.java:36) - Test Runner excel row at: 19
21:17:23.947 INFO  utils.ExcelUtils (ExcelUtils.java:36) - Test Runner excel row at: 20
21:17:23.947 INFO  utils.ExcelUtils (ExcelUtils.java:36) - Test Runner excel row at: 21
21:17:23.948 INFO  utils.ExcelUtils (ExcelUtils.java:36) - Test Runner excel row at: 22
21:17:23.949 INFO  utils.ExcelUtils (ExcelUtils.java:36) - Test Runner excel row at: 23
21:17:23.950 INFO  utils.ExcelUtils (ExcelUtils.java:36) - Test Runner excel row at: 24
21:17:23.951 INFO  utils.ExcelUtils (ExcelUtils.java:36) - Test Runner excel row at: 25
21:17:23.952 INFO  utils.ExcelUtils (ExcelUtils.java:36) - Test Runner excel row at: 26
21:17:23.952 INFO  utils.ExcelUtils (ExcelUtils.java:36) - Test Runner excel row at: 27
21:17:23.953 INFO  utils.ExcelUtils (ExcelUtils.java:36) - Test Runner excel row at: 28
21:17:23.954 INFO  utils.ExcelUtils (ExcelUtils.java:36) - Test Runner excel row at: 29
21:17:23.957 INFO  utils.ExcelUtils (ExcelUtils.java:36) - Test Runner excel row at: 30
21:17:23.958 INFO  utils.ExcelUtils (ExcelUtils.java:36) - Test Runner excel row at: 31
21:17:23.960 INFO  utils.ExcelUtils (ExcelUtils.java:36) - Test Runner excel row at: 32
21:17:23.960 INFO  utils.ExcelUtils (ExcelUtils.java:36) - Test Runner excel row at: 33
21:17:23.961 INFO  utils.ExcelUtils (ExcelUtils.java:36) - Test Runner excel row at: 34
21:17:23.962 INFO  utils.ExcelUtils (ExcelUtils.java:36) - Test Runner excel row at: 35
21:17:23.962 INFO  utils.ExcelUtils (ExcelUtils.java:36) - Test Runner excel row at: 36
21:17:23.963 INFO  utils.ExcelUtils (ExcelUtils.java:36) - Test Runner excel row at: 37
21:17:23.966 INFO  utils.ExcelUtils (ExcelUtils.java:36) - Test Runner excel row at: 38
21:17:23.966 INFO  utils.ExcelUtils (ExcelUtils.java:36) - Test Runner excel row at: 39
21:17:23.967 INFO  utils.ExcelUtils (ExcelUtils.java:36) - Test Runner excel row at: 40
21:17:23.967 INFO  utils.ExcelUtils (ExcelUtils.java:36) - Test Runner excel row at: 41
21:17:23.968 INFO  utils.ExcelUtils (ExcelUtils.java:36) - Test Runner excel row at: 42
21:17:23.968 INFO  utils.ExcelUtils (ExcelUtils.java:36) - Test Runner excel row at: 43
21:17:23.969 INFO  utils.ExcelUtils (ExcelUtils.java:36) - Test Runner excel row at: 44
21:17:23.970 INFO  utils.ExcelUtils (ExcelUtils.java:36) - Test Runner excel row at: 45
21:17:23.972 INFO  utils.ExcelUtils (ExcelUtils.java:36) - Test Runner excel row at: 46
21:17:23.973 INFO  utils.ExcelUtils (ExcelUtils.java:36) - Test Runner excel row at: 47
21:17:23.974 INFO  utils.ExcelUtils (ExcelUtils.java:36) - Test Runner excel row at: 48
21:17:23.975 INFO  utils.ExcelUtils (ExcelUtils.java:36) - Test Runner excel row at: 49
21:17:23.976 INFO  utils.ExcelUtils (ExcelUtils.java:36) - Test Runner excel row at: 50
21:17:23.977 INFO  utils.ExcelUtils (ExcelUtils.java:36) - Test Runner excel row at: 51
21:17:23.978 INFO  utils.ExcelUtils (ExcelUtils.java:36) - Test Runner excel row at: 52
21:17:23.978 INFO  utils.ExcelUtils (ExcelUtils.java:36) - Test Runner excel row at: 53
21:17:23.979 INFO  utils.ExcelUtils (ExcelUtils.java:36) - Test Runner excel row at: 54
21:17:23.980 INFO  utils.ExcelUtils (ExcelUtils.java:36) - Test Runner excel row at: 55
21:17:23.981 INFO  utils.ExcelUtils (ExcelUtils.java:36) - Test Runner excel row at: 56
21:17:23.982 INFO  utils.ExcelUtils (ExcelUtils.java:36) - Test Runner excel row at: 57
21:17:23.982 INFO  utils.ExcelUtils (ExcelUtils.java:36) - Test Runner excel row at: 58
21:17:23.982 INFO  utils.ExcelUtils (ExcelUtils.java:36) - Test Runner excel row at: 59
21:17:23.983 INFO  utils.ExcelUtils (ExcelUtils.java:36) - Test Runner excel row at: 60
21:17:23.984 INFO  utils.ExcelUtils (ExcelUtils.java:36) - Test Runner excel row at: 61
21:17:23.985 INFO  utils.ExcelUtils (ExcelUtils.java:36) - Test Runner excel row at: 62
21:17:23.986 INFO  utils.ExcelUtils (ExcelUtils.java:36) - Test Runner excel row at: 63
21:17:23.987 INFO  utils.ExcelUtils (ExcelUtils.java:36) - Test Runner excel row at: 64
21:17:23.988 INFO  utils.ExcelUtils (ExcelUtils.java:36) - Test Runner excel row at: 65
21:17:23.989 INFO  utils.ExcelUtils (ExcelUtils.java:36) - Test Runner excel row at: 66
21:17:23.990 INFO  utils.ExcelUtils (ExcelUtils.java:36) - Test Runner excel row at: 67
21:17:23.991 INFO  utils.ExcelUtils (ExcelUtils.java:36) - Test Runner excel row at: 68
21:17:23.993 INFO  utils.ExcelUtils (ExcelUtils.java:36) - Test Runner excel row at: 69
21:17:23.994 INFO  utils.ExcelUtils (ExcelUtils.java:36) - Test Runner excel row at: 70
21:17:23.995 INFO  utils.ExcelUtils (ExcelUtils.java:36) - Test Runner excel row at: 71
21:17:23.997 INFO  utils.ExcelUtils (ExcelUtils.java:36) - Test Runner excel row at: 72
21:17:23.998 INFO  utils.ExcelUtils (ExcelUtils.java:36) - Test Runner excel row at: 73
21:17:23.999 INFO  utils.ExcelUtils (ExcelUtils.java:36) - Test Runner excel row at: 74
21:17:24.002 INFO  utils.ExcelUtils (ExcelUtils.java:36) - Test Runner excel row at: 75
21:17:24.002 INFO  utils.ExcelUtils (ExcelUtils.java:36) - Test Runner excel row at: 76
21:17:24.004 INFO  utils.ExcelUtils (ExcelUtils.java:36) - Test Runner excel row at: 77
21:17:24.006 INFO  utils.ExcelUtils (ExcelUtils.java:36) - Test Runner excel row at: 78
21:17:24.007 INFO  utils.ExcelUtils (ExcelUtils.java:36) - Test Runner excel row at: 79
21:17:24.008 INFO  utils.ExcelUtils (ExcelUtils.java:36) - Test Runner excel row at: 80
21:17:24.008 INFO  utils.ExcelUtils (ExcelUtils.java:36) - Test Runner excel row at: 81
21:17:24.009 INFO  utils.ExcelUtils (ExcelUtils.java:36) - Test Runner excel row at: 82
21:17:24.009 INFO  utils.ExcelUtils (ExcelUtils.java:36) - Test Runner excel row at: 83
21:17:24.010 INFO  utils.ExcelUtils (ExcelUtils.java:36) - Test Runner excel row at: 84
21:17:24.540 WARN  config.Configuration (Configuration.java:231) - QA env being used by default. No env property set. This can be set in the sew.app.yml config file with a '{}=' property or on the command line with the switch '-D{}='.
21:17:29.943 INFO  driver.WebDriverFactory (WebDriverFactory.java:192) - Setting up the browser window to its max.
21:17:30.092 INFO  driver.WebDriverFactory (WebDriverFactory.java:181) - Initializing the implicit wait timeout for {} 5
21:17:30.102 INFO  driver.WebDriverFactory (WebDriverFactory.java:184) - Initializing the page load timeout.
21:17:30.111 INFO  driver.DriverFactory (DriverFactory.java:125) - Clearing all the cookies.
21:17:30.126 INFO  driver.DriverFactory (DriverFactory.java:62) - Open the url {} https://u-wgl-r2.smartcmobile.net/Portal/ using the selenium get() method.
21:17:40.792 INFO  scp.LoginTests (LoginTests.java:52) - To verify the tests with the below test case id's: C77197
21:17:40.897 INFO  scp.LoginPage (LoginPage.java:518) - Checking that the current page is login page.
21:17:40.898 INFO  driver.Page (    Page.java:40) - Fetching the current URL.
21:17:40.913 INFO  driver.Page (    Page.java:41) - The Current URL is: https://u-wgl-r2.smartcmobile.net/Portal/
21:17:40.924 INFO  driver.Page (    Page.java:46) - Fetching the current title.
21:17:40.935 INFO  driver.Page (    Page.java:47) - The Current Title is: WGL: Login
21:17:40.943 INFO  scp.LoginPage (LoginPage.java:521) - The current page is login page {}: true
21:17:40.948 INFO  scp.LoginPage (LoginPage.java:106) - Populating username {} :zytcllc1212
21:17:40.972 INFO  driver.Page (    Page.java:121) - Wait for element {} [[ChromeDriver: chrome on WINDOWS (c5acb0778e7c37d44b0003832861927d)] -> css selector: [id='txtLogin']] to be present in the DOM for duration of {} 120
21:17:40.973 INFO  driver.Page (    Page.java:236) - Waiting for element to be visible for 120 seconds.
21:17:41.053 INFO  driver.Page (    Page.java:239) - Element is visible on the page.
21:17:41.074 INFO  driver.Page (    Page.java:123) - Clearing the element {} [[ChromeDriver: chrome on WINDOWS (c5acb0778e7c37d44b0003832861927d)] -> css selector: [id='txtLogin']] before sending the keys.
21:17:41.179 INFO  driver.Page (    Page.java:125) - Sending the following keys {} zytcllc1212 to the element {} [[ChromeDriver: chrome on WINDOWS (c5acb0778e7c37d44b0003832861927d)] -> css selector: [id='txtLogin']]
21:17:41.308 INFO  scp.LoginPage (LoginPage.java:108) - Username populated successfully.
21:17:41.308 INFO  scp.LoginPage (LoginPage.java:150) - Populating password {} :Test@1234
21:17:41.336 INFO  driver.Page (    Page.java:121) - Wait for element {} [[ChromeDriver: chrome on WINDOWS (c5acb0778e7c37d44b0003832861927d)] -> css selector: [id='txtpwd']] to be present in the DOM for duration of {} 120
21:17:41.336 INFO  driver.Page (    Page.java:236) - Waiting for element to be visible for 120 seconds.
21:17:41.389 INFO  driver.Page (    Page.java:239) - Element is visible on the page.
21:17:41.407 INFO  driver.Page (    Page.java:123) - Clearing the element {} [[ChromeDriver: chrome on WINDOWS (c5acb0778e7c37d44b0003832861927d)] -> css selector: [id='txtpwd']] before sending the keys.
21:17:41.500 INFO  driver.Page (    Page.java:125) - Sending the following keys {} Test@1234 to the element {} [[ChromeDriver: chrome on WINDOWS (c5acb0778e7c37d44b0003832861927d)] -> css selector: [id='txtpwd']]
21:17:41.603 INFO  scp.LoginPage (LoginPage.java:152) - Password populated successfully.
21:17:41.603 INFO  scp.LoginPage (LoginPage.java:186) - Clicking the sign in button.
21:17:41.604 INFO  driver.Page (    Page.java:59) - Preparing for element to click.
21:17:41.604 INFO  driver.Page (    Page.java:211) - Waiting for element to be clickable for 120 seconds.
21:17:41.693 INFO  driver.Page (    Page.java:214) - Element is clickable now.
21:17:41.793 INFO  driver.Page (    Page.java:62) - Element is clicked successfully.
21:17:41.794 INFO  scp.LoginPage (LoginPage.java:188) - Sign in button clicked successfully.
21:17:41.795 INFO  scp.HomePage (HomePage.java:120) - Wait for page loader visibility.
21:17:41.795 INFO  driver.Page (    Page.java:236) - Waiting for element to be visible for 120 seconds.
21:17:43.078 INFO  driver.Page (    Page.java:239) - Element is visible on the page.
21:17:43.079 INFO  scp.HomePage (HomePage.java:122) - Wait for page loader invisibility.
21:17:43.079 INFO  driver.Page (    Page.java:250) - Waiting for element to be invisible for 120 seconds.
21:17:54.424 INFO  driver.Page (    Page.java:253) - Element is invisible from the page.
21:17:54.494 INFO  driver.Page (    Page.java:153) - Wait for the element {} [[ChromeDriver: chrome on WINDOWS (c5acb0778e7c37d44b0003832861927d)] -> css selector: #HeaderMenu_lblCustName1] to be visible on the page for duration of {} 120
21:17:54.495 INFO  driver.Page (    Page.java:236) - Waiting for element to be visible for 120 seconds.
21:17:54.547 INFO  driver.Page (    Page.java:239) - Element is visible on the page.
21:17:54.647 INFO  driver.Page (    Page.java:156) - Text got from the locator {} [[ChromeDriver: chrome on WINDOWS (c5acb0778e7c37d44b0003832861927d)] -> css selector: #HeaderMenu_lblCustName1] is ZYTC LLC.
21:17:54.693 INFO  scp.LoginTests (LoginTests.java:79) - Test Case execution for - verifyValidLogin - is Completed.
21:17:55.610 INFO  driver.DriverFactory (DriverFactory.java:125) - Clearing all the cookies.
