17:13:01.487 INFO  driver.Page (    Page.java:164) - Text got from the locator {} [[ChromeDriver: chrome on WINDOWS (7023a033c76528da124d35df88e8fb4e)] -> xpath: //h3[text() = 'Username']] is USERNAME
17:13:01.509 INFO  scp.NotificationPreferencePage (MyProfilePage.java:82) - User Name Label  is : USERNAME
17:13:01.509 INFO  scp.NotificationPreferencePage (MyProfilePage.java:95) - Fetching the Edit User Name placeholder.
17:13:01.517 INFO  driver.Page (    Page.java:161) - Wait for the element {} [[ChromeDriver: chrome on WINDOWS (7023a033c76528da124d35df88e8fb4e)] -> css selector: div.lft_profile_sec #txtUserid] to be visible on the page for duration of {} 120
17:13:01.517 INFO  driver.Page (    Page.java:257) - Waiting for element to be visible for 120 seconds.
17:13:01.533 INFO  driver.Page (    Page.java:260) - Element is visible on the page.
17:13:01.549 INFO  driver.Page (    Page.java:164) - Text got from the locator {} [[ChromeDriver: chrome on WINDOWS (7023a033c76528da124d35df88e8fb4e)] -> css selector: div.lft_profile_sec #txtUserid] is patricupdate
17:13:01.562 INFO  scp.NotificationPreferencePage (MyProfilePage.java:97) -  Edit User Name placeholder {}: patricupdate
17:13:01.562 INFO  scp.NotificationPreferencePage (MyProfilePage.java:208) - Fetching the Primary Phone on placeholder.
17:13:01.570 INFO  driver.Page (    Page.java:161) - Wait for the element {} [[ChromeDriver: chrome on WINDOWS (7023a033c76528da124d35df88e8fb4e)] -> css selector: #lbl_Phone] to be visible on the page for duration of {} 120
17:13:01.570 INFO  driver.Page (    Page.java:257) - Waiting for element to be visible for 120 seconds.
17:13:01.582 INFO  driver.Page (    Page.java:260) - Element is visible on the page.
17:13:01.598 INFO  driver.Page (    Page.java:164) - Text got from the locator {} [[ChromeDriver: chrome on WINDOWS (7023a033c76528da124d35df88e8fb4e)] -> css selector: #lbl_Phone] is (212) 121-2155
17:13:01.607 INFO  scp.NotificationPreferencePage (MyProfilePage.java:210) - Primary Phone no placeholder {}: (212) 121-2155
17:13:01.607 INFO  scp.NotificationPreferencePage (MyProfilePage.java:349) - Fetching the Primary Email Id placeholder.
17:13:01.616 INFO  driver.Page (    Page.java:161) - Wait for the element {} [[ChromeDriver: chrome on WINDOWS (7023a033c76528da124d35df88e8fb4e)] -> css selector: #lblEmail] to be visible on the page for duration of {} 120
17:13:01.616 INFO  driver.Page (    Page.java:257) - Waiting for element to be visible for 120 seconds.
17:13:01.628 INFO  driver.Page (    Page.java:260) - Element is visible on the page.
17:13:01.641 INFO  driver.Page (    Page.java:164) - Text got from the locator {} [[ChromeDriver: chrome on WINDOWS (7023a033c76528da124d35df88e8fb4e)] -> css selector: #lblEmail] is patricturner@yopmail.com
17:13:01.651 INFO  scp.NotificationPreferencePage (MyProfilePage.java:351) - Primary Email Id  placeholder {}: patricturner@yopmail.com
17:13:01.658 INFO  driver.Page (    Page.java:161) - Wait for the element {} [[ChromeDriver: chrome on WINDOWS (7023a033c76528da124d35df88e8fb4e)] -> css selector: #ContentPlaceHolder1_ContentPlaceHolderBody_lblName] to be visible on the page for duration of {} 120
17:13:01.658 INFO  driver.Page (    Page.java:257) - Waiting for element to be visible for 120 seconds.
17:13:01.669 INFO  driver.Page (    Page.java:260) - Element is visible on the page.
17:13:01.684 INFO  driver.Page (    Page.java:164) - Text got from the locator {} [[ChromeDriver: chrome on WINDOWS (7023a033c76528da124d35df88e8fb4e)] -> css selector: #ContentPlaceHolder1_ContentPlaceHolderBody_lblName] is PATRICIA TURNER
17:13:01.694 INFO  scp.NotificationPreferencePage (MyProfilePage.java:63) -  Name of the User Label is  {}: PATRICIA TURNER
17:13:01.694 INFO  scp.NotificationPreferencePage (MyProfilePage.java:198) - Fetching the User Profile Password placeholder.
17:13:01.702 INFO  driver.Page (    Page.java:161) - Wait for the element {} [[ChromeDriver: chrome on WINDOWS (7023a033c76528da124d35df88e8fb4e)] -> xpath: //h3[text()='Password']/following::span[1]] to be visible on the page for duration of {} 120
17:13:01.703 INFO  driver.Page (    Page.java:257) - Waiting for element to be visible for 120 seconds.
17:13:01.716 INFO  driver.Page (    Page.java:260) - Element is visible on the page.
17:13:01.732 INFO  driver.Page (    Page.java:164) - Text got from the locator {} [[ChromeDriver: chrome on WINDOWS (7023a033c76528da124d35df88e8fb4e)] -> xpath: //h3[text()='Password']/following::span[1]] is ************
17:13:01.741 INFO  scp.NotificationPreferencePage (MyProfilePage.java:200) -  User Profile Password placeholder is  {}: ************
17:13:01.754 INFO  scp.NotificationPreferencePage (MyProfilePage.java:580) - MyAccount Page Banner visibility status : true
17:13:01.772 INFO  driver.Page (    Page.java:305) - Element {} : [[ChromeDriver: chrome on WINDOWS (7023a033c76528da124d35df88e8fb4e)] -> css selector: .rightbannerimg] is visible on the page.
17:13:01.790 INFO  scp.NotificationPreferencePage (MyProfilePage.java:1101) - Checking that visible of Time Zone on the My Profile page.true
17:13:01.809 INFO  driver.Page (    Page.java:305) - Element {} : [[ChromeDriver: chrome on WINDOWS (7023a033c76528da124d35df88e8fb4e)] -> css selector: .right_profile_sec.timezone_wrpp h4] is visible on the page.
17:13:01.823 INFO  scp.NotificationPreferencePage (MyProfilePage.java:1116) - Checking that visible of Time Zone Value on the My Profile page.true
17:13:01.838 INFO  driver.Page (    Page.java:305) - Element {} : [[ChromeDriver: chrome on WINDOWS (7023a033c76528da124d35df88e8fb4e)] -> css selector: #ContentPlaceHolder1_lblTimeZone] is visible on the page.
17:13:01.854 INFO  scp.NotificationPreferencePage (MyProfilePage.java:1131) - Checking that visible of Time Zone Edit Button on the My Profile page.true
17:13:01.878 INFO  driver.Page (    Page.java:305) - Element {} : [[ChromeDriver: chrome on WINDOWS (7023a033c76528da124d35df88e8fb4e)] -> css selector: .right_profile_sec.timezone_wrpp a] is visible on the page.
17:13:01.892 INFO  scp.NotificationPreferencePage (MyProfilePage.java:344) - Checking that visible Primary Email Id On  the My Profile page.true
17:13:01.916 INFO  driver.Page (    Page.java:305) - Element {} : [[ChromeDriver: chrome on WINDOWS (7023a033c76528da124d35df88e8fb4e)] -> css selector: #lblEmail] is visible on the page.
17:13:01.931 INFO  scp.NotificationPreferencePage (MyProfilePage.java:451) - Checking that visible Secondary Email Id On  the My Profile page.false
17:13:01.957 INFO  scp.NotificationPreferencePage (MyProfilePage.java:68) - Checking that visible of Name of the User on My Profile page.true
17:13:01.977 INFO  driver.Page (    Page.java:305) - Element {} : [[ChromeDriver: chrome on WINDOWS (7023a033c76528da124d35df88e8fb4e)] -> css selector: #ContentPlaceHolder1_ContentPlaceHolderBody_lblName] is visible on the page.
17:13:02.001 INFO  scp.NotificationPreferencePage (MyProfilePage.java:193) - Checking that visible User Profile Password On  the My Profile page.true
17:13:02.028 INFO  driver.Page (    Page.java:305) - Element {} : [[ChromeDriver: chrome on WINDOWS (7023a033c76528da124d35df88e8fb4e)] -> xpath: //h3[text()='Password']/following::span[1]] is visible on the page.
17:13:02.044 INFO  scp.NotificationPreferencePage (MyProfilePage.java:230) - Checking that visible Edit button of Phone Number on My Profile page.true
17:13:02.063 INFO  driver.Page (    Page.java:305) - Element {} : [[ChromeDriver: chrome on WINDOWS (7023a033c76528da124d35df88e8fb4e)] -> css selector: #btneditPPhone] is visible on the page.
17:13:02.085 INFO  scp.NotificationPreferencePage (MyProfilePage.java:292) - Checking that visible Secondary Phone number Edit Button on My Profile page.false
17:13:02.123 INFO  scp.NotificationPreferencePage (MyProfilePage.java:359) - Checking that visible  of Primary Email Id's Edit Button on My Profile page.true
17:13:02.153 INFO  driver.Page (    Page.java:305) - Element {} : [[ChromeDriver: chrome on WINDOWS (7023a033c76528da124d35df88e8fb4e)] -> css selector: #btneditPEmail] is visible on the page.
17:13:02.176 INFO  scp.NotificationPreferencePage (MyProfilePage.java:76) - User Name visibility status : true
17:13:02.202 INFO  driver.Page (    Page.java:305) - Element {} : [[ChromeDriver: chrome on WINDOWS (7023a033c76528da124d35df88e8fb4e)] -> xpath: //h3[text() = 'Username']] is visible on the page.
17:13:02.213 INFO  scp.NotificationPreferencePage (MyProfilePage.java:580) - MyAccount Page Banner visibility status : true
17:13:02.232 INFO  driver.Page (    Page.java:305) - Element {} : [[ChromeDriver: chrome on WINDOWS (7023a033c76528da124d35df88e8fb4e)] -> css selector: .rightbannerimg] is visible on the page.
17:13:02.233 INFO  scp.MyProfileTests (MyProfileTests.java:61) - Test Case execution for - verifyProfileInformationPageUI - is Completed.
17:13:04.540 INFO  driver.DriverFactory (DriverFactory.java:125) - Clearing all the cookies.
17:13:07.268 INFO  driver.WebDriverFactory (WebDriverFactory.java:192) - Setting up the browser window to its max.
17:13:07.388 INFO  driver.WebDriverFactory (WebDriverFactory.java:181) - Initializing the implicit wait timeout for {} 5
17:13:07.390 INFO  driver.WebDriverFactory (WebDriverFactory.java:184) - Initializing the page load timeout.
17:13:07.392 INFO  driver.DriverFactory (DriverFactory.java:125) - Clearing all the cookies.
17:13:07.398 INFO  driver.DriverFactory (DriverFactory.java:62) - Open the url {} https://u-wgl-r2.smartcmobile.net/Portal/ using the selenium get() method.
17:13:18.389 INFO  scp.MyProfileTests (MyProfileTests.java:161) - To verify options available for Primary and Alternate Contact Type dropdownC74723
17:13:18.395 INFO  scp.LoginPage (LoginPage.java:518) - Checking that the current page is login page.
17:13:18.395 INFO  driver.Page (    Page.java:39) - Fetching the current URL.
17:13:18.400 INFO  driver.Page (    Page.java:40) - The Current URL is: https://u-wgl-r2.smartcmobile.net/Portal/
17:13:18.406 INFO  driver.Page (    Page.java:45) - Fetching the current title.
17:13:18.409 INFO  driver.Page (    Page.java:46) - The Current Title is: WGL: Login
17:13:18.414 INFO  scp.LoginPage (LoginPage.java:521) - The current page is login page {}: true
17:13:19.947 INFO  scp.LoginPage (LoginPage.java:106) - Populating username {} :patricupdate
17:13:19.963 INFO  driver.Page (    Page.java:129) - Wait for element {} [[ChromeDriver: chrome on WINDOWS (3cc75f98190c3b5e77b3182adc5a6ccc)] -> css selector: [id='txtLogin']] to be present in the DOM for duration of {} 120
17:13:19.963 INFO  driver.Page (    Page.java:257) - Waiting for element to be visible for 120 seconds.
17:13:19.994 INFO  driver.Page (    Page.java:260) - Element is visible on the page.
17:13:20.002 INFO  driver.Page (    Page.java:131) - Clearing the element {} [[ChromeDriver: chrome on WINDOWS (3cc75f98190c3b5e77b3182adc5a6ccc)] -> css selector: [id='txtLogin']] before sending the keys.
17:13:20.074 INFO  driver.Page (    Page.java:133) - Sending the following keys {} patricupdate to the element {} [[ChromeDriver: chrome on WINDOWS (3cc75f98190c3b5e77b3182adc5a6ccc)] -> css selector: [id='txtLogin']]
17:13:20.176 INFO  scp.LoginPage (LoginPage.java:108) - Username populated successfully.
17:13:20.177 INFO  scp.LoginPage (LoginPage.java:150) - Populating password {} :Demo@123
17:13:20.194 INFO  driver.Page (    Page.java:129) - Wait for element {} [[ChromeDriver: chrome on WINDOWS (3cc75f98190c3b5e77b3182adc5a6ccc)] -> css selector: [id='txtpwd']] to be present in the DOM for duration of {} 120
17:13:20.194 INFO  driver.Page (    Page.java:257) - Waiting for element to be visible for 120 seconds.
17:13:20.232 INFO  driver.Page (    Page.java:260) - Element is visible on the page.
17:13:20.243 INFO  driver.Page (    Page.java:131) - Clearing the element {} [[ChromeDriver: chrome on WINDOWS (3cc75f98190c3b5e77b3182adc5a6ccc)] -> css selector: [id='txtpwd']] before sending the keys.
17:13:20.298 INFO  driver.Page (    Page.java:133) - Sending the following keys {} Demo@123 to the element {} [[ChromeDriver: chrome on WINDOWS (3cc75f98190c3b5e77b3182adc5a6ccc)] -> css selector: [id='txtpwd']]
17:13:20.378 INFO  scp.LoginPage (LoginPage.java:152) - Password populated successfully.
17:13:20.379 INFO  scp.LoginPage (LoginPage.java:186) - Clicking the sign in button.
17:13:20.379 INFO  driver.Page (    Page.java:58) - Preparing for element to click.
17:13:20.379 INFO  driver.Page (    Page.java:232) - Waiting for element to be clickable for 120 seconds.
17:13:20.435 INFO  driver.Page (    Page.java:235) - Element is clickable now.
17:13:20.545 INFO  driver.Page (    Page.java:61) - Element is clicked successfully.
17:13:20.545 INFO  scp.LoginPage (LoginPage.java:188) - Sign in button clicked successfully.
17:13:20.545 INFO  scp.HomePage (HomePage.java:120) - Wait for page loader visibility.
17:13:20.545 INFO  driver.Page (    Page.java:257) - Waiting for element to be visible for 120 seconds.
17:13:21.645 INFO  driver.Page (    Page.java:260) - Element is visible on the page.
17:13:21.645 INFO  scp.HomePage (HomePage.java:122) - Wait for page loader invisibility.
17:13:21.645 INFO  driver.Page (    Page.java:271) - Waiting for element to be invisible for 120 seconds.
17:13:32.301 INFO  driver.Page (    Page.java:274) - Element is invisible from the page.
17:13:32.309 INFO  scp.DashboardSteps (DashboardSteps.java:799) - Checking that the current page is dashboard page.
17:13:32.309 INFO  driver.Page (    Page.java:39) - Fetching the current URL.
17:13:32.318 INFO  driver.Page (    Page.java:40) - The Current URL is: https://u-wgl-r2.smartcmobile.net/Portal/Dashboard.aspx
17:13:32.330 INFO  driver.Page (    Page.java:45) - Fetching the current title.
17:13:32.338 INFO  driver.Page (    Page.java:46) - The Current Title is: Home
17:13:32.346 INFO  scp.DashboardSteps (DashboardSteps.java:802) - The current page is dashboard page {}: true
17:13:32.349 INFO  scp.HomeSteps (HomeSteps.java:88) - Navigating to the My Profile page.
17:13:38.863 INFO  driver.Page (    Page.java:58) - Preparing for element to click.
17:13:38.863 INFO  driver.Page (    Page.java:232) - Waiting for element to be clickable for 120 seconds.
17:13:38.906 INFO  driver.Page (    Page.java:235) - Element is clickable now.
17:13:38.955 INFO  driver.Page (    Page.java:61) - Element is clicked successfully.
17:13:38.955 INFO  scp.HomePage (HomePage.java:244) - My account link clicked successfully.
17:13:41.965 INFO  driver.Page (    Page.java:58) - Preparing for element to click.
17:13:41.965 INFO  driver.Page (    Page.java:232) - Waiting for element to be clickable for 120 seconds.
17:13:42.018 INFO  driver.Page (    Page.java:235) - Element is clickable now.
17:13:49.419 INFO  driver.Page (    Page.java:61) - Element is clicked successfully.
17:13:49.419 INFO  scp.HomePage (HomePage.java:745) - My profile page Clicked Successfully
17:13:53.963 INFO  scp.HomeSteps (HomeSteps.java:97) - Navigated to the My Profile page.
17:13:53.973 INFO  driver.Page (    Page.java:58) - Preparing for element to click.
17:13:53.973 INFO  driver.Page (    Page.java:232) - Waiting for element to be clickable for 120 seconds.
17:13:54.015 INFO  driver.Page (    Page.java:235) - Element is clickable now.
17:13:54.049 INFO  driver.Page (    Page.java:61) - Element is clicked successfully.
17:13:54.050 INFO  scp.NotificationPreferencePage (MyProfilePage.java:237) - Phone Number Edit Button is Editable
17:13:54.098 INFO  driver.DriverFactory (DriverFactory.java:56) - Refreshing the browser {}.
17:13:54.106 INFO  driver.DriverFactory (DriverFactory.java:58) - Browser refreshed successfully.
17:13:54.107 INFO  scp.MyProfileTests (MyProfileTests.java:173) - Test Case execution for- To verify options available for Primary and Alternate Contact Type dropdown.
17:13:54.556 INFO  driver.DriverFactory (DriverFactory.java:125) - Clearing all the cookies.
17:14:02.980 INFO  driver.WebDriverFactory (WebDriverFactory.java:192) - Setting up the browser window to its max.
17:14:03.105 INFO  driver.WebDriverFactory (WebDriverFactory.java:181) - Initializing the implicit wait timeout for {} 5
17:14:03.106 INFO  driver.WebDriverFactory (WebDriverFactory.java:184) - Initializing the page load timeout.
17:14:03.107 INFO  driver.DriverFactory (DriverFactory.java:125) - Clearing all the cookies.
17:14:03.113 INFO  driver.DriverFactory (DriverFactory.java:62) - Open the url {} https://u-wgl-r2.smartcmobile.net/Portal/ using the selenium get() method.
17:14:13.906 INFO  scp.MyProfileTests (MyProfileTests.java:203) - To verify that user should be able to login from logout page.C74716, C74717, C74721, C74722, C80276, C80277, C80278
17:14:13.912 INFO  scp.LoginPage (LoginPage.java:518) - Checking that the current page is login page.
17:14:13.912 INFO  driver.Page (    Page.java:39) - Fetching the current URL.
17:14:13.919 INFO  driver.Page (    Page.java:40) - The Current URL is: https://u-wgl-r2.smartcmobile.net/Portal/
17:14:13.924 INFO  driver.Page (    Page.java:45) - Fetching the current title.
17:14:13.929 INFO  driver.Page (    Page.java:46) - The Current Title is: WGL: Login
17:14:13.933 INFO  scp.LoginPage (LoginPage.java:521) - The current page is login page {}: true
17:14:15.447 INFO  scp.LoginPage (LoginPage.java:106) - Populating username {} :patricupdate
17:14:15.464 INFO  driver.Page (    Page.java:129) - Wait for element {} [[ChromeDriver: chrome on WINDOWS (50556ab1948107b59db90562331a4e60)] -> css selector: [id='txtLogin']] to be present in the DOM for duration of {} 120
17:14:15.465 INFO  driver.Page (    Page.java:257) - Waiting for element to be visible for 120 seconds.
17:14:15.490 INFO  driver.Page (    Page.java:260) - Element is visible on the page.
17:14:15.498 INFO  driver.Page (    Page.java:131) - Clearing the element {} [[ChromeDriver: chrome on WINDOWS (50556ab1948107b59db90562331a4e60)] -> css selector: [id='txtLogin']] before sending the keys.
17:14:15.564 INFO  driver.Page (    Page.java:133) - Sending the following keys {} patricupdate to the element {} [[ChromeDriver: chrome on WINDOWS (50556ab1948107b59db90562331a4e60)] -> css selector: [id='txtLogin']]
17:14:15.656 INFO  scp.LoginPage (LoginPage.java:108) - Username populated successfully.
17:14:15.656 INFO  scp.LoginPage (LoginPage.java:150) - Populating password {} :Demo@123
17:14:15.674 INFO  driver.Page (    Page.java:129) - Wait for element {} [[ChromeDriver: chrome on WINDOWS (50556ab1948107b59db90562331a4e60)] -> css selector: [id='txtpwd']] to be present in the DOM for duration of {} 120
17:14:15.674 INFO  driver.Page (    Page.java:257) - Waiting for element to be visible for 120 seconds.
17:14:15.708 INFO  driver.Page (    Page.java:260) - Element is visible on the page.
17:14:15.720 INFO  driver.Page (    Page.java:131) - Clearing the element {} [[ChromeDriver: chrome on WINDOWS (50556ab1948107b59db90562331a4e60)] -> css selector: [id='txtpwd']] before sending the keys.
17:14:15.788 INFO  driver.Page (    Page.java:133) - Sending the following keys {} Demo@123 to the element {} [[ChromeDriver: chrome on WINDOWS (50556ab1948107b59db90562331a4e60)] -> css selector: [id='txtpwd']]
17:14:15.898 INFO  scp.LoginPage (LoginPage.java:152) - Password populated successfully.
17:14:15.899 INFO  scp.LoginPage (LoginPage.java:186) - Clicking the sign in button.
17:14:15.899 INFO  driver.Page (    Page.java:58) - Preparing for element to click.
17:14:15.899 INFO  driver.Page (    Page.java:232) - Waiting for element to be clickable for 120 seconds.
17:14:15.956 INFO  driver.Page (    Page.java:235) - Element is clickable now.
17:14:16.067 INFO  driver.Page (    Page.java:61) - Element is clicked successfully.
17:14:16.067 INFO  scp.LoginPage (LoginPage.java:188) - Sign in button clicked successfully.
17:14:16.067 INFO  scp.HomePage (HomePage.java:120) - Wait for page loader visibility.
17:14:16.067 INFO  driver.Page (    Page.java:257) - Waiting for element to be visible for 120 seconds.
17:14:17.186 INFO  driver.Page (    Page.java:260) - Element is visible on the page.
17:14:17.186 INFO  scp.HomePage (HomePage.java:122) - Wait for page loader invisibility.
17:14:17.187 INFO  driver.Page (    Page.java:271) - Waiting for element to be invisible for 120 seconds.
17:14:28.636 INFO  driver.Page (    Page.java:274) - Element is invisible from the page.
17:14:28.642 INFO  scp.DashboardSteps (DashboardSteps.java:799) - Checking that the current page is dashboard page.
17:14:28.642 INFO  driver.Page (    Page.java:39) - Fetching the current URL.
17:14:28.652 INFO  driver.Page (    Page.java:40) - The Current URL is: https://u-wgl-r2.smartcmobile.net/Portal/Dashboard.aspx
17:14:28.663 INFO  driver.Page (    Page.java:45) - Fetching the current title.
17:14:28.672 INFO  driver.Page (    Page.java:46) - The Current Title is: Home
17:14:28.681 INFO  scp.DashboardSteps (DashboardSteps.java:802) - The current page is dashboard page {}: true
17:14:28.683 INFO  scp.HomeSteps (HomeSteps.java:88) - Navigating to the My Profile page.
17:14:35.223 INFO  driver.Page (    Page.java:58) - Preparing for element to click.
17:14:35.224 INFO  driver.Page (    Page.java:232) - Waiting for element to be clickable for 120 seconds.
17:14:35.270 INFO  driver.Page (    Page.java:235) - Element is clickable now.
17:14:35.336 INFO  driver.Page (    Page.java:61) - Element is clicked successfully.
17:14:35.336 INFO  scp.HomePage (HomePage.java:244) - My account link clicked successfully.
17:14:38.337 INFO  driver.Page (    Page.java:58) - Preparing for element to click.
17:14:38.337 INFO  driver.Page (    Page.java:232) - Waiting for element to be clickable for 120 seconds.
17:14:38.385 INFO  driver.Page (    Page.java:235) - Element is clickable now.
17:14:46.615 INFO  driver.Page (    Page.java:61) - Element is clicked successfully.
17:14:46.616 INFO  scp.HomePage (HomePage.java:745) - My profile page Clicked Successfully
17:14:51.155 INFO  scp.HomeSteps (HomeSteps.java:97) - Navigated to the My Profile page.
17:14:51.176 INFO  driver.Page (    Page.java:161) - Wait for the element {} [[ChromeDriver: chrome on WINDOWS (50556ab1948107b59db90562331a4e60)] -> css selector: #ContentPlaceHolder1_ContentPlaceHolderBody_lblName] to be visible on the page for duration of {} 120
17:14:51.176 INFO  driver.Page (    Page.java:257) - Waiting for element to be visible for 120 seconds.
17:14:51.196 INFO  driver.Page (    Page.java:260) - Element is visible on the page.
17:14:51.217 INFO  driver.Page (    Page.java:164) - Text got from the locator {} [[ChromeDriver: chrome on WINDOWS (50556ab1948107b59db90562331a4e60)] -> css selector: #ContentPlaceHolder1_ContentPlaceHolderBody_lblName] is PATRICIA TURNER
17:14:51.229 INFO  scp.NotificationPreferencePage (MyProfilePage.java:63) -  Name of the User Label is  {}: PATRICIA TURNER
17:14:51.230 INFO  scp.NotificationPreferencePage (MyProfilePage.java:95) - Fetching the Edit User Name placeholder.
17:14:51.238 INFO  driver.Page (    Page.java:161) - Wait for the element {} [[ChromeDriver: chrome on WINDOWS (50556ab1948107b59db90562331a4e60)] -> css selector: div.lft_profile_sec #txtUserid] to be visible on the page for duration of {} 120
17:14:51.238 INFO  driver.Page (    Page.java:257) - Waiting for element to be visible for 120 seconds.
17:14:51.252 INFO  driver.Page (    Page.java:260) - Element is visible on the page.
17:14:51.267 INFO  driver.Page (    Page.java:164) - Text got from the locator {} [[ChromeDriver: chrome on WINDOWS (50556ab1948107b59db90562331a4e60)] -> css selector: div.lft_profile_sec #txtUserid] is patricupdate
17:14:51.279 INFO  scp.NotificationPreferencePage (MyProfilePage.java:97) -  Edit User Name placeholder {}: patricupdate
17:14:51.279 INFO  scp.NotificationPreferencePage (MyProfilePage.java:198) - Fetching the User Profile Password placeholder.
17:14:51.288 INFO  driver.Page (    Page.java:161) - Wait for the element {} [[ChromeDriver: chrome on WINDOWS (50556ab1948107b59db90562331a4e60)] -> xpath: //h3[text()='Password']/following::span[1]] to be visible on the page for duration of {} 120
17:14:51.288 INFO  driver.Page (    Page.java:257) - Waiting for element to be visible for 120 seconds.
17:14:51.307 INFO  driver.Page (    Page.java:260) - Element is visible on the page.
17:14:51.327 INFO  driver.Page (    Page.java:164) - Text got from the locator {} [[ChromeDriver: chrome on WINDOWS (50556ab1948107b59db90562331a4e60)] -> xpath: //h3[text()='Password']/following::span[1]] is ************
17:14:51.339 INFO  scp.NotificationPreferencePage (MyProfilePage.java:200) -  User Profile Password placeholder is  {}: ************
17:14:51.339 INFO  scp.NotificationPreferencePage (MyProfilePage.java:208) - Fetching the Primary Phone on placeholder.
17:14:51.349 INFO  driver.Page (    Page.java:161) - Wait for the element {} [[ChromeDriver: chrome on WINDOWS (50556ab1948107b59db90562331a4e60)] -> css selector: #lbl_Phone] to be visible on the page for duration of {} 120
17:14:51.349 INFO  driver.Page (    Page.java:257) - Waiting for element to be visible for 120 seconds.
17:14:51.363 INFO  driver.Page (    Page.java:260) - Element is visible on the page.
17:14:51.382 INFO  driver.Page (    Page.java:164) - Text got from the locator {} [[ChromeDriver: chrome on WINDOWS (50556ab1948107b59db90562331a4e60)] -> css selector: #lbl_Phone] is (212) 121-2155
17:14:51.394 INFO  scp.NotificationPreferencePage (MyProfilePage.java:210) - Primary Phone no placeholder {}: (212) 121-2155
17:14:51.395 INFO  scp.NotificationPreferencePage (MyProfilePage.java:208) - Fetching the Primary Phone on placeholder.
17:14:51.400 INFO  driver.Page (    Page.java:161) - Wait for the element {} [[ChromeDriver: chrome on WINDOWS (50556ab1948107b59db90562331a4e60)] -> css selector: #lbl_Phone] to be visible on the page for duration of {} 120
17:14:51.400 INFO  driver.Page (    Page.java:257) - Waiting for element to be visible for 120 seconds.
17:14:51.419 INFO  driver.Page (    Page.java:260) - Element is visible on the page.
17:14:51.440 INFO  driver.Page (    Page.java:164) - Text got from the locator {} [[ChromeDriver: chrome on WINDOWS (50556ab1948107b59db90562331a4e60)] -> css selector: #lbl_Phone] is (212) 121-2155
17:14:51.458 INFO  scp.NotificationPreferencePage (MyProfilePage.java:210) - Primary Phone no placeholder {}: (212) 121-2155
17:14:51.458 INFO  scp.NotificationPreferencePage (MyProfilePage.java:349) - Fetching the Primary Email Id placeholder.
17:14:51.467 INFO  driver.Page (    Page.java:161) - Wait for the element {} [[ChromeDriver: chrome on WINDOWS (50556ab1948107b59db90562331a4e60)] -> css selector: #lblEmail] to be visible on the page for duration of {} 120
17:14:51.467 INFO  driver.Page (    Page.java:257) - Waiting for element to be visible for 120 seconds.
17:14:51.491 INFO  driver.Page (    Page.java:260) - Element is visible on the page.
17:14:51.507 INFO  driver.Page (    Page.java:164) - Text got from the locator {} [[ChromeDriver: chrome on WINDOWS (50556ab1948107b59db90562331a4e60)] -> css selector: #lblEmail] is patricturner@yopmail.com
17:14:51.518 INFO  scp.NotificationPreferencePage (MyProfilePage.java:351) - Primary Email Id  placeholder {}: patricturner@yopmail.com
17:14:51.518 INFO  driver.Page (    Page.java:58) - Preparing for element to click.
17:14:51.518 INFO  driver.Page (    Page.java:232) - Waiting for element to be clickable for 120 seconds.
17:14:51.545 INFO  driver.Page (    Page.java:235) - Element is clickable now.
17:14:51.603 INFO  driver.Page (    Page.java:61) - Element is clicked successfully.
17:14:51.604 INFO  scp.NotificationPreferencePage (MyProfilePage.java:237) - Phone Number Edit Button is Editable
17:14:51.615 INFO  driver.Page (    Page.java:183) - Wait for the element {} [[ChromeDriver: chrome on WINDOWS (50556ab1948107b59db90562331a4e60)] -> css selector: #lbl_Phone] to be visible on the page for duration of {} 120
17:14:51.615 INFO  driver.Page (    Page.java:257) - Waiting for element to be visible for 120 seconds.
17:14:51.633 INFO  driver.Page (    Page.java:260) - Element is visible on the page.
17:14:51.688 INFO  driver.Page (    Page.java:187) - Text got from the locator {} [[ChromeDriver: chrome on WINDOWS (50556ab1948107b59db90562331a4e60)] -> css selector: #lbl_Phone] is 14
17:14:51.708 INFO  scp.NotificationPreferencePage (MyProfilePage.java:216) - Max length of Primary Phone Number field is {} 14
17:14:51.720 INFO  driver.Page (    Page.java:146) - Wait for element {} [[ChromeDriver: chrome on WINDOWS (50556ab1948107b59db90562331a4e60)] -> css selector: input[inputtype='Phone']] to be present in the DOM for duration of {} 120
17:14:51.720 INFO  driver.Page (    Page.java:257) - Waiting for element to be visible for 120 seconds.
17:14:51.738 INFO  driver.Page (    Page.java:260) - Element is visible on the page.
17:14:51.747 INFO  driver.Page (    Page.java:148) - Clearing the element {} [[ChromeDriver: chrome on WINDOWS (50556ab1948107b59db90562331a4e60)] -> css selector: input[inputtype='Phone']]
17:14:51.829 INFO  scp.NotificationPreferencePage (MyProfilePage.java:245) - Primary Phone number Input Field is cleared
17:14:51.833 INFO  scp.NotificationPreferencePage (MyProfilePage.java:249) - Populating Primary Number{} :2121212155
17:14:51.844 INFO  driver.Page (    Page.java:129) - Wait for element {} [[ChromeDriver: chrome on WINDOWS (50556ab1948107b59db90562331a4e60)] -> css selector: input[inputtype='Phone']] to be present in the DOM for duration of {} 120
17:14:51.845 INFO  driver.Page (    Page.java:257) - Waiting for element to be visible for 120 seconds.
17:14:51.864 INFO  driver.Page (    Page.java:260) - Element is visible on the page.
17:14:51.872 INFO  driver.Page (    Page.java:131) - Clearing the element {} [[ChromeDriver: chrome on WINDOWS (50556ab1948107b59db90562331a4e60)] -> css selector: input[inputtype='Phone']] before sending the keys.
17:14:51.915 INFO  driver.Page (    Page.java:133) - Sending the following keys {} 2121212155 to the element {} [[ChromeDriver: chrome on WINDOWS (50556ab1948107b59db90562331a4e60)] -> css selector: input[inputtype='Phone']]
17:14:52.008 INFO  scp.NotificationPreferencePage (MyProfilePage.java:251) - Primary Phone Number populated successfully.
17:14:52.008 INFO  driver.Page (    Page.java:58) - Preparing for element to click.
17:14:52.008 INFO  driver.Page (    Page.java:232) - Waiting for element to be clickable for 120 seconds.
17:14:52.042 INFO  driver.Page (    Page.java:235) - Element is clickable now.
17:14:52.119 INFO  driver.Page (    Page.java:61) - Element is clicked successfully.
17:14:52.119 INFO  scp.NotificationPreferencePage (MyProfilePage.java:269) - Primary Phone Number Save Button Successfully Clicked
17:15:02.631 INFO  scp.MyProfileTests (MyProfileTests.java:217) - Test Case execution for-verifyUpdateProfileInformation is completed
17:15:05.982 INFO  driver.DriverFactory (DriverFactory.java:125) - Clearing all the cookies.
