12:48:59.667 INFO  driver.Page (    Page.java:260) - Element is visible on the page.
12:48:59.682 INFO  driver.Page (    Page.java:569) - Preparing for element to click.
12:49:05.586 INFO  driver.Page (    Page.java:576) - Element is clicked successfully.
12:49:05.586 INFO  pageobjects.myAccountPage (myAccountPage.java:65) - Account dropdown clicked successfully.
12:49:05.586 INFO  driver.Page (    Page.java:58) - Preparing for element to click.
12:49:05.586 INFO  driver.Page (    Page.java:232) - Waiting for element to be clickable for 120 seconds.
12:49:05.668 INFO  driver.Page (    Page.java:235) - Element is clickable now.
12:49:05.892 INFO  driver.Page (    Page.java:61) - Element is clicked successfully.
12:49:05.892 INFO  pageobjects.myAccountPage (myAccountPage.java:619) - Payment information hyperlink clicked successfully.
12:49:07.421 INFO  driver.Page (    Page.java:58) - Preparing for element to click.
12:49:07.426 INFO  driver.Page (    Page.java:232) - Waiting for element to be clickable for 120 seconds.
12:49:07.601 INFO  driver.Page (    Page.java:235) - Element is clickable now.
12:49:07.897 INFO  driver.Page (    Page.java:61) - Element is clicked successfully.
12:49:07.900 INFO  pageobjects.myAccountPage (myAccountPage.java:628) - Add Payment hyperlink clicked successfully.
12:49:09.514 INFO  pageobjects.myAccountPage (myAccountPage.java:635) - Populating Name on the card {} :DummyCardTest
12:49:09.807 INFO  driver.Page (    Page.java:129) - Wait for element {} [[ChromeDriver: chrome on windows (c3741b1a4590a2ae6b6ca269e8e3f831)] -> xpath: //*[@id="NameOnCard"]] to be present in the DOM for duration of {} 120
12:49:09.807 INFO  driver.Page (    Page.java:257) - Waiting for element to be visible for 120 seconds.
12:49:09.875 INFO  driver.Page (    Page.java:260) - Element is visible on the page.
12:49:09.896 INFO  driver.Page (    Page.java:131) - Clearing the element {} [[ChromeDriver: chrome on windows (c3741b1a4590a2ae6b6ca269e8e3f831)] -> xpath: //*[@id="NameOnCard"]] before sending the keys.
12:49:10.070 INFO  driver.Page (    Page.java:133) - Sending the following keys {} DummyCardTest to the element {} [[ChromeDriver: chrome on windows (c3741b1a4590a2ae6b6ca269e8e3f831)] -> xpath: //*[@id="NameOnCard"]]
12:49:10.818 INFO  pageobjects.myAccountPage (myAccountPage.java:637) - Name on the card populated successfully.
12:49:10.818 INFO  pageobjects.myAccountPage (myAccountPage.java:652) - Populating Card number {} :371100001000131
12:49:10.987 INFO  driver.Page (    Page.java:129) - Wait for element {} [[ChromeDriver: chrome on windows (c3741b1a4590a2ae6b6ca269e8e3f831)] -> xpath: //*[@id='cardNumber']] to be present in the DOM for duration of {} 120
12:49:10.987 INFO  driver.Page (    Page.java:257) - Waiting for element to be visible for 120 seconds.
12:49:11.070 INFO  driver.Page (    Page.java:260) - Element is visible on the page.
12:49:11.085 INFO  driver.Page (    Page.java:131) - Clearing the element {} [[ChromeDriver: chrome on windows (c3741b1a4590a2ae6b6ca269e8e3f831)] -> xpath: //*[@id='cardNumber']] before sending the keys.
12:49:11.297 INFO  driver.Page (    Page.java:133) - Sending the following keys {} 371100001000131 to the element {} [[ChromeDriver: chrome on windows (c3741b1a4590a2ae6b6ca269e8e3f831)] -> xpath: //*[@id='cardNumber']]
12:49:12.285 INFO  pageobjects.myAccountPage (myAccountPage.java:654) - Card number populated successfully.
12:49:12.286 INFO  pageobjects.myAccountPage (myAccountPage.java:670) - Populating CVV {} :1234
12:49:12.384 INFO  driver.Page (    Page.java:129) - Wait for element {} [[ChromeDriver: chrome on windows (c3741b1a4590a2ae6b6ca269e8e3f831)] -> xpath: //*[@id='securityCode']] to be present in the DOM for duration of {} 120
12:49:12.385 INFO  driver.Page (    Page.java:257) - Waiting for element to be visible for 120 seconds.
12:49:12.506 INFO  driver.Page (    Page.java:260) - Element is visible on the page.
12:49:12.541 INFO  driver.Page (    Page.java:131) - Clearing the element {} [[ChromeDriver: chrome on windows (c3741b1a4590a2ae6b6ca269e8e3f831)] -> xpath: //*[@id='securityCode']] before sending the keys.
12:49:12.644 INFO  driver.Page (    Page.java:133) - Sending the following keys {} 1234 to the element {} [[ChromeDriver: chrome on windows (c3741b1a4590a2ae6b6ca269e8e3f831)] -> xpath: //*[@id='securityCode']]
12:49:12.792 INFO  pageobjects.myAccountPage (myAccountPage.java:672) - CVV populated successfully.
12:49:12.792 INFO  driver.Page (    Page.java:58) - Preparing for element to click.
12:49:12.792 INFO  driver.Page (    Page.java:232) - Waiting for element to be clickable for 120 seconds.
12:49:12.883 INFO  driver.Page (    Page.java:235) - Element is clickable now.
12:49:13.070 INFO  driver.Page (    Page.java:61) - Element is clicked successfully.
12:49:13.070 INFO  pageobjects.myAccountPage (myAccountPage.java:699) - Month clicked successfully.
12:49:13.070 INFO  driver.Page (    Page.java:58) - Preparing for element to click.
12:49:13.070 INFO  driver.Page (    Page.java:232) - Waiting for element to be clickable for 120 seconds.
12:49:13.242 INFO  driver.Page (    Page.java:235) - Element is clickable now.
12:49:13.384 INFO  driver.Page (    Page.java:61) - Element is clicked successfully.
12:49:13.384 INFO  pageobjects.myAccountPage (myAccountPage.java:708) - Month selected successfully.
12:49:13.384 INFO  driver.Page (    Page.java:58) - Preparing for element to click.
12:49:13.384 INFO  driver.Page (    Page.java:232) - Waiting for element to be clickable for 120 seconds.
12:49:13.511 INFO  driver.Page (    Page.java:235) - Element is clickable now.
12:49:13.824 INFO  driver.Page (    Page.java:61) - Element is clicked successfully.
12:49:13.824 INFO  pageobjects.myAccountPage (myAccountPage.java:717) - Year clicked successfully.
12:49:13.824 INFO  driver.Page (    Page.java:58) - Preparing for element to click.
12:49:13.824 INFO  driver.Page (    Page.java:232) - Waiting for element to be clickable for 120 seconds.
12:49:14.512 INFO  driver.Page (    Page.java:235) - Element is clickable now.
12:49:14.726 INFO  driver.Page (    Page.java:61) - Element is clicked successfully.
12:49:14.726 INFO  pageobjects.myAccountPage (myAccountPage.java:726) - Year selected successfully.
12:49:14.726 INFO  driver.Page (    Page.java:58) - Preparing for element to click.
12:49:14.726 INFO  driver.Page (    Page.java:232) - Waiting for element to be clickable for 120 seconds.
12:49:15.380 INFO  driver.Page (    Page.java:235) - Element is clickable now.
12:49:15.546 INFO  driver.Page (    Page.java:61) - Element is clicked successfully.
12:49:15.546 INFO  pageobjects.myAccountPage (myAccountPage.java:735) - Save Button successfully.
12:49:27.537 INFO  driver.Page (    Page.java:58) - Preparing for element to click.
12:49:27.553 INFO  driver.Page (    Page.java:232) - Waiting for element to be clickable for 120 seconds.
12:49:29.420 INFO  driver.Page (    Page.java:235) - Element is clickable now.
12:49:29.916 INFO  driver.Page (    Page.java:61) - Element is clicked successfully.
12:49:29.916 INFO  pageobjects.myAccountPage (myAccountPage.java:767) - Payment Three dot icon clicked successfully.
12:49:31.573 INFO  driver.Page (    Page.java:58) - Preparing for element to click.
12:49:31.573 INFO  driver.Page (    Page.java:232) - Waiting for element to be clickable for 120 seconds.
12:49:31.766 INFO  driver.Page (    Page.java:235) - Element is clickable now.
12:49:31.970 INFO  driver.Page (    Page.java:61) - Element is clicked successfully.
12:49:31.970 INFO  pageobjects.myAccountPage (myAccountPage.java:776) - Edit option clicked successfully.
12:49:33.527 INFO  pageobjects.myAccountPage (myAccountPage.java:679) - Populating CVV {} :1234
12:49:33.571 INFO  driver.Page (    Page.java:129) - Wait for element {} [[ChromeDriver: chrome on windows (c3741b1a4590a2ae6b6ca269e8e3f831)] -> xpath: //*[@id='securityCode']] to be present in the DOM for duration of {} 120
12:49:33.571 INFO  driver.Page (    Page.java:257) - Waiting for element to be visible for 120 seconds.
12:49:33.612 INFO  driver.Page (    Page.java:260) - Element is visible on the page.
12:49:33.628 INFO  driver.Page (    Page.java:131) - Clearing the element {} [[ChromeDriver: chrome on windows (c3741b1a4590a2ae6b6ca269e8e3f831)] -> xpath: //*[@id='securityCode']] before sending the keys.
12:49:33.759 INFO  driver.Page (    Page.java:133) - Sending the following keys {} 1234 to the element {} [[ChromeDriver: chrome on windows (c3741b1a4590a2ae6b6ca269e8e3f831)] -> xpath: //*[@id='securityCode']]
12:49:33.955 INFO  pageobjects.myAccountPage (myAccountPage.java:681) - CVV populated successfully.
12:49:33.955 INFO  driver.Page (    Page.java:58) - Preparing for element to click.
12:49:33.955 INFO  driver.Page (    Page.java:232) - Waiting for element to be clickable for 120 seconds.
12:49:34.104 INFO  driver.Page (    Page.java:235) - Element is clickable now.
12:49:34.234 INFO  driver.Page (    Page.java:61) - Element is clicked successfully.
12:49:34.240 INFO  pageobjects.myAccountPage (myAccountPage.java:699) - Month clicked successfully.
12:49:34.240 INFO  driver.Page (    Page.java:58) - Preparing for element to click.
12:49:34.240 INFO  driver.Page (    Page.java:232) - Waiting for element to be clickable for 120 seconds.
12:49:34.363 INFO  driver.Page (    Page.java:235) - Element is clickable now.
12:49:34.472 INFO  driver.Page (    Page.java:61) - Element is clicked successfully.
12:49:34.472 INFO  pageobjects.myAccountPage (myAccountPage.java:708) - Month selected successfully.
12:49:34.472 INFO  driver.Page (    Page.java:58) - Preparing for element to click.
12:49:34.472 INFO  driver.Page (    Page.java:232) - Waiting for element to be clickable for 120 seconds.
12:49:34.828 INFO  driver.Page (    Page.java:235) - Element is clickable now.
12:49:35.107 INFO  driver.Page (    Page.java:61) - Element is clicked successfully.
12:49:35.107 INFO  pageobjects.myAccountPage (myAccountPage.java:717) - Year clicked successfully.
12:49:35.109 INFO  driver.Page (    Page.java:58) - Preparing for element to click.
12:49:35.109 INFO  driver.Page (    Page.java:232) - Waiting for element to be clickable for 120 seconds.
12:49:35.246 INFO  driver.Page (    Page.java:235) - Element is clickable now.
12:49:35.455 INFO  driver.Page (    Page.java:61) - Element is clicked successfully.
12:49:35.455 INFO  pageobjects.myAccountPage (myAccountPage.java:726) - Year selected successfully.
12:49:35.455 INFO  driver.Page (    Page.java:58) - Preparing for element to click.
12:49:35.455 INFO  driver.Page (    Page.java:232) - Waiting for element to be clickable for 120 seconds.
12:49:35.696 INFO  driver.Page (    Page.java:235) - Element is clickable now.
12:49:36.002 INFO  driver.Page (    Page.java:61) - Element is clicked successfully.
12:49:36.003 INFO  pageobjects.myAccountPage (myAccountPage.java:735) - Save Button successfully.
12:49:41.014 INFO  driver.Page (    Page.java:58) - Preparing for element to click.
12:49:41.014 INFO  driver.Page (    Page.java:232) - Waiting for element to be clickable for 120 seconds.
12:49:41.483 INFO  driver.Page (    Page.java:235) - Element is clickable now.
12:49:43.223 INFO  driver.DriverFactory (DriverFactory.java:125) - Clearing all the cookies.
12:50:21.600 INFO  driver.WebDriverFactory (WebDriverFactory.java:192) - Setting up the browser window to its max.
12:50:22.061 INFO  driver.WebDriverFactory (WebDriverFactory.java:181) - Initializing the implicit wait timeout for {} 5
12:50:26.182 INFO  driver.WebDriverFactory (WebDriverFactory.java:184) - Initializing the page load timeout.
12:50:26.218 INFO  driver.DriverFactory (DriverFactory.java:125) - Clearing all the cookies.
12:50:26.233 INFO  driver.DriverFactory (DriverFactory.java:62) - Open the url {} https://u2-alectra.smartcmobile.net/portal/#/login using the selenium get() method.
12:50:55.722 INFO  scp.myAccountTests (myAccountTests.java:25) - To perform sanity testing on Guest User Sub-Module
12:51:00.073 INFO  pageobjects.myAccountPage (myAccountPage.java:29) - Populating User Name {} :0023826434
12:51:00.125 INFO  driver.Page (    Page.java:129) - Wait for element {} [[ChromeDriver: chrome on windows (e0c7abfe80db0da34a7a4b9846eeec7a)] -> xpath: //*[@id='username']] to be present in the DOM for duration of {} 120
12:51:00.125 INFO  driver.Page (    Page.java:257) - Waiting for element to be visible for 120 seconds.
12:51:00.583 INFO  driver.Page (    Page.java:260) - Element is visible on the page.
12:51:01.589 INFO  driver.Page (    Page.java:131) - Clearing the element {} [[ChromeDriver: chrome on windows (e0c7abfe80db0da34a7a4b9846eeec7a)] -> xpath: //*[@id='username']] before sending the keys.
12:51:01.688 INFO  driver.Page (    Page.java:133) - Sending the following keys {} 0023826434 to the element {} [[ChromeDriver: chrome on windows (e0c7abfe80db0da34a7a4b9846eeec7a)] -> xpath: //*[@id='username']]
12:51:02.552 INFO  pageobjects.myAccountPage (myAccountPage.java:31) - User Username populated successfully.
12:51:02.553 INFO  pageobjects.myAccountPage (myAccountPage.java:38) - Populating Password {} :Demo@123
12:51:02.598 INFO  driver.Page (    Page.java:129) - Wait for element {} [[ChromeDriver: chrome on windows (e0c7abfe80db0da34a7a4b9846eeec7a)] -> xpath: //*[@id='password']] to be present in the DOM for duration of {} 120
12:51:02.599 INFO  driver.Page (    Page.java:257) - Waiting for element to be visible for 120 seconds.
12:51:03.129 INFO  driver.Page (    Page.java:260) - Element is visible on the page.
12:51:03.203 INFO  driver.Page (    Page.java:131) - Clearing the element {} [[ChromeDriver: chrome on windows (e0c7abfe80db0da34a7a4b9846eeec7a)] -> xpath: //*[@id='password']] before sending the keys.
12:51:03.415 INFO  driver.Page (    Page.java:133) - Sending the following keys {} Demo@123 to the element {} [[ChromeDriver: chrome on windows (e0c7abfe80db0da34a7a4b9846eeec7a)] -> xpath: //*[@id='password']]
12:51:03.856 INFO  pageobjects.myAccountPage (myAccountPage.java:40) - Password populated successfully.
12:51:03.856 INFO  driver.Page (    Page.java:58) - Preparing for element to click.
12:51:03.856 INFO  driver.Page (    Page.java:232) - Waiting for element to be clickable for 120 seconds.
12:51:04.138 INFO  driver.Page (    Page.java:235) - Element is clickable now.
12:51:04.943 INFO  driver.Page (    Page.java:61) - Element is clicked successfully.
12:51:04.943 INFO  pageobjects.myAccountPage (myAccountPage.java:48) - LogIn Button clicked successfully.
12:51:06.777 INFO  driver.Page (    Page.java:305) - Element {} : [[ChromeDriver: chrome on windows (e0c7abfe80db0da34a7a4b9846eeec7a)] -> xpath: //*[@id='dtHome']] is visible on the page.
12:51:16.949 INFO  driver.Page (    Page.java:257) - Waiting for element to be visible for 120 seconds.
12:51:17.032 INFO  driver.Page (    Page.java:260) - Element is visible on the page.
12:51:17.032 INFO  driver.Page (    Page.java:569) - Preparing for element to click.
12:51:23.216 INFO  driver.Page (    Page.java:576) - Element is clicked successfully.
12:51:23.216 INFO  pageobjects.myAccountPage (myAccountPage.java:65) - Account dropdown clicked successfully.
12:51:32.356 INFO  driver.Page (    Page.java:257) - Waiting for element to be visible for 120 seconds.
12:51:37.428 INFO  driver.Page (    Page.java:260) - Element is visible on the page.
12:51:37.428 INFO  driver.Page (    Page.java:569) - Preparing for element to click.
12:51:37.569 INFO  driver.Page (    Page.java:576) - Element is clicked successfully.
12:51:37.570 INFO  pageobjects.myAccountPage (myAccountPage.java:75) - Guest user hyperlink clicked successfully.
12:51:48.843 INFO  driver.Page (    Page.java:58) - Preparing for element to click.
12:51:48.844 INFO  driver.Page (    Page.java:232) - Waiting for element to be clickable for 120 seconds.
12:53:58.693 INFO  driver.DriverFactory (DriverFactory.java:125) - Clearing all the cookies.
12:59:54.925 INFO  utils.ExcelUtils (ExcelUtils.java:41) - Test Runner excel row at: 1
12:59:54.939 INFO  utils.ExcelUtils (ExcelUtils.java:41) - Test Runner excel row at: 2
12:59:54.940 INFO  utils.ExcelUtils (ExcelUtils.java:41) - Test Runner excel row at: 3
12:59:54.941 INFO  utils.ExcelUtils (ExcelUtils.java:41) - Test Runner excel row at: 4
12:59:54.946 INFO  utils.ExcelUtils (ExcelUtils.java:41) - Test Runner excel row at: 5
12:59:55.078 INFO  utils.ExcelUtils (ExcelUtils.java:41) - Test Runner excel row at: 6
12:59:55.352 INFO  utils.ExcelUtils (ExcelUtils.java:41) - Test Runner excel row at: 7
12:59:55.507 INFO  utils.ExcelUtils (ExcelUtils.java:41) - Test Runner excel row at: 8
12:59:55.587 INFO  utils.ExcelUtils (ExcelUtils.java:41) - Test Runner excel row at: 9
12:59:55.652 INFO  utils.ExcelUtils (ExcelUtils.java:41) - Test Runner excel row at: 10
12:59:55.828 INFO  utils.ExcelUtils (ExcelUtils.java:41) - Test Runner excel row at: 11
12:59:55.829 INFO  utils.ExcelUtils (ExcelUtils.java:41) - Test Runner excel row at: 12
12:59:55.830 INFO  utils.ExcelUtils (ExcelUtils.java:41) - Test Runner excel row at: 13
12:59:55.830 INFO  utils.ExcelUtils (ExcelUtils.java:41) - Test Runner excel row at: 14
12:59:55.831 INFO  utils.ExcelUtils (ExcelUtils.java:41) - Test Runner excel row at: 15
12:59:55.832 INFO  utils.ExcelUtils (ExcelUtils.java:41) - Test Runner excel row at: 16
12:59:55.832 INFO  utils.ExcelUtils (ExcelUtils.java:41) - Test Runner excel row at: 17
12:59:55.833 INFO  utils.ExcelUtils (ExcelUtils.java:41) - Test Runner excel row at: 18
12:59:55.833 INFO  utils.ExcelUtils (ExcelUtils.java:41) - Test Runner excel row at: 19
12:59:55.833 INFO  utils.ExcelUtils (ExcelUtils.java:41) - Test Runner excel row at: 20
12:59:55.834 INFO  utils.ExcelUtils (ExcelUtils.java:41) - Test Runner excel row at: 21
12:59:55.834 INFO  utils.ExcelUtils (ExcelUtils.java:41) - Test Runner excel row at: 22
12:59:55.835 INFO  utils.ExcelUtils (ExcelUtils.java:41) - Test Runner excel row at: 23
12:59:55.835 INFO  utils.ExcelUtils (ExcelUtils.java:41) - Test Runner excel row at: 24
12:59:55.836 INFO  utils.ExcelUtils (ExcelUtils.java:41) - Test Runner excel row at: 25
12:59:55.836 INFO  utils.ExcelUtils (ExcelUtils.java:41) - Test Runner excel row at: 26
12:59:55.837 INFO  utils.ExcelUtils (ExcelUtils.java:41) - Test Runner excel row at: 27
12:59:55.837 INFO  utils.ExcelUtils (ExcelUtils.java:41) - Test Runner excel row at: 28
12:59:55.838 INFO  utils.ExcelUtils (ExcelUtils.java:41) - Test Runner excel row at: 29
12:59:55.838 INFO  utils.ExcelUtils (ExcelUtils.java:41) - Test Runner excel row at: 30
12:59:55.838 INFO  utils.ExcelUtils (ExcelUtils.java:41) - Test Runner excel row at: 31
12:59:55.839 INFO  utils.ExcelUtils (ExcelUtils.java:41) - Test Runner excel row at: 32
12:59:55.839 INFO  utils.ExcelUtils (ExcelUtils.java:41) - Test Runner excel row at: 33
12:59:55.840 INFO  utils.ExcelUtils (ExcelUtils.java:41) - Test Runner excel row at: 34
12:59:55.840 INFO  utils.ExcelUtils (ExcelUtils.java:41) - Test Runner excel row at: 35
12:59:55.841 INFO  utils.ExcelUtils (ExcelUtils.java:41) - Test Runner excel row at: 36
12:59:55.841 INFO  utils.ExcelUtils (ExcelUtils.java:41) - Test Runner excel row at: 37
12:59:55.842 INFO  utils.ExcelUtils (ExcelUtils.java:41) - Test Runner excel row at: 38
12:59:55.842 INFO  utils.ExcelUtils (ExcelUtils.java:41) - Test Runner excel row at: 39
12:59:55.843 INFO  utils.ExcelUtils (ExcelUtils.java:41) - Test Runner excel row at: 40
12:59:55.844 INFO  utils.ExcelUtils (ExcelUtils.java:41) - Test Runner excel row at: 41
12:59:55.844 INFO  utils.ExcelUtils (ExcelUtils.java:41) - Test Runner excel row at: 42
12:59:55.936 INFO  utils.ExcelUtils (ExcelUtils.java:41) - Test Runner excel row at: 43
12:59:56.142 INFO  utils.ExcelUtils (ExcelUtils.java:41) - Test Runner excel row at: 44
12:59:56.203 INFO  utils.ExcelUtils (ExcelUtils.java:41) - Test Runner excel row at: 45
12:59:56.318 INFO  utils.ExcelUtils (ExcelUtils.java:41) - Test Runner excel row at: 46
12:59:56.474 INFO  utils.ExcelUtils (ExcelUtils.java:41) - Test Runner excel row at: 47
12:59:56.515 INFO  utils.ExcelUtils (ExcelUtils.java:41) - Test Runner excel row at: 48
13:00:00.923 INFO  utils.ExcelUtils (ExcelUtils.java:41) - Test Runner excel row at: 49
13:00:00.923 INFO  utils.ExcelUtils (ExcelUtils.java:41) - Test Runner excel row at: 50
13:00:00.924 INFO  utils.ExcelUtils (ExcelUtils.java:41) - Test Runner excel row at: 51
13:00:00.925 INFO  utils.ExcelUtils (ExcelUtils.java:41) - Test Runner excel row at: 52
13:00:00.925 INFO  utils.ExcelUtils (ExcelUtils.java:41) - Test Runner excel row at: 53
13:00:00.926 INFO  utils.ExcelUtils (ExcelUtils.java:41) - Test Runner excel row at: 54
13:00:00.926 INFO  utils.ExcelUtils (ExcelUtils.java:41) - Test Runner excel row at: 55
13:00:00.926 INFO  utils.ExcelUtils (ExcelUtils.java:41) - Test Runner excel row at: 56
13:00:00.927 INFO  utils.ExcelUtils (ExcelUtils.java:41) - Test Runner excel row at: 57
13:00:00.928 INFO  utils.ExcelUtils (ExcelUtils.java:41) - Test Runner excel row at: 58
13:00:00.928 INFO  utils.ExcelUtils (ExcelUtils.java:41) - Test Runner excel row at: 59
13:00:00.929 INFO  utils.ExcelUtils (ExcelUtils.java:41) - Test Runner excel row at: 60
13:00:00.929 INFO  utils.ExcelUtils (ExcelUtils.java:41) - Test Runner excel row at: 61
13:00:00.929 INFO  utils.ExcelUtils (ExcelUtils.java:41) - Test Runner excel row at: 62
13:00:00.930 INFO  utils.ExcelUtils (ExcelUtils.java:41) - Test Runner excel row at: 63
13:00:00.930 INFO  utils.ExcelUtils (ExcelUtils.java:41) - Test Runner excel row at: 64
13:00:00.932 INFO  utils.ExcelUtils (ExcelUtils.java:41) - Test Runner excel row at: 65
13:00:00.932 INFO  utils.ExcelUtils (ExcelUtils.java:41) - Test Runner excel row at: 66
13:00:00.932 INFO  utils.ExcelUtils (ExcelUtils.java:41) - Test Runner excel row at: 67
13:00:00.933 INFO  utils.ExcelUtils (ExcelUtils.java:41) - Test Runner excel row at: 68
13:00:00.933 INFO  utils.ExcelUtils (ExcelUtils.java:41) - Test Runner excel row at: 69
13:00:00.934 INFO  utils.ExcelUtils (ExcelUtils.java:41) - Test Runner excel row at: 70
13:00:00.934 INFO  utils.ExcelUtils (ExcelUtils.java:41) - Test Runner excel row at: 71
13:00:00.935 INFO  utils.ExcelUtils (ExcelUtils.java:41) - Test Runner excel row at: 72
13:00:00.935 INFO  utils.ExcelUtils (ExcelUtils.java:41) - Test Runner excel row at: 73
13:00:00.935 INFO  utils.ExcelUtils (ExcelUtils.java:41) - Test Runner excel row at: 74
13:00:00.936 INFO  utils.ExcelUtils (ExcelUtils.java:41) - Test Runner excel row at: 75
13:00:00.936 INFO  utils.ExcelUtils (ExcelUtils.java:41) - Test Runner excel row at: 76
13:00:00.936 INFO  utils.ExcelUtils (ExcelUtils.java:41) - Test Runner excel row at: 77
13:00:00.937 INFO  utils.ExcelUtils (ExcelUtils.java:41) - Test Runner excel row at: 78
13:00:00.937 INFO  utils.ExcelUtils (ExcelUtils.java:41) - Test Runner excel row at: 79
13:00:00.938 INFO  utils.ExcelUtils (ExcelUtils.java:41) - Test Runner excel row at: 80
13:00:00.938 INFO  utils.ExcelUtils (ExcelUtils.java:41) - Test Runner excel row at: 81
13:00:00.939 INFO  utils.ExcelUtils (ExcelUtils.java:41) - Test Runner excel row at: 82
13:00:00.939 INFO  utils.ExcelUtils (ExcelUtils.java:41) - Test Runner excel row at: 83
13:00:00.939 INFO  utils.ExcelUtils (ExcelUtils.java:41) - Test Runner excel row at: 84
13:00:00.940 INFO  utils.ExcelUtils (ExcelUtils.java:41) - Test Runner excel row at: 85
13:00:00.940 INFO  utils.ExcelUtils (ExcelUtils.java:41) - Test Runner excel row at: 86
13:00:00.941 INFO  utils.ExcelUtils (ExcelUtils.java:41) - Test Runner excel row at: 87
13:00:00.941 INFO  utils.ExcelUtils (ExcelUtils.java:41) - Test Runner excel row at: 88
13:00:00.942 INFO  utils.ExcelUtils (ExcelUtils.java:41) - Test Runner excel row at: 89
13:00:00.942 INFO  utils.ExcelUtils (ExcelUtils.java:41) - Test Runner excel row at: 90
13:00:00.942 INFO  utils.ExcelUtils (ExcelUtils.java:41) - Test Runner excel row at: 91
13:00:00.943 INFO  utils.ExcelUtils (ExcelUtils.java:41) - Test Runner excel row at: 92
13:00:00.943 INFO  utils.ExcelUtils (ExcelUtils.java:41) - Test Runner excel row at: 93
13:00:00.944 INFO  utils.ExcelUtils (ExcelUtils.java:41) - Test Runner excel row at: 94
13:00:00.944 INFO  utils.ExcelUtils (ExcelUtils.java:41) - Test Runner excel row at: 95
13:00:06.862 INFO  utils.ExcelUtils (ExcelUtils.java:41) - Test Runner excel row at: 96
13:00:06.862 INFO  utils.ExcelUtils (ExcelUtils.java:41) - Test Runner excel row at: 97
13:00:06.863 INFO  utils.ExcelUtils (ExcelUtils.java:41) - Test Runner excel row at: 98
13:00:06.863 INFO  utils.ExcelUtils (ExcelUtils.java:41) - Test Runner excel row at: 99
13:00:06.864 INFO  utils.ExcelUtils (ExcelUtils.java:41) - Test Runner excel row at: 100
13:00:06.864 INFO  utils.ExcelUtils (ExcelUtils.java:41) - Test Runner excel row at: 101
13:00:06.864 INFO  utils.ExcelUtils (ExcelUtils.java:41) - Test Runner excel row at: 102
13:00:06.865 INFO  utils.ExcelUtils (ExcelUtils.java:41) - Test Runner excel row at: 103
13:00:06.865 INFO  utils.ExcelUtils (ExcelUtils.java:41) - Test Runner excel row at: 104
13:00:06.865 INFO  utils.ExcelUtils (ExcelUtils.java:41) - Test Runner excel row at: 105
13:00:06.866 INFO  utils.ExcelUtils (ExcelUtils.java:41) - Test Runner excel row at: 106
13:00:06.866 INFO  utils.ExcelUtils (ExcelUtils.java:41) - Test Runner excel row at: 107
13:00:06.866 INFO  utils.ExcelUtils (ExcelUtils.java:41) - Test Runner excel row at: 108
13:00:15.503 WARN  config.Configuration (Configuration.java:231) - QA env being used by default. No env property set. This can be set in the sew.app.yml config file with a '{}=' property or on the command line with the switch '-D{}='.
13:02:15.843 INFO  driver.WebDriverFactory (WebDriverFactory.java:192) - Setting up the browser window to its max.
13:02:15.983 INFO  driver.WebDriverFactory (WebDriverFactory.java:181) - Initializing the implicit wait timeout for {} 5
13:02:18.674 INFO  driver.WebDriverFactory (WebDriverFactory.java:184) - Initializing the page load timeout.
13:02:18.678 INFO  driver.DriverFactory (DriverFactory.java:125) - Clearing all the cookies.
13:02:24.606 INFO  driver.DriverFactory (DriverFactory.java:62) - Open the url {} https://u2-alectra.smartcmobile.net/portal/#/login using the selenium get() method.
13:03:05.510 INFO  scp.myAccountTests (myAccountTests.java:35) - To perform sanity testing on My Alectra Sub-Module
13:03:11.233 INFO  pageobjects.myAccountPage (myAccountPage.java:29) - Populating User Name {} :0023826434
13:03:11.266 INFO  driver.Page (    Page.java:129) - Wait for element {} [[ChromeDriver: chrome on windows (3ce1f3a6ce28c6133704443102698007)] -> xpath: //*[@id='username']] to be present in the DOM for duration of {} 120
13:03:11.266 INFO  driver.Page (    Page.java:257) - Waiting for element to be visible for 120 seconds.
13:03:16.946 INFO  driver.Page (    Page.java:260) - Element is visible on the page.
13:03:24.017 INFO  driver.Page (    Page.java:131) - Clearing the element {} [[ChromeDriver: chrome on windows (3ce1f3a6ce28c6133704443102698007)] -> xpath: //*[@id='username']] before sending the keys.
13:03:31.117 INFO  driver.Page (    Page.java:133) - Sending the following keys {} 0023826434 to the element {} [[ChromeDriver: chrome on windows (3ce1f3a6ce28c6133704443102698007)] -> xpath: //*[@id='username']]
13:03:38.266 INFO  pageobjects.myAccountPage (myAccountPage.java:31) - User Username populated successfully.
13:03:38.266 INFO  pageobjects.myAccountPage (myAccountPage.java:38) - Populating Password {} :Demo@123
13:03:38.330 INFO  driver.Page (    Page.java:129) - Wait for element {} [[ChromeDriver: chrome on windows (3ce1f3a6ce28c6133704443102698007)] -> xpath: //*[@id='password']] to be present in the DOM for duration of {} 120
13:03:38.330 INFO  driver.Page (    Page.java:257) - Waiting for element to be visible for 120 seconds.
13:03:45.386 INFO  driver.Page (    Page.java:260) - Element is visible on the page.
13:03:45.402 INFO  driver.Page (    Page.java:131) - Clearing the element {} [[ChromeDriver: chrome on windows (3ce1f3a6ce28c6133704443102698007)] -> xpath: //*[@id='password']] before sending the keys.
13:03:51.607 INFO  driver.Page (    Page.java:133) - Sending the following keys {} Demo@123 to the element {} [[ChromeDriver: chrome on windows (3ce1f3a6ce28c6133704443102698007)] -> xpath: //*[@id='password']]
13:03:57.767 INFO  pageobjects.myAccountPage (myAccountPage.java:40) - Password populated successfully.
13:03:57.767 INFO  driver.Page (    Page.java:58) - Preparing for element to click.
13:03:57.767 INFO  driver.Page (    Page.java:232) - Waiting for element to be clickable for 120 seconds.
13:04:04.416 INFO  driver.Page (    Page.java:235) - Element is clickable now.
13:04:05.597 INFO  driver.Page (    Page.java:61) - Element is clicked successfully.
13:04:05.619 INFO  pageobjects.myAccountPage (myAccountPage.java:48) - LogIn Button clicked successfully.
13:04:19.013 INFO  driver.Page (    Page.java:257) - Waiting for element to be visible for 120 seconds.
13:04:19.062 INFO  driver.Page (    Page.java:260) - Element is visible on the page.
13:04:19.063 INFO  driver.Page (    Page.java:569) - Preparing for element to click.
13:04:19.247 INFO  driver.Page (    Page.java:576) - Element is clicked successfully.
13:04:19.247 INFO  pageobjects.myAccountPage (myAccountPage.java:209) - Clicked Account module from Header
13:04:19.249 INFO  driver.Page (    Page.java:257) - Waiting for element to be visible for 120 seconds.
13:04:19.597 INFO  driver.Page (    Page.java:260) - Element is visible on the page.
13:04:19.597 INFO  driver.Page (    Page.java:569) - Preparing for element to click.
13:04:19.848 INFO  driver.Page (    Page.java:576) - Element is clicked successfully.
13:04:20.083 INFO  pageobjects.myAccountPage (myAccountPage.java:218) - Clicked My Alectra submodule successfully
13:04:32.850 INFO  driver.Page (    Page.java:58) - Preparing for element to click.
13:04:32.850 INFO  driver.Page (    Page.java:232) - Waiting for element to be clickable for 120 seconds.
13:04:38.966 INFO  driver.Page (    Page.java:235) - Element is clickable now.
13:04:39.175 INFO  driver.Page (    Page.java:61) - Element is clicked successfully.
13:04:39.175 INFO  pageobjects.myAccountPage (myAccountPage.java:226) - clicked Pen Icon successfully.
13:04:39.509 INFO  pageobjects.myAccountPage (myAccountPage.java:244) - Cleared Email Id Field successfully.
13:04:39.513 INFO  pageobjects.myAccountPage (myAccountPage.java:234) - Populating Email ID{} :aradhana.prasad@pwc.com
13:04:39.532 INFO  driver.Page (    Page.java:129) - Wait for element {} [[ChromeDriver: chrome on windows (3ce1f3a6ce28c6133704443102698007)] -> xpath: //*[@id="emailinput"]] to be present in the DOM for duration of {} 120
13:04:39.533 INFO  driver.Page (    Page.java:257) - Waiting for element to be visible for 120 seconds.
13:04:39.847 INFO  driver.Page (    Page.java:260) - Element is visible on the page.
13:04:39.872 INFO  driver.Page (    Page.java:131) - Clearing the element {} [[ChromeDriver: chrome on windows (3ce1f3a6ce28c6133704443102698007)] -> xpath: //*[@id="emailinput"]] before sending the keys.
13:04:46.017 INFO  driver.Page (    Page.java:133) - Sending the following keys {} aradhana.prasad@pwc.com to the element {} [[ChromeDriver: chrome on windows (3ce1f3a6ce28c6133704443102698007)] -> xpath: //*[@id="emailinput"]]
13:04:51.885 INFO  pageobjects.myAccountPage (myAccountPage.java:236) - User Email Id populated successfully.
13:04:51.885 INFO  pageobjects.myAccountPage (myAccountPage.java:251) - Populating Email Add{} :aradhana.prasad@pwc.com
13:04:52.038 INFO  driver.Page (    Page.java:129) - Wait for element {} [[ChromeDriver: chrome on windows (3ce1f3a6ce28c6133704443102698007)] -> xpath: /html/body/div[2]/div/div[3]/section/div[2]/div/div[1]/div[1]/div/form/div[4]/form/div[1]/div[2]/div/div/input] to be present in the DOM for duration of {} 120
13:04:52.038 INFO  driver.Page (    Page.java:257) - Waiting for element to be visible for 120 seconds.
13:04:52.343 INFO  driver.Page (    Page.java:260) - Element is visible on the page.
13:04:52.368 INFO  driver.Page (    Page.java:131) - Clearing the element {} [[ChromeDriver: chrome on windows (3ce1f3a6ce28c6133704443102698007)] -> xpath: /html/body/div[2]/div/div[3]/section/div[2]/div/div[1]/div[1]/div/form/div[4]/form/div[1]/div[2]/div/div/input] before sending the keys.
13:04:52.642 INFO  driver.Page (    Page.java:133) - Sending the following keys {} aradhana.prasad@pwc.com to the element {} [[ChromeDriver: chrome on windows (3ce1f3a6ce28c6133704443102698007)] -> xpath: /html/body/div[2]/div/div[3]/section/div[2]/div/div[1]/div[1]/div/form/div[4]/form/div[1]/div[2]/div/div/input]
13:04:53.671 INFO  pageobjects.myAccountPage (myAccountPage.java:253) - User Email Add populated successfully.
13:04:53.672 INFO  pageobjects.myAccountPage (myAccountPage.java:260) - Populating Current Pswrd{} :Demo@123
13:04:53.705 INFO  driver.Page (    Page.java:129) - Wait for element {} [[ChromeDriver: chrome on windows (3ce1f3a6ce28c6133704443102698007)] -> xpath: //*[@id='filled-password-input']] to be present in the DOM for duration of {} 120
13:04:53.706 INFO  driver.Page (    Page.java:257) - Waiting for element to be visible for 120 seconds.
13:05:14.497 INFO  driver.Page (    Page.java:260) - Element is visible on the page.
13:05:14.513 INFO  driver.Page (    Page.java:131) - Clearing the element {} [[ChromeDriver: chrome on windows (3ce1f3a6ce28c6133704443102698007)] -> xpath: //*[@id='filled-password-input']] before sending the keys.
13:05:22.181 INFO  driver.Page (    Page.java:133) - Sending the following keys {} Demo@123 to the element {} [[ChromeDriver: chrome on windows (3ce1f3a6ce28c6133704443102698007)] -> xpath: //*[@id='filled-password-input']]
13:05:29.366 INFO  pageobjects.myAccountPage (myAccountPage.java:262) - User Current password populated successfully.
13:05:29.366 INFO  driver.Page (    Page.java:257) - Waiting for element to be visible for 120 seconds.
13:05:35.821 INFO  driver.Page (    Page.java:260) - Element is visible on the page.
13:05:35.821 INFO  driver.Page (    Page.java:569) - Preparing for element to click.
13:05:36.037 INFO  driver.Page (    Page.java:576) - Element is clicked successfully.
13:05:36.037 INFO  pageobjects.myAccountPage (myAccountPage.java:271) - Clicked Save Button Successfully
13:05:48.996 INFO  driver.Page (    Page.java:257) - Waiting for element to be visible for 120 seconds.
13:05:54.785 INFO  driver.Page (    Page.java:260) - Element is visible on the page.
13:05:54.785 INFO  driver.Page (    Page.java:569) - Preparing for element to click.
13:05:55.232 INFO  driver.Page (    Page.java:576) - Element is clicked successfully.
13:05:55.232 INFO  pageobjects.myAccountPage (myAccountPage.java:408) - Clicked on plus icon Successfully
13:06:02.436 INFO  pageobjects.myAccountPage (myAccountPage.java:415) - Populating Business Phone No {} :0023826434
13:06:02.494 INFO  driver.Page (    Page.java:129) - Wait for element {} [[ChromeDriver: chrome on windows (3ce1f3a6ce28c6133704443102698007)] -> xpath: //*[@id="SecPhoneNumber"]] to be present in the DOM for duration of {} 120
13:06:02.494 INFO  driver.Page (    Page.java:257) - Waiting for element to be visible for 120 seconds.
13:06:07.872 INFO  driver.Page (    Page.java:260) - Element is visible on the page.
13:06:08.117 INFO  driver.Page (    Page.java:131) - Clearing the element {} [[ChromeDriver: chrome on windows (3ce1f3a6ce28c6133704443102698007)] -> xpath: //*[@id="SecPhoneNumber"]] before sending the keys.
13:06:08.345 INFO  driver.Page (    Page.java:133) - Sending the following keys {} 0023826434 to the element {} [[ChromeDriver: chrome on windows (3ce1f3a6ce28c6133704443102698007)] -> xpath: //*[@id="SecPhoneNumber"]]
13:06:08.550 INFO  pageobjects.myAccountPage (myAccountPage.java:417) - User Business pone number populated successfully.
13:06:08.550 INFO  driver.Page (    Page.java:257) - Waiting for element to be visible for 120 seconds.
13:06:09.012 INFO  driver.Page (    Page.java:260) - Element is visible on the page.
13:06:09.012 INFO  driver.Page (    Page.java:569) - Preparing for element to click.
13:06:09.319 INFO  driver.Page (    Page.java:576) - Element is clicked successfully.
13:06:09.319 INFO  pageobjects.myAccountPage (myAccountPage.java:426) - Clicked on save button Successfully
13:06:14.609 INFO  driver.Page (    Page.java:569) - Preparing for element to click.
13:06:19.904 INFO  driver.Page (    Page.java:576) - Element is clicked successfully.
13:06:19.904 INFO  pageobjects.myAccountPage (myAccountPage.java:435) - Clicked Continue button Successfully
13:06:21.641 INFO  driver.DriverFactory (DriverFactory.java:125) - Clearing all the cookies.
13:07:44.235 INFO  driver.WebDriverFactory (WebDriverFactory.java:192) - Setting up the browser window to its max.
13:07:44.974 INFO  driver.WebDriverFactory (WebDriverFactory.java:181) - Initializing the implicit wait timeout for {} 5
13:07:49.974 INFO  driver.WebDriverFactory (WebDriverFactory.java:184) - Initializing the page load timeout.
13:07:50.223 INFO  driver.DriverFactory (DriverFactory.java:125) - Clearing all the cookies.
13:07:55.911 INFO  driver.DriverFactory (DriverFactory.java:62) - Open the url {} https://u2-alectra.smartcmobile.net/portal/#/login using the selenium get() method.
13:08:45.599 INFO  scp.myAccountTests (myAccountTests.java:66) - To perform sanity on Payment Information Submodule
13:08:47.607 INFO  pageobjects.myAccountPage (myAccountPage.java:29) - Populating User Name {} :0023826434
13:08:47.691 INFO  driver.Page (    Page.java:129) - Wait for element {} [[ChromeDriver: chrome on windows (7b642d2f5b6920fd54008cc2d498d4ca)] -> xpath: //*[@id='username']] to be present in the DOM for duration of {} 120
13:08:47.692 INFO  driver.Page (    Page.java:257) - Waiting for element to be visible for 120 seconds.
13:08:52.420 INFO  driver.Page (    Page.java:260) - Element is visible on the page.
13:08:52.454 INFO  driver.Page (    Page.java:131) - Clearing the element {} [[ChromeDriver: chrome on windows (7b642d2f5b6920fd54008cc2d498d4ca)] -> xpath: //*[@id='username']] before sending the keys.
13:08:53.104 INFO  driver.Page (    Page.java:133) - Sending the following keys {} 0023826434 to the element {} [[ChromeDriver: chrome on windows (7b642d2f5b6920fd54008cc2d498d4ca)] -> xpath: //*[@id='username']]
13:08:54.552 INFO  pageobjects.myAccountPage (myAccountPage.java:31) - User Username populated successfully.
13:08:54.553 INFO  pageobjects.myAccountPage (myAccountPage.java:38) - Populating Password {} :Demo@123
13:08:54.605 INFO  driver.Page (    Page.java:129) - Wait for element {} [[ChromeDriver: chrome on windows (7b642d2f5b6920fd54008cc2d498d4ca)] -> xpath: //*[@id='password']] to be present in the DOM for duration of {} 120
13:08:54.605 INFO  driver.Page (    Page.java:257) - Waiting for element to be visible for 120 seconds.
13:09:00.678 INFO  driver.Page (    Page.java:260) - Element is visible on the page.
13:09:00.716 INFO  driver.Page (    Page.java:131) - Clearing the element {} [[ChromeDriver: chrome on windows (7b642d2f5b6920fd54008cc2d498d4ca)] -> xpath: //*[@id='password']] before sending the keys.
13:09:07.593 INFO  driver.Page (    Page.java:133) - Sending the following keys {} Demo@123 to the element {} [[ChromeDriver: chrome on windows (7b642d2f5b6920fd54008cc2d498d4ca)] -> xpath: //*[@id='password']]
13:09:13.624 INFO  pageobjects.myAccountPage (myAccountPage.java:40) - Password populated successfully.
13:09:13.625 INFO  driver.Page (    Page.java:58) - Preparing for element to click.
13:09:13.625 INFO  driver.Page (    Page.java:232) - Waiting for element to be clickable for 120 seconds.
13:09:20.364 INFO  driver.Page (    Page.java:235) - Element is clickable now.
13:09:28.018 INFO  driver.Page (    Page.java:61) - Element is clicked successfully.
13:09:28.019 INFO  pageobjects.myAccountPage (myAccountPage.java:48) - LogIn Button clicked successfully.
13:09:49.417 INFO  driver.Page (    Page.java:257) - Waiting for element to be visible for 120 seconds.
13:09:49.482 INFO  driver.Page (    Page.java:260) - Element is visible on the page.
13:09:49.483 INFO  driver.Page (    Page.java:569) - Preparing for element to click.
13:09:50.670 INFO  driver.Page (    Page.java:576) - Element is clicked successfully.
13:09:50.670 INFO  pageobjects.myAccountPage (myAccountPage.java:65) - Account dropdown clicked successfully.
13:09:50.670 INFO  driver.Page (    Page.java:58) - Preparing for element to click.
13:09:50.670 INFO  driver.Page (    Page.java:232) - Waiting for element to be clickable for 120 seconds.
13:09:55.534 INFO  driver.Page (    Page.java:235) - Element is clickable now.
13:10:02.035 INFO  driver.Page (    Page.java:61) - Element is clicked successfully.
13:10:02.035 INFO  pageobjects.myAccountPage (myAccountPage.java:619) - Payment information hyperlink clicked successfully.
13:10:06.504 INFO  driver.Page (    Page.java:58) - Preparing for element to click.
13:10:06.504 INFO  driver.Page (    Page.java:232) - Waiting for element to be clickable for 120 seconds.
13:10:11.953 INFO  driver.Page (    Page.java:235) - Element is clickable now.
13:10:13.072 INFO  driver.Page (    Page.java:61) - Element is clicked successfully.
13:10:13.073 INFO  pageobjects.myAccountPage (myAccountPage.java:628) - Add Payment hyperlink clicked successfully.
13:10:14.891 INFO  pageobjects.myAccountPage (myAccountPage.java:635) - Populating Name on the card {} :DummyCardTest
13:10:14.931 INFO  driver.Page (    Page.java:129) - Wait for element {} [[ChromeDriver: chrome on windows (7b642d2f5b6920fd54008cc2d498d4ca)] -> xpath: //*[@id="NameOnCard"]] to be present in the DOM for duration of {} 120
13:10:14.931 INFO  driver.Page (    Page.java:257) - Waiting for element to be visible for 120 seconds.
13:10:17.898 INFO  driver.Page (    Page.java:260) - Element is visible on the page.
13:10:17.923 INFO  driver.Page (    Page.java:131) - Clearing the element {} [[ChromeDriver: chrome on windows (7b642d2f5b6920fd54008cc2d498d4ca)] -> xpath: //*[@id="NameOnCard"]] before sending the keys.
13:10:23.970 INFO  driver.Page (    Page.java:133) - Sending the following keys {} DummyCardTest to the element {} [[ChromeDriver: chrome on windows (7b642d2f5b6920fd54008cc2d498d4ca)] -> xpath: //*[@id="NameOnCard"]]
13:10:24.443 INFO  pageobjects.myAccountPage (myAccountPage.java:637) - Name on the card populated successfully.
13:10:24.444 INFO  pageobjects.myAccountPage (myAccountPage.java:652) - Populating Card number {} :371100001000131
13:10:24.471 INFO  driver.Page (    Page.java:129) - Wait for element {} [[ChromeDriver: chrome on windows (7b642d2f5b6920fd54008cc2d498d4ca)] -> xpath: //*[@id='cardNumber']] to be present in the DOM for duration of {} 120
13:10:24.471 INFO  driver.Page (    Page.java:257) - Waiting for element to be visible for 120 seconds.
13:10:24.535 INFO  driver.Page (    Page.java:260) - Element is visible on the page.
13:10:24.741 INFO  driver.Page (    Page.java:131) - Clearing the element {} [[ChromeDriver: chrome on windows (7b642d2f5b6920fd54008cc2d498d4ca)] -> xpath: //*[@id='cardNumber']] before sending the keys.
13:10:24.856 INFO  driver.Page (    Page.java:133) - Sending the following keys {} 371100001000131 to the element {} [[ChromeDriver: chrome on windows (7b642d2f5b6920fd54008cc2d498d4ca)] -> xpath: //*[@id='cardNumber']]
13:10:38.663 INFO  pageobjects.myAccountPage (myAccountPage.java:654) - Card number populated successfully.
13:10:38.665 INFO  pageobjects.myAccountPage (myAccountPage.java:670) - Populating CVV {} :1234
13:10:38.903 INFO  driver.Page (    Page.java:129) - Wait for element {} [[ChromeDriver: chrome on windows (7b642d2f5b6920fd54008cc2d498d4ca)] -> xpath: //*[@id='securityCode']] to be present in the DOM for duration of {} 120
13:10:43.939 INFO  driver.Page (    Page.java:257) - Waiting for element to be visible for 120 seconds.
13:10:44.129 INFO  driver.Page (    Page.java:260) - Element is visible on the page.
13:10:49.891 INFO  driver.Page (    Page.java:131) - Clearing the element {} [[ChromeDriver: chrome on windows (7b642d2f5b6920fd54008cc2d498d4ca)] -> xpath: //*[@id='securityCode']] before sending the keys.
13:10:50.192 INFO  driver.Page (    Page.java:133) - Sending the following keys {} 1234 to the element {} [[ChromeDriver: chrome on windows (7b642d2f5b6920fd54008cc2d498d4ca)] -> xpath: //*[@id='securityCode']]
13:10:50.481 INFO  pageobjects.myAccountPage (myAccountPage.java:672) - CVV populated successfully.
13:10:50.492 INFO  driver.Page (    Page.java:58) - Preparing for element to click.
13:10:50.493 INFO  driver.Page (    Page.java:232) - Waiting for element to be clickable for 120 seconds.
13:10:51.222 INFO  driver.Page (    Page.java:235) - Element is clickable now.
13:10:51.375 INFO  driver.Page (    Page.java:61) - Element is clicked successfully.
13:10:51.383 INFO  pageobjects.myAccountPage (myAccountPage.java:699) - Month clicked successfully.
13:10:51.383 INFO  driver.Page (    Page.java:58) - Preparing for element to click.
13:10:51.383 INFO  driver.Page (    Page.java:232) - Waiting for element to be clickable for 120 seconds.
13:11:01.794 INFO  driver.Page (    Page.java:235) - Element is clickable now.
13:11:02.615 INFO  driver.Page (    Page.java:61) - Element is clicked successfully.
13:11:02.615 INFO  pageobjects.myAccountPage (myAccountPage.java:708) - Month selected successfully.
13:11:02.615 INFO  driver.Page (    Page.java:58) - Preparing for element to click.
13:11:06.500 INFO  driver.Page (    Page.java:232) - Waiting for element to be clickable for 120 seconds.
13:11:11.336 INFO  driver.Page (    Page.java:235) - Element is clickable now.
13:11:17.214 INFO  driver.Page (    Page.java:61) - Element is clicked successfully.
13:11:17.214 INFO  pageobjects.myAccountPage (myAccountPage.java:717) - Year clicked successfully.
13:11:17.214 INFO  driver.Page (    Page.java:58) - Preparing for element to click.
13:11:17.214 INFO  driver.Page (    Page.java:232) - Waiting for element to be clickable for 120 seconds.
13:11:23.190 INFO  driver.Page (    Page.java:235) - Element is clickable now.
13:11:33.845 INFO  driver.Page (    Page.java:61) - Element is clicked successfully.
13:11:33.846 INFO  pageobjects.myAccountPage (myAccountPage.java:726) - Year selected successfully.
13:11:33.846 INFO  driver.Page (    Page.java:58) - Preparing for element to click.
13:11:33.846 INFO  driver.Page (    Page.java:232) - Waiting for element to be clickable for 120 seconds.
13:11:38.592 INFO  driver.Page (    Page.java:235) - Element is clickable now.
13:11:43.313 INFO  driver.Page (    Page.java:61) - Element is clicked successfully.
13:11:43.324 INFO  pageobjects.myAccountPage (myAccountPage.java:735) - Save Button successfully.
13:11:55.655 INFO  driver.Page (    Page.java:58) - Preparing for element to click.
13:11:55.655 INFO  driver.Page (    Page.java:232) - Waiting for element to be clickable for 120 seconds.
13:11:59.994 INFO  driver.Page (    Page.java:235) - Element is clickable now.
13:12:04.869 INFO  driver.Page (    Page.java:61) - Element is clicked successfully.
13:12:04.869 INFO  pageobjects.myAccountPage (myAccountPage.java:767) - Payment Three dot icon clicked successfully.
13:12:06.408 INFO  driver.Page (    Page.java:58) - Preparing for element to click.
13:12:06.408 INFO  driver.Page (    Page.java:232) - Waiting for element to be clickable for 120 seconds.
13:12:20.126 INFO  driver.Page (    Page.java:235) - Element is clickable now.
13:12:20.850 INFO  driver.Page (    Page.java:61) - Element is clicked successfully.
13:12:20.850 INFO  pageobjects.myAccountPage (myAccountPage.java:776) - Edit option clicked successfully.
13:12:31.351 INFO  pageobjects.myAccountPage (myAccountPage.java:679) - Populating CVV {} :1234
13:12:31.367 INFO  driver.Page (    Page.java:129) - Wait for element {} [[ChromeDriver: chrome on windows (7b642d2f5b6920fd54008cc2d498d4ca)] -> xpath: //*[@id='securityCode']] to be present in the DOM for duration of {} 120
13:12:31.367 INFO  driver.Page (    Page.java:257) - Waiting for element to be visible for 120 seconds.
13:12:39.216 INFO  driver.Page (    Page.java:260) - Element is visible on the page.
13:12:39.265 INFO  driver.Page (    Page.java:131) - Clearing the element {} [[ChromeDriver: chrome on windows (7b642d2f5b6920fd54008cc2d498d4ca)] -> xpath: //*[@id='securityCode']] before sending the keys.
13:12:39.605 INFO  driver.Page (    Page.java:133) - Sending the following keys {} 1234 to the element {} [[ChromeDriver: chrome on windows (7b642d2f5b6920fd54008cc2d498d4ca)] -> xpath: //*[@id='securityCode']]
13:12:40.572 INFO  pageobjects.myAccountPage (myAccountPage.java:681) - CVV populated successfully.
13:12:40.572 INFO  driver.Page (    Page.java:58) - Preparing for element to click.
13:12:40.572 INFO  driver.Page (    Page.java:232) - Waiting for element to be clickable for 120 seconds.
13:12:47.642 INFO  driver.Page (    Page.java:235) - Element is clickable now.
13:12:54.563 INFO  driver.Page (    Page.java:61) - Element is clicked successfully.
13:12:54.563 INFO  pageobjects.myAccountPage (myAccountPage.java:699) - Month clicked successfully.
13:12:54.563 INFO  driver.Page (    Page.java:58) - Preparing for element to click.
13:12:54.563 INFO  driver.Page (    Page.java:232) - Waiting for element to be clickable for 120 seconds.
13:12:59.360 INFO  driver.Page (    Page.java:235) - Element is clickable now.
13:13:05.259 INFO  driver.Page (    Page.java:61) - Element is clicked successfully.
13:13:05.259 INFO  pageobjects.myAccountPage (myAccountPage.java:708) - Month selected successfully.
13:13:05.259 INFO  driver.Page (    Page.java:58) - Preparing for element to click.
13:13:05.259 INFO  driver.Page (    Page.java:232) - Waiting for element to be clickable for 120 seconds.
13:13:10.090 INFO  driver.Page (    Page.java:235) - Element is clickable now.
13:13:15.950 INFO  driver.Page (    Page.java:61) - Element is clicked successfully.
13:13:15.950 INFO  pageobjects.myAccountPage (myAccountPage.java:717) - Year clicked successfully.
13:13:15.951 INFO  driver.Page (    Page.java:58) - Preparing for element to click.
13:13:15.951 INFO  driver.Page (    Page.java:232) - Waiting for element to be clickable for 120 seconds.
13:13:23.099 INFO  driver.Page (    Page.java:235) - Element is clickable now.
13:13:29.009 INFO  driver.Page (    Page.java:61) - Element is clicked successfully.
13:13:29.009 INFO  pageobjects.myAccountPage (myAccountPage.java:726) - Year selected successfully.
13:13:29.009 INFO  driver.Page (    Page.java:58) - Preparing for element to click.
13:13:29.009 INFO  driver.Page (    Page.java:232) - Waiting for element to be clickable for 120 seconds.
13:13:29.136 INFO  driver.Page (    Page.java:235) - Element is clickable now.
13:13:29.366 INFO  driver.Page (    Page.java:61) - Element is clicked successfully.
13:13:29.366 INFO  pageobjects.myAccountPage (myAccountPage.java:735) - Save Button successfully.
13:13:34.441 INFO  driver.Page (    Page.java:58) - Preparing for element to click.
13:13:34.441 INFO  driver.Page (    Page.java:232) - Waiting for element to be clickable for 120 seconds.
13:13:36.733 INFO  driver.Page (    Page.java:235) - Element is clickable now.
13:13:51.575 INFO  driver.DriverFactory (DriverFactory.java:125) - Clearing all the cookies.
13:14:55.402 INFO  driver.WebDriverFactory (WebDriverFactory.java:192) - Setting up the browser window to its max.
13:15:04.002 INFO  driver.WebDriverFactory (WebDriverFactory.java:181) - Initializing the implicit wait timeout for {} 5
13:15:04.152 INFO  driver.WebDriverFactory (WebDriverFactory.java:184) - Initializing the page load timeout.
13:15:04.450 INFO  driver.DriverFactory (DriverFactory.java:125) - Clearing all the cookies.
13:15:08.778 INFO  driver.DriverFactory (DriverFactory.java:62) - Open the url {} https://u2-alectra.smartcmobile.net/portal/#/login using the selenium get() method.
13:16:06.735 INFO  scp.myAccountTests (myAccountTests.java:25) - To perform sanity testing on Guest User Sub-Module
13:16:08.632 INFO  pageobjects.myAccountPage (myAccountPage.java:29) - Populating User Name {} :0023826434
13:16:08.656 INFO  driver.Page (    Page.java:129) - Wait for element {} [[ChromeDriver: chrome on windows (ddf1ffef26865f18df0c98cf879f5744)] -> xpath: //*[@id='username']] to be present in the DOM for duration of {} 120
13:16:08.656 INFO  driver.Page (    Page.java:257) - Waiting for element to be visible for 120 seconds.
13:16:09.489 INFO  driver.Page (    Page.java:260) - Element is visible on the page.
13:16:09.496 INFO  driver.Page (    Page.java:131) - Clearing the element {} [[ChromeDriver: chrome on windows (ddf1ffef26865f18df0c98cf879f5744)] -> xpath: //*[@id='username']] before sending the keys.
13:16:22.373 INFO  driver.Page (    Page.java:133) - Sending the following keys {} 0023826434 to the element {} [[ChromeDriver: chrome on windows (ddf1ffef26865f18df0c98cf879f5744)] -> xpath: //*[@id='username']]
13:16:22.825 INFO  pageobjects.myAccountPage (myAccountPage.java:31) - User Username populated successfully.
13:16:22.825 INFO  pageobjects.myAccountPage (myAccountPage.java:38) - Populating Password {} :Demo@123
13:16:29.516 INFO  driver.Page (    Page.java:129) - Wait for element {} [[ChromeDriver: chrome on windows (ddf1ffef26865f18df0c98cf879f5744)] -> xpath: //*[@id='password']] to be present in the DOM for duration of {} 120
13:16:29.516 INFO  driver.Page (    Page.java:257) - Waiting for element to be visible for 120 seconds.
13:16:29.548 INFO  driver.Page (    Page.java:260) - Element is visible on the page.
13:16:36.651 INFO  driver.Page (    Page.java:131) - Clearing the element {} [[ChromeDriver: chrome on windows (ddf1ffef26865f18df0c98cf879f5744)] -> xpath: //*[@id='password']] before sending the keys.
13:16:43.765 INFO  driver.Page (    Page.java:133) - Sending the following keys {} Demo@123 to the element {} [[ChromeDriver: chrome on windows (ddf1ffef26865f18df0c98cf879f5744)] -> xpath: //*[@id='password']]
13:16:49.693 INFO  pageobjects.myAccountPage (myAccountPage.java:40) - Password populated successfully.
13:16:49.694 INFO  driver.Page (    Page.java:58) - Preparing for element to click.
13:16:49.694 INFO  driver.Page (    Page.java:232) - Waiting for element to be clickable for 120 seconds.
13:16:50.010 INFO  driver.Page (    Page.java:235) - Element is clickable now.
13:16:50.599 INFO  driver.Page (    Page.java:61) - Element is clicked successfully.
13:16:50.604 INFO  pageobjects.myAccountPage (myAccountPage.java:48) - LogIn Button clicked successfully.
13:17:03.948 INFO  driver.Page (    Page.java:305) - Element {} : [[ChromeDriver: chrome on windows (ddf1ffef26865f18df0c98cf879f5744)] -> xpath: //*[@id='dtHome']] is visible on the page.
13:17:13.964 INFO  driver.Page (    Page.java:257) - Waiting for element to be visible for 120 seconds.
13:17:14.252 INFO  driver.Page (    Page.java:260) - Element is visible on the page.
13:17:14.253 INFO  driver.Page (    Page.java:569) - Preparing for element to click.
13:17:17.064 INFO  driver.Page (    Page.java:576) - Element is clicked successfully.
13:17:17.064 INFO  pageobjects.myAccountPage (myAccountPage.java:65) - Account dropdown clicked successfully.
13:17:23.456 INFO  driver.Page (    Page.java:257) - Waiting for element to be visible for 120 seconds.
13:17:23.862 INFO  driver.Page (    Page.java:260) - Element is visible on the page.
13:17:23.862 INFO  driver.Page (    Page.java:569) - Preparing for element to click.
13:17:27.835 INFO  driver.Page (    Page.java:576) - Element is clicked successfully.
13:17:27.838 INFO  pageobjects.myAccountPage (myAccountPage.java:75) - Guest user hyperlink clicked successfully.
13:17:39.730 INFO  driver.Page (    Page.java:58) - Preparing for element to click.
13:17:39.730 INFO  driver.Page (    Page.java:232) - Waiting for element to be clickable for 120 seconds.
13:19:48.737 INFO  driver.DriverFactory (DriverFactory.java:125) - Clearing all the cookies.
13:20:58.849 INFO  driver.WebDriverFactory (WebDriverFactory.java:192) - Setting up the browser window to its max.
13:20:59.351 INFO  driver.WebDriverFactory (WebDriverFactory.java:181) - Initializing the implicit wait timeout for {} 5
13:21:03.205 INFO  driver.WebDriverFactory (WebDriverFactory.java:184) - Initializing the page load timeout.
13:21:03.208 INFO  driver.DriverFactory (DriverFactory.java:125) - Clearing all the cookies.
13:21:09.138 INFO  driver.DriverFactory (DriverFactory.java:62) - Open the url {} https://u2-alectra.smartcmobile.net/portal/#/login using the selenium get() method.
13:21:44.195 INFO  scp.myAccountTests (myAccountTests.java:46) - To perform sanity testing on My Alectra Sub-Module
13:21:48.184 INFO  pageobjects.myAccountPage (myAccountPage.java:29) - Populating User Name {} :0023826434
13:21:48.373 INFO  driver.Page (    Page.java:129) - Wait for element {} [[ChromeDriver: chrome on windows (e9c259366fb15a96415990617585eeb3)] -> xpath: //*[@id='username']] to be present in the DOM for duration of {} 120
13:21:48.373 INFO  driver.Page (    Page.java:257) - Waiting for element to be visible for 120 seconds.
13:21:48.844 INFO  driver.Page (    Page.java:260) - Element is visible on the page.
13:21:54.314 INFO  driver.Page (    Page.java:131) - Clearing the element {} [[ChromeDriver: chrome on windows (e9c259366fb15a96415990617585eeb3)] -> xpath: //*[@id='username']] before sending the keys.
13:21:58.018 INFO  driver.Page (    Page.java:133) - Sending the following keys {} 0023826434 to the element {} [[ChromeDriver: chrome on windows (e9c259366fb15a96415990617585eeb3)] -> xpath: //*[@id='username']]
13:21:58.883 INFO  pageobjects.myAccountPage (myAccountPage.java:31) - User Username populated successfully.
13:21:58.883 INFO  pageobjects.myAccountPage (myAccountPage.java:38) - Populating Password {} :Demo@123
13:22:02.077 INFO  driver.Page (    Page.java:129) - Wait for element {} [[ChromeDriver: chrome on windows (e9c259366fb15a96415990617585eeb3)] -> xpath: //*[@id='password']] to be present in the DOM for duration of {} 120
13:22:02.077 INFO  driver.Page (    Page.java:257) - Waiting for element to be visible for 120 seconds.
13:22:07.274 INFO  driver.Page (    Page.java:260) - Element is visible on the page.
13:22:07.310 INFO  driver.Page (    Page.java:131) - Clearing the element {} [[ChromeDriver: chrome on windows (e9c259366fb15a96415990617585eeb3)] -> xpath: //*[@id='password']] before sending the keys.
13:22:07.589 INFO  driver.Page (    Page.java:133) - Sending the following keys {} Demo@123 to the element {} [[ChromeDriver: chrome on windows (e9c259366fb15a96415990617585eeb3)] -> xpath: //*[@id='password']]
13:22:13.306 INFO  pageobjects.myAccountPage (myAccountPage.java:40) - Password populated successfully.
13:22:13.306 INFO  driver.Page (    Page.java:58) - Preparing for element to click.
13:22:13.306 INFO  driver.Page (    Page.java:232) - Waiting for element to be clickable for 120 seconds.
13:22:19.283 INFO  driver.Page (    Page.java:235) - Element is clickable now.
13:22:19.465 INFO  driver.Page (    Page.java:61) - Element is clicked successfully.
13:22:19.477 INFO  pageobjects.myAccountPage (myAccountPage.java:48) - LogIn Button clicked successfully.
13:22:32.688 INFO  driver.Page (    Page.java:257) - Waiting for element to be visible for 120 seconds.
13:22:32.882 INFO  driver.Page (    Page.java:260) - Element is visible on the page.
13:22:32.882 INFO  driver.Page (    Page.java:569) - Preparing for element to click.
13:22:34.120 INFO  driver.Page (    Page.java:576) - Element is clicked successfully.
13:22:34.120 INFO  pageobjects.myAccountPage (myAccountPage.java:209) - Clicked Account module from Header
13:22:34.120 INFO  driver.Page (    Page.java:257) - Waiting for element to be visible for 120 seconds.
13:22:40.673 INFO  driver.Page (    Page.java:260) - Element is visible on the page.
13:22:40.673 INFO  driver.Page (    Page.java:569) - Preparing for element to click.
13:22:47.707 INFO  driver.Page (    Page.java:576) - Element is clicked successfully.
13:22:47.707 INFO  pageobjects.myAccountPage (myAccountPage.java:280) - Clicked Account Information link Successfully
13:22:47.707 INFO  driver.Page (    Page.java:257) - Waiting for element to be visible for 120 seconds.
13:22:48.125 INFO  driver.Page (    Page.java:260) - Element is visible on the page.
13:22:48.125 INFO  driver.Page (    Page.java:569) - Preparing for element to click.
13:22:53.792 INFO  driver.Page (    Page.java:576) - Element is clicked successfully.
13:22:53.792 INFO  pageobjects.myAccountPage (myAccountPage.java:289) - Clicked Three dots icon Successfully
13:22:53.792 INFO  driver.Page (    Page.java:257) - Waiting for element to be visible for 120 seconds.
13:22:53.895 INFO  driver.Page (    Page.java:260) - Element is visible on the page.
13:22:53.917 INFO  driver.Page (    Page.java:569) - Preparing for element to click.
13:22:54.127 INFO  driver.Page (    Page.java:576) - Element is clicked successfully.
13:22:54.127 INFO  pageobjects.myAccountPage (myAccountPage.java:298) - Clicked Unlink Option Successfully
13:22:54.127 INFO  driver.Page (    Page.java:257) - Waiting for element to be visible for 120 seconds.
13:22:54.953 INFO  driver.Page (    Page.java:260) - Element is visible on the page.
13:22:54.953 INFO  driver.Page (    Page.java:569) - Preparing for element to click.
13:22:55.464 INFO  driver.Page (    Page.java:576) - Element is clicked successfully.
13:22:55.464 INFO  pageobjects.myAccountPage (myAccountPage.java:307) - Clicked Cancel Button Successfully
13:22:55.464 INFO  driver.Page (    Page.java:257) - Waiting for element to be visible for 120 seconds.
13:22:59.658 INFO  driver.Page (    Page.java:260) - Element is visible on the page.
13:22:59.659 INFO  driver.Page (    Page.java:569) - Preparing for element to click.
13:23:00.840 INFO  driver.Page (    Page.java:576) - Element is clicked successfully.
13:23:00.840 INFO  pageobjects.myAccountPage (myAccountPage.java:316) - Clicked Link Account option Successfully
13:23:00.841 INFO  pageobjects.myAccountPage (myAccountPage.java:323) - Populating First Name{} :Aradhana
13:23:00.902 INFO  driver.Page (    Page.java:129) - Wait for element {} [[ChromeDriver: chrome on windows (e9c259366fb15a96415990617585eeb3)] -> xpath: //*[@id="firstName"]] to be present in the DOM for duration of {} 120
13:23:00.902 INFO  driver.Page (    Page.java:257) - Waiting for element to be visible for 120 seconds.
13:23:22.206 INFO  driver.Page (    Page.java:260) - Element is visible on the page.
13:23:22.256 INFO  driver.Page (    Page.java:131) - Clearing the element {} [[ChromeDriver: chrome on windows (e9c259366fb15a96415990617585eeb3)] -> xpath: //*[@id="firstName"]] before sending the keys.
13:23:29.419 INFO  driver.Page (    Page.java:133) - Sending the following keys {} Aradhana to the element {} [[ChromeDriver: chrome on windows (e9c259366fb15a96415990617585eeb3)] -> xpath: //*[@id="firstName"]]
13:23:36.910 INFO  pageobjects.myAccountPage (myAccountPage.java:325) - User First Name populated successfully.
13:23:36.950 INFO  pageobjects.myAccountPage (myAccountPage.java:332) - Populating Current Pswrd{} :Prasad
13:23:37.022 INFO  driver.Page (    Page.java:129) - Wait for element {} [[ChromeDriver: chrome on windows (e9c259366fb15a96415990617585eeb3)] -> xpath: //*[@id="lastName"]] to be present in the DOM for duration of {} 120
13:23:37.022 INFO  driver.Page (    Page.java:257) - Waiting for element to be visible for 120 seconds.
13:23:44.037 INFO  driver.Page (    Page.java:260) - Element is visible on the page.
13:23:44.103 INFO  driver.Page (    Page.java:131) - Clearing the element {} [[ChromeDriver: chrome on windows (e9c259366fb15a96415990617585eeb3)] -> xpath: //*[@id="lastName"]] before sending the keys.
13:23:51.593 INFO  driver.Page (    Page.java:133) - Sending the following keys {} Prasad to the element {} [[ChromeDriver: chrome on windows (e9c259366fb15a96415990617585eeb3)] -> xpath: //*[@id="lastName"]]
13:23:59.371 INFO  pageobjects.myAccountPage (myAccountPage.java:334) - User Last Name populated successfully.
13:23:59.378 INFO  driver.Page (    Page.java:257) - Waiting for element to be visible for 120 seconds.
13:24:00.030 INFO  driver.Page (    Page.java:260) - Element is visible on the page.
13:24:00.030 INFO  driver.Page (    Page.java:569) - Preparing for element to click.
13:24:00.195 INFO  driver.Page (    Page.java:576) - Element is clicked successfully.
13:24:00.211 INFO  pageobjects.myAccountPage (myAccountPage.java:343) - Clicked Cancel Button Successfully
13:24:06.073 INFO  driver.DriverFactory (DriverFactory.java:125) - Clearing all the cookies.
