18:18:24.005 INFO  runner.TestRunner (TestRunner.java:53) - Initializing language config from CSP.
18:18:24.775 INFO  runner.TestRunner (TestRunner.java:56) - Initializing user model config.
18:18:24.790 WARN  config.Configuration (Configuration.java:231) - QA env being used by default. No env property set. This can be set in the sew.app.yml config file with a '{}=' property or on the command line with the switch '-D{}='.
18:18:30.910 INFO  runner.TestRunner (TestRunner.java:59) - Initializing auth token config.
18:18:30.910 INFO  runner.TestRunner (TestRunner.java:62) - Initializing Admin User config.
18:18:32.672 INFO  utils.ExcelUtils (ExcelUtils.java:35) - Test Runner excel row at: 1
18:18:32.682 INFO  utils.ExcelUtils (ExcelUtils.java:35) - Test Runner excel row at: 2
18:18:32.683 INFO  utils.ExcelUtils (ExcelUtils.java:35) - Test Runner excel row at: 3
18:18:32.684 INFO  utils.ExcelUtils (ExcelUtils.java:35) - Test Runner excel row at: 4
18:18:32.685 INFO  utils.ExcelUtils (ExcelUtils.java:35) - Test Runner excel row at: 5
18:18:32.686 INFO  utils.ExcelUtils (ExcelUtils.java:35) - Test Runner excel row at: 6
18:18:32.687 INFO  utils.ExcelUtils (ExcelUtils.java:35) - Test Runner excel row at: 7
18:18:32.688 INFO  utils.ExcelUtils (ExcelUtils.java:35) - Test Runner excel row at: 8
18:18:32.689 INFO  utils.ExcelUtils (ExcelUtils.java:35) - Test Runner excel row at: 9
18:18:32.689 INFO  utils.ExcelUtils (ExcelUtils.java:35) - Test Runner excel row at: 10
18:18:32.690 INFO  utils.ExcelUtils (ExcelUtils.java:35) - Test Runner excel row at: 11
18:18:32.691 INFO  utils.ExcelUtils (ExcelUtils.java:35) - Test Runner excel row at: 12
18:18:32.692 INFO  utils.ExcelUtils (ExcelUtils.java:35) - Test Runner excel row at: 13
18:18:32.692 INFO  utils.ExcelUtils (ExcelUtils.java:35) - Test Runner excel row at: 14
18:18:32.693 INFO  utils.ExcelUtils (ExcelUtils.java:35) - Test Runner excel row at: 15
18:18:32.693 INFO  utils.ExcelUtils (ExcelUtils.java:35) - Test Runner excel row at: 16
18:18:32.694 INFO  utils.ExcelUtils (ExcelUtils.java:35) - Test Runner excel row at: 17
18:18:32.694 INFO  utils.ExcelUtils (ExcelUtils.java:35) - Test Runner excel row at: 18
18:18:32.695 INFO  utils.ExcelUtils (ExcelUtils.java:35) - Test Runner excel row at: 19
18:18:32.695 INFO  utils.ExcelUtils (ExcelUtils.java:35) - Test Runner excel row at: 20
18:18:32.696 INFO  utils.ExcelUtils (ExcelUtils.java:35) - Test Runner excel row at: 21
18:18:32.696 INFO  utils.ExcelUtils (ExcelUtils.java:35) - Test Runner excel row at: 22
18:18:32.697 INFO  utils.ExcelUtils (ExcelUtils.java:35) - Test Runner excel row at: 23
18:18:32.697 INFO  utils.ExcelUtils (ExcelUtils.java:35) - Test Runner excel row at: 24
18:18:32.698 INFO  utils.ExcelUtils (ExcelUtils.java:35) - Test Runner excel row at: 25
18:18:32.699 INFO  utils.ExcelUtils (ExcelUtils.java:35) - Test Runner excel row at: 26
18:18:32.699 INFO  utils.ExcelUtils (ExcelUtils.java:35) - Test Runner excel row at: 27
18:18:32.699 INFO  utils.ExcelUtils (ExcelUtils.java:35) - Test Runner excel row at: 28
18:18:32.700 INFO  utils.ExcelUtils (ExcelUtils.java:35) - Test Runner excel row at: 29
18:18:32.701 INFO  utils.ExcelUtils (ExcelUtils.java:35) - Test Runner excel row at: 30
18:18:32.703 INFO  utils.ExcelUtils (ExcelUtils.java:35) - Test Runner excel row at: 31
18:18:32.704 INFO  utils.ExcelUtils (ExcelUtils.java:35) - Test Runner excel row at: 32
18:18:32.705 INFO  utils.ExcelUtils (ExcelUtils.java:35) - Test Runner excel row at: 33
18:18:32.705 INFO  utils.ExcelUtils (ExcelUtils.java:35) - Test Runner excel row at: 34
18:18:32.706 INFO  utils.ExcelUtils (ExcelUtils.java:35) - Test Runner excel row at: 35
18:18:32.707 INFO  utils.ExcelUtils (ExcelUtils.java:35) - Test Runner excel row at: 36
18:18:32.707 INFO  utils.ExcelUtils (ExcelUtils.java:35) - Test Runner excel row at: 37
18:18:32.708 INFO  utils.ExcelUtils (ExcelUtils.java:35) - Test Runner excel row at: 38
18:18:32.708 INFO  utils.ExcelUtils (ExcelUtils.java:35) - Test Runner excel row at: 39
18:18:32.709 INFO  utils.ExcelUtils (ExcelUtils.java:35) - Test Runner excel row at: 40
18:18:32.710 INFO  utils.ExcelUtils (ExcelUtils.java:35) - Test Runner excel row at: 41
18:18:32.710 INFO  utils.ExcelUtils (ExcelUtils.java:35) - Test Runner excel row at: 42
18:18:32.711 INFO  utils.ExcelUtils (ExcelUtils.java:35) - Test Runner excel row at: 43
18:18:42.749 INFO  driver.WebDriverFactory (WebDriverFactory.java:207) - Setting up the browser window to its max.
18:18:44.102 INFO  driver.WebDriverFactory (WebDriverFactory.java:196) - Initializing the implicit wait timeout for {} 5
18:18:44.117 INFO  driver.WebDriverFactory (WebDriverFactory.java:199) - Initializing the page load timeout.
18:18:44.125 INFO  driver.DriverFactory (DriverFactory.java:112) - Clearing all the cookies.
18:18:44.345 INFO  driver.DriverFactory (DriverFactory.java:57) - Open the url {} https://qa.smartcmobile.net/SCM_10.0_S-CSP/ using the selenium get() method.
18:18:58.803 INFO  csp.AdminNotificationTests (AdminNotificationTests.java:472) - To verify the tests with the below test case id's: C99043
18:19:01.555 INFO  driver.DriverFactory (DriverFactory.java:112) - Clearing all the cookies.
