21:29:06.075 INFO  driver.Page (    Page.java:235) - Element is clickable now.
21:29:07.015 INFO  driver.Page (    Page.java:61) - Element is clicked successfully.
21:29:07.016 INFO  pageobjects.paymentInfoPage (paymentInfoPage.java:159) - Year clicked successfully.
21:29:07.016 INFO  driver.Page (    Page.java:58) - Preparing for element to click.
21:29:07.017 INFO  driver.Page (    Page.java:232) - Waiting for element to be clickable for 120 seconds.
21:29:07.116 INFO  driver.Page (    Page.java:235) - Element is clickable now.
21:29:07.249 INFO  driver.Page (    Page.java:61) - Element is clicked successfully.
21:29:07.249 INFO  pageobjects.paymentInfoPage (paymentInfoPage.java:168) - Year selected successfully.
21:29:07.251 INFO  driver.Page (    Page.java:58) - Preparing for element to click.
21:29:07.253 INFO  driver.Page (    Page.java:232) - Waiting for element to be clickable for 120 seconds.
21:29:07.613 INFO  driver.Page (    Page.java:235) - Element is clickable now.
21:29:07.749 INFO  driver.Page (    Page.java:61) - Element is clicked successfully.
21:29:07.751 INFO  pageobjects.paymentInfoPage (paymentInfoPage.java:177) - Save Button successfully.
21:29:20.382 INFO  driver.Page (    Page.java:58) - Preparing for element to click.
21:29:20.392 INFO  driver.Page (    Page.java:232) - Waiting for element to be clickable for 120 seconds.
21:29:20.523 INFO  driver.Page (    Page.java:235) - Element is clickable now.
21:29:20.644 INFO  driver.Page (    Page.java:61) - Element is clicked successfully.
21:29:20.644 INFO  pageobjects.paymentInfoPage (paymentInfoPage.java:209) - Payment Three dot icon clicked successfully.
21:29:22.190 INFO  driver.Page (    Page.java:58) - Preparing for element to click.
21:29:22.193 INFO  driver.Page (    Page.java:232) - Waiting for element to be clickable for 120 seconds.
21:29:22.280 INFO  driver.Page (    Page.java:235) - Element is clickable now.
21:29:22.606 INFO  driver.Page (    Page.java:61) - Element is clicked successfully.
21:29:22.606 INFO  pageobjects.paymentInfoPage (paymentInfoPage.java:218) - Edit option clicked successfully.
21:29:24.175 INFO  pageobjects.paymentInfoPage (paymentInfoPage.java:121) - Populating CVV {} :1234
21:29:24.241 INFO  driver.Page (    Page.java:129) - Wait for element {} [[ChromeDriver: chrome on windows (c7c1a07951756e9d3509c7d66ebceac3)] -> xpath: //*[@id='securityCode']] to be present in the DOM for duration of {} 120
21:29:24.242 INFO  driver.Page (    Page.java:257) - Waiting for element to be visible for 120 seconds.
21:29:24.310 INFO  driver.Page (    Page.java:260) - Element is visible on the page.
21:29:24.348 INFO  driver.Page (    Page.java:131) - Clearing the element {} [[ChromeDriver: chrome on windows (c7c1a07951756e9d3509c7d66ebceac3)] -> xpath: //*[@id='securityCode']] before sending the keys.
21:29:24.450 INFO  driver.Page (    Page.java:133) - Sending the following keys {} 1234 to the element {} [[ChromeDriver: chrome on windows (c7c1a07951756e9d3509c7d66ebceac3)] -> xpath: //*[@id='securityCode']]
21:29:24.644 INFO  pageobjects.paymentInfoPage (paymentInfoPage.java:123) - CVV populated successfully.
21:29:24.644 INFO  driver.Page (    Page.java:58) - Preparing for element to click.
21:29:24.646 INFO  driver.Page (    Page.java:232) - Waiting for element to be clickable for 120 seconds.
21:29:25.012 INFO  driver.Page (    Page.java:235) - Element is clickable now.
21:29:25.117 INFO  driver.Page (    Page.java:61) - Element is clicked successfully.
21:29:25.117 INFO  pageobjects.paymentInfoPage (paymentInfoPage.java:141) - Month clicked successfully.
21:29:25.118 INFO  driver.Page (    Page.java:58) - Preparing for element to click.
21:29:25.118 INFO  driver.Page (    Page.java:232) - Waiting for element to be clickable for 120 seconds.
21:29:25.227 INFO  driver.Page (    Page.java:235) - Element is clickable now.
21:29:25.514 INFO  driver.Page (    Page.java:61) - Element is clicked successfully.
21:29:25.514 INFO  pageobjects.paymentInfoPage (paymentInfoPage.java:150) - Month selected successfully.
21:29:25.516 INFO  driver.Page (    Page.java:58) - Preparing for element to click.
21:29:25.516 INFO  driver.Page (    Page.java:232) - Waiting for element to be clickable for 120 seconds.
21:29:25.840 INFO  driver.Page (    Page.java:235) - Element is clickable now.
21:29:26.029 INFO  driver.Page (    Page.java:61) - Element is clicked successfully.
21:29:26.029 INFO  pageobjects.paymentInfoPage (paymentInfoPage.java:159) - Year clicked successfully.
21:29:26.030 INFO  driver.Page (    Page.java:58) - Preparing for element to click.
21:29:26.030 INFO  driver.Page (    Page.java:232) - Waiting for element to be clickable for 120 seconds.
21:29:26.204 INFO  driver.Page (    Page.java:235) - Element is clickable now.
21:29:26.827 INFO  driver.Page (    Page.java:61) - Element is clicked successfully.
21:29:26.827 INFO  pageobjects.paymentInfoPage (paymentInfoPage.java:168) - Year selected successfully.
21:29:26.827 INFO  driver.Page (    Page.java:58) - Preparing for element to click.
21:29:26.827 INFO  driver.Page (    Page.java:232) - Waiting for element to be clickable for 120 seconds.
21:29:27.114 INFO  driver.Page (    Page.java:235) - Element is clickable now.
21:29:27.266 INFO  driver.Page (    Page.java:61) - Element is clicked successfully.
21:29:27.267 INFO  pageobjects.paymentInfoPage (paymentInfoPage.java:177) - Save Button successfully.
21:29:33.077 INFO  driver.Page (    Page.java:58) - Preparing for element to click.
21:29:33.077 INFO  driver.Page (    Page.java:232) - Waiting for element to be clickable for 120 seconds.
21:29:34.277 INFO  driver.Page (    Page.java:235) - Element is clickable now.
21:29:34.554 INFO  driver.Page (    Page.java:61) - Element is clicked successfully.
21:29:34.555 INFO  pageobjects.paymentInfoPage (paymentInfoPage.java:209) - Payment Three dot icon clicked successfully.
21:29:37.084 INFO  driver.Page (    Page.java:58) - Preparing for element to click.
21:29:37.091 INFO  driver.Page (    Page.java:232) - Waiting for element to be clickable for 120 seconds.
21:29:38.344 INFO  driver.Page (    Page.java:235) - Element is clickable now.
21:29:38.608 INFO  driver.Page (    Page.java:61) - Element is clicked successfully.
21:29:38.608 INFO  pageobjects.paymentInfoPage (paymentInfoPage.java:252) - Delete Option clicked successfully.
21:29:40.526 INFO  driver.Page (    Page.java:569) - Preparing for element to click.
21:29:45.659 INFO  driver.Page (    Page.java:576) - Element is clicked successfully.
21:29:45.660 INFO  pageobjects.paymentInfoPage (paymentInfoPage.java:276) - Yes Button Clicked successfully.
21:29:53.043 INFO  driver.DriverFactory (DriverFactory.java:125) - Clearing all the cookies.
21:42:02.922 INFO  utils.ExcelUtils (ExcelUtils.java:41) - Test Runner excel row at: 1
21:42:02.935 INFO  utils.ExcelUtils (ExcelUtils.java:41) - Test Runner excel row at: 2
21:42:02.936 INFO  utils.ExcelUtils (ExcelUtils.java:41) - Test Runner excel row at: 3
21:42:02.937 INFO  utils.ExcelUtils (ExcelUtils.java:41) - Test Runner excel row at: 4
21:42:02.939 INFO  utils.ExcelUtils (ExcelUtils.java:41) - Test Runner excel row at: 5
21:42:02.939 INFO  utils.ExcelUtils (ExcelUtils.java:41) - Test Runner excel row at: 6
21:42:02.940 INFO  utils.ExcelUtils (ExcelUtils.java:41) - Test Runner excel row at: 7
21:42:02.941 INFO  utils.ExcelUtils (ExcelUtils.java:41) - Test Runner excel row at: 8
21:42:02.941 INFO  utils.ExcelUtils (ExcelUtils.java:41) - Test Runner excel row at: 9
21:42:02.942 INFO  utils.ExcelUtils (ExcelUtils.java:41) - Test Runner excel row at: 10
21:42:02.943 INFO  utils.ExcelUtils (ExcelUtils.java:41) - Test Runner excel row at: 11
21:42:02.943 INFO  utils.ExcelUtils (ExcelUtils.java:41) - Test Runner excel row at: 12
21:42:02.944 INFO  utils.ExcelUtils (ExcelUtils.java:41) - Test Runner excel row at: 13
21:42:02.947 INFO  utils.ExcelUtils (ExcelUtils.java:41) - Test Runner excel row at: 14
21:42:02.954 INFO  utils.ExcelUtils (ExcelUtils.java:41) - Test Runner excel row at: 15
21:42:02.964 INFO  utils.ExcelUtils (ExcelUtils.java:41) - Test Runner excel row at: 16
21:42:02.975 INFO  utils.ExcelUtils (ExcelUtils.java:41) - Test Runner excel row at: 17
21:42:02.985 INFO  utils.ExcelUtils (ExcelUtils.java:41) - Test Runner excel row at: 18
21:42:02.999 INFO  utils.ExcelUtils (ExcelUtils.java:41) - Test Runner excel row at: 19
21:42:03.008 INFO  utils.ExcelUtils (ExcelUtils.java:41) - Test Runner excel row at: 20
21:42:03.014 INFO  utils.ExcelUtils (ExcelUtils.java:41) - Test Runner excel row at: 21
21:42:03.022 INFO  utils.ExcelUtils (ExcelUtils.java:41) - Test Runner excel row at: 22
21:42:03.030 INFO  utils.ExcelUtils (ExcelUtils.java:41) - Test Runner excel row at: 23
21:42:03.039 INFO  utils.ExcelUtils (ExcelUtils.java:41) - Test Runner excel row at: 24
21:42:03.046 INFO  utils.ExcelUtils (ExcelUtils.java:41) - Test Runner excel row at: 25
21:42:03.051 INFO  utils.ExcelUtils (ExcelUtils.java:41) - Test Runner excel row at: 26
21:42:03.059 INFO  utils.ExcelUtils (ExcelUtils.java:41) - Test Runner excel row at: 27
21:42:03.068 INFO  utils.ExcelUtils (ExcelUtils.java:41) - Test Runner excel row at: 28
21:42:03.074 INFO  utils.ExcelUtils (ExcelUtils.java:41) - Test Runner excel row at: 29
21:42:03.079 INFO  utils.ExcelUtils (ExcelUtils.java:41) - Test Runner excel row at: 30
21:42:03.082 INFO  utils.ExcelUtils (ExcelUtils.java:41) - Test Runner excel row at: 31
21:42:03.085 INFO  utils.ExcelUtils (ExcelUtils.java:41) - Test Runner excel row at: 32
21:42:03.098 INFO  utils.ExcelUtils (ExcelUtils.java:41) - Test Runner excel row at: 33
21:42:03.101 INFO  utils.ExcelUtils (ExcelUtils.java:41) - Test Runner excel row at: 34
21:42:03.105 INFO  utils.ExcelUtils (ExcelUtils.java:41) - Test Runner excel row at: 35
21:42:03.112 INFO  utils.ExcelUtils (ExcelUtils.java:41) - Test Runner excel row at: 36
21:42:03.114 INFO  utils.ExcelUtils (ExcelUtils.java:41) - Test Runner excel row at: 37
21:42:03.117 INFO  utils.ExcelUtils (ExcelUtils.java:41) - Test Runner excel row at: 38
21:42:03.123 INFO  utils.ExcelUtils (ExcelUtils.java:41) - Test Runner excel row at: 39
21:42:03.126 INFO  utils.ExcelUtils (ExcelUtils.java:41) - Test Runner excel row at: 40
21:42:03.130 INFO  utils.ExcelUtils (ExcelUtils.java:41) - Test Runner excel row at: 41
21:42:03.135 INFO  utils.ExcelUtils (ExcelUtils.java:41) - Test Runner excel row at: 42
21:42:03.136 INFO  utils.ExcelUtils (ExcelUtils.java:41) - Test Runner excel row at: 43
21:42:03.145 INFO  utils.ExcelUtils (ExcelUtils.java:41) - Test Runner excel row at: 44
21:42:03.151 INFO  utils.ExcelUtils (ExcelUtils.java:41) - Test Runner excel row at: 45
21:42:03.153 INFO  utils.ExcelUtils (ExcelUtils.java:41) - Test Runner excel row at: 46
21:42:03.155 INFO  utils.ExcelUtils (ExcelUtils.java:41) - Test Runner excel row at: 47
21:42:03.159 INFO  utils.ExcelUtils (ExcelUtils.java:41) - Test Runner excel row at: 48
21:42:03.162 INFO  utils.ExcelUtils (ExcelUtils.java:41) - Test Runner excel row at: 49
21:42:03.164 INFO  utils.ExcelUtils (ExcelUtils.java:41) - Test Runner excel row at: 50
21:42:03.168 INFO  utils.ExcelUtils (ExcelUtils.java:41) - Test Runner excel row at: 51
21:42:03.172 INFO  utils.ExcelUtils (ExcelUtils.java:41) - Test Runner excel row at: 52
21:42:03.174 INFO  utils.ExcelUtils (ExcelUtils.java:41) - Test Runner excel row at: 53
21:42:03.177 INFO  utils.ExcelUtils (ExcelUtils.java:41) - Test Runner excel row at: 54
21:42:03.183 INFO  utils.ExcelUtils (ExcelUtils.java:41) - Test Runner excel row at: 55
21:42:03.185 INFO  utils.ExcelUtils (ExcelUtils.java:41) - Test Runner excel row at: 56
21:42:03.188 INFO  utils.ExcelUtils (ExcelUtils.java:41) - Test Runner excel row at: 57
21:42:03.190 INFO  utils.ExcelUtils (ExcelUtils.java:41) - Test Runner excel row at: 58
21:42:03.193 INFO  utils.ExcelUtils (ExcelUtils.java:41) - Test Runner excel row at: 59
21:42:03.195 INFO  utils.ExcelUtils (ExcelUtils.java:41) - Test Runner excel row at: 60
21:42:03.204 INFO  utils.ExcelUtils (ExcelUtils.java:41) - Test Runner excel row at: 61
21:42:03.208 INFO  utils.ExcelUtils (ExcelUtils.java:41) - Test Runner excel row at: 62
21:42:03.210 INFO  utils.ExcelUtils (ExcelUtils.java:41) - Test Runner excel row at: 63
21:42:03.215 INFO  utils.ExcelUtils (ExcelUtils.java:41) - Test Runner excel row at: 64
21:42:03.219 INFO  utils.ExcelUtils (ExcelUtils.java:41) - Test Runner excel row at: 65
21:42:03.223 INFO  utils.ExcelUtils (ExcelUtils.java:41) - Test Runner excel row at: 66
21:42:03.225 INFO  utils.ExcelUtils (ExcelUtils.java:41) - Test Runner excel row at: 67
21:42:03.227 INFO  utils.ExcelUtils (ExcelUtils.java:41) - Test Runner excel row at: 68
21:42:03.229 INFO  utils.ExcelUtils (ExcelUtils.java:41) - Test Runner excel row at: 69
21:42:03.232 INFO  utils.ExcelUtils (ExcelUtils.java:41) - Test Runner excel row at: 70
21:42:03.234 INFO  utils.ExcelUtils (ExcelUtils.java:41) - Test Runner excel row at: 71
21:42:03.236 INFO  utils.ExcelUtils (ExcelUtils.java:41) - Test Runner excel row at: 72
21:42:03.238 INFO  utils.ExcelUtils (ExcelUtils.java:41) - Test Runner excel row at: 73
21:42:03.241 INFO  utils.ExcelUtils (ExcelUtils.java:41) - Test Runner excel row at: 74
21:42:03.245 INFO  utils.ExcelUtils (ExcelUtils.java:41) - Test Runner excel row at: 75
21:42:03.255 INFO  utils.ExcelUtils (ExcelUtils.java:41) - Test Runner excel row at: 76
21:42:03.265 INFO  utils.ExcelUtils (ExcelUtils.java:41) - Test Runner excel row at: 77
21:42:03.272 INFO  utils.ExcelUtils (ExcelUtils.java:41) - Test Runner excel row at: 78
21:42:03.276 INFO  utils.ExcelUtils (ExcelUtils.java:41) - Test Runner excel row at: 79
21:42:03.281 INFO  utils.ExcelUtils (ExcelUtils.java:41) - Test Runner excel row at: 80
21:42:03.286 INFO  utils.ExcelUtils (ExcelUtils.java:41) - Test Runner excel row at: 81
21:42:03.290 INFO  utils.ExcelUtils (ExcelUtils.java:41) - Test Runner excel row at: 82
21:42:03.296 INFO  utils.ExcelUtils (ExcelUtils.java:41) - Test Runner excel row at: 83
21:42:03.301 INFO  utils.ExcelUtils (ExcelUtils.java:41) - Test Runner excel row at: 84
21:42:03.306 INFO  utils.ExcelUtils (ExcelUtils.java:41) - Test Runner excel row at: 85
21:42:03.309 INFO  utils.ExcelUtils (ExcelUtils.java:41) - Test Runner excel row at: 86
21:42:03.312 INFO  utils.ExcelUtils (ExcelUtils.java:41) - Test Runner excel row at: 87
21:42:03.314 INFO  utils.ExcelUtils (ExcelUtils.java:41) - Test Runner excel row at: 88
21:42:03.317 INFO  utils.ExcelUtils (ExcelUtils.java:41) - Test Runner excel row at: 89
21:42:03.319 INFO  utils.ExcelUtils (ExcelUtils.java:41) - Test Runner excel row at: 90
21:42:03.324 INFO  utils.ExcelUtils (ExcelUtils.java:41) - Test Runner excel row at: 91
21:42:03.327 INFO  utils.ExcelUtils (ExcelUtils.java:41) - Test Runner excel row at: 92
21:42:03.329 INFO  utils.ExcelUtils (ExcelUtils.java:41) - Test Runner excel row at: 93
21:42:03.331 INFO  utils.ExcelUtils (ExcelUtils.java:41) - Test Runner excel row at: 94
21:42:03.335 INFO  utils.ExcelUtils (ExcelUtils.java:41) - Test Runner excel row at: 95
21:42:03.337 INFO  utils.ExcelUtils (ExcelUtils.java:41) - Test Runner excel row at: 96
21:42:03.340 INFO  utils.ExcelUtils (ExcelUtils.java:41) - Test Runner excel row at: 97
21:42:03.342 INFO  utils.ExcelUtils (ExcelUtils.java:41) - Test Runner excel row at: 98
21:42:03.346 INFO  utils.ExcelUtils (ExcelUtils.java:41) - Test Runner excel row at: 99
21:42:03.348 INFO  utils.ExcelUtils (ExcelUtils.java:41) - Test Runner excel row at: 100
21:42:03.352 INFO  utils.ExcelUtils (ExcelUtils.java:41) - Test Runner excel row at: 101
21:42:03.356 INFO  utils.ExcelUtils (ExcelUtils.java:41) - Test Runner excel row at: 102
21:42:03.371 INFO  utils.ExcelUtils (ExcelUtils.java:41) - Test Runner excel row at: 103
21:42:03.400 INFO  utils.ExcelUtils (ExcelUtils.java:41) - Test Runner excel row at: 104
21:42:03.407 INFO  utils.ExcelUtils (ExcelUtils.java:41) - Test Runner excel row at: 105
21:42:03.414 INFO  utils.ExcelUtils (ExcelUtils.java:41) - Test Runner excel row at: 106
21:42:03.420 INFO  utils.ExcelUtils (ExcelUtils.java:41) - Test Runner excel row at: 107
21:42:05.662 WARN  config.Configuration (Configuration.java:231) - QA env being used by default. No env property set. This can be set in the sew.app.yml config file with a '{}=' property or on the command line with the switch '-D{}='.
21:42:34.694 INFO  driver.WebDriverFactory (WebDriverFactory.java:192) - Setting up the browser window to its max.
21:42:35.240 INFO  driver.WebDriverFactory (WebDriverFactory.java:181) - Initializing the implicit wait timeout for {} 5
21:42:35.248 INFO  driver.WebDriverFactory (WebDriverFactory.java:184) - Initializing the page load timeout.
21:42:35.267 INFO  driver.DriverFactory (DriverFactory.java:125) - Clearing all the cookies.
21:42:35.289 INFO  driver.DriverFactory (DriverFactory.java:62) - Open the url {} https://u2-alectra.smartcmobile.net/portal/#/login using the selenium get() method.
21:43:03.185 INFO  scp.notificationPreferencesTests (notificationPreferencesTests.java:24) - To perform sanity testing on Notification Preference Sub-Module
21:43:05.423 INFO  pageobjects.notificationPreferencesPage (notificationPreferencesPage.java:27) - Populating User Name {} :0023826434
21:43:05.474 INFO  driver.Page (    Page.java:129) - Wait for element {} [[ChromeDriver: chrome on windows (d6e0837ff210d7d4af34f5d1013c8f3d)] -> xpath: //*[@id='username']] to be present in the DOM for duration of {} 120
21:43:05.474 INFO  driver.Page (    Page.java:257) - Waiting for element to be visible for 120 seconds.
21:43:05.608 INFO  driver.Page (    Page.java:260) - Element is visible on the page.
21:43:05.635 INFO  driver.Page (    Page.java:131) - Clearing the element {} [[ChromeDriver: chrome on windows (d6e0837ff210d7d4af34f5d1013c8f3d)] -> xpath: //*[@id='username']] before sending the keys.
21:43:05.793 INFO  driver.Page (    Page.java:133) - Sending the following keys {} 0023826434 to the element {} [[ChromeDriver: chrome on windows (d6e0837ff210d7d4af34f5d1013c8f3d)] -> xpath: //*[@id='username']]
21:43:06.010 INFO  pageobjects.notificationPreferencesPage (notificationPreferencesPage.java:29) - User Username populated successfully.
21:43:06.011 INFO  pageobjects.notificationPreferencesPage (notificationPreferencesPage.java:36) - Populating Password {} :Demo@123
21:43:06.039 INFO  driver.Page (    Page.java:129) - Wait for element {} [[ChromeDriver: chrome on windows (d6e0837ff210d7d4af34f5d1013c8f3d)] -> xpath: //*[@id='password']] to be present in the DOM for duration of {} 120
21:43:06.040 INFO  driver.Page (    Page.java:257) - Waiting for element to be visible for 120 seconds.
21:43:06.092 INFO  driver.Page (    Page.java:260) - Element is visible on the page.
21:43:06.111 INFO  driver.Page (    Page.java:131) - Clearing the element {} [[ChromeDriver: chrome on windows (d6e0837ff210d7d4af34f5d1013c8f3d)] -> xpath: //*[@id='password']] before sending the keys.
21:43:06.241 INFO  driver.Page (    Page.java:133) - Sending the following keys {} Demo@123 to the element {} [[ChromeDriver: chrome on windows (d6e0837ff210d7d4af34f5d1013c8f3d)] -> xpath: //*[@id='password']]
21:43:06.401 INFO  pageobjects.notificationPreferencesPage (notificationPreferencesPage.java:38) - Password populated successfully.
21:43:06.402 INFO  driver.Page (    Page.java:58) - Preparing for element to click.
21:43:06.402 INFO  driver.Page (    Page.java:232) - Waiting for element to be clickable for 120 seconds.
21:43:06.507 INFO  driver.Page (    Page.java:235) - Element is clickable now.
21:43:06.812 INFO  driver.Page (    Page.java:61) - Element is clicked successfully.
21:43:06.812 INFO  pageobjects.notificationPreferencesPage (notificationPreferencesPage.java:46) - LogIn Button clicked successfully.
21:43:09.512 INFO  driver.Page (    Page.java:305) - Element {} : [[ChromeDriver: chrome on windows (d6e0837ff210d7d4af34f5d1013c8f3d)] -> xpath: //*[@id='dtHome']] is visible on the page.
21:43:19.521 INFO  driver.Page (    Page.java:58) - Preparing for element to click.
21:43:19.521 INFO  driver.Page (    Page.java:232) - Waiting for element to be clickable for 120 seconds.
21:43:19.602 INFO  driver.Page (    Page.java:235) - Element is clickable now.
21:43:21.351 INFO  driver.DriverFactory (DriverFactory.java:125) - Clearing all the cookies.
