20:20:20.241 INFO  scp.LoginPage (LoginPage.java:143) - Fetching the password placeholder.
20:20:20.274 INFO  driver.Page (    Page.java:153) - Wait for the element {} [[ChromeDriver: chrome on WINDOWS (1075d6929de49836f3077582aebf1b8d)] -> css selector: #txtpwd ~ label[class='effect_lbl']] to be visible on the page for duration of {} 120
20:20:20.275 INFO  driver.Page (    Page.java:236) - Waiting for element to be visible for 120 seconds.
20:20:20.312 INFO  driver.Page (    Page.java:239) - Element is visible on the page.
20:20:20.353 INFO  driver.Page (    Page.java:156) - Text got from the locator {} [[ChromeDriver: chrome on WINDOWS (1075d6929de49836f3077582aebf1b8d)] -> css selector: #txtpwd ~ label[class='effect_lbl']] is Password
20:20:20.381 INFO  scp.LoginPage (LoginPage.java:145) - Password placeholder {}: Password
20:20:20.409 INFO  scp.LoginPage (LoginPage.java:258) - Remember me checkbox visible status {}: 1
20:20:20.434 INFO  driver.Page (    Page.java:307) - Element {} : [[[ChromeDriver: chrome on WINDOWS (1075d6929de49836f3077582aebf1b8d)] -> css selector: .mtrl_chkbx_new span]] is visible on the page.
20:20:20.453 INFO  driver.Page (    Page.java:153) - Wait for the element {} [[ChromeDriver: chrome on WINDOWS (1075d6929de49836f3077582aebf1b8d)] -> css selector: #btnlogin] to be visible on the page for duration of {} 120
20:20:20.453 INFO  driver.Page (    Page.java:236) - Waiting for element to be visible for 120 seconds.
20:20:20.487 INFO  driver.Page (    Page.java:239) - Element is visible on the page.
20:20:20.525 INFO  driver.Page (    Page.java:156) - Text got from the locator {} [[ChromeDriver: chrome on WINDOWS (1075d6929de49836f3077582aebf1b8d)] -> css selector: #btnlogin] is 
20:20:20.552 INFO  scp.LoginPage (LoginPage.java:181) - Sign in button label {}: 
20:20:25.602 INFO  driver.Page (    Page.java:153) - Wait for the element {} Proxy element for: DefaultElementLocator 'By.linkText: Forgot Username' to be visible on the page for duration of {} 120
20:20:25.603 INFO  driver.Page (    Page.java:236) - Waiting for element to be visible for 120 seconds.
20:22:33.494 INFO  driver.DriverFactory (DriverFactory.java:125) - Clearing all the cookies.
20:22:37.221 INFO  driver.WebDriverFactory (WebDriverFactory.java:192) - Setting up the browser window to its max.
20:22:37.355 INFO  driver.WebDriverFactory (WebDriverFactory.java:181) - Initializing the implicit wait timeout for {} 5
20:22:37.360 INFO  driver.WebDriverFactory (WebDriverFactory.java:184) - Initializing the page load timeout.
20:22:37.362 INFO  driver.DriverFactory (DriverFactory.java:125) - Clearing all the cookies.
20:22:37.369 INFO  driver.DriverFactory (DriverFactory.java:62) - Open the url {} https://u-wgl-r2.smartcmobile.net/Portal/ using the selenium get() method.
20:22:48.977 INFO  scp.LoginTests (LoginTests.java:53) - To verify the tests with the below test case id's: C77197
20:22:48.993 INFO  scp.LoginPage (LoginPage.java:518) - Checking that the current page is login page.
20:22:48.994 INFO  driver.Page (    Page.java:40) - Fetching the current URL.
20:22:49.001 INFO  driver.Page (    Page.java:41) - The Current URL is: https://u-wgl-r2.smartcmobile.net/Portal/
20:22:49.010 INFO  driver.Page (    Page.java:46) - Fetching the current title.
20:22:49.018 INFO  driver.Page (    Page.java:47) - The Current Title is: WGL: Login
20:22:49.026 INFO  scp.LoginPage (LoginPage.java:521) - The current page is login page {}: true
20:22:49.026 INFO  scp.LoginPage (LoginPage.java:106) - Populating username {} :zytcllc1212
20:22:49.044 INFO  driver.Page (    Page.java:121) - Wait for element {} [[ChromeDriver: chrome on WINDOWS (88048526597e2b74adc4be5556b500ac)] -> css selector: [id='txtLogin']] to be present in the DOM for duration of {} 120
20:22:49.044 INFO  driver.Page (    Page.java:236) - Waiting for element to be visible for 120 seconds.
20:22:49.082 INFO  driver.Page (    Page.java:239) - Element is visible on the page.
20:22:49.094 INFO  driver.Page (    Page.java:123) - Clearing the element {} [[ChromeDriver: chrome on WINDOWS (88048526597e2b74adc4be5556b500ac)] -> css selector: [id='txtLogin']] before sending the keys.
20:22:49.176 INFO  driver.Page (    Page.java:125) - Sending the following keys {} zytcllc1212 to the element {} [[ChromeDriver: chrome on WINDOWS (88048526597e2b74adc4be5556b500ac)] -> css selector: [id='txtLogin']]
20:22:49.360 INFO  scp.LoginPage (LoginPage.java:108) - Username populated successfully.
20:22:49.360 INFO  scp.LoginPage (LoginPage.java:150) - Populating password {} :Test@1234
20:22:49.388 INFO  driver.Page (    Page.java:121) - Wait for element {} [[ChromeDriver: chrome on WINDOWS (88048526597e2b74adc4be5556b500ac)] -> css selector: [id='txtpwd']] to be present in the DOM for duration of {} 120
20:22:49.388 INFO  driver.Page (    Page.java:236) - Waiting for element to be visible for 120 seconds.
20:22:49.462 INFO  driver.Page (    Page.java:239) - Element is visible on the page.
20:22:49.479 INFO  driver.Page (    Page.java:123) - Clearing the element {} [[ChromeDriver: chrome on WINDOWS (88048526597e2b74adc4be5556b500ac)] -> css selector: [id='txtpwd']] before sending the keys.
20:22:49.556 INFO  driver.Page (    Page.java:125) - Sending the following keys {} Test@1234 to the element {} [[ChromeDriver: chrome on WINDOWS (88048526597e2b74adc4be5556b500ac)] -> css selector: [id='txtpwd']]
20:22:49.694 INFO  scp.LoginPage (LoginPage.java:152) - Password populated successfully.
20:22:49.694 INFO  scp.LoginPage (LoginPage.java:186) - Clicking the sign in button.
20:22:49.695 INFO  driver.Page (    Page.java:59) - Preparing for element to click.
20:22:49.695 INFO  driver.Page (    Page.java:211) - Waiting for element to be clickable for 120 seconds.
20:22:49.767 INFO  driver.Page (    Page.java:214) - Element is clickable now.
20:22:49.930 INFO  driver.Page (    Page.java:62) - Element is clicked successfully.
20:22:49.930 INFO  scp.LoginPage (LoginPage.java:188) - Sign in button clicked successfully.
20:22:49.931 INFO  scp.HomePage (HomePage.java:120) - Wait for page loader visibility.
20:22:49.931 INFO  driver.Page (    Page.java:236) - Waiting for element to be visible for 120 seconds.
20:22:51.137 INFO  driver.Page (    Page.java:239) - Element is visible on the page.
20:22:51.137 INFO  scp.HomePage (HomePage.java:122) - Wait for page loader invisibility.
20:22:51.138 INFO  driver.Page (    Page.java:250) - Waiting for element to be invisible for 120 seconds.
20:23:09.704 INFO  driver.Page (    Page.java:253) - Element is invisible from the page.
20:23:09.730 INFO  scp.DashboardSteps (DashboardSteps.java:916) - Checking that the current page is dashboard page.
20:23:09.731 INFO  driver.Page (    Page.java:40) - Fetching the current URL.
20:23:09.741 INFO  driver.Page (    Page.java:41) - The Current URL is: https://u-wgl-r2.smartcmobile.net/Portal/Dashboard.aspx
20:23:09.749 INFO  driver.Page (    Page.java:46) - Fetching the current title.
20:23:09.758 INFO  driver.Page (    Page.java:47) - The Current Title is: Home
20:23:09.766 INFO  scp.DashboardSteps (DashboardSteps.java:919) - The current page is dashboard page {}: true
20:23:09.791 INFO  driver.Page (    Page.java:153) - Wait for the element {} [[ChromeDriver: chrome on WINDOWS (88048526597e2b74adc4be5556b500ac)] -> css selector: #HeaderMenu_lblCustName1] to be visible on the page for duration of {} 120
20:23:09.792 INFO  driver.Page (    Page.java:236) - Waiting for element to be visible for 120 seconds.
20:23:09.827 INFO  driver.Page (    Page.java:239) - Element is visible on the page.
20:23:09.881 INFO  driver.Page (    Page.java:156) - Text got from the locator {} [[ChromeDriver: chrome on WINDOWS (88048526597e2b74adc4be5556b500ac)] -> css selector: #HeaderMenu_lblCustName1] is TJB Management LLC
20:23:10.385 INFO  driver.DriverFactory (DriverFactory.java:125) - Clearing all the cookies.
20:29:33.147 INFO  runner.TestRunner (TestRunner.java:32) - Initializing application properties config file.
20:29:33.154 INFO  runner.TestRunner (TestRunner.java:35) - Initializing connection to the base database.
20:29:33.155 INFO  runner.TestRunner (TestRunner.java:38) - Initializing resource path config file.
20:29:33.156 INFO  runner.TestRunner (TestRunner.java:41) - Initializing usage months config from CSP.
20:29:33.157 INFO  runner.TestRunner (TestRunner.java:44) - Initializing date config from CSP.
20:29:33.157 INFO  runner.TestRunner (TestRunner.java:47) - Initializing language config from CSP.
20:29:33.158 INFO  runner.TestRunner (TestRunner.java:50) - Initializing language config from CSP.
20:29:33.159 INFO  runner.TestRunner (TestRunner.java:53) - Initializing language config from CSP.
20:29:33.159 INFO  runner.TestRunner (TestRunner.java:56) - Initializing user model config.
20:29:33.159 INFO  runner.TestRunner (TestRunner.java:59) - Initializing auth token config.
20:29:33.160 INFO  runner.TestRunner (TestRunner.java:62) - Initializing Admin User config.
20:29:34.136 INFO  utils.ExcelUtils (ExcelUtils.java:36) - Test Runner excel row at: 1
20:29:34.145 INFO  utils.ExcelUtils (ExcelUtils.java:36) - Test Runner excel row at: 2
20:29:34.146 INFO  utils.ExcelUtils (ExcelUtils.java:36) - Test Runner excel row at: 3
20:29:34.148 INFO  utils.ExcelUtils (ExcelUtils.java:36) - Test Runner excel row at: 4
20:29:34.148 INFO  utils.ExcelUtils (ExcelUtils.java:36) - Test Runner excel row at: 5
20:29:34.149 INFO  utils.ExcelUtils (ExcelUtils.java:36) - Test Runner excel row at: 6
20:29:34.150 INFO  utils.ExcelUtils (ExcelUtils.java:36) - Test Runner excel row at: 7
20:29:34.151 INFO  utils.ExcelUtils (ExcelUtils.java:36) - Test Runner excel row at: 8
20:29:34.151 INFO  utils.ExcelUtils (ExcelUtils.java:36) - Test Runner excel row at: 9
20:29:34.152 INFO  utils.ExcelUtils (ExcelUtils.java:36) - Test Runner excel row at: 10
20:29:34.152 INFO  utils.ExcelUtils (ExcelUtils.java:36) - Test Runner excel row at: 11
20:29:34.153 INFO  utils.ExcelUtils (ExcelUtils.java:36) - Test Runner excel row at: 12
20:29:34.153 INFO  utils.ExcelUtils (ExcelUtils.java:36) - Test Runner excel row at: 13
20:29:34.154 INFO  utils.ExcelUtils (ExcelUtils.java:36) - Test Runner excel row at: 14
20:29:34.155 INFO  utils.ExcelUtils (ExcelUtils.java:36) - Test Runner excel row at: 15
20:29:34.157 INFO  utils.ExcelUtils (ExcelUtils.java:36) - Test Runner excel row at: 16
20:29:34.158 INFO  utils.ExcelUtils (ExcelUtils.java:36) - Test Runner excel row at: 17
20:29:34.160 INFO  utils.ExcelUtils (ExcelUtils.java:36) - Test Runner excel row at: 18
20:29:34.161 INFO  utils.ExcelUtils (ExcelUtils.java:36) - Test Runner excel row at: 19
20:29:34.161 INFO  utils.ExcelUtils (ExcelUtils.java:36) - Test Runner excel row at: 20
20:29:34.162 INFO  utils.ExcelUtils (ExcelUtils.java:36) - Test Runner excel row at: 21
20:29:34.162 INFO  utils.ExcelUtils (ExcelUtils.java:36) - Test Runner excel row at: 22
20:29:34.163 INFO  utils.ExcelUtils (ExcelUtils.java:36) - Test Runner excel row at: 23
20:29:34.163 INFO  utils.ExcelUtils (ExcelUtils.java:36) - Test Runner excel row at: 24
20:29:34.165 INFO  utils.ExcelUtils (ExcelUtils.java:36) - Test Runner excel row at: 25
20:29:34.166 INFO  utils.ExcelUtils (ExcelUtils.java:36) - Test Runner excel row at: 26
20:29:34.166 INFO  utils.ExcelUtils (ExcelUtils.java:36) - Test Runner excel row at: 27
20:29:34.166 INFO  utils.ExcelUtils (ExcelUtils.java:36) - Test Runner excel row at: 28
20:29:34.167 INFO  utils.ExcelUtils (ExcelUtils.java:36) - Test Runner excel row at: 29
20:29:34.168 INFO  utils.ExcelUtils (ExcelUtils.java:36) - Test Runner excel row at: 30
20:29:34.168 INFO  utils.ExcelUtils (ExcelUtils.java:36) - Test Runner excel row at: 31
20:29:34.169 INFO  utils.ExcelUtils (ExcelUtils.java:36) - Test Runner excel row at: 32
20:29:34.169 INFO  utils.ExcelUtils (ExcelUtils.java:36) - Test Runner excel row at: 33
20:29:34.170 INFO  utils.ExcelUtils (ExcelUtils.java:36) - Test Runner excel row at: 34
20:29:34.170 INFO  utils.ExcelUtils (ExcelUtils.java:36) - Test Runner excel row at: 35
20:29:34.171 INFO  utils.ExcelUtils (ExcelUtils.java:36) - Test Runner excel row at: 36
20:29:34.171 INFO  utils.ExcelUtils (ExcelUtils.java:36) - Test Runner excel row at: 37
20:29:34.172 INFO  utils.ExcelUtils (ExcelUtils.java:36) - Test Runner excel row at: 38
20:29:34.172 INFO  utils.ExcelUtils (ExcelUtils.java:36) - Test Runner excel row at: 39
20:29:34.173 INFO  utils.ExcelUtils (ExcelUtils.java:36) - Test Runner excel row at: 40
20:29:34.173 INFO  utils.ExcelUtils (ExcelUtils.java:36) - Test Runner excel row at: 41
20:29:34.174 INFO  utils.ExcelUtils (ExcelUtils.java:36) - Test Runner excel row at: 42
20:29:34.177 INFO  utils.ExcelUtils (ExcelUtils.java:36) - Test Runner excel row at: 43
20:29:34.179 INFO  utils.ExcelUtils (ExcelUtils.java:36) - Test Runner excel row at: 44
20:29:34.179 INFO  utils.ExcelUtils (ExcelUtils.java:36) - Test Runner excel row at: 45
20:29:34.180 INFO  utils.ExcelUtils (ExcelUtils.java:36) - Test Runner excel row at: 46
20:29:34.180 INFO  utils.ExcelUtils (ExcelUtils.java:36) - Test Runner excel row at: 47
20:29:34.180 INFO  utils.ExcelUtils (ExcelUtils.java:36) - Test Runner excel row at: 48
20:29:34.181 INFO  utils.ExcelUtils (ExcelUtils.java:36) - Test Runner excel row at: 49
20:29:34.182 INFO  utils.ExcelUtils (ExcelUtils.java:36) - Test Runner excel row at: 50
20:29:34.182 INFO  utils.ExcelUtils (ExcelUtils.java:36) - Test Runner excel row at: 51
20:29:34.185 INFO  utils.ExcelUtils (ExcelUtils.java:36) - Test Runner excel row at: 52
20:29:34.186 INFO  utils.ExcelUtils (ExcelUtils.java:36) - Test Runner excel row at: 53
20:29:34.187 INFO  utils.ExcelUtils (ExcelUtils.java:36) - Test Runner excel row at: 54
20:29:34.187 INFO  utils.ExcelUtils (ExcelUtils.java:36) - Test Runner excel row at: 55
20:29:34.194 INFO  utils.ExcelUtils (ExcelUtils.java:36) - Test Runner excel row at: 56
20:29:34.196 INFO  utils.ExcelUtils (ExcelUtils.java:36) - Test Runner excel row at: 57
20:29:34.197 INFO  utils.ExcelUtils (ExcelUtils.java:36) - Test Runner excel row at: 58
20:29:34.197 INFO  utils.ExcelUtils (ExcelUtils.java:36) - Test Runner excel row at: 59
20:29:34.198 INFO  utils.ExcelUtils (ExcelUtils.java:36) - Test Runner excel row at: 60
20:29:34.199 INFO  utils.ExcelUtils (ExcelUtils.java:36) - Test Runner excel row at: 61
20:29:34.200 INFO  utils.ExcelUtils (ExcelUtils.java:36) - Test Runner excel row at: 62
20:29:34.200 INFO  utils.ExcelUtils (ExcelUtils.java:36) - Test Runner excel row at: 63
20:29:34.200 INFO  utils.ExcelUtils (ExcelUtils.java:36) - Test Runner excel row at: 64
20:29:34.201 INFO  utils.ExcelUtils (ExcelUtils.java:36) - Test Runner excel row at: 65
20:29:34.201 INFO  utils.ExcelUtils (ExcelUtils.java:36) - Test Runner excel row at: 66
20:29:34.202 INFO  utils.ExcelUtils (ExcelUtils.java:36) - Test Runner excel row at: 67
20:29:34.202 INFO  utils.ExcelUtils (ExcelUtils.java:36) - Test Runner excel row at: 68
20:29:34.202 INFO  utils.ExcelUtils (ExcelUtils.java:36) - Test Runner excel row at: 69
20:29:34.203 INFO  utils.ExcelUtils (ExcelUtils.java:36) - Test Runner excel row at: 70
20:29:34.203 INFO  utils.ExcelUtils (ExcelUtils.java:36) - Test Runner excel row at: 71
20:29:34.204 INFO  utils.ExcelUtils (ExcelUtils.java:36) - Test Runner excel row at: 72
20:29:34.205 INFO  utils.ExcelUtils (ExcelUtils.java:36) - Test Runner excel row at: 73
20:29:34.206 INFO  utils.ExcelUtils (ExcelUtils.java:36) - Test Runner excel row at: 74
20:29:34.207 INFO  utils.ExcelUtils (ExcelUtils.java:36) - Test Runner excel row at: 75
20:29:34.207 INFO  utils.ExcelUtils (ExcelUtils.java:36) - Test Runner excel row at: 76
20:29:34.207 INFO  utils.ExcelUtils (ExcelUtils.java:36) - Test Runner excel row at: 77
20:29:34.209 INFO  utils.ExcelUtils (ExcelUtils.java:36) - Test Runner excel row at: 78
20:29:34.215 INFO  utils.ExcelUtils (ExcelUtils.java:36) - Test Runner excel row at: 79
20:29:34.216 INFO  utils.ExcelUtils (ExcelUtils.java:36) - Test Runner excel row at: 80
20:29:34.217 INFO  utils.ExcelUtils (ExcelUtils.java:36) - Test Runner excel row at: 81
20:29:34.221 INFO  utils.ExcelUtils (ExcelUtils.java:36) - Test Runner excel row at: 82
20:29:34.222 INFO  utils.ExcelUtils (ExcelUtils.java:36) - Test Runner excel row at: 83
20:29:34.222 INFO  utils.ExcelUtils (ExcelUtils.java:36) - Test Runner excel row at: 84
20:29:34.640 WARN  config.Configuration (Configuration.java:231) - QA env being used by default. No env property set. This can be set in the sew.app.yml config file with a '{}=' property or on the command line with the switch '-D{}='.
20:29:40.481 INFO  driver.WebDriverFactory (WebDriverFactory.java:192) - Setting up the browser window to its max.
20:29:40.698 INFO  driver.WebDriverFactory (WebDriverFactory.java:181) - Initializing the implicit wait timeout for {} 5
20:29:40.707 INFO  driver.WebDriverFactory (WebDriverFactory.java:184) - Initializing the page load timeout.
20:29:40.713 INFO  driver.DriverFactory (DriverFactory.java:125) - Clearing all the cookies.
20:29:40.724 INFO  driver.DriverFactory (DriverFactory.java:62) - Open the url {} https://u-wgl-r2.smartcmobile.net/Portal/ using the selenium get() method.
20:29:52.628 INFO  scp.LoginTests (LoginTests.java:53) - To verify the tests with the below test case id's: C77197
20:29:52.709 INFO  scp.LoginPage (LoginPage.java:518) - Checking that the current page is login page.
20:29:52.710 INFO  driver.Page (    Page.java:40) - Fetching the current URL.
20:29:52.720 INFO  driver.Page (    Page.java:41) - The Current URL is: https://u-wgl-r2.smartcmobile.net/Portal/
20:29:52.731 INFO  driver.Page (    Page.java:46) - Fetching the current title.
20:29:52.740 INFO  driver.Page (    Page.java:47) - The Current Title is: WGL: Login
20:29:52.747 INFO  scp.LoginPage (LoginPage.java:521) - The current page is login page {}: true
20:29:52.754 INFO  scp.LoginPage (LoginPage.java:106) - Populating username {} :zytcllc1212
20:29:52.776 INFO  driver.Page (    Page.java:121) - Wait for element {} [[ChromeDriver: chrome on WINDOWS (d4ff6ae816dfced98c84f1b98e3e4c00)] -> css selector: [id='txtLogin']] to be present in the DOM for duration of {} 120
20:29:52.777 INFO  driver.Page (    Page.java:236) - Waiting for element to be visible for 120 seconds.
20:29:52.835 INFO  driver.Page (    Page.java:239) - Element is visible on the page.
20:29:52.851 INFO  driver.Page (    Page.java:123) - Clearing the element {} [[ChromeDriver: chrome on WINDOWS (d4ff6ae816dfced98c84f1b98e3e4c00)] -> css selector: [id='txtLogin']] before sending the keys.
20:29:52.928 INFO  driver.Page (    Page.java:125) - Sending the following keys {} zytcllc1212 to the element {} [[ChromeDriver: chrome on WINDOWS (d4ff6ae816dfced98c84f1b98e3e4c00)] -> css selector: [id='txtLogin']]
20:29:53.047 INFO  scp.LoginPage (LoginPage.java:108) - Username populated successfully.
20:29:53.048 INFO  scp.LoginPage (LoginPage.java:150) - Populating password {} :Test@1234
20:29:53.069 INFO  driver.Page (    Page.java:121) - Wait for element {} [[ChromeDriver: chrome on WINDOWS (d4ff6ae816dfced98c84f1b98e3e4c00)] -> css selector: [id='txtpwd']] to be present in the DOM for duration of {} 120
20:29:53.070 INFO  driver.Page (    Page.java:236) - Waiting for element to be visible for 120 seconds.
20:29:53.118 INFO  driver.Page (    Page.java:239) - Element is visible on the page.
20:29:53.136 INFO  driver.Page (    Page.java:123) - Clearing the element {} [[ChromeDriver: chrome on WINDOWS (d4ff6ae816dfced98c84f1b98e3e4c00)] -> css selector: [id='txtpwd']] before sending the keys.
20:29:53.239 INFO  driver.Page (    Page.java:125) - Sending the following keys {} Test@1234 to the element {} [[ChromeDriver: chrome on WINDOWS (d4ff6ae816dfced98c84f1b98e3e4c00)] -> css selector: [id='txtpwd']]
20:29:53.369 INFO  scp.LoginPage (LoginPage.java:152) - Password populated successfully.
20:29:53.369 INFO  scp.LoginPage (LoginPage.java:186) - Clicking the sign in button.
20:29:53.369 INFO  driver.Page (    Page.java:59) - Preparing for element to click.
20:29:53.370 INFO  driver.Page (    Page.java:211) - Waiting for element to be clickable for 120 seconds.
20:29:53.457 INFO  driver.Page (    Page.java:214) - Element is clickable now.
20:29:53.604 INFO  driver.Page (    Page.java:62) - Element is clicked successfully.
20:29:53.604 INFO  scp.LoginPage (LoginPage.java:188) - Sign in button clicked successfully.
20:29:53.606 INFO  scp.HomePage (HomePage.java:120) - Wait for page loader visibility.
20:29:53.607 INFO  driver.Page (    Page.java:236) - Waiting for element to be visible for 120 seconds.
20:29:54.851 INFO  driver.Page (    Page.java:239) - Element is visible on the page.
20:29:54.851 INFO  scp.HomePage (HomePage.java:122) - Wait for page loader invisibility.
20:29:54.851 INFO  driver.Page (    Page.java:250) - Waiting for element to be invisible for 120 seconds.
20:30:09.111 INFO  driver.Page (    Page.java:253) - Element is invisible from the page.
20:30:09.152 INFO  scp.DashboardSteps (DashboardSteps.java:916) - Checking that the current page is dashboard page.
20:30:09.152 INFO  driver.Page (    Page.java:40) - Fetching the current URL.
20:30:09.190 INFO  driver.Page (    Page.java:41) - The Current URL is: https://u-wgl-r2.smartcmobile.net/Portal/Dashboard.aspx
20:30:09.203 INFO  driver.Page (    Page.java:46) - Fetching the current title.
20:30:09.213 INFO  driver.Page (    Page.java:47) - The Current Title is: Home
20:30:09.225 INFO  scp.DashboardSteps (DashboardSteps.java:919) - The current page is dashboard page {}: true
20:30:09.268 INFO  driver.Page (    Page.java:153) - Wait for the element {} [[ChromeDriver: chrome on WINDOWS (d4ff6ae816dfced98c84f1b98e3e4c00)] -> css selector: #HeaderMenu_lblCustName1] to be visible on the page for duration of {} 120
20:30:09.270 INFO  driver.Page (    Page.java:236) - Waiting for element to be visible for 120 seconds.
20:30:09.321 INFO  driver.Page (    Page.java:239) - Element is visible on the page.
20:30:09.444 INFO  driver.Page (    Page.java:156) - Text got from the locator {} [[ChromeDriver: chrome on WINDOWS (d4ff6ae816dfced98c84f1b98e3e4c00)] -> css selector: #HeaderMenu_lblCustName1] is TJB Management LLC
20:30:09.570 INFO  scp.LoginTests (LoginTests.java:81) - Test Case execution for - verifyValidLogin - is Completed.
20:30:10.504 INFO  driver.DriverFactory (DriverFactory.java:125) - Clearing all the cookies.
