23:26:32.029 INFO  driver.Page (    Page.java:39) - Fetching the current URL.
23:26:32.067 INFO  driver.Page (    Page.java:40) - The Current URL is: https://u-wgl-r2.smartcmobile.net/Portal/Dashboard.aspx
23:26:32.086 INFO  driver.Page (    Page.java:45) - Fetching the current title.
23:26:32.103 INFO  driver.Page (    Page.java:46) - The Current Title is: Home
23:26:32.120 INFO  scp.DashboardSteps (DashboardSteps.java:802) - The current page is dashboard page {}: true
23:26:51.591 INFO  scp.HomeSteps (HomeSteps.java:88) - Navigating to the My Profile page.
23:27:01.611 INFO  driver.Page (    Page.java:58) - Preparing for element to click.
23:27:01.612 INFO  driver.Page (    Page.java:232) - Waiting for element to be clickable for 120 seconds.
23:27:01.941 INFO  driver.Page (    Page.java:235) - Element is clickable now.
23:27:02.047 INFO  driver.Page (    Page.java:61) - Element is clicked successfully.
23:27:02.048 INFO  scp.HomePage (HomePage.java:244) - My account link clicked successfully.
23:27:05.055 INFO  driver.Page (    Page.java:58) - Preparing for element to click.
23:27:05.057 INFO  driver.Page (    Page.java:232) - Waiting for element to be clickable for 120 seconds.
23:27:05.419 INFO  driver.Page (    Page.java:235) - Element is clickable now.
23:27:15.952 INFO  driver.Page (    Page.java:61) - Element is clicked successfully.
23:27:15.954 INFO  scp.HomePage (HomePage.java:745) - My profile page Clicked Successfully
23:27:18.971 INFO  scp.HomeSteps (HomeSteps.java:95) - Navigated to the My Profile page.
23:27:57.819 INFO  scp.NotificationPreferencePage (MyProfilePage.java:26) - Checking that the current page is My Profile page.
23:27:57.827 INFO  driver.Page (    Page.java:39) - Fetching the current URL.
23:27:57.908 INFO  driver.Page (    Page.java:40) - The Current URL is: https://u-wgl-r2.smartcmobile.net/portal/account.aspx
23:27:57.970 INFO  driver.Page (    Page.java:45) - Fetching the current title.
23:27:58.025 INFO  driver.Page (    Page.java:46) - The Current Title is: Profile Information
23:27:58.083 INFO  scp.NotificationPreferencePage (MyProfilePage.java:29) - The current page is My Profile {}: true
23:30:24.932 INFO  driver.Page (    Page.java:161) - Wait for the element {} [[ChromeDriver: chrome on WINDOWS (ee0a4c9a21448fe76584c1d50c28af4a)] -> xpath: //h3[text() = 'Username']] to be visible on the page for duration of {} 120
23:30:24.939 INFO  driver.Page (    Page.java:257) - Waiting for element to be visible for 120 seconds.
23:30:26.515 INFO  driver.Page (    Page.java:260) - Element is visible on the page.
23:30:26.745 INFO  driver.Page (    Page.java:164) - Text got from the locator {} [[ChromeDriver: chrome on WINDOWS (ee0a4c9a21448fe76584c1d50c28af4a)] -> xpath: //h3[text() = 'Username']] is USERNAME
23:30:26.909 INFO  scp.NotificationPreferencePage (MyProfilePage.java:82) - User Name Label  is : USERNAME
23:30:42.831 INFO  scp.NotificationPreferencePage (MyProfilePage.java:95) - Fetching the Edit User Name placeholder.
23:30:42.957 INFO  driver.Page (    Page.java:161) - Wait for the element {} [[ChromeDriver: chrome on WINDOWS (ee0a4c9a21448fe76584c1d50c28af4a)] -> css selector: div.lft_profile_sec #txtUserid] to be visible on the page for duration of {} 120
23:30:42.968 INFO  driver.Page (    Page.java:257) - Waiting for element to be visible for 120 seconds.
23:30:45.576 INFO  driver.Page (    Page.java:260) - Element is visible on the page.
23:30:45.852 INFO  driver.Page (    Page.java:164) - Text got from the locator {} [[ChromeDriver: chrome on WINDOWS (ee0a4c9a21448fe76584c1d50c28af4a)] -> css selector: div.lft_profile_sec #txtUserid] is patricupdate
23:30:46.020 INFO  scp.NotificationPreferencePage (MyProfilePage.java:97) -  Edit User Name placeholder {}: patricupdate
