16:26:20.301 INFO  utils.ExcelUtils (ExcelUtils.java:41) - Test Runner excel row at: 60
16:26:20.311 INFO  utils.ExcelUtils (ExcelUtils.java:41) - Test Runner excel row at: 61
16:26:20.312 INFO  utils.ExcelUtils (ExcelUtils.java:41) - Test Runner excel row at: 62
16:26:20.314 INFO  utils.ExcelUtils (ExcelUtils.java:41) - Test Runner excel row at: 63
16:26:20.315 INFO  utils.ExcelUtils (ExcelUtils.java:41) - Test Runner excel row at: 64
16:26:20.316 INFO  utils.ExcelUtils (ExcelUtils.java:41) - Test Runner excel row at: 65
16:26:20.317 INFO  utils.ExcelUtils (ExcelUtils.java:41) - Test Runner excel row at: 66
16:26:20.318 INFO  utils.ExcelUtils (ExcelUtils.java:41) - Test Runner excel row at: 67
16:26:20.318 INFO  utils.ExcelUtils (ExcelUtils.java:41) - Test Runner excel row at: 68
16:26:20.320 INFO  utils.ExcelUtils (ExcelUtils.java:41) - Test Runner excel row at: 69
16:26:20.320 INFO  utils.ExcelUtils (ExcelUtils.java:41) - Test Runner excel row at: 70
16:26:20.321 INFO  utils.ExcelUtils (ExcelUtils.java:41) - Test Runner excel row at: 71
16:26:20.321 INFO  utils.ExcelUtils (ExcelUtils.java:41) - Test Runner excel row at: 72
16:26:20.322 INFO  utils.ExcelUtils (ExcelUtils.java:41) - Test Runner excel row at: 73
16:26:20.323 INFO  utils.ExcelUtils (ExcelUtils.java:41) - Test Runner excel row at: 74
16:26:20.324 INFO  utils.ExcelUtils (ExcelUtils.java:41) - Test Runner excel row at: 75
16:26:20.325 INFO  utils.ExcelUtils (ExcelUtils.java:41) - Test Runner excel row at: 76
16:26:20.326 INFO  utils.ExcelUtils (ExcelUtils.java:41) - Test Runner excel row at: 77
16:26:20.326 INFO  utils.ExcelUtils (ExcelUtils.java:41) - Test Runner excel row at: 78
16:26:20.327 INFO  utils.ExcelUtils (ExcelUtils.java:41) - Test Runner excel row at: 79
16:26:20.328 INFO  utils.ExcelUtils (ExcelUtils.java:41) - Test Runner excel row at: 80
16:26:20.330 INFO  utils.ExcelUtils (ExcelUtils.java:41) - Test Runner excel row at: 81
16:26:20.331 INFO  utils.ExcelUtils (ExcelUtils.java:41) - Test Runner excel row at: 82
16:26:20.340 INFO  utils.ExcelUtils (ExcelUtils.java:41) - Test Runner excel row at: 83
16:26:20.340 INFO  utils.ExcelUtils (ExcelUtils.java:41) - Test Runner excel row at: 84
16:26:20.340 INFO  utils.ExcelUtils (ExcelUtils.java:41) - Test Runner excel row at: 85
16:26:20.344 INFO  utils.ExcelUtils (ExcelUtils.java:41) - Test Runner excel row at: 86
16:26:20.344 INFO  utils.ExcelUtils (ExcelUtils.java:41) - Test Runner excel row at: 87
16:26:20.345 INFO  utils.ExcelUtils (ExcelUtils.java:41) - Test Runner excel row at: 88
16:26:20.349 INFO  utils.ExcelUtils (ExcelUtils.java:41) - Test Runner excel row at: 89
16:26:20.350 INFO  utils.ExcelUtils (ExcelUtils.java:41) - Test Runner excel row at: 90
16:26:20.351 INFO  utils.ExcelUtils (ExcelUtils.java:41) - Test Runner excel row at: 91
16:26:20.351 INFO  utils.ExcelUtils (ExcelUtils.java:41) - Test Runner excel row at: 92
16:26:20.352 INFO  utils.ExcelUtils (ExcelUtils.java:41) - Test Runner excel row at: 93
16:26:20.352 INFO  utils.ExcelUtils (ExcelUtils.java:41) - Test Runner excel row at: 94
16:26:20.353 INFO  utils.ExcelUtils (ExcelUtils.java:41) - Test Runner excel row at: 95
16:26:20.353 INFO  utils.ExcelUtils (ExcelUtils.java:41) - Test Runner excel row at: 96
16:26:20.355 INFO  utils.ExcelUtils (ExcelUtils.java:41) - Test Runner excel row at: 97
16:26:20.355 INFO  utils.ExcelUtils (ExcelUtils.java:41) - Test Runner excel row at: 98
16:26:20.356 INFO  utils.ExcelUtils (ExcelUtils.java:41) - Test Runner excel row at: 99
16:26:20.356 INFO  utils.ExcelUtils (ExcelUtils.java:41) - Test Runner excel row at: 100
16:26:20.994 WARN  config.Configuration (Configuration.java:231) - QA env being used by default. No env property set. This can be set in the sew.app.yml config file with a '{}=' property or on the command line with the switch '-D{}='.
16:26:33.298 INFO  driver.WebDriverFactory (WebDriverFactory.java:192) - Setting up the browser window to its max.
16:26:33.453 INFO  driver.WebDriverFactory (WebDriverFactory.java:181) - Initializing the implicit wait timeout for {} 5
16:26:33.464 INFO  driver.WebDriverFactory (WebDriverFactory.java:184) - Initializing the page load timeout.
16:26:33.472 INFO  driver.DriverFactory (DriverFactory.java:125) - Clearing all the cookies.
16:26:33.486 INFO  driver.DriverFactory (DriverFactory.java:62) - Open the url {} https://u2-alectra.smartcmobile.net/portal/#/login using the selenium get() method.
16:26:45.637 INFO  scp.ResUsageOverviewTests (ResUsageOverviewTests.java:63) - Test to login in application and check billing and payment history
16:26:47.406 INFO  pageObjects.LoginPage (LoginPage.java:40) - Populating username {} :0023826434
16:26:47.431 INFO  driver.Page (    Page.java:129) - Wait for element {} [[ChromeDriver: chrome on windows (0b5582b0a774ad475ca2fe08a99713f9)] -> xpath: //*[@id="username"]] to be present in the DOM for duration of {} 120
16:26:47.432 INFO  driver.Page (    Page.java:257) - Waiting for element to be visible for 120 seconds.
16:26:47.496 INFO  driver.Page (    Page.java:260) - Element is visible on the page.
16:26:47.512 INFO  driver.Page (    Page.java:131) - Clearing the element {} [[ChromeDriver: chrome on windows (0b5582b0a774ad475ca2fe08a99713f9)] -> xpath: //*[@id="username"]] before sending the keys.
16:26:47.621 INFO  driver.Page (    Page.java:133) - Sending the following keys {} 0023826434 to the element {} [[ChromeDriver: chrome on windows (0b5582b0a774ad475ca2fe08a99713f9)] -> xpath: //*[@id="username"]]
16:26:47.854 INFO  pageObjects.LoginPage (LoginPage.java:42) - Username populated successfully.
16:26:47.855 INFO  pageObjects.LoginPage (LoginPage.java:48) - Populating password {} :Demo@123
16:26:47.881 INFO  driver.Page (    Page.java:129) - Wait for element {} [[ChromeDriver: chrome on windows (0b5582b0a774ad475ca2fe08a99713f9)] -> xpath: //*[@id="password"]] to be present in the DOM for duration of {} 120
16:26:47.882 INFO  driver.Page (    Page.java:257) - Waiting for element to be visible for 120 seconds.
16:26:47.930 INFO  driver.Page (    Page.java:260) - Element is visible on the page.
16:26:47.947 INFO  driver.Page (    Page.java:131) - Clearing the element {} [[ChromeDriver: chrome on windows (0b5582b0a774ad475ca2fe08a99713f9)] -> xpath: //*[@id="password"]] before sending the keys.
16:26:48.036 INFO  driver.Page (    Page.java:133) - Sending the following keys {} Demo@123 to the element {} [[ChromeDriver: chrome on windows (0b5582b0a774ad475ca2fe08a99713f9)] -> xpath: //*[@id="password"]]
16:26:48.219 INFO  pageObjects.LoginPage (LoginPage.java:50) - Password populated successfully.
16:26:48.219 INFO  pageObjects.LoginPage (LoginPage.java:57) - Clicking the sign in button.
16:26:48.219 INFO  driver.Page (    Page.java:58) - Preparing for element to click.
16:26:48.220 INFO  driver.Page (    Page.java:232) - Waiting for element to be clickable for 120 seconds.
16:26:48.306 INFO  driver.Page (    Page.java:235) - Element is clickable now.
16:26:48.407 INFO  driver.Page (    Page.java:61) - Element is clicked successfully.
16:26:48.407 INFO  pageObjects.LoginPage (LoginPage.java:59) - Sign in button clicked successfully.
16:26:52.538 INFO  pageObjects.UsageOverviewPage (UsageOverviewPage.java:38) - Waiting for element to be visible for 5 seconds.
16:26:53.110 INFO  pageObjects.UsageOverviewPage (UsageOverviewPage.java:41) - Element is visible on the page.
16:26:53.110 INFO  pageObjects.UsageOverviewPage (UsageOverviewPage.java:45) - Preparing for element to click.
16:26:53.169 INFO  pageObjects.UsageOverviewPage (UsageOverviewPage.java:52) - Element is clicked successfully.
16:26:53.170 INFO  pageObjects.UsageOverviewPage (UsageOverviewPage.java:104) - Clicked on usage overview
16:26:53.170 INFO  pageObjects.UsageOverviewPage (UsageOverviewPage.java:38) - Waiting for element to be visible for 5 seconds.
16:26:53.227 INFO  pageObjects.UsageOverviewPage (UsageOverviewPage.java:41) - Element is visible on the page.
16:26:53.227 INFO  pageObjects.UsageOverviewPage (UsageOverviewPage.java:45) - Preparing for element to click.
16:26:53.662 INFO  pageObjects.UsageOverviewPage (UsageOverviewPage.java:52) - Element is clicked successfully.
16:26:53.662 INFO  pageObjects.UsageOverviewPage (UsageOverviewPage.java:95) - Clicked usage overview option from Usage Header
16:27:03.704 INFO  driver.Page (    Page.java:58) - Preparing for element to click.
16:27:03.704 INFO  driver.Page (    Page.java:232) - Waiting for element to be clickable for 120 seconds.
16:27:03.828 INFO  driver.Page (    Page.java:235) - Element is clickable now.
16:27:04.011 INFO  driver.Page (    Page.java:61) - Element is clicked successfully.
16:27:04.011 INFO  pageObjects.UsageOverviewPage (UsageOverviewPage.java:152) - Clicked on Rates option
16:28:43.499 INFO  utils.ExcelUtils (ExcelUtils.java:41) - Test Runner excel row at: 1
16:28:43.516 INFO  utils.ExcelUtils (ExcelUtils.java:41) - Test Runner excel row at: 2
16:28:43.517 INFO  utils.ExcelUtils (ExcelUtils.java:41) - Test Runner excel row at: 3
16:28:43.519 INFO  utils.ExcelUtils (ExcelUtils.java:41) - Test Runner excel row at: 4
16:28:43.519 INFO  utils.ExcelUtils (ExcelUtils.java:41) - Test Runner excel row at: 5
16:28:43.520 INFO  utils.ExcelUtils (ExcelUtils.java:41) - Test Runner excel row at: 6
16:28:43.520 INFO  utils.ExcelUtils (ExcelUtils.java:41) - Test Runner excel row at: 7
16:28:43.522 INFO  utils.ExcelUtils (ExcelUtils.java:41) - Test Runner excel row at: 8
16:28:43.523 INFO  utils.ExcelUtils (ExcelUtils.java:41) - Test Runner excel row at: 9
16:28:43.524 INFO  utils.ExcelUtils (ExcelUtils.java:41) - Test Runner excel row at: 10
16:28:43.525 INFO  utils.ExcelUtils (ExcelUtils.java:41) - Test Runner excel row at: 11
16:28:43.525 INFO  utils.ExcelUtils (ExcelUtils.java:41) - Test Runner excel row at: 12
16:28:43.526 INFO  utils.ExcelUtils (ExcelUtils.java:41) - Test Runner excel row at: 13
16:28:43.527 INFO  utils.ExcelUtils (ExcelUtils.java:41) - Test Runner excel row at: 14
16:28:43.528 INFO  utils.ExcelUtils (ExcelUtils.java:41) - Test Runner excel row at: 15
16:28:43.529 INFO  utils.ExcelUtils (ExcelUtils.java:41) - Test Runner excel row at: 16
16:28:43.530 INFO  utils.ExcelUtils (ExcelUtils.java:41) - Test Runner excel row at: 17
16:28:43.531 INFO  utils.ExcelUtils (ExcelUtils.java:41) - Test Runner excel row at: 18
16:28:43.531 INFO  utils.ExcelUtils (ExcelUtils.java:41) - Test Runner excel row at: 19
16:28:43.532 INFO  utils.ExcelUtils (ExcelUtils.java:41) - Test Runner excel row at: 20
16:28:43.533 INFO  utils.ExcelUtils (ExcelUtils.java:41) - Test Runner excel row at: 21
16:28:43.534 INFO  utils.ExcelUtils (ExcelUtils.java:41) - Test Runner excel row at: 22
16:28:43.534 INFO  utils.ExcelUtils (ExcelUtils.java:41) - Test Runner excel row at: 23
16:28:43.535 INFO  utils.ExcelUtils (ExcelUtils.java:41) - Test Runner excel row at: 24
16:28:43.536 INFO  utils.ExcelUtils (ExcelUtils.java:41) - Test Runner excel row at: 25
16:28:43.536 INFO  utils.ExcelUtils (ExcelUtils.java:41) - Test Runner excel row at: 26
16:28:43.537 INFO  utils.ExcelUtils (ExcelUtils.java:41) - Test Runner excel row at: 27
16:28:43.538 INFO  utils.ExcelUtils (ExcelUtils.java:41) - Test Runner excel row at: 28
16:28:43.541 INFO  utils.ExcelUtils (ExcelUtils.java:41) - Test Runner excel row at: 29
16:28:43.542 INFO  utils.ExcelUtils (ExcelUtils.java:41) - Test Runner excel row at: 30
16:28:43.542 INFO  utils.ExcelUtils (ExcelUtils.java:41) - Test Runner excel row at: 31
16:28:43.543 INFO  utils.ExcelUtils (ExcelUtils.java:41) - Test Runner excel row at: 32
16:28:43.544 INFO  utils.ExcelUtils (ExcelUtils.java:41) - Test Runner excel row at: 33
16:28:43.545 INFO  utils.ExcelUtils (ExcelUtils.java:41) - Test Runner excel row at: 34
16:28:43.545 INFO  utils.ExcelUtils (ExcelUtils.java:41) - Test Runner excel row at: 35
16:28:43.546 INFO  utils.ExcelUtils (ExcelUtils.java:41) - Test Runner excel row at: 36
16:28:43.547 INFO  utils.ExcelUtils (ExcelUtils.java:41) - Test Runner excel row at: 37
16:28:43.547 INFO  utils.ExcelUtils (ExcelUtils.java:41) - Test Runner excel row at: 38
16:28:43.548 INFO  utils.ExcelUtils (ExcelUtils.java:41) - Test Runner excel row at: 39
16:28:43.549 INFO  utils.ExcelUtils (ExcelUtils.java:41) - Test Runner excel row at: 40
16:28:43.550 INFO  utils.ExcelUtils (ExcelUtils.java:41) - Test Runner excel row at: 41
16:28:43.550 INFO  utils.ExcelUtils (ExcelUtils.java:41) - Test Runner excel row at: 42
16:28:43.551 INFO  utils.ExcelUtils (ExcelUtils.java:41) - Test Runner excel row at: 43
16:28:43.551 INFO  utils.ExcelUtils (ExcelUtils.java:41) - Test Runner excel row at: 44
16:28:43.555 INFO  utils.ExcelUtils (ExcelUtils.java:41) - Test Runner excel row at: 45
16:28:43.556 INFO  utils.ExcelUtils (ExcelUtils.java:41) - Test Runner excel row at: 46
16:28:43.557 INFO  utils.ExcelUtils (ExcelUtils.java:41) - Test Runner excel row at: 47
16:28:43.557 INFO  utils.ExcelUtils (ExcelUtils.java:41) - Test Runner excel row at: 48
16:28:43.558 INFO  utils.ExcelUtils (ExcelUtils.java:41) - Test Runner excel row at: 49
16:28:43.558 INFO  utils.ExcelUtils (ExcelUtils.java:41) - Test Runner excel row at: 50
16:28:43.560 INFO  utils.ExcelUtils (ExcelUtils.java:41) - Test Runner excel row at: 51
16:28:43.560 INFO  utils.ExcelUtils (ExcelUtils.java:41) - Test Runner excel row at: 52
16:28:43.561 INFO  utils.ExcelUtils (ExcelUtils.java:41) - Test Runner excel row at: 53
16:28:43.565 INFO  utils.ExcelUtils (ExcelUtils.java:41) - Test Runner excel row at: 54
16:28:43.565 INFO  utils.ExcelUtils (ExcelUtils.java:41) - Test Runner excel row at: 55
16:28:43.566 INFO  utils.ExcelUtils (ExcelUtils.java:41) - Test Runner excel row at: 56
16:28:43.566 INFO  utils.ExcelUtils (ExcelUtils.java:41) - Test Runner excel row at: 57
16:28:43.567 INFO  utils.ExcelUtils (ExcelUtils.java:41) - Test Runner excel row at: 58
16:28:43.567 INFO  utils.ExcelUtils (ExcelUtils.java:41) - Test Runner excel row at: 59
16:28:43.568 INFO  utils.ExcelUtils (ExcelUtils.java:41) - Test Runner excel row at: 60
16:28:43.568 INFO  utils.ExcelUtils (ExcelUtils.java:41) - Test Runner excel row at: 61
16:28:43.568 INFO  utils.ExcelUtils (ExcelUtils.java:41) - Test Runner excel row at: 62
16:28:43.568 INFO  utils.ExcelUtils (ExcelUtils.java:41) - Test Runner excel row at: 63
16:28:43.570 INFO  utils.ExcelUtils (ExcelUtils.java:41) - Test Runner excel row at: 64
16:28:43.570 INFO  utils.ExcelUtils (ExcelUtils.java:41) - Test Runner excel row at: 65
16:28:43.571 INFO  utils.ExcelUtils (ExcelUtils.java:41) - Test Runner excel row at: 66
16:28:43.571 INFO  utils.ExcelUtils (ExcelUtils.java:41) - Test Runner excel row at: 67
16:28:43.571 INFO  utils.ExcelUtils (ExcelUtils.java:41) - Test Runner excel row at: 68
16:28:43.572 INFO  utils.ExcelUtils (ExcelUtils.java:41) - Test Runner excel row at: 69
16:28:43.573 INFO  utils.ExcelUtils (ExcelUtils.java:41) - Test Runner excel row at: 70
16:28:43.573 INFO  utils.ExcelUtils (ExcelUtils.java:41) - Test Runner excel row at: 71
16:28:43.574 INFO  utils.ExcelUtils (ExcelUtils.java:41) - Test Runner excel row at: 72
16:28:43.574 INFO  utils.ExcelUtils (ExcelUtils.java:41) - Test Runner excel row at: 73
16:28:43.575 INFO  utils.ExcelUtils (ExcelUtils.java:41) - Test Runner excel row at: 74
16:28:43.575 INFO  utils.ExcelUtils (ExcelUtils.java:41) - Test Runner excel row at: 75
16:28:43.576 INFO  utils.ExcelUtils (ExcelUtils.java:41) - Test Runner excel row at: 76
16:28:43.576 INFO  utils.ExcelUtils (ExcelUtils.java:41) - Test Runner excel row at: 77
16:28:43.576 INFO  utils.ExcelUtils (ExcelUtils.java:41) - Test Runner excel row at: 78
16:28:43.577 INFO  utils.ExcelUtils (ExcelUtils.java:41) - Test Runner excel row at: 79
16:28:43.577 INFO  utils.ExcelUtils (ExcelUtils.java:41) - Test Runner excel row at: 80
16:28:43.578 INFO  utils.ExcelUtils (ExcelUtils.java:41) - Test Runner excel row at: 81
16:28:43.578 INFO  utils.ExcelUtils (ExcelUtils.java:41) - Test Runner excel row at: 82
16:28:43.578 INFO  utils.ExcelUtils (ExcelUtils.java:41) - Test Runner excel row at: 83
16:28:43.578 INFO  utils.ExcelUtils (ExcelUtils.java:41) - Test Runner excel row at: 84
16:28:43.580 INFO  utils.ExcelUtils (ExcelUtils.java:41) - Test Runner excel row at: 85
16:28:43.580 INFO  utils.ExcelUtils (ExcelUtils.java:41) - Test Runner excel row at: 86
16:28:43.580 INFO  utils.ExcelUtils (ExcelUtils.java:41) - Test Runner excel row at: 87
16:28:43.580 INFO  utils.ExcelUtils (ExcelUtils.java:41) - Test Runner excel row at: 88
16:28:43.581 INFO  utils.ExcelUtils (ExcelUtils.java:41) - Test Runner excel row at: 89
16:28:43.581 INFO  utils.ExcelUtils (ExcelUtils.java:41) - Test Runner excel row at: 90
16:28:43.582 INFO  utils.ExcelUtils (ExcelUtils.java:41) - Test Runner excel row at: 91
16:28:43.582 INFO  utils.ExcelUtils (ExcelUtils.java:41) - Test Runner excel row at: 92
16:28:43.582 INFO  utils.ExcelUtils (ExcelUtils.java:41) - Test Runner excel row at: 93
16:28:43.583 INFO  utils.ExcelUtils (ExcelUtils.java:41) - Test Runner excel row at: 94
16:28:43.583 INFO  utils.ExcelUtils (ExcelUtils.java:41) - Test Runner excel row at: 95
16:28:43.584 INFO  utils.ExcelUtils (ExcelUtils.java:41) - Test Runner excel row at: 96
16:28:43.584 INFO  utils.ExcelUtils (ExcelUtils.java:41) - Test Runner excel row at: 97
16:28:43.585 INFO  utils.ExcelUtils (ExcelUtils.java:41) - Test Runner excel row at: 98
16:28:43.585 INFO  utils.ExcelUtils (ExcelUtils.java:41) - Test Runner excel row at: 99
16:28:43.586 INFO  utils.ExcelUtils (ExcelUtils.java:41) - Test Runner excel row at: 100
16:28:44.295 WARN  config.Configuration (Configuration.java:231) - QA env being used by default. No env property set. This can be set in the sew.app.yml config file with a '{}=' property or on the command line with the switch '-D{}='.
16:28:50.194 INFO  driver.WebDriverFactory (WebDriverFactory.java:192) - Setting up the browser window to its max.
16:28:50.355 INFO  driver.WebDriverFactory (WebDriverFactory.java:181) - Initializing the implicit wait timeout for {} 5
16:28:50.364 INFO  driver.WebDriverFactory (WebDriverFactory.java:184) - Initializing the page load timeout.
16:28:50.377 INFO  driver.DriverFactory (DriverFactory.java:125) - Clearing all the cookies.
16:28:50.441 INFO  driver.DriverFactory (DriverFactory.java:62) - Open the url {} https://u2-alectra.smartcmobile.net/portal/#/login using the selenium get() method.
16:29:01.329 INFO  scp.ResUsageOverviewTests (ResUsageOverviewTests.java:63) - Test to login in application and check billing and payment history
16:29:03.241 INFO  pageObjects.LoginPage (LoginPage.java:40) - Populating username {} :0023826434
16:29:03.292 INFO  driver.Page (    Page.java:129) - Wait for element {} [[ChromeDriver: chrome on windows (a4268339896569a751ace9be89803c97)] -> xpath: //*[@id="username"]] to be present in the DOM for duration of {} 120
16:29:03.294 INFO  driver.Page (    Page.java:257) - Waiting for element to be visible for 120 seconds.
16:29:03.369 INFO  driver.Page (    Page.java:260) - Element is visible on the page.
16:29:03.385 INFO  driver.Page (    Page.java:131) - Clearing the element {} [[ChromeDriver: chrome on windows (a4268339896569a751ace9be89803c97)] -> xpath: //*[@id="username"]] before sending the keys.
16:29:03.504 INFO  driver.Page (    Page.java:133) - Sending the following keys {} 0023826434 to the element {} [[ChromeDriver: chrome on windows (a4268339896569a751ace9be89803c97)] -> xpath: //*[@id="username"]]
16:29:03.715 INFO  pageObjects.LoginPage (LoginPage.java:42) - Username populated successfully.
16:29:03.716 INFO  pageObjects.LoginPage (LoginPage.java:48) - Populating password {} :Demo@123
16:29:03.742 INFO  driver.Page (    Page.java:129) - Wait for element {} [[ChromeDriver: chrome on windows (a4268339896569a751ace9be89803c97)] -> xpath: //*[@id="password"]] to be present in the DOM for duration of {} 120
16:29:03.743 INFO  driver.Page (    Page.java:257) - Waiting for element to be visible for 120 seconds.
16:29:03.788 INFO  driver.Page (    Page.java:260) - Element is visible on the page.
16:29:03.804 INFO  driver.Page (    Page.java:131) - Clearing the element {} [[ChromeDriver: chrome on windows (a4268339896569a751ace9be89803c97)] -> xpath: //*[@id="password"]] before sending the keys.
16:29:03.877 INFO  driver.Page (    Page.java:133) - Sending the following keys {} Demo@123 to the element {} [[ChromeDriver: chrome on windows (a4268339896569a751ace9be89803c97)] -> xpath: //*[@id="password"]]
16:29:04.008 INFO  pageObjects.LoginPage (LoginPage.java:50) - Password populated successfully.
16:29:04.008 INFO  pageObjects.LoginPage (LoginPage.java:57) - Clicking the sign in button.
16:29:04.009 INFO  driver.Page (    Page.java:58) - Preparing for element to click.
16:29:04.009 INFO  driver.Page (    Page.java:232) - Waiting for element to be clickable for 120 seconds.
16:29:04.080 INFO  driver.Page (    Page.java:235) - Element is clickable now.
16:29:04.180 INFO  driver.Page (    Page.java:61) - Element is clicked successfully.
16:29:04.180 INFO  pageObjects.LoginPage (LoginPage.java:59) - Sign in button clicked successfully.
16:29:07.245 INFO  pageObjects.UsageOverviewPage (UsageOverviewPage.java:38) - Waiting for element to be visible for 5 seconds.
16:29:07.291 INFO  pageObjects.UsageOverviewPage (UsageOverviewPage.java:41) - Element is visible on the page.
16:29:07.291 INFO  pageObjects.UsageOverviewPage (UsageOverviewPage.java:45) - Preparing for element to click.
16:29:07.336 INFO  pageObjects.UsageOverviewPage (UsageOverviewPage.java:52) - Element is clicked successfully.
16:29:07.336 INFO  pageObjects.UsageOverviewPage (UsageOverviewPage.java:104) - Clicked on usage overview
16:29:07.337 INFO  pageObjects.UsageOverviewPage (UsageOverviewPage.java:38) - Waiting for element to be visible for 5 seconds.
16:29:07.383 INFO  pageObjects.UsageOverviewPage (UsageOverviewPage.java:41) - Element is visible on the page.
16:29:07.383 INFO  pageObjects.UsageOverviewPage (UsageOverviewPage.java:45) - Preparing for element to click.
16:29:07.716 INFO  pageObjects.UsageOverviewPage (UsageOverviewPage.java:52) - Element is clicked successfully.
16:29:07.717 INFO  pageObjects.UsageOverviewPage (UsageOverviewPage.java:95) - Clicked usage overview option from Usage Header
16:29:17.762 INFO  driver.Page (    Page.java:58) - Preparing for element to click.
16:29:17.762 INFO  driver.Page (    Page.java:232) - Waiting for element to be clickable for 120 seconds.
16:29:17.841 INFO  driver.Page (    Page.java:235) - Element is clickable now.
16:29:18.019 INFO  driver.Page (    Page.java:61) - Element is clicked successfully.
16:29:18.019 INFO  pageObjects.UsageOverviewPage (UsageOverviewPage.java:152) - Clicked on Rates option
16:29:21.037 INFO  driver.Page (    Page.java:58) - Preparing for element to click.
16:29:21.037 INFO  driver.Page (    Page.java:232) - Waiting for element to be clickable for 120 seconds.
16:29:21.134 INFO  driver.Page (    Page.java:235) - Element is clickable now.
16:29:21.337 INFO  driver.Page (    Page.java:61) - Element is clicked successfully.
16:29:21.337 INFO  pageObjects.UsageOverviewPage (UsageOverviewPage.java:160) - Clicked on Tiered option
16:29:24.351 INFO  driver.Page (    Page.java:58) - Preparing for element to click.
16:29:24.351 INFO  driver.Page (    Page.java:232) - Waiting for element to be clickable for 120 seconds.
16:29:24.461 INFO  driver.Page (    Page.java:235) - Element is clickable now.
16:29:24.656 INFO  driver.Page (    Page.java:61) - Element is clicked successfully.
16:29:24.657 INFO  pageObjects.UsageOverviewPage (UsageOverviewPage.java:168) - Clicked on ULO option
16:29:27.713 INFO  driver.DriverFactory (DriverFactory.java:125) - Clearing all the cookies.
17:02:04.683 INFO  utils.ExcelUtils (ExcelUtils.java:41) - Test Runner excel row at: 1
17:02:04.708 INFO  utils.ExcelUtils (ExcelUtils.java:41) - Test Runner excel row at: 2
17:02:04.712 INFO  utils.ExcelUtils (ExcelUtils.java:41) - Test Runner excel row at: 3
17:02:04.715 INFO  utils.ExcelUtils (ExcelUtils.java:41) - Test Runner excel row at: 4
17:02:04.717 INFO  utils.ExcelUtils (ExcelUtils.java:41) - Test Runner excel row at: 5
17:02:04.721 INFO  utils.ExcelUtils (ExcelUtils.java:41) - Test Runner excel row at: 6
17:02:04.727 INFO  utils.ExcelUtils (ExcelUtils.java:41) - Test Runner excel row at: 7
17:02:04.730 INFO  utils.ExcelUtils (ExcelUtils.java:41) - Test Runner excel row at: 8
17:02:04.733 INFO  utils.ExcelUtils (ExcelUtils.java:41) - Test Runner excel row at: 9
17:02:04.738 INFO  utils.ExcelUtils (ExcelUtils.java:41) - Test Runner excel row at: 10
17:02:04.747 INFO  utils.ExcelUtils (ExcelUtils.java:41) - Test Runner excel row at: 11
17:02:04.749 INFO  utils.ExcelUtils (ExcelUtils.java:41) - Test Runner excel row at: 12
17:02:04.761 INFO  utils.ExcelUtils (ExcelUtils.java:41) - Test Runner excel row at: 13
17:02:04.763 INFO  utils.ExcelUtils (ExcelUtils.java:41) - Test Runner excel row at: 14
17:02:04.767 INFO  utils.ExcelUtils (ExcelUtils.java:41) - Test Runner excel row at: 15
17:02:04.774 INFO  utils.ExcelUtils (ExcelUtils.java:41) - Test Runner excel row at: 16
17:02:04.778 INFO  utils.ExcelUtils (ExcelUtils.java:41) - Test Runner excel row at: 17
17:02:04.779 INFO  utils.ExcelUtils (ExcelUtils.java:41) - Test Runner excel row at: 18
17:02:04.782 INFO  utils.ExcelUtils (ExcelUtils.java:41) - Test Runner excel row at: 19
17:02:04.784 INFO  utils.ExcelUtils (ExcelUtils.java:41) - Test Runner excel row at: 20
17:02:04.787 INFO  utils.ExcelUtils (ExcelUtils.java:41) - Test Runner excel row at: 21
17:02:04.792 INFO  utils.ExcelUtils (ExcelUtils.java:41) - Test Runner excel row at: 22
17:02:04.794 INFO  utils.ExcelUtils (ExcelUtils.java:41) - Test Runner excel row at: 23
17:02:04.801 INFO  utils.ExcelUtils (ExcelUtils.java:41) - Test Runner excel row at: 24
17:02:04.823 INFO  utils.ExcelUtils (ExcelUtils.java:41) - Test Runner excel row at: 25
17:02:04.829 INFO  utils.ExcelUtils (ExcelUtils.java:41) - Test Runner excel row at: 26
17:02:04.838 INFO  utils.ExcelUtils (ExcelUtils.java:41) - Test Runner excel row at: 27
17:02:04.841 INFO  utils.ExcelUtils (ExcelUtils.java:41) - Test Runner excel row at: 28
17:02:04.844 INFO  utils.ExcelUtils (ExcelUtils.java:41) - Test Runner excel row at: 29
17:02:04.848 INFO  utils.ExcelUtils (ExcelUtils.java:41) - Test Runner excel row at: 30
17:02:04.855 INFO  utils.ExcelUtils (ExcelUtils.java:41) - Test Runner excel row at: 31
17:02:04.858 INFO  utils.ExcelUtils (ExcelUtils.java:41) - Test Runner excel row at: 32
17:02:04.860 INFO  utils.ExcelUtils (ExcelUtils.java:41) - Test Runner excel row at: 33
17:02:04.872 INFO  utils.ExcelUtils (ExcelUtils.java:41) - Test Runner excel row at: 34
17:02:04.878 INFO  utils.ExcelUtils (ExcelUtils.java:41) - Test Runner excel row at: 35
17:02:04.881 INFO  utils.ExcelUtils (ExcelUtils.java:41) - Test Runner excel row at: 36
17:02:04.882 INFO  utils.ExcelUtils (ExcelUtils.java:41) - Test Runner excel row at: 37
17:02:04.883 INFO  utils.ExcelUtils (ExcelUtils.java:41) - Test Runner excel row at: 38
17:02:04.886 INFO  utils.ExcelUtils (ExcelUtils.java:41) - Test Runner excel row at: 39
17:02:04.889 INFO  utils.ExcelUtils (ExcelUtils.java:41) - Test Runner excel row at: 40
17:02:04.890 INFO  utils.ExcelUtils (ExcelUtils.java:41) - Test Runner excel row at: 41
17:02:04.892 INFO  utils.ExcelUtils (ExcelUtils.java:41) - Test Runner excel row at: 42
17:02:04.894 INFO  utils.ExcelUtils (ExcelUtils.java:41) - Test Runner excel row at: 43
17:02:04.896 INFO  utils.ExcelUtils (ExcelUtils.java:41) - Test Runner excel row at: 44
17:02:04.896 INFO  utils.ExcelUtils (ExcelUtils.java:41) - Test Runner excel row at: 45
17:02:04.897 INFO  utils.ExcelUtils (ExcelUtils.java:41) - Test Runner excel row at: 46
17:02:04.898 INFO  utils.ExcelUtils (ExcelUtils.java:41) - Test Runner excel row at: 47
17:02:04.899 INFO  utils.ExcelUtils (ExcelUtils.java:41) - Test Runner excel row at: 48
17:02:04.899 INFO  utils.ExcelUtils (ExcelUtils.java:41) - Test Runner excel row at: 49
17:02:04.900 INFO  utils.ExcelUtils (ExcelUtils.java:41) - Test Runner excel row at: 50
17:02:04.901 INFO  utils.ExcelUtils (ExcelUtils.java:41) - Test Runner excel row at: 51
17:02:04.901 INFO  utils.ExcelUtils (ExcelUtils.java:41) - Test Runner excel row at: 52
17:02:04.903 INFO  utils.ExcelUtils (ExcelUtils.java:41) - Test Runner excel row at: 53
17:02:04.906 INFO  utils.ExcelUtils (ExcelUtils.java:41) - Test Runner excel row at: 54
17:02:04.907 INFO  utils.ExcelUtils (ExcelUtils.java:41) - Test Runner excel row at: 55
17:02:04.908 INFO  utils.ExcelUtils (ExcelUtils.java:41) - Test Runner excel row at: 56
17:02:04.909 INFO  utils.ExcelUtils (ExcelUtils.java:41) - Test Runner excel row at: 57
17:02:04.909 INFO  utils.ExcelUtils (ExcelUtils.java:41) - Test Runner excel row at: 58
17:02:04.910 INFO  utils.ExcelUtils (ExcelUtils.java:41) - Test Runner excel row at: 59
17:02:04.910 INFO  utils.ExcelUtils (ExcelUtils.java:41) - Test Runner excel row at: 60
17:02:04.911 INFO  utils.ExcelUtils (ExcelUtils.java:41) - Test Runner excel row at: 61
17:02:04.912 INFO  utils.ExcelUtils (ExcelUtils.java:41) - Test Runner excel row at: 62
17:02:04.912 INFO  utils.ExcelUtils (ExcelUtils.java:41) - Test Runner excel row at: 63
17:02:04.913 INFO  utils.ExcelUtils (ExcelUtils.java:41) - Test Runner excel row at: 64
17:02:04.914 INFO  utils.ExcelUtils (ExcelUtils.java:41) - Test Runner excel row at: 65
17:02:04.914 INFO  utils.ExcelUtils (ExcelUtils.java:41) - Test Runner excel row at: 66
17:02:04.915 INFO  utils.ExcelUtils (ExcelUtils.java:41) - Test Runner excel row at: 67
17:02:04.916 INFO  utils.ExcelUtils (ExcelUtils.java:41) - Test Runner excel row at: 68
17:02:04.916 INFO  utils.ExcelUtils (ExcelUtils.java:41) - Test Runner excel row at: 69
17:02:04.917 INFO  utils.ExcelUtils (ExcelUtils.java:41) - Test Runner excel row at: 70
17:02:04.917 INFO  utils.ExcelUtils (ExcelUtils.java:41) - Test Runner excel row at: 71
17:02:04.918 INFO  utils.ExcelUtils (ExcelUtils.java:41) - Test Runner excel row at: 72
17:02:04.919 INFO  utils.ExcelUtils (ExcelUtils.java:41) - Test Runner excel row at: 73
17:02:04.920 INFO  utils.ExcelUtils (ExcelUtils.java:41) - Test Runner excel row at: 74
17:02:04.920 INFO  utils.ExcelUtils (ExcelUtils.java:41) - Test Runner excel row at: 75
17:02:04.921 INFO  utils.ExcelUtils (ExcelUtils.java:41) - Test Runner excel row at: 76
17:02:04.921 INFO  utils.ExcelUtils (ExcelUtils.java:41) - Test Runner excel row at: 77
17:02:04.922 INFO  utils.ExcelUtils (ExcelUtils.java:41) - Test Runner excel row at: 78
17:02:04.922 INFO  utils.ExcelUtils (ExcelUtils.java:41) - Test Runner excel row at: 79
17:02:04.923 INFO  utils.ExcelUtils (ExcelUtils.java:41) - Test Runner excel row at: 80
17:02:04.924 INFO  utils.ExcelUtils (ExcelUtils.java:41) - Test Runner excel row at: 81
17:02:04.925 INFO  utils.ExcelUtils (ExcelUtils.java:41) - Test Runner excel row at: 82
17:02:04.925 INFO  utils.ExcelUtils (ExcelUtils.java:41) - Test Runner excel row at: 83
17:02:04.926 INFO  utils.ExcelUtils (ExcelUtils.java:41) - Test Runner excel row at: 84
17:02:04.926 INFO  utils.ExcelUtils (ExcelUtils.java:41) - Test Runner excel row at: 85
17:02:04.927 INFO  utils.ExcelUtils (ExcelUtils.java:41) - Test Runner excel row at: 86
17:02:04.928 INFO  utils.ExcelUtils (ExcelUtils.java:41) - Test Runner excel row at: 87
17:02:04.928 INFO  utils.ExcelUtils (ExcelUtils.java:41) - Test Runner excel row at: 88
17:02:04.929 INFO  utils.ExcelUtils (ExcelUtils.java:41) - Test Runner excel row at: 89
17:02:04.929 INFO  utils.ExcelUtils (ExcelUtils.java:41) - Test Runner excel row at: 90
17:02:04.930 INFO  utils.ExcelUtils (ExcelUtils.java:41) - Test Runner excel row at: 91
17:02:04.930 INFO  utils.ExcelUtils (ExcelUtils.java:41) - Test Runner excel row at: 92
17:02:04.931 INFO  utils.ExcelUtils (ExcelUtils.java:41) - Test Runner excel row at: 93
17:02:04.932 INFO  utils.ExcelUtils (ExcelUtils.java:41) - Test Runner excel row at: 94
17:02:04.932 INFO  utils.ExcelUtils (ExcelUtils.java:41) - Test Runner excel row at: 95
17:02:04.933 INFO  utils.ExcelUtils (ExcelUtils.java:41) - Test Runner excel row at: 96
17:02:04.933 INFO  utils.ExcelUtils (ExcelUtils.java:41) - Test Runner excel row at: 97
17:02:04.934 INFO  utils.ExcelUtils (ExcelUtils.java:41) - Test Runner excel row at: 98
17:02:04.934 INFO  utils.ExcelUtils (ExcelUtils.java:41) - Test Runner excel row at: 99
17:02:04.935 INFO  utils.ExcelUtils (ExcelUtils.java:41) - Test Runner excel row at: 100
17:02:06.801 WARN  config.Configuration (Configuration.java:231) - QA env being used by default. No env property set. This can be set in the sew.app.yml config file with a '{}=' property or on the command line with the switch '-D{}='.
17:02:22.640 INFO  driver.WebDriverFactory (WebDriverFactory.java:192) - Setting up the browser window to its max.
17:02:22.790 INFO  driver.WebDriverFactory (WebDriverFactory.java:181) - Initializing the implicit wait timeout for {} 5
17:02:22.808 INFO  driver.WebDriverFactory (WebDriverFactory.java:184) - Initializing the page load timeout.
17:02:22.814 INFO  driver.DriverFactory (DriverFactory.java:125) - Clearing all the cookies.
17:02:22.827 INFO  driver.DriverFactory (DriverFactory.java:62) - Open the url {} https://u2-alectra.smartcmobile.net/portal/#/login using the selenium get() method.
17:02:38.908 INFO  scp.ResUsageOverviewTests (ResUsageOverviewTests.java:63) - Test to login in application and check billing and payment history
17:02:40.846 INFO  pageObjects.LoginPage (LoginPage.java:40) - Populating username {} :0023826434
17:02:40.875 INFO  driver.Page (    Page.java:129) - Wait for element {} [[ChromeDriver: chrome on windows (76305aa34cc3b970956a945c76746f88)] -> xpath: //*[@id="username"]] to be present in the DOM for duration of {} 120
17:02:40.879 INFO  driver.Page (    Page.java:257) - Waiting for element to be visible for 120 seconds.
17:02:40.945 INFO  driver.Page (    Page.java:260) - Element is visible on the page.
17:02:40.963 INFO  driver.Page (    Page.java:131) - Clearing the element {} [[ChromeDriver: chrome on windows (76305aa34cc3b970956a945c76746f88)] -> xpath: //*[@id="username"]] before sending the keys.
17:02:41.059 INFO  driver.Page (    Page.java:133) - Sending the following keys {} 0023826434 to the element {} [[ChromeDriver: chrome on windows (76305aa34cc3b970956a945c76746f88)] -> xpath: //*[@id="username"]]
17:02:41.272 INFO  pageObjects.LoginPage (LoginPage.java:42) - Username populated successfully.
17:02:41.272 INFO  pageObjects.LoginPage (LoginPage.java:48) - Populating password {} :Demo@123
17:02:41.302 INFO  driver.Page (    Page.java:129) - Wait for element {} [[ChromeDriver: chrome on windows (76305aa34cc3b970956a945c76746f88)] -> xpath: //*[@id="password"]] to be present in the DOM for duration of {} 120
17:02:41.302 INFO  driver.Page (    Page.java:257) - Waiting for element to be visible for 120 seconds.
17:02:41.357 INFO  driver.Page (    Page.java:260) - Element is visible on the page.
17:02:41.379 INFO  driver.Page (    Page.java:131) - Clearing the element {} [[ChromeDriver: chrome on windows (76305aa34cc3b970956a945c76746f88)] -> xpath: //*[@id="password"]] before sending the keys.
17:02:41.469 INFO  driver.Page (    Page.java:133) - Sending the following keys {} Demo@123 to the element {} [[ChromeDriver: chrome on windows (76305aa34cc3b970956a945c76746f88)] -> xpath: //*[@id="password"]]
17:02:41.620 INFO  pageObjects.LoginPage (LoginPage.java:50) - Password populated successfully.
17:02:41.621 INFO  pageObjects.LoginPage (LoginPage.java:57) - Clicking the sign in button.
17:02:41.622 INFO  driver.Page (    Page.java:58) - Preparing for element to click.
17:02:41.622 INFO  driver.Page (    Page.java:232) - Waiting for element to be clickable for 120 seconds.
17:02:41.718 INFO  driver.Page (    Page.java:235) - Element is clickable now.
17:02:41.853 INFO  driver.Page (    Page.java:61) - Element is clicked successfully.
17:02:41.854 INFO  pageObjects.LoginPage (LoginPage.java:59) - Sign in button clicked successfully.
17:02:45.070 INFO  pageObjects.UsageOverviewPage (UsageOverviewPage.java:38) - Waiting for element to be visible for 5 seconds.
17:02:45.120 INFO  pageObjects.UsageOverviewPage (UsageOverviewPage.java:41) - Element is visible on the page.
17:02:45.121 INFO  pageObjects.UsageOverviewPage (UsageOverviewPage.java:45) - Preparing for element to click.
17:02:45.180 INFO  pageObjects.UsageOverviewPage (UsageOverviewPage.java:52) - Element is clicked successfully.
17:02:45.180 INFO  pageObjects.UsageOverviewPage (UsageOverviewPage.java:104) - Clicked on usage overview
17:02:45.181 INFO  pageObjects.UsageOverviewPage (UsageOverviewPage.java:38) - Waiting for element to be visible for 5 seconds.
17:02:45.244 INFO  pageObjects.UsageOverviewPage (UsageOverviewPage.java:41) - Element is visible on the page.
17:02:45.244 INFO  pageObjects.UsageOverviewPage (UsageOverviewPage.java:45) - Preparing for element to click.
17:02:45.697 INFO  pageObjects.UsageOverviewPage (UsageOverviewPage.java:52) - Element is clicked successfully.
17:02:45.698 INFO  pageObjects.UsageOverviewPage (UsageOverviewPage.java:95) - Clicked usage overview option from Usage Header
17:02:56.108 INFO  driver.Page (    Page.java:58) - Preparing for element to click.
17:02:56.109 INFO  driver.Page (    Page.java:232) - Waiting for element to be clickable for 120 seconds.
17:02:56.258 INFO  driver.Page (    Page.java:235) - Element is clickable now.
17:02:56.484 INFO  driver.Page (    Page.java:61) - Element is clicked successfully.
17:02:56.485 INFO  pageObjects.UsageOverviewPage (UsageOverviewPage.java:152) - Clicked on Rates option
17:06:29.771 INFO  utils.ExcelUtils (ExcelUtils.java:41) - Test Runner excel row at: 1
17:06:29.799 INFO  utils.ExcelUtils (ExcelUtils.java:41) - Test Runner excel row at: 2
17:06:29.802 INFO  utils.ExcelUtils (ExcelUtils.java:41) - Test Runner excel row at: 3
17:06:29.803 INFO  utils.ExcelUtils (ExcelUtils.java:41) - Test Runner excel row at: 4
17:06:29.805 INFO  utils.ExcelUtils (ExcelUtils.java:41) - Test Runner excel row at: 5
17:06:29.807 INFO  utils.ExcelUtils (ExcelUtils.java:41) - Test Runner excel row at: 6
17:06:29.810 INFO  utils.ExcelUtils (ExcelUtils.java:41) - Test Runner excel row at: 7
17:06:29.811 INFO  utils.ExcelUtils (ExcelUtils.java:41) - Test Runner excel row at: 8
17:06:29.813 INFO  utils.ExcelUtils (ExcelUtils.java:41) - Test Runner excel row at: 9
17:06:29.814 INFO  utils.ExcelUtils (ExcelUtils.java:41) - Test Runner excel row at: 10
17:06:29.816 INFO  utils.ExcelUtils (ExcelUtils.java:41) - Test Runner excel row at: 11
17:06:29.818 INFO  utils.ExcelUtils (ExcelUtils.java:41) - Test Runner excel row at: 12
17:06:29.819 INFO  utils.ExcelUtils (ExcelUtils.java:41) - Test Runner excel row at: 13
17:06:29.820 INFO  utils.ExcelUtils (ExcelUtils.java:41) - Test Runner excel row at: 14
17:06:29.820 INFO  utils.ExcelUtils (ExcelUtils.java:41) - Test Runner excel row at: 15
17:06:29.821 INFO  utils.ExcelUtils (ExcelUtils.java:41) - Test Runner excel row at: 16
17:06:29.822 INFO  utils.ExcelUtils (ExcelUtils.java:41) - Test Runner excel row at: 17
17:06:29.823 INFO  utils.ExcelUtils (ExcelUtils.java:41) - Test Runner excel row at: 18
17:06:29.823 INFO  utils.ExcelUtils (ExcelUtils.java:41) - Test Runner excel row at: 19
17:06:29.824 INFO  utils.ExcelUtils (ExcelUtils.java:41) - Test Runner excel row at: 20
17:06:29.825 INFO  utils.ExcelUtils (ExcelUtils.java:41) - Test Runner excel row at: 21
17:06:29.827 INFO  utils.ExcelUtils (ExcelUtils.java:41) - Test Runner excel row at: 22
17:06:29.828 INFO  utils.ExcelUtils (ExcelUtils.java:41) - Test Runner excel row at: 23
17:06:29.829 INFO  utils.ExcelUtils (ExcelUtils.java:41) - Test Runner excel row at: 24
17:06:29.829 INFO  utils.ExcelUtils (ExcelUtils.java:41) - Test Runner excel row at: 25
17:06:29.830 INFO  utils.ExcelUtils (ExcelUtils.java:41) - Test Runner excel row at: 26
17:06:29.831 INFO  utils.ExcelUtils (ExcelUtils.java:41) - Test Runner excel row at: 27
17:06:29.832 INFO  utils.ExcelUtils (ExcelUtils.java:41) - Test Runner excel row at: 28
17:06:29.832 INFO  utils.ExcelUtils (ExcelUtils.java:41) - Test Runner excel row at: 29
17:06:29.833 INFO  utils.ExcelUtils (ExcelUtils.java:41) - Test Runner excel row at: 30
17:06:29.834 INFO  utils.ExcelUtils (ExcelUtils.java:41) - Test Runner excel row at: 31
17:06:29.834 INFO  utils.ExcelUtils (ExcelUtils.java:41) - Test Runner excel row at: 32
17:06:29.835 INFO  utils.ExcelUtils (ExcelUtils.java:41) - Test Runner excel row at: 33
17:06:29.836 INFO  utils.ExcelUtils (ExcelUtils.java:41) - Test Runner excel row at: 34
17:06:29.836 INFO  utils.ExcelUtils (ExcelUtils.java:41) - Test Runner excel row at: 35
17:06:29.837 INFO  utils.ExcelUtils (ExcelUtils.java:41) - Test Runner excel row at: 36
17:06:29.838 INFO  utils.ExcelUtils (ExcelUtils.java:41) - Test Runner excel row at: 37
17:06:29.839 INFO  utils.ExcelUtils (ExcelUtils.java:41) - Test Runner excel row at: 38
17:06:29.840 INFO  utils.ExcelUtils (ExcelUtils.java:41) - Test Runner excel row at: 39
17:06:29.840 INFO  utils.ExcelUtils (ExcelUtils.java:41) - Test Runner excel row at: 40
17:06:29.841 INFO  utils.ExcelUtils (ExcelUtils.java:41) - Test Runner excel row at: 41
17:06:29.842 INFO  utils.ExcelUtils (ExcelUtils.java:41) - Test Runner excel row at: 42
17:06:29.843 INFO  utils.ExcelUtils (ExcelUtils.java:41) - Test Runner excel row at: 43
17:06:29.845 INFO  utils.ExcelUtils (ExcelUtils.java:41) - Test Runner excel row at: 44
17:06:29.845 INFO  utils.ExcelUtils (ExcelUtils.java:41) - Test Runner excel row at: 45
17:06:29.846 INFO  utils.ExcelUtils (ExcelUtils.java:41) - Test Runner excel row at: 46
17:06:29.847 INFO  utils.ExcelUtils (ExcelUtils.java:41) - Test Runner excel row at: 47
17:06:29.850 INFO  utils.ExcelUtils (ExcelUtils.java:41) - Test Runner excel row at: 48
17:06:29.853 INFO  utils.ExcelUtils (ExcelUtils.java:41) - Test Runner excel row at: 49
17:06:29.854 INFO  utils.ExcelUtils (ExcelUtils.java:41) - Test Runner excel row at: 50
17:06:29.855 INFO  utils.ExcelUtils (ExcelUtils.java:41) - Test Runner excel row at: 51
17:06:29.855 INFO  utils.ExcelUtils (ExcelUtils.java:41) - Test Runner excel row at: 52
17:06:29.856 INFO  utils.ExcelUtils (ExcelUtils.java:41) - Test Runner excel row at: 53
17:06:29.856 INFO  utils.ExcelUtils (ExcelUtils.java:41) - Test Runner excel row at: 54
17:06:29.857 INFO  utils.ExcelUtils (ExcelUtils.java:41) - Test Runner excel row at: 55
17:06:29.858 INFO  utils.ExcelUtils (ExcelUtils.java:41) - Test Runner excel row at: 56
17:06:29.858 INFO  utils.ExcelUtils (ExcelUtils.java:41) - Test Runner excel row at: 57
17:06:29.859 INFO  utils.ExcelUtils (ExcelUtils.java:41) - Test Runner excel row at: 58
17:06:29.860 INFO  utils.ExcelUtils (ExcelUtils.java:41) - Test Runner excel row at: 59
17:06:29.861 INFO  utils.ExcelUtils (ExcelUtils.java:41) - Test Runner excel row at: 60
17:06:29.862 INFO  utils.ExcelUtils (ExcelUtils.java:41) - Test Runner excel row at: 61
17:06:29.862 INFO  utils.ExcelUtils (ExcelUtils.java:41) - Test Runner excel row at: 62
17:06:29.863 INFO  utils.ExcelUtils (ExcelUtils.java:41) - Test Runner excel row at: 63
17:06:29.865 INFO  utils.ExcelUtils (ExcelUtils.java:41) - Test Runner excel row at: 64
17:06:29.866 INFO  utils.ExcelUtils (ExcelUtils.java:41) - Test Runner excel row at: 65
17:06:29.866 INFO  utils.ExcelUtils (ExcelUtils.java:41) - Test Runner excel row at: 66
17:06:29.867 INFO  utils.ExcelUtils (ExcelUtils.java:41) - Test Runner excel row at: 67
17:06:29.867 INFO  utils.ExcelUtils (ExcelUtils.java:41) - Test Runner excel row at: 68
17:06:29.868 INFO  utils.ExcelUtils (ExcelUtils.java:41) - Test Runner excel row at: 69
17:06:29.868 INFO  utils.ExcelUtils (ExcelUtils.java:41) - Test Runner excel row at: 70
17:06:29.869 INFO  utils.ExcelUtils (ExcelUtils.java:41) - Test Runner excel row at: 71
17:06:29.869 INFO  utils.ExcelUtils (ExcelUtils.java:41) - Test Runner excel row at: 72
17:06:29.870 INFO  utils.ExcelUtils (ExcelUtils.java:41) - Test Runner excel row at: 73
17:06:29.870 INFO  utils.ExcelUtils (ExcelUtils.java:41) - Test Runner excel row at: 74
17:06:29.871 INFO  utils.ExcelUtils (ExcelUtils.java:41) - Test Runner excel row at: 75
17:06:29.871 INFO  utils.ExcelUtils (ExcelUtils.java:41) - Test Runner excel row at: 76
17:06:29.871 INFO  utils.ExcelUtils (ExcelUtils.java:41) - Test Runner excel row at: 77
17:06:29.871 INFO  utils.ExcelUtils (ExcelUtils.java:41) - Test Runner excel row at: 78
17:06:29.872 INFO  utils.ExcelUtils (ExcelUtils.java:41) - Test Runner excel row at: 79
17:06:29.873 INFO  utils.ExcelUtils (ExcelUtils.java:41) - Test Runner excel row at: 80
17:06:29.873 INFO  utils.ExcelUtils (ExcelUtils.java:41) - Test Runner excel row at: 81
17:06:29.874 INFO  utils.ExcelUtils (ExcelUtils.java:41) - Test Runner excel row at: 82
17:06:29.875 INFO  utils.ExcelUtils (ExcelUtils.java:41) - Test Runner excel row at: 83
17:06:29.875 INFO  utils.ExcelUtils (ExcelUtils.java:41) - Test Runner excel row at: 84
17:06:29.876 INFO  utils.ExcelUtils (ExcelUtils.java:41) - Test Runner excel row at: 85
17:06:29.877 INFO  utils.ExcelUtils (ExcelUtils.java:41) - Test Runner excel row at: 86
17:06:29.878 INFO  utils.ExcelUtils (ExcelUtils.java:41) - Test Runner excel row at: 87
17:06:29.878 INFO  utils.ExcelUtils (ExcelUtils.java:41) - Test Runner excel row at: 88
17:06:29.879 INFO  utils.ExcelUtils (ExcelUtils.java:41) - Test Runner excel row at: 89
17:06:29.879 INFO  utils.ExcelUtils (ExcelUtils.java:41) - Test Runner excel row at: 90
17:06:29.880 INFO  utils.ExcelUtils (ExcelUtils.java:41) - Test Runner excel row at: 91
17:06:29.880 INFO  utils.ExcelUtils (ExcelUtils.java:41) - Test Runner excel row at: 92
17:06:29.881 INFO  utils.ExcelUtils (ExcelUtils.java:41) - Test Runner excel row at: 93
17:06:29.881 INFO  utils.ExcelUtils (ExcelUtils.java:41) - Test Runner excel row at: 94
17:06:29.882 INFO  utils.ExcelUtils (ExcelUtils.java:41) - Test Runner excel row at: 95
17:06:29.883 INFO  utils.ExcelUtils (ExcelUtils.java:41) - Test Runner excel row at: 96
17:06:29.883 INFO  utils.ExcelUtils (ExcelUtils.java:41) - Test Runner excel row at: 97
17:06:29.884 INFO  utils.ExcelUtils (ExcelUtils.java:41) - Test Runner excel row at: 98
17:06:29.884 INFO  utils.ExcelUtils (ExcelUtils.java:41) - Test Runner excel row at: 99
17:06:29.885 INFO  utils.ExcelUtils (ExcelUtils.java:41) - Test Runner excel row at: 100
17:06:31.300 WARN  config.Configuration (Configuration.java:231) - QA env being used by default. No env property set. This can be set in the sew.app.yml config file with a '{}=' property or on the command line with the switch '-D{}='.
17:06:47.377 INFO  driver.WebDriverFactory (WebDriverFactory.java:192) - Setting up the browser window to its max.
17:06:47.535 INFO  driver.WebDriverFactory (WebDriverFactory.java:181) - Initializing the implicit wait timeout for {} 5
17:06:47.545 INFO  driver.WebDriverFactory (WebDriverFactory.java:184) - Initializing the page load timeout.
17:06:47.552 INFO  driver.DriverFactory (DriverFactory.java:125) - Clearing all the cookies.
17:06:47.571 INFO  driver.DriverFactory (DriverFactory.java:62) - Open the url {} https://u2-alectra.smartcmobile.net/portal/#/login using the selenium get() method.
17:06:54.090 INFO  scp.ResUsageOverviewTests (ResUsageOverviewTests.java:63) - Test to login in application and check billing and payment history
17:06:58.125 INFO  pageObjects.LoginPage (LoginPage.java:40) - Populating username {} :0023826434
17:06:58.157 INFO  driver.Page (    Page.java:129) - Wait for element {} [[ChromeDriver: chrome on windows (8376795e8be343ce785769ac566aae82)] -> xpath: //*[@id="username"]] to be present in the DOM for duration of {} 120
17:06:58.158 INFO  driver.Page (    Page.java:257) - Waiting for element to be visible for 120 seconds.
17:06:58.221 INFO  driver.Page (    Page.java:260) - Element is visible on the page.
17:06:58.239 INFO  driver.Page (    Page.java:131) - Clearing the element {} [[ChromeDriver: chrome on windows (8376795e8be343ce785769ac566aae82)] -> xpath: //*[@id="username"]] before sending the keys.
17:06:58.345 INFO  driver.Page (    Page.java:133) - Sending the following keys {} 0023826434 to the element {} [[ChromeDriver: chrome on windows (8376795e8be343ce785769ac566aae82)] -> xpath: //*[@id="username"]]
17:06:58.549 INFO  pageObjects.LoginPage (LoginPage.java:42) - Username populated successfully.
17:06:58.550 INFO  pageObjects.LoginPage (LoginPage.java:48) - Populating password {} :Demo@123
17:06:58.584 INFO  driver.Page (    Page.java:129) - Wait for element {} [[ChromeDriver: chrome on windows (8376795e8be343ce785769ac566aae82)] -> xpath: //*[@id="password"]] to be present in the DOM for duration of {} 120
17:06:58.584 INFO  driver.Page (    Page.java:257) - Waiting for element to be visible for 120 seconds.
17:06:58.637 INFO  driver.Page (    Page.java:260) - Element is visible on the page.
17:06:58.662 INFO  driver.Page (    Page.java:131) - Clearing the element {} [[ChromeDriver: chrome on windows (8376795e8be343ce785769ac566aae82)] -> xpath: //*[@id="password"]] before sending the keys.
17:06:58.753 INFO  driver.Page (    Page.java:133) - Sending the following keys {} Demo@123 to the element {} [[ChromeDriver: chrome on windows (8376795e8be343ce785769ac566aae82)] -> xpath: //*[@id="password"]]
17:06:58.921 INFO  pageObjects.LoginPage (LoginPage.java:50) - Password populated successfully.
17:06:58.922 INFO  pageObjects.LoginPage (LoginPage.java:57) - Clicking the sign in button.
17:06:58.923 INFO  driver.Page (    Page.java:58) - Preparing for element to click.
17:06:58.924 INFO  driver.Page (    Page.java:232) - Waiting for element to be clickable for 120 seconds.
17:06:59.007 INFO  driver.Page (    Page.java:235) - Element is clickable now.
17:06:59.343 INFO  driver.Page (    Page.java:61) - Element is clicked successfully.
17:06:59.343 INFO  pageObjects.LoginPage (LoginPage.java:59) - Sign in button clicked successfully.
17:07:02.656 INFO  pageObjects.UsageOverviewPage (UsageOverviewPage.java:38) - Waiting for element to be visible for 5 seconds.
17:07:02.727 INFO  pageObjects.UsageOverviewPage (UsageOverviewPage.java:41) - Element is visible on the page.
17:07:02.728 INFO  pageObjects.UsageOverviewPage (UsageOverviewPage.java:45) - Preparing for element to click.
17:07:02.773 INFO  pageObjects.UsageOverviewPage (UsageOverviewPage.java:52) - Element is clicked successfully.
17:07:02.773 INFO  pageObjects.UsageOverviewPage (UsageOverviewPage.java:104) - Clicked on usage overview
17:07:02.774 INFO  pageObjects.UsageOverviewPage (UsageOverviewPage.java:38) - Waiting for element to be visible for 5 seconds.
17:07:02.822 INFO  pageObjects.UsageOverviewPage (UsageOverviewPage.java:41) - Element is visible on the page.
17:07:02.823 INFO  pageObjects.UsageOverviewPage (UsageOverviewPage.java:45) - Preparing for element to click.
17:07:03.292 INFO  pageObjects.UsageOverviewPage (UsageOverviewPage.java:52) - Element is clicked successfully.
17:07:03.293 INFO  pageObjects.UsageOverviewPage (UsageOverviewPage.java:95) - Clicked usage overview option from Usage Header
17:07:13.779 INFO  driver.Page (    Page.java:58) - Preparing for element to click.
17:07:13.780 INFO  driver.Page (    Page.java:232) - Waiting for element to be clickable for 120 seconds.
17:07:13.856 INFO  driver.Page (    Page.java:235) - Element is clickable now.
17:07:14.040 INFO  driver.Page (    Page.java:61) - Element is clicked successfully.
17:07:14.041 INFO  pageObjects.UsageOverviewPage (UsageOverviewPage.java:152) - Clicked on Rates option
