22:18:41.799 INFO  pageobjects.myAccountPage (myAccountPage.java:31) - User Username populated successfully.
22:18:41.809 INFO  pageobjects.myAccountPage (myAccountPage.java:38) - Populating Password {} :Demo@123
22:18:41.840 INFO  driver.Page (    Page.java:129) - Wait for element {} [[ChromeDriver: chrome on windows (0fa025c306c4abfb8f066272788c5bd6)] -> xpath: //*[@id='password']] to be present in the DOM for duration of {} 120
22:18:41.841 INFO  driver.Page (    Page.java:257) - Waiting for element to be visible for 120 seconds.
22:18:41.899 INFO  driver.Page (    Page.java:260) - Element is visible on the page.
22:18:41.910 INFO  driver.Page (    Page.java:131) - Clearing the element {} [[ChromeDriver: chrome on windows (0fa025c306c4abfb8f066272788c5bd6)] -> xpath: //*[@id='password']] before sending the keys.
22:18:41.991 INFO  driver.Page (    Page.java:133) - Sending the following keys {} Demo@123 to the element {} [[ChromeDriver: chrome on windows (0fa025c306c4abfb8f066272788c5bd6)] -> xpath: //*[@id='password']]
22:18:42.128 INFO  pageobjects.myAccountPage (myAccountPage.java:40) - Password populated successfully.
22:18:42.128 INFO  driver.Page (    Page.java:58) - Preparing for element to click.
22:18:42.128 INFO  driver.Page (    Page.java:232) - Waiting for element to be clickable for 120 seconds.
22:18:42.209 INFO  driver.Page (    Page.java:235) - Element is clickable now.
22:18:42.325 INFO  driver.Page (    Page.java:61) - Element is clicked successfully.
22:18:42.325 INFO  pageobjects.myAccountPage (myAccountPage.java:48) - LogIn Button clicked successfully.
22:18:53.876 INFO  driver.Page (    Page.java:257) - Waiting for element to be visible for 120 seconds.
22:18:53.956 INFO  driver.Page (    Page.java:260) - Element is visible on the page.
22:18:53.957 INFO  driver.Page (    Page.java:569) - Preparing for element to click.
22:18:54.025 INFO  driver.Page (    Page.java:576) - Element is clicked successfully.
22:18:54.025 INFO  pageobjects.myAccountPage (myAccountPage.java:866) - Clicked on account
22:18:54.025 INFO  driver.Page (    Page.java:257) - Waiting for element to be visible for 120 seconds.
22:18:54.105 INFO  driver.Page (    Page.java:260) - Element is visible on the page.
22:18:54.105 INFO  driver.Page (    Page.java:569) - Preparing for element to click.
22:18:54.268 INFO  driver.Page (    Page.java:576) - Element is clicked successfully.
22:18:54.268 INFO  pageobjects.myAccountPage (myAccountPage.java:875) - Clicked green button option
22:19:04.269 INFO  pageobjects.myAccountPage (myAccountPage.java:880) - Page URL is {} https://u2-alectra.smartcmobile.net/portal/#/GreenButtonConnect
22:19:07.303 INFO  driver.Page (    Page.java:161) - Wait for the element {} [[ChromeDriver: chrome on windows (0fa025c306c4abfb8f066272788c5bd6)] -> css selector: #root > div > div.pagewrapper > section > div.MuiGrid-root.pageheading-wrapper > div > div > div:nth-child(1) > div > h1] to be visible on the page for duration of {} 120
22:19:07.303 INFO  driver.Page (    Page.java:257) - Waiting for element to be visible for 120 seconds.
22:19:07.319 INFO  driver.Page (    Page.java:260) - Element is visible on the page.
22:19:07.381 INFO  driver.Page (    Page.java:164) - Text got from the locator {} [[ChromeDriver: chrome on windows (0fa025c306c4abfb8f066272788c5bd6)] -> css selector: #root > div > div.pagewrapper > section > div.MuiGrid-root.pageheading-wrapper > div > div > div:nth-child(1) > div > h1] is Green Button Connect
22:19:07.403 INFO  pageobjects.myAccountPage (myAccountPage.java:890) - Page header label is {} Green Button Connect
22:21:24.145 INFO  utils.ExcelUtils (ExcelUtils.java:41) - Test Runner excel row at: 1
22:21:24.160 INFO  utils.ExcelUtils (ExcelUtils.java:41) - Test Runner excel row at: 2
22:21:24.162 INFO  utils.ExcelUtils (ExcelUtils.java:41) - Test Runner excel row at: 3
22:21:24.163 INFO  utils.ExcelUtils (ExcelUtils.java:41) - Test Runner excel row at: 4
22:21:24.164 INFO  utils.ExcelUtils (ExcelUtils.java:41) - Test Runner excel row at: 5
22:21:24.165 INFO  utils.ExcelUtils (ExcelUtils.java:41) - Test Runner excel row at: 6
22:21:24.166 INFO  utils.ExcelUtils (ExcelUtils.java:41) - Test Runner excel row at: 7
22:21:24.167 INFO  utils.ExcelUtils (ExcelUtils.java:41) - Test Runner excel row at: 8
22:21:24.168 INFO  utils.ExcelUtils (ExcelUtils.java:41) - Test Runner excel row at: 9
22:21:24.169 INFO  utils.ExcelUtils (ExcelUtils.java:41) - Test Runner excel row at: 10
22:21:24.170 INFO  utils.ExcelUtils (ExcelUtils.java:41) - Test Runner excel row at: 11
22:21:24.171 INFO  utils.ExcelUtils (ExcelUtils.java:41) - Test Runner excel row at: 12
22:21:24.172 INFO  utils.ExcelUtils (ExcelUtils.java:41) - Test Runner excel row at: 13
22:21:24.173 INFO  utils.ExcelUtils (ExcelUtils.java:41) - Test Runner excel row at: 14
22:21:24.174 INFO  utils.ExcelUtils (ExcelUtils.java:41) - Test Runner excel row at: 15
22:21:24.175 INFO  utils.ExcelUtils (ExcelUtils.java:41) - Test Runner excel row at: 16
22:21:24.177 INFO  utils.ExcelUtils (ExcelUtils.java:41) - Test Runner excel row at: 17
22:21:24.178 INFO  utils.ExcelUtils (ExcelUtils.java:41) - Test Runner excel row at: 18
22:21:24.180 INFO  utils.ExcelUtils (ExcelUtils.java:41) - Test Runner excel row at: 19
22:21:24.182 INFO  utils.ExcelUtils (ExcelUtils.java:41) - Test Runner excel row at: 20
22:21:24.184 INFO  utils.ExcelUtils (ExcelUtils.java:41) - Test Runner excel row at: 21
22:21:24.186 INFO  utils.ExcelUtils (ExcelUtils.java:41) - Test Runner excel row at: 22
22:21:24.188 INFO  utils.ExcelUtils (ExcelUtils.java:41) - Test Runner excel row at: 23
22:21:24.190 INFO  utils.ExcelUtils (ExcelUtils.java:41) - Test Runner excel row at: 24
22:21:24.192 INFO  utils.ExcelUtils (ExcelUtils.java:41) - Test Runner excel row at: 25
22:21:24.193 INFO  utils.ExcelUtils (ExcelUtils.java:41) - Test Runner excel row at: 26
22:21:24.194 INFO  utils.ExcelUtils (ExcelUtils.java:41) - Test Runner excel row at: 27
22:21:24.196 INFO  utils.ExcelUtils (ExcelUtils.java:41) - Test Runner excel row at: 28
22:21:24.198 INFO  utils.ExcelUtils (ExcelUtils.java:41) - Test Runner excel row at: 29
22:21:24.200 INFO  utils.ExcelUtils (ExcelUtils.java:41) - Test Runner excel row at: 30
22:21:24.203 INFO  utils.ExcelUtils (ExcelUtils.java:41) - Test Runner excel row at: 31
22:21:24.206 INFO  utils.ExcelUtils (ExcelUtils.java:41) - Test Runner excel row at: 32
22:21:24.207 INFO  utils.ExcelUtils (ExcelUtils.java:41) - Test Runner excel row at: 33
22:21:24.208 INFO  utils.ExcelUtils (ExcelUtils.java:41) - Test Runner excel row at: 34
22:21:24.208 INFO  utils.ExcelUtils (ExcelUtils.java:41) - Test Runner excel row at: 35
22:21:24.209 INFO  utils.ExcelUtils (ExcelUtils.java:41) - Test Runner excel row at: 36
22:21:24.209 INFO  utils.ExcelUtils (ExcelUtils.java:41) - Test Runner excel row at: 37
22:21:24.211 INFO  utils.ExcelUtils (ExcelUtils.java:41) - Test Runner excel row at: 38
22:21:24.211 INFO  utils.ExcelUtils (ExcelUtils.java:41) - Test Runner excel row at: 39
22:21:24.212 INFO  utils.ExcelUtils (ExcelUtils.java:41) - Test Runner excel row at: 40
22:21:24.213 INFO  utils.ExcelUtils (ExcelUtils.java:41) - Test Runner excel row at: 41
22:21:24.213 INFO  utils.ExcelUtils (ExcelUtils.java:41) - Test Runner excel row at: 42
22:21:24.215 INFO  utils.ExcelUtils (ExcelUtils.java:41) - Test Runner excel row at: 43
22:21:24.216 INFO  utils.ExcelUtils (ExcelUtils.java:41) - Test Runner excel row at: 44
22:21:24.216 INFO  utils.ExcelUtils (ExcelUtils.java:41) - Test Runner excel row at: 45
22:21:24.217 INFO  utils.ExcelUtils (ExcelUtils.java:41) - Test Runner excel row at: 46
22:21:24.217 INFO  utils.ExcelUtils (ExcelUtils.java:41) - Test Runner excel row at: 47
22:21:24.218 INFO  utils.ExcelUtils (ExcelUtils.java:41) - Test Runner excel row at: 48
22:21:24.218 INFO  utils.ExcelUtils (ExcelUtils.java:41) - Test Runner excel row at: 49
22:21:24.221 INFO  utils.ExcelUtils (ExcelUtils.java:41) - Test Runner excel row at: 50
22:21:24.222 INFO  utils.ExcelUtils (ExcelUtils.java:41) - Test Runner excel row at: 51
22:21:24.223 INFO  utils.ExcelUtils (ExcelUtils.java:41) - Test Runner excel row at: 52
22:21:24.224 INFO  utils.ExcelUtils (ExcelUtils.java:41) - Test Runner excel row at: 53
22:21:24.225 INFO  utils.ExcelUtils (ExcelUtils.java:41) - Test Runner excel row at: 54
22:21:24.227 INFO  utils.ExcelUtils (ExcelUtils.java:41) - Test Runner excel row at: 55
22:21:24.229 INFO  utils.ExcelUtils (ExcelUtils.java:41) - Test Runner excel row at: 56
22:21:24.231 INFO  utils.ExcelUtils (ExcelUtils.java:41) - Test Runner excel row at: 57
22:21:24.232 INFO  utils.ExcelUtils (ExcelUtils.java:41) - Test Runner excel row at: 58
22:21:24.233 INFO  utils.ExcelUtils (ExcelUtils.java:41) - Test Runner excel row at: 59
22:21:24.235 INFO  utils.ExcelUtils (ExcelUtils.java:41) - Test Runner excel row at: 60
22:21:24.239 INFO  utils.ExcelUtils (ExcelUtils.java:41) - Test Runner excel row at: 61
22:21:24.241 INFO  utils.ExcelUtils (ExcelUtils.java:41) - Test Runner excel row at: 62
22:21:24.242 INFO  utils.ExcelUtils (ExcelUtils.java:41) - Test Runner excel row at: 63
22:21:24.243 INFO  utils.ExcelUtils (ExcelUtils.java:41) - Test Runner excel row at: 64
22:21:24.245 INFO  utils.ExcelUtils (ExcelUtils.java:41) - Test Runner excel row at: 65
22:21:24.245 INFO  utils.ExcelUtils (ExcelUtils.java:41) - Test Runner excel row at: 66
22:21:24.245 INFO  utils.ExcelUtils (ExcelUtils.java:41) - Test Runner excel row at: 67
22:21:24.246 INFO  utils.ExcelUtils (ExcelUtils.java:41) - Test Runner excel row at: 68
22:21:24.247 INFO  utils.ExcelUtils (ExcelUtils.java:41) - Test Runner excel row at: 69
22:21:24.247 INFO  utils.ExcelUtils (ExcelUtils.java:41) - Test Runner excel row at: 70
22:21:24.248 INFO  utils.ExcelUtils (ExcelUtils.java:41) - Test Runner excel row at: 71
22:21:24.248 INFO  utils.ExcelUtils (ExcelUtils.java:41) - Test Runner excel row at: 72
22:21:24.249 INFO  utils.ExcelUtils (ExcelUtils.java:41) - Test Runner excel row at: 73
22:21:24.249 INFO  utils.ExcelUtils (ExcelUtils.java:41) - Test Runner excel row at: 74
22:21:24.250 INFO  utils.ExcelUtils (ExcelUtils.java:41) - Test Runner excel row at: 75
22:21:24.250 INFO  utils.ExcelUtils (ExcelUtils.java:41) - Test Runner excel row at: 76
22:21:24.251 INFO  utils.ExcelUtils (ExcelUtils.java:41) - Test Runner excel row at: 77
22:21:24.251 INFO  utils.ExcelUtils (ExcelUtils.java:41) - Test Runner excel row at: 78
22:21:24.252 INFO  utils.ExcelUtils (ExcelUtils.java:41) - Test Runner excel row at: 79
22:21:24.252 INFO  utils.ExcelUtils (ExcelUtils.java:41) - Test Runner excel row at: 80
22:21:24.253 INFO  utils.ExcelUtils (ExcelUtils.java:41) - Test Runner excel row at: 81
22:21:24.253 INFO  utils.ExcelUtils (ExcelUtils.java:41) - Test Runner excel row at: 82
22:21:24.253 INFO  utils.ExcelUtils (ExcelUtils.java:41) - Test Runner excel row at: 83
22:21:24.254 INFO  utils.ExcelUtils (ExcelUtils.java:41) - Test Runner excel row at: 84
22:21:24.254 INFO  utils.ExcelUtils (ExcelUtils.java:41) - Test Runner excel row at: 85
22:21:24.255 INFO  utils.ExcelUtils (ExcelUtils.java:41) - Test Runner excel row at: 86
22:21:24.255 INFO  utils.ExcelUtils (ExcelUtils.java:41) - Test Runner excel row at: 87
22:21:24.256 INFO  utils.ExcelUtils (ExcelUtils.java:41) - Test Runner excel row at: 88
22:21:24.256 INFO  utils.ExcelUtils (ExcelUtils.java:41) - Test Runner excel row at: 89
22:21:24.256 INFO  utils.ExcelUtils (ExcelUtils.java:41) - Test Runner excel row at: 90
22:21:24.257 INFO  utils.ExcelUtils (ExcelUtils.java:41) - Test Runner excel row at: 91
22:21:24.257 INFO  utils.ExcelUtils (ExcelUtils.java:41) - Test Runner excel row at: 92
22:21:24.257 INFO  utils.ExcelUtils (ExcelUtils.java:41) - Test Runner excel row at: 93
22:21:24.258 INFO  utils.ExcelUtils (ExcelUtils.java:41) - Test Runner excel row at: 94
22:21:24.258 INFO  utils.ExcelUtils (ExcelUtils.java:41) - Test Runner excel row at: 95
22:21:24.259 INFO  utils.ExcelUtils (ExcelUtils.java:41) - Test Runner excel row at: 96
22:21:24.259 INFO  utils.ExcelUtils (ExcelUtils.java:41) - Test Runner excel row at: 97
22:21:24.260 INFO  utils.ExcelUtils (ExcelUtils.java:41) - Test Runner excel row at: 98
22:21:24.261 INFO  utils.ExcelUtils (ExcelUtils.java:41) - Test Runner excel row at: 99
22:21:24.264 INFO  utils.ExcelUtils (ExcelUtils.java:41) - Test Runner excel row at: 100
22:21:24.268 INFO  utils.ExcelUtils (ExcelUtils.java:41) - Test Runner excel row at: 101
22:21:24.270 INFO  utils.ExcelUtils (ExcelUtils.java:41) - Test Runner excel row at: 102
22:21:24.271 INFO  utils.ExcelUtils (ExcelUtils.java:41) - Test Runner excel row at: 103
22:21:24.273 INFO  utils.ExcelUtils (ExcelUtils.java:41) - Test Runner excel row at: 104
22:21:24.275 INFO  utils.ExcelUtils (ExcelUtils.java:41) - Test Runner excel row at: 105
22:21:24.278 INFO  utils.ExcelUtils (ExcelUtils.java:41) - Test Runner excel row at: 106
22:21:24.280 INFO  utils.ExcelUtils (ExcelUtils.java:41) - Test Runner excel row at: 107
22:21:24.282 INFO  utils.ExcelUtils (ExcelUtils.java:41) - Test Runner excel row at: 108
22:21:24.901 WARN  config.Configuration (Configuration.java:231) - QA env being used by default. No env property set. This can be set in the sew.app.yml config file with a '{}=' property or on the command line with the switch '-D{}='.
22:21:30.421 INFO  driver.WebDriverFactory (WebDriverFactory.java:192) - Setting up the browser window to its max.
22:21:30.592 INFO  driver.WebDriverFactory (WebDriverFactory.java:181) - Initializing the implicit wait timeout for {} 5
22:21:30.601 INFO  driver.WebDriverFactory (WebDriverFactory.java:184) - Initializing the page load timeout.
22:21:30.609 INFO  driver.DriverFactory (DriverFactory.java:125) - Clearing all the cookies.
22:21:30.631 INFO  driver.DriverFactory (DriverFactory.java:62) - Open the url {} https://u2-alectra.smartcmobile.net/portal/#/login using the selenium get() method.
22:21:36.829 INFO  scp.myAccountTests (myAccountTests.java:78) - To perform sanity on green button connect page
22:21:39.362 INFO  pageobjects.myAccountPage (myAccountPage.java:29) - Populating User Name {} :0023826434
22:21:39.393 INFO  driver.Page (    Page.java:129) - Wait for element {} [[ChromeDriver: chrome on windows (9f42d81db81c4bb95b4e116c537543f1)] -> xpath: //*[@id='username']] to be present in the DOM for duration of {} 120
22:21:39.406 INFO  driver.Page (    Page.java:257) - Waiting for element to be visible for 120 seconds.
22:21:39.473 INFO  driver.Page (    Page.java:260) - Element is visible on the page.
22:21:39.506 INFO  driver.Page (    Page.java:131) - Clearing the element {} [[ChromeDriver: chrome on windows (9f42d81db81c4bb95b4e116c537543f1)] -> xpath: //*[@id='username']] before sending the keys.
22:21:39.650 INFO  driver.Page (    Page.java:133) - Sending the following keys {} 0023826434 to the element {} [[ChromeDriver: chrome on windows (9f42d81db81c4bb95b4e116c537543f1)] -> xpath: //*[@id='username']]
22:21:39.868 INFO  pageobjects.myAccountPage (myAccountPage.java:31) - User Username populated successfully.
22:21:39.868 INFO  pageobjects.myAccountPage (myAccountPage.java:38) - Populating Password {} :Demo@123
22:21:39.900 INFO  driver.Page (    Page.java:129) - Wait for element {} [[ChromeDriver: chrome on windows (9f42d81db81c4bb95b4e116c537543f1)] -> xpath: //*[@id='password']] to be present in the DOM for duration of {} 120
22:21:39.900 INFO  driver.Page (    Page.java:257) - Waiting for element to be visible for 120 seconds.
22:21:39.953 INFO  driver.Page (    Page.java:260) - Element is visible on the page.
22:21:39.964 INFO  driver.Page (    Page.java:131) - Clearing the element {} [[ChromeDriver: chrome on windows (9f42d81db81c4bb95b4e116c537543f1)] -> xpath: //*[@id='password']] before sending the keys.
22:21:40.050 INFO  driver.Page (    Page.java:133) - Sending the following keys {} Demo@123 to the element {} [[ChromeDriver: chrome on windows (9f42d81db81c4bb95b4e116c537543f1)] -> xpath: //*[@id='password']]
22:21:40.198 INFO  pageobjects.myAccountPage (myAccountPage.java:40) - Password populated successfully.
22:21:40.198 INFO  driver.Page (    Page.java:58) - Preparing for element to click.
22:21:40.198 INFO  driver.Page (    Page.java:232) - Waiting for element to be clickable for 120 seconds.
22:21:40.281 INFO  driver.Page (    Page.java:235) - Element is clickable now.
22:21:40.397 INFO  driver.Page (    Page.java:61) - Element is clicked successfully.
22:21:40.397 INFO  pageobjects.myAccountPage (myAccountPage.java:48) - LogIn Button clicked successfully.
22:21:51.928 INFO  driver.Page (    Page.java:257) - Waiting for element to be visible for 120 seconds.
22:21:51.962 INFO  driver.Page (    Page.java:260) - Element is visible on the page.
22:21:51.962 INFO  driver.Page (    Page.java:569) - Preparing for element to click.
22:21:52.013 INFO  driver.Page (    Page.java:576) - Element is clicked successfully.
22:21:52.014 INFO  pageobjects.myAccountPage (myAccountPage.java:866) - Clicked on account
22:21:52.014 INFO  driver.Page (    Page.java:257) - Waiting for element to be visible for 120 seconds.
22:21:52.062 INFO  driver.Page (    Page.java:260) - Element is visible on the page.
22:21:52.062 INFO  driver.Page (    Page.java:569) - Preparing for element to click.
22:21:52.153 INFO  driver.Page (    Page.java:576) - Element is clicked successfully.
22:21:52.153 INFO  pageobjects.myAccountPage (myAccountPage.java:875) - Clicked green button option
22:22:02.174 INFO  pageobjects.myAccountPage (myAccountPage.java:880) - Page URL is https://u2-alectra.smartcmobile.net/portal/#/GreenButtonConnect
22:22:05.201 INFO  driver.Page (    Page.java:161) - Wait for the element {} [[ChromeDriver: chrome on windows (9f42d81db81c4bb95b4e116c537543f1)] -> css selector: #root > div > div.pagewrapper > section > div.MuiGrid-root.pageheading-wrapper > div > div > div:nth-child(1) > div > h1] to be visible on the page for duration of {} 120
22:22:05.201 INFO  driver.Page (    Page.java:257) - Waiting for element to be visible for 120 seconds.
22:22:05.232 INFO  driver.Page (    Page.java:260) - Element is visible on the page.
22:22:05.280 INFO  driver.Page (    Page.java:164) - Text got from the locator {} [[ChromeDriver: chrome on windows (9f42d81db81c4bb95b4e116c537543f1)] -> css selector: #root > div > div.pagewrapper > section > div.MuiGrid-root.pageheading-wrapper > div > div > div:nth-child(1) > div > h1] is Green Button Connect
22:22:05.311 INFO  pageobjects.myAccountPage (myAccountPage.java:890) - header label is Green Button Connect
22:23:41.367 INFO  utils.ExcelUtils (ExcelUtils.java:41) - Test Runner excel row at: 1
22:23:41.382 INFO  utils.ExcelUtils (ExcelUtils.java:41) - Test Runner excel row at: 2
22:23:41.384 INFO  utils.ExcelUtils (ExcelUtils.java:41) - Test Runner excel row at: 3
22:23:41.385 INFO  utils.ExcelUtils (ExcelUtils.java:41) - Test Runner excel row at: 4
22:23:41.386 INFO  utils.ExcelUtils (ExcelUtils.java:41) - Test Runner excel row at: 5
22:23:41.387 INFO  utils.ExcelUtils (ExcelUtils.java:41) - Test Runner excel row at: 6
22:23:41.388 INFO  utils.ExcelUtils (ExcelUtils.java:41) - Test Runner excel row at: 7
22:23:41.389 INFO  utils.ExcelUtils (ExcelUtils.java:41) - Test Runner excel row at: 8
22:23:41.391 INFO  utils.ExcelUtils (ExcelUtils.java:41) - Test Runner excel row at: 9
22:23:41.392 INFO  utils.ExcelUtils (ExcelUtils.java:41) - Test Runner excel row at: 10
22:23:41.393 INFO  utils.ExcelUtils (ExcelUtils.java:41) - Test Runner excel row at: 11
22:23:41.394 INFO  utils.ExcelUtils (ExcelUtils.java:41) - Test Runner excel row at: 12
22:23:41.395 INFO  utils.ExcelUtils (ExcelUtils.java:41) - Test Runner excel row at: 13
22:23:41.395 INFO  utils.ExcelUtils (ExcelUtils.java:41) - Test Runner excel row at: 14
22:23:41.396 INFO  utils.ExcelUtils (ExcelUtils.java:41) - Test Runner excel row at: 15
22:23:41.397 INFO  utils.ExcelUtils (ExcelUtils.java:41) - Test Runner excel row at: 16
22:23:41.398 INFO  utils.ExcelUtils (ExcelUtils.java:41) - Test Runner excel row at: 17
22:23:41.399 INFO  utils.ExcelUtils (ExcelUtils.java:41) - Test Runner excel row at: 18
22:23:41.401 INFO  utils.ExcelUtils (ExcelUtils.java:41) - Test Runner excel row at: 19
22:23:41.402 INFO  utils.ExcelUtils (ExcelUtils.java:41) - Test Runner excel row at: 20
22:23:41.403 INFO  utils.ExcelUtils (ExcelUtils.java:41) - Test Runner excel row at: 21
22:23:41.404 INFO  utils.ExcelUtils (ExcelUtils.java:41) - Test Runner excel row at: 22
22:23:41.405 INFO  utils.ExcelUtils (ExcelUtils.java:41) - Test Runner excel row at: 23
22:23:41.409 INFO  utils.ExcelUtils (ExcelUtils.java:41) - Test Runner excel row at: 24
22:23:41.411 INFO  utils.ExcelUtils (ExcelUtils.java:41) - Test Runner excel row at: 25
22:23:41.412 INFO  utils.ExcelUtils (ExcelUtils.java:41) - Test Runner excel row at: 26
22:23:41.413 INFO  utils.ExcelUtils (ExcelUtils.java:41) - Test Runner excel row at: 27
22:23:41.415 INFO  utils.ExcelUtils (ExcelUtils.java:41) - Test Runner excel row at: 28
22:23:41.416 INFO  utils.ExcelUtils (ExcelUtils.java:41) - Test Runner excel row at: 29
22:23:41.417 INFO  utils.ExcelUtils (ExcelUtils.java:41) - Test Runner excel row at: 30
22:23:41.418 INFO  utils.ExcelUtils (ExcelUtils.java:41) - Test Runner excel row at: 31
22:23:41.419 INFO  utils.ExcelUtils (ExcelUtils.java:41) - Test Runner excel row at: 32
22:23:41.420 INFO  utils.ExcelUtils (ExcelUtils.java:41) - Test Runner excel row at: 33
22:23:41.421 INFO  utils.ExcelUtils (ExcelUtils.java:41) - Test Runner excel row at: 34
22:23:41.423 INFO  utils.ExcelUtils (ExcelUtils.java:41) - Test Runner excel row at: 35
22:23:41.425 INFO  utils.ExcelUtils (ExcelUtils.java:41) - Test Runner excel row at: 36
22:23:41.426 INFO  utils.ExcelUtils (ExcelUtils.java:41) - Test Runner excel row at: 37
22:23:41.427 INFO  utils.ExcelUtils (ExcelUtils.java:41) - Test Runner excel row at: 38
22:23:41.428 INFO  utils.ExcelUtils (ExcelUtils.java:41) - Test Runner excel row at: 39
22:23:41.428 INFO  utils.ExcelUtils (ExcelUtils.java:41) - Test Runner excel row at: 40
22:23:41.429 INFO  utils.ExcelUtils (ExcelUtils.java:41) - Test Runner excel row at: 41
22:23:41.430 INFO  utils.ExcelUtils (ExcelUtils.java:41) - Test Runner excel row at: 42
22:23:41.431 INFO  utils.ExcelUtils (ExcelUtils.java:41) - Test Runner excel row at: 43
22:23:41.433 INFO  utils.ExcelUtils (ExcelUtils.java:41) - Test Runner excel row at: 44
22:23:41.433 INFO  utils.ExcelUtils (ExcelUtils.java:41) - Test Runner excel row at: 45
22:23:41.434 INFO  utils.ExcelUtils (ExcelUtils.java:41) - Test Runner excel row at: 46
22:23:41.434 INFO  utils.ExcelUtils (ExcelUtils.java:41) - Test Runner excel row at: 47
22:23:41.435 INFO  utils.ExcelUtils (ExcelUtils.java:41) - Test Runner excel row at: 48
22:23:41.435 INFO  utils.ExcelUtils (ExcelUtils.java:41) - Test Runner excel row at: 49
22:23:41.436 INFO  utils.ExcelUtils (ExcelUtils.java:41) - Test Runner excel row at: 50
22:23:41.436 INFO  utils.ExcelUtils (ExcelUtils.java:41) - Test Runner excel row at: 51
22:23:41.437 INFO  utils.ExcelUtils (ExcelUtils.java:41) - Test Runner excel row at: 52
22:23:41.437 INFO  utils.ExcelUtils (ExcelUtils.java:41) - Test Runner excel row at: 53
22:23:41.438 INFO  utils.ExcelUtils (ExcelUtils.java:41) - Test Runner excel row at: 54
22:23:41.438 INFO  utils.ExcelUtils (ExcelUtils.java:41) - Test Runner excel row at: 55
22:23:41.439 INFO  utils.ExcelUtils (ExcelUtils.java:41) - Test Runner excel row at: 56
22:23:41.439 INFO  utils.ExcelUtils (ExcelUtils.java:41) - Test Runner excel row at: 57
22:23:41.440 INFO  utils.ExcelUtils (ExcelUtils.java:41) - Test Runner excel row at: 58
22:23:41.441 INFO  utils.ExcelUtils (ExcelUtils.java:41) - Test Runner excel row at: 59
22:23:41.442 INFO  utils.ExcelUtils (ExcelUtils.java:41) - Test Runner excel row at: 60
22:23:41.442 INFO  utils.ExcelUtils (ExcelUtils.java:41) - Test Runner excel row at: 61
22:23:41.445 INFO  utils.ExcelUtils (ExcelUtils.java:41) - Test Runner excel row at: 62
22:23:41.447 INFO  utils.ExcelUtils (ExcelUtils.java:41) - Test Runner excel row at: 63
22:23:41.450 INFO  utils.ExcelUtils (ExcelUtils.java:41) - Test Runner excel row at: 64
22:23:41.450 INFO  utils.ExcelUtils (ExcelUtils.java:41) - Test Runner excel row at: 65
22:23:41.451 INFO  utils.ExcelUtils (ExcelUtils.java:41) - Test Runner excel row at: 66
22:23:41.451 INFO  utils.ExcelUtils (ExcelUtils.java:41) - Test Runner excel row at: 67
22:23:41.452 INFO  utils.ExcelUtils (ExcelUtils.java:41) - Test Runner excel row at: 68
22:23:41.452 INFO  utils.ExcelUtils (ExcelUtils.java:41) - Test Runner excel row at: 69
22:23:41.452 INFO  utils.ExcelUtils (ExcelUtils.java:41) - Test Runner excel row at: 70
22:23:41.453 INFO  utils.ExcelUtils (ExcelUtils.java:41) - Test Runner excel row at: 71
22:23:41.453 INFO  utils.ExcelUtils (ExcelUtils.java:41) - Test Runner excel row at: 72
22:23:41.453 INFO  utils.ExcelUtils (ExcelUtils.java:41) - Test Runner excel row at: 73
22:23:41.454 INFO  utils.ExcelUtils (ExcelUtils.java:41) - Test Runner excel row at: 74
22:23:41.454 INFO  utils.ExcelUtils (ExcelUtils.java:41) - Test Runner excel row at: 75
22:23:41.455 INFO  utils.ExcelUtils (ExcelUtils.java:41) - Test Runner excel row at: 76
22:23:41.455 INFO  utils.ExcelUtils (ExcelUtils.java:41) - Test Runner excel row at: 77
22:23:41.456 INFO  utils.ExcelUtils (ExcelUtils.java:41) - Test Runner excel row at: 78
22:23:41.457 INFO  utils.ExcelUtils (ExcelUtils.java:41) - Test Runner excel row at: 79
22:23:41.458 INFO  utils.ExcelUtils (ExcelUtils.java:41) - Test Runner excel row at: 80
22:23:41.458 INFO  utils.ExcelUtils (ExcelUtils.java:41) - Test Runner excel row at: 81
22:23:41.459 INFO  utils.ExcelUtils (ExcelUtils.java:41) - Test Runner excel row at: 82
22:23:41.459 INFO  utils.ExcelUtils (ExcelUtils.java:41) - Test Runner excel row at: 83
22:23:41.460 INFO  utils.ExcelUtils (ExcelUtils.java:41) - Test Runner excel row at: 84
22:23:41.460 INFO  utils.ExcelUtils (ExcelUtils.java:41) - Test Runner excel row at: 85
22:23:41.461 INFO  utils.ExcelUtils (ExcelUtils.java:41) - Test Runner excel row at: 86
22:23:41.461 INFO  utils.ExcelUtils (ExcelUtils.java:41) - Test Runner excel row at: 87
22:23:41.462 INFO  utils.ExcelUtils (ExcelUtils.java:41) - Test Runner excel row at: 88
22:23:41.463 INFO  utils.ExcelUtils (ExcelUtils.java:41) - Test Runner excel row at: 89
22:23:41.463 INFO  utils.ExcelUtils (ExcelUtils.java:41) - Test Runner excel row at: 90
22:23:41.464 INFO  utils.ExcelUtils (ExcelUtils.java:41) - Test Runner excel row at: 91
22:23:41.464 INFO  utils.ExcelUtils (ExcelUtils.java:41) - Test Runner excel row at: 92
22:23:41.465 INFO  utils.ExcelUtils (ExcelUtils.java:41) - Test Runner excel row at: 93
22:23:41.465 INFO  utils.ExcelUtils (ExcelUtils.java:41) - Test Runner excel row at: 94
22:23:41.466 INFO  utils.ExcelUtils (ExcelUtils.java:41) - Test Runner excel row at: 95
22:23:41.466 INFO  utils.ExcelUtils (ExcelUtils.java:41) - Test Runner excel row at: 96
22:23:41.467 INFO  utils.ExcelUtils (ExcelUtils.java:41) - Test Runner excel row at: 97
22:23:41.467 INFO  utils.ExcelUtils (ExcelUtils.java:41) - Test Runner excel row at: 98
22:23:41.468 INFO  utils.ExcelUtils (ExcelUtils.java:41) - Test Runner excel row at: 99
22:23:41.468 INFO  utils.ExcelUtils (ExcelUtils.java:41) - Test Runner excel row at: 100
22:23:41.469 INFO  utils.ExcelUtils (ExcelUtils.java:41) - Test Runner excel row at: 101
22:23:41.469 INFO  utils.ExcelUtils (ExcelUtils.java:41) - Test Runner excel row at: 102
22:23:41.470 INFO  utils.ExcelUtils (ExcelUtils.java:41) - Test Runner excel row at: 103
22:23:41.470 INFO  utils.ExcelUtils (ExcelUtils.java:41) - Test Runner excel row at: 104
22:23:41.472 INFO  utils.ExcelUtils (ExcelUtils.java:41) - Test Runner excel row at: 105
22:23:41.472 INFO  utils.ExcelUtils (ExcelUtils.java:41) - Test Runner excel row at: 106
22:23:41.473 INFO  utils.ExcelUtils (ExcelUtils.java:41) - Test Runner excel row at: 107
22:23:41.473 INFO  utils.ExcelUtils (ExcelUtils.java:41) - Test Runner excel row at: 108
22:23:42.002 WARN  config.Configuration (Configuration.java:231) - QA env being used by default. No env property set. This can be set in the sew.app.yml config file with a '{}=' property or on the command line with the switch '-D{}='.
22:23:48.009 INFO  driver.WebDriverFactory (WebDriverFactory.java:192) - Setting up the browser window to its max.
22:23:48.214 INFO  driver.WebDriverFactory (WebDriverFactory.java:181) - Initializing the implicit wait timeout for {} 5
22:23:48.221 INFO  driver.WebDriverFactory (WebDriverFactory.java:184) - Initializing the page load timeout.
22:23:48.228 INFO  driver.DriverFactory (DriverFactory.java:125) - Clearing all the cookies.
22:23:48.244 INFO  driver.DriverFactory (DriverFactory.java:62) - Open the url {} https://u2-alectra.smartcmobile.net/portal/#/login using the selenium get() method.
22:24:02.483 INFO  scp.myAccountTests (myAccountTests.java:78) - To perform sanity on green button connect page
22:24:04.228 INFO  pageobjects.myAccountPage (myAccountPage.java:29) - Populating User Name {} :0023826434
22:24:04.266 INFO  driver.Page (    Page.java:129) - Wait for element {} [[ChromeDriver: chrome on windows (a972d93a116c12990969606dc95f8a9b)] -> xpath: //*[@id='username']] to be present in the DOM for duration of {} 120
22:24:04.272 INFO  driver.Page (    Page.java:257) - Waiting for element to be visible for 120 seconds.
22:24:04.339 INFO  driver.Page (    Page.java:260) - Element is visible on the page.
22:24:04.358 INFO  driver.Page (    Page.java:131) - Clearing the element {} [[ChromeDriver: chrome on windows (a972d93a116c12990969606dc95f8a9b)] -> xpath: //*[@id='username']] before sending the keys.
22:24:04.494 INFO  driver.Page (    Page.java:133) - Sending the following keys {} 0023826434 to the element {} [[ChromeDriver: chrome on windows (a972d93a116c12990969606dc95f8a9b)] -> xpath: //*[@id='username']]
22:24:04.742 INFO  pageobjects.myAccountPage (myAccountPage.java:31) - User Username populated successfully.
22:24:04.742 INFO  pageobjects.myAccountPage (myAccountPage.java:38) - Populating Password {} :Demo@123
22:24:04.774 INFO  driver.Page (    Page.java:129) - Wait for element {} [[ChromeDriver: chrome on windows (a972d93a116c12990969606dc95f8a9b)] -> xpath: //*[@id='password']] to be present in the DOM for duration of {} 120
22:24:04.774 INFO  driver.Page (    Page.java:257) - Waiting for element to be visible for 120 seconds.
22:24:04.842 INFO  driver.Page (    Page.java:260) - Element is visible on the page.
22:24:04.864 INFO  driver.Page (    Page.java:131) - Clearing the element {} [[ChromeDriver: chrome on windows (a972d93a116c12990969606dc95f8a9b)] -> xpath: //*[@id='password']] before sending the keys.
22:24:04.967 INFO  driver.Page (    Page.java:133) - Sending the following keys {} Demo@123 to the element {} [[ChromeDriver: chrome on windows (a972d93a116c12990969606dc95f8a9b)] -> xpath: //*[@id='password']]
22:24:05.114 INFO  pageobjects.myAccountPage (myAccountPage.java:40) - Password populated successfully.
22:24:05.114 INFO  driver.Page (    Page.java:58) - Preparing for element to click.
22:24:05.114 INFO  driver.Page (    Page.java:232) - Waiting for element to be clickable for 120 seconds.
22:24:05.205 INFO  driver.Page (    Page.java:235) - Element is clickable now.
22:24:05.323 INFO  driver.Page (    Page.java:61) - Element is clicked successfully.
22:24:05.323 INFO  pageobjects.myAccountPage (myAccountPage.java:48) - LogIn Button clicked successfully.
22:24:16.854 INFO  driver.Page (    Page.java:257) - Waiting for element to be visible for 120 seconds.
22:24:16.926 INFO  driver.Page (    Page.java:260) - Element is visible on the page.
22:24:16.927 INFO  driver.Page (    Page.java:569) - Preparing for element to click.
22:24:17.043 INFO  driver.Page (    Page.java:576) - Element is clicked successfully.
22:24:17.043 INFO  pageobjects.myAccountPage (myAccountPage.java:866) - Clicked on account
22:24:17.044 INFO  driver.Page (    Page.java:257) - Waiting for element to be visible for 120 seconds.
22:24:17.102 INFO  driver.Page (    Page.java:260) - Element is visible on the page.
22:24:17.102 INFO  driver.Page (    Page.java:569) - Preparing for element to click.
22:24:17.233 INFO  driver.Page (    Page.java:576) - Element is clicked successfully.
22:24:17.234 INFO  pageobjects.myAccountPage (myAccountPage.java:875) - Clicked green button option
22:24:27.250 INFO  pageobjects.myAccountPage (myAccountPage.java:880) - Page URL is https://u2-alectra.smartcmobile.net/portal/#/GreenButtonConnect
22:24:30.302 INFO  driver.Page (    Page.java:161) - Wait for the element {} [[ChromeDriver: chrome on windows (a972d93a116c12990969606dc95f8a9b)] -> css selector: #root > div > div.pagewrapper > section > div.MuiGrid-root.pageheading-wrapper > div > div > div:nth-child(1) > div > h1] to be visible on the page for duration of {} 120
22:24:30.302 INFO  driver.Page (    Page.java:257) - Waiting for element to be visible for 120 seconds.
22:24:30.356 INFO  driver.Page (    Page.java:260) - Element is visible on the page.
22:24:30.426 INFO  driver.Page (    Page.java:164) - Text got from the locator {} [[ChromeDriver: chrome on windows (a972d93a116c12990969606dc95f8a9b)] -> css selector: #root > div > div.pagewrapper > section > div.MuiGrid-root.pageheading-wrapper > div > div > div:nth-child(1) > div > h1] is Green Button Connect
22:24:30.467 INFO  pageobjects.myAccountPage (myAccountPage.java:890) - header label is Green Button Connect
