23:37:52.168 INFO  runner.TestRunner (TestRunner.java:32) - Initializing application properties config file.
23:37:52.172 INFO  runner.TestRunner (TestRunner.java:35) - Initializing connection to the base database.
23:37:52.271 WARN  config.DatabaseConfiguration (DatabaseConfiguration.java:84) - QA env being used by default. No env property set. This can be set in the sentinel.yml config file with a '{}=' property or on the command line with the switch '-D{}='.
23:37:54.006 INFO  runner.TestRunner (TestRunner.java:38) - Initializing resource path config file.
23:37:54.007 INFO  runner.TestRunner (TestRunner.java:41) - Initializing usage months config from CSP.
23:37:54.846 INFO  runner.TestRunner (TestRunner.java:44) - Initializing date config from CSP.
23:37:55.643 INFO  runner.TestRunner (TestRunner.java:47) - Initializing language config from CSP.
23:37:56.442 INFO  runner.TestRunner (TestRunner.java:50) - Initializing language config from CSP.
23:37:57.272 INFO  runner.TestRunner (TestRunner.java:53) - Initializing language config from CSP.
23:37:58.083 INFO  runner.TestRunner (TestRunner.java:56) - Initializing user model config.
23:37:58.095 WARN  config.Configuration (Configuration.java:231) - QA env being used by default. No env property set. This can be set in the sew.app.yml config file with a '{}=' property or on the command line with the switch '-D{}='.
23:37:58.899 INFO  runner.TestRunner (TestRunner.java:59) - Initializing auth token config.
23:37:59.161 INFO  utils.ExcelUtils (ExcelUtils.java:35) - Test Runner excel row at: 1
23:37:59.164 INFO  utils.ExcelUtils (ExcelUtils.java:35) - Test Runner excel row at: 2
23:37:59.165 INFO  utils.ExcelUtils (ExcelUtils.java:35) - Test Runner excel row at: 3
23:37:59.165 INFO  utils.ExcelUtils (ExcelUtils.java:35) - Test Runner excel row at: 4
23:37:59.165 INFO  utils.ExcelUtils (ExcelUtils.java:35) - Test Runner excel row at: 5
23:37:59.166 INFO  utils.ExcelUtils (ExcelUtils.java:35) - Test Runner excel row at: 6
23:37:59.166 INFO  utils.ExcelUtils (ExcelUtils.java:35) - Test Runner excel row at: 7
23:37:59.166 INFO  utils.ExcelUtils (ExcelUtils.java:35) - Test Runner excel row at: 8
23:37:59.166 INFO  utils.ExcelUtils (ExcelUtils.java:35) - Test Runner excel row at: 9
23:37:59.166 INFO  utils.ExcelUtils (ExcelUtils.java:35) - Test Runner excel row at: 10
23:37:59.167 INFO  utils.ExcelUtils (ExcelUtils.java:35) - Test Runner excel row at: 11
23:37:59.167 INFO  utils.ExcelUtils (ExcelUtils.java:35) - Test Runner excel row at: 12
23:37:59.167 INFO  utils.ExcelUtils (ExcelUtils.java:35) - Test Runner excel row at: 13
23:37:59.167 INFO  utils.ExcelUtils (ExcelUtils.java:35) - Test Runner excel row at: 14
23:37:59.168 INFO  utils.ExcelUtils (ExcelUtils.java:35) - Test Runner excel row at: 15
23:37:59.168 INFO  utils.ExcelUtils (ExcelUtils.java:35) - Test Runner excel row at: 16
23:37:59.168 INFO  utils.ExcelUtils (ExcelUtils.java:35) - Test Runner excel row at: 17
23:37:59.168 INFO  utils.ExcelUtils (ExcelUtils.java:35) - Test Runner excel row at: 18
23:38:07.805 INFO  driver.WebDriverFactory (WebDriverFactory.java:207) - Setting up the browser window to its max.
23:38:08.225 INFO  driver.WebDriverFactory (WebDriverFactory.java:196) - Initializing the implicit wait timeout for {} 5
23:38:08.236 INFO  driver.WebDriverFactory (WebDriverFactory.java:199) - Initializing the page load timeout.
23:38:08.253 INFO  driver.DriverFactory (DriverFactory.java:96) - Clearing all the cookies.
23:38:08.295 INFO  driver.DriverFactory (DriverFactory.java:57) - Open the url {} https://qa.smartcmobile.net/SCM_10.0_S-SCP/ using the selenium get() method.
23:38:20.352 INFO  scp.LoginTests (LoginTests.java:262) - To verify the tests with the below test case id's: C77195
23:38:22.528 INFO  utils.DataBaseUtils (DataBaseUtils.java:374) - Connected to the database...
23:38:23.462 INFO  scp.LoginPage (LoginPage.java:100) - Populating username {} :link@_-&+residential
23:38:23.485 INFO  driver.Page (    Page.java:100) - Wait for element {} [[ChromeDriver: chrome on MAC (5bd59f5996832c1a2c9996463faf25e7)] -> css selector: [id='txtLogin']] to be present in the DOM for duration of {} 120
23:38:23.485 INFO  driver.Page (    Page.java:207) - Waiting for element to be visible for 120 seconds.
23:38:23.517 INFO  driver.Page (    Page.java:210) - Element is visible on the page.
23:38:23.524 INFO  driver.Page (    Page.java:102) - Clearing the element {} [[ChromeDriver: chrome on MAC (5bd59f5996832c1a2c9996463faf25e7)] -> css selector: [id='txtLogin']] before sending the keys.
23:38:23.550 INFO  driver.Page (    Page.java:104) - Sending the following keys {} link@_-&+residential to the element {} [[ChromeDriver: chrome on MAC (5bd59f5996832c1a2c9996463faf25e7)] -> css selector: [id='txtLogin']]
23:38:23.661 INFO  scp.LoginPage (LoginPage.java:102) - Username populated successfully.
23:38:23.661 INFO  scp.LoginPage (LoginPage.java:144) - Populating password {} :invalid@password
23:38:23.669 INFO  driver.Page (    Page.java:100) - Wait for element {} [[ChromeDriver: chrome on MAC (5bd59f5996832c1a2c9996463faf25e7)] -> css selector: [id='txtpwd']] to be present in the DOM for duration of {} 120
23:38:23.669 INFO  driver.Page (    Page.java:207) - Waiting for element to be visible for 120 seconds.
23:38:23.683 INFO  driver.Page (    Page.java:210) - Element is visible on the page.
23:38:23.687 INFO  driver.Page (    Page.java:102) - Clearing the element {} [[ChromeDriver: chrome on MAC (5bd59f5996832c1a2c9996463faf25e7)] -> css selector: [id='txtpwd']] before sending the keys.
23:38:23.710 INFO  driver.Page (    Page.java:104) - Sending the following keys {} invalid@password to the element {} [[ChromeDriver: chrome on MAC (5bd59f5996832c1a2c9996463faf25e7)] -> css selector: [id='txtpwd']]
23:38:23.749 INFO  scp.LoginPage (LoginPage.java:146) - Password populated successfully.
23:38:23.750 INFO  scp.LoginPage (LoginPage.java:180) - Clicking the sign in button.
23:38:23.750 INFO  driver.Page (    Page.java:54) - Preparing for element to click.
23:38:23.750 INFO  driver.Page (    Page.java:182) - Waiting for element to be clickable for 120 seconds.
23:38:23.773 INFO  driver.Page (    Page.java:185) - Element is clickable now.
23:38:23.809 INFO  driver.Page (    Page.java:57) - Element is clicked successfully.
23:38:23.809 INFO  scp.LoginPage (LoginPage.java:182) - Sign in button clicked successfully.
23:38:23.810 INFO  scp.HomePage (HomePage.java:23) - Wait for page loader visibility.
23:38:23.810 INFO  driver.Page (    Page.java:207) - Waiting for element to be visible for 120 seconds.
23:38:24.871 INFO  driver.Page (    Page.java:210) - Element is visible on the page.
23:38:24.871 INFO  scp.HomePage (HomePage.java:25) - Wait for page loader invisibility.
23:38:24.871 INFO  driver.Page (    Page.java:221) - Waiting for element to be invisible for 120 seconds.
23:38:27.539 INFO  driver.Page (    Page.java:224) - Element is invisible from the page.
23:38:28.085 INFO  driver.Page (    Page.java:132) - Text got from the locator {} [[ChromeDriver: chrome on MAC (5bd59f5996832c1a2c9996463faf25e7)] -> css selector: #toast-container .toast-message] is Invalid Username or Password. Please check and try again.
23:38:28.096 INFO  scp.HomePage (HomePage.java:52) - Label on toast message {}: Invalid Username or Password. Please check and try again.
23:38:28.096 INFO  driver.Page (    Page.java:54) - Preparing for element to click.
23:38:28.096 INFO  driver.Page (    Page.java:182) - Waiting for element to be clickable for 120 seconds.
23:38:28.120 INFO  driver.Page (    Page.java:185) - Element is clickable now.
23:38:28.139 INFO  driver.Page (    Page.java:57) - Element is clicked successfully.
23:38:28.646 INFO  scp.LoginPage (LoginPage.java:100) - Populating username {} :link@_-&+residential
23:38:28.659 INFO  driver.Page (    Page.java:100) - Wait for element {} [[ChromeDriver: chrome on MAC (5bd59f5996832c1a2c9996463faf25e7)] -> css selector: [id='txtLogin']] to be present in the DOM for duration of {} 120
23:38:28.659 INFO  driver.Page (    Page.java:207) - Waiting for element to be visible for 120 seconds.
23:38:28.679 INFO  driver.Page (    Page.java:210) - Element is visible on the page.
23:38:28.686 INFO  driver.Page (    Page.java:102) - Clearing the element {} [[ChromeDriver: chrome on MAC (5bd59f5996832c1a2c9996463faf25e7)] -> css selector: [id='txtLogin']] before sending the keys.
23:38:28.721 INFO  driver.Page (    Page.java:104) - Sending the following keys {} link@_-&+residential to the element {} [[ChromeDriver: chrome on MAC (5bd59f5996832c1a2c9996463faf25e7)] -> css selector: [id='txtLogin']]
23:38:28.766 INFO  scp.LoginPage (LoginPage.java:102) - Username populated successfully.
23:38:28.766 INFO  scp.LoginPage (LoginPage.java:144) - Populating password {} :invalid@password
23:38:28.770 INFO  driver.Page (    Page.java:100) - Wait for element {} [[ChromeDriver: chrome on MAC (5bd59f5996832c1a2c9996463faf25e7)] -> css selector: [id='txtpwd']] to be present in the DOM for duration of {} 120
23:38:28.770 INFO  driver.Page (    Page.java:207) - Waiting for element to be visible for 120 seconds.
23:38:28.779 INFO  driver.Page (    Page.java:210) - Element is visible on the page.
23:38:28.783 INFO  driver.Page (    Page.java:102) - Clearing the element {} [[ChromeDriver: chrome on MAC (5bd59f5996832c1a2c9996463faf25e7)] -> css selector: [id='txtpwd']] before sending the keys.
23:38:28.805 INFO  driver.Page (    Page.java:104) - Sending the following keys {} invalid@password to the element {} [[ChromeDriver: chrome on MAC (5bd59f5996832c1a2c9996463faf25e7)] -> css selector: [id='txtpwd']]
23:38:28.838 INFO  scp.LoginPage (LoginPage.java:146) - Password populated successfully.
23:38:28.838 INFO  scp.LoginPage (LoginPage.java:180) - Clicking the sign in button.
23:38:28.838 INFO  driver.Page (    Page.java:54) - Preparing for element to click.
23:38:28.839 INFO  driver.Page (    Page.java:182) - Waiting for element to be clickable for 120 seconds.
23:38:28.856 INFO  driver.Page (    Page.java:185) - Element is clickable now.
23:38:28.871 INFO  driver.Page (    Page.java:57) - Element is clicked successfully.
23:38:28.871 INFO  scp.LoginPage (LoginPage.java:182) - Sign in button clicked successfully.
23:38:28.871 INFO  scp.HomePage (HomePage.java:23) - Wait for page loader visibility.
23:38:28.871 INFO  driver.Page (    Page.java:207) - Waiting for element to be visible for 120 seconds.
23:38:29.931 INFO  driver.Page (    Page.java:210) - Element is visible on the page.
23:38:29.931 INFO  scp.HomePage (HomePage.java:25) - Wait for page loader invisibility.
23:38:29.932 INFO  driver.Page (    Page.java:221) - Waiting for element to be invisible for 120 seconds.
23:38:32.573 INFO  driver.Page (    Page.java:224) - Element is invisible from the page.
23:38:33.114 INFO  driver.Page (    Page.java:132) - Text got from the locator {} [[ChromeDriver: chrome on MAC (5bd59f5996832c1a2c9996463faf25e7)] -> css selector: #toast-container .toast-message] is Invalid Username or Password. Please check and try again.
23:38:33.126 INFO  scp.HomePage (HomePage.java:52) - Label on toast message {}: Invalid Username or Password. Please check and try again.
23:38:33.129 INFO  driver.Page (    Page.java:54) - Preparing for element to click.
23:38:33.129 INFO  driver.Page (    Page.java:182) - Waiting for element to be clickable for 120 seconds.
23:38:33.152 INFO  driver.Page (    Page.java:185) - Element is clickable now.
23:38:33.176 INFO  driver.Page (    Page.java:57) - Element is clicked successfully.
23:38:33.680 INFO  scp.LoginPage (LoginPage.java:100) - Populating username {} :link@_-&+residential
23:38:33.690 INFO  driver.Page (    Page.java:100) - Wait for element {} [[ChromeDriver: chrome on MAC (5bd59f5996832c1a2c9996463faf25e7)] -> css selector: [id='txtLogin']] to be present in the DOM for duration of {} 120
23:38:33.691 INFO  driver.Page (    Page.java:207) - Waiting for element to be visible for 120 seconds.
23:38:33.709 INFO  driver.Page (    Page.java:210) - Element is visible on the page.
23:38:33.716 INFO  driver.Page (    Page.java:102) - Clearing the element {} [[ChromeDriver: chrome on MAC (5bd59f5996832c1a2c9996463faf25e7)] -> css selector: [id='txtLogin']] before sending the keys.
23:38:33.759 INFO  driver.Page (    Page.java:104) - Sending the following keys {} link@_-&+residential to the element {} [[ChromeDriver: chrome on MAC (5bd59f5996832c1a2c9996463faf25e7)] -> css selector: [id='txtLogin']]
23:38:33.790 INFO  scp.LoginPage (LoginPage.java:102) - Username populated successfully.
23:38:33.790 INFO  scp.LoginPage (LoginPage.java:144) - Populating password {} :invalid@password
23:38:33.797 INFO  driver.Page (    Page.java:100) - Wait for element {} [[ChromeDriver: chrome on MAC (5bd59f5996832c1a2c9996463faf25e7)] -> css selector: [id='txtpwd']] to be present in the DOM for duration of {} 120
23:38:33.797 INFO  driver.Page (    Page.java:207) - Waiting for element to be visible for 120 seconds.
23:38:33.808 INFO  driver.Page (    Page.java:210) - Element is visible on the page.
23:38:33.811 INFO  driver.Page (    Page.java:102) - Clearing the element {} [[ChromeDriver: chrome on MAC (5bd59f5996832c1a2c9996463faf25e7)] -> css selector: [id='txtpwd']] before sending the keys.
23:38:33.841 INFO  driver.Page (    Page.java:104) - Sending the following keys {} invalid@password to the element {} [[ChromeDriver: chrome on MAC (5bd59f5996832c1a2c9996463faf25e7)] -> css selector: [id='txtpwd']]
23:38:33.866 INFO  scp.LoginPage (LoginPage.java:146) - Password populated successfully.
23:38:33.866 INFO  scp.LoginPage (LoginPage.java:180) - Clicking the sign in button.
23:38:33.866 INFO  driver.Page (    Page.java:54) - Preparing for element to click.
23:38:33.866 INFO  driver.Page (    Page.java:182) - Waiting for element to be clickable for 120 seconds.
23:38:33.879 INFO  driver.Page (    Page.java:185) - Element is clickable now.
23:38:33.895 INFO  driver.Page (    Page.java:57) - Element is clicked successfully.
23:38:33.895 INFO  scp.LoginPage (LoginPage.java:182) - Sign in button clicked successfully.
23:38:33.895 INFO  scp.HomePage (HomePage.java:23) - Wait for page loader visibility.
23:38:33.895 INFO  driver.Page (    Page.java:207) - Waiting for element to be visible for 120 seconds.
23:38:34.965 INFO  driver.Page (    Page.java:210) - Element is visible on the page.
23:38:34.965 INFO  scp.HomePage (HomePage.java:25) - Wait for page loader invisibility.
23:38:34.966 INFO  driver.Page (    Page.java:221) - Waiting for element to be invisible for 120 seconds.
23:38:37.594 INFO  driver.Page (    Page.java:224) - Element is invisible from the page.
23:38:38.111 INFO  driver.Page (    Page.java:132) - Text got from the locator {} [[ChromeDriver: chrome on MAC (5bd59f5996832c1a2c9996463faf25e7)] -> css selector: #toast-container .toast-message] is Your Account has been temporarily locked due to security reasons. Please try again after 24 hour(s). For assistance, please contact Customer Service by email at Support@SEW1.in or by phone at 7377377777.
23:38:38.119 INFO  scp.HomePage (HomePage.java:52) - Label on toast message {}: Your Account has been temporarily locked due to security reasons. Please try again after 24 hour(s). For assistance, please contact Customer Service by email at Support@SEW1.in or by phone at 7377377777.
23:38:38.119 INFO  driver.Page (    Page.java:54) - Preparing for element to click.
23:38:38.119 INFO  driver.Page (    Page.java:182) - Waiting for element to be clickable for 120 seconds.
23:38:38.137 INFO  driver.Page (    Page.java:185) - Element is clickable now.
23:38:38.155 INFO  driver.Page (    Page.java:57) - Element is clicked successfully.
23:38:38.662 INFO  scp.LoginPage (LoginPage.java:100) - Populating username {} :link@_-&+residential
23:38:38.668 INFO  driver.Page (    Page.java:100) - Wait for element {} [[ChromeDriver: chrome on MAC (5bd59f5996832c1a2c9996463faf25e7)] -> css selector: [id='txtLogin']] to be present in the DOM for duration of {} 120
23:38:38.668 INFO  driver.Page (    Page.java:207) - Waiting for element to be visible for 120 seconds.
23:38:38.680 INFO  driver.Page (    Page.java:210) - Element is visible on the page.
23:38:38.685 INFO  driver.Page (    Page.java:102) - Clearing the element {} [[ChromeDriver: chrome on MAC (5bd59f5996832c1a2c9996463faf25e7)] -> css selector: [id='txtLogin']] before sending the keys.
23:38:38.714 INFO  driver.Page (    Page.java:104) - Sending the following keys {} link@_-&+residential to the element {} [[ChromeDriver: chrome on MAC (5bd59f5996832c1a2c9996463faf25e7)] -> css selector: [id='txtLogin']]
23:38:38.753 INFO  scp.LoginPage (LoginPage.java:102) - Username populated successfully.
23:38:38.753 INFO  scp.LoginPage (LoginPage.java:144) - Populating password {} :invalid@password
23:38:38.756 INFO  driver.Page (    Page.java:100) - Wait for element {} [[ChromeDriver: chrome on MAC (5bd59f5996832c1a2c9996463faf25e7)] -> css selector: [id='txtpwd']] to be present in the DOM for duration of {} 120
23:38:38.756 INFO  driver.Page (    Page.java:207) - Waiting for element to be visible for 120 seconds.
23:38:38.764 INFO  driver.Page (    Page.java:210) - Element is visible on the page.
23:38:38.768 INFO  driver.Page (    Page.java:102) - Clearing the element {} [[ChromeDriver: chrome on MAC (5bd59f5996832c1a2c9996463faf25e7)] -> css selector: [id='txtpwd']] before sending the keys.
23:38:38.790 INFO  driver.Page (    Page.java:104) - Sending the following keys {} invalid@password to the element {} [[ChromeDriver: chrome on MAC (5bd59f5996832c1a2c9996463faf25e7)] -> css selector: [id='txtpwd']]
23:38:38.820 INFO  scp.LoginPage (LoginPage.java:146) - Password populated successfully.
23:38:38.820 INFO  scp.LoginPage (LoginPage.java:180) - Clicking the sign in button.
23:38:38.820 INFO  driver.Page (    Page.java:54) - Preparing for element to click.
23:38:38.820 INFO  driver.Page (    Page.java:182) - Waiting for element to be clickable for 120 seconds.
23:38:38.837 INFO  driver.Page (    Page.java:185) - Element is clickable now.
23:38:38.858 INFO  driver.Page (    Page.java:57) - Element is clicked successfully.
23:38:38.858 INFO  scp.LoginPage (LoginPage.java:182) - Sign in button clicked successfully.
23:38:38.858 INFO  scp.HomePage (HomePage.java:23) - Wait for page loader visibility.
23:38:38.858 INFO  driver.Page (    Page.java:207) - Waiting for element to be visible for 120 seconds.
23:38:40.620 INFO  driver.Page (    Page.java:210) - Element is visible on the page.
23:38:40.620 INFO  scp.HomePage (HomePage.java:25) - Wait for page loader invisibility.
23:38:40.621 INFO  driver.Page (    Page.java:221) - Waiting for element to be invisible for 120 seconds.
23:38:43.266 INFO  driver.Page (    Page.java:224) - Element is invisible from the page.
23:38:43.805 INFO  driver.Page (    Page.java:132) - Text got from the locator {} [[ChromeDriver: chrome on MAC (5bd59f5996832c1a2c9996463faf25e7)] -> css selector: #toast-container .toast-message] is Your Account has been temporarily locked due to security reasons. Please try again after 24 hour(s). For assistance, please contact Customer Service by email at Support@SEW1.in or by phone at 7377377777.
23:38:43.817 INFO  scp.HomePage (HomePage.java:52) - Label on toast message {}: Your Account has been temporarily locked due to security reasons. Please try again after 24 hour(s). For assistance, please contact Customer Service by email at Support@SEW1.in or by phone at 7377377777.
23:38:43.817 INFO  driver.Page (    Page.java:54) - Preparing for element to click.
23:38:43.817 INFO  driver.Page (    Page.java:182) - Waiting for element to be clickable for 120 seconds.
23:38:43.838 INFO  driver.Page (    Page.java:185) - Element is clickable now.
23:38:43.858 INFO  driver.Page (    Page.java:57) - Element is clicked successfully.
23:38:46.566 INFO  driver.DriverFactory (DriverFactory.java:96) - Clearing all the cookies.
