18:50:27.770 INFO  driver.Page (    Page.java:55) - Preparing for element to click.
18:50:27.773 INFO  driver.Page (    Page.java:142) - Waiting for element to be clickable for 120 seconds.
18:50:27.801 INFO  driver.Page (    Page.java:145) - Element is clickable now.
18:50:27.826 INFO  driver.Page (    Page.java:58) - Element is clicked successfully.
18:50:27.826 INFO  scp.LoginPage (LoginPage.java:187) - Sign in button clicked successfully.
18:50:27.826 INFO  scp.HomePage (HomePage.java:22) - Wait for page loader visibility.
18:50:27.827 INFO  driver.Page (    Page.java:167) - Waiting for element to be visible for 120 seconds.
18:50:28.886 INFO  driver.Page (    Page.java:170) - Element is visible on the page.
18:50:28.887 INFO  scp.HomePage (HomePage.java:24) - Wait for page loader invisibility.
18:50:28.887 INFO  driver.Page (    Page.java:181) - Waiting for element to be invisible for 120 seconds.
18:50:44.315 INFO  driver.Page (    Page.java:184) - Element is invisible from the page.
18:50:44.318 INFO  scp.DashboardPage (DashboardPage.java:26) - Checking that the current page is dashboard page.
18:50:44.318 INFO  driver.Page (    Page.java:36) - Fetching the current URL.
18:50:44.322 INFO  driver.Page (    Page.java:37) - The Current URL is: https://qa.smartcmobile.net/SCM_10.0_S-SCP/Dashboard.aspx
18:50:44.325 INFO  driver.Page (    Page.java:42) - Fetching the current title.
18:50:44.329 INFO  driver.Page (    Page.java:43) - The Current Title is: Dashboard
18:50:44.332 INFO  scp.DashboardPage (DashboardPage.java:29) - The current page is dashboard page {}: true
18:50:44.341 INFO  driver.Page (    Page.java:102) - Wait for the element {} [[ChromeDriver: chrome on MAC (93992103b7ecb41ffd2413b257cecdaf)] -> css selector: #HeaderMenu_lblCustName1] to be visible on the page for duration of {} 120
18:50:44.341 INFO  driver.Page (    Page.java:167) - Waiting for element to be visible for 120 seconds.
18:50:44.353 INFO  driver.Page (    Page.java:170) - Element is visible on the page.
18:50:44.370 INFO  driver.Page (    Page.java:105) - Text got from the locator {} [[ChromeDriver: chrome on MAC (93992103b7ecb41ffd2413b257cecdaf)] -> css selector: #HeaderMenu_lblCustName1] is Alex
18:50:44.384 INFO  driver.Page (    Page.java:102) - Wait for the element {} [[ChromeDriver: chrome on MAC (93992103b7ecb41ffd2413b257cecdaf)] -> css selector: #lbllistbox] to be visible on the page for duration of {} 120
18:50:44.385 INFO  driver.Page (    Page.java:167) - Waiting for element to be visible for 120 seconds.
18:50:44.393 INFO  driver.Page (    Page.java:170) - Element is visible on the page.
18:50:44.406 INFO  driver.Page (    Page.java:105) - Text got from the locator {} [[ChromeDriver: chrome on MAC (93992103b7ecb41ffd2413b257cecdaf)] -> css selector: #lbllistbox] is Select Account
18:50:44.413 INFO  scp.LoginTests (LoginTests.java:37) - Test Case execution for - verifyValidLogin - is Completed.
23:12:50.795 INFO  runner.TestRunner (TestRunner.java:32) - Initializing application properties config file.
23:12:50.796 INFO  runner.TestRunner (TestRunner.java:35) - Initializing connection to the base database.
23:12:50.903 WARN  config.DatabaseConfiguration (DatabaseConfiguration.java:84) - QA env being used by default. No env property set. This can be set in the sentinel.yml config file with a '{}=' property or on the command line with the switch '-D{}='.
23:12:52.652 INFO  runner.TestRunner (TestRunner.java:38) - Initializing resource path config file.
23:12:52.653 INFO  runner.TestRunner (TestRunner.java:41) - Initializing usage months config from CSP.
23:12:53.505 INFO  runner.TestRunner (TestRunner.java:44) - Initializing date config from CSP.
23:12:54.374 INFO  runner.TestRunner (TestRunner.java:47) - Initializing user model config.
23:12:54.388 WARN  config.Configuration (Configuration.java:231) - QA env being used by default. No env property set. This can be set in the sentinel.yml config file with a '{}=' property or on the command line with the switch '-D{}='.
23:12:55.193 INFO  runner.TestRunner (TestRunner.java:50) - Initializing auth token config.
23:12:58.201 INFO  driver.WebDriverFactory (WebDriverFactory.java:207) - Setting up the browser window to its max.
23:12:58.614 INFO  driver.WebDriverFactory (WebDriverFactory.java:196) - Initializing the implicit wait timeout for {} 5
23:12:58.616 INFO  driver.WebDriverFactory (WebDriverFactory.java:199) - Initializing the page load timeout.
23:12:58.618 INFO  driver.DriverFactory (DriverFactory.java:89) - Clearing all the cookies.
23:12:58.624 INFO  driver.DriverFactory (DriverFactory.java:56) - Open the url {} https://qa.smartcmobile.net/SCM_10.0_S-SCP/ using the selenium get() method.
23:13:16.589 INFO  driver.DriverFactory (DriverFactory.java:89) - Clearing all the cookies.
