17:33:15.963 INFO  driver.Page (    Page.java:278) - Element {} : [[ChromeDriver: chrome on WINDOWS (19d13172f065750cc4f7323b2a8480d9)] -> css selector: #spanTxt] is visible on the page.
17:33:15.970 INFO  csp.WaysToSavePage (WaysToSavePage.java:1241) - Max Character Length Label English visibility status {}true
17:33:15.980 INFO  driver.Page (    Page.java:153) - Wait for the element {} [[ChromeDriver: chrome on WINDOWS (19d13172f065750cc4f7323b2a8480d9)] -> css selector: #spanTxt] to be visible on the page for duration of {} 120
17:33:15.980 INFO  driver.Page (    Page.java:236) - Waiting for element to be visible for 120 seconds.
17:33:16.002 INFO  driver.Page (    Page.java:239) - Element is visible on the page.
17:33:16.037 INFO  driver.Page (    Page.java:156) - Text got from the locator {} [[ChromeDriver: chrome on WINDOWS (19d13172f065750cc4f7323b2a8480d9)] -> css selector: #spanTxt] is Max. length: 8000 characters
17:33:16.056 INFO  csp.WaysToSavePage (WaysToSavePage.java:1247) - Max Character Length Label English Label Text is Max. length: 8000 characters
17:33:16.098 INFO  driver.Page (    Page.java:278) - Element {} : [[ChromeDriver: chrome on WINDOWS (19d13172f065750cc4f7323b2a8480d9)] -> css selector: #PopupAddTopic .tip_title_wrapper_box > label.AddUserContentLabel:nth-of-type(3)] is visible on the page.
17:33:16.099 INFO  csp.WaysToSavePage (WaysToSavePage.java:1042) - Topic Name Spanish Label visibility status {}true
17:33:16.108 INFO  driver.Page (    Page.java:153) - Wait for the element {} [[ChromeDriver: chrome on WINDOWS (19d13172f065750cc4f7323b2a8480d9)] -> css selector: #PopupAddTopic .tip_title_wrapper_box > label.AddUserContentLabel:nth-of-type(3)] to be visible on the page for duration of {} 120
17:33:16.109 INFO  driver.Page (    Page.java:236) - Waiting for element to be visible for 120 seconds.
17:33:16.135 INFO  driver.Page (    Page.java:239) - Element is visible on the page.
17:33:16.173 INFO  driver.Page (    Page.java:156) - Text got from the locator {} [[ChromeDriver: chrome on WINDOWS (19d13172f065750cc4f7323b2a8480d9)] -> css selector: #PopupAddTopic .tip_title_wrapper_box > label.AddUserContentLabel:nth-of-type(3)] is Topic Name (Spanish)
17:33:16.191 INFO  csp.WaysToSavePage (WaysToSavePage.java:1048) - Topic Name Spanish Label Text is Topic Name (Spanish)
17:33:16.228 INFO  driver.Page (    Page.java:278) - Element {} : [[ChromeDriver: chrome on WINDOWS (19d13172f065750cc4f7323b2a8480d9)] -> css selector: #txtQuestionSP] is visible on the page.
17:33:16.229 INFO  csp.WaysToSavePage (WaysToSavePage.java:1147) - Topic Name Spanish TextBox visibility status {}true
17:33:16.281 INFO  driver.Page (    Page.java:278) - Element {} : [[ChromeDriver: chrome on WINDOWS (19d13172f065750cc4f7323b2a8480d9)] -> css selector: #PopupAddTopic .tip_title_wrapper_box > label.AddUserContentLabel:nth-of-type(4)] is visible on the page.
17:33:16.281 INFO  csp.WaysToSavePage (WaysToSavePage.java:1056) - Description Name Spanish Label visibility status {}true
17:33:16.299 INFO  driver.Page (    Page.java:153) - Wait for the element {} [[ChromeDriver: chrome on WINDOWS (19d13172f065750cc4f7323b2a8480d9)] -> css selector: #PopupAddTopic .tip_title_wrapper_box > label.AddUserContentLabel:nth-of-type(4)] to be visible on the page for duration of {} 120
17:33:16.299 INFO  driver.Page (    Page.java:236) - Waiting for element to be visible for 120 seconds.
17:33:16.331 INFO  driver.Page (    Page.java:239) - Element is visible on the page.
17:33:16.371 INFO  driver.Page (    Page.java:156) - Text got from the locator {} [[ChromeDriver: chrome on WINDOWS (19d13172f065750cc4f7323b2a8480d9)] -> css selector: #PopupAddTopic .tip_title_wrapper_box > label.AddUserContentLabel:nth-of-type(4)] is Description (Spanish)
17:33:16.388 INFO  csp.WaysToSavePage (WaysToSavePage.java:1062) - Description Name Spanish Label Text is Description (Spanish)
17:33:16.437 INFO  driver.Page (    Page.java:278) - Element {} : [[ChromeDriver: chrome on WINDOWS (19d13172f065750cc4f7323b2a8480d9)] -> xpath: //div[@id='summernoteSpanise']/following::div[1]/div[@class='note-editing-area']/div[@class='note-editable']] is visible on the page.
17:33:16.438 INFO  csp.WaysToSavePage (WaysToSavePage.java:1164) - Description Spanish TextBox visibility status {}true
17:33:16.480 INFO  driver.Page (    Page.java:278) - Element {} : [[ChromeDriver: chrome on WINDOWS (19d13172f065750cc4f7323b2a8480d9)] -> css selector: #spanTxt1] is visible on the page.
17:33:16.480 INFO  csp.WaysToSavePage (WaysToSavePage.java:1180) - Max Character Length Label Spanish visibility status {}true
17:33:16.491 INFO  driver.Page (    Page.java:153) - Wait for the element {} [[ChromeDriver: chrome on WINDOWS (19d13172f065750cc4f7323b2a8480d9)] -> css selector: #spanTxt1] to be visible on the page for duration of {} 120
17:33:16.491 INFO  driver.Page (    Page.java:236) - Waiting for element to be visible for 120 seconds.
17:33:16.522 INFO  driver.Page (    Page.java:239) - Element is visible on the page.
17:33:16.572 INFO  driver.Page (    Page.java:156) - Text got from the locator {} [[ChromeDriver: chrome on WINDOWS (19d13172f065750cc4f7323b2a8480d9)] -> css selector: #spanTxt1] is Max. length: 8000 characters
17:33:16.592 INFO  csp.WaysToSavePage (WaysToSavePage.java:1186) - Max Character Length Label Spanish Label Text is Max. length: 8000 characters
17:33:16.627 INFO  driver.Page (    Page.java:278) - Element {} : [[ChromeDriver: chrome on WINDOWS (19d13172f065750cc4f7323b2a8480d9)] -> css selector: #PopupAddTopic .tip_title_wrapper_box > label.AddUserContentLabel:nth-of-type(5)] is visible on the page.
17:33:16.627 INFO  csp.WaysToSavePage (WaysToSavePage.java:1069) - Topic Name French Label visibility status {}true
17:33:16.636 INFO  driver.Page (    Page.java:153) - Wait for the element {} [[ChromeDriver: chrome on WINDOWS (19d13172f065750cc4f7323b2a8480d9)] -> css selector: #PopupAddTopic .tip_title_wrapper_box > label.AddUserContentLabel:nth-of-type(5)] to be visible on the page for duration of {} 120
17:33:16.636 INFO  driver.Page (    Page.java:236) - Waiting for element to be visible for 120 seconds.
17:33:16.660 INFO  driver.Page (    Page.java:239) - Element is visible on the page.
17:33:16.698 INFO  driver.Page (    Page.java:156) - Text got from the locator {} [[ChromeDriver: chrome on WINDOWS (19d13172f065750cc4f7323b2a8480d9)] -> css selector: #PopupAddTopic .tip_title_wrapper_box > label.AddUserContentLabel:nth-of-type(5)] is Topic Name (French)
17:33:16.721 INFO  csp.WaysToSavePage (WaysToSavePage.java:1075) - Topic Name French Label Text is Topic Name (French)
17:33:16.775 INFO  driver.Page (    Page.java:278) - Element {} : [[ChromeDriver: chrome on WINDOWS (19d13172f065750cc4f7323b2a8480d9)] -> css selector: #txtQuestionFR] is visible on the page.
17:33:16.776 INFO  csp.WaysToSavePage (WaysToSavePage.java:1194) - Topic Name French TextBox visibility status {}true
17:33:16.810 INFO  driver.Page (    Page.java:278) - Element {} : [[ChromeDriver: chrome on WINDOWS (19d13172f065750cc4f7323b2a8480d9)] -> css selector: #PopupAddTopic .tip_title_wrapper_box > label.AddUserContentLabel:nth-of-type(6)] is visible on the page.
17:33:16.810 INFO  csp.WaysToSavePage (WaysToSavePage.java:1083) - Description Name French Label visibility status {}true
17:33:16.818 INFO  driver.Page (    Page.java:153) - Wait for the element {} [[ChromeDriver: chrome on WINDOWS (19d13172f065750cc4f7323b2a8480d9)] -> css selector: #PopupAddTopic .tip_title_wrapper_box > label.AddUserContentLabel:nth-of-type(6)] to be visible on the page for duration of {} 120
17:33:16.818 INFO  driver.Page (    Page.java:236) - Waiting for element to be visible for 120 seconds.
17:33:16.843 INFO  driver.Page (    Page.java:239) - Element is visible on the page.
17:33:16.888 INFO  driver.Page (    Page.java:156) - Text got from the locator {} [[ChromeDriver: chrome on WINDOWS (19d13172f065750cc4f7323b2a8480d9)] -> css selector: #PopupAddTopic .tip_title_wrapper_box > label.AddUserContentLabel:nth-of-type(6)] is Description (French)
17:33:16.917 INFO  csp.WaysToSavePage (WaysToSavePage.java:1089) - Description Name French Label Text is Description (French)
17:33:16.971 INFO  driver.Page (    Page.java:278) - Element {} : [[ChromeDriver: chrome on WINDOWS (19d13172f065750cc4f7323b2a8480d9)] -> xpath: //div[@id='SummernoteFrench']/following::div[1]/div[@class='note-editing-area']/div[@class='note-editable']] is visible on the page.
17:33:16.972 INFO  csp.WaysToSavePage (WaysToSavePage.java:1210) - Description French TextBox visibility status {}true
17:33:17.014 INFO  driver.Page (    Page.java:278) - Element {} : [[ChromeDriver: chrome on WINDOWS (19d13172f065750cc4f7323b2a8480d9)] -> css selector: #spanTxt2] is visible on the page.
17:33:17.015 INFO  csp.WaysToSavePage (WaysToSavePage.java:1226) - Max Character Length Label French visibility status {}true
17:33:17.024 INFO  driver.Page (    Page.java:153) - Wait for the element {} [[ChromeDriver: chrome on WINDOWS (19d13172f065750cc4f7323b2a8480d9)] -> css selector: #spanTxt2] to be visible on the page for duration of {} 120
17:33:17.024 INFO  driver.Page (    Page.java:236) - Waiting for element to be visible for 120 seconds.
17:33:17.048 INFO  driver.Page (    Page.java:239) - Element is visible on the page.
17:33:17.081 INFO  driver.Page (    Page.java:156) - Text got from the locator {} [[ChromeDriver: chrome on WINDOWS (19d13172f065750cc4f7323b2a8480d9)] -> css selector: #spanTxt2] is Max. length: 8000 characters
17:33:17.099 INFO  csp.WaysToSavePage (WaysToSavePage.java:1232) - Max Character Length Label French Label Text is Max. length: 8000 characters
17:33:17.144 INFO  driver.Page (    Page.java:278) - Element {} : [[ChromeDriver: chrome on WINDOWS (19d13172f065750cc4f7323b2a8480d9)] -> xpath: //label[text()='Image']] is visible on the page.
17:33:17.144 INFO  csp.WaysToSavePage (WaysToSavePage.java:755) - Image Field on Add Ways To Save visibility status {}true
17:33:17.154 INFO  driver.Page (    Page.java:153) - Wait for the element {} [[ChromeDriver: chrome on WINDOWS (19d13172f065750cc4f7323b2a8480d9)] -> xpath: //label[text()='Image']] to be visible on the page for duration of {} 120
17:33:17.154 INFO  driver.Page (    Page.java:236) - Waiting for element to be visible for 120 seconds.
17:33:17.180 INFO  driver.Page (    Page.java:239) - Element is visible on the page.
17:33:17.218 INFO  driver.Page (    Page.java:156) - Text got from the locator {} [[ChromeDriver: chrome on WINDOWS (19d13172f065750cc4f7323b2a8480d9)] -> xpath: //label[text()='Image']] is Image
17:33:17.237 INFO  csp.WaysToSavePage (WaysToSavePage.java:761) - Image Field on Add Ways To Save Label Text is Image
17:33:17.258 INFO  driver.Page (    Page.java:307) - Element {} : [[[ChromeDriver: chrome on WINDOWS (19d13172f065750cc4f7323b2a8480d9)] -> css selector: #fileUpload]] is visible on the page.
17:33:17.258 INFO  csp.WaysToSavePage (WaysToSavePage.java:381) - Upload File Button on Add Ways To Save Popup visibility status is true
17:33:17.270 INFO  driver.Page (    Page.java:153) - Wait for the element {} [[ChromeDriver: chrome on WINDOWS (19d13172f065750cc4f7323b2a8480d9)] -> css selector: #lblFileupload] to be visible on the page for duration of {} 120
17:33:17.270 INFO  driver.Page (    Page.java:236) - Waiting for element to be visible for 120 seconds.
17:33:17.299 INFO  driver.Page (    Page.java:239) - Element is visible on the page.
17:33:17.341 INFO  driver.Page (    Page.java:156) - Text got from the locator {} [[ChromeDriver: chrome on WINDOWS (19d13172f065750cc4f7323b2a8480d9)] -> css selector: #lblFileupload] is Choose File
17:33:17.364 INFO  csp.WaysToSavePage (WaysToSavePage.java:394) - Upload File Button Label on Add Ways To Save Popup Choose File
17:33:17.407 INFO  driver.Page (    Page.java:278) - Element {} : [[ChromeDriver: chrome on WINDOWS (19d13172f065750cc4f7323b2a8480d9)] -> css selector: #nofile] is visible on the page.
17:33:17.408 INFO  csp.WaysToSavePage (WaysToSavePage.java:769) - Attached File Name on Add Ways To Save visibility status {}true
17:33:17.418 INFO  driver.Page (    Page.java:153) - Wait for the element {} [[ChromeDriver: chrome on WINDOWS (19d13172f065750cc4f7323b2a8480d9)] -> css selector: #nofile] to be visible on the page for duration of {} 120
17:33:17.419 INFO  driver.Page (    Page.java:236) - Waiting for element to be visible for 120 seconds.
17:33:17.448 INFO  driver.Page (    Page.java:239) - Element is visible on the page.
17:33:17.485 INFO  driver.Page (    Page.java:156) - Text got from the locator {} [[ChromeDriver: chrome on WINDOWS (19d13172f065750cc4f7323b2a8480d9)] -> css selector: #nofile] is No File Chosen
17:33:17.506 INFO  csp.WaysToSavePage (WaysToSavePage.java:775) - Attached File Name on Add Ways To Save is No File Chosen
17:33:17.553 INFO  driver.Page (    Page.java:278) - Element {} : [[ChromeDriver: chrome on WINDOWS (19d13172f065750cc4f7323b2a8480d9)] -> css selector: #lblFileAllowExtension] is visible on the page.
17:33:17.553 INFO  csp.WaysToSavePage (WaysToSavePage.java:786) - Allowed File Types Label on Add Ways To Save visibility status {}true
17:33:17.564 INFO  driver.Page (    Page.java:153) - Wait for the element {} [[ChromeDriver: chrome on WINDOWS (19d13172f065750cc4f7323b2a8480d9)] -> css selector: #lblFileAllowExtension] to be visible on the page for duration of {} 120
17:33:17.564 INFO  driver.Page (    Page.java:236) - Waiting for element to be visible for 120 seconds.
17:33:17.588 INFO  driver.Page (    Page.java:239) - Element is visible on the page.
17:33:17.626 INFO  driver.Page (    Page.java:156) - Text got from the locator {} [[ChromeDriver: chrome on WINDOWS (19d13172f065750cc4f7323b2a8480d9)] -> css selector: #lblFileAllowExtension] is Allowed file types: GIF, PNG, BMP, JPEG, JPG
17:33:17.645 INFO  csp.WaysToSavePage (WaysToSavePage.java:792) - Allowed File Types Label on Add Ways To Save is Allowed file types: GIF, PNG, BMP, JPEG, JPG
17:33:17.675 INFO  driver.Page (    Page.java:278) - Element {} : [[ChromeDriver: chrome on WINDOWS (19d13172f065750cc4f7323b2a8480d9)] -> css selector: #BtnAdd] is visible on the page.
17:33:17.676 INFO  csp.WaysToSavePage (WaysToSavePage.java:410) - Add Button on Add Ways To Save Popup visibility status is true
17:33:17.715 INFO  driver.Page (    Page.java:278) - Element {} : [[ChromeDriver: chrome on WINDOWS (19d13172f065750cc4f7323b2a8480d9)] -> css selector: #PopupAddTopic button.close[aria-label='Click to Close']] is visible on the page.
17:33:17.715 INFO  csp.WaysToSavePage (WaysToSavePage.java:815) - Close Button on Add Ways To Save Popup visibility status {}true
17:33:17.715 INFO  driver.Page (    Page.java:527) - Preparing for element to click.
17:33:17.742 INFO  driver.Page (    Page.java:534) - Element is clicked successfully.
17:33:17.743 INFO  csp.WaysToSavePage (WaysToSavePage.java:820) - Close Button on Add Ways To Save Popup clicked successfully.
17:33:17.744 INFO  driver.Page (    Page.java:527) - Preparing for element to click.
17:33:17.798 INFO  driver.Page (    Page.java:534) - Element is clicked successfully.
17:33:17.799 INFO  csp.WaysToSavePage (WaysToSavePage.java:68) - Add Ways To Save Button on Ways To Save Dashboard Clicked successfully.
17:33:17.799 INFO  driver.Page (    Page.java:236) - Waiting for element to be visible for 120 seconds.
17:33:17.836 INFO  driver.Page (    Page.java:239) - Element is visible on the page.
17:33:17.837 INFO  csp.WaysToSavePage (WaysToSavePage.java:406) - Add Button is Visible on the Add Ways To Save Popup page.
17:33:17.885 INFO  driver.Page (    Page.java:527) - Preparing for element to click.
17:33:17.949 INFO  driver.Page (    Page.java:534) - Element is clicked successfully.
17:33:17.950 INFO  csp.WaysToSavePage (WaysToSavePage.java:416) - Add Button on Add Ways To Save Popup clicked successfully.
17:33:18.493 INFO  driver.Page (    Page.java:161) - Text got from the locator {} [[ChromeDriver: chrome on WINDOWS (19d13172f065750cc4f7323b2a8480d9)] -> css selector: #toast-container .toast-message] is Please enter all the mandatory information
17:33:18.513 INFO  scp.HomePage (HomePage.java:159) - Label on toast message {}: Please enter all the mandatory information
17:33:18.514 INFO  driver.Page (    Page.java:59) - Preparing for element to click.
17:33:18.514 INFO  driver.Page (    Page.java:211) - Waiting for element to be clickable for 120 seconds.
17:33:18.562 INFO  driver.Page (    Page.java:214) - Element is clickable now.
17:33:18.638 INFO  driver.Page (    Page.java:62) - Element is clicked successfully.
17:33:18.639 INFO  scp.HomePage (HomePage.java:146) - Wait for toast message invisibility.
17:33:18.640 INFO  driver.Page (    Page.java:250) - Waiting for element to be invisible for 120 seconds.
17:33:24.822 INFO  driver.Page (    Page.java:253) - Element is invisible from the page.
17:33:24.823 INFO  driver.Page (    Page.java:353) - Selecting the option by visible text {}: Educational Tips
17:33:24.847 INFO  driver.Page (    Page.java:355) - Selecting the given option to the web element {}: [[ChromeDriver: chrome on WINDOWS (19d13172f065750cc4f7323b2a8480d9)] -> css selector: #ddlCategory]
17:33:31.792 INFO  driver.DriverFactory (DriverFactory.java:125) - Clearing all the cookies.
