17:43:22.551 INFO  driver.Page (    Page.java:107) - Sending the following keys {} Sew@2021$! to the element {} [[ChromeDriver: chrome on WINDOWS (8f9dacf99ffd57f323a9952a34e025af)] -> css selector: [id='txtpwd']]
17:43:22.654 INFO  csp.AdminLoginPage (AdminLoginPage.java:56) - Password populated successfully.
17:43:22.655 INFO  driver.Page (    Page.java:57) - Preparing for element to click.
17:43:22.655 INFO  driver.Page (    Page.java:185) - Waiting for element to be clickable for 120 seconds.
17:43:22.773 INFO  driver.Page (    Page.java:188) - Element is clickable now.
17:43:29.887 INFO  driver.Page (    Page.java:60) - Element is clicked successfully.
17:43:29.887 INFO  csp.AdminLoginPage (AdminLoginPage.java:67) - SignIn Button clicked successfully.
17:43:29.889 INFO  scp.HomePage (HomePage.java:35) - Wait for page loader invisibility.
17:43:29.889 INFO  driver.Page (    Page.java:224) - Waiting for element to be invisible for 120 seconds.
17:43:29.927 INFO  driver.Page (    Page.java:227) - Element is invisible from the page.
17:43:29.930 INFO  csp.AdminHomePage (AdminHomePage.java:162) - Checking that the current page is Admin Home page.
17:43:29.931 INFO  driver.Page (    Page.java:38) - Fetching the current URL.
17:43:29.938 INFO  driver.Page (    Page.java:39) - The Current URL is: https://qa.smartcmobile.net/SCM_10.0_S-CSP/Home.aspx
17:43:29.946 INFO  driver.Page (    Page.java:44) - Fetching the current title.
17:43:29.951 INFO  driver.Page (    Page.java:45) - The Current Title is: Dashboard
17:43:29.959 INFO  csp.AdminHomePage (AdminHomePage.java:165) - The current page is Admin Home page {}: true
17:43:29.976 INFO  driver.Page (    Page.java:210) - Waiting for element to be visible for 120 seconds.
17:43:30.012 INFO  driver.Page (    Page.java:213) - Element is visible on the page.
17:43:30.013 INFO  csp.AdminHomePage (AdminHomePage.java:50) - Notification Link is Visible on the Admin Home page.
17:43:30.013 INFO  driver.Page (    Page.java:57) - Preparing for element to click.
17:43:30.013 INFO  driver.Page (    Page.java:185) - Waiting for element to be clickable for 120 seconds.
17:43:30.068 INFO  driver.Page (    Page.java:188) - Element is clickable now.
17:43:47.050 INFO  driver.Page (    Page.java:60) - Element is clicked successfully.
17:43:47.050 INFO  csp.AdminHomePage (AdminHomePage.java:54) - Notification Link clicked successfully.
17:43:47.050 INFO  scp.HomePage (HomePage.java:35) - Wait for page loader invisibility.
17:43:47.051 INFO  driver.Page (    Page.java:224) - Waiting for element to be invisible for 120 seconds.
17:43:54.748 INFO  driver.Page (    Page.java:227) - Element is invisible from the page.
17:43:54.748 INFO  scp.HomePage (HomePage.java:74) - Wait for Spinner Loading Image invisibility.
17:43:54.749 INFO  driver.Page (    Page.java:224) - Waiting for element to be invisible for 120 seconds.
17:43:59.772 INFO  driver.Page (    Page.java:227) - Element is invisible from the page.
17:43:59.772 INFO  scp.AboutMyHomePage (AdminNotificationPage.java:977) - Wait for Next Page visibility on Notification Page.
17:43:59.773 INFO  driver.Page (    Page.java:210) - Waiting for element to be visible for 120 seconds.
17:43:59.812 INFO  driver.Page (    Page.java:213) - Element is visible on the page.
17:43:59.877 INFO  driver.Page (    Page.java:57) - Preparing for element to click.
17:43:59.877 INFO  driver.Page (    Page.java:185) - Waiting for element to be clickable for 120 seconds.
17:43:59.944 INFO  driver.Page (    Page.java:188) - Element is clickable now.
17:44:00.062 INFO  driver.Page (    Page.java:60) - Element is clicked successfully.
17:44:00.062 INFO  scp.AboutMyHomePage (AdminNotificationPage.java:41) - Connect Me link clicked {}.
17:44:00.063 INFO  scp.HomePage (HomePage.java:74) - Wait for Spinner Loading Image invisibility.
17:44:00.063 INFO  driver.Page (    Page.java:224) - Waiting for element to be invisible for 120 seconds.
17:44:12.787 INFO  driver.Page (    Page.java:227) - Element is invisible from the page.
17:44:14.681 INFO  driver.Page (    Page.java:309) - Selecting the option by visible text {}: Email
17:44:14.768 INFO  driver.Page (    Page.java:311) - Selecting the given option to the web element {}: [[ChromeDriver: chrome on WINDOWS (8f9dacf99ffd57f323a9952a34e025af)] -> css selector: #ddlSearch]
17:44:14.953 INFO  driver.Page (    Page.java:313) - Given text is selected as the option to the given select web element.
17:44:14.954 INFO  scp.AboutMyHomePage (AdminNotificationPage.java:680) - SearchBy Value is selected in SearchBy drop-down {}.
17:44:14.955 INFO  scp.AboutMyHomePage (AdminNotificationPage.java:709) - Populating SearchBy TextBox {} :rahul.rana@smartenergywater.in
17:44:15.017 INFO  driver.Page (    Page.java:103) - Wait for element {} [[ChromeDriver: chrome on WINDOWS (8f9dacf99ffd57f323a9952a34e025af)] -> css selector: #txtEmailorAccountno] to be present in the DOM for duration of {} 120
17:44:15.018 INFO  driver.Page (    Page.java:210) - Waiting for element to be visible for 120 seconds.
17:44:15.061 INFO  driver.Page (    Page.java:213) - Element is visible on the page.
17:44:15.078 INFO  driver.Page (    Page.java:105) - Clearing the element {} [[ChromeDriver: chrome on WINDOWS (8f9dacf99ffd57f323a9952a34e025af)] -> css selector: #txtEmailorAccountno] before sending the keys.
17:44:15.182 INFO  driver.Page (    Page.java:107) - Sending the following keys {} rahul.rana@smartenergywater.in to the element {} [[ChromeDriver: chrome on WINDOWS (8f9dacf99ffd57f323a9952a34e025af)] -> css selector: #txtEmailorAccountno]
17:44:15.423 INFO  scp.AboutMyHomePage (AdminNotificationPage.java:711) - SearchBy TextBox populated successfully with Value rahul.rana@smartenergywater.in
17:44:15.424 INFO  driver.Page (    Page.java:57) - Preparing for element to click.
17:44:15.424 INFO  driver.Page (    Page.java:185) - Waiting for element to be clickable for 120 seconds.
17:44:15.490 INFO  driver.Page (    Page.java:188) - Element is clickable now.
17:44:15.970 INFO  driver.Page (    Page.java:60) - Element is clicked successfully.
17:44:15.971 INFO  scp.AboutMyHomePage (AdminNotificationPage.java:737) - Search Button clicked {}.
17:44:15.972 INFO  scp.HomePage (HomePage.java:74) - Wait for Spinner Loading Image invisibility.
17:44:15.972 INFO  driver.Page (    Page.java:224) - Waiting for element to be invisible for 120 seconds.
17:44:29.233 INFO  driver.Page (    Page.java:227) - Element is invisible from the page.
17:44:29.234 INFO  scp.AboutMyHomePage (AdminNotificationPage.java:1361) - Wait for Pagination Label visibility on Notification Page.
17:44:29.234 INFO  driver.Page (    Page.java:210) - Waiting for element to be visible for 120 seconds.
17:44:29.285 INFO  driver.Page (    Page.java:213) - Element is visible on the page.
17:44:29.329 INFO  driver.Page (    Page.java:135) - Text got from the locator {} [[ChromeDriver: chrome on WINDOWS (8f9dacf99ffd57f323a9952a34e025af)] -> css selector: #legends b] is 1 - 3 of 3
17:44:29.357 INFO  scp.AboutMyHomePage (AdminNotificationPage.java:1356) - Notifications Pagination label is 1 - 3 of 3
17:44:29.358 INFO  driver.Page (    Page.java:309) - Selecting the option by visible text {}: Email
17:44:29.404 INFO  driver.Page (    Page.java:311) - Selecting the given option to the web element {}: [[ChromeDriver: chrome on WINDOWS (8f9dacf99ffd57f323a9952a34e025af)] -> css selector: #ddlSearch]
17:44:29.474 INFO  driver.Page (    Page.java:313) - Given text is selected as the option to the given select web element.
17:44:29.475 INFO  scp.AboutMyHomePage (AdminNotificationPage.java:680) - SearchBy Value is selected in SearchBy drop-down {}.
17:44:29.475 INFO  scp.AboutMyHomePage (AdminNotificationPage.java:709) - Populating SearchBy TextBox {} :donotchangenow@mailinator.com
17:44:29.488 INFO  driver.Page (    Page.java:103) - Wait for element {} [[ChromeDriver: chrome on WINDOWS (8f9dacf99ffd57f323a9952a34e025af)] -> css selector: #txtEmailorAccountno] to be present in the DOM for duration of {} 120
17:44:29.489 INFO  driver.Page (    Page.java:210) - Waiting for element to be visible for 120 seconds.
17:44:29.515 INFO  driver.Page (    Page.java:213) - Element is visible on the page.
17:44:29.527 INFO  driver.Page (    Page.java:105) - Clearing the element {} [[ChromeDriver: chrome on WINDOWS (8f9dacf99ffd57f323a9952a34e025af)] -> css selector: #txtEmailorAccountno] before sending the keys.
17:44:29.592 INFO  driver.Page (    Page.java:107) - Sending the following keys {} donotchangenow@mailinator.com to the element {} [[ChromeDriver: chrome on WINDOWS (8f9dacf99ffd57f323a9952a34e025af)] -> css selector: #txtEmailorAccountno]
17:44:29.741 INFO  scp.AboutMyHomePage (AdminNotificationPage.java:711) - SearchBy TextBox populated successfully with Value donotchangenow@mailinator.com
17:44:29.742 INFO  driver.Page (    Page.java:57) - Preparing for element to click.
17:44:29.742 INFO  driver.Page (    Page.java:185) - Waiting for element to be clickable for 120 seconds.
17:44:29.795 INFO  driver.Page (    Page.java:188) - Element is clickable now.
17:44:30.231 INFO  driver.Page (    Page.java:60) - Element is clicked successfully.
17:44:30.231 INFO  scp.AboutMyHomePage (AdminNotificationPage.java:737) - Search Button clicked {}.
17:44:30.232 INFO  scp.HomePage (HomePage.java:74) - Wait for Spinner Loading Image invisibility.
17:44:30.232 INFO  driver.Page (    Page.java:224) - Waiting for element to be invisible for 120 seconds.
17:44:42.393 INFO  driver.Page (    Page.java:227) - Element is invisible from the page.
17:44:42.394 INFO  scp.AboutMyHomePage (AdminNotificationPage.java:1361) - Wait for Pagination Label visibility on Notification Page.
17:44:42.395 INFO  driver.Page (    Page.java:210) - Waiting for element to be visible for 120 seconds.
17:44:42.430 INFO  driver.Page (    Page.java:213) - Element is visible on the page.
17:44:42.478 INFO  driver.Page (    Page.java:135) - Text got from the locator {} [[ChromeDriver: chrome on WINDOWS (8f9dacf99ffd57f323a9952a34e025af)] -> css selector: #legends b] is 1 - 1 of 1
17:44:42.500 INFO  scp.AboutMyHomePage (AdminNotificationPage.java:1356) - Notifications Pagination label is 1 - 1 of 1
17:44:42.501 INFO  driver.Page (    Page.java:309) - Selecting the option by visible text {}: Email
17:44:42.543 INFO  driver.Page (    Page.java:311) - Selecting the given option to the web element {}: [[ChromeDriver: chrome on WINDOWS (8f9dacf99ffd57f323a9952a34e025af)] -> css selector: #ddlSearch]
17:44:42.610 INFO  driver.Page (    Page.java:313) - Given text is selected as the option to the given select web element.
17:44:42.611 INFO  scp.AboutMyHomePage (AdminNotificationPage.java:680) - SearchBy Value is selected in SearchBy drop-down {}.
17:44:42.611 INFO  scp.AboutMyHomePage (AdminNotificationPage.java:709) - Populating SearchBy TextBox {} :yathish.k@smartenergywater.in
17:44:42.624 INFO  driver.Page (    Page.java:103) - Wait for element {} [[ChromeDriver: chrome on WINDOWS (8f9dacf99ffd57f323a9952a34e025af)] -> css selector: #txtEmailorAccountno] to be present in the DOM for duration of {} 120
17:44:42.624 INFO  driver.Page (    Page.java:210) - Waiting for element to be visible for 120 seconds.
17:44:42.658 INFO  driver.Page (    Page.java:213) - Element is visible on the page.
17:44:42.671 INFO  driver.Page (    Page.java:105) - Clearing the element {} [[ChromeDriver: chrome on WINDOWS (8f9dacf99ffd57f323a9952a34e025af)] -> css selector: #txtEmailorAccountno] before sending the keys.
17:44:42.740 INFO  driver.Page (    Page.java:107) - Sending the following keys {} yathish.k@smartenergywater.in to the element {} [[ChromeDriver: chrome on WINDOWS (8f9dacf99ffd57f323a9952a34e025af)] -> css selector: #txtEmailorAccountno]
17:44:42.916 INFO  scp.AboutMyHomePage (AdminNotificationPage.java:711) - SearchBy TextBox populated successfully with Value yathish.k@smartenergywater.in
17:44:42.916 INFO  driver.Page (    Page.java:57) - Preparing for element to click.
17:44:42.916 INFO  driver.Page (    Page.java:185) - Waiting for element to be clickable for 120 seconds.
17:44:42.969 INFO  driver.Page (    Page.java:188) - Element is clickable now.
17:44:44.825 INFO  driver.Page (    Page.java:60) - Element is clicked successfully.
17:44:44.826 INFO  scp.AboutMyHomePage (AdminNotificationPage.java:737) - Search Button clicked {}.
17:44:44.826 INFO  scp.HomePage (HomePage.java:74) - Wait for Spinner Loading Image invisibility.
17:44:44.826 INFO  driver.Page (    Page.java:224) - Waiting for element to be invisible for 120 seconds.
17:44:57.453 INFO  driver.Page (    Page.java:227) - Element is invisible from the page.
17:44:57.454 INFO  scp.AboutMyHomePage (AdminNotificationPage.java:1361) - Wait for Pagination Label visibility on Notification Page.
17:44:57.455 INFO  driver.Page (    Page.java:210) - Waiting for element to be visible for 120 seconds.
17:44:57.491 INFO  driver.Page (    Page.java:213) - Element is visible on the page.
17:44:57.540 INFO  driver.Page (    Page.java:135) - Text got from the locator {} [[ChromeDriver: chrome on WINDOWS (8f9dacf99ffd57f323a9952a34e025af)] -> css selector: #legends b] is 1 - 21 of 21
17:44:57.563 INFO  scp.AboutMyHomePage (AdminNotificationPage.java:1356) - Notifications Pagination label is 1 - 21 of 21
17:44:57.564 INFO  driver.Page (    Page.java:309) - Selecting the option by visible text {}: Email
17:44:57.610 INFO  driver.Page (    Page.java:311) - Selecting the given option to the web element {}: [[ChromeDriver: chrome on WINDOWS (8f9dacf99ffd57f323a9952a34e025af)] -> css selector: #ddlSearch]
17:44:57.684 INFO  driver.Page (    Page.java:313) - Given text is selected as the option to the given select web element.
17:44:57.685 INFO  scp.AboutMyHomePage (AdminNotificationPage.java:680) - SearchBy Value is selected in SearchBy drop-down {}.
17:44:57.685 INFO  scp.AboutMyHomePage (AdminNotificationPage.java:709) - Populating SearchBy TextBox {} :billieburke752@mailinator.com
17:44:57.701 INFO  driver.Page (    Page.java:103) - Wait for element {} [[ChromeDriver: chrome on WINDOWS (8f9dacf99ffd57f323a9952a34e025af)] -> css selector: #txtEmailorAccountno] to be present in the DOM for duration of {} 120
17:44:57.702 INFO  driver.Page (    Page.java:210) - Waiting for element to be visible for 120 seconds.
17:44:57.745 INFO  driver.Page (    Page.java:213) - Element is visible on the page.
17:44:57.759 INFO  driver.Page (    Page.java:105) - Clearing the element {} [[ChromeDriver: chrome on WINDOWS (8f9dacf99ffd57f323a9952a34e025af)] -> css selector: #txtEmailorAccountno] before sending the keys.
17:44:57.836 INFO  driver.Page (    Page.java:107) - Sending the following keys {} billieburke752@mailinator.com to the element {} [[ChromeDriver: chrome on WINDOWS (8f9dacf99ffd57f323a9952a34e025af)] -> css selector: #txtEmailorAccountno]
17:44:57.996 INFO  scp.AboutMyHomePage (AdminNotificationPage.java:711) - SearchBy TextBox populated successfully with Value billieburke752@mailinator.com
17:44:57.996 INFO  driver.Page (    Page.java:57) - Preparing for element to click.
17:44:57.996 INFO  driver.Page (    Page.java:185) - Waiting for element to be clickable for 120 seconds.
17:44:58.045 INFO  driver.Page (    Page.java:188) - Element is clickable now.
17:44:58.477 INFO  driver.Page (    Page.java:60) - Element is clicked successfully.
17:44:58.477 INFO  scp.AboutMyHomePage (AdminNotificationPage.java:737) - Search Button clicked {}.
17:44:58.478 INFO  scp.HomePage (HomePage.java:74) - Wait for Spinner Loading Image invisibility.
17:44:58.478 INFO  driver.Page (    Page.java:224) - Waiting for element to be invisible for 120 seconds.
17:45:12.185 INFO  driver.Page (    Page.java:227) - Element is invisible from the page.
17:45:12.185 INFO  scp.AboutMyHomePage (AdminNotificationPage.java:1361) - Wait for Pagination Label visibility on Notification Page.
17:45:12.185 INFO  driver.Page (    Page.java:210) - Waiting for element to be visible for 120 seconds.
17:45:12.216 INFO  driver.Page (    Page.java:213) - Element is visible on the page.
17:45:12.258 INFO  driver.Page (    Page.java:135) - Text got from the locator {} [[ChromeDriver: chrome on WINDOWS (8f9dacf99ffd57f323a9952a34e025af)] -> css selector: #legends b] is 1 - 3 of 3
17:45:12.280 INFO  scp.AboutMyHomePage (AdminNotificationPage.java:1356) - Notifications Pagination label is 1 - 3 of 3
17:45:12.280 INFO  driver.Page (    Page.java:57) - Preparing for element to click.
17:45:12.280 INFO  driver.Page (    Page.java:185) - Waiting for element to be clickable for 120 seconds.
17:45:12.342 INFO  driver.Page (    Page.java:188) - Element is clickable now.
17:45:12.451 INFO  driver.Page (    Page.java:60) - Element is clicked successfully.
17:45:12.451 INFO  csp.AdminHomePage (AdminHomePage.java:74) - Admin User Profile dropdown clicked successfully.
17:45:12.451 INFO  driver.Page (    Page.java:210) - Waiting for element to be visible for 120 seconds.
17:45:12.496 INFO  driver.Page (    Page.java:213) - Element is visible on the page.
17:45:12.496 INFO  csp.AdminHomePage (AdminHomePage.java:36) - SignOut Link is Visible on the page.
17:45:12.496 INFO  driver.Page (    Page.java:57) - Preparing for element to click.
17:45:12.496 INFO  driver.Page (    Page.java:185) - Waiting for element to be clickable for 120 seconds.
17:45:12.551 INFO  driver.Page (    Page.java:188) - Element is clickable now.
17:45:15.612 INFO  driver.Page (    Page.java:60) - Element is clicked successfully.
17:45:15.613 INFO  csp.AdminHomePage (AdminHomePage.java:40) - Admin User SignOut Link clicked successfully.
17:45:15.613 INFO  scp.HomePage (HomePage.java:35) - Wait for page loader invisibility.
17:45:15.613 INFO  driver.Page (    Page.java:224) - Waiting for element to be invisible for 120 seconds.
17:45:20.671 INFO  driver.Page (    Page.java:227) - Element is invisible from the page.
17:45:20.671 INFO  csp.AdminNotificationTests (AdminNotificationTests.java:430) - Test Case execution for - verifySearchResultsRefreshSearchBy - is Completed.
17:45:22.517 INFO  driver.DriverFactory (DriverFactory.java:112) - Clearing all the cookies.
