21:40:03.468 INFO  scp.RegistrationUGITests (RegistrationUGITests.java:29) - To verify the tests with the below test case id's: C77192, C77193, C77083, C77084, C77085, C77086, C77091, C77093, C77285, C77087
21:40:03.483 INFO  scp.RegistrationUGITests (RegistrationUGITests.java:31) - Test Case execution for - verifyCustomerRegistrationPage - is Initiated
21:40:03.659 INFO  driver.Page (    Page.java:51) - Preparing for element to click.
21:40:03.665 INFO  driver.Page (    Page.java:225) - Waiting for element to be clickable for 120 seconds.
21:45:14.054 INFO  runner.TestRunner (TestRunner.java:32) - Initializing application properties config file.
21:45:14.060 INFO  runner.TestRunner (TestRunner.java:35) - Initializing connection to the base database.
21:45:14.061 INFO  runner.TestRunner (TestRunner.java:38) - Initializing resource path config file.
21:45:14.062 INFO  runner.TestRunner (TestRunner.java:41) - Initializing usage months config from CSP.
21:45:14.062 INFO  runner.TestRunner (TestRunner.java:44) - Initializing date config from CSP.
21:45:14.062 INFO  runner.TestRunner (TestRunner.java:47) - Initializing language config from CSP.
21:45:14.063 INFO  runner.TestRunner (TestRunner.java:50) - Initializing language config from CSP.
21:45:14.063 INFO  runner.TestRunner (TestRunner.java:53) - Initializing language config from CSP.
21:45:14.063 INFO  runner.TestRunner (TestRunner.java:56) - Initializing user model config.
21:45:14.064 INFO  runner.TestRunner (TestRunner.java:59) - Initializing auth token config.
21:45:14.064 INFO  runner.TestRunner (TestRunner.java:62) - Initializing Admin User config.
21:45:15.148 INFO  utils.ExcelUtils (ExcelUtils.java:37) - Test Runner excel row at: 1
21:45:15.157 INFO  utils.ExcelUtils (ExcelUtils.java:37) - Test Runner excel row at: 2
21:45:15.158 INFO  utils.ExcelUtils (ExcelUtils.java:37) - Test Runner excel row at: 3
21:45:15.159 INFO  utils.ExcelUtils (ExcelUtils.java:37) - Test Runner excel row at: 4
21:45:15.160 INFO  utils.ExcelUtils (ExcelUtils.java:37) - Test Runner excel row at: 5
21:45:15.161 INFO  utils.ExcelUtils (ExcelUtils.java:37) - Test Runner excel row at: 6
21:45:15.161 INFO  utils.ExcelUtils (ExcelUtils.java:37) - Test Runner excel row at: 7
21:45:15.162 INFO  utils.ExcelUtils (ExcelUtils.java:37) - Test Runner excel row at: 8
21:45:15.163 INFO  utils.ExcelUtils (ExcelUtils.java:37) - Test Runner excel row at: 9
21:45:15.164 INFO  utils.ExcelUtils (ExcelUtils.java:37) - Test Runner excel row at: 10
21:45:15.164 INFO  utils.ExcelUtils (ExcelUtils.java:37) - Test Runner excel row at: 11
21:45:15.165 INFO  utils.ExcelUtils (ExcelUtils.java:37) - Test Runner excel row at: 12
21:45:15.165 INFO  utils.ExcelUtils (ExcelUtils.java:37) - Test Runner excel row at: 13
21:45:15.166 INFO  utils.ExcelUtils (ExcelUtils.java:37) - Test Runner excel row at: 14
21:45:15.180 INFO  utils.ExcelUtils (ExcelUtils.java:37) - Test Runner excel row at: 15
21:45:15.189 INFO  utils.ExcelUtils (ExcelUtils.java:37) - Test Runner excel row at: 16
21:45:15.190 INFO  utils.ExcelUtils (ExcelUtils.java:37) - Test Runner excel row at: 17
21:45:15.191 INFO  utils.ExcelUtils (ExcelUtils.java:37) - Test Runner excel row at: 18
21:45:15.192 INFO  utils.ExcelUtils (ExcelUtils.java:37) - Test Runner excel row at: 19
21:45:15.193 INFO  utils.ExcelUtils (ExcelUtils.java:37) - Test Runner excel row at: 20
21:45:15.196 INFO  utils.ExcelUtils (ExcelUtils.java:37) - Test Runner excel row at: 21
21:45:15.199 INFO  utils.ExcelUtils (ExcelUtils.java:37) - Test Runner excel row at: 22
21:45:15.201 INFO  utils.ExcelUtils (ExcelUtils.java:37) - Test Runner excel row at: 23
21:45:15.203 INFO  utils.ExcelUtils (ExcelUtils.java:37) - Test Runner excel row at: 24
21:45:15.204 INFO  utils.ExcelUtils (ExcelUtils.java:37) - Test Runner excel row at: 25
21:45:15.205 INFO  utils.ExcelUtils (ExcelUtils.java:37) - Test Runner excel row at: 26
21:45:15.206 INFO  utils.ExcelUtils (ExcelUtils.java:37) - Test Runner excel row at: 27
21:45:15.207 INFO  utils.ExcelUtils (ExcelUtils.java:37) - Test Runner excel row at: 28
21:45:15.208 INFO  utils.ExcelUtils (ExcelUtils.java:37) - Test Runner excel row at: 29
21:45:15.209 INFO  utils.ExcelUtils (ExcelUtils.java:37) - Test Runner excel row at: 30
21:45:15.209 INFO  utils.ExcelUtils (ExcelUtils.java:37) - Test Runner excel row at: 31
21:45:15.210 INFO  utils.ExcelUtils (ExcelUtils.java:37) - Test Runner excel row at: 32
21:45:15.211 INFO  utils.ExcelUtils (ExcelUtils.java:37) - Test Runner excel row at: 33
21:45:15.212 INFO  utils.ExcelUtils (ExcelUtils.java:37) - Test Runner excel row at: 34
21:45:15.212 INFO  utils.ExcelUtils (ExcelUtils.java:37) - Test Runner excel row at: 35
21:45:15.213 INFO  utils.ExcelUtils (ExcelUtils.java:37) - Test Runner excel row at: 36
21:45:15.214 INFO  utils.ExcelUtils (ExcelUtils.java:37) - Test Runner excel row at: 37
21:45:15.215 INFO  utils.ExcelUtils (ExcelUtils.java:37) - Test Runner excel row at: 38
21:45:15.215 INFO  utils.ExcelUtils (ExcelUtils.java:37) - Test Runner excel row at: 39
21:45:15.216 INFO  utils.ExcelUtils (ExcelUtils.java:37) - Test Runner excel row at: 40
21:45:15.216 INFO  utils.ExcelUtils (ExcelUtils.java:37) - Test Runner excel row at: 41
21:45:15.218 INFO  utils.ExcelUtils (ExcelUtils.java:37) - Test Runner excel row at: 42
21:45:15.220 INFO  utils.ExcelUtils (ExcelUtils.java:37) - Test Runner excel row at: 43
21:45:15.225 INFO  utils.ExcelUtils (ExcelUtils.java:37) - Test Runner excel row at: 44
21:45:15.226 INFO  utils.ExcelUtils (ExcelUtils.java:37) - Test Runner excel row at: 45
21:45:15.227 INFO  utils.ExcelUtils (ExcelUtils.java:37) - Test Runner excel row at: 46
21:45:15.228 INFO  utils.ExcelUtils (ExcelUtils.java:37) - Test Runner excel row at: 47
21:45:15.230 INFO  utils.ExcelUtils (ExcelUtils.java:37) - Test Runner excel row at: 48
21:45:15.231 INFO  utils.ExcelUtils (ExcelUtils.java:37) - Test Runner excel row at: 49
21:45:15.232 INFO  utils.ExcelUtils (ExcelUtils.java:37) - Test Runner excel row at: 50
21:45:15.232 INFO  utils.ExcelUtils (ExcelUtils.java:37) - Test Runner excel row at: 51
21:45:15.233 INFO  utils.ExcelUtils (ExcelUtils.java:37) - Test Runner excel row at: 52
21:45:15.233 INFO  utils.ExcelUtils (ExcelUtils.java:37) - Test Runner excel row at: 53
21:45:15.234 INFO  utils.ExcelUtils (ExcelUtils.java:37) - Test Runner excel row at: 54
21:45:15.234 INFO  utils.ExcelUtils (ExcelUtils.java:37) - Test Runner excel row at: 55
21:45:15.234 INFO  utils.ExcelUtils (ExcelUtils.java:37) - Test Runner excel row at: 56
21:45:15.235 INFO  utils.ExcelUtils (ExcelUtils.java:37) - Test Runner excel row at: 57
21:45:15.235 INFO  utils.ExcelUtils (ExcelUtils.java:37) - Test Runner excel row at: 58
21:45:15.236 INFO  utils.ExcelUtils (ExcelUtils.java:37) - Test Runner excel row at: 59
21:45:15.236 INFO  utils.ExcelUtils (ExcelUtils.java:37) - Test Runner excel row at: 60
21:45:15.236 INFO  utils.ExcelUtils (ExcelUtils.java:37) - Test Runner excel row at: 61
21:45:15.237 INFO  utils.ExcelUtils (ExcelUtils.java:37) - Test Runner excel row at: 62
21:45:15.237 INFO  utils.ExcelUtils (ExcelUtils.java:37) - Test Runner excel row at: 63
21:45:15.237 INFO  utils.ExcelUtils (ExcelUtils.java:37) - Test Runner excel row at: 64
21:45:15.238 INFO  utils.ExcelUtils (ExcelUtils.java:37) - Test Runner excel row at: 65
21:45:15.238 INFO  utils.ExcelUtils (ExcelUtils.java:37) - Test Runner excel row at: 66
21:45:15.238 INFO  utils.ExcelUtils (ExcelUtils.java:37) - Test Runner excel row at: 67
21:45:15.241 INFO  utils.ExcelUtils (ExcelUtils.java:37) - Test Runner excel row at: 68
21:45:15.243 INFO  utils.ExcelUtils (ExcelUtils.java:37) - Test Runner excel row at: 69
21:45:15.245 INFO  utils.ExcelUtils (ExcelUtils.java:37) - Test Runner excel row at: 70
21:45:15.246 INFO  utils.ExcelUtils (ExcelUtils.java:37) - Test Runner excel row at: 71
21:45:15.247 INFO  utils.ExcelUtils (ExcelUtils.java:37) - Test Runner excel row at: 72
21:45:15.248 INFO  utils.ExcelUtils (ExcelUtils.java:37) - Test Runner excel row at: 73
21:45:15.249 INFO  utils.ExcelUtils (ExcelUtils.java:37) - Test Runner excel row at: 74
21:45:15.251 INFO  utils.ExcelUtils (ExcelUtils.java:37) - Test Runner excel row at: 75
21:45:15.253 INFO  utils.ExcelUtils (ExcelUtils.java:37) - Test Runner excel row at: 76
21:45:15.253 INFO  utils.ExcelUtils (ExcelUtils.java:37) - Test Runner excel row at: 77
21:45:15.253 INFO  utils.ExcelUtils (ExcelUtils.java:37) - Test Runner excel row at: 78
21:45:15.254 INFO  utils.ExcelUtils (ExcelUtils.java:37) - Test Runner excel row at: 79
21:45:15.254 INFO  utils.ExcelUtils (ExcelUtils.java:37) - Test Runner excel row at: 80
21:45:15.255 INFO  utils.ExcelUtils (ExcelUtils.java:37) - Test Runner excel row at: 81
21:45:15.256 INFO  utils.ExcelUtils (ExcelUtils.java:37) - Test Runner excel row at: 82
21:45:15.257 INFO  utils.ExcelUtils (ExcelUtils.java:37) - Test Runner excel row at: 83
21:45:15.258 INFO  utils.ExcelUtils (ExcelUtils.java:37) - Test Runner excel row at: 84
21:45:15.258 INFO  utils.ExcelUtils (ExcelUtils.java:37) - Test Runner excel row at: 85
21:45:15.260 INFO  utils.ExcelUtils (ExcelUtils.java:37) - Test Runner excel row at: 86
21:45:15.261 INFO  utils.ExcelUtils (ExcelUtils.java:37) - Test Runner excel row at: 87
21:45:15.261 INFO  utils.ExcelUtils (ExcelUtils.java:37) - Test Runner excel row at: 88
21:45:15.262 INFO  utils.ExcelUtils (ExcelUtils.java:37) - Test Runner excel row at: 89
21:45:15.263 INFO  utils.ExcelUtils (ExcelUtils.java:37) - Test Runner excel row at: 90
21:45:15.666 WARN  config.Configuration (Configuration.java:231) - QA env being used by default. No env property set. This can be set in the sew.app.yml config file with a '{}=' property or on the command line with the switch '-D{}='.
21:48:13.856 INFO  runner.TestRunner (TestRunner.java:32) - Initializing application properties config file.
21:48:13.863 INFO  runner.TestRunner (TestRunner.java:35) - Initializing connection to the base database.
21:48:13.863 INFO  runner.TestRunner (TestRunner.java:38) - Initializing resource path config file.
21:48:13.864 INFO  runner.TestRunner (TestRunner.java:41) - Initializing usage months config from CSP.
21:48:13.864 INFO  runner.TestRunner (TestRunner.java:44) - Initializing date config from CSP.
21:48:13.865 INFO  runner.TestRunner (TestRunner.java:47) - Initializing language config from CSP.
21:48:13.865 INFO  runner.TestRunner (TestRunner.java:50) - Initializing language config from CSP.
21:48:13.866 INFO  runner.TestRunner (TestRunner.java:53) - Initializing language config from CSP.
21:48:13.867 INFO  runner.TestRunner (TestRunner.java:56) - Initializing user model config.
21:48:13.867 INFO  runner.TestRunner (TestRunner.java:59) - Initializing auth token config.
21:48:13.868 INFO  runner.TestRunner (TestRunner.java:62) - Initializing Admin User config.
21:48:15.014 INFO  utils.ExcelUtils (ExcelUtils.java:37) - Test Runner excel row at: 1
21:48:15.023 INFO  utils.ExcelUtils (ExcelUtils.java:37) - Test Runner excel row at: 2
21:48:15.046 INFO  utils.ExcelUtils (ExcelUtils.java:37) - Test Runner excel row at: 3
21:48:15.047 INFO  utils.ExcelUtils (ExcelUtils.java:37) - Test Runner excel row at: 4
21:48:15.048 INFO  utils.ExcelUtils (ExcelUtils.java:37) - Test Runner excel row at: 5
21:48:15.050 INFO  utils.ExcelUtils (ExcelUtils.java:37) - Test Runner excel row at: 6
21:48:15.054 INFO  utils.ExcelUtils (ExcelUtils.java:37) - Test Runner excel row at: 7
21:48:15.073 INFO  utils.ExcelUtils (ExcelUtils.java:37) - Test Runner excel row at: 8
21:48:15.074 INFO  utils.ExcelUtils (ExcelUtils.java:37) - Test Runner excel row at: 9
21:48:15.078 INFO  utils.ExcelUtils (ExcelUtils.java:37) - Test Runner excel row at: 10
21:48:15.079 INFO  utils.ExcelUtils (ExcelUtils.java:37) - Test Runner excel row at: 11
21:48:15.080 INFO  utils.ExcelUtils (ExcelUtils.java:37) - Test Runner excel row at: 12
21:48:15.081 INFO  utils.ExcelUtils (ExcelUtils.java:37) - Test Runner excel row at: 13
21:48:15.082 INFO  utils.ExcelUtils (ExcelUtils.java:37) - Test Runner excel row at: 14
21:48:15.083 INFO  utils.ExcelUtils (ExcelUtils.java:37) - Test Runner excel row at: 15
21:48:15.084 INFO  utils.ExcelUtils (ExcelUtils.java:37) - Test Runner excel row at: 16
21:48:15.084 INFO  utils.ExcelUtils (ExcelUtils.java:37) - Test Runner excel row at: 17
21:48:15.085 INFO  utils.ExcelUtils (ExcelUtils.java:37) - Test Runner excel row at: 18
21:48:15.086 INFO  utils.ExcelUtils (ExcelUtils.java:37) - Test Runner excel row at: 19
21:48:15.087 INFO  utils.ExcelUtils (ExcelUtils.java:37) - Test Runner excel row at: 20
21:48:15.088 INFO  utils.ExcelUtils (ExcelUtils.java:37) - Test Runner excel row at: 21
21:48:15.090 INFO  utils.ExcelUtils (ExcelUtils.java:37) - Test Runner excel row at: 22
21:48:15.090 INFO  utils.ExcelUtils (ExcelUtils.java:37) - Test Runner excel row at: 23
21:48:15.091 INFO  utils.ExcelUtils (ExcelUtils.java:37) - Test Runner excel row at: 24
21:48:15.092 INFO  utils.ExcelUtils (ExcelUtils.java:37) - Test Runner excel row at: 25
21:48:15.095 INFO  utils.ExcelUtils (ExcelUtils.java:37) - Test Runner excel row at: 26
21:48:15.096 INFO  utils.ExcelUtils (ExcelUtils.java:37) - Test Runner excel row at: 27
21:48:15.097 INFO  utils.ExcelUtils (ExcelUtils.java:37) - Test Runner excel row at: 28
21:48:15.098 INFO  utils.ExcelUtils (ExcelUtils.java:37) - Test Runner excel row at: 29
21:48:15.099 INFO  utils.ExcelUtils (ExcelUtils.java:37) - Test Runner excel row at: 30
21:48:15.100 INFO  utils.ExcelUtils (ExcelUtils.java:37) - Test Runner excel row at: 31
21:48:15.102 INFO  utils.ExcelUtils (ExcelUtils.java:37) - Test Runner excel row at: 32
21:48:15.104 INFO  utils.ExcelUtils (ExcelUtils.java:37) - Test Runner excel row at: 33
21:48:15.105 INFO  utils.ExcelUtils (ExcelUtils.java:37) - Test Runner excel row at: 34
21:48:15.105 INFO  utils.ExcelUtils (ExcelUtils.java:37) - Test Runner excel row at: 35
21:48:15.106 INFO  utils.ExcelUtils (ExcelUtils.java:37) - Test Runner excel row at: 36
21:48:15.106 INFO  utils.ExcelUtils (ExcelUtils.java:37) - Test Runner excel row at: 37
21:48:15.113 INFO  utils.ExcelUtils (ExcelUtils.java:37) - Test Runner excel row at: 38
21:48:15.114 INFO  utils.ExcelUtils (ExcelUtils.java:37) - Test Runner excel row at: 39
21:48:15.115 INFO  utils.ExcelUtils (ExcelUtils.java:37) - Test Runner excel row at: 40
21:48:15.115 INFO  utils.ExcelUtils (ExcelUtils.java:37) - Test Runner excel row at: 41
21:48:15.116 INFO  utils.ExcelUtils (ExcelUtils.java:37) - Test Runner excel row at: 42
21:48:15.117 INFO  utils.ExcelUtils (ExcelUtils.java:37) - Test Runner excel row at: 43
21:48:15.118 INFO  utils.ExcelUtils (ExcelUtils.java:37) - Test Runner excel row at: 44
21:48:15.119 INFO  utils.ExcelUtils (ExcelUtils.java:37) - Test Runner excel row at: 45
21:48:15.119 INFO  utils.ExcelUtils (ExcelUtils.java:37) - Test Runner excel row at: 46
21:48:15.120 INFO  utils.ExcelUtils (ExcelUtils.java:37) - Test Runner excel row at: 47
21:48:15.121 INFO  utils.ExcelUtils (ExcelUtils.java:37) - Test Runner excel row at: 48
21:48:15.121 INFO  utils.ExcelUtils (ExcelUtils.java:37) - Test Runner excel row at: 49
21:48:15.122 INFO  utils.ExcelUtils (ExcelUtils.java:37) - Test Runner excel row at: 50
21:48:15.124 INFO  utils.ExcelUtils (ExcelUtils.java:37) - Test Runner excel row at: 51
21:48:15.125 INFO  utils.ExcelUtils (ExcelUtils.java:37) - Test Runner excel row at: 52
21:48:15.125 INFO  utils.ExcelUtils (ExcelUtils.java:37) - Test Runner excel row at: 53
21:48:15.126 INFO  utils.ExcelUtils (ExcelUtils.java:37) - Test Runner excel row at: 54
21:48:15.126 INFO  utils.ExcelUtils (ExcelUtils.java:37) - Test Runner excel row at: 55
21:48:15.127 INFO  utils.ExcelUtils (ExcelUtils.java:37) - Test Runner excel row at: 56
21:48:15.127 INFO  utils.ExcelUtils (ExcelUtils.java:37) - Test Runner excel row at: 57
21:48:15.128 INFO  utils.ExcelUtils (ExcelUtils.java:37) - Test Runner excel row at: 58
21:48:15.128 INFO  utils.ExcelUtils (ExcelUtils.java:37) - Test Runner excel row at: 59
21:48:15.128 INFO  utils.ExcelUtils (ExcelUtils.java:37) - Test Runner excel row at: 60
21:48:15.129 INFO  utils.ExcelUtils (ExcelUtils.java:37) - Test Runner excel row at: 61
21:48:15.129 INFO  utils.ExcelUtils (ExcelUtils.java:37) - Test Runner excel row at: 62
21:48:15.130 INFO  utils.ExcelUtils (ExcelUtils.java:37) - Test Runner excel row at: 63
21:48:15.130 INFO  utils.ExcelUtils (ExcelUtils.java:37) - Test Runner excel row at: 64
21:48:15.131 INFO  utils.ExcelUtils (ExcelUtils.java:37) - Test Runner excel row at: 65
21:48:15.131 INFO  utils.ExcelUtils (ExcelUtils.java:37) - Test Runner excel row at: 66
21:48:15.132 INFO  utils.ExcelUtils (ExcelUtils.java:37) - Test Runner excel row at: 67
21:48:15.132 INFO  utils.ExcelUtils (ExcelUtils.java:37) - Test Runner excel row at: 68
21:48:15.132 INFO  utils.ExcelUtils (ExcelUtils.java:37) - Test Runner excel row at: 69
21:48:15.133 INFO  utils.ExcelUtils (ExcelUtils.java:37) - Test Runner excel row at: 70
21:48:15.134 INFO  utils.ExcelUtils (ExcelUtils.java:37) - Test Runner excel row at: 71
21:48:15.134 INFO  utils.ExcelUtils (ExcelUtils.java:37) - Test Runner excel row at: 72
21:48:15.134 INFO  utils.ExcelUtils (ExcelUtils.java:37) - Test Runner excel row at: 73
21:48:15.135 INFO  utils.ExcelUtils (ExcelUtils.java:37) - Test Runner excel row at: 74
21:48:15.135 INFO  utils.ExcelUtils (ExcelUtils.java:37) - Test Runner excel row at: 75
21:48:15.136 INFO  utils.ExcelUtils (ExcelUtils.java:37) - Test Runner excel row at: 76
21:48:15.136 INFO  utils.ExcelUtils (ExcelUtils.java:37) - Test Runner excel row at: 77
21:48:15.137 INFO  utils.ExcelUtils (ExcelUtils.java:37) - Test Runner excel row at: 78
21:48:15.137 INFO  utils.ExcelUtils (ExcelUtils.java:37) - Test Runner excel row at: 79
21:48:15.137 INFO  utils.ExcelUtils (ExcelUtils.java:37) - Test Runner excel row at: 80
21:48:15.138 INFO  utils.ExcelUtils (ExcelUtils.java:37) - Test Runner excel row at: 81
21:48:15.138 INFO  utils.ExcelUtils (ExcelUtils.java:37) - Test Runner excel row at: 82
21:48:15.139 INFO  utils.ExcelUtils (ExcelUtils.java:37) - Test Runner excel row at: 83
21:48:15.139 INFO  utils.ExcelUtils (ExcelUtils.java:37) - Test Runner excel row at: 84
21:48:15.139 INFO  utils.ExcelUtils (ExcelUtils.java:37) - Test Runner excel row at: 85
21:48:15.140 INFO  utils.ExcelUtils (ExcelUtils.java:37) - Test Runner excel row at: 86
21:48:15.140 INFO  utils.ExcelUtils (ExcelUtils.java:37) - Test Runner excel row at: 87
21:48:15.141 INFO  utils.ExcelUtils (ExcelUtils.java:37) - Test Runner excel row at: 88
21:48:15.142 INFO  utils.ExcelUtils (ExcelUtils.java:37) - Test Runner excel row at: 89
21:48:15.142 INFO  utils.ExcelUtils (ExcelUtils.java:37) - Test Runner excel row at: 90
21:48:15.576 WARN  config.Configuration (Configuration.java:231) - QA env being used by default. No env property set. This can be set in the sew.app.yml config file with a '{}=' property or on the command line with the switch '-D{}='.
