08:40:34.646 INFO  runner.TestRunner (TestRunner.java:32) - Initializing application properties config file.
08:40:34.653 INFO  runner.TestRunner (TestRunner.java:35) - Initializing connection to the base database.
08:40:34.751 WARN  config.DatabaseConfiguration (DatabaseConfiguration.java:84) - QA env being used by default. No env property set. This can be set in the sentinel.yml config file with a '{}=' property or on the command line with the switch '-D{}='.
08:40:37.028 INFO  runner.TestRunner (TestRunner.java:38) - Initializing resource path config file.
08:40:37.029 INFO  runner.TestRunner (TestRunner.java:41) - Initializing usage months config from CSP.
08:40:37.908 INFO  runner.TestRunner (TestRunner.java:44) - Initializing date config from CSP.
08:40:38.811 INFO  runner.TestRunner (TestRunner.java:47) - Initializing user model config.
08:40:38.824 WARN  config.Configuration (Configuration.java:231) - QA env being used by default. No env property set. This can be set in the sew.app.yml config file with a '{}=' property or on the command line with the switch '-D{}='.
08:40:39.622 INFO  runner.TestRunner (TestRunner.java:50) - Initializing auth token config.
08:40:43.484 INFO  driver.WebDriverFactory (WebDriverFactory.java:207) - Setting up the browser window to its max.
08:40:43.937 INFO  driver.WebDriverFactory (WebDriverFactory.java:196) - Initializing the implicit wait timeout for {} 5
08:40:43.943 INFO  driver.WebDriverFactory (WebDriverFactory.java:199) - Initializing the page load timeout.
08:40:43.945 INFO  driver.DriverFactory (DriverFactory.java:89) - Clearing all the cookies.
08:40:43.952 INFO  driver.DriverFactory (DriverFactory.java:56) - Open the url {} https://qa.smartcmobile.net/SCM_10.0_S-SCP/ using the selenium get() method.
08:41:12.391 INFO  scp.LoginTests (LoginTests.java:111) - To verify the tests with the below test case id's: C75087, C75088
08:41:12.431 INFO  scp.LoginPage (LoginPage.java:176) - Checking that the current page is login page.
08:41:12.431 INFO  driver.Page (    Page.java:36) - Fetching the current URL.
08:41:12.436 INFO  driver.Page (    Page.java:37) - The Current URL is: https://qa.smartcmobile.net/SCM_10.0_S-SCP/
08:41:12.439 INFO  driver.Page (    Page.java:42) - Fetching the current title.
08:41:12.442 INFO  driver.Page (    Page.java:43) - The Current Title is: SCM :Login
08:41:12.444 INFO  scp.LoginPage (LoginPage.java:179) - The current page is login page {}: true
08:41:12.446 INFO  scp.LoginPage (LoginPage.java:222) - Populating username {} :link@_-&+residential
08:41:12.456 INFO  driver.Page (    Page.java:101) - Wait for element {} [[ChromeDriver: chrome on MAC (a97e57c64f51417165fa166835b07835)] -> css selector: [id='txtLogin']] to be present in the DOM for duration of {} 120
08:41:12.457 INFO  driver.Page (    Page.java:190) - Waiting for element to be visible for 120 seconds.
08:41:12.475 INFO  driver.Page (    Page.java:193) - Element is visible on the page.
08:41:12.478 INFO  driver.Page (    Page.java:103) - Clearing the element {} [[ChromeDriver: chrome on MAC (a97e57c64f51417165fa166835b07835)] -> css selector: [id='txtLogin']] before sending the keys.
08:41:12.505 INFO  driver.Page (    Page.java:105) - Sending the following keys {} link@_-&+residential to the element {} [[ChromeDriver: chrome on MAC (a97e57c64f51417165fa166835b07835)] -> css selector: [id='txtLogin']]
08:41:12.605 INFO  scp.LoginPage (LoginPage.java:224) - Username populated successfully.
08:41:12.605 INFO  scp.LoginPage (LoginPage.java:250) - Populating password {} :Demo@#$%!_-&+3
08:41:12.610 INFO  driver.Page (    Page.java:101) - Wait for element {} [[ChromeDriver: chrome on MAC (a97e57c64f51417165fa166835b07835)] -> css selector: [id='txtpwd']] to be present in the DOM for duration of {} 120
08:41:12.610 INFO  driver.Page (    Page.java:190) - Waiting for element to be visible for 120 seconds.
08:41:12.624 INFO  driver.Page (    Page.java:193) - Element is visible on the page.
08:41:12.627 INFO  driver.Page (    Page.java:103) - Clearing the element {} [[ChromeDriver: chrome on MAC (a97e57c64f51417165fa166835b07835)] -> css selector: [id='txtpwd']] before sending the keys.
08:41:12.649 INFO  driver.Page (    Page.java:105) - Sending the following keys {} Demo@#$%!_-&+3 to the element {} [[ChromeDriver: chrome on MAC (a97e57c64f51417165fa166835b07835)] -> css selector: [id='txtpwd']]
08:41:12.684 INFO  scp.LoginPage (LoginPage.java:252) - Password populated successfully.
08:41:12.684 INFO  driver.Page (    Page.java:62) - Preparing for element to click.
08:41:12.684 INFO  driver.Page (    Page.java:190) - Waiting for element to be visible for 120 seconds.
08:41:12.697 INFO  driver.Page (    Page.java:193) - Element is visible on the page.
08:41:12.735 INFO  driver.Page (    Page.java:66) - Element is clicked successfully.
08:41:12.735 INFO  scp.LoginPage (LoginPage.java:277) - Remember me checkbox checked.
08:41:12.735 INFO  scp.LoginPage (LoginPage.java:292) - Clicking the sign in button.
08:41:12.735 INFO  driver.Page (    Page.java:55) - Preparing for element to click.
08:41:12.736 INFO  driver.Page (    Page.java:165) - Waiting for element to be clickable for 120 seconds.
08:41:12.754 INFO  driver.Page (    Page.java:168) - Element is clickable now.
08:41:12.775 INFO  driver.Page (    Page.java:58) - Element is clicked successfully.
08:41:12.775 INFO  scp.LoginPage (LoginPage.java:294) - Sign in button clicked successfully.
08:41:12.775 INFO  scp.HomePage (HomePage.java:145) - Wait for page loader visibility.
08:41:12.775 INFO  driver.Page (    Page.java:190) - Waiting for element to be visible for 120 seconds.
08:41:14.884 INFO  driver.Page (    Page.java:193) - Element is visible on the page.
08:41:14.884 INFO  scp.HomePage (HomePage.java:147) - Wait for page loader invisibility.
08:41:14.885 INFO  driver.Page (    Page.java:204) - Waiting for element to be invisible for 120 seconds.
08:41:48.253 INFO  driver.Page (    Page.java:207) - Element is invisible from the page.
08:41:48.261 INFO  scp.DashboardPage (DashboardPage.java:374) - Checking that the current page is dashboard page.
08:41:48.261 INFO  driver.Page (    Page.java:36) - Fetching the current URL.
08:41:48.265 INFO  driver.Page (    Page.java:37) - The Current URL is: https://qa.smartcmobile.net/SCM_10.0_S-SCP/Dashboard.aspx
08:41:48.267 INFO  driver.Page (    Page.java:42) - Fetching the current title.
08:41:48.270 INFO  driver.Page (    Page.java:43) - The Current Title is: Dashboard
08:41:48.272 INFO  scp.DashboardPage (DashboardPage.java:377) - The current page is dashboard page {}: true
08:41:48.272 INFO  driver.Page (    Page.java:190) - Waiting for element to be visible for 120 seconds.
08:41:48.284 INFO  driver.Page (    Page.java:193) - Element is visible on the page.
08:41:48.284 INFO  scp.DashboardPage (DashboardPage.java:284) - Image profile icon is visible {} on the page.
08:41:48.284 INFO  driver.Page (    Page.java:55) - Preparing for element to click.
08:41:48.284 INFO  driver.Page (    Page.java:165) - Waiting for element to be clickable for 120 seconds.
08:41:48.299 INFO  driver.Page (    Page.java:168) - Element is clickable now.
08:41:48.317 INFO  driver.Page (    Page.java:58) - Element is clicked successfully.
08:41:48.318 INFO  scp.DashboardPage (DashboardPage.java:279) - Image profile icon clicked {}.
08:41:57.381 INFO  driver.Page (    Page.java:55) - Preparing for element to click.
08:41:57.381 INFO  driver.Page (    Page.java:165) - Waiting for element to be clickable for 120 seconds.
08:41:57.409 INFO  driver.Page (    Page.java:168) - Element is clickable now.
08:42:11.177 INFO  driver.Page (    Page.java:58) - Element is clicked successfully.
08:42:11.178 INFO  scp.DashboardPage (DashboardPage.java:259) - Sign out button is clicked.
08:42:11.183 INFO  driver.Page (    Page.java:190) - Waiting for element to be visible for 120 seconds.
08:42:11.204 INFO  driver.Page (    Page.java:193) - Element is visible on the page.
08:42:11.204 INFO  driver.Page (    Page.java:55) - Preparing for element to click.
08:42:11.204 INFO  driver.Page (    Page.java:165) - Waiting for element to be clickable for 120 seconds.
08:42:11.224 INFO  driver.Page (    Page.java:168) - Element is clickable now.
08:42:40.212 INFO  driver.Page (    Page.java:58) - Element is clicked successfully.
08:42:40.213 INFO  scp.SignOutPage (SignOutPage.java:42) - Sign in again button clicked.
08:42:40.213 INFO  driver.Page (    Page.java:190) - Waiting for element to be visible for 120 seconds.
08:42:40.234 INFO  driver.Page (    Page.java:193) - Element is visible on the page.
08:42:40.234 INFO  scp.LoginPage (LoginPage.java:234) - Wait for username field to be displayed.
08:44:34.323 INFO  runner.TestRunner (TestRunner.java:32) - Initializing application properties config file.
08:44:34.325 INFO  runner.TestRunner (TestRunner.java:35) - Initializing connection to the base database.
08:44:34.472 WARN  config.DatabaseConfiguration (DatabaseConfiguration.java:84) - QA env being used by default. No env property set. This can be set in the sentinel.yml config file with a '{}=' property or on the command line with the switch '-D{}='.
08:44:37.068 INFO  runner.TestRunner (TestRunner.java:38) - Initializing resource path config file.
08:44:37.069 INFO  runner.TestRunner (TestRunner.java:41) - Initializing usage months config from CSP.
08:44:37.923 INFO  runner.TestRunner (TestRunner.java:44) - Initializing date config from CSP.
08:44:38.722 INFO  runner.TestRunner (TestRunner.java:47) - Initializing user model config.
08:44:38.738 WARN  config.Configuration (Configuration.java:231) - QA env being used by default. No env property set. This can be set in the sew.app.yml config file with a '{}=' property or on the command line with the switch '-D{}='.
08:44:39.608 INFO  runner.TestRunner (TestRunner.java:50) - Initializing auth token config.
08:44:41.384 INFO  driver.WebDriverFactory (WebDriverFactory.java:207) - Setting up the browser window to its max.
08:44:41.824 INFO  driver.WebDriverFactory (WebDriverFactory.java:196) - Initializing the implicit wait timeout for {} 5
08:44:41.832 INFO  driver.WebDriverFactory (WebDriverFactory.java:199) - Initializing the page load timeout.
08:44:41.836 INFO  driver.DriverFactory (DriverFactory.java:89) - Clearing all the cookies.
08:44:41.844 INFO  driver.DriverFactory (DriverFactory.java:56) - Open the url {} https://qa.smartcmobile.net/SCM_10.0_S-SCP/ using the selenium get() method.
08:45:02.556 INFO  scp.LoginTests (LoginTests.java:111) - To verify the tests with the below test case id's: C75087, C75088
08:45:02.582 INFO  scp.LoginPage (LoginPage.java:176) - Checking that the current page is login page.
08:45:02.582 INFO  driver.Page (    Page.java:36) - Fetching the current URL.
08:45:02.587 INFO  driver.Page (    Page.java:37) - The Current URL is: https://qa.smartcmobile.net/SCM_10.0_S-SCP/
08:45:02.589 INFO  driver.Page (    Page.java:42) - Fetching the current title.
08:45:02.591 INFO  driver.Page (    Page.java:43) - The Current Title is: SCM :Login
08:45:02.593 INFO  scp.LoginPage (LoginPage.java:179) - The current page is login page {}: true
08:45:02.595 INFO  scp.LoginPage (LoginPage.java:222) - Populating username {} :link@_-&+residential
08:45:02.602 INFO  driver.Page (    Page.java:101) - Wait for element {} [[ChromeDriver: chrome on MAC (f114e8c6503ac8893c2e903ba4817450)] -> css selector: [id='txtLogin']] to be present in the DOM for duration of {} 120
08:45:02.602 INFO  driver.Page (    Page.java:190) - Waiting for element to be visible for 120 seconds.
08:45:02.617 INFO  driver.Page (    Page.java:193) - Element is visible on the page.
08:45:02.620 INFO  driver.Page (    Page.java:103) - Clearing the element {} [[ChromeDriver: chrome on MAC (f114e8c6503ac8893c2e903ba4817450)] -> css selector: [id='txtLogin']] before sending the keys.
08:45:02.640 INFO  driver.Page (    Page.java:105) - Sending the following keys {} link@_-&+residential to the element {} [[ChromeDriver: chrome on MAC (f114e8c6503ac8893c2e903ba4817450)] -> css selector: [id='txtLogin']]
08:45:02.725 INFO  scp.LoginPage (LoginPage.java:224) - Username populated successfully.
08:45:02.725 INFO  scp.LoginPage (LoginPage.java:250) - Populating password {} :Demo@#$%!_-&+3
08:45:02.730 INFO  driver.Page (    Page.java:101) - Wait for element {} [[ChromeDriver: chrome on MAC (f114e8c6503ac8893c2e903ba4817450)] -> css selector: [id='txtpwd']] to be present in the DOM for duration of {} 120
08:45:02.731 INFO  driver.Page (    Page.java:190) - Waiting for element to be visible for 120 seconds.
08:45:02.741 INFO  driver.Page (    Page.java:193) - Element is visible on the page.
08:45:02.744 INFO  driver.Page (    Page.java:103) - Clearing the element {} [[ChromeDriver: chrome on MAC (f114e8c6503ac8893c2e903ba4817450)] -> css selector: [id='txtpwd']] before sending the keys.
08:45:02.762 INFO  driver.Page (    Page.java:105) - Sending the following keys {} Demo@#$%!_-&+3 to the element {} [[ChromeDriver: chrome on MAC (f114e8c6503ac8893c2e903ba4817450)] -> css selector: [id='txtpwd']]
08:45:02.788 INFO  scp.LoginPage (LoginPage.java:252) - Password populated successfully.
08:45:02.788 INFO  driver.Page (    Page.java:62) - Preparing for element to click.
08:45:02.788 INFO  driver.Page (    Page.java:190) - Waiting for element to be visible for 120 seconds.
08:45:02.799 INFO  driver.Page (    Page.java:193) - Element is visible on the page.
08:45:02.833 INFO  driver.Page (    Page.java:66) - Element is clicked successfully.
08:45:02.833 INFO  scp.LoginPage (LoginPage.java:277) - Remember me checkbox checked.
08:45:02.833 INFO  scp.LoginPage (LoginPage.java:292) - Clicking the sign in button.
08:45:02.833 INFO  driver.Page (    Page.java:55) - Preparing for element to click.
08:45:02.833 INFO  driver.Page (    Page.java:165) - Waiting for element to be clickable for 120 seconds.
08:45:02.854 INFO  driver.Page (    Page.java:168) - Element is clickable now.
08:45:02.883 INFO  driver.Page (    Page.java:58) - Element is clicked successfully.
08:45:02.883 INFO  scp.LoginPage (LoginPage.java:294) - Sign in button clicked successfully.
08:45:02.883 INFO  scp.HomePage (HomePage.java:145) - Wait for page loader visibility.
08:45:02.883 INFO  driver.Page (    Page.java:190) - Waiting for element to be visible for 120 seconds.
08:45:05.000 INFO  driver.Page (    Page.java:193) - Element is visible on the page.
08:45:05.000 INFO  scp.HomePage (HomePage.java:147) - Wait for page loader invisibility.
08:45:05.001 INFO  driver.Page (    Page.java:204) - Waiting for element to be invisible for 120 seconds.
08:45:28.775 INFO  driver.Page (    Page.java:207) - Element is invisible from the page.
08:45:28.782 INFO  scp.DashboardPage (DashboardPage.java:374) - Checking that the current page is dashboard page.
08:45:28.782 INFO  driver.Page (    Page.java:36) - Fetching the current URL.
08:45:28.785 INFO  driver.Page (    Page.java:37) - The Current URL is: https://qa.smartcmobile.net/SCM_10.0_S-SCP/Dashboard.aspx
08:45:28.787 INFO  driver.Page (    Page.java:42) - Fetching the current title.
08:45:28.789 INFO  driver.Page (    Page.java:43) - The Current Title is: Dashboard
08:45:28.790 INFO  scp.DashboardPage (DashboardPage.java:377) - The current page is dashboard page {}: true
08:45:28.790 INFO  driver.Page (    Page.java:190) - Waiting for element to be visible for 120 seconds.
08:45:28.802 INFO  driver.Page (    Page.java:193) - Element is visible on the page.
08:45:28.802 INFO  scp.DashboardPage (DashboardPage.java:284) - Image profile icon is visible {} on the page.
08:45:28.802 INFO  driver.Page (    Page.java:55) - Preparing for element to click.
08:45:28.802 INFO  driver.Page (    Page.java:165) - Waiting for element to be clickable for 120 seconds.
08:45:28.816 INFO  driver.Page (    Page.java:168) - Element is clickable now.
08:45:28.835 INFO  driver.Page (    Page.java:58) - Element is clicked successfully.
08:45:28.835 INFO  scp.DashboardPage (DashboardPage.java:279) - Image profile icon clicked {}.
08:45:37.894 INFO  driver.Page (    Page.java:55) - Preparing for element to click.
08:45:37.894 INFO  driver.Page (    Page.java:165) - Waiting for element to be clickable for 120 seconds.
08:45:37.924 INFO  driver.Page (    Page.java:168) - Element is clickable now.
08:45:45.401 INFO  driver.Page (    Page.java:58) - Element is clicked successfully.
08:45:45.401 INFO  scp.DashboardPage (DashboardPage.java:259) - Sign out button is clicked.
08:45:45.406 INFO  driver.Page (    Page.java:190) - Waiting for element to be visible for 120 seconds.
08:45:45.423 INFO  driver.Page (    Page.java:193) - Element is visible on the page.
08:45:45.423 INFO  driver.Page (    Page.java:55) - Preparing for element to click.
08:45:45.424 INFO  driver.Page (    Page.java:165) - Waiting for element to be clickable for 120 seconds.
08:45:45.443 INFO  driver.Page (    Page.java:168) - Element is clickable now.
08:45:55.494 INFO  driver.Page (    Page.java:58) - Element is clicked successfully.
08:45:55.494 INFO  scp.SignOutPage (SignOutPage.java:42) - Sign in again button clicked.
08:45:55.494 INFO  driver.Page (    Page.java:190) - Waiting for element to be visible for 120 seconds.
08:45:55.515 INFO  driver.Page (    Page.java:193) - Element is visible on the page.
08:45:55.515 INFO  scp.LoginPage (LoginPage.java:234) - Wait for username field to be displayed.
08:45:55.516 INFO  scp.LoginPage (LoginPage.java:228) - Fetching the auto populated username.
11:42:51.556 INFO  runner.TestRunner (TestRunner.java:32) - Initializing application properties config file.
11:42:51.557 INFO  runner.TestRunner (TestRunner.java:35) - Initializing connection to the base database.
11:42:51.645 WARN  config.DatabaseConfiguration (DatabaseConfiguration.java:84) - QA env being used by default. No env property set. This can be set in the sentinel.yml config file with a '{}=' property or on the command line with the switch '-D{}='.
11:42:53.225 INFO  runner.TestRunner (TestRunner.java:38) - Initializing resource path config file.
11:42:53.226 INFO  runner.TestRunner (TestRunner.java:41) - Initializing usage months config from CSP.
11:42:54.043 INFO  runner.TestRunner (TestRunner.java:44) - Initializing date config from CSP.
11:42:54.839 INFO  runner.TestRunner (TestRunner.java:47) - Initializing user model config.
11:42:54.852 WARN  config.Configuration (Configuration.java:231) - QA env being used by default. No env property set. This can be set in the sew.app.yml config file with a '{}=' property or on the command line with the switch '-D{}='.
11:42:55.636 INFO  runner.TestRunner (TestRunner.java:50) - Initializing auth token config.
11:42:58.493 INFO  driver.WebDriverFactory (WebDriverFactory.java:207) - Setting up the browser window to its max.
11:42:58.983 INFO  driver.WebDriverFactory (WebDriverFactory.java:196) - Initializing the implicit wait timeout for {} 5
11:42:58.988 INFO  driver.WebDriverFactory (WebDriverFactory.java:199) - Initializing the page load timeout.
11:42:58.996 INFO  driver.DriverFactory (DriverFactory.java:89) - Clearing all the cookies.
11:42:59.009 INFO  driver.DriverFactory (DriverFactory.java:56) - Open the url {} https://qa.smartcmobile.net/SCM_10.0_S-SCP/ using the selenium get() method.
11:43:13.926 INFO  scp.LoginTests (LoginTests.java:144) - To verify the tests with the below test case id's: C75087, C75088
11:43:14.734 INFO  utils.DataBaseUtils (DataBaseUtils.java:312) - Connecting to the database
11:43:17.273 INFO  driver.DriverFactory (DriverFactory.java:89) - Clearing all the cookies.
11:48:24.123 INFO  runner.TestRunner (TestRunner.java:32) - Initializing application properties config file.
11:48:24.125 INFO  runner.TestRunner (TestRunner.java:35) - Initializing connection to the base database.
11:48:24.251 WARN  config.DatabaseConfiguration (DatabaseConfiguration.java:84) - QA env being used by default. No env property set. This can be set in the sentinel.yml config file with a '{}=' property or on the command line with the switch '-D{}='.
11:48:25.968 INFO  runner.TestRunner (TestRunner.java:38) - Initializing resource path config file.
11:48:25.969 INFO  runner.TestRunner (TestRunner.java:41) - Initializing usage months config from CSP.
11:48:26.825 INFO  runner.TestRunner (TestRunner.java:44) - Initializing date config from CSP.
11:48:27.620 INFO  runner.TestRunner (TestRunner.java:47) - Initializing user model config.
11:48:27.635 WARN  config.Configuration (Configuration.java:231) - QA env being used by default. No env property set. This can be set in the sew.app.yml config file with a '{}=' property or on the command line with the switch '-D{}='.
11:48:28.424 INFO  runner.TestRunner (TestRunner.java:50) - Initializing auth token config.
11:48:30.155 INFO  driver.WebDriverFactory (WebDriverFactory.java:207) - Setting up the browser window to its max.
11:48:30.646 INFO  driver.WebDriverFactory (WebDriverFactory.java:196) - Initializing the implicit wait timeout for {} 5
11:48:30.652 INFO  driver.WebDriverFactory (WebDriverFactory.java:199) - Initializing the page load timeout.
11:48:30.655 INFO  driver.DriverFactory (DriverFactory.java:89) - Clearing all the cookies.
11:48:30.660 INFO  driver.DriverFactory (DriverFactory.java:56) - Open the url {} https://qa.smartcmobile.net/SCM_10.0_S-SCP/ using the selenium get() method.
11:48:44.640 INFO  scp.LoginTests (LoginTests.java:144) - To verify the tests with the below test case id's: C75087, C75088
11:48:46.905 INFO  utils.DataBaseUtils (DataBaseUtils.java:320) - Connected to the database...
11:48:47.206 INFO  utils.DataBaseUtils (DataBaseUtils.java:329) - SQL Exception:[Ljava.lang.StackTraceElement;@300bb303
11:49:12.346 INFO  scp.LoginPage (LoginPage.java:222) - Populating username {} :user64
11:49:12.372 INFO  driver.Page (    Page.java:101) - Wait for element {} [[ChromeDriver: chrome on MAC (f80883489c5d3b0bb3164b72ab026c3a)] -> css selector: [id='txtLogin']] to be present in the DOM for duration of {} 120
11:49:12.372 INFO  driver.Page (    Page.java:195) - Waiting for element to be visible for 120 seconds.
11:49:12.393 INFO  driver.Page (    Page.java:198) - Element is visible on the page.
11:49:12.396 INFO  driver.Page (    Page.java:103) - Clearing the element {} [[ChromeDriver: chrome on MAC (f80883489c5d3b0bb3164b72ab026c3a)] -> css selector: [id='txtLogin']] before sending the keys.
11:49:12.418 INFO  driver.Page (    Page.java:105) - Sending the following keys {} user64 to the element {} [[ChromeDriver: chrome on MAC (f80883489c5d3b0bb3164b72ab026c3a)] -> css selector: [id='txtLogin']]
11:49:12.510 INFO  scp.LoginPage (LoginPage.java:224) - Username populated successfully.
11:49:12.511 INFO  scp.LoginPage (LoginPage.java:250) - Populating password {} :Demo@#$%!_-&+3
11:49:12.516 INFO  driver.Page (    Page.java:101) - Wait for element {} [[ChromeDriver: chrome on MAC (f80883489c5d3b0bb3164b72ab026c3a)] -> css selector: [id='txtpwd']] to be present in the DOM for duration of {} 120
11:49:12.516 INFO  driver.Page (    Page.java:195) - Waiting for element to be visible for 120 seconds.
11:49:12.527 INFO  driver.Page (    Page.java:198) - Element is visible on the page.
11:49:12.530 INFO  driver.Page (    Page.java:103) - Clearing the element {} [[ChromeDriver: chrome on MAC (f80883489c5d3b0bb3164b72ab026c3a)] -> css selector: [id='txtpwd']] before sending the keys.
11:49:12.551 INFO  driver.Page (    Page.java:105) - Sending the following keys {} Demo@#$%!_-&+3 to the element {} [[ChromeDriver: chrome on MAC (f80883489c5d3b0bb3164b72ab026c3a)] -> css selector: [id='txtpwd']]
11:49:12.584 INFO  scp.LoginPage (LoginPage.java:252) - Password populated successfully.
11:58:05.562 INFO  runner.TestRunner (TestRunner.java:32) - Initializing application properties config file.
11:58:05.564 INFO  runner.TestRunner (TestRunner.java:35) - Initializing connection to the base database.
11:58:05.656 WARN  config.DatabaseConfiguration (DatabaseConfiguration.java:84) - QA env being used by default. No env property set. This can be set in the sentinel.yml config file with a '{}=' property or on the command line with the switch '-D{}='.
11:58:07.728 INFO  runner.TestRunner (TestRunner.java:38) - Initializing resource path config file.
11:58:07.729 INFO  runner.TestRunner (TestRunner.java:41) - Initializing usage months config from CSP.
11:58:08.729 INFO  runner.TestRunner (TestRunner.java:44) - Initializing date config from CSP.
11:58:09.999 INFO  runner.TestRunner (TestRunner.java:47) - Initializing user model config.
11:58:10.014 WARN  config.Configuration (Configuration.java:231) - QA env being used by default. No env property set. This can be set in the sew.app.yml config file with a '{}=' property or on the command line with the switch '-D{}='.
11:58:10.823 INFO  runner.TestRunner (TestRunner.java:50) - Initializing auth token config.
11:58:13.042 INFO  driver.WebDriverFactory (WebDriverFactory.java:207) - Setting up the browser window to its max.
11:58:13.510 INFO  driver.WebDriverFactory (WebDriverFactory.java:196) - Initializing the implicit wait timeout for {} 5
11:58:13.513 INFO  driver.WebDriverFactory (WebDriverFactory.java:199) - Initializing the page load timeout.
11:58:13.514 INFO  driver.DriverFactory (DriverFactory.java:89) - Clearing all the cookies.
11:58:13.518 INFO  driver.DriverFactory (DriverFactory.java:56) - Open the url {} https://qa.smartcmobile.net/SCM_10.0_S-SCP/ using the selenium get() method.
12:13:17.392 INFO  runner.TestRunner (TestRunner.java:32) - Initializing application properties config file.
12:13:17.396 INFO  runner.TestRunner (TestRunner.java:35) - Initializing connection to the base database.
12:13:17.505 WARN  config.DatabaseConfiguration (DatabaseConfiguration.java:84) - QA env being used by default. No env property set. This can be set in the sentinel.yml config file with a '{}=' property or on the command line with the switch '-D{}='.
12:13:19.118 INFO  runner.TestRunner (TestRunner.java:38) - Initializing resource path config file.
12:13:19.119 INFO  runner.TestRunner (TestRunner.java:41) - Initializing usage months config from CSP.
12:13:19.946 INFO  runner.TestRunner (TestRunner.java:44) - Initializing date config from CSP.
12:13:20.729 INFO  runner.TestRunner (TestRunner.java:47) - Initializing user model config.
12:13:20.741 WARN  config.Configuration (Configuration.java:231) - QA env being used by default. No env property set. This can be set in the sew.app.yml config file with a '{}=' property or on the command line with the switch '-D{}='.
12:13:48.278 INFO  runner.TestRunner (TestRunner.java:50) - Initializing auth token config.
12:13:50.078 INFO  driver.WebDriverFactory (WebDriverFactory.java:207) - Setting up the browser window to its max.
12:13:50.555 INFO  driver.WebDriverFactory (WebDriverFactory.java:196) - Initializing the implicit wait timeout for {} 5
12:13:50.559 INFO  driver.WebDriverFactory (WebDriverFactory.java:199) - Initializing the page load timeout.
12:13:50.562 INFO  driver.DriverFactory (DriverFactory.java:89) - Clearing all the cookies.
12:13:50.572 INFO  driver.DriverFactory (DriverFactory.java:56) - Open the url {} https://qa.smartcmobile.net/SCM_10.0_S-SCP/ using the selenium get() method.
12:14:06.142 INFO  scp.LoginTests (LoginTests.java:144) - To verify the tests with the below test case id's: C75089
12:15:12.843 INFO  utils.DataBaseUtils (DataBaseUtils.java:320) - Connected to the database...
12:15:13.172 INFO  utils.DataBaseUtils (DataBaseUtils.java:329) - SQL Exception:[Ljava.lang.StackTraceElement;@63187d63
12:18:50.896 INFO  runner.TestRunner (TestRunner.java:32) - Initializing application properties config file.
12:18:50.897 INFO  runner.TestRunner (TestRunner.java:35) - Initializing connection to the base database.
12:18:50.988 WARN  config.DatabaseConfiguration (DatabaseConfiguration.java:84) - QA env being used by default. No env property set. This can be set in the sentinel.yml config file with a '{}=' property or on the command line with the switch '-D{}='.
12:18:52.995 INFO  runner.TestRunner (TestRunner.java:38) - Initializing resource path config file.
12:18:52.996 INFO  runner.TestRunner (TestRunner.java:41) - Initializing usage months config from CSP.
12:18:53.940 INFO  runner.TestRunner (TestRunner.java:44) - Initializing date config from CSP.
12:18:54.827 INFO  runner.TestRunner (TestRunner.java:47) - Initializing user model config.
12:18:54.841 WARN  config.Configuration (Configuration.java:231) - QA env being used by default. No env property set. This can be set in the sew.app.yml config file with a '{}=' property or on the command line with the switch '-D{}='.
12:18:55.727 INFO  runner.TestRunner (TestRunner.java:50) - Initializing auth token config.
12:18:57.455 INFO  driver.WebDriverFactory (WebDriverFactory.java:207) - Setting up the browser window to its max.
12:18:57.934 INFO  driver.WebDriverFactory (WebDriverFactory.java:196) - Initializing the implicit wait timeout for {} 5
12:18:57.939 INFO  driver.WebDriverFactory (WebDriverFactory.java:199) - Initializing the page load timeout.
12:18:57.942 INFO  driver.DriverFactory (DriverFactory.java:89) - Clearing all the cookies.
12:18:57.948 INFO  driver.DriverFactory (DriverFactory.java:56) - Open the url {} https://qa.smartcmobile.net/SCM_10.0_S-SCP/ using the selenium get() method.
12:19:12.170 INFO  scp.LoginTests (LoginTests.java:144) - To verify the tests with the below test case id's: C75089
12:19:15.521 INFO  utils.DataBaseUtils (DataBaseUtils.java:320) - Connected to the database...
12:19:15.903 INFO  utils.DataBaseUtils (DataBaseUtils.java:329) - SQL Exception:[Ljava.lang.StackTraceElement;@368424db
12:19:15.905 INFO  scp.LoginPage (LoginPage.java:222) - Populating username {} :user64
12:19:15.917 INFO  driver.Page (    Page.java:101) - Wait for element {} [[ChromeDriver: chrome on MAC (be55946908da4a955a888c2fdf66dc42)] -> css selector: [id='txtLogin']] to be present in the DOM for duration of {} 120
12:19:15.917 INFO  driver.Page (    Page.java:195) - Waiting for element to be visible for 120 seconds.
12:19:15.939 INFO  driver.Page (    Page.java:198) - Element is visible on the page.
12:19:15.943 INFO  driver.Page (    Page.java:103) - Clearing the element {} [[ChromeDriver: chrome on MAC (be55946908da4a955a888c2fdf66dc42)] -> css selector: [id='txtLogin']] before sending the keys.
12:19:15.965 INFO  driver.Page (    Page.java:105) - Sending the following keys {} user64 to the element {} [[ChromeDriver: chrome on MAC (be55946908da4a955a888c2fdf66dc42)] -> css selector: [id='txtLogin']]
12:19:16.064 INFO  scp.LoginPage (LoginPage.java:224) - Username populated successfully.
12:19:16.065 INFO  scp.LoginPage (LoginPage.java:250) - Populating password {} :Demo@#$%!_-&+3
12:19:16.070 INFO  driver.Page (    Page.java:101) - Wait for element {} [[ChromeDriver: chrome on MAC (be55946908da4a955a888c2fdf66dc42)] -> css selector: [id='txtpwd']] to be present in the DOM for duration of {} 120
12:19:16.070 INFO  driver.Page (    Page.java:195) - Waiting for element to be visible for 120 seconds.
12:19:16.080 INFO  driver.Page (    Page.java:198) - Element is visible on the page.
12:19:16.083 INFO  driver.Page (    Page.java:103) - Clearing the element {} [[ChromeDriver: chrome on MAC (be55946908da4a955a888c2fdf66dc42)] -> css selector: [id='txtpwd']] before sending the keys.
12:19:16.101 INFO  driver.Page (    Page.java:105) - Sending the following keys {} Demo@#$%!_-&+3 to the element {} [[ChromeDriver: chrome on MAC (be55946908da4a955a888c2fdf66dc42)] -> css selector: [id='txtpwd']]
12:19:16.127 INFO  scp.LoginPage (LoginPage.java:252) - Password populated successfully.
12:47:24.393 INFO  runner.TestRunner (TestRunner.java:32) - Initializing application properties config file.
12:47:24.395 INFO  runner.TestRunner (TestRunner.java:35) - Initializing connection to the base database.
12:47:24.488 WARN  config.DatabaseConfiguration (DatabaseConfiguration.java:84) - QA env being used by default. No env property set. This can be set in the sentinel.yml config file with a '{}=' property or on the command line with the switch '-D{}='.
12:47:26.102 INFO  runner.TestRunner (TestRunner.java:38) - Initializing resource path config file.
12:47:26.103 INFO  runner.TestRunner (TestRunner.java:41) - Initializing usage months config from CSP.
12:47:26.933 INFO  runner.TestRunner (TestRunner.java:44) - Initializing date config from CSP.
12:47:27.965 INFO  runner.TestRunner (TestRunner.java:47) - Initializing user model config.
12:47:27.979 WARN  config.Configuration (Configuration.java:231) - QA env being used by default. No env property set. This can be set in the sew.app.yml config file with a '{}=' property or on the command line with the switch '-D{}='.
12:47:28.936 INFO  runner.TestRunner (TestRunner.java:50) - Initializing auth token config.
12:47:31.875 INFO  driver.WebDriverFactory (WebDriverFactory.java:207) - Setting up the browser window to its max.
12:47:32.352 INFO  driver.WebDriverFactory (WebDriverFactory.java:196) - Initializing the implicit wait timeout for {} 5
12:47:32.361 INFO  driver.WebDriverFactory (WebDriverFactory.java:199) - Initializing the page load timeout.
12:47:32.372 INFO  driver.DriverFactory (DriverFactory.java:89) - Clearing all the cookies.
12:47:32.450 INFO  driver.DriverFactory (DriverFactory.java:56) - Open the url {} https://qa.smartcmobile.net/SCM_10.0_S-SCP/ using the selenium get() method.
12:47:48.554 INFO  scp.LoginTests (LoginTests.java:144) - To verify the tests with the below test case id's: C75089
12:47:51.506 INFO  utils.DataBaseUtils (DataBaseUtils.java:320) - Connected to the database...
12:48:32.644 INFO  utils.DataBaseUtils (DataBaseUtils.java:329) - SQL Exception:[Ljava.lang.StackTraceElement;@247bbfba
12:49:04.257 INFO  scp.LoginPage (LoginPage.java:222) - Populating username {} :user64
12:49:04.298 INFO  driver.Page (    Page.java:101) - Wait for element {} [[ChromeDriver: chrome on MAC (7cdb67949d2cb48d12f871c2d19e28a0)] -> css selector: [id='txtLogin']] to be present in the DOM for duration of {} 120
12:49:04.299 INFO  driver.Page (    Page.java:195) - Waiting for element to be visible for 120 seconds.
12:49:04.483 INFO  driver.Page (    Page.java:198) - Element is visible on the page.
12:49:04.493 INFO  driver.Page (    Page.java:103) - Clearing the element {} [[ChromeDriver: chrome on MAC (7cdb67949d2cb48d12f871c2d19e28a0)] -> css selector: [id='txtLogin']] before sending the keys.
12:49:04.533 INFO  driver.Page (    Page.java:105) - Sending the following keys {} user64 to the element {} [[ChromeDriver: chrome on MAC (7cdb67949d2cb48d12f871c2d19e28a0)] -> css selector: [id='txtLogin']]
12:49:04.638 INFO  scp.LoginPage (LoginPage.java:224) - Username populated successfully.
12:49:04.639 INFO  scp.LoginPage (LoginPage.java:250) - Populating password {} :Demo@#$%!_-&+3
12:49:04.650 INFO  driver.Page (    Page.java:101) - Wait for element {} [[ChromeDriver: chrome on MAC (7cdb67949d2cb48d12f871c2d19e28a0)] -> css selector: [id='txtpwd']] to be present in the DOM for duration of {} 120
12:49:04.650 INFO  driver.Page (    Page.java:195) - Waiting for element to be visible for 120 seconds.
12:49:04.793 INFO  driver.Page (    Page.java:198) - Element is visible on the page.
12:49:04.801 INFO  driver.Page (    Page.java:103) - Clearing the element {} [[ChromeDriver: chrome on MAC (7cdb67949d2cb48d12f871c2d19e28a0)] -> css selector: [id='txtpwd']] before sending the keys.
12:49:04.833 INFO  driver.Page (    Page.java:105) - Sending the following keys {} Demo@#$%!_-&+3 to the element {} [[ChromeDriver: chrome on MAC (7cdb67949d2cb48d12f871c2d19e28a0)] -> css selector: [id='txtpwd']]
12:49:04.869 INFO  scp.LoginPage (LoginPage.java:252) - Password populated successfully.
12:49:04.870 INFO  scp.LoginPage (LoginPage.java:292) - Clicking the sign in button.
12:49:04.870 INFO  driver.Page (    Page.java:55) - Preparing for element to click.
12:49:04.871 INFO  driver.Page (    Page.java:170) - Waiting for element to be clickable for 120 seconds.
12:49:05.030 INFO  driver.Page (    Page.java:173) - Element is clickable now.
12:49:05.066 INFO  driver.Page (    Page.java:58) - Element is clicked successfully.
12:49:05.067 INFO  scp.LoginPage (LoginPage.java:294) - Sign in button clicked successfully.
12:49:05.067 INFO  scp.HomePage (HomePage.java:145) - Wait for page loader visibility.
12:49:05.068 INFO  driver.Page (    Page.java:195) - Waiting for element to be visible for 120 seconds.
12:49:11.461 INFO  driver.Page (    Page.java:198) - Element is visible on the page.
12:49:11.463 INFO  scp.HomePage (HomePage.java:147) - Wait for page loader invisibility.
12:49:11.464 INFO  driver.Page (    Page.java:209) - Waiting for element to be invisible for 120 seconds.
12:49:12.959 INFO  driver.Page (    Page.java:212) - Element is invisible from the page.
12:49:21.244 INFO  driver.DriverFactory (DriverFactory.java:89) - Clearing all the cookies.
12:50:18.570 INFO  runner.TestRunner (TestRunner.java:32) - Initializing application properties config file.
12:50:18.572 INFO  runner.TestRunner (TestRunner.java:35) - Initializing connection to the base database.
12:50:18.660 WARN  config.DatabaseConfiguration (DatabaseConfiguration.java:84) - QA env being used by default. No env property set. This can be set in the sentinel.yml config file with a '{}=' property or on the command line with the switch '-D{}='.
12:50:20.206 INFO  runner.TestRunner (TestRunner.java:38) - Initializing resource path config file.
12:50:20.207 INFO  runner.TestRunner (TestRunner.java:41) - Initializing usage months config from CSP.
12:50:21.036 INFO  runner.TestRunner (TestRunner.java:44) - Initializing date config from CSP.
12:50:21.818 INFO  runner.TestRunner (TestRunner.java:47) - Initializing user model config.
12:50:21.832 WARN  config.Configuration (Configuration.java:231) - QA env being used by default. No env property set. This can be set in the sew.app.yml config file with a '{}=' property or on the command line with the switch '-D{}='.
12:50:22.609 INFO  runner.TestRunner (TestRunner.java:50) - Initializing auth token config.
12:50:24.212 INFO  driver.WebDriverFactory (WebDriverFactory.java:207) - Setting up the browser window to its max.
12:50:24.678 INFO  driver.WebDriverFactory (WebDriverFactory.java:196) - Initializing the implicit wait timeout for {} 5
12:50:24.685 INFO  driver.WebDriverFactory (WebDriverFactory.java:199) - Initializing the page load timeout.
12:50:24.688 INFO  driver.DriverFactory (DriverFactory.java:89) - Clearing all the cookies.
12:50:24.699 INFO  driver.DriverFactory (DriverFactory.java:56) - Open the url {} https://qa.smartcmobile.net/SCM_10.0_S-SCP/ using the selenium get() method.
12:50:37.130 INFO  scp.LoginTests (LoginTests.java:144) - To verify the tests with the below test case id's: C75089
12:50:40.106 INFO  utils.DataBaseUtils (DataBaseUtils.java:320) - Connected to the database...
12:50:40.399 INFO  utils.DataBaseUtils (DataBaseUtils.java:329) - SQL Exception:[Ljava.lang.StackTraceElement;@b5312df
12:50:40.403 INFO  scp.LoginPage (LoginPage.java:222) - Populating username {} :user64
12:50:40.416 INFO  driver.Page (    Page.java:101) - Wait for element {} [[ChromeDriver: chrome on MAC (f605d6ccace16362358fe845685c88b9)] -> css selector: [id='txtLogin']] to be present in the DOM for duration of {} 120
12:50:40.417 INFO  driver.Page (    Page.java:195) - Waiting for element to be visible for 120 seconds.
12:50:40.436 INFO  driver.Page (    Page.java:198) - Element is visible on the page.
12:50:40.440 INFO  driver.Page (    Page.java:103) - Clearing the element {} [[ChromeDriver: chrome on MAC (f605d6ccace16362358fe845685c88b9)] -> css selector: [id='txtLogin']] before sending the keys.
12:50:40.460 INFO  driver.Page (    Page.java:105) - Sending the following keys {} user64 to the element {} [[ChromeDriver: chrome on MAC (f605d6ccace16362358fe845685c88b9)] -> css selector: [id='txtLogin']]
12:50:40.544 INFO  scp.LoginPage (LoginPage.java:224) - Username populated successfully.
12:50:40.544 INFO  scp.LoginPage (LoginPage.java:250) - Populating password {} :Demo@#$%!_-&+3
12:50:40.549 INFO  driver.Page (    Page.java:101) - Wait for element {} [[ChromeDriver: chrome on MAC (f605d6ccace16362358fe845685c88b9)] -> css selector: [id='txtpwd']] to be present in the DOM for duration of {} 120
12:50:40.549 INFO  driver.Page (    Page.java:195) - Waiting for element to be visible for 120 seconds.
12:50:40.559 INFO  driver.Page (    Page.java:198) - Element is visible on the page.
12:50:40.561 INFO  driver.Page (    Page.java:103) - Clearing the element {} [[ChromeDriver: chrome on MAC (f605d6ccace16362358fe845685c88b9)] -> css selector: [id='txtpwd']] before sending the keys.
12:50:40.579 INFO  driver.Page (    Page.java:105) - Sending the following keys {} Demo@#$%!_-&+3 to the element {} [[ChromeDriver: chrome on MAC (f605d6ccace16362358fe845685c88b9)] -> css selector: [id='txtpwd']]
12:50:40.603 INFO  scp.LoginPage (LoginPage.java:252) - Password populated successfully.
12:50:40.603 INFO  scp.LoginPage (LoginPage.java:292) - Clicking the sign in button.
12:50:40.603 INFO  driver.Page (    Page.java:55) - Preparing for element to click.
12:50:40.603 INFO  driver.Page (    Page.java:170) - Waiting for element to be clickable for 120 seconds.
12:50:40.621 INFO  driver.Page (    Page.java:173) - Element is clickable now.
12:50:40.643 INFO  driver.Page (    Page.java:58) - Element is clicked successfully.
12:50:40.644 INFO  scp.LoginPage (LoginPage.java:294) - Sign in button clicked successfully.
12:50:40.644 INFO  scp.HomePage (HomePage.java:145) - Wait for page loader visibility.
12:50:40.644 INFO  driver.Page (    Page.java:195) - Waiting for element to be visible for 120 seconds.
12:50:41.701 INFO  driver.Page (    Page.java:198) - Element is visible on the page.
12:50:41.701 INFO  scp.HomePage (HomePage.java:147) - Wait for page loader invisibility.
12:50:41.702 INFO  driver.Page (    Page.java:209) - Waiting for element to be invisible for 120 seconds.
12:50:44.356 INFO  driver.Page (    Page.java:212) - Element is invisible from the page.
12:50:44.897 INFO  driver.Page (    Page.java:133) - Text got from the locator {} [[ChromeDriver: chrome on MAC (f605d6ccace16362358fe845685c88b9)] -> css selector: #toast-container .toast-message] is Your Account has been Deactivated. For further assistance contact Customer Service by email at Support@SEW1.in or by phone at (737) 737-7777.
12:50:44.906 INFO  scp.HomePage (HomePage.java:171) - Label on toast message {}: Your Account has been Deactivated. For further assistance contact Customer Service by email at Support@SEW1.in or by phone at (737) 737-7777.
12:50:44.906 INFO  driver.Page (    Page.java:55) - Preparing for element to click.
12:50:44.906 INFO  driver.Page (    Page.java:170) - Waiting for element to be clickable for 120 seconds.
12:50:44.925 INFO  driver.Page (    Page.java:173) - Element is clickable now.
12:50:44.941 INFO  driver.Page (    Page.java:58) - Element is clicked successfully.
12:50:44.943 INFO  scp.LoginTests (LoginTests.java:175) - Test Case execution for - verifyRememberMeLoginFunctionality - is Completed.
12:50:46.949 INFO  driver.DriverFactory (DriverFactory.java:89) - Clearing all the cookies.
16:50:26.174 INFO  runner.TestRunner (TestRunner.java:32) - Initializing application properties config file.
16:50:26.175 INFO  runner.TestRunner (TestRunner.java:35) - Initializing connection to the base database.
16:50:26.273 WARN  config.DatabaseConfiguration (DatabaseConfiguration.java:84) - QA env being used by default. No env property set. This can be set in the sentinel.yml config file with a '{}=' property or on the command line with the switch '-D{}='.
16:50:27.856 INFO  runner.TestRunner (TestRunner.java:38) - Initializing resource path config file.
16:50:27.856 INFO  runner.TestRunner (TestRunner.java:41) - Initializing usage months config from CSP.
16:50:28.686 INFO  runner.TestRunner (TestRunner.java:44) - Initializing date config from CSP.
16:50:29.471 INFO  runner.TestRunner (TestRunner.java:47) - Initializing user model config.
16:50:29.483 WARN  config.Configuration (Configuration.java:231) - QA env being used by default. No env property set. This can be set in the sew.app.yml config file with a '{}=' property or on the command line with the switch '-D{}='.
16:50:30.263 INFO  runner.TestRunner (TestRunner.java:50) - Initializing auth token config.
16:50:33.470 INFO  driver.WebDriverFactory (WebDriverFactory.java:207) - Setting up the browser window to its max.
16:50:33.967 INFO  driver.WebDriverFactory (WebDriverFactory.java:196) - Initializing the implicit wait timeout for {} 5
16:50:34.019 INFO  driver.WebDriverFactory (WebDriverFactory.java:199) - Initializing the page load timeout.
16:50:34.041 INFO  driver.DriverFactory (DriverFactory.java:89) - Clearing all the cookies.
16:50:34.091 INFO  driver.DriverFactory (DriverFactory.java:56) - Open the url {} https://qa.smartcmobile.net/SCM_10.0_S-SCP/ using the selenium get() method.
16:50:46.448 INFO  scp.LoginTests (LoginTests.java:183) - To verify the tests with the below test case id's: C36462
16:52:58.715 INFO  scp.LoginPage (LoginPage.java:41) - Checking the visibility of language dropdown on the page.
16:53:32.962 INFO  runner.TestRunner (TestRunner.java:32) - Initializing application properties config file.
16:53:32.964 INFO  runner.TestRunner (TestRunner.java:35) - Initializing connection to the base database.
16:53:33.061 WARN  config.DatabaseConfiguration (DatabaseConfiguration.java:84) - QA env being used by default. No env property set. This can be set in the sentinel.yml config file with a '{}=' property or on the command line with the switch '-D{}='.
16:53:34.693 INFO  runner.TestRunner (TestRunner.java:38) - Initializing resource path config file.
16:53:34.694 INFO  runner.TestRunner (TestRunner.java:41) - Initializing usage months config from CSP.
16:53:35.541 INFO  runner.TestRunner (TestRunner.java:44) - Initializing date config from CSP.
16:53:36.322 INFO  runner.TestRunner (TestRunner.java:47) - Initializing language config from CSP.
16:53:37.102 INFO  runner.TestRunner (TestRunner.java:50) - Initializing user model config.
16:53:37.117 WARN  config.Configuration (Configuration.java:231) - QA env being used by default. No env property set. This can be set in the sew.app.yml config file with a '{}=' property or on the command line with the switch '-D{}='.
16:53:37.899 INFO  runner.TestRunner (TestRunner.java:53) - Initializing auth token config.
16:53:39.571 INFO  driver.WebDriverFactory (WebDriverFactory.java:207) - Setting up the browser window to its max.
16:53:40.091 INFO  driver.WebDriverFactory (WebDriverFactory.java:196) - Initializing the implicit wait timeout for {} 5
16:53:40.096 INFO  driver.WebDriverFactory (WebDriverFactory.java:199) - Initializing the page load timeout.
16:53:40.098 INFO  driver.DriverFactory (DriverFactory.java:89) - Clearing all the cookies.
16:53:40.104 INFO  driver.DriverFactory (DriverFactory.java:56) - Open the url {} https://qa.smartcmobile.net/SCM_10.0_S-SCP/ using the selenium get() method.
16:53:52.632 INFO  scp.LoginTests (LoginTests.java:183) - To verify the tests with the below test case id's: C36462
16:55:22.977 INFO  scp.LoginPage (LoginPage.java:41) - Checking the visibility of language dropdown on the page.
16:55:23.197 INFO  driver.Page (    Page.java:231) - Element {} : [[ChromeDriver: chrome on MAC (e5ad0ddd845e11aeca28a78c2f49070a)] -> css selector: #LanguageDrpdwn_sample] is visible on the page.
16:55:23.198 INFO  scp.LoginPage (LoginPage.java:42) - Language dropdown visibility status {}: true
16:55:23.344 INFO  driver.Page (    Page.java:231) - Element {} : [[ChromeDriver: chrome on MAC (e5ad0ddd845e11aeca28a78c2f49070a)] -> css selector: #LanguageDrpdwn_sample] is visible on the page.
16:55:23.386 INFO  driver.Page (    Page.java:138) - Wait for the element {} [[ChromeDriver: chrome on MAC (e5ad0ddd845e11aeca28a78c2f49070a)] -> css selector: #LanguageDrpdwn_dp_language li a i] to be visible on the page for duration of {} 120
16:55:23.387 INFO  driver.Page (    Page.java:195) - Waiting for element to be visible for 120 seconds.
16:56:53.487 INFO  runner.TestRunner (TestRunner.java:32) - Initializing application properties config file.
16:56:53.489 INFO  runner.TestRunner (TestRunner.java:35) - Initializing connection to the base database.
16:56:53.575 WARN  config.DatabaseConfiguration (DatabaseConfiguration.java:84) - QA env being used by default. No env property set. This can be set in the sentinel.yml config file with a '{}=' property or on the command line with the switch '-D{}='.
16:56:55.143 INFO  runner.TestRunner (TestRunner.java:38) - Initializing resource path config file.
16:56:55.144 INFO  runner.TestRunner (TestRunner.java:41) - Initializing usage months config from CSP.
16:56:55.974 INFO  runner.TestRunner (TestRunner.java:44) - Initializing date config from CSP.
16:56:56.754 INFO  runner.TestRunner (TestRunner.java:47) - Initializing language config from CSP.
16:56:57.536 INFO  runner.TestRunner (TestRunner.java:50) - Initializing user model config.
16:56:57.561 WARN  config.Configuration (Configuration.java:231) - QA env being used by default. No env property set. This can be set in the sew.app.yml config file with a '{}=' property or on the command line with the switch '-D{}='.
16:56:58.348 INFO  runner.TestRunner (TestRunner.java:53) - Initializing auth token config.
16:56:59.794 INFO  driver.WebDriverFactory (WebDriverFactory.java:207) - Setting up the browser window to its max.
16:57:00.285 INFO  driver.WebDriverFactory (WebDriverFactory.java:196) - Initializing the implicit wait timeout for {} 5
16:57:00.292 INFO  driver.WebDriverFactory (WebDriverFactory.java:199) - Initializing the page load timeout.
16:57:00.298 INFO  driver.DriverFactory (DriverFactory.java:89) - Clearing all the cookies.
16:57:00.334 INFO  driver.DriverFactory (DriverFactory.java:56) - Open the url {} https://qa.smartcmobile.net/SCM_10.0_S-SCP/ using the selenium get() method.
16:57:13.592 INFO  scp.LoginTests (LoginTests.java:183) - To verify the tests with the below test case id's: C36462
16:57:14.392 INFO  scp.LoginPage (LoginPage.java:41) - Checking the visibility of language dropdown on the page.
16:57:14.435 INFO  driver.Page (    Page.java:231) - Element {} : [[ChromeDriver: chrome on MAC (8568fc1a959aaff4b0e6d34be18367af)] -> css selector: #LanguageDrpdwn_sample] is visible on the page.
16:57:14.435 INFO  scp.LoginPage (LoginPage.java:42) - Language dropdown visibility status {}: true
16:57:14.452 INFO  driver.Page (    Page.java:231) - Element {} : [[ChromeDriver: chrome on MAC (8568fc1a959aaff4b0e6d34be18367af)] -> css selector: #LanguageDrpdwn_sample] is visible on the page.
16:57:14.464 INFO  driver.Page (    Page.java:138) - Wait for the element {} [[ChromeDriver: chrome on MAC (8568fc1a959aaff4b0e6d34be18367af)] -> css selector: #LanguageDrpdwn_dp_language li a i] to be visible on the page for duration of {} 120
16:57:14.464 INFO  driver.Page (    Page.java:195) - Waiting for element to be visible for 120 seconds.
16:59:17.197 INFO  driver.DriverFactory (DriverFactory.java:89) - Clearing all the cookies.
