17:58:07.830 INFO  driver.DriverFactory (DriverFactory.java:122) - Clearing all the cookies.
17:59:29.793 INFO  runner.TestRunner (TestRunner.java:32) - Initializing application properties config file.
17:59:29.803 INFO  runner.TestRunner (TestRunner.java:35) - Initializing connection to the base database.
17:59:30.321 WARN  config.DatabaseConfiguration (DatabaseConfiguration.java:84) - QA env being used by default. No env property set. This can be set in the sentinel.yml config file with a '{}=' property or on the command line with the switch '-D{}='.
17:59:32.087 INFO  runner.TestRunner (TestRunner.java:38) - Initializing resource path config file.
17:59:32.089 INFO  runner.TestRunner (TestRunner.java:41) - Initializing usage months config from CSP.
17:59:32.932 INFO  runner.TestRunner (TestRunner.java:44) - Initializing date config from CSP.
17:59:33.680 INFO  runner.TestRunner (TestRunner.java:47) - Initializing language config from CSP.
17:59:34.426 INFO  runner.TestRunner (TestRunner.java:50) - Initializing language config from CSP.
17:59:35.196 INFO  runner.TestRunner (TestRunner.java:53) - Initializing language config from CSP.
17:59:35.939 INFO  runner.TestRunner (TestRunner.java:56) - Initializing user model config.
17:59:35.965 WARN  config.Configuration (Configuration.java:231) - QA env being used by default. No env property set. This can be set in the sew.app.yml config file with a '{}=' property or on the command line with the switch '-D{}='.
17:59:41.275 INFO  runner.TestRunner (TestRunner.java:59) - Initializing auth token config.
17:59:41.275 INFO  runner.TestRunner (TestRunner.java:62) - Initializing Admin User config.
17:59:42.772 INFO  utils.ExcelUtils (ExcelUtils.java:39) - Test Runner excel row at: 1
17:59:42.784 INFO  utils.ExcelUtils (ExcelUtils.java:39) - Test Runner excel row at: 2
17:59:42.785 INFO  utils.ExcelUtils (ExcelUtils.java:39) - Test Runner excel row at: 3
17:59:42.786 INFO  utils.ExcelUtils (ExcelUtils.java:39) - Test Runner excel row at: 4
17:59:42.787 INFO  utils.ExcelUtils (ExcelUtils.java:39) - Test Runner excel row at: 5
17:59:42.788 INFO  utils.ExcelUtils (ExcelUtils.java:39) - Test Runner excel row at: 6
17:59:42.788 INFO  utils.ExcelUtils (ExcelUtils.java:39) - Test Runner excel row at: 7
17:59:42.789 INFO  utils.ExcelUtils (ExcelUtils.java:39) - Test Runner excel row at: 8
17:59:42.790 INFO  utils.ExcelUtils (ExcelUtils.java:39) - Test Runner excel row at: 9
17:59:42.791 INFO  utils.ExcelUtils (ExcelUtils.java:39) - Test Runner excel row at: 10
17:59:42.792 INFO  utils.ExcelUtils (ExcelUtils.java:39) - Test Runner excel row at: 11
17:59:42.793 INFO  utils.ExcelUtils (ExcelUtils.java:39) - Test Runner excel row at: 12
17:59:42.793 INFO  utils.ExcelUtils (ExcelUtils.java:39) - Test Runner excel row at: 13
17:59:42.794 INFO  utils.ExcelUtils (ExcelUtils.java:39) - Test Runner excel row at: 14
17:59:42.795 INFO  utils.ExcelUtils (ExcelUtils.java:39) - Test Runner excel row at: 15
17:59:42.795 INFO  utils.ExcelUtils (ExcelUtils.java:39) - Test Runner excel row at: 16
17:59:42.796 INFO  utils.ExcelUtils (ExcelUtils.java:39) - Test Runner excel row at: 17
17:59:42.797 INFO  utils.ExcelUtils (ExcelUtils.java:39) - Test Runner excel row at: 18
17:59:42.797 INFO  utils.ExcelUtils (ExcelUtils.java:39) - Test Runner excel row at: 19
17:59:42.798 INFO  utils.ExcelUtils (ExcelUtils.java:39) - Test Runner excel row at: 20
17:59:42.799 INFO  utils.ExcelUtils (ExcelUtils.java:39) - Test Runner excel row at: 21
17:59:42.800 INFO  utils.ExcelUtils (ExcelUtils.java:39) - Test Runner excel row at: 22
17:59:42.800 INFO  utils.ExcelUtils (ExcelUtils.java:39) - Test Runner excel row at: 23
17:59:42.801 INFO  utils.ExcelUtils (ExcelUtils.java:39) - Test Runner excel row at: 24
17:59:42.802 INFO  utils.ExcelUtils (ExcelUtils.java:39) - Test Runner excel row at: 25
17:59:42.802 INFO  utils.ExcelUtils (ExcelUtils.java:39) - Test Runner excel row at: 26
17:59:42.803 INFO  utils.ExcelUtils (ExcelUtils.java:39) - Test Runner excel row at: 27
17:59:42.803 INFO  utils.ExcelUtils (ExcelUtils.java:39) - Test Runner excel row at: 28
17:59:42.804 INFO  utils.ExcelUtils (ExcelUtils.java:39) - Test Runner excel row at: 29
17:59:42.805 INFO  utils.ExcelUtils (ExcelUtils.java:39) - Test Runner excel row at: 30
17:59:42.805 INFO  utils.ExcelUtils (ExcelUtils.java:39) - Test Runner excel row at: 31
17:59:42.806 INFO  utils.ExcelUtils (ExcelUtils.java:39) - Test Runner excel row at: 32
17:59:42.806 INFO  utils.ExcelUtils (ExcelUtils.java:39) - Test Runner excel row at: 33
17:59:42.807 INFO  utils.ExcelUtils (ExcelUtils.java:39) - Test Runner excel row at: 34
17:59:42.808 INFO  utils.ExcelUtils (ExcelUtils.java:39) - Test Runner excel row at: 35
17:59:42.808 INFO  utils.ExcelUtils (ExcelUtils.java:39) - Test Runner excel row at: 36
17:59:42.809 INFO  utils.ExcelUtils (ExcelUtils.java:39) - Test Runner excel row at: 37
17:59:42.809 INFO  utils.ExcelUtils (ExcelUtils.java:39) - Test Runner excel row at: 38
17:59:42.810 INFO  utils.ExcelUtils (ExcelUtils.java:39) - Test Runner excel row at: 39
17:59:42.810 INFO  utils.ExcelUtils (ExcelUtils.java:39) - Test Runner excel row at: 40
17:59:42.811 INFO  utils.ExcelUtils (ExcelUtils.java:39) - Test Runner excel row at: 41
17:59:42.811 INFO  utils.ExcelUtils (ExcelUtils.java:39) - Test Runner excel row at: 42
17:59:42.812 INFO  utils.ExcelUtils (ExcelUtils.java:39) - Test Runner excel row at: 43
17:59:42.812 INFO  utils.ExcelUtils (ExcelUtils.java:39) - Test Runner excel row at: 44
17:59:42.813 INFO  utils.ExcelUtils (ExcelUtils.java:39) - Test Runner excel row at: 45
17:59:42.822 INFO  utils.ExcelUtils (ExcelUtils.java:39) - Test Runner excel row at: 46
17:59:42.823 INFO  utils.ExcelUtils (ExcelUtils.java:39) - Test Runner excel row at: 47
17:59:42.824 INFO  utils.ExcelUtils (ExcelUtils.java:39) - Test Runner excel row at: 48
17:59:42.824 INFO  utils.ExcelUtils (ExcelUtils.java:39) - Test Runner excel row at: 49
17:59:42.825 INFO  utils.ExcelUtils (ExcelUtils.java:39) - Test Runner excel row at: 50
17:59:42.825 INFO  utils.ExcelUtils (ExcelUtils.java:39) - Test Runner excel row at: 51
17:59:42.826 INFO  utils.ExcelUtils (ExcelUtils.java:39) - Test Runner excel row at: 52
17:59:42.826 INFO  utils.ExcelUtils (ExcelUtils.java:39) - Test Runner excel row at: 53
17:59:42.826 INFO  utils.ExcelUtils (ExcelUtils.java:39) - Test Runner excel row at: 54
17:59:42.827 INFO  utils.ExcelUtils (ExcelUtils.java:39) - Test Runner excel row at: 55
17:59:42.827 INFO  utils.ExcelUtils (ExcelUtils.java:39) - Test Runner excel row at: 56
17:59:42.828 INFO  utils.ExcelUtils (ExcelUtils.java:39) - Test Runner excel row at: 57
17:59:48.581 INFO  driver.WebDriverFactory (WebDriverFactory.java:207) - Setting up the browser window to its max.
17:59:48.769 INFO  driver.WebDriverFactory (WebDriverFactory.java:196) - Initializing the implicit wait timeout for {} 5
17:59:48.781 INFO  driver.WebDriverFactory (WebDriverFactory.java:199) - Initializing the page load timeout.
17:59:48.789 INFO  driver.DriverFactory (DriverFactory.java:122) - Clearing all the cookies.
17:59:48.814 INFO  driver.DriverFactory (DriverFactory.java:59) - Open the url {} https://qa.smartcmobile.net/SCM_10.0_S-CSP/ using the selenium get() method.
18:00:05.794 INFO  csp.AdminNotificationTests (AdminNotificationTests.java:548) - To verify the tests with the below test case id's: C113233,C113234,C113235,C113237 
18:00:11.412 INFO  connectme.ConnectMeEndpoints (ConnectMeEndpoints.java:125) - Initializing the add Connect me payload.
18:00:14.788 INFO  connectme.ConnectMeEndpoints (ConnectMeEndpoints.java:133) - Initializing the add  Programs connect me specification.
18:01:03.590 INFO  connectme.ConnectMeEndpoints (ConnectMeEndpoints.java:147) - Hit the add Programs ConnectMe with given request specification: io.restassured.internal.RequestSpecificationImpl@3ce2c5f6
and the endpoint is : /ContactUs/SetConnectMeRequest
and with given http verb : POST
18:08:46.136 INFO  driver.DriverFactory (DriverFactory.java:122) - Clearing all the cookies.
18:11:30.476 INFO  runner.TestRunner (TestRunner.java:32) - Initializing application properties config file.
18:11:30.484 INFO  runner.TestRunner (TestRunner.java:35) - Initializing connection to the base database.
18:11:31.046 WARN  config.DatabaseConfiguration (DatabaseConfiguration.java:84) - QA env being used by default. No env property set. This can be set in the sentinel.yml config file with a '{}=' property or on the command line with the switch '-D{}='.
18:11:33.062 INFO  runner.TestRunner (TestRunner.java:38) - Initializing resource path config file.
18:11:33.063 INFO  runner.TestRunner (TestRunner.java:41) - Initializing usage months config from CSP.
18:11:33.898 INFO  runner.TestRunner (TestRunner.java:44) - Initializing date config from CSP.
18:11:34.638 INFO  runner.TestRunner (TestRunner.java:47) - Initializing language config from CSP.
18:11:35.382 INFO  runner.TestRunner (TestRunner.java:50) - Initializing language config from CSP.
18:11:36.126 INFO  runner.TestRunner (TestRunner.java:53) - Initializing language config from CSP.
18:11:36.868 INFO  runner.TestRunner (TestRunner.java:56) - Initializing user model config.
18:11:36.895 WARN  config.Configuration (Configuration.java:231) - QA env being used by default. No env property set. This can be set in the sew.app.yml config file with a '{}=' property or on the command line with the switch '-D{}='.
18:11:42.566 INFO  runner.TestRunner (TestRunner.java:59) - Initializing auth token config.
18:11:42.567 INFO  runner.TestRunner (TestRunner.java:62) - Initializing Admin User config.
18:11:44.346 INFO  utils.ExcelUtils (ExcelUtils.java:39) - Test Runner excel row at: 1
18:11:44.360 INFO  utils.ExcelUtils (ExcelUtils.java:39) - Test Runner excel row at: 2
18:11:44.361 INFO  utils.ExcelUtils (ExcelUtils.java:39) - Test Runner excel row at: 3
18:11:44.362 INFO  utils.ExcelUtils (ExcelUtils.java:39) - Test Runner excel row at: 4
18:11:44.363 INFO  utils.ExcelUtils (ExcelUtils.java:39) - Test Runner excel row at: 5
18:11:44.363 INFO  utils.ExcelUtils (ExcelUtils.java:39) - Test Runner excel row at: 6
18:11:44.364 INFO  utils.ExcelUtils (ExcelUtils.java:39) - Test Runner excel row at: 7
18:11:44.365 INFO  utils.ExcelUtils (ExcelUtils.java:39) - Test Runner excel row at: 8
18:11:44.366 INFO  utils.ExcelUtils (ExcelUtils.java:39) - Test Runner excel row at: 9
18:11:44.367 INFO  utils.ExcelUtils (ExcelUtils.java:39) - Test Runner excel row at: 10
18:11:44.368 INFO  utils.ExcelUtils (ExcelUtils.java:39) - Test Runner excel row at: 11
18:11:44.369 INFO  utils.ExcelUtils (ExcelUtils.java:39) - Test Runner excel row at: 12
18:11:44.370 INFO  utils.ExcelUtils (ExcelUtils.java:39) - Test Runner excel row at: 13
18:11:44.371 INFO  utils.ExcelUtils (ExcelUtils.java:39) - Test Runner excel row at: 14
18:11:44.371 INFO  utils.ExcelUtils (ExcelUtils.java:39) - Test Runner excel row at: 15
18:11:44.372 INFO  utils.ExcelUtils (ExcelUtils.java:39) - Test Runner excel row at: 16
18:11:44.372 INFO  utils.ExcelUtils (ExcelUtils.java:39) - Test Runner excel row at: 17
18:11:44.373 INFO  utils.ExcelUtils (ExcelUtils.java:39) - Test Runner excel row at: 18
18:11:44.373 INFO  utils.ExcelUtils (ExcelUtils.java:39) - Test Runner excel row at: 19
18:11:44.374 INFO  utils.ExcelUtils (ExcelUtils.java:39) - Test Runner excel row at: 20
18:11:44.375 INFO  utils.ExcelUtils (ExcelUtils.java:39) - Test Runner excel row at: 21
18:11:44.375 INFO  utils.ExcelUtils (ExcelUtils.java:39) - Test Runner excel row at: 22
18:11:44.376 INFO  utils.ExcelUtils (ExcelUtils.java:39) - Test Runner excel row at: 23
18:11:44.376 INFO  utils.ExcelUtils (ExcelUtils.java:39) - Test Runner excel row at: 24
18:11:44.377 INFO  utils.ExcelUtils (ExcelUtils.java:39) - Test Runner excel row at: 25
18:11:44.377 INFO  utils.ExcelUtils (ExcelUtils.java:39) - Test Runner excel row at: 26
18:11:44.378 INFO  utils.ExcelUtils (ExcelUtils.java:39) - Test Runner excel row at: 27
18:11:44.378 INFO  utils.ExcelUtils (ExcelUtils.java:39) - Test Runner excel row at: 28
18:11:44.378 INFO  utils.ExcelUtils (ExcelUtils.java:39) - Test Runner excel row at: 29
18:11:44.379 INFO  utils.ExcelUtils (ExcelUtils.java:39) - Test Runner excel row at: 30
18:11:44.379 INFO  utils.ExcelUtils (ExcelUtils.java:39) - Test Runner excel row at: 31
18:11:44.380 INFO  utils.ExcelUtils (ExcelUtils.java:39) - Test Runner excel row at: 32
18:11:44.380 INFO  utils.ExcelUtils (ExcelUtils.java:39) - Test Runner excel row at: 33
18:11:44.381 INFO  utils.ExcelUtils (ExcelUtils.java:39) - Test Runner excel row at: 34
18:11:44.381 INFO  utils.ExcelUtils (ExcelUtils.java:39) - Test Runner excel row at: 35
18:11:44.382 INFO  utils.ExcelUtils (ExcelUtils.java:39) - Test Runner excel row at: 36
18:11:44.382 INFO  utils.ExcelUtils (ExcelUtils.java:39) - Test Runner excel row at: 37
18:11:44.382 INFO  utils.ExcelUtils (ExcelUtils.java:39) - Test Runner excel row at: 38
18:11:44.383 INFO  utils.ExcelUtils (ExcelUtils.java:39) - Test Runner excel row at: 39
18:11:44.384 INFO  utils.ExcelUtils (ExcelUtils.java:39) - Test Runner excel row at: 40
18:11:44.384 INFO  utils.ExcelUtils (ExcelUtils.java:39) - Test Runner excel row at: 41
18:11:44.385 INFO  utils.ExcelUtils (ExcelUtils.java:39) - Test Runner excel row at: 42
18:11:44.385 INFO  utils.ExcelUtils (ExcelUtils.java:39) - Test Runner excel row at: 43
18:11:44.386 INFO  utils.ExcelUtils (ExcelUtils.java:39) - Test Runner excel row at: 44
18:11:44.387 INFO  utils.ExcelUtils (ExcelUtils.java:39) - Test Runner excel row at: 45
18:11:44.388 INFO  utils.ExcelUtils (ExcelUtils.java:39) - Test Runner excel row at: 46
18:11:44.388 INFO  utils.ExcelUtils (ExcelUtils.java:39) - Test Runner excel row at: 47
18:11:44.388 INFO  utils.ExcelUtils (ExcelUtils.java:39) - Test Runner excel row at: 48
18:11:44.389 INFO  utils.ExcelUtils (ExcelUtils.java:39) - Test Runner excel row at: 49
18:11:44.389 INFO  utils.ExcelUtils (ExcelUtils.java:39) - Test Runner excel row at: 50
18:11:44.390 INFO  utils.ExcelUtils (ExcelUtils.java:39) - Test Runner excel row at: 51
18:11:44.390 INFO  utils.ExcelUtils (ExcelUtils.java:39) - Test Runner excel row at: 52
18:11:44.391 INFO  utils.ExcelUtils (ExcelUtils.java:39) - Test Runner excel row at: 53
18:11:44.391 INFO  utils.ExcelUtils (ExcelUtils.java:39) - Test Runner excel row at: 54
18:11:44.392 INFO  utils.ExcelUtils (ExcelUtils.java:39) - Test Runner excel row at: 55
18:11:44.392 INFO  utils.ExcelUtils (ExcelUtils.java:39) - Test Runner excel row at: 56
18:11:44.392 INFO  utils.ExcelUtils (ExcelUtils.java:39) - Test Runner excel row at: 57
18:11:49.212 INFO  driver.WebDriverFactory (WebDriverFactory.java:207) - Setting up the browser window to its max.
18:11:49.414 INFO  driver.WebDriverFactory (WebDriverFactory.java:196) - Initializing the implicit wait timeout for {} 5
18:11:49.439 INFO  driver.WebDriverFactory (WebDriverFactory.java:199) - Initializing the page load timeout.
18:11:49.450 INFO  driver.DriverFactory (DriverFactory.java:122) - Clearing all the cookies.
18:11:49.476 INFO  driver.DriverFactory (DriverFactory.java:59) - Open the url {} https://qa.smartcmobile.net/SCM_10.0_S-CSP/ using the selenium get() method.
18:12:06.824 INFO  csp.AdminNotificationTests (AdminNotificationTests.java:548) - To verify the tests with the below test case id's: C113233,C113234,C113235,C113237 
18:12:23.097 INFO  connectme.ConnectMeEndpoints (ConnectMeEndpoints.java:125) - Initializing the add Connect me payload.
18:12:27.191 INFO  connectme.ConnectMeEndpoints (ConnectMeEndpoints.java:133) - Initializing the add  Programs connect me specification.
18:13:38.861 INFO  connectme.ConnectMeEndpoints (ConnectMeEndpoints.java:147) - Hit the add Programs ConnectMe with given request specification: io.restassured.internal.RequestSpecificationImpl@20a3321a
and the endpoint is : /ContactUs/SetConnectMeRequest
and with given http verb : POST
18:17:43.743 INFO  driver.DriverFactory (DriverFactory.java:122) - Clearing all the cookies.
