16:36:25.998 INFO  runner.TestRunner (TestRunner.java:32) - Initializing application properties config file.
16:36:26.001 INFO  runner.TestRunner (TestRunner.java:35) - Initializing connection to the base database.
16:36:26.088 WARN  config.DatabaseConfiguration (DatabaseConfiguration.java:84) - QA env being used by default. No env property set. This can be set in the sentinel.yml config file with a '{}=' property or on the command line with the switch '-D{}='.
16:36:27.704 INFO  runner.TestRunner (TestRunner.java:38) - Initializing resource path config file.
16:36:27.705 INFO  runner.TestRunner (TestRunner.java:41) - Initializing usage months config from CSP.
16:36:28.555 INFO  runner.TestRunner (TestRunner.java:44) - Initializing date config from CSP.
16:36:29.330 INFO  runner.TestRunner (TestRunner.java:47) - Initializing language config from CSP.
16:36:30.104 INFO  runner.TestRunner (TestRunner.java:50) - Initializing language config from CSP.
16:36:30.890 INFO  runner.TestRunner (TestRunner.java:53) - Initializing language config from CSP.
16:36:31.733 INFO  runner.TestRunner (TestRunner.java:56) - Initializing user model config.
16:36:31.747 WARN  config.Configuration (Configuration.java:231) - QA env being used by default. No env property set. This can be set in the sew.app.yml config file with a '{}=' property or on the command line with the switch '-D{}='.
16:36:32.525 INFO  runner.TestRunner (TestRunner.java:59) - Initializing auth token config.
17:19:17.212 INFO  runner.TestRunner (TestRunner.java:32) - Initializing application properties config file.
17:19:17.213 INFO  runner.TestRunner (TestRunner.java:35) - Initializing connection to the base database.
17:19:17.299 WARN  config.DatabaseConfiguration (DatabaseConfiguration.java:84) - QA env being used by default. No env property set. This can be set in the sentinel.yml config file with a '{}=' property or on the command line with the switch '-D{}='.
17:19:18.932 INFO  runner.TestRunner (TestRunner.java:38) - Initializing resource path config file.
17:19:18.933 INFO  runner.TestRunner (TestRunner.java:41) - Initializing usage months config from CSP.
17:19:19.767 INFO  runner.TestRunner (TestRunner.java:44) - Initializing date config from CSP.
17:19:20.551 INFO  runner.TestRunner (TestRunner.java:47) - Initializing language config from CSP.
17:19:21.377 INFO  runner.TestRunner (TestRunner.java:50) - Initializing language config from CSP.
17:19:22.167 INFO  runner.TestRunner (TestRunner.java:53) - Initializing language config from CSP.
17:19:23.017 INFO  runner.TestRunner (TestRunner.java:56) - Initializing user model config.
17:19:23.033 WARN  config.Configuration (Configuration.java:231) - QA env being used by default. No env property set. This can be set in the sew.app.yml config file with a '{}=' property or on the command line with the switch '-D{}='.
17:19:23.813 INFO  runner.TestRunner (TestRunner.java:59) - Initializing auth token config.
17:22:41.408 INFO  runner.TestRunner (TestRunner.java:32) - Initializing application properties config file.
17:22:41.410 INFO  runner.TestRunner (TestRunner.java:35) - Initializing connection to the base database.
17:22:41.494 WARN  config.DatabaseConfiguration (DatabaseConfiguration.java:84) - QA env being used by default. No env property set. This can be set in the sentinel.yml config file with a '{}=' property or on the command line with the switch '-D{}='.
17:22:43.140 INFO  runner.TestRunner (TestRunner.java:38) - Initializing resource path config file.
17:22:43.141 INFO  runner.TestRunner (TestRunner.java:41) - Initializing usage months config from CSP.
17:22:43.973 INFO  runner.TestRunner (TestRunner.java:44) - Initializing date config from CSP.
17:22:44.759 INFO  runner.TestRunner (TestRunner.java:47) - Initializing language config from CSP.
17:22:45.571 INFO  runner.TestRunner (TestRunner.java:50) - Initializing language config from CSP.
17:22:46.399 INFO  runner.TestRunner (TestRunner.java:53) - Initializing language config from CSP.
17:22:47.208 INFO  runner.TestRunner (TestRunner.java:56) - Initializing user model config.
17:22:47.221 WARN  config.Configuration (Configuration.java:231) - QA env being used by default. No env property set. This can be set in the sew.app.yml config file with a '{}=' property or on the command line with the switch '-D{}='.
17:22:48.028 INFO  runner.TestRunner (TestRunner.java:59) - Initializing auth token config.
17:22:48.266 INFO  utils.ExcelUtils (ExcelUtils.java:35) - Test Runner excel row at: 1
17:22:48.266 INFO  utils.ExcelUtils (ExcelUtils.java:38) - Test Runner excel col at: 0
17:22:48.268 INFO  utils.ExcelUtils (ExcelUtils.java:38) - Test Runner excel col at: 1
17:22:48.268 INFO  utils.ExcelUtils (ExcelUtils.java:38) - Test Runner excel col at: 2
17:22:48.269 INFO  utils.ExcelUtils (ExcelUtils.java:38) - Test Runner excel col at: 3
17:22:48.269 INFO  utils.ExcelUtils (ExcelUtils.java:38) - Test Runner excel col at: 4
17:22:48.269 INFO  utils.ExcelUtils (ExcelUtils.java:38) - Test Runner excel col at: 5
17:22:48.269 INFO  utils.ExcelUtils (ExcelUtils.java:35) - Test Runner excel row at: 2
17:22:48.269 INFO  utils.ExcelUtils (ExcelUtils.java:38) - Test Runner excel col at: 0
17:22:48.269 INFO  utils.ExcelUtils (ExcelUtils.java:38) - Test Runner excel col at: 1
17:22:48.269 INFO  utils.ExcelUtils (ExcelUtils.java:38) - Test Runner excel col at: 2
17:22:48.270 INFO  utils.ExcelUtils (ExcelUtils.java:38) - Test Runner excel col at: 3
17:22:48.270 INFO  utils.ExcelUtils (ExcelUtils.java:38) - Test Runner excel col at: 4
17:22:48.270 INFO  utils.ExcelUtils (ExcelUtils.java:38) - Test Runner excel col at: 5
17:22:48.270 INFO  utils.ExcelUtils (ExcelUtils.java:35) - Test Runner excel row at: 3
17:22:48.270 INFO  utils.ExcelUtils (ExcelUtils.java:38) - Test Runner excel col at: 0
17:22:48.270 INFO  utils.ExcelUtils (ExcelUtils.java:38) - Test Runner excel col at: 1
17:22:48.270 INFO  utils.ExcelUtils (ExcelUtils.java:38) - Test Runner excel col at: 2
17:22:48.270 INFO  utils.ExcelUtils (ExcelUtils.java:38) - Test Runner excel col at: 3
17:22:48.271 INFO  utils.ExcelUtils (ExcelUtils.java:38) - Test Runner excel col at: 4
17:22:48.271 INFO  utils.ExcelUtils (ExcelUtils.java:38) - Test Runner excel col at: 5
17:22:48.271 INFO  utils.ExcelUtils (ExcelUtils.java:35) - Test Runner excel row at: 4
17:22:48.271 INFO  utils.ExcelUtils (ExcelUtils.java:38) - Test Runner excel col at: 0
17:22:48.271 INFO  utils.ExcelUtils (ExcelUtils.java:38) - Test Runner excel col at: 1
17:22:48.271 INFO  utils.ExcelUtils (ExcelUtils.java:38) - Test Runner excel col at: 2
17:22:48.271 INFO  utils.ExcelUtils (ExcelUtils.java:38) - Test Runner excel col at: 3
17:22:48.271 INFO  utils.ExcelUtils (ExcelUtils.java:38) - Test Runner excel col at: 4
17:22:48.271 INFO  utils.ExcelUtils (ExcelUtils.java:38) - Test Runner excel col at: 5
17:22:48.271 INFO  utils.ExcelUtils (ExcelUtils.java:35) - Test Runner excel row at: 5
17:22:48.272 INFO  utils.ExcelUtils (ExcelUtils.java:38) - Test Runner excel col at: 0
17:22:48.272 INFO  utils.ExcelUtils (ExcelUtils.java:38) - Test Runner excel col at: 1
17:22:48.272 INFO  utils.ExcelUtils (ExcelUtils.java:38) - Test Runner excel col at: 2
17:22:48.272 INFO  utils.ExcelUtils (ExcelUtils.java:38) - Test Runner excel col at: 3
17:22:48.272 INFO  utils.ExcelUtils (ExcelUtils.java:38) - Test Runner excel col at: 4
17:22:48.272 INFO  utils.ExcelUtils (ExcelUtils.java:38) - Test Runner excel col at: 5
17:22:48.272 INFO  utils.ExcelUtils (ExcelUtils.java:35) - Test Runner excel row at: 6
17:22:48.273 INFO  utils.ExcelUtils (ExcelUtils.java:38) - Test Runner excel col at: 0
17:22:48.273 INFO  utils.ExcelUtils (ExcelUtils.java:38) - Test Runner excel col at: 1
17:22:48.273 INFO  utils.ExcelUtils (ExcelUtils.java:38) - Test Runner excel col at: 2
17:22:48.273 INFO  utils.ExcelUtils (ExcelUtils.java:38) - Test Runner excel col at: 3
17:22:48.273 INFO  utils.ExcelUtils (ExcelUtils.java:38) - Test Runner excel col at: 4
17:22:48.273 INFO  utils.ExcelUtils (ExcelUtils.java:38) - Test Runner excel col at: 5
17:22:48.273 INFO  utils.ExcelUtils (ExcelUtils.java:35) - Test Runner excel row at: 7
17:22:48.273 INFO  utils.ExcelUtils (ExcelUtils.java:38) - Test Runner excel col at: 0
17:22:48.273 INFO  utils.ExcelUtils (ExcelUtils.java:38) - Test Runner excel col at: 1
17:22:48.273 INFO  utils.ExcelUtils (ExcelUtils.java:38) - Test Runner excel col at: 2
17:22:48.273 INFO  utils.ExcelUtils (ExcelUtils.java:38) - Test Runner excel col at: 3
17:22:48.274 INFO  utils.ExcelUtils (ExcelUtils.java:38) - Test Runner excel col at: 4
17:22:48.274 INFO  utils.ExcelUtils (ExcelUtils.java:38) - Test Runner excel col at: 5
17:22:48.274 INFO  utils.ExcelUtils (ExcelUtils.java:35) - Test Runner excel row at: 8
17:22:48.274 INFO  utils.ExcelUtils (ExcelUtils.java:38) - Test Runner excel col at: 0
17:22:48.274 INFO  utils.ExcelUtils (ExcelUtils.java:38) - Test Runner excel col at: 1
17:22:48.274 INFO  utils.ExcelUtils (ExcelUtils.java:38) - Test Runner excel col at: 2
17:22:48.274 INFO  utils.ExcelUtils (ExcelUtils.java:38) - Test Runner excel col at: 3
17:22:48.274 INFO  utils.ExcelUtils (ExcelUtils.java:38) - Test Runner excel col at: 4
17:22:48.274 INFO  utils.ExcelUtils (ExcelUtils.java:38) - Test Runner excel col at: 5
17:22:48.274 INFO  utils.ExcelUtils (ExcelUtils.java:35) - Test Runner excel row at: 9
17:22:48.274 INFO  utils.ExcelUtils (ExcelUtils.java:38) - Test Runner excel col at: 0
17:22:48.274 INFO  utils.ExcelUtils (ExcelUtils.java:38) - Test Runner excel col at: 1
17:22:48.274 INFO  utils.ExcelUtils (ExcelUtils.java:38) - Test Runner excel col at: 2
17:22:48.275 INFO  utils.ExcelUtils (ExcelUtils.java:38) - Test Runner excel col at: 3
17:22:48.275 INFO  utils.ExcelUtils (ExcelUtils.java:38) - Test Runner excel col at: 4
17:22:48.275 INFO  utils.ExcelUtils (ExcelUtils.java:38) - Test Runner excel col at: 5
17:22:48.275 INFO  utils.ExcelUtils (ExcelUtils.java:35) - Test Runner excel row at: 10
17:22:48.275 INFO  utils.ExcelUtils (ExcelUtils.java:38) - Test Runner excel col at: 0
17:22:48.275 INFO  utils.ExcelUtils (ExcelUtils.java:38) - Test Runner excel col at: 1
17:22:48.275 INFO  utils.ExcelUtils (ExcelUtils.java:38) - Test Runner excel col at: 2
17:22:48.275 INFO  utils.ExcelUtils (ExcelUtils.java:38) - Test Runner excel col at: 3
17:22:48.275 INFO  utils.ExcelUtils (ExcelUtils.java:38) - Test Runner excel col at: 4
17:22:48.275 INFO  utils.ExcelUtils (ExcelUtils.java:38) - Test Runner excel col at: 5
17:22:48.275 INFO  utils.ExcelUtils (ExcelUtils.java:35) - Test Runner excel row at: 11
17:22:48.275 INFO  utils.ExcelUtils (ExcelUtils.java:38) - Test Runner excel col at: 0
17:22:48.275 INFO  utils.ExcelUtils (ExcelUtils.java:38) - Test Runner excel col at: 1
17:22:48.276 INFO  utils.ExcelUtils (ExcelUtils.java:38) - Test Runner excel col at: 2
17:22:48.276 INFO  utils.ExcelUtils (ExcelUtils.java:38) - Test Runner excel col at: 3
17:22:48.276 INFO  utils.ExcelUtils (ExcelUtils.java:38) - Test Runner excel col at: 4
17:22:48.276 INFO  utils.ExcelUtils (ExcelUtils.java:38) - Test Runner excel col at: 5
17:22:48.276 INFO  utils.ExcelUtils (ExcelUtils.java:35) - Test Runner excel row at: 12
17:22:48.276 INFO  utils.ExcelUtils (ExcelUtils.java:38) - Test Runner excel col at: 0
17:22:48.276 INFO  utils.ExcelUtils (ExcelUtils.java:38) - Test Runner excel col at: 1
17:22:48.276 INFO  utils.ExcelUtils (ExcelUtils.java:38) - Test Runner excel col at: 2
17:22:48.276 INFO  utils.ExcelUtils (ExcelUtils.java:38) - Test Runner excel col at: 3
17:22:48.276 INFO  utils.ExcelUtils (ExcelUtils.java:38) - Test Runner excel col at: 4
17:22:48.276 INFO  utils.ExcelUtils (ExcelUtils.java:38) - Test Runner excel col at: 5
17:22:48.276 INFO  utils.ExcelUtils (ExcelUtils.java:35) - Test Runner excel row at: 13
17:22:48.276 INFO  utils.ExcelUtils (ExcelUtils.java:38) - Test Runner excel col at: 0
17:22:48.277 INFO  utils.ExcelUtils (ExcelUtils.java:38) - Test Runner excel col at: 1
17:22:48.277 INFO  utils.ExcelUtils (ExcelUtils.java:38) - Test Runner excel col at: 2
17:22:48.277 INFO  utils.ExcelUtils (ExcelUtils.java:38) - Test Runner excel col at: 3
17:22:48.277 INFO  utils.ExcelUtils (ExcelUtils.java:38) - Test Runner excel col at: 4
17:22:48.277 INFO  utils.ExcelUtils (ExcelUtils.java:38) - Test Runner excel col at: 5
17:22:48.277 INFO  utils.ExcelUtils (ExcelUtils.java:35) - Test Runner excel row at: 14
17:22:48.277 INFO  utils.ExcelUtils (ExcelUtils.java:38) - Test Runner excel col at: 0
17:22:48.277 INFO  utils.ExcelUtils (ExcelUtils.java:38) - Test Runner excel col at: 1
17:22:48.277 INFO  utils.ExcelUtils (ExcelUtils.java:38) - Test Runner excel col at: 2
17:22:48.277 INFO  utils.ExcelUtils (ExcelUtils.java:38) - Test Runner excel col at: 3
17:22:48.277 INFO  utils.ExcelUtils (ExcelUtils.java:38) - Test Runner excel col at: 4
17:22:48.277 INFO  utils.ExcelUtils (ExcelUtils.java:38) - Test Runner excel col at: 5
17:22:48.277 INFO  utils.ExcelUtils (ExcelUtils.java:35) - Test Runner excel row at: 15
17:22:48.277 INFO  utils.ExcelUtils (ExcelUtils.java:38) - Test Runner excel col at: 0
17:22:48.278 INFO  utils.ExcelUtils (ExcelUtils.java:38) - Test Runner excel col at: 1
17:22:48.278 INFO  utils.ExcelUtils (ExcelUtils.java:38) - Test Runner excel col at: 2
17:22:48.278 INFO  utils.ExcelUtils (ExcelUtils.java:38) - Test Runner excel col at: 3
17:22:48.278 INFO  utils.ExcelUtils (ExcelUtils.java:38) - Test Runner excel col at: 4
17:22:48.278 INFO  utils.ExcelUtils (ExcelUtils.java:38) - Test Runner excel col at: 5
17:22:48.278 INFO  utils.ExcelUtils (ExcelUtils.java:35) - Test Runner excel row at: 16
17:22:48.278 INFO  utils.ExcelUtils (ExcelUtils.java:38) - Test Runner excel col at: 0
17:22:48.278 INFO  utils.ExcelUtils (ExcelUtils.java:38) - Test Runner excel col at: 1
17:22:48.278 INFO  utils.ExcelUtils (ExcelUtils.java:38) - Test Runner excel col at: 2
17:22:48.278 INFO  utils.ExcelUtils (ExcelUtils.java:38) - Test Runner excel col at: 3
17:22:48.278 INFO  utils.ExcelUtils (ExcelUtils.java:38) - Test Runner excel col at: 4
17:22:48.278 INFO  utils.ExcelUtils (ExcelUtils.java:38) - Test Runner excel col at: 5
17:22:48.279 INFO  utils.ExcelUtils (ExcelUtils.java:35) - Test Runner excel row at: 17
17:22:48.279 INFO  utils.ExcelUtils (ExcelUtils.java:38) - Test Runner excel col at: 0
17:22:48.279 INFO  utils.ExcelUtils (ExcelUtils.java:38) - Test Runner excel col at: 1
17:22:48.279 INFO  utils.ExcelUtils (ExcelUtils.java:38) - Test Runner excel col at: 2
17:22:48.279 INFO  utils.ExcelUtils (ExcelUtils.java:38) - Test Runner excel col at: 3
17:22:48.279 INFO  utils.ExcelUtils (ExcelUtils.java:38) - Test Runner excel col at: 4
17:22:48.279 INFO  utils.ExcelUtils (ExcelUtils.java:38) - Test Runner excel col at: 5
17:22:48.279 INFO  utils.ExcelUtils (ExcelUtils.java:35) - Test Runner excel row at: 18
17:22:48.279 INFO  utils.ExcelUtils (ExcelUtils.java:38) - Test Runner excel col at: 0
17:22:48.279 INFO  utils.ExcelUtils (ExcelUtils.java:38) - Test Runner excel col at: 1
17:22:48.279 INFO  utils.ExcelUtils (ExcelUtils.java:38) - Test Runner excel col at: 2
17:22:48.279 INFO  utils.ExcelUtils (ExcelUtils.java:38) - Test Runner excel col at: 3
17:22:48.279 INFO  utils.ExcelUtils (ExcelUtils.java:38) - Test Runner excel col at: 4
17:22:48.279 INFO  utils.ExcelUtils (ExcelUtils.java:38) - Test Runner excel col at: 5
17:22:48.280 INFO  utils.ExcelUtils (ExcelUtils.java:35) - Test Runner excel row at: 19
17:22:48.280 INFO  utils.ExcelUtils (ExcelUtils.java:38) - Test Runner excel col at: 0
17:27:10.690 INFO  runner.TestRunner (TestRunner.java:32) - Initializing application properties config file.
17:27:10.692 INFO  runner.TestRunner (TestRunner.java:35) - Initializing connection to the base database.
17:27:10.782 WARN  config.DatabaseConfiguration (DatabaseConfiguration.java:84) - QA env being used by default. No env property set. This can be set in the sentinel.yml config file with a '{}=' property or on the command line with the switch '-D{}='.
17:27:12.458 INFO  runner.TestRunner (TestRunner.java:38) - Initializing resource path config file.
17:27:12.459 INFO  runner.TestRunner (TestRunner.java:41) - Initializing usage months config from CSP.
17:27:13.286 INFO  runner.TestRunner (TestRunner.java:44) - Initializing date config from CSP.
17:27:14.069 INFO  runner.TestRunner (TestRunner.java:47) - Initializing language config from CSP.
17:27:14.893 INFO  runner.TestRunner (TestRunner.java:50) - Initializing language config from CSP.
17:27:15.680 INFO  runner.TestRunner (TestRunner.java:53) - Initializing language config from CSP.
17:27:16.462 INFO  runner.TestRunner (TestRunner.java:56) - Initializing user model config.
17:27:16.476 WARN  config.Configuration (Configuration.java:231) - QA env being used by default. No env property set. This can be set in the sew.app.yml config file with a '{}=' property or on the command line with the switch '-D{}='.
17:27:17.255 INFO  runner.TestRunner (TestRunner.java:59) - Initializing auth token config.
17:27:17.499 INFO  utils.ExcelUtils (ExcelUtils.java:35) - Test Runner excel row at: 1
17:27:17.501 INFO  utils.ExcelUtils (ExcelUtils.java:35) - Test Runner excel row at: 2
17:27:17.501 INFO  utils.ExcelUtils (ExcelUtils.java:35) - Test Runner excel row at: 3
17:27:17.502 INFO  utils.ExcelUtils (ExcelUtils.java:35) - Test Runner excel row at: 4
17:27:17.502 INFO  utils.ExcelUtils (ExcelUtils.java:35) - Test Runner excel row at: 5
17:27:17.502 INFO  utils.ExcelUtils (ExcelUtils.java:35) - Test Runner excel row at: 6
17:27:17.502 INFO  utils.ExcelUtils (ExcelUtils.java:35) - Test Runner excel row at: 7
17:27:17.502 INFO  utils.ExcelUtils (ExcelUtils.java:35) - Test Runner excel row at: 8
17:27:17.503 INFO  utils.ExcelUtils (ExcelUtils.java:35) - Test Runner excel row at: 9
17:27:17.503 INFO  utils.ExcelUtils (ExcelUtils.java:35) - Test Runner excel row at: 10
17:27:17.503 INFO  utils.ExcelUtils (ExcelUtils.java:35) - Test Runner excel row at: 11
17:27:17.503 INFO  utils.ExcelUtils (ExcelUtils.java:35) - Test Runner excel row at: 12
17:27:17.503 INFO  utils.ExcelUtils (ExcelUtils.java:35) - Test Runner excel row at: 13
17:27:17.504 INFO  utils.ExcelUtils (ExcelUtils.java:35) - Test Runner excel row at: 14
17:27:17.504 INFO  utils.ExcelUtils (ExcelUtils.java:35) - Test Runner excel row at: 15
17:27:17.504 INFO  utils.ExcelUtils (ExcelUtils.java:35) - Test Runner excel row at: 16
17:27:17.504 INFO  utils.ExcelUtils (ExcelUtils.java:35) - Test Runner excel row at: 17
17:27:17.504 INFO  utils.ExcelUtils (ExcelUtils.java:35) - Test Runner excel row at: 18
17:27:21.539 INFO  driver.WebDriverFactory (WebDriverFactory.java:207) - Setting up the browser window to its max.
17:27:21.983 INFO  driver.WebDriverFactory (WebDriverFactory.java:196) - Initializing the implicit wait timeout for {} 5
17:27:21.992 INFO  driver.WebDriverFactory (WebDriverFactory.java:199) - Initializing the page load timeout.
17:27:21.996 INFO  driver.DriverFactory (DriverFactory.java:96) - Clearing all the cookies.
17:27:22.016 INFO  driver.DriverFactory (DriverFactory.java:57) - Open the url {} https://qa.smartcmobile.net/SCM_10.0_S-SCP/ using the selenium get() method.
17:27:34.178 INFO  scp.LoginTests (LoginTests.java:336) - To verify the tests with the below test case id's: C75078
17:27:34.205 INFO  scp.LoginTests (LoginTests.java:347) - Chat bot is not enabled from CSP
17:27:34.205 INFO  scp.LoginTests (LoginTests.java:351) - Test Case execution for - verifyChatWindow - is Completed.
17:27:37.024 INFO  driver.DriverFactory (DriverFactory.java:96) - Clearing all the cookies.
17:28:59.667 INFO  runner.TestRunner (TestRunner.java:32) - Initializing application properties config file.
17:28:59.669 INFO  runner.TestRunner (TestRunner.java:35) - Initializing connection to the base database.
17:28:59.758 WARN  config.DatabaseConfiguration (DatabaseConfiguration.java:84) - QA env being used by default. No env property set. This can be set in the sentinel.yml config file with a '{}=' property or on the command line with the switch '-D{}='.
17:29:01.327 INFO  runner.TestRunner (TestRunner.java:38) - Initializing resource path config file.
17:29:01.328 INFO  runner.TestRunner (TestRunner.java:41) - Initializing usage months config from CSP.
17:29:02.158 INFO  runner.TestRunner (TestRunner.java:44) - Initializing date config from CSP.
17:29:03.025 INFO  runner.TestRunner (TestRunner.java:47) - Initializing language config from CSP.
17:29:03.804 INFO  runner.TestRunner (TestRunner.java:50) - Initializing language config from CSP.
17:29:04.678 INFO  runner.TestRunner (TestRunner.java:53) - Initializing language config from CSP.
17:29:05.488 INFO  runner.TestRunner (TestRunner.java:56) - Initializing user model config.
17:29:05.501 WARN  config.Configuration (Configuration.java:231) - QA env being used by default. No env property set. This can be set in the sew.app.yml config file with a '{}=' property or on the command line with the switch '-D{}='.
17:29:06.305 INFO  runner.TestRunner (TestRunner.java:59) - Initializing auth token config.
17:29:06.558 INFO  utils.ExcelUtils (ExcelUtils.java:35) - Test Runner excel row at: 1
17:29:06.560 INFO  utils.ExcelUtils (ExcelUtils.java:35) - Test Runner excel row at: 2
17:29:06.561 INFO  utils.ExcelUtils (ExcelUtils.java:35) - Test Runner excel row at: 3
17:29:06.561 INFO  utils.ExcelUtils (ExcelUtils.java:35) - Test Runner excel row at: 4
17:29:06.561 INFO  utils.ExcelUtils (ExcelUtils.java:35) - Test Runner excel row at: 5
17:29:06.561 INFO  utils.ExcelUtils (ExcelUtils.java:35) - Test Runner excel row at: 6
17:29:06.562 INFO  utils.ExcelUtils (ExcelUtils.java:35) - Test Runner excel row at: 7
17:29:06.562 INFO  utils.ExcelUtils (ExcelUtils.java:35) - Test Runner excel row at: 8
17:29:06.562 INFO  utils.ExcelUtils (ExcelUtils.java:35) - Test Runner excel row at: 9
17:29:06.562 INFO  utils.ExcelUtils (ExcelUtils.java:35) - Test Runner excel row at: 10
17:29:06.562 INFO  utils.ExcelUtils (ExcelUtils.java:35) - Test Runner excel row at: 11
17:29:06.563 INFO  utils.ExcelUtils (ExcelUtils.java:35) - Test Runner excel row at: 12
17:29:06.563 INFO  utils.ExcelUtils (ExcelUtils.java:35) - Test Runner excel row at: 13
17:29:06.563 INFO  utils.ExcelUtils (ExcelUtils.java:35) - Test Runner excel row at: 14
17:29:06.563 INFO  utils.ExcelUtils (ExcelUtils.java:35) - Test Runner excel row at: 15
17:29:06.563 INFO  utils.ExcelUtils (ExcelUtils.java:35) - Test Runner excel row at: 16
17:29:06.564 INFO  utils.ExcelUtils (ExcelUtils.java:35) - Test Runner excel row at: 17
17:29:06.564 INFO  utils.ExcelUtils (ExcelUtils.java:35) - Test Runner excel row at: 18
17:29:07.944 INFO  driver.WebDriverFactory (WebDriverFactory.java:207) - Setting up the browser window to its max.
17:29:08.370 INFO  driver.WebDriverFactory (WebDriverFactory.java:196) - Initializing the implicit wait timeout for {} 5
17:29:08.373 INFO  driver.WebDriverFactory (WebDriverFactory.java:199) - Initializing the page load timeout.
17:29:08.375 INFO  driver.DriverFactory (DriverFactory.java:96) - Clearing all the cookies.
17:29:08.380 INFO  driver.DriverFactory (DriverFactory.java:57) - Open the url {} https://qa.smartcmobile.net/SCM_10.0_S-SCP/ using the selenium get() method.
17:29:20.608 INFO  scp.LoginTests (LoginTests.java:336) - To verify the tests with the below test case id's: C75078
17:29:20.635 INFO  scp.LoginTests (LoginTests.java:347) - Chat bot is not enabled from CSP
17:29:20.635 INFO  scp.LoginTests (LoginTests.java:351) - Test Case execution for - verifyChatWindow - is Completed.
17:29:22.600 INFO  driver.DriverFactory (DriverFactory.java:96) - Clearing all the cookies.
17:30:13.485 INFO  runner.TestRunner (TestRunner.java:32) - Initializing application properties config file.
17:30:13.487 INFO  runner.TestRunner (TestRunner.java:35) - Initializing connection to the base database.
17:30:13.575 WARN  config.DatabaseConfiguration (DatabaseConfiguration.java:84) - QA env being used by default. No env property set. This can be set in the sentinel.yml config file with a '{}=' property or on the command line with the switch '-D{}='.
17:30:15.251 INFO  runner.TestRunner (TestRunner.java:38) - Initializing resource path config file.
17:30:15.252 INFO  runner.TestRunner (TestRunner.java:41) - Initializing usage months config from CSP.
17:30:16.073 INFO  runner.TestRunner (TestRunner.java:44) - Initializing date config from CSP.
17:30:16.860 INFO  runner.TestRunner (TestRunner.java:47) - Initializing language config from CSP.
17:30:17.679 INFO  runner.TestRunner (TestRunner.java:50) - Initializing language config from CSP.
17:30:18.467 INFO  runner.TestRunner (TestRunner.java:53) - Initializing language config from CSP.
17:30:19.248 INFO  runner.TestRunner (TestRunner.java:56) - Initializing user model config.
17:30:19.262 WARN  config.Configuration (Configuration.java:231) - QA env being used by default. No env property set. This can be set in the sew.app.yml config file with a '{}=' property or on the command line with the switch '-D{}='.
17:30:20.042 INFO  runner.TestRunner (TestRunner.java:59) - Initializing auth token config.
17:30:20.281 INFO  utils.ExcelUtils (ExcelUtils.java:35) - Test Runner excel row at: 1
17:30:20.283 INFO  utils.ExcelUtils (ExcelUtils.java:35) - Test Runner excel row at: 2
17:30:20.284 INFO  utils.ExcelUtils (ExcelUtils.java:35) - Test Runner excel row at: 3
17:30:20.284 INFO  utils.ExcelUtils (ExcelUtils.java:35) - Test Runner excel row at: 4
17:30:20.284 INFO  utils.ExcelUtils (ExcelUtils.java:35) - Test Runner excel row at: 5
17:30:20.284 INFO  utils.ExcelUtils (ExcelUtils.java:35) - Test Runner excel row at: 6
17:30:20.285 INFO  utils.ExcelUtils (ExcelUtils.java:35) - Test Runner excel row at: 7
17:30:20.285 INFO  utils.ExcelUtils (ExcelUtils.java:35) - Test Runner excel row at: 8
17:30:20.285 INFO  utils.ExcelUtils (ExcelUtils.java:35) - Test Runner excel row at: 9
17:30:20.285 INFO  utils.ExcelUtils (ExcelUtils.java:35) - Test Runner excel row at: 10
17:30:20.286 INFO  utils.ExcelUtils (ExcelUtils.java:35) - Test Runner excel row at: 11
17:30:20.286 INFO  utils.ExcelUtils (ExcelUtils.java:35) - Test Runner excel row at: 12
17:30:20.286 INFO  utils.ExcelUtils (ExcelUtils.java:35) - Test Runner excel row at: 13
17:30:20.286 INFO  utils.ExcelUtils (ExcelUtils.java:35) - Test Runner excel row at: 14
17:30:20.286 INFO  utils.ExcelUtils (ExcelUtils.java:35) - Test Runner excel row at: 15
17:30:20.287 INFO  utils.ExcelUtils (ExcelUtils.java:35) - Test Runner excel row at: 16
17:30:20.287 INFO  utils.ExcelUtils (ExcelUtils.java:35) - Test Runner excel row at: 17
17:30:20.287 INFO  utils.ExcelUtils (ExcelUtils.java:35) - Test Runner excel row at: 18
17:30:21.763 INFO  driver.WebDriverFactory (WebDriverFactory.java:207) - Setting up the browser window to its max.
17:30:22.208 INFO  driver.WebDriverFactory (WebDriverFactory.java:196) - Initializing the implicit wait timeout for {} 5
17:30:22.216 INFO  driver.WebDriverFactory (WebDriverFactory.java:199) - Initializing the page load timeout.
17:30:22.217 INFO  driver.DriverFactory (DriverFactory.java:96) - Clearing all the cookies.
17:30:22.221 INFO  driver.DriverFactory (DriverFactory.java:57) - Open the url {} https://qa.smartcmobile.net/SCM_10.0_S-SCP/ using the selenium get() method.
17:30:34.778 INFO  scp.LoginTests (LoginTests.java:336) - To verify the tests with the below test case id's: C75078
17:30:34.799 INFO  scp.LoginTests (LoginTests.java:347) - Chat bot is not enabled from CSP
17:30:34.800 INFO  scp.LoginTests (LoginTests.java:351) - Test Case execution for - verifyChatWindow - is Completed.
17:30:36.502 INFO  driver.DriverFactory (DriverFactory.java:96) - Clearing all the cookies.
17:32:01.502 INFO  runner.TestRunner (TestRunner.java:32) - Initializing application properties config file.
17:32:01.504 INFO  runner.TestRunner (TestRunner.java:35) - Initializing connection to the base database.
17:32:01.602 WARN  config.DatabaseConfiguration (DatabaseConfiguration.java:84) - QA env being used by default. No env property set. This can be set in the sentinel.yml config file with a '{}=' property or on the command line with the switch '-D{}='.
17:32:03.285 INFO  runner.TestRunner (TestRunner.java:38) - Initializing resource path config file.
17:32:03.286 INFO  runner.TestRunner (TestRunner.java:41) - Initializing usage months config from CSP.
17:32:04.126 INFO  runner.TestRunner (TestRunner.java:44) - Initializing date config from CSP.
17:32:04.997 INFO  runner.TestRunner (TestRunner.java:47) - Initializing language config from CSP.
17:32:05.816 INFO  runner.TestRunner (TestRunner.java:50) - Initializing language config from CSP.
17:32:06.649 INFO  runner.TestRunner (TestRunner.java:53) - Initializing language config from CSP.
17:32:07.431 INFO  runner.TestRunner (TestRunner.java:56) - Initializing user model config.
17:32:07.445 WARN  config.Configuration (Configuration.java:231) - QA env being used by default. No env property set. This can be set in the sew.app.yml config file with a '{}=' property or on the command line with the switch '-D{}='.
17:32:08.226 INFO  runner.TestRunner (TestRunner.java:59) - Initializing auth token config.
17:32:08.477 INFO  utils.ExcelUtils (ExcelUtils.java:35) - Test Runner excel row at: 1
17:32:08.479 INFO  utils.ExcelUtils (ExcelUtils.java:35) - Test Runner excel row at: 2
17:32:08.480 INFO  utils.ExcelUtils (ExcelUtils.java:35) - Test Runner excel row at: 3
17:32:08.480 INFO  utils.ExcelUtils (ExcelUtils.java:35) - Test Runner excel row at: 4
17:32:08.480 INFO  utils.ExcelUtils (ExcelUtils.java:35) - Test Runner excel row at: 5
17:32:08.481 INFO  utils.ExcelUtils (ExcelUtils.java:35) - Test Runner excel row at: 6
17:32:08.481 INFO  utils.ExcelUtils (ExcelUtils.java:35) - Test Runner excel row at: 7
17:32:08.481 INFO  utils.ExcelUtils (ExcelUtils.java:35) - Test Runner excel row at: 8
17:32:08.482 INFO  utils.ExcelUtils (ExcelUtils.java:35) - Test Runner excel row at: 9
17:32:08.482 INFO  utils.ExcelUtils (ExcelUtils.java:35) - Test Runner excel row at: 10
17:32:08.482 INFO  utils.ExcelUtils (ExcelUtils.java:35) - Test Runner excel row at: 11
17:32:08.482 INFO  utils.ExcelUtils (ExcelUtils.java:35) - Test Runner excel row at: 12
17:32:08.483 INFO  utils.ExcelUtils (ExcelUtils.java:35) - Test Runner excel row at: 13
17:32:08.483 INFO  utils.ExcelUtils (ExcelUtils.java:35) - Test Runner excel row at: 14
17:32:08.483 INFO  utils.ExcelUtils (ExcelUtils.java:35) - Test Runner excel row at: 15
17:32:08.484 INFO  utils.ExcelUtils (ExcelUtils.java:35) - Test Runner excel row at: 16
17:32:08.484 INFO  utils.ExcelUtils (ExcelUtils.java:35) - Test Runner excel row at: 17
17:32:08.484 INFO  utils.ExcelUtils (ExcelUtils.java:35) - Test Runner excel row at: 18
17:32:09.891 INFO  driver.WebDriverFactory (WebDriverFactory.java:207) - Setting up the browser window to its max.
17:32:10.335 INFO  driver.WebDriverFactory (WebDriverFactory.java:196) - Initializing the implicit wait timeout for {} 5
17:32:10.342 INFO  driver.WebDriverFactory (WebDriverFactory.java:199) - Initializing the page load timeout.
17:32:10.346 INFO  driver.DriverFactory (DriverFactory.java:96) - Clearing all the cookies.
17:32:10.356 INFO  driver.DriverFactory (DriverFactory.java:57) - Open the url {} https://qa.smartcmobile.net/SCM_10.0_S-SCP/ using the selenium get() method.
17:32:22.610 INFO  scp.LoginTests (LoginTests.java:336) - To verify the tests with the below test case id's: C75078
17:35:05.522 INFO  scp.LoginTests (LoginTests.java:347) - Chat bot is not enabled from CSP
17:35:05.525 INFO  scp.LoginTests (LoginTests.java:351) - Test Case execution for - verifyChatWindow - is Completed.
17:35:07.743 INFO  driver.DriverFactory (DriverFactory.java:96) - Clearing all the cookies.
17:48:20.950 INFO  runner.TestRunner (TestRunner.java:32) - Initializing application properties config file.
17:48:20.953 INFO  runner.TestRunner (TestRunner.java:35) - Initializing connection to the base database.
17:48:21.049 WARN  config.DatabaseConfiguration (DatabaseConfiguration.java:84) - QA env being used by default. No env property set. This can be set in the sentinel.yml config file with a '{}=' property or on the command line with the switch '-D{}='.
17:48:22.792 INFO  runner.TestRunner (TestRunner.java:38) - Initializing resource path config file.
17:48:22.793 INFO  runner.TestRunner (TestRunner.java:41) - Initializing usage months config from CSP.
17:48:23.629 INFO  runner.TestRunner (TestRunner.java:44) - Initializing date config from CSP.
17:48:24.409 INFO  runner.TestRunner (TestRunner.java:47) - Initializing language config from CSP.
17:48:25.183 INFO  runner.TestRunner (TestRunner.java:50) - Initializing language config from CSP.
17:48:26.049 INFO  runner.TestRunner (TestRunner.java:53) - Initializing language config from CSP.
17:48:26.860 INFO  runner.TestRunner (TestRunner.java:56) - Initializing user model config.
17:48:26.873 WARN  config.Configuration (Configuration.java:231) - QA env being used by default. No env property set. This can be set in the sew.app.yml config file with a '{}=' property or on the command line with the switch '-D{}='.
17:48:27.653 INFO  runner.TestRunner (TestRunner.java:59) - Initializing auth token config.
17:48:27.912 INFO  utils.ExcelUtils (ExcelUtils.java:35) - Test Runner excel row at: 1
17:48:27.915 INFO  utils.ExcelUtils (ExcelUtils.java:35) - Test Runner excel row at: 2
17:48:27.915 INFO  utils.ExcelUtils (ExcelUtils.java:35) - Test Runner excel row at: 3
17:48:27.915 INFO  utils.ExcelUtils (ExcelUtils.java:35) - Test Runner excel row at: 4
17:48:27.916 INFO  utils.ExcelUtils (ExcelUtils.java:35) - Test Runner excel row at: 5
17:48:27.916 INFO  utils.ExcelUtils (ExcelUtils.java:35) - Test Runner excel row at: 6
17:48:27.916 INFO  utils.ExcelUtils (ExcelUtils.java:35) - Test Runner excel row at: 7
17:48:27.916 INFO  utils.ExcelUtils (ExcelUtils.java:35) - Test Runner excel row at: 8
17:48:27.917 INFO  utils.ExcelUtils (ExcelUtils.java:35) - Test Runner excel row at: 9
17:48:27.917 INFO  utils.ExcelUtils (ExcelUtils.java:35) - Test Runner excel row at: 10
17:48:27.917 INFO  utils.ExcelUtils (ExcelUtils.java:35) - Test Runner excel row at: 11
17:48:27.917 INFO  utils.ExcelUtils (ExcelUtils.java:35) - Test Runner excel row at: 12
17:48:27.917 INFO  utils.ExcelUtils (ExcelUtils.java:35) - Test Runner excel row at: 13
17:48:27.918 INFO  utils.ExcelUtils (ExcelUtils.java:35) - Test Runner excel row at: 14
17:48:27.918 INFO  utils.ExcelUtils (ExcelUtils.java:35) - Test Runner excel row at: 15
17:48:27.918 INFO  utils.ExcelUtils (ExcelUtils.java:35) - Test Runner excel row at: 16
17:48:27.918 INFO  utils.ExcelUtils (ExcelUtils.java:35) - Test Runner excel row at: 17
17:48:27.919 INFO  utils.ExcelUtils (ExcelUtils.java:35) - Test Runner excel row at: 18
17:48:29.752 INFO  driver.WebDriverFactory (WebDriverFactory.java:207) - Setting up the browser window to its max.
17:48:30.230 INFO  driver.WebDriverFactory (WebDriverFactory.java:196) - Initializing the implicit wait timeout for {} 5
17:48:30.234 INFO  driver.WebDriverFactory (WebDriverFactory.java:199) - Initializing the page load timeout.
17:48:30.236 INFO  driver.DriverFactory (DriverFactory.java:96) - Clearing all the cookies.
17:48:30.243 INFO  driver.DriverFactory (DriverFactory.java:57) - Open the url {} https://qa.smartcmobile.net/SCM_10.0_S-SCP/ using the selenium get() method.
17:48:42.429 INFO  scp.LoginTests (LoginTests.java:258) - To verify the tests with the below test case id's: C77195
17:49:11.446 INFO  utils.DataBaseUtils (DataBaseUtils.java:504) - Connecting to the database
17:49:11.450 INFO  utils.DataBaseUtils (DataBaseUtils.java:528) - No Records obtained for this specific query
17:49:28.464 INFO  driver.DriverFactory (DriverFactory.java:96) - Clearing all the cookies.
