19:06:06.641 INFO  scp.LoginPage (LoginPage.java:108) - Username populated successfully.
19:06:06.643 INFO  scp.LoginPage (LoginPage.java:150) - Populating password {} :Demo@123
19:06:06.660 INFO  driver.Page (    Page.java:120) - Wait for element {} [[ChromeDriver: chrome on WINDOWS (1090fe18232935a53907ea52a47284e4)] -> css selector: [id='txtpwd']] to be present in the DOM for duration of {} 120
19:06:06.660 INFO  driver.Page (    Page.java:235) - Waiting for element to be visible for 120 seconds.
19:06:06.686 INFO  driver.Page (    Page.java:238) - Element is visible on the page.
19:06:06.693 INFO  driver.Page (    Page.java:122) - Clearing the element {} [[ChromeDriver: chrome on WINDOWS (1090fe18232935a53907ea52a47284e4)] -> css selector: [id='txtpwd']] before sending the keys.
19:06:06.746 INFO  driver.Page (    Page.java:124) - Sending the following keys {} Demo@123 to the element {} [[ChromeDriver: chrome on WINDOWS (1090fe18232935a53907ea52a47284e4)] -> css selector: [id='txtpwd']]
19:06:06.795 INFO  scp.LoginPage (LoginPage.java:152) - Password populated successfully.
19:06:06.795 INFO  scp.LoginPage (LoginPage.java:186) - Clicking the sign in button.
19:06:06.795 INFO  driver.Page (    Page.java:58) - Preparing for element to click.
19:06:06.795 INFO  driver.Page (    Page.java:210) - Waiting for element to be clickable for 120 seconds.
19:06:06.826 INFO  driver.Page (    Page.java:213) - Element is clickable now.
19:06:06.881 INFO  driver.Page (    Page.java:61) - Element is clicked successfully.
19:06:06.882 INFO  scp.LoginPage (LoginPage.java:188) - Sign in button clicked successfully.
19:06:06.882 INFO  scp.HomePage (HomePage.java:121) - Wait for page loader visibility.
19:06:06.883 INFO  driver.Page (    Page.java:235) - Waiting for element to be visible for 120 seconds.
19:06:08.003 INFO  driver.Page (    Page.java:238) - Element is visible on the page.
19:06:08.003 INFO  scp.HomePage (HomePage.java:123) - Wait for page loader invisibility.
19:06:08.003 INFO  driver.Page (    Page.java:249) - Waiting for element to be invisible for 120 seconds.
19:06:27.032 INFO  driver.Page (    Page.java:252) - Element is invisible from the page.
19:06:27.041 INFO  scp.DashboardSteps (DashboardSteps.java:916) - Checking that the current page is dashboard page.
19:06:27.041 INFO  driver.Page (    Page.java:39) - Fetching the current URL.
19:06:27.045 INFO  driver.Page (    Page.java:40) - The Current URL is: https://qa.smartcmobile.net/SCM_10.0_S-SCP/Dashboard.aspx
19:06:27.048 INFO  driver.Page (    Page.java:45) - Fetching the current title.
19:06:27.050 INFO  driver.Page (    Page.java:46) - The Current Title is: Dashboard
19:06:27.052 INFO  scp.DashboardSteps (DashboardSteps.java:919) - The current page is dashboard page {}: true
19:06:27.063 INFO  driver.Page (    Page.java:98) - Clicking element {} [[ChromeDriver: chrome on WINDOWS (1090fe18232935a53907ea52a47284e4)] -> xpath: //a[@globalize='ML_DASHBOARD_Lbl_EnergyEfficiency']]using Javascript executor.
19:06:27.063 INFO  driver.Page (    Page.java:210) - Waiting for element to be clickable for 120 seconds.
19:06:27.093 INFO  driver.Page (    Page.java:213) - Element is clickable now.
19:06:27.122 INFO  driver.Page (    Page.java:102) - Element {} [[ChromeDriver: chrome on WINDOWS (1090fe18232935a53907ea52a47284e4)] -> xpath: //a[@globalize='ML_DASHBOARD_Lbl_EnergyEfficiency']] clicked successfully.
19:06:27.122 INFO  scp.HomePage (HomePage.java:418) - Efficiency link clicked successfully {}.
19:06:27.122 INFO  driver.Page (    Page.java:235) - Waiting for element to be visible for 120 seconds.
19:06:27.145 INFO  driver.Page (    Page.java:238) - Element is visible on the page.
19:06:27.145 INFO  scp.HomePage (HomePage.java:426) - Ways To Save Overview Link is visible
19:06:27.145 INFO  driver.Page (    Page.java:58) - Preparing for element to click.
19:06:27.145 INFO  driver.Page (    Page.java:210) - Waiting for element to be clickable for 120 seconds.
19:06:27.180 INFO  driver.Page (    Page.java:213) - Element is clickable now.
19:07:03.361 INFO  driver.Page (    Page.java:61) - Element is clicked successfully.
19:07:03.362 INFO  scp.HomePage (HomePage.java:431) - Ways To Save Overview Link clicked successfully.
19:07:03.362 INFO  scp.HomePage (HomePage.java:133) - Wait for page loader invisibility.
19:07:03.362 INFO  driver.Page (    Page.java:249) - Waiting for element to be invisible for 120 seconds.
19:07:03.378 INFO  driver.Page (    Page.java:252) - Element is invisible from the page.
19:07:03.380 INFO  driver.Page (    Page.java:526) - Preparing for element to click.
19:07:40.774 INFO  driver.Page (    Page.java:533) - Element is clicked successfully.
19:07:40.774 INFO  scp.PostLogEfficiencyPage (PostLogEfficiencyPage.java:561) - Rebates Tips Tab Link clicked successfully.
19:07:40.774 INFO  scp.HomePage (HomePage.java:133) - Wait for page loader invisibility.
19:07:40.774 INFO  driver.Page (    Page.java:249) - Waiting for element to be invisible for 120 seconds.
19:07:40.799 INFO  driver.Page (    Page.java:252) - Element is invisible from the page.
19:07:46.340 INFO  driver.Page (    Page.java:548) - The list contains the following values : [demotest1678309593425, RebatesTopic06729, test1678307396839, RebatesTopic09260, demotest1678226749950, test1678224685394, RebatesTopic39091, demotest1678144735835, RebatesTopic45752, test1678142562504, RebatesTopic34490, demotest1677883232384, test1677881137754, RebatesTopic98637, demotest1677790402062, test1677788352606, RebatesTopic52572, demotest1677713295954, test1677711329510, RebatesTopic36509, demotest1677620486195, test1677618413731, RebatesTopic38034, demotest1677528482810, test1677526485277, RebatesTopic12083, demotest1677277914874, test1677275948158, RebatesTopic83566, demotest1677192417656, test1677189852622, RebatesTopic93809, demotest1677094257217, test1677092171483, RebatesTopic23279, demotest1677006804828, test1677004536916, RebatesTopic99385, demotest1676921647460, test1676919781311, RebatesTopic03014, demotest1676575043703, test1676572996801, RebatesTopic81395, demotest1676488308240, test1676486180363, RebatesTopic31498, demotest1676457306915, test1676455217242, RebatesTopic98374, demotest1676370610644, test1676368273338, demotest1676315442795, test1676313460281, RebatesTopic51918, demotest1676055943932, test1676053871998, RebatesTopic19550, demotest1675999076374, test1675996505893, RebatesTopic37885, demotest1675454068001, RebatesTopic16165, RebatesTopic18771, demotest1675110149738, RebatesTopic63031, RebatesTopic69409, RebatesTopic78026, RebatesTopic26860, Educational tips for Residential customer, demotest1674154343314, RebatesTopic19593, demotest1673984096914, test1673982039496, RebatesTopic52741, demotest1673896606984, test1673894671145, RebatesTopic95782, demotest1673637990973, test1673636005026, RebatesTopic46583, demotest1673550661974, test1673548803640, demotest1673386808719, test1673384971781, RebatesTopic53779, demotest1673292130865, test1673290135620, RebatesTopic75632, demotest1673032770906, test1673030861924, RebatesTopic34398, demotest1672946491487, test1672944415069, RebatesTopic64496, demotest1672860087128, test1672858105937, RebatesTopic22676, demotest1672774942940, test1672772797218, RebatesTopic20119, demotest1672688343777, test1672686474378, RebatesTopic60692, demotest1672256359990, test1672254380636, RebatesTopic45857, demotest1672170407159, RebatesTopic35279, test1672168308205, RebatesTopic15542, demotest1672097968418, test1672096063430, RebatesTopic77147, demotest1671976493130, test1671974409224, RebatesTopic13460, demotest1671896820118, test1671894688184, RebatesTopic63580, demotest1671838187174, test1671836289969, RebatesTopic62652, demotest1671744055784, test1671741949240, RebatesTopic12799, demotest1671659370735, test1671657399816, demotest1671488455430, test1671486973069, RebatesTopic60193, demotest1671370796160, test1671368958824, RebatesTopic53727, demotest1671135989682, test1671134024435, RebatesTopic37993, demotest1670963872936, test1670961984840, RebatesTopic52260, demotest1670879748349, test1670877911378, RebatesTopic36544, demotest1670626696180, test1670624836408, RebatesTopic54666, demotest1670552742034, test1670550534176, RebatesTopic14880, demotest1670447294030, test1670445178605, RebatesTopic31061, demotest1670357726298, test1670355929019, RebatesTopic65465, demotest1670275652871, test1670273441001, RebatesonPower, RebatesTopic17367, RebatesTopic13972, demotest1670137900486, demotest1670137692609, test1670133619452, test1670133159962, RebatesTopic77657, RebatesTopic17076, demotest1669951474890, demotest1669951231240, RebatesTopic11138, test1669947191317, test1669946736331, RebatesTopic18040, RebatesTopic58417, demotest1669684321445, demotest1669684090892, test1669680426288, test1669679984820, Test Rebate Topic 3, RebatesTopic65045, RebatesTopic70434, Test Rebate Data 2, Test Data Rebate I, 11 nov, AA, RebatesTopic06763, RebatesTopic66977, RebatesTopic89487, RebatesTopic26503, RebatesTopic80013, testrebatestopic1, RebatesTopic48868, RebatesTopic38926, RebatesTopic67512, t1, test Rebates 10267, RebatesTopic45430, RebatesTopic45430, RebatesTopic35354, RebatesTopic12238, testrebates, testrebates, testRebatesttopic, testRebatesttopic, testrebates123, RebatesTopic69070, RebatesTopic38981, RebatesTopic91909, RebatesTopic91909, RebatesTopic91909, RebatesTopic28591, RebatesTopic87073, EducationalTipTopic99345, EducationalTipTopic99345, RebatesTopic89145, RebatesTopic17854, RebatesTopic07774, RebatesTopic35085, RebatesTopic06726, RebatesTopic56976, RebatesTopic92039, Save water, Save water, Save water, Save water, Save water, Save water, Save water, test, Rebate Test, Test Power Rebate]
19:07:46.341 INFO  scp.PostLogEfficiencyPage (PostLogEfficiencyPage.java:31) - Efficiency Heading List on Ways To Save is [demotest1678309593425, RebatesTopic06729, test1678307396839, RebatesTopic09260, demotest1678226749950, test1678224685394, RebatesTopic39091, demotest1678144735835, RebatesTopic45752, test1678142562504, RebatesTopic34490, demotest1677883232384, test1677881137754, RebatesTopic98637, demotest1677790402062, test1677788352606, RebatesTopic52572, demotest1677713295954, test1677711329510, RebatesTopic36509, demotest1677620486195, test1677618413731, RebatesTopic38034, demotest1677528482810, test1677526485277, RebatesTopic12083, demotest1677277914874, test1677275948158, RebatesTopic83566, demotest1677192417656, test1677189852622, RebatesTopic93809, demotest1677094257217, test1677092171483, RebatesTopic23279, demotest1677006804828, test1677004536916, RebatesTopic99385, demotest1676921647460, test1676919781311, RebatesTopic03014, demotest1676575043703, test1676572996801, RebatesTopic81395, demotest1676488308240, test1676486180363, RebatesTopic31498, demotest1676457306915, test1676455217242, RebatesTopic98374, demotest1676370610644, test1676368273338, demotest1676315442795, test1676313460281, RebatesTopic51918, demotest1676055943932, test1676053871998, RebatesTopic19550, demotest1675999076374, test1675996505893, RebatesTopic37885, demotest1675454068001, RebatesTopic16165, RebatesTopic18771, demotest1675110149738, RebatesTopic63031, RebatesTopic69409, RebatesTopic78026, RebatesTopic26860, Educational tips for Residential customer, demotest1674154343314, RebatesTopic19593, demotest1673984096914, test1673982039496, RebatesTopic52741, demotest1673896606984, test1673894671145, RebatesTopic95782, demotest1673637990973, test1673636005026, RebatesTopic46583, demotest1673550661974, test1673548803640, demotest1673386808719, test1673384971781, RebatesTopic53779, demotest1673292130865, test1673290135620, RebatesTopic75632, demotest1673032770906, test1673030861924, RebatesTopic34398, demotest1672946491487, test1672944415069, RebatesTopic64496, demotest1672860087128, test1672858105937, RebatesTopic22676, demotest1672774942940, test1672772797218, RebatesTopic20119, demotest1672688343777, test1672686474378, RebatesTopic60692, demotest1672256359990, test1672254380636, RebatesTopic45857, demotest1672170407159, RebatesTopic35279, test1672168308205, RebatesTopic15542, demotest1672097968418, test1672096063430, RebatesTopic77147, demotest1671976493130, test1671974409224, RebatesTopic13460, demotest1671896820118, test1671894688184, RebatesTopic63580, demotest1671838187174, test1671836289969, RebatesTopic62652, demotest1671744055784, test1671741949240, RebatesTopic12799, demotest1671659370735, test1671657399816, demotest1671488455430, test1671486973069, RebatesTopic60193, demotest1671370796160, test1671368958824, RebatesTopic53727, demotest1671135989682, test1671134024435, RebatesTopic37993, demotest1670963872936, test1670961984840, RebatesTopic52260, demotest1670879748349, test1670877911378, RebatesTopic36544, demotest1670626696180, test1670624836408, RebatesTopic54666, demotest1670552742034, test1670550534176, RebatesTopic14880, demotest1670447294030, test1670445178605, RebatesTopic31061, demotest1670357726298, test1670355929019, RebatesTopic65465, demotest1670275652871, test1670273441001, RebatesonPower, RebatesTopic17367, RebatesTopic13972, demotest1670137900486, demotest1670137692609, test1670133619452, test1670133159962, RebatesTopic77657, RebatesTopic17076, demotest1669951474890, demotest1669951231240, RebatesTopic11138, test1669947191317, test1669946736331, RebatesTopic18040, RebatesTopic58417, demotest1669684321445, demotest1669684090892, test1669680426288, test1669679984820, Test Rebate Topic 3, RebatesTopic65045, RebatesTopic70434, Test Rebate Data 2, Test Data Rebate I, 11 nov, AA, RebatesTopic06763, RebatesTopic66977, RebatesTopic89487, RebatesTopic26503, RebatesTopic80013, testrebatestopic1, RebatesTopic48868, RebatesTopic38926, RebatesTopic67512, t1, test Rebates 10267, RebatesTopic45430, RebatesTopic45430, RebatesTopic35354, RebatesTopic12238, testrebates, testrebates, testRebatesttopic, testRebatesttopic, testrebates123, RebatesTopic69070, RebatesTopic38981, RebatesTopic91909, RebatesTopic91909, RebatesTopic91909, RebatesTopic28591, RebatesTopic87073, EducationalTipTopic99345, EducationalTipTopic99345, RebatesTopic89145, RebatesTopic17854, RebatesTopic07774, RebatesTopic35085, RebatesTopic06726, RebatesTopic56976, RebatesTopic92039, Save water, Save water, Save water, Save water, Save water, Save water, Save water, test, Rebate Test, Test Power Rebate]
19:07:46.341 INFO  csp.WaysToSaveTests (WaysToSaveTests.java:539) - Test Case execution for - verifyAddUpdateDeleteRebatesEfficiency - is Completed.
19:07:48.214 INFO  driver.DriverFactory (DriverFactory.java:122) - Clearing all the cookies.
