17:00:54.861 INFO  driver.Page (    Page.java:103) - Wait for element {} [[ChromeDriver: chrome on WINDOWS (cde1c88870cdba4a9d92c99d0edaa860)] -> css selector: [id='txtpwd']] to be present in the DOM for duration of {} 120
17:00:54.869 INFO  driver.Page (    Page.java:210) - Waiting for element to be visible for 120 seconds.
17:00:54.904 INFO  driver.Page (    Page.java:213) - Element is visible on the page.
17:00:54.918 INFO  driver.Page (    Page.java:105) - Clearing the element {} [[ChromeDriver: chrome on WINDOWS (cde1c88870cdba4a9d92c99d0edaa860)] -> css selector: [id='txtpwd']] before sending the keys.
17:00:54.980 INFO  driver.Page (    Page.java:107) - Sending the following keys {} Sew@2021$! to the element {} [[ChromeDriver: chrome on WINDOWS (cde1c88870cdba4a9d92c99d0edaa860)] -> css selector: [id='txtpwd']]
17:00:55.050 INFO  csp.AdminLoginPage (AdminLoginPage.java:56) - Password populated successfully.
17:00:55.050 INFO  driver.Page (    Page.java:57) - Preparing for element to click.
17:00:55.050 INFO  driver.Page (    Page.java:185) - Waiting for element to be clickable for 120 seconds.
17:00:55.108 INFO  driver.Page (    Page.java:188) - Element is clickable now.
17:01:05.098 INFO  driver.Page (    Page.java:60) - Element is clicked successfully.
17:01:05.098 INFO  csp.AdminLoginPage (AdminLoginPage.java:67) - SignIn Button clicked successfully.
17:01:05.099 INFO  scp.HomePage (HomePage.java:35) - Wait for page loader invisibility.
17:01:05.099 INFO  driver.Page (    Page.java:224) - Waiting for element to be invisible for 120 seconds.
17:01:05.122 INFO  driver.Page (    Page.java:227) - Element is invisible from the page.
17:01:05.123 INFO  csp.AdminHomePage (AdminHomePage.java:162) - Checking that the current page is Admin Home page.
17:01:05.124 INFO  driver.Page (    Page.java:38) - Fetching the current URL.
17:01:05.128 INFO  driver.Page (    Page.java:39) - The Current URL is: https://qa.smartcmobile.net/SCM_10.0_S-CSP/Home.aspx
17:01:05.134 INFO  driver.Page (    Page.java:44) - Fetching the current title.
17:01:05.140 INFO  driver.Page (    Page.java:45) - The Current Title is: Dashboard
17:01:05.145 INFO  csp.AdminHomePage (AdminHomePage.java:165) - The current page is Admin Home page {}: true
17:01:05.147 INFO  driver.Page (    Page.java:210) - Waiting for element to be visible for 120 seconds.
17:01:05.171 INFO  driver.Page (    Page.java:213) - Element is visible on the page.
17:01:05.172 INFO  csp.AdminHomePage (AdminHomePage.java:50) - Notification Link is Visible on the Admin Home page.
17:01:05.172 INFO  driver.Page (    Page.java:57) - Preparing for element to click.
17:01:05.172 INFO  driver.Page (    Page.java:185) - Waiting for element to be clickable for 120 seconds.
17:01:05.206 INFO  driver.Page (    Page.java:188) - Element is clickable now.
17:01:44.412 INFO  driver.Page (    Page.java:60) - Element is clicked successfully.
17:01:44.412 INFO  csp.AdminHomePage (AdminHomePage.java:54) - Notification Link clicked successfully.
17:01:44.412 INFO  scp.HomePage (HomePage.java:35) - Wait for page loader invisibility.
17:01:44.413 INFO  driver.Page (    Page.java:224) - Waiting for element to be invisible for 120 seconds.
17:01:51.406 INFO  driver.Page (    Page.java:227) - Element is invisible from the page.
17:01:51.407 INFO  scp.HomePage (HomePage.java:74) - Wait for Spinner Loading Image invisibility.
17:01:51.407 INFO  driver.Page (    Page.java:224) - Waiting for element to be invisible for 120 seconds.
17:01:56.453 INFO  driver.Page (    Page.java:227) - Element is invisible from the page.
17:01:56.454 INFO  scp.AboutMyHomePage (AdminNotificationPage.java:960) - Wait for Next Page visibility on Notification Page.
17:01:56.454 INFO  driver.Page (    Page.java:210) - Waiting for element to be visible for 120 seconds.
17:01:56.492 INFO  driver.Page (    Page.java:213) - Element is visible on the page.
17:01:56.492 INFO  driver.Page (    Page.java:57) - Preparing for element to click.
17:01:56.492 INFO  driver.Page (    Page.java:185) - Waiting for element to be clickable for 120 seconds.
17:01:56.536 INFO  driver.Page (    Page.java:188) - Element is clickable now.
17:01:56.587 INFO  driver.Page (    Page.java:60) - Element is clicked successfully.
17:01:56.587 INFO  scp.AboutMyHomePage (AdminNotificationPage.java:41) - Connect Me link clicked {}.
17:01:56.588 INFO  scp.HomePage (HomePage.java:74) - Wait for Spinner Loading Image invisibility.
17:01:56.588 INFO  driver.Page (    Page.java:224) - Waiting for element to be invisible for 120 seconds.
17:02:09.239 INFO  driver.Page (    Page.java:227) - Element is invisible from the page.
17:02:09.275 INFO  driver.Page (    Page.java:246) - Element {} : [[ChromeDriver: chrome on WINDOWS (cde1c88870cdba4a9d92c99d0edaa860)] -> css selector: #ddlSearch] is visible on the page.
17:02:09.275 INFO  scp.AboutMyHomePage (AdminNotificationPage.java:663) - SearchBy Dropdown visibility status {}true
17:02:09.309 INFO  driver.Page (    Page.java:246) - Element {} : [[ChromeDriver: chrome on WINDOWS (cde1c88870cdba4a9d92c99d0edaa860)] -> css selector: #txtEmailorAccountno] is visible on the page.
17:02:09.309 INFO  scp.AboutMyHomePage (AdminNotificationPage.java:688) - SearchBy TextBox visibility status {}true
17:02:09.347 INFO  driver.Page (    Page.java:246) - Element {} : [[ChromeDriver: chrome on WINDOWS (cde1c88870cdba4a9d92c99d0edaa860)] -> css selector: #btnsearch] is visible on the page.
17:02:09.348 INFO  scp.AboutMyHomePage (AdminNotificationPage.java:708) - Search Button visibility status {}true
17:02:09.384 INFO  driver.Page (    Page.java:246) - Element {} : [[ChromeDriver: chrome on WINDOWS (cde1c88870cdba4a9d92c99d0edaa860)] -> css selector: #buttonClear] is visible on the page.
17:02:09.384 INFO  scp.AboutMyHomePage (AdminNotificationPage.java:743) - Clear Button visibility status {}true
17:02:09.597 INFO  driver.Page (    Page.java:57) - Preparing for element to click.
17:02:09.597 INFO  driver.Page (    Page.java:185) - Waiting for element to be clickable for 120 seconds.
17:02:09.642 INFO  driver.Page (    Page.java:188) - Element is clickable now.
17:02:09.703 INFO  driver.Page (    Page.java:60) - Element is clicked successfully.
17:02:09.703 INFO  csp.AdminHomePage (AdminHomePage.java:74) - Admin User Profile dropdown clicked successfully.
17:02:09.705 INFO  driver.Page (    Page.java:210) - Waiting for element to be visible for 120 seconds.
17:02:09.743 INFO  driver.Page (    Page.java:213) - Element is visible on the page.
17:02:09.743 INFO  csp.AdminHomePage (AdminHomePage.java:36) - SignOut Link is Visible on the page.
17:02:09.743 INFO  driver.Page (    Page.java:57) - Preparing for element to click.
17:02:09.744 INFO  driver.Page (    Page.java:185) - Waiting for element to be clickable for 120 seconds.
17:02:09.789 INFO  driver.Page (    Page.java:188) - Element is clickable now.
17:02:11.847 INFO  driver.Page (    Page.java:60) - Element is clicked successfully.
17:02:11.848 INFO  csp.AdminHomePage (AdminHomePage.java:40) - Admin User SignOut Link clicked successfully.
17:02:11.848 INFO  scp.HomePage (HomePage.java:35) - Wait for page loader invisibility.
17:02:11.848 INFO  driver.Page (    Page.java:224) - Waiting for element to be invisible for 120 seconds.
17:02:16.887 INFO  driver.Page (    Page.java:227) - Element is invisible from the page.
17:02:16.887 INFO  csp.AdminNotificationTests (AdminNotificationTests.java:319) - Test Case execution for - verifySearchByFeature - is Completed.
17:02:22.064 INFO  driver.DriverFactory (DriverFactory.java:112) - Clearing all the cookies.
17:06:27.562 WARN  config.Configuration (Configuration.java:231) - QA env being used by default. No env property set. This can be set in the sew.app.yml config file with a '{}=' property or on the command line with the switch '-D{}='.
17:06:27.871 INFO  runner.TestRunner (TestRunner.java:32) - Initializing application properties config file.
17:06:27.872 INFO  runner.TestRunner (TestRunner.java:35) - Initializing connection to the base database.
17:06:27.893 WARN  config.DatabaseConfiguration (DatabaseConfiguration.java:84) - QA env being used by default. No env property set. This can be set in the sentinel.yml config file with a '{}=' property or on the command line with the switch '-D{}='.
17:06:29.431 INFO  runner.TestRunner (TestRunner.java:38) - Initializing resource path config file.
17:06:29.432 INFO  runner.TestRunner (TestRunner.java:41) - Initializing usage months config from CSP.
17:06:30.256 INFO  runner.TestRunner (TestRunner.java:44) - Initializing date config from CSP.
17:06:31.005 INFO  runner.TestRunner (TestRunner.java:47) - Initializing language config from CSP.
17:06:31.746 INFO  runner.TestRunner (TestRunner.java:50) - Initializing language config from CSP.
17:06:32.504 INFO  runner.TestRunner (TestRunner.java:53) - Initializing language config from CSP.
17:06:33.252 INFO  runner.TestRunner (TestRunner.java:56) - Initializing user model config.
17:06:38.304 INFO  runner.TestRunner (TestRunner.java:59) - Initializing auth token config.
17:06:38.305 INFO  runner.TestRunner (TestRunner.java:62) - Initializing Admin User config.
17:06:39.624 INFO  utils.ExcelUtils (ExcelUtils.java:35) - Test Runner excel row at: 1
17:06:39.630 INFO  utils.ExcelUtils (ExcelUtils.java:35) - Test Runner excel row at: 2
17:06:39.631 INFO  utils.ExcelUtils (ExcelUtils.java:35) - Test Runner excel row at: 3
17:06:39.631 INFO  utils.ExcelUtils (ExcelUtils.java:35) - Test Runner excel row at: 4
17:06:39.631 INFO  utils.ExcelUtils (ExcelUtils.java:35) - Test Runner excel row at: 5
17:06:39.632 INFO  utils.ExcelUtils (ExcelUtils.java:35) - Test Runner excel row at: 6
17:06:39.632 INFO  utils.ExcelUtils (ExcelUtils.java:35) - Test Runner excel row at: 7
17:06:39.633 INFO  utils.ExcelUtils (ExcelUtils.java:35) - Test Runner excel row at: 8
17:06:39.633 INFO  utils.ExcelUtils (ExcelUtils.java:35) - Test Runner excel row at: 9
17:06:39.633 INFO  utils.ExcelUtils (ExcelUtils.java:35) - Test Runner excel row at: 10
17:06:39.634 INFO  utils.ExcelUtils (ExcelUtils.java:35) - Test Runner excel row at: 11
17:06:39.634 INFO  utils.ExcelUtils (ExcelUtils.java:35) - Test Runner excel row at: 12
17:06:39.635 INFO  utils.ExcelUtils (ExcelUtils.java:35) - Test Runner excel row at: 13
17:06:39.635 INFO  utils.ExcelUtils (ExcelUtils.java:35) - Test Runner excel row at: 14
17:06:39.635 INFO  utils.ExcelUtils (ExcelUtils.java:35) - Test Runner excel row at: 15
17:06:39.636 INFO  utils.ExcelUtils (ExcelUtils.java:35) - Test Runner excel row at: 16
17:06:39.636 INFO  utils.ExcelUtils (ExcelUtils.java:35) - Test Runner excel row at: 17
17:06:39.636 INFO  utils.ExcelUtils (ExcelUtils.java:35) - Test Runner excel row at: 18
17:06:39.638 INFO  utils.ExcelUtils (ExcelUtils.java:35) - Test Runner excel row at: 19
17:06:39.638 INFO  utils.ExcelUtils (ExcelUtils.java:35) - Test Runner excel row at: 20
17:06:39.639 INFO  utils.ExcelUtils (ExcelUtils.java:35) - Test Runner excel row at: 21
17:06:39.639 INFO  utils.ExcelUtils (ExcelUtils.java:35) - Test Runner excel row at: 22
17:06:39.640 INFO  utils.ExcelUtils (ExcelUtils.java:35) - Test Runner excel row at: 23
17:06:39.640 INFO  utils.ExcelUtils (ExcelUtils.java:35) - Test Runner excel row at: 24
17:06:39.641 INFO  utils.ExcelUtils (ExcelUtils.java:35) - Test Runner excel row at: 25
17:06:39.641 INFO  utils.ExcelUtils (ExcelUtils.java:35) - Test Runner excel row at: 26
17:06:39.642 INFO  utils.ExcelUtils (ExcelUtils.java:35) - Test Runner excel row at: 27
17:06:39.642 INFO  utils.ExcelUtils (ExcelUtils.java:35) - Test Runner excel row at: 28
17:06:39.643 INFO  utils.ExcelUtils (ExcelUtils.java:35) - Test Runner excel row at: 29
17:06:39.643 INFO  utils.ExcelUtils (ExcelUtils.java:35) - Test Runner excel row at: 30
17:06:39.644 INFO  utils.ExcelUtils (ExcelUtils.java:35) - Test Runner excel row at: 31
17:06:39.644 INFO  utils.ExcelUtils (ExcelUtils.java:35) - Test Runner excel row at: 32
17:06:39.645 INFO  utils.ExcelUtils (ExcelUtils.java:35) - Test Runner excel row at: 33
17:06:39.645 INFO  utils.ExcelUtils (ExcelUtils.java:35) - Test Runner excel row at: 34
17:06:39.645 INFO  utils.ExcelUtils (ExcelUtils.java:35) - Test Runner excel row at: 35
17:06:39.646 INFO  utils.ExcelUtils (ExcelUtils.java:35) - Test Runner excel row at: 36
17:06:39.646 INFO  utils.ExcelUtils (ExcelUtils.java:35) - Test Runner excel row at: 37
17:06:39.647 INFO  utils.ExcelUtils (ExcelUtils.java:35) - Test Runner excel row at: 38
17:06:43.799 INFO  driver.WebDriverFactory (WebDriverFactory.java:207) - Setting up the browser window to its max.
17:06:44.033 INFO  driver.WebDriverFactory (WebDriverFactory.java:196) - Initializing the implicit wait timeout for {} 5
17:06:44.050 INFO  driver.WebDriverFactory (WebDriverFactory.java:199) - Initializing the page load timeout.
17:06:44.077 INFO  driver.DriverFactory (DriverFactory.java:112) - Clearing all the cookies.
17:06:44.094 INFO  driver.DriverFactory (DriverFactory.java:57) - Open the url {} https://qa.smartcmobile.net/SCM_10.0_S-CSP/ using the selenium get() method.
17:06:50.838 INFO  csp.AdminNotificationTests (AdminNotificationTests.java:298) - To verify the tests with the below test case id's: C99044,C99045,C99046,C99047,C99048,C99054
17:06:53.956 INFO  scp.HomePage (HomePage.java:35) - Wait for page loader invisibility.
17:06:53.956 INFO  driver.Page (    Page.java:224) - Waiting for element to be invisible for 120 seconds.
17:06:59.030 INFO  driver.Page (    Page.java:227) - Element is invisible from the page.
17:06:59.030 INFO  csp.AdminLoginPage (AdminLoginPage.java:334) - Checking that the current page is Admin login page.
17:06:59.030 INFO  driver.Page (    Page.java:38) - Fetching the current URL.
17:06:59.037 INFO  driver.Page (    Page.java:39) - The Current URL is: https://qa.smartcmobile.net/SCM_10.0_S-CSP/
17:06:59.043 INFO  driver.Page (    Page.java:44) - Fetching the current title.
17:06:59.048 INFO  driver.Page (    Page.java:45) - The Current Title is: SCM Admin - Login
17:06:59.054 INFO  csp.AdminLoginPage (AdminLoginPage.java:337) - The current page is Admin login page {}: true
17:06:59.054 INFO  csp.AdminLoginPage (AdminLoginPage.java:30) - Populating username {} :qauser
17:06:59.067 INFO  driver.Page (    Page.java:103) - Wait for element {} [[ChromeDriver: chrome on WINDOWS (a5130fb6ce9341ec8a21d6174fec1f3e)] -> css selector: [id='txtAdminLogin']] to be present in the DOM for duration of {} 120
17:06:59.068 INFO  driver.Page (    Page.java:210) - Waiting for element to be visible for 120 seconds.
17:06:59.103 INFO  driver.Page (    Page.java:213) - Element is visible on the page.
17:06:59.114 INFO  driver.Page (    Page.java:105) - Clearing the element {} [[ChromeDriver: chrome on WINDOWS (a5130fb6ce9341ec8a21d6174fec1f3e)] -> css selector: [id='txtAdminLogin']] before sending the keys.
17:06:59.172 INFO  driver.Page (    Page.java:107) - Sending the following keys {} qauser to the element {} [[ChromeDriver: chrome on WINDOWS (a5130fb6ce9341ec8a21d6174fec1f3e)] -> css selector: [id='txtAdminLogin']]
17:06:59.215 INFO  csp.AdminLoginPage (AdminLoginPage.java:32) - Username populated successfully.
17:06:59.215 INFO  csp.AdminLoginPage (AdminLoginPage.java:54) - Populating password {} :Sew@2021$!
17:06:59.229 INFO  driver.Page (    Page.java:103) - Wait for element {} [[ChromeDriver: chrome on WINDOWS (a5130fb6ce9341ec8a21d6174fec1f3e)] -> css selector: [id='txtpwd']] to be present in the DOM for duration of {} 120
17:06:59.229 INFO  driver.Page (    Page.java:210) - Waiting for element to be visible for 120 seconds.
17:06:59.268 INFO  driver.Page (    Page.java:213) - Element is visible on the page.
17:06:59.280 INFO  driver.Page (    Page.java:105) - Clearing the element {} [[ChromeDriver: chrome on WINDOWS (a5130fb6ce9341ec8a21d6174fec1f3e)] -> css selector: [id='txtpwd']] before sending the keys.
17:06:59.344 INFO  driver.Page (    Page.java:107) - Sending the following keys {} Sew@2021$! to the element {} [[ChromeDriver: chrome on WINDOWS (a5130fb6ce9341ec8a21d6174fec1f3e)] -> css selector: [id='txtpwd']]
17:06:59.413 INFO  csp.AdminLoginPage (AdminLoginPage.java:56) - Password populated successfully.
17:06:59.413 INFO  driver.Page (    Page.java:57) - Preparing for element to click.
17:06:59.414 INFO  driver.Page (    Page.java:185) - Waiting for element to be clickable for 120 seconds.
17:06:59.476 INFO  driver.Page (    Page.java:188) - Element is clickable now.
17:07:08.656 INFO  driver.Page (    Page.java:60) - Element is clicked successfully.
17:07:08.657 INFO  csp.AdminLoginPage (AdminLoginPage.java:67) - SignIn Button clicked successfully.
17:07:08.657 INFO  scp.HomePage (HomePage.java:35) - Wait for page loader invisibility.
17:07:08.657 INFO  driver.Page (    Page.java:224) - Waiting for element to be invisible for 120 seconds.
17:07:08.697 INFO  driver.Page (    Page.java:227) - Element is invisible from the page.
17:07:08.700 INFO  csp.AdminHomePage (AdminHomePage.java:162) - Checking that the current page is Admin Home page.
17:07:08.701 INFO  driver.Page (    Page.java:38) - Fetching the current URL.
17:07:08.709 INFO  driver.Page (    Page.java:39) - The Current URL is: https://qa.smartcmobile.net/SCM_10.0_S-CSP/Home.aspx
17:07:08.719 INFO  driver.Page (    Page.java:44) - Fetching the current title.
17:07:08.727 INFO  driver.Page (    Page.java:45) - The Current Title is: Dashboard
17:07:08.738 INFO  csp.AdminHomePage (AdminHomePage.java:165) - The current page is Admin Home page {}: true
17:07:08.744 INFO  driver.Page (    Page.java:210) - Waiting for element to be visible for 120 seconds.
17:07:08.793 INFO  driver.Page (    Page.java:213) - Element is visible on the page.
17:07:08.793 INFO  csp.AdminHomePage (AdminHomePage.java:50) - Notification Link is Visible on the Admin Home page.
17:07:08.794 INFO  driver.Page (    Page.java:57) - Preparing for element to click.
17:07:08.794 INFO  driver.Page (    Page.java:185) - Waiting for element to be clickable for 120 seconds.
17:07:08.865 INFO  driver.Page (    Page.java:188) - Element is clickable now.
17:07:18.462 INFO  driver.Page (    Page.java:60) - Element is clicked successfully.
17:07:18.464 INFO  csp.AdminHomePage (AdminHomePage.java:54) - Notification Link clicked successfully.
17:07:18.464 INFO  scp.HomePage (HomePage.java:35) - Wait for page loader invisibility.
17:07:18.464 INFO  driver.Page (    Page.java:224) - Waiting for element to be invisible for 120 seconds.
17:07:25.513 INFO  driver.Page (    Page.java:227) - Element is invisible from the page.
17:07:25.514 INFO  scp.HomePage (HomePage.java:74) - Wait for Spinner Loading Image invisibility.
17:07:25.514 INFO  driver.Page (    Page.java:224) - Waiting for element to be invisible for 120 seconds.
17:07:30.578 INFO  driver.Page (    Page.java:227) - Element is invisible from the page.
17:07:30.578 INFO  scp.AboutMyHomePage (AdminNotificationPage.java:960) - Wait for Next Page visibility on Notification Page.
17:07:30.578 INFO  driver.Page (    Page.java:210) - Waiting for element to be visible for 120 seconds.
17:07:30.608 INFO  driver.Page (    Page.java:213) - Element is visible on the page.
17:07:30.608 INFO  driver.Page (    Page.java:57) - Preparing for element to click.
17:07:30.608 INFO  driver.Page (    Page.java:185) - Waiting for element to be clickable for 120 seconds.
17:07:30.645 INFO  driver.Page (    Page.java:188) - Element is clickable now.
17:07:30.698 INFO  driver.Page (    Page.java:60) - Element is clicked successfully.
17:07:30.698 INFO  scp.AboutMyHomePage (AdminNotificationPage.java:41) - Connect Me link clicked {}.
17:07:30.698 INFO  scp.HomePage (HomePage.java:74) - Wait for Spinner Loading Image invisibility.
17:07:30.699 INFO  driver.Page (    Page.java:224) - Waiting for element to be invisible for 120 seconds.
17:07:43.297 INFO  driver.Page (    Page.java:227) - Element is invisible from the page.
17:07:43.327 INFO  driver.Page (    Page.java:246) - Element {} : [[ChromeDriver: chrome on WINDOWS (a5130fb6ce9341ec8a21d6174fec1f3e)] -> css selector: #ddlSearch] is visible on the page.
17:07:43.327 INFO  scp.AboutMyHomePage (AdminNotificationPage.java:663) - SearchBy Dropdown visibility status {}true
17:07:43.354 INFO  driver.Page (    Page.java:246) - Element {} : [[ChromeDriver: chrome on WINDOWS (a5130fb6ce9341ec8a21d6174fec1f3e)] -> css selector: #txtEmailorAccountno] is visible on the page.
17:07:43.355 INFO  scp.AboutMyHomePage (AdminNotificationPage.java:688) - SearchBy TextBox visibility status {}true
17:07:43.381 INFO  driver.Page (    Page.java:246) - Element {} : [[ChromeDriver: chrome on WINDOWS (a5130fb6ce9341ec8a21d6174fec1f3e)] -> css selector: #btnsearch] is visible on the page.
17:07:43.382 INFO  scp.AboutMyHomePage (AdminNotificationPage.java:708) - Search Button visibility status {}true
17:07:43.412 INFO  driver.Page (    Page.java:246) - Element {} : [[ChromeDriver: chrome on WINDOWS (a5130fb6ce9341ec8a21d6174fec1f3e)] -> css selector: #buttonClear] is visible on the page.
17:07:43.412 INFO  scp.AboutMyHomePage (AdminNotificationPage.java:743) - Clear Button visibility status {}true
17:07:43.936 INFO  driver.Page (    Page.java:57) - Preparing for element to click.
17:07:43.937 INFO  driver.Page (    Page.java:185) - Waiting for element to be clickable for 120 seconds.
17:07:43.997 INFO  driver.Page (    Page.java:188) - Element is clickable now.
17:07:44.065 INFO  driver.Page (    Page.java:60) - Element is clicked successfully.
17:07:44.065 INFO  csp.AdminHomePage (AdminHomePage.java:74) - Admin User Profile dropdown clicked successfully.
17:07:44.065 INFO  driver.Page (    Page.java:210) - Waiting for element to be visible for 120 seconds.
17:07:44.100 INFO  driver.Page (    Page.java:213) - Element is visible on the page.
17:07:44.100 INFO  csp.AdminHomePage (AdminHomePage.java:36) - SignOut Link is Visible on the page.
17:07:44.100 INFO  driver.Page (    Page.java:57) - Preparing for element to click.
17:07:44.100 INFO  driver.Page (    Page.java:185) - Waiting for element to be clickable for 120 seconds.
17:07:44.150 INFO  driver.Page (    Page.java:188) - Element is clickable now.
17:07:46.999 INFO  driver.Page (    Page.java:60) - Element is clicked successfully.
17:07:47.000 INFO  csp.AdminHomePage (AdminHomePage.java:40) - Admin User SignOut Link clicked successfully.
17:07:47.000 INFO  scp.HomePage (HomePage.java:35) - Wait for page loader invisibility.
17:07:47.000 INFO  driver.Page (    Page.java:224) - Waiting for element to be invisible for 120 seconds.
17:07:52.032 INFO  driver.Page (    Page.java:227) - Element is invisible from the page.
17:07:52.032 INFO  csp.AdminNotificationTests (AdminNotificationTests.java:319) - Test Case execution for - verifySearchByFeature - is Completed.
17:07:56.779 INFO  driver.DriverFactory (DriverFactory.java:112) - Clearing all the cookies.
17:27:55.528 WARN  config.Configuration (Configuration.java:231) - QA env being used by default. No env property set. This can be set in the sew.app.yml config file with a '{}=' property or on the command line with the switch '-D{}='.
17:27:56.224 INFO  runner.TestRunner (TestRunner.java:32) - Initializing application properties config file.
17:27:56.237 INFO  runner.TestRunner (TestRunner.java:35) - Initializing connection to the base database.
17:27:56.370 WARN  config.DatabaseConfiguration (DatabaseConfiguration.java:84) - QA env being used by default. No env property set. This can be set in the sentinel.yml config file with a '{}=' property or on the command line with the switch '-D{}='.
17:27:58.329 INFO  runner.TestRunner (TestRunner.java:38) - Initializing resource path config file.
17:27:58.341 INFO  runner.TestRunner (TestRunner.java:41) - Initializing usage months config from CSP.
17:27:59.193 INFO  runner.TestRunner (TestRunner.java:44) - Initializing date config from CSP.
17:27:59.943 INFO  runner.TestRunner (TestRunner.java:47) - Initializing language config from CSP.
17:28:00.685 INFO  runner.TestRunner (TestRunner.java:50) - Initializing language config from CSP.
17:28:01.439 INFO  runner.TestRunner (TestRunner.java:53) - Initializing language config from CSP.
17:28:02.192 INFO  runner.TestRunner (TestRunner.java:56) - Initializing user model config.
17:28:08.910 INFO  runner.TestRunner (TestRunner.java:59) - Initializing auth token config.
17:28:08.911 INFO  runner.TestRunner (TestRunner.java:62) - Initializing Admin User config.
17:28:10.816 INFO  utils.ExcelUtils (ExcelUtils.java:35) - Test Runner excel row at: 1
17:28:10.831 INFO  utils.ExcelUtils (ExcelUtils.java:35) - Test Runner excel row at: 2
17:28:10.834 INFO  utils.ExcelUtils (ExcelUtils.java:35) - Test Runner excel row at: 3
17:28:10.836 INFO  utils.ExcelUtils (ExcelUtils.java:35) - Test Runner excel row at: 4
17:28:10.836 INFO  utils.ExcelUtils (ExcelUtils.java:35) - Test Runner excel row at: 5
17:28:10.838 INFO  utils.ExcelUtils (ExcelUtils.java:35) - Test Runner excel row at: 6
17:28:10.839 INFO  utils.ExcelUtils (ExcelUtils.java:35) - Test Runner excel row at: 7
17:28:10.840 INFO  utils.ExcelUtils (ExcelUtils.java:35) - Test Runner excel row at: 8
17:28:10.841 INFO  utils.ExcelUtils (ExcelUtils.java:35) - Test Runner excel row at: 9
17:28:10.842 INFO  utils.ExcelUtils (ExcelUtils.java:35) - Test Runner excel row at: 10
17:28:10.843 INFO  utils.ExcelUtils (ExcelUtils.java:35) - Test Runner excel row at: 11
17:28:10.844 INFO  utils.ExcelUtils (ExcelUtils.java:35) - Test Runner excel row at: 12
17:28:10.844 INFO  utils.ExcelUtils (ExcelUtils.java:35) - Test Runner excel row at: 13
17:28:10.845 INFO  utils.ExcelUtils (ExcelUtils.java:35) - Test Runner excel row at: 14
17:28:10.846 INFO  utils.ExcelUtils (ExcelUtils.java:35) - Test Runner excel row at: 15
17:28:10.846 INFO  utils.ExcelUtils (ExcelUtils.java:35) - Test Runner excel row at: 16
17:28:10.847 INFO  utils.ExcelUtils (ExcelUtils.java:35) - Test Runner excel row at: 17
17:28:10.848 INFO  utils.ExcelUtils (ExcelUtils.java:35) - Test Runner excel row at: 18
17:28:10.849 INFO  utils.ExcelUtils (ExcelUtils.java:35) - Test Runner excel row at: 19
17:28:10.849 INFO  utils.ExcelUtils (ExcelUtils.java:35) - Test Runner excel row at: 20
17:28:10.850 INFO  utils.ExcelUtils (ExcelUtils.java:35) - Test Runner excel row at: 21
17:28:10.850 INFO  utils.ExcelUtils (ExcelUtils.java:35) - Test Runner excel row at: 22
17:28:10.851 INFO  utils.ExcelUtils (ExcelUtils.java:35) - Test Runner excel row at: 23
17:28:10.852 INFO  utils.ExcelUtils (ExcelUtils.java:35) - Test Runner excel row at: 24
17:28:10.853 INFO  utils.ExcelUtils (ExcelUtils.java:35) - Test Runner excel row at: 25
17:28:10.853 INFO  utils.ExcelUtils (ExcelUtils.java:35) - Test Runner excel row at: 26
17:28:10.854 INFO  utils.ExcelUtils (ExcelUtils.java:35) - Test Runner excel row at: 27
17:28:10.854 INFO  utils.ExcelUtils (ExcelUtils.java:35) - Test Runner excel row at: 28
17:28:10.854 INFO  utils.ExcelUtils (ExcelUtils.java:35) - Test Runner excel row at: 29
17:28:10.855 INFO  utils.ExcelUtils (ExcelUtils.java:35) - Test Runner excel row at: 30
17:28:10.855 INFO  utils.ExcelUtils (ExcelUtils.java:35) - Test Runner excel row at: 31
17:28:10.856 INFO  utils.ExcelUtils (ExcelUtils.java:35) - Test Runner excel row at: 32
17:28:10.856 INFO  utils.ExcelUtils (ExcelUtils.java:35) - Test Runner excel row at: 33
17:28:10.857 INFO  utils.ExcelUtils (ExcelUtils.java:35) - Test Runner excel row at: 34
17:28:10.857 INFO  utils.ExcelUtils (ExcelUtils.java:35) - Test Runner excel row at: 35
17:28:10.858 INFO  utils.ExcelUtils (ExcelUtils.java:35) - Test Runner excel row at: 36
17:28:10.859 INFO  utils.ExcelUtils (ExcelUtils.java:35) - Test Runner excel row at: 37
17:28:10.860 INFO  utils.ExcelUtils (ExcelUtils.java:35) - Test Runner excel row at: 38
17:28:20.663 INFO  driver.WebDriverFactory (WebDriverFactory.java:207) - Setting up the browser window to its max.
17:28:20.878 INFO  driver.WebDriverFactory (WebDriverFactory.java:196) - Initializing the implicit wait timeout for {} 5
17:28:20.885 INFO  driver.WebDriverFactory (WebDriverFactory.java:199) - Initializing the page load timeout.
17:28:20.893 INFO  driver.DriverFactory (DriverFactory.java:112) - Clearing all the cookies.
17:28:20.905 INFO  driver.DriverFactory (DriverFactory.java:57) - Open the url {} https://qa.smartcmobile.net/SCM_10.0_S-CSP/ using the selenium get() method.
17:28:28.174 INFO  csp.AdminNotificationTests (AdminNotificationTests.java:298) - To verify the tests with the below test case id's: C99044,C99045,C99046,C99047,C99048,C99054
17:28:32.144 INFO  scp.HomePage (HomePage.java:35) - Wait for page loader invisibility.
17:28:32.145 INFO  driver.Page (    Page.java:224) - Waiting for element to be invisible for 120 seconds.
17:28:37.202 INFO  driver.Page (    Page.java:227) - Element is invisible from the page.
17:28:37.202 INFO  csp.AdminLoginPage (AdminLoginPage.java:334) - Checking that the current page is Admin login page.
17:28:37.203 INFO  driver.Page (    Page.java:38) - Fetching the current URL.
17:28:37.210 INFO  driver.Page (    Page.java:39) - The Current URL is: https://qa.smartcmobile.net/SCM_10.0_S-CSP/
17:28:37.216 INFO  driver.Page (    Page.java:44) - Fetching the current title.
17:28:37.222 INFO  driver.Page (    Page.java:45) - The Current Title is: SCM Admin - Login
17:28:37.229 INFO  csp.AdminLoginPage (AdminLoginPage.java:337) - The current page is Admin login page {}: true
17:28:37.229 INFO  csp.AdminLoginPage (AdminLoginPage.java:30) - Populating username {} :qauser
17:28:37.245 INFO  driver.Page (    Page.java:103) - Wait for element {} [[ChromeDriver: chrome on WINDOWS (a001ae5b12550f372ead7db8df495e04)] -> css selector: [id='txtAdminLogin']] to be present in the DOM for duration of {} 120
17:28:37.246 INFO  driver.Page (    Page.java:210) - Waiting for element to be visible for 120 seconds.
17:28:37.292 INFO  driver.Page (    Page.java:213) - Element is visible on the page.
17:28:37.305 INFO  driver.Page (    Page.java:105) - Clearing the element {} [[ChromeDriver: chrome on WINDOWS (a001ae5b12550f372ead7db8df495e04)] -> css selector: [id='txtAdminLogin']] before sending the keys.
17:28:37.362 INFO  driver.Page (    Page.java:107) - Sending the following keys {} qauser to the element {} [[ChromeDriver: chrome on WINDOWS (a001ae5b12550f372ead7db8df495e04)] -> css selector: [id='txtAdminLogin']]
17:28:37.426 INFO  csp.AdminLoginPage (AdminLoginPage.java:32) - Username populated successfully.
17:28:37.426 INFO  csp.AdminLoginPage (AdminLoginPage.java:54) - Populating password {} :Sew@2021$!
17:28:37.447 INFO  driver.Page (    Page.java:103) - Wait for element {} [[ChromeDriver: chrome on WINDOWS (a001ae5b12550f372ead7db8df495e04)] -> css selector: [id='txtpwd']] to be present in the DOM for duration of {} 120
17:28:37.447 INFO  driver.Page (    Page.java:210) - Waiting for element to be visible for 120 seconds.
17:28:37.483 INFO  driver.Page (    Page.java:213) - Element is visible on the page.
17:28:37.494 INFO  driver.Page (    Page.java:105) - Clearing the element {} [[ChromeDriver: chrome on WINDOWS (a001ae5b12550f372ead7db8df495e04)] -> css selector: [id='txtpwd']] before sending the keys.
17:28:37.551 INFO  driver.Page (    Page.java:107) - Sending the following keys {} Sew@2021$! to the element {} [[ChromeDriver: chrome on WINDOWS (a001ae5b12550f372ead7db8df495e04)] -> css selector: [id='txtpwd']]
17:28:37.647 INFO  csp.AdminLoginPage (AdminLoginPage.java:56) - Password populated successfully.
17:28:37.648 INFO  driver.Page (    Page.java:57) - Preparing for element to click.
17:28:37.649 INFO  driver.Page (    Page.java:185) - Waiting for element to be clickable for 120 seconds.
17:28:37.729 INFO  driver.Page (    Page.java:188) - Element is clickable now.
17:28:44.251 INFO  driver.Page (    Page.java:60) - Element is clicked successfully.
17:28:44.251 INFO  csp.AdminLoginPage (AdminLoginPage.java:67) - SignIn Button clicked successfully.
17:28:44.251 INFO  scp.HomePage (HomePage.java:35) - Wait for page loader invisibility.
17:28:44.252 INFO  driver.Page (    Page.java:224) - Waiting for element to be invisible for 120 seconds.
17:28:44.295 INFO  driver.Page (    Page.java:227) - Element is invisible from the page.
17:28:44.298 INFO  csp.AdminHomePage (AdminHomePage.java:162) - Checking that the current page is Admin Home page.
17:28:44.298 INFO  driver.Page (    Page.java:38) - Fetching the current URL.
17:28:44.308 INFO  driver.Page (    Page.java:39) - The Current URL is: https://qa.smartcmobile.net/SCM_10.0_S-CSP/Home.aspx
17:28:44.321 INFO  driver.Page (    Page.java:44) - Fetching the current title.
17:28:44.334 INFO  driver.Page (    Page.java:45) - The Current Title is: Dashboard
17:28:44.348 INFO  csp.AdminHomePage (AdminHomePage.java:165) - The current page is Admin Home page {}: true
17:28:44.352 INFO  driver.Page (    Page.java:210) - Waiting for element to be visible for 120 seconds.
17:28:44.413 INFO  driver.Page (    Page.java:213) - Element is visible on the page.
17:28:44.414 INFO  csp.AdminHomePage (AdminHomePage.java:50) - Notification Link is Visible on the Admin Home page.
17:28:44.414 INFO  driver.Page (    Page.java:57) - Preparing for element to click.
17:28:44.414 INFO  driver.Page (    Page.java:185) - Waiting for element to be clickable for 120 seconds.
17:28:44.508 INFO  driver.Page (    Page.java:188) - Element is clickable now.
17:28:58.614 INFO  driver.Page (    Page.java:60) - Element is clicked successfully.
17:28:58.615 INFO  csp.AdminHomePage (AdminHomePage.java:54) - Notification Link clicked successfully.
17:28:58.615 INFO  scp.HomePage (HomePage.java:35) - Wait for page loader invisibility.
17:28:58.615 INFO  driver.Page (    Page.java:224) - Waiting for element to be invisible for 120 seconds.
17:29:05.642 INFO  driver.Page (    Page.java:227) - Element is invisible from the page.
17:29:05.642 INFO  scp.HomePage (HomePage.java:74) - Wait for Spinner Loading Image invisibility.
17:29:05.643 INFO  driver.Page (    Page.java:224) - Waiting for element to be invisible for 120 seconds.
17:29:10.711 INFO  driver.Page (    Page.java:227) - Element is invisible from the page.
17:29:10.711 INFO  scp.AboutMyHomePage (AdminNotificationPage.java:965) - Wait for Next Page visibility on Notification Page.
17:29:10.712 INFO  driver.Page (    Page.java:210) - Waiting for element to be visible for 120 seconds.
17:29:10.754 INFO  driver.Page (    Page.java:213) - Element is visible on the page.
17:29:10.754 INFO  driver.Page (    Page.java:57) - Preparing for element to click.
17:29:10.754 INFO  driver.Page (    Page.java:185) - Waiting for element to be clickable for 120 seconds.
17:29:10.805 INFO  driver.Page (    Page.java:188) - Element is clickable now.
17:29:10.858 INFO  driver.Page (    Page.java:60) - Element is clicked successfully.
17:29:10.858 INFO  scp.AboutMyHomePage (AdminNotificationPage.java:41) - Connect Me link clicked {}.
17:29:10.859 INFO  scp.HomePage (HomePage.java:74) - Wait for Spinner Loading Image invisibility.
17:29:10.859 INFO  driver.Page (    Page.java:224) - Waiting for element to be invisible for 120 seconds.
17:29:24.508 INFO  driver.Page (    Page.java:227) - Element is invisible from the page.
17:29:24.541 INFO  driver.Page (    Page.java:246) - Element {} : [[ChromeDriver: chrome on WINDOWS (a001ae5b12550f372ead7db8df495e04)] -> css selector: #ddlSearch] is visible on the page.
17:29:24.541 INFO  scp.AboutMyHomePage (AdminNotificationPage.java:663) - SearchBy Dropdown visibility status {}true
17:29:24.577 INFO  driver.Page (    Page.java:246) - Element {} : [[ChromeDriver: chrome on WINDOWS (a001ae5b12550f372ead7db8df495e04)] -> css selector: #txtEmailorAccountno] is visible on the page.
17:29:24.577 INFO  scp.AboutMyHomePage (AdminNotificationPage.java:693) - SearchBy TextBox visibility status {}true
17:29:24.614 INFO  driver.Page (    Page.java:246) - Element {} : [[ChromeDriver: chrome on WINDOWS (a001ae5b12550f372ead7db8df495e04)] -> css selector: #btnsearch] is visible on the page.
17:29:24.615 INFO  scp.AboutMyHomePage (AdminNotificationPage.java:713) - Search Button visibility status {}true
17:29:24.654 INFO  driver.Page (    Page.java:246) - Element {} : [[ChromeDriver: chrome on WINDOWS (a001ae5b12550f372ead7db8df495e04)] -> css selector: #buttonClear] is visible on the page.
17:29:24.654 INFO  scp.AboutMyHomePage (AdminNotificationPage.java:748) - Clear Button visibility status {}true
17:29:25.138 INFO  scp.AboutMyHomePage (AdminNotificationPage.java:668) - Search By Dropdown Values are [--Select--, Email, Service Account]
17:29:25.607 INFO  driver.Page (    Page.java:303) - Selecting the option by visible text {}: Email
17:29:25.659 INFO  driver.Page (    Page.java:305) - Selecting the given option to the web element {}: [[ChromeDriver: chrome on WINDOWS (a001ae5b12550f372ead7db8df495e04)] -> css selector: #ddlSearch]
17:29:25.764 INFO  driver.Page (    Page.java:307) - Given text is selected as the option to the given select web element.
17:29:25.765 INFO  scp.AboutMyHomePage (AdminNotificationPage.java:680) - SearchBY Value is selected in SearchBy drop-down {}.
17:29:25.765 INFO  scp.AboutMyHomePage (AdminNotificationPage.java:703) - Populating SearchBy TextBox {} :CM-482844059
17:29:25.777 INFO  driver.Page (    Page.java:103) - Wait for element {} [[ChromeDriver: chrome on WINDOWS (a001ae5b12550f372ead7db8df495e04)] -> css selector: #txtEmailorAccountno] to be present in the DOM for duration of {} 120
17:29:25.777 INFO  driver.Page (    Page.java:210) - Waiting for element to be visible for 120 seconds.
17:29:25.795 INFO  driver.Page (    Page.java:213) - Element is visible on the page.
17:29:25.803 INFO  driver.Page (    Page.java:105) - Clearing the element {} [[ChromeDriver: chrome on WINDOWS (a001ae5b12550f372ead7db8df495e04)] -> css selector: #txtEmailorAccountno] before sending the keys.
17:29:25.849 INFO  driver.Page (    Page.java:107) - Sending the following keys {} CM-482844059 to the element {} [[ChromeDriver: chrome on WINDOWS (a001ae5b12550f372ead7db8df495e04)] -> css selector: #txtEmailorAccountno]
17:29:25.954 INFO  scp.AboutMyHomePage (AdminNotificationPage.java:705) - SearchBy TextBox populated successfully with Value CM-482844059
17:29:25.954 INFO  driver.Page (    Page.java:57) - Preparing for element to click.
17:29:25.954 INFO  driver.Page (    Page.java:185) - Waiting for element to be clickable for 120 seconds.
17:29:25.985 INFO  driver.Page (    Page.java:188) - Element is clickable now.
17:29:26.374 INFO  driver.Page (    Page.java:60) - Element is clicked successfully.
17:29:26.375 INFO  scp.AboutMyHomePage (AdminNotificationPage.java:725) - Search Button clicked {}.
17:29:26.375 INFO  scp.HomePage (HomePage.java:74) - Wait for Spinner Loading Image invisibility.
17:29:26.375 INFO  driver.Page (    Page.java:224) - Waiting for element to be invisible for 120 seconds.
17:29:38.466 INFO  driver.Page (    Page.java:227) - Element is invisible from the page.
17:29:39.046 INFO  driver.Page (    Page.java:57) - Preparing for element to click.
17:29:39.046 INFO  driver.Page (    Page.java:185) - Waiting for element to be clickable for 120 seconds.
17:29:39.101 INFO  driver.Page (    Page.java:188) - Element is clickable now.
17:29:39.180 INFO  driver.Page (    Page.java:60) - Element is clicked successfully.
17:29:39.181 INFO  csp.AdminHomePage (AdminHomePage.java:74) - Admin User Profile dropdown clicked successfully.
17:29:39.182 INFO  driver.Page (    Page.java:210) - Waiting for element to be visible for 120 seconds.
17:29:39.209 INFO  driver.Page (    Page.java:213) - Element is visible on the page.
17:29:39.209 INFO  csp.AdminHomePage (AdminHomePage.java:36) - SignOut Link is Visible on the page.
17:29:39.209 INFO  driver.Page (    Page.java:57) - Preparing for element to click.
17:29:39.209 INFO  driver.Page (    Page.java:185) - Waiting for element to be clickable for 120 seconds.
17:29:39.236 INFO  driver.Page (    Page.java:188) - Element is clickable now.
17:29:41.695 INFO  driver.Page (    Page.java:60) - Element is clicked successfully.
17:29:41.695 INFO  csp.AdminHomePage (AdminHomePage.java:40) - Admin User SignOut Link clicked successfully.
17:29:41.695 INFO  scp.HomePage (HomePage.java:35) - Wait for page loader invisibility.
17:29:41.696 INFO  driver.Page (    Page.java:224) - Waiting for element to be invisible for 120 seconds.
17:29:46.754 INFO  driver.Page (    Page.java:227) - Element is invisible from the page.
17:29:46.755 INFO  csp.AdminNotificationTests (AdminNotificationTests.java:321) - Test Case execution for - verifySearchByFeature - is Completed.
17:29:51.595 INFO  driver.DriverFactory (DriverFactory.java:112) - Clearing all the cookies.
17:37:03.862 WARN  config.Configuration (Configuration.java:231) - QA env being used by default. No env property set. This can be set in the sew.app.yml config file with a '{}=' property or on the command line with the switch '-D{}='.
17:37:05.416 INFO  runner.TestRunner (TestRunner.java:32) - Initializing application properties config file.
17:37:05.434 INFO  runner.TestRunner (TestRunner.java:35) - Initializing connection to the base database.
17:37:05.645 WARN  config.DatabaseConfiguration (DatabaseConfiguration.java:84) - QA env being used by default. No env property set. This can be set in the sentinel.yml config file with a '{}=' property or on the command line with the switch '-D{}='.
17:37:07.851 INFO  runner.TestRunner (TestRunner.java:38) - Initializing resource path config file.
17:37:07.871 INFO  runner.TestRunner (TestRunner.java:41) - Initializing usage months config from CSP.
17:37:08.749 INFO  runner.TestRunner (TestRunner.java:44) - Initializing date config from CSP.
17:37:09.499 INFO  runner.TestRunner (TestRunner.java:47) - Initializing language config from CSP.
17:37:10.238 INFO  runner.TestRunner (TestRunner.java:50) - Initializing language config from CSP.
17:37:10.995 INFO  runner.TestRunner (TestRunner.java:53) - Initializing language config from CSP.
17:37:11.742 INFO  runner.TestRunner (TestRunner.java:56) - Initializing user model config.
17:37:19.062 INFO  runner.TestRunner (TestRunner.java:59) - Initializing auth token config.
17:37:19.063 INFO  runner.TestRunner (TestRunner.java:62) - Initializing Admin User config.
17:37:20.778 INFO  utils.ExcelUtils (ExcelUtils.java:35) - Test Runner excel row at: 1
17:37:20.788 INFO  utils.ExcelUtils (ExcelUtils.java:35) - Test Runner excel row at: 2
17:37:20.791 INFO  utils.ExcelUtils (ExcelUtils.java:35) - Test Runner excel row at: 3
17:37:20.793 INFO  utils.ExcelUtils (ExcelUtils.java:35) - Test Runner excel row at: 4
17:37:20.795 INFO  utils.ExcelUtils (ExcelUtils.java:35) - Test Runner excel row at: 5
17:37:20.798 INFO  utils.ExcelUtils (ExcelUtils.java:35) - Test Runner excel row at: 6
17:37:20.799 INFO  utils.ExcelUtils (ExcelUtils.java:35) - Test Runner excel row at: 7
17:37:20.800 INFO  utils.ExcelUtils (ExcelUtils.java:35) - Test Runner excel row at: 8
17:37:20.801 INFO  utils.ExcelUtils (ExcelUtils.java:35) - Test Runner excel row at: 9
17:37:20.802 INFO  utils.ExcelUtils (ExcelUtils.java:35) - Test Runner excel row at: 10
17:37:20.803 INFO  utils.ExcelUtils (ExcelUtils.java:35) - Test Runner excel row at: 11
17:37:20.804 INFO  utils.ExcelUtils (ExcelUtils.java:35) - Test Runner excel row at: 12
17:37:20.805 INFO  utils.ExcelUtils (ExcelUtils.java:35) - Test Runner excel row at: 13
17:37:20.806 INFO  utils.ExcelUtils (ExcelUtils.java:35) - Test Runner excel row at: 14
17:37:20.807 INFO  utils.ExcelUtils (ExcelUtils.java:35) - Test Runner excel row at: 15
17:37:20.809 INFO  utils.ExcelUtils (ExcelUtils.java:35) - Test Runner excel row at: 16
17:37:20.810 INFO  utils.ExcelUtils (ExcelUtils.java:35) - Test Runner excel row at: 17
17:37:20.811 INFO  utils.ExcelUtils (ExcelUtils.java:35) - Test Runner excel row at: 18
17:37:20.811 INFO  utils.ExcelUtils (ExcelUtils.java:35) - Test Runner excel row at: 19
17:37:20.812 INFO  utils.ExcelUtils (ExcelUtils.java:35) - Test Runner excel row at: 20
17:37:20.812 INFO  utils.ExcelUtils (ExcelUtils.java:35) - Test Runner excel row at: 21
17:37:20.813 INFO  utils.ExcelUtils (ExcelUtils.java:35) - Test Runner excel row at: 22
17:37:20.813 INFO  utils.ExcelUtils (ExcelUtils.java:35) - Test Runner excel row at: 23
17:37:20.814 INFO  utils.ExcelUtils (ExcelUtils.java:35) - Test Runner excel row at: 24
17:37:20.815 INFO  utils.ExcelUtils (ExcelUtils.java:35) - Test Runner excel row at: 25
17:37:20.815 INFO  utils.ExcelUtils (ExcelUtils.java:35) - Test Runner excel row at: 26
17:37:20.817 INFO  utils.ExcelUtils (ExcelUtils.java:35) - Test Runner excel row at: 27
17:37:20.817 INFO  utils.ExcelUtils (ExcelUtils.java:35) - Test Runner excel row at: 28
17:37:20.817 INFO  utils.ExcelUtils (ExcelUtils.java:35) - Test Runner excel row at: 29
17:37:20.818 INFO  utils.ExcelUtils (ExcelUtils.java:35) - Test Runner excel row at: 30
17:37:20.818 INFO  utils.ExcelUtils (ExcelUtils.java:35) - Test Runner excel row at: 31
17:37:20.819 INFO  utils.ExcelUtils (ExcelUtils.java:35) - Test Runner excel row at: 32
17:37:20.820 INFO  utils.ExcelUtils (ExcelUtils.java:35) - Test Runner excel row at: 33
17:37:20.820 INFO  utils.ExcelUtils (ExcelUtils.java:35) - Test Runner excel row at: 34
17:37:20.821 INFO  utils.ExcelUtils (ExcelUtils.java:35) - Test Runner excel row at: 35
17:37:20.821 INFO  utils.ExcelUtils (ExcelUtils.java:35) - Test Runner excel row at: 36
17:37:20.822 INFO  utils.ExcelUtils (ExcelUtils.java:35) - Test Runner excel row at: 37
17:37:20.823 INFO  utils.ExcelUtils (ExcelUtils.java:35) - Test Runner excel row at: 38
17:37:25.640 INFO  driver.WebDriverFactory (WebDriverFactory.java:207) - Setting up the browser window to its max.
17:37:25.812 INFO  driver.WebDriverFactory (WebDriverFactory.java:196) - Initializing the implicit wait timeout for {} 5
17:37:25.822 INFO  driver.WebDriverFactory (WebDriverFactory.java:199) - Initializing the page load timeout.
17:37:25.829 INFO  driver.DriverFactory (DriverFactory.java:112) - Clearing all the cookies.
17:37:25.842 INFO  driver.DriverFactory (DriverFactory.java:57) - Open the url {} https://qa.smartcmobile.net/SCM_10.0_S-CSP/ using the selenium get() method.
17:37:31.949 INFO  csp.AdminNotificationTests (AdminNotificationTests.java:298) - To verify the tests with the below test case id's: C99044,C99045,C99046,C99047,C99048,C99054
17:37:35.443 INFO  scp.HomePage (HomePage.java:35) - Wait for page loader invisibility.
17:37:35.445 INFO  driver.Page (    Page.java:224) - Waiting for element to be invisible for 120 seconds.
17:37:40.675 INFO  driver.Page (    Page.java:227) - Element is invisible from the page.
17:37:40.676 INFO  csp.AdminLoginPage (AdminLoginPage.java:334) - Checking that the current page is Admin login page.
17:37:40.676 INFO  driver.Page (    Page.java:38) - Fetching the current URL.
17:37:40.686 INFO  driver.Page (    Page.java:39) - The Current URL is: https://qa.smartcmobile.net/SCM_10.0_S-CSP/
17:37:40.693 INFO  driver.Page (    Page.java:44) - Fetching the current title.
17:37:40.700 INFO  driver.Page (    Page.java:45) - The Current Title is: SCM Admin - Login
17:37:40.707 INFO  csp.AdminLoginPage (AdminLoginPage.java:337) - The current page is Admin login page {}: true
17:37:40.707 INFO  csp.AdminLoginPage (AdminLoginPage.java:30) - Populating username {} :qauser
17:37:40.727 INFO  driver.Page (    Page.java:103) - Wait for element {} [[ChromeDriver: chrome on WINDOWS (ca18430f2308dffe4f3260f27b22ea65)] -> css selector: [id='txtAdminLogin']] to be present in the DOM for duration of {} 120
17:37:40.728 INFO  driver.Page (    Page.java:210) - Waiting for element to be visible for 120 seconds.
17:37:40.807 INFO  driver.Page (    Page.java:213) - Element is visible on the page.
17:37:40.819 INFO  driver.Page (    Page.java:105) - Clearing the element {} [[ChromeDriver: chrome on WINDOWS (ca18430f2308dffe4f3260f27b22ea65)] -> css selector: [id='txtAdminLogin']] before sending the keys.
17:37:40.868 INFO  driver.Page (    Page.java:107) - Sending the following keys {} qauser to the element {} [[ChromeDriver: chrome on WINDOWS (ca18430f2308dffe4f3260f27b22ea65)] -> css selector: [id='txtAdminLogin']]
17:37:40.932 INFO  csp.AdminLoginPage (AdminLoginPage.java:32) - Username populated successfully.
17:37:40.932 INFO  csp.AdminLoginPage (AdminLoginPage.java:54) - Populating password {} :Sew@2021$!
17:37:40.950 INFO  driver.Page (    Page.java:103) - Wait for element {} [[ChromeDriver: chrome on WINDOWS (ca18430f2308dffe4f3260f27b22ea65)] -> css selector: [id='txtpwd']] to be present in the DOM for duration of {} 120
17:37:40.950 INFO  driver.Page (    Page.java:210) - Waiting for element to be visible for 120 seconds.
17:37:40.980 INFO  driver.Page (    Page.java:213) - Element is visible on the page.
17:37:40.990 INFO  driver.Page (    Page.java:105) - Clearing the element {} [[ChromeDriver: chrome on WINDOWS (ca18430f2308dffe4f3260f27b22ea65)] -> css selector: [id='txtpwd']] before sending the keys.
17:37:41.043 INFO  driver.Page (    Page.java:107) - Sending the following keys {} Sew@2021$! to the element {} [[ChromeDriver: chrome on WINDOWS (ca18430f2308dffe4f3260f27b22ea65)] -> css selector: [id='txtpwd']]
17:37:41.128 INFO  csp.AdminLoginPage (AdminLoginPage.java:56) - Password populated successfully.
17:37:41.128 INFO  driver.Page (    Page.java:57) - Preparing for element to click.
17:37:41.128 INFO  driver.Page (    Page.java:185) - Waiting for element to be clickable for 120 seconds.
17:37:41.184 INFO  driver.Page (    Page.java:188) - Element is clickable now.
17:37:59.884 INFO  driver.Page (    Page.java:60) - Element is clicked successfully.
17:37:59.884 INFO  csp.AdminLoginPage (AdminLoginPage.java:67) - SignIn Button clicked successfully.
17:37:59.884 INFO  scp.HomePage (HomePage.java:35) - Wait for page loader invisibility.
17:37:59.884 INFO  driver.Page (    Page.java:224) - Waiting for element to be invisible for 120 seconds.
17:37:59.915 INFO  driver.Page (    Page.java:227) - Element is invisible from the page.
17:37:59.917 INFO  csp.AdminHomePage (AdminHomePage.java:162) - Checking that the current page is Admin Home page.
17:37:59.917 INFO  driver.Page (    Page.java:38) - Fetching the current URL.
17:37:59.921 INFO  driver.Page (    Page.java:39) - The Current URL is: https://qa.smartcmobile.net/SCM_10.0_S-CSP/Home.aspx
17:37:59.926 INFO  driver.Page (    Page.java:44) - Fetching the current title.
17:37:59.931 INFO  driver.Page (    Page.java:45) - The Current Title is: Dashboard
17:37:59.938 INFO  csp.AdminHomePage (AdminHomePage.java:165) - The current page is Admin Home page {}: true
17:37:59.940 INFO  driver.Page (    Page.java:210) - Waiting for element to be visible for 120 seconds.
17:37:59.970 INFO  driver.Page (    Page.java:213) - Element is visible on the page.
17:37:59.970 INFO  csp.AdminHomePage (AdminHomePage.java:50) - Notification Link is Visible on the Admin Home page.
17:37:59.970 INFO  driver.Page (    Page.java:57) - Preparing for element to click.
17:37:59.971 INFO  driver.Page (    Page.java:185) - Waiting for element to be clickable for 120 seconds.
17:38:00.005 INFO  driver.Page (    Page.java:188) - Element is clickable now.
17:38:08.673 INFO  driver.Page (    Page.java:60) - Element is clicked successfully.
17:38:08.673 INFO  csp.AdminHomePage (AdminHomePage.java:54) - Notification Link clicked successfully.
17:38:08.673 INFO  scp.HomePage (HomePage.java:35) - Wait for page loader invisibility.
17:38:08.674 INFO  driver.Page (    Page.java:224) - Waiting for element to be invisible for 120 seconds.
17:38:15.727 INFO  driver.Page (    Page.java:227) - Element is invisible from the page.
17:38:15.728 INFO  scp.HomePage (HomePage.java:74) - Wait for Spinner Loading Image invisibility.
17:38:15.728 INFO  driver.Page (    Page.java:224) - Waiting for element to be invisible for 120 seconds.
17:38:20.757 INFO  driver.Page (    Page.java:227) - Element is invisible from the page.
17:38:20.757 INFO  scp.AboutMyHomePage (AdminNotificationPage.java:965) - Wait for Next Page visibility on Notification Page.
17:38:20.758 INFO  driver.Page (    Page.java:210) - Waiting for element to be visible for 120 seconds.
17:38:20.781 INFO  driver.Page (    Page.java:213) - Element is visible on the page.
17:38:20.782 INFO  driver.Page (    Page.java:57) - Preparing for element to click.
17:38:20.782 INFO  driver.Page (    Page.java:185) - Waiting for element to be clickable for 120 seconds.
17:38:20.821 INFO  driver.Page (    Page.java:188) - Element is clickable now.
17:38:20.882 INFO  driver.Page (    Page.java:60) - Element is clicked successfully.
17:38:20.883 INFO  scp.AboutMyHomePage (AdminNotificationPage.java:41) - Connect Me link clicked {}.
17:38:20.883 INFO  scp.HomePage (HomePage.java:74) - Wait for Spinner Loading Image invisibility.
17:38:20.883 INFO  driver.Page (    Page.java:224) - Waiting for element to be invisible for 120 seconds.
17:38:34.506 INFO  driver.Page (    Page.java:227) - Element is invisible from the page.
17:38:34.539 INFO  driver.Page (    Page.java:246) - Element {} : [[ChromeDriver: chrome on WINDOWS (ca18430f2308dffe4f3260f27b22ea65)] -> css selector: #ddlSearch] is visible on the page.
17:38:34.540 INFO  scp.AboutMyHomePage (AdminNotificationPage.java:663) - SearchBy Dropdown visibility status {}true
17:38:34.573 INFO  driver.Page (    Page.java:246) - Element {} : [[ChromeDriver: chrome on WINDOWS (ca18430f2308dffe4f3260f27b22ea65)] -> css selector: #txtEmailorAccountno] is visible on the page.
17:38:34.573 INFO  scp.AboutMyHomePage (AdminNotificationPage.java:693) - SearchBy TextBox visibility status {}true
17:38:34.611 INFO  driver.Page (    Page.java:246) - Element {} : [[ChromeDriver: chrome on WINDOWS (ca18430f2308dffe4f3260f27b22ea65)] -> css selector: #btnsearch] is visible on the page.
17:38:34.611 INFO  scp.AboutMyHomePage (AdminNotificationPage.java:713) - Search Button visibility status {}true
17:38:34.643 INFO  driver.Page (    Page.java:246) - Element {} : [[ChromeDriver: chrome on WINDOWS (ca18430f2308dffe4f3260f27b22ea65)] -> css selector: #buttonClear] is visible on the page.
17:38:34.643 INFO  scp.AboutMyHomePage (AdminNotificationPage.java:748) - Clear Button visibility status {}true
17:38:35.176 INFO  scp.AboutMyHomePage (AdminNotificationPage.java:668) - Search By Dropdown Values are [--Select--, Email, Service Account]
17:38:35.622 INFO  driver.Page (    Page.java:303) - Selecting the option by visible text {}: Email
17:38:35.649 INFO  driver.Page (    Page.java:305) - Selecting the given option to the web element {}: [[ChromeDriver: chrome on WINDOWS (ca18430f2308dffe4f3260f27b22ea65)] -> css selector: #ddlSearch]
17:38:35.731 INFO  driver.Page (    Page.java:307) - Given text is selected as the option to the given select web element.
17:38:35.731 INFO  scp.AboutMyHomePage (AdminNotificationPage.java:680) - SearchBY Value is selected in SearchBy drop-down {}.
17:38:35.731 INFO  scp.AboutMyHomePage (AdminNotificationPage.java:703) - Populating SearchBy TextBox {} :commerce.business@mailinator.com
17:38:35.744 INFO  driver.Page (    Page.java:103) - Wait for element {} [[ChromeDriver: chrome on WINDOWS (ca18430f2308dffe4f3260f27b22ea65)] -> css selector: #txtEmailorAccountno] to be present in the DOM for duration of {} 120
17:38:35.744 INFO  driver.Page (    Page.java:210) - Waiting for element to be visible for 120 seconds.
17:38:35.771 INFO  driver.Page (    Page.java:213) - Element is visible on the page.
17:38:35.779 INFO  driver.Page (    Page.java:105) - Clearing the element {} [[ChromeDriver: chrome on WINDOWS (ca18430f2308dffe4f3260f27b22ea65)] -> css selector: #txtEmailorAccountno] before sending the keys.
17:38:35.832 INFO  driver.Page (    Page.java:107) - Sending the following keys {} commerce.business@mailinator.com to the element {} [[ChromeDriver: chrome on WINDOWS (ca18430f2308dffe4f3260f27b22ea65)] -> css selector: #txtEmailorAccountno]
17:38:35.945 INFO  scp.AboutMyHomePage (AdminNotificationPage.java:705) - SearchBy TextBox populated successfully with Value commerce.business@mailinator.com
17:38:35.946 INFO  driver.Page (    Page.java:57) - Preparing for element to click.
17:38:35.946 INFO  driver.Page (    Page.java:185) - Waiting for element to be clickable for 120 seconds.
17:38:35.984 INFO  driver.Page (    Page.java:188) - Element is clickable now.
17:38:36.409 INFO  driver.Page (    Page.java:60) - Element is clicked successfully.
17:38:36.409 INFO  scp.AboutMyHomePage (AdminNotificationPage.java:725) - Search Button clicked {}.
17:38:36.410 INFO  scp.HomePage (HomePage.java:74) - Wait for Spinner Loading Image invisibility.
17:38:36.410 INFO  driver.Page (    Page.java:224) - Waiting for element to be invisible for 120 seconds.
17:38:43.404 INFO  driver.Page (    Page.java:227) - Element is invisible from the page.
17:38:43.435 INFO  driver.Page (    Page.java:57) - Preparing for element to click.
17:38:43.436 INFO  driver.Page (    Page.java:185) - Waiting for element to be clickable for 120 seconds.
17:38:43.476 INFO  driver.Page (    Page.java:188) - Element is clickable now.
17:38:43.516 INFO  driver.Page (    Page.java:60) - Element is clicked successfully.
17:38:43.517 INFO  csp.AdminHomePage (AdminHomePage.java:74) - Admin User Profile dropdown clicked successfully.
17:38:43.517 INFO  driver.Page (    Page.java:210) - Waiting for element to be visible for 120 seconds.
17:38:43.543 INFO  driver.Page (    Page.java:213) - Element is visible on the page.
17:38:43.544 INFO  csp.AdminHomePage (AdminHomePage.java:36) - SignOut Link is Visible on the page.
17:38:43.544 INFO  driver.Page (    Page.java:57) - Preparing for element to click.
17:38:43.544 INFO  driver.Page (    Page.java:185) - Waiting for element to be clickable for 120 seconds.
17:38:43.575 INFO  driver.Page (    Page.java:188) - Element is clickable now.
17:38:45.558 INFO  driver.Page (    Page.java:60) - Element is clicked successfully.
17:38:45.558 INFO  csp.AdminHomePage (AdminHomePage.java:40) - Admin User SignOut Link clicked successfully.
17:38:45.558 INFO  scp.HomePage (HomePage.java:35) - Wait for page loader invisibility.
17:38:45.558 INFO  driver.Page (    Page.java:224) - Waiting for element to be invisible for 120 seconds.
17:38:50.581 INFO  driver.Page (    Page.java:227) - Element is invisible from the page.
17:38:56.726 INFO  driver.DriverFactory (DriverFactory.java:112) - Clearing all the cookies.
17:41:07.577 WARN  config.Configuration (Configuration.java:231) - QA env being used by default. No env property set. This can be set in the sew.app.yml config file with a '{}=' property or on the command line with the switch '-D{}='.
17:41:08.724 INFO  runner.TestRunner (TestRunner.java:32) - Initializing application properties config file.
17:41:08.726 INFO  runner.TestRunner (TestRunner.java:35) - Initializing connection to the base database.
17:41:08.778 WARN  config.DatabaseConfiguration (DatabaseConfiguration.java:84) - QA env being used by default. No env property set. This can be set in the sentinel.yml config file with a '{}=' property or on the command line with the switch '-D{}='.
17:41:10.818 INFO  runner.TestRunner (TestRunner.java:38) - Initializing resource path config file.
17:41:10.820 INFO  runner.TestRunner (TestRunner.java:41) - Initializing usage months config from CSP.
17:41:11.746 INFO  runner.TestRunner (TestRunner.java:44) - Initializing date config from CSP.
17:41:12.504 INFO  runner.TestRunner (TestRunner.java:47) - Initializing language config from CSP.
17:41:13.262 INFO  runner.TestRunner (TestRunner.java:50) - Initializing language config from CSP.
17:41:14.143 INFO  runner.TestRunner (TestRunner.java:53) - Initializing language config from CSP.
17:41:14.907 INFO  runner.TestRunner (TestRunner.java:56) - Initializing user model config.
17:41:21.029 INFO  runner.TestRunner (TestRunner.java:59) - Initializing auth token config.
17:41:21.029 INFO  runner.TestRunner (TestRunner.java:62) - Initializing Admin User config.
17:41:22.961 INFO  utils.ExcelUtils (ExcelUtils.java:35) - Test Runner excel row at: 1
17:41:22.971 INFO  utils.ExcelUtils (ExcelUtils.java:35) - Test Runner excel row at: 2
17:41:22.973 INFO  utils.ExcelUtils (ExcelUtils.java:35) - Test Runner excel row at: 3
17:41:22.974 INFO  utils.ExcelUtils (ExcelUtils.java:35) - Test Runner excel row at: 4
17:41:22.975 INFO  utils.ExcelUtils (ExcelUtils.java:35) - Test Runner excel row at: 5
17:41:22.977 INFO  utils.ExcelUtils (ExcelUtils.java:35) - Test Runner excel row at: 6
17:41:22.978 INFO  utils.ExcelUtils (ExcelUtils.java:35) - Test Runner excel row at: 7
17:41:22.978 INFO  utils.ExcelUtils (ExcelUtils.java:35) - Test Runner excel row at: 8
17:41:22.979 INFO  utils.ExcelUtils (ExcelUtils.java:35) - Test Runner excel row at: 9
17:41:22.981 INFO  utils.ExcelUtils (ExcelUtils.java:35) - Test Runner excel row at: 10
17:41:22.981 INFO  utils.ExcelUtils (ExcelUtils.java:35) - Test Runner excel row at: 11
17:41:22.983 INFO  utils.ExcelUtils (ExcelUtils.java:35) - Test Runner excel row at: 12
17:41:22.984 INFO  utils.ExcelUtils (ExcelUtils.java:35) - Test Runner excel row at: 13
17:41:22.985 INFO  utils.ExcelUtils (ExcelUtils.java:35) - Test Runner excel row at: 14
17:41:22.986 INFO  utils.ExcelUtils (ExcelUtils.java:35) - Test Runner excel row at: 15
17:41:22.987 INFO  utils.ExcelUtils (ExcelUtils.java:35) - Test Runner excel row at: 16
17:41:22.988 INFO  utils.ExcelUtils (ExcelUtils.java:35) - Test Runner excel row at: 17
17:41:22.988 INFO  utils.ExcelUtils (ExcelUtils.java:35) - Test Runner excel row at: 18
17:41:22.989 INFO  utils.ExcelUtils (ExcelUtils.java:35) - Test Runner excel row at: 19
17:41:22.990 INFO  utils.ExcelUtils (ExcelUtils.java:35) - Test Runner excel row at: 20
17:41:22.991 INFO  utils.ExcelUtils (ExcelUtils.java:35) - Test Runner excel row at: 21
17:41:22.991 INFO  utils.ExcelUtils (ExcelUtils.java:35) - Test Runner excel row at: 22
17:41:22.992 INFO  utils.ExcelUtils (ExcelUtils.java:35) - Test Runner excel row at: 23
17:41:22.993 INFO  utils.ExcelUtils (ExcelUtils.java:35) - Test Runner excel row at: 24
17:41:22.994 INFO  utils.ExcelUtils (ExcelUtils.java:35) - Test Runner excel row at: 25
17:41:22.994 INFO  utils.ExcelUtils (ExcelUtils.java:35) - Test Runner excel row at: 26
17:41:22.995 INFO  utils.ExcelUtils (ExcelUtils.java:35) - Test Runner excel row at: 27
17:41:23.006 INFO  utils.ExcelUtils (ExcelUtils.java:35) - Test Runner excel row at: 28
17:41:23.007 INFO  utils.ExcelUtils (ExcelUtils.java:35) - Test Runner excel row at: 29
17:41:23.008 INFO  utils.ExcelUtils (ExcelUtils.java:35) - Test Runner excel row at: 30
17:41:23.008 INFO  utils.ExcelUtils (ExcelUtils.java:35) - Test Runner excel row at: 31
17:41:23.009 INFO  utils.ExcelUtils (ExcelUtils.java:35) - Test Runner excel row at: 32
17:41:23.010 INFO  utils.ExcelUtils (ExcelUtils.java:35) - Test Runner excel row at: 33
17:41:23.010 INFO  utils.ExcelUtils (ExcelUtils.java:35) - Test Runner excel row at: 34
17:41:23.011 INFO  utils.ExcelUtils (ExcelUtils.java:35) - Test Runner excel row at: 35
17:41:23.011 INFO  utils.ExcelUtils (ExcelUtils.java:35) - Test Runner excel row at: 36
17:41:23.012 INFO  utils.ExcelUtils (ExcelUtils.java:35) - Test Runner excel row at: 37
17:41:23.013 INFO  utils.ExcelUtils (ExcelUtils.java:35) - Test Runner excel row at: 38
17:41:28.493 INFO  driver.WebDriverFactory (WebDriverFactory.java:207) - Setting up the browser window to its max.
17:41:28.728 INFO  driver.WebDriverFactory (WebDriverFactory.java:196) - Initializing the implicit wait timeout for {} 5
17:41:28.735 INFO  driver.WebDriverFactory (WebDriverFactory.java:199) - Initializing the page load timeout.
17:41:28.743 INFO  driver.DriverFactory (DriverFactory.java:112) - Clearing all the cookies.
17:41:28.755 INFO  driver.DriverFactory (DriverFactory.java:57) - Open the url {} https://qa.smartcmobile.net/SCM_10.0_S-CSP/ using the selenium get() method.
17:41:38.541 INFO  csp.AdminNotificationTests (AdminNotificationTests.java:298) - To verify the tests with the below test case id's: C99044,C99045,C99046,C99047,C99048,C99054
17:41:43.149 INFO  scp.HomePage (HomePage.java:35) - Wait for page loader invisibility.
17:41:43.150 INFO  driver.Page (    Page.java:224) - Waiting for element to be invisible for 120 seconds.
17:41:48.212 INFO  driver.Page (    Page.java:227) - Element is invisible from the page.
17:41:48.212 INFO  csp.AdminLoginPage (AdminLoginPage.java:334) - Checking that the current page is Admin login page.
17:41:48.213 INFO  driver.Page (    Page.java:38) - Fetching the current URL.
17:41:48.240 INFO  driver.Page (    Page.java:39) - The Current URL is: https://qa.smartcmobile.net/SCM_10.0_S-CSP/
17:41:48.250 INFO  driver.Page (    Page.java:44) - Fetching the current title.
17:41:48.268 INFO  driver.Page (    Page.java:45) - The Current Title is: SCM Admin - Login
17:41:48.285 INFO  csp.AdminLoginPage (AdminLoginPage.java:337) - The current page is Admin login page {}: true
17:41:48.286 INFO  csp.AdminLoginPage (AdminLoginPage.java:30) - Populating username {} :qauser
17:41:48.311 INFO  driver.Page (    Page.java:103) - Wait for element {} [[ChromeDriver: chrome on WINDOWS (18cbf38498ee94156a34647d5861a5f1)] -> css selector: [id='txtAdminLogin']] to be present in the DOM for duration of {} 120
17:41:48.311 INFO  driver.Page (    Page.java:210) - Waiting for element to be visible for 120 seconds.
17:41:48.382 INFO  driver.Page (    Page.java:213) - Element is visible on the page.
17:41:48.397 INFO  driver.Page (    Page.java:105) - Clearing the element {} [[ChromeDriver: chrome on WINDOWS (18cbf38498ee94156a34647d5861a5f1)] -> css selector: [id='txtAdminLogin']] before sending the keys.
17:41:48.487 INFO  driver.Page (    Page.java:107) - Sending the following keys {} qauser to the element {} [[ChromeDriver: chrome on WINDOWS (18cbf38498ee94156a34647d5861a5f1)] -> css selector: [id='txtAdminLogin']]
17:41:48.572 INFO  csp.AdminLoginPage (AdminLoginPage.java:32) - Username populated successfully.
17:41:48.572 INFO  csp.AdminLoginPage (AdminLoginPage.java:54) - Populating password {} :Sew@2021$!
17:41:48.607 INFO  driver.Page (    Page.java:103) - Wait for element {} [[ChromeDriver: chrome on WINDOWS (18cbf38498ee94156a34647d5861a5f1)] -> css selector: [id='txtpwd']] to be present in the DOM for duration of {} 120
17:41:48.607 INFO  driver.Page (    Page.java:210) - Waiting for element to be visible for 120 seconds.
17:41:48.649 INFO  driver.Page (    Page.java:213) - Element is visible on the page.
17:41:48.664 INFO  driver.Page (    Page.java:105) - Clearing the element {} [[ChromeDriver: chrome on WINDOWS (18cbf38498ee94156a34647d5861a5f1)] -> css selector: [id='txtpwd']] before sending the keys.
17:41:48.767 INFO  driver.Page (    Page.java:107) - Sending the following keys {} Sew@2021$! to the element {} [[ChromeDriver: chrome on WINDOWS (18cbf38498ee94156a34647d5861a5f1)] -> css selector: [id='txtpwd']]
17:41:48.880 INFO  csp.AdminLoginPage (AdminLoginPage.java:56) - Password populated successfully.
17:41:48.881 INFO  driver.Page (    Page.java:57) - Preparing for element to click.
17:41:48.881 INFO  driver.Page (    Page.java:185) - Waiting for element to be clickable for 120 seconds.
17:41:48.971 INFO  driver.Page (    Page.java:188) - Element is clickable now.
17:41:59.193 INFO  driver.Page (    Page.java:60) - Element is clicked successfully.
17:41:59.193 INFO  csp.AdminLoginPage (AdminLoginPage.java:67) - SignIn Button clicked successfully.
17:41:59.193 INFO  scp.HomePage (HomePage.java:35) - Wait for page loader invisibility.
17:41:59.194 INFO  driver.Page (    Page.java:224) - Waiting for element to be invisible for 120 seconds.
17:41:59.276 INFO  driver.Page (    Page.java:227) - Element is invisible from the page.
17:41:59.280 INFO  csp.AdminHomePage (AdminHomePage.java:162) - Checking that the current page is Admin Home page.
17:41:59.280 INFO  driver.Page (    Page.java:38) - Fetching the current URL.
17:41:59.294 INFO  driver.Page (    Page.java:39) - The Current URL is: https://qa.smartcmobile.net/SCM_10.0_S-CSP/Home.aspx
17:41:59.309 INFO  driver.Page (    Page.java:44) - Fetching the current title.
17:41:59.338 INFO  driver.Page (    Page.java:45) - The Current Title is: Dashboard
17:41:59.348 INFO  csp.AdminHomePage (AdminHomePage.java:165) - The current page is Admin Home page {}: true
17:41:59.353 INFO  driver.Page (    Page.java:210) - Waiting for element to be visible for 120 seconds.
17:41:59.428 INFO  driver.Page (    Page.java:213) - Element is visible on the page.
17:41:59.430 INFO  csp.AdminHomePage (AdminHomePage.java:50) - Notification Link is Visible on the Admin Home page.
17:41:59.430 INFO  driver.Page (    Page.java:57) - Preparing for element to click.
17:41:59.430 INFO  driver.Page (    Page.java:185) - Waiting for element to be clickable for 120 seconds.
17:41:59.532 INFO  driver.Page (    Page.java:188) - Element is clickable now.
17:42:06.196 INFO  driver.Page (    Page.java:60) - Element is clicked successfully.
17:42:06.197 INFO  csp.AdminHomePage (AdminHomePage.java:54) - Notification Link clicked successfully.
17:42:06.197 INFO  scp.HomePage (HomePage.java:35) - Wait for page loader invisibility.
17:42:06.197 INFO  driver.Page (    Page.java:224) - Waiting for element to be invisible for 120 seconds.
17:42:12.605 INFO  driver.Page (    Page.java:227) - Element is invisible from the page.
17:42:12.605 INFO  scp.HomePage (HomePage.java:74) - Wait for Spinner Loading Image invisibility.
17:42:12.606 INFO  driver.Page (    Page.java:224) - Waiting for element to be invisible for 120 seconds.
17:42:17.657 INFO  driver.Page (    Page.java:227) - Element is invisible from the page.
17:42:17.658 INFO  scp.AboutMyHomePage (AdminNotificationPage.java:965) - Wait for Next Page visibility on Notification Page.
17:42:17.658 INFO  driver.Page (    Page.java:210) - Waiting for element to be visible for 120 seconds.
17:42:17.683 INFO  driver.Page (    Page.java:213) - Element is visible on the page.
17:42:17.683 INFO  driver.Page (    Page.java:57) - Preparing for element to click.
17:42:17.684 INFO  driver.Page (    Page.java:185) - Waiting for element to be clickable for 120 seconds.
17:42:17.724 INFO  driver.Page (    Page.java:188) - Element is clickable now.
17:42:17.776 INFO  driver.Page (    Page.java:60) - Element is clicked successfully.
17:42:17.777 INFO  scp.AboutMyHomePage (AdminNotificationPage.java:41) - Connect Me link clicked {}.
17:42:17.777 INFO  scp.HomePage (HomePage.java:74) - Wait for Spinner Loading Image invisibility.
17:42:17.777 INFO  driver.Page (    Page.java:224) - Waiting for element to be invisible for 120 seconds.
17:42:30.233 INFO  driver.Page (    Page.java:227) - Element is invisible from the page.
17:42:30.265 INFO  driver.Page (    Page.java:246) - Element {} : [[ChromeDriver: chrome on WINDOWS (18cbf38498ee94156a34647d5861a5f1)] -> css selector: #ddlSearch] is visible on the page.
17:42:30.266 INFO  scp.AboutMyHomePage (AdminNotificationPage.java:663) - SearchBy Dropdown visibility status {}true
17:42:30.295 INFO  driver.Page (    Page.java:246) - Element {} : [[ChromeDriver: chrome on WINDOWS (18cbf38498ee94156a34647d5861a5f1)] -> css selector: #txtEmailorAccountno] is visible on the page.
17:42:30.295 INFO  scp.AboutMyHomePage (AdminNotificationPage.java:693) - SearchBy TextBox visibility status {}true
17:42:30.326 INFO  driver.Page (    Page.java:246) - Element {} : [[ChromeDriver: chrome on WINDOWS (18cbf38498ee94156a34647d5861a5f1)] -> css selector: #btnsearch] is visible on the page.
17:42:30.327 INFO  scp.AboutMyHomePage (AdminNotificationPage.java:713) - Search Button visibility status {}true
17:42:30.355 INFO  driver.Page (    Page.java:246) - Element {} : [[ChromeDriver: chrome on WINDOWS (18cbf38498ee94156a34647d5861a5f1)] -> css selector: #buttonClear] is visible on the page.
17:42:30.356 INFO  scp.AboutMyHomePage (AdminNotificationPage.java:748) - Clear Button visibility status {}true
17:42:30.815 INFO  scp.AboutMyHomePage (AdminNotificationPage.java:668) - Search By Dropdown Values are [--Select--, Email, Service Account]
17:42:31.239 INFO  driver.Page (    Page.java:303) - Selecting the option by visible text {}: Email
17:42:31.276 INFO  driver.Page (    Page.java:305) - Selecting the given option to the web element {}: [[ChromeDriver: chrome on WINDOWS (18cbf38498ee94156a34647d5861a5f1)] -> css selector: #ddlSearch]
17:42:31.399 INFO  driver.Page (    Page.java:307) - Given text is selected as the option to the given select web element.
17:42:31.399 INFO  scp.AboutMyHomePage (AdminNotificationPage.java:680) - SearchBY Value is selected in SearchBy drop-down {}.
17:42:31.400 INFO  scp.AboutMyHomePage (AdminNotificationPage.java:703) - Populating SearchBy TextBox {} :commerce.business@mailinator.com
17:42:31.411 INFO  driver.Page (    Page.java:103) - Wait for element {} [[ChromeDriver: chrome on WINDOWS (18cbf38498ee94156a34647d5861a5f1)] -> css selector: #txtEmailorAccountno] to be present in the DOM for duration of {} 120
17:42:31.412 INFO  driver.Page (    Page.java:210) - Waiting for element to be visible for 120 seconds.
17:42:31.438 INFO  driver.Page (    Page.java:213) - Element is visible on the page.
17:42:31.447 INFO  driver.Page (    Page.java:105) - Clearing the element {} [[ChromeDriver: chrome on WINDOWS (18cbf38498ee94156a34647d5861a5f1)] -> css selector: #txtEmailorAccountno] before sending the keys.
17:42:31.499 INFO  driver.Page (    Page.java:107) - Sending the following keys {} commerce.business@mailinator.com to the element {} [[ChromeDriver: chrome on WINDOWS (18cbf38498ee94156a34647d5861a5f1)] -> css selector: #txtEmailorAccountno]
17:42:31.679 INFO  scp.AboutMyHomePage (AdminNotificationPage.java:705) - SearchBy TextBox populated successfully with Value commerce.business@mailinator.com
17:42:31.679 INFO  driver.Page (    Page.java:57) - Preparing for element to click.
17:42:31.680 INFO  driver.Page (    Page.java:185) - Waiting for element to be clickable for 120 seconds.
17:42:31.742 INFO  driver.Page (    Page.java:188) - Element is clickable now.
17:42:32.210 INFO  driver.Page (    Page.java:60) - Element is clicked successfully.
17:42:32.210 INFO  scp.AboutMyHomePage (AdminNotificationPage.java:725) - Search Button clicked {}.
17:42:32.211 INFO  scp.HomePage (HomePage.java:74) - Wait for Spinner Loading Image invisibility.
17:42:32.211 INFO  driver.Page (    Page.java:224) - Waiting for element to be invisible for 120 seconds.
17:42:44.729 INFO  driver.Page (    Page.java:227) - Element is invisible from the page.
17:42:45.044 INFO  driver.Page (    Page.java:57) - Preparing for element to click.
17:42:45.045 INFO  driver.Page (    Page.java:185) - Waiting for element to be clickable for 120 seconds.
17:42:45.081 INFO  driver.Page (    Page.java:188) - Element is clickable now.
17:42:45.128 INFO  driver.Page (    Page.java:60) - Element is clicked successfully.
17:42:45.128 INFO  csp.AdminHomePage (AdminHomePage.java:74) - Admin User Profile dropdown clicked successfully.
17:42:45.128 INFO  driver.Page (    Page.java:210) - Waiting for element to be visible for 120 seconds.
17:42:45.155 INFO  driver.Page (    Page.java:213) - Element is visible on the page.
17:42:45.155 INFO  csp.AdminHomePage (AdminHomePage.java:36) - SignOut Link is Visible on the page.
17:42:45.155 INFO  driver.Page (    Page.java:57) - Preparing for element to click.
17:42:45.155 INFO  driver.Page (    Page.java:185) - Waiting for element to be clickable for 120 seconds.
17:42:45.190 INFO  driver.Page (    Page.java:188) - Element is clickable now.
17:42:48.358 INFO  driver.Page (    Page.java:60) - Element is clicked successfully.
17:42:48.359 INFO  csp.AdminHomePage (AdminHomePage.java:40) - Admin User SignOut Link clicked successfully.
17:42:48.359 INFO  scp.HomePage (HomePage.java:35) - Wait for page loader invisibility.
17:42:48.359 INFO  driver.Page (    Page.java:224) - Waiting for element to be invisible for 120 seconds.
17:42:53.409 INFO  driver.Page (    Page.java:227) - Element is invisible from the page.
17:42:53.410 INFO  csp.AdminNotificationTests (AdminNotificationTests.java:321) - Test Case execution for - verifySearchByFeature - is Completed.
17:42:58.565 INFO  driver.DriverFactory (DriverFactory.java:112) - Clearing all the cookies.
17:59:33.354 WARN  config.Configuration (Configuration.java:231) - QA env being used by default. No env property set. This can be set in the sew.app.yml config file with a '{}=' property or on the command line with the switch '-D{}='.
17:59:34.426 INFO  runner.TestRunner (TestRunner.java:32) - Initializing application properties config file.
17:59:34.450 INFO  runner.TestRunner (TestRunner.java:35) - Initializing connection to the base database.
17:59:34.627 WARN  config.DatabaseConfiguration (DatabaseConfiguration.java:84) - QA env being used by default. No env property set. This can be set in the sentinel.yml config file with a '{}=' property or on the command line with the switch '-D{}='.
17:59:36.664 INFO  runner.TestRunner (TestRunner.java:38) - Initializing resource path config file.
17:59:36.681 INFO  runner.TestRunner (TestRunner.java:41) - Initializing usage months config from CSP.
17:59:37.625 INFO  runner.TestRunner (TestRunner.java:44) - Initializing date config from CSP.
17:59:38.399 INFO  runner.TestRunner (TestRunner.java:47) - Initializing language config from CSP.
17:59:39.178 INFO  runner.TestRunner (TestRunner.java:50) - Initializing language config from CSP.
17:59:39.955 INFO  runner.TestRunner (TestRunner.java:53) - Initializing language config from CSP.
17:59:40.795 INFO  runner.TestRunner (TestRunner.java:56) - Initializing user model config.
17:59:48.516 INFO  runner.TestRunner (TestRunner.java:59) - Initializing auth token config.
17:59:48.516 INFO  runner.TestRunner (TestRunner.java:62) - Initializing Admin User config.
17:59:50.908 INFO  utils.ExcelUtils (ExcelUtils.java:35) - Test Runner excel row at: 1
17:59:50.925 INFO  utils.ExcelUtils (ExcelUtils.java:35) - Test Runner excel row at: 2
17:59:50.927 INFO  utils.ExcelUtils (ExcelUtils.java:35) - Test Runner excel row at: 3
17:59:50.929 INFO  utils.ExcelUtils (ExcelUtils.java:35) - Test Runner excel row at: 4
17:59:50.931 INFO  utils.ExcelUtils (ExcelUtils.java:35) - Test Runner excel row at: 5
17:59:50.933 INFO  utils.ExcelUtils (ExcelUtils.java:35) - Test Runner excel row at: 6
17:59:50.934 INFO  utils.ExcelUtils (ExcelUtils.java:35) - Test Runner excel row at: 7
17:59:50.936 INFO  utils.ExcelUtils (ExcelUtils.java:35) - Test Runner excel row at: 8
17:59:50.937 INFO  utils.ExcelUtils (ExcelUtils.java:35) - Test Runner excel row at: 9
17:59:50.939 INFO  utils.ExcelUtils (ExcelUtils.java:35) - Test Runner excel row at: 10
17:59:50.940 INFO  utils.ExcelUtils (ExcelUtils.java:35) - Test Runner excel row at: 11
17:59:50.941 INFO  utils.ExcelUtils (ExcelUtils.java:35) - Test Runner excel row at: 12
17:59:50.942 INFO  utils.ExcelUtils (ExcelUtils.java:35) - Test Runner excel row at: 13
17:59:50.943 INFO  utils.ExcelUtils (ExcelUtils.java:35) - Test Runner excel row at: 14
17:59:50.944 INFO  utils.ExcelUtils (ExcelUtils.java:35) - Test Runner excel row at: 15
17:59:50.945 INFO  utils.ExcelUtils (ExcelUtils.java:35) - Test Runner excel row at: 16
17:59:50.956 INFO  utils.ExcelUtils (ExcelUtils.java:35) - Test Runner excel row at: 17
17:59:50.958 INFO  utils.ExcelUtils (ExcelUtils.java:35) - Test Runner excel row at: 18
17:59:50.964 INFO  utils.ExcelUtils (ExcelUtils.java:35) - Test Runner excel row at: 19
17:59:50.965 INFO  utils.ExcelUtils (ExcelUtils.java:35) - Test Runner excel row at: 20
17:59:50.967 INFO  utils.ExcelUtils (ExcelUtils.java:35) - Test Runner excel row at: 21
17:59:50.968 INFO  utils.ExcelUtils (ExcelUtils.java:35) - Test Runner excel row at: 22
17:59:50.972 INFO  utils.ExcelUtils (ExcelUtils.java:35) - Test Runner excel row at: 23
17:59:50.973 INFO  utils.ExcelUtils (ExcelUtils.java:35) - Test Runner excel row at: 24
17:59:50.974 INFO  utils.ExcelUtils (ExcelUtils.java:35) - Test Runner excel row at: 25
17:59:50.975 INFO  utils.ExcelUtils (ExcelUtils.java:35) - Test Runner excel row at: 26
17:59:50.975 INFO  utils.ExcelUtils (ExcelUtils.java:35) - Test Runner excel row at: 27
17:59:50.976 INFO  utils.ExcelUtils (ExcelUtils.java:35) - Test Runner excel row at: 28
17:59:50.977 INFO  utils.ExcelUtils (ExcelUtils.java:35) - Test Runner excel row at: 29
17:59:50.977 INFO  utils.ExcelUtils (ExcelUtils.java:35) - Test Runner excel row at: 30
17:59:50.978 INFO  utils.ExcelUtils (ExcelUtils.java:35) - Test Runner excel row at: 31
17:59:50.979 INFO  utils.ExcelUtils (ExcelUtils.java:35) - Test Runner excel row at: 32
17:59:50.979 INFO  utils.ExcelUtils (ExcelUtils.java:35) - Test Runner excel row at: 33
17:59:50.980 INFO  utils.ExcelUtils (ExcelUtils.java:35) - Test Runner excel row at: 34
17:59:50.980 INFO  utils.ExcelUtils (ExcelUtils.java:35) - Test Runner excel row at: 35
17:59:50.981 INFO  utils.ExcelUtils (ExcelUtils.java:35) - Test Runner excel row at: 36
17:59:50.982 INFO  utils.ExcelUtils (ExcelUtils.java:35) - Test Runner excel row at: 37
17:59:50.982 INFO  utils.ExcelUtils (ExcelUtils.java:35) - Test Runner excel row at: 38
18:00:01.371 INFO  driver.WebDriverFactory (WebDriverFactory.java:207) - Setting up the browser window to its max.
18:00:01.862 INFO  driver.WebDriverFactory (WebDriverFactory.java:196) - Initializing the implicit wait timeout for {} 5
18:00:01.896 INFO  driver.WebDriverFactory (WebDriverFactory.java:199) - Initializing the page load timeout.
18:00:01.933 INFO  driver.DriverFactory (DriverFactory.java:112) - Clearing all the cookies.
18:00:01.993 INFO  driver.DriverFactory (DriverFactory.java:57) - Open the url {} https://qa.smartcmobile.net/SCM_10.0_S-CSP/ using the selenium get() method.
18:00:10.687 INFO  csp.AdminNotificationTests (AdminNotificationTests.java:298) - To verify the tests with the below test case id's: C99044,C99045,C99046,C99047,C99048,C99054
18:00:14.622 INFO  scp.HomePage (HomePage.java:35) - Wait for page loader invisibility.
18:00:14.622 INFO  driver.Page (    Page.java:224) - Waiting for element to be invisible for 120 seconds.
18:00:19.669 INFO  driver.Page (    Page.java:227) - Element is invisible from the page.
18:00:19.671 INFO  csp.AdminLoginPage (AdminLoginPage.java:334) - Checking that the current page is Admin login page.
18:00:19.671 INFO  driver.Page (    Page.java:38) - Fetching the current URL.
18:00:19.680 INFO  driver.Page (    Page.java:39) - The Current URL is: https://qa.smartcmobile.net/SCM_10.0_S-CSP/
18:00:19.690 INFO  driver.Page (    Page.java:44) - Fetching the current title.
18:00:19.700 INFO  driver.Page (    Page.java:45) - The Current Title is: SCM Admin - Login
18:00:19.709 INFO  csp.AdminLoginPage (AdminLoginPage.java:337) - The current page is Admin login page {}: true
18:00:19.709 INFO  csp.AdminLoginPage (AdminLoginPage.java:30) - Populating username {} :qauser
18:00:19.734 INFO  driver.Page (    Page.java:103) - Wait for element {} [[ChromeDriver: chrome on WINDOWS (d6b056289b821875bbb5e7c3dbaa8a94)] -> css selector: [id='txtAdminLogin']] to be present in the DOM for duration of {} 120
18:00:19.735 INFO  driver.Page (    Page.java:210) - Waiting for element to be visible for 120 seconds.
18:00:19.793 INFO  driver.Page (    Page.java:213) - Element is visible on the page.
18:00:19.809 INFO  driver.Page (    Page.java:105) - Clearing the element {} [[ChromeDriver: chrome on WINDOWS (d6b056289b821875bbb5e7c3dbaa8a94)] -> css selector: [id='txtAdminLogin']] before sending the keys.
18:00:19.901 INFO  driver.Page (    Page.java:107) - Sending the following keys {} qauser to the element {} [[ChromeDriver: chrome on WINDOWS (d6b056289b821875bbb5e7c3dbaa8a94)] -> css selector: [id='txtAdminLogin']]
18:00:19.998 INFO  csp.AdminLoginPage (AdminLoginPage.java:32) - Username populated successfully.
18:00:19.998 INFO  csp.AdminLoginPage (AdminLoginPage.java:54) - Populating password {} :Sew@2021$!
18:00:20.023 INFO  driver.Page (    Page.java:103) - Wait for element {} [[ChromeDriver: chrome on WINDOWS (d6b056289b821875bbb5e7c3dbaa8a94)] -> css selector: [id='txtpwd']] to be present in the DOM for duration of {} 120
18:00:20.023 INFO  driver.Page (    Page.java:210) - Waiting for element to be visible for 120 seconds.
18:00:20.077 INFO  driver.Page (    Page.java:213) - Element is visible on the page.
18:00:20.094 INFO  driver.Page (    Page.java:105) - Clearing the element {} [[ChromeDriver: chrome on WINDOWS (d6b056289b821875bbb5e7c3dbaa8a94)] -> css selector: [id='txtpwd']] before sending the keys.
18:00:20.204 INFO  driver.Page (    Page.java:107) - Sending the following keys {} Sew@2021$! to the element {} [[ChromeDriver: chrome on WINDOWS (d6b056289b821875bbb5e7c3dbaa8a94)] -> css selector: [id='txtpwd']]
18:00:20.308 INFO  csp.AdminLoginPage (AdminLoginPage.java:56) - Password populated successfully.
18:00:20.309 INFO  driver.Page (    Page.java:57) - Preparing for element to click.
18:00:20.310 INFO  driver.Page (    Page.java:185) - Waiting for element to be clickable for 120 seconds.
18:00:20.391 INFO  driver.Page (    Page.java:188) - Element is clickable now.
18:00:29.233 INFO  driver.Page (    Page.java:60) - Element is clicked successfully.
18:00:29.233 INFO  csp.AdminLoginPage (AdminLoginPage.java:67) - SignIn Button clicked successfully.
18:00:29.233 INFO  scp.HomePage (HomePage.java:35) - Wait for page loader invisibility.
18:00:29.234 INFO  driver.Page (    Page.java:224) - Waiting for element to be invisible for 120 seconds.
18:00:29.281 INFO  driver.Page (    Page.java:227) - Element is invisible from the page.
18:00:29.284 INFO  csp.AdminHomePage (AdminHomePage.java:162) - Checking that the current page is Admin Home page.
18:00:29.285 INFO  driver.Page (    Page.java:38) - Fetching the current URL.
18:00:29.294 INFO  driver.Page (    Page.java:39) - The Current URL is: https://qa.smartcmobile.net/SCM_10.0_S-CSP/Home.aspx
18:00:29.303 INFO  driver.Page (    Page.java:44) - Fetching the current title.
18:00:29.314 INFO  driver.Page (    Page.java:45) - The Current Title is: Dashboard
18:00:29.322 INFO  csp.AdminHomePage (AdminHomePage.java:165) - The current page is Admin Home page {}: true
18:00:29.330 INFO  driver.Page (    Page.java:210) - Waiting for element to be visible for 120 seconds.
18:00:29.378 INFO  driver.Page (    Page.java:213) - Element is visible on the page.
18:00:29.378 INFO  csp.AdminHomePage (AdminHomePage.java:50) - Notification Link is Visible on the Admin Home page.
18:00:29.379 INFO  driver.Page (    Page.java:57) - Preparing for element to click.
18:00:29.379 INFO  driver.Page (    Page.java:185) - Waiting for element to be clickable for 120 seconds.
18:00:29.455 INFO  driver.Page (    Page.java:188) - Element is clickable now.
18:00:36.954 INFO  driver.Page (    Page.java:60) - Element is clicked successfully.
18:00:36.954 INFO  csp.AdminHomePage (AdminHomePage.java:54) - Notification Link clicked successfully.
18:00:36.955 INFO  scp.HomePage (HomePage.java:35) - Wait for page loader invisibility.
18:00:36.955 INFO  driver.Page (    Page.java:224) - Waiting for element to be invisible for 120 seconds.
18:00:44.221 INFO  driver.Page (    Page.java:227) - Element is invisible from the page.
18:00:44.221 INFO  scp.HomePage (HomePage.java:74) - Wait for Spinner Loading Image invisibility.
18:00:44.222 INFO  driver.Page (    Page.java:224) - Waiting for element to be invisible for 120 seconds.
18:00:49.271 INFO  driver.Page (    Page.java:227) - Element is invisible from the page.
18:00:49.271 INFO  scp.AboutMyHomePage (AdminNotificationPage.java:965) - Wait for Next Page visibility on Notification Page.
18:00:49.271 INFO  driver.Page (    Page.java:210) - Waiting for element to be visible for 120 seconds.
18:00:49.321 INFO  driver.Page (    Page.java:213) - Element is visible on the page.
18:00:49.321 INFO  driver.Page (    Page.java:57) - Preparing for element to click.
18:00:49.322 INFO  driver.Page (    Page.java:185) - Waiting for element to be clickable for 120 seconds.
18:00:49.406 INFO  driver.Page (    Page.java:188) - Element is clickable now.
18:00:49.560 INFO  driver.Page (    Page.java:60) - Element is clicked successfully.
18:00:49.561 INFO  scp.AboutMyHomePage (AdminNotificationPage.java:41) - Connect Me link clicked {}.
18:00:49.561 INFO  scp.HomePage (HomePage.java:74) - Wait for Spinner Loading Image invisibility.
18:00:49.562 INFO  driver.Page (    Page.java:224) - Waiting for element to be invisible for 120 seconds.
18:01:02.345 INFO  driver.Page (    Page.java:227) - Element is invisible from the page.
18:01:02.407 INFO  driver.Page (    Page.java:246) - Element {} : [[ChromeDriver: chrome on WINDOWS (d6b056289b821875bbb5e7c3dbaa8a94)] -> css selector: #ddlSearch] is visible on the page.
18:01:02.408 INFO  scp.AboutMyHomePage (AdminNotificationPage.java:663) - SearchBy Dropdown visibility status {}true
18:01:02.481 INFO  driver.Page (    Page.java:246) - Element {} : [[ChromeDriver: chrome on WINDOWS (d6b056289b821875bbb5e7c3dbaa8a94)] -> css selector: #txtEmailorAccountno] is visible on the page.
18:01:02.482 INFO  scp.AboutMyHomePage (AdminNotificationPage.java:693) - SearchBy TextBox visibility status {}true
18:01:02.541 INFO  driver.Page (    Page.java:246) - Element {} : [[ChromeDriver: chrome on WINDOWS (d6b056289b821875bbb5e7c3dbaa8a94)] -> css selector: #btnsearch] is visible on the page.
18:01:02.541 INFO  scp.AboutMyHomePage (AdminNotificationPage.java:713) - Search Button visibility status {}true
18:01:02.618 INFO  driver.Page (    Page.java:246) - Element {} : [[ChromeDriver: chrome on WINDOWS (d6b056289b821875bbb5e7c3dbaa8a94)] -> css selector: #buttonClear] is visible on the page.
18:01:02.619 INFO  scp.AboutMyHomePage (AdminNotificationPage.java:748) - Clear Button visibility status {}true
18:01:03.217 INFO  scp.AboutMyHomePage (AdminNotificationPage.java:668) - Search By Dropdown Values are [--Select--, Email, Service Account]
18:01:03.727 INFO  driver.Page (    Page.java:303) - Selecting the option by visible text {}: Email
18:01:03.788 INFO  driver.Page (    Page.java:305) - Selecting the given option to the web element {}: [[ChromeDriver: chrome on WINDOWS (d6b056289b821875bbb5e7c3dbaa8a94)] -> css selector: #ddlSearch]
18:01:03.947 INFO  driver.Page (    Page.java:307) - Given text is selected as the option to the given select web element.
18:01:03.948 INFO  scp.AboutMyHomePage (AdminNotificationPage.java:680) - SearchBY Value is selected in SearchBy drop-down {}.
18:01:03.950 INFO  scp.AboutMyHomePage (AdminNotificationPage.java:703) - Populating SearchBy TextBox {} :commerce.business@mailinator.com
18:01:03.972 INFO  driver.Page (    Page.java:103) - Wait for element {} [[ChromeDriver: chrome on WINDOWS (d6b056289b821875bbb5e7c3dbaa8a94)] -> css selector: #txtEmailorAccountno] to be present in the DOM for duration of {} 120
18:01:03.972 INFO  driver.Page (    Page.java:210) - Waiting for element to be visible for 120 seconds.
18:01:04.012 INFO  driver.Page (    Page.java:213) - Element is visible on the page.
18:01:04.026 INFO  driver.Page (    Page.java:105) - Clearing the element {} [[ChromeDriver: chrome on WINDOWS (d6b056289b821875bbb5e7c3dbaa8a94)] -> css selector: #txtEmailorAccountno] before sending the keys.
18:01:04.109 INFO  driver.Page (    Page.java:107) - Sending the following keys {} commerce.business@mailinator.com to the element {} [[ChromeDriver: chrome on WINDOWS (d6b056289b821875bbb5e7c3dbaa8a94)] -> css selector: #txtEmailorAccountno]
18:01:04.336 INFO  scp.AboutMyHomePage (AdminNotificationPage.java:705) - SearchBy TextBox populated successfully with Value commerce.business@mailinator.com
18:01:04.336 INFO  driver.Page (    Page.java:57) - Preparing for element to click.
18:01:04.337 INFO  driver.Page (    Page.java:185) - Waiting for element to be clickable for 120 seconds.
18:01:04.413 INFO  driver.Page (    Page.java:188) - Element is clickable now.
18:01:04.899 INFO  driver.Page (    Page.java:60) - Element is clicked successfully.
18:01:04.900 INFO  scp.AboutMyHomePage (AdminNotificationPage.java:725) - Search Button clicked {}.
18:01:04.900 INFO  scp.HomePage (HomePage.java:74) - Wait for Spinner Loading Image invisibility.
18:01:04.900 INFO  driver.Page (    Page.java:224) - Waiting for element to be invisible for 120 seconds.
18:01:18.184 INFO  driver.Page (    Page.java:227) - Element is invisible from the page.
18:01:18.839 INFO  driver.Page (    Page.java:57) - Preparing for element to click.
18:01:18.840 INFO  driver.Page (    Page.java:185) - Waiting for element to be clickable for 120 seconds.
18:01:18.907 INFO  driver.Page (    Page.java:188) - Element is clickable now.
18:01:19.023 INFO  driver.Page (    Page.java:60) - Element is clicked successfully.
18:01:19.023 INFO  scp.AboutMyHomePage (AdminNotificationPage.java:760) - Clear Button clicked {}.
18:01:19.024 INFO  scp.HomePage (HomePage.java:74) - Wait for Spinner Loading Image invisibility.
18:01:19.024 INFO  driver.Page (    Page.java:224) - Waiting for element to be invisible for 120 seconds.
18:01:31.756 INFO  driver.Page (    Page.java:227) - Element is invisible from the page.
18:01:31.757 INFO  driver.Page (    Page.java:303) - Selecting the option by visible text {}: Service Account
18:01:31.813 INFO  driver.Page (    Page.java:305) - Selecting the given option to the web element {}: [[ChromeDriver: chrome on WINDOWS (d6b056289b821875bbb5e7c3dbaa8a94)] -> css selector: #ddlSearch]
18:01:32.012 INFO  driver.Page (    Page.java:307) - Given text is selected as the option to the given select web element.
18:01:32.012 INFO  scp.AboutMyHomePage (AdminNotificationPage.java:680) - SearchBY Value is selected in SearchBy drop-down {}.
18:01:32.013 INFO  scp.AboutMyHomePage (AdminNotificationPage.java:703) - Populating SearchBy TextBox {} :411000344522
18:01:32.033 INFO  driver.Page (    Page.java:103) - Wait for element {} [[ChromeDriver: chrome on WINDOWS (d6b056289b821875bbb5e7c3dbaa8a94)] -> css selector: #txtEmailorAccountno] to be present in the DOM for duration of {} 120
18:01:32.034 INFO  driver.Page (    Page.java:210) - Waiting for element to be visible for 120 seconds.
18:01:32.067 INFO  driver.Page (    Page.java:213) - Element is visible on the page.
18:01:32.082 INFO  driver.Page (    Page.java:105) - Clearing the element {} [[ChromeDriver: chrome on WINDOWS (d6b056289b821875bbb5e7c3dbaa8a94)] -> css selector: #txtEmailorAccountno] before sending the keys.
18:01:32.144 INFO  driver.Page (    Page.java:107) - Sending the following keys {} 411000344522 to the element {} [[ChromeDriver: chrome on WINDOWS (d6b056289b821875bbb5e7c3dbaa8a94)] -> css selector: #txtEmailorAccountno]
18:01:32.275 INFO  scp.AboutMyHomePage (AdminNotificationPage.java:705) - SearchBy TextBox populated successfully with Value 411000344522
18:01:32.275 INFO  driver.Page (    Page.java:57) - Preparing for element to click.
18:01:32.276 INFO  driver.Page (    Page.java:185) - Waiting for element to be clickable for 120 seconds.
18:01:32.343 INFO  driver.Page (    Page.java:188) - Element is clickable now.
18:01:32.856 INFO  driver.Page (    Page.java:60) - Element is clicked successfully.
18:01:32.857 INFO  scp.AboutMyHomePage (AdminNotificationPage.java:725) - Search Button clicked {}.
18:01:32.858 INFO  scp.HomePage (HomePage.java:74) - Wait for Spinner Loading Image invisibility.
18:01:32.858 INFO  driver.Page (    Page.java:224) - Waiting for element to be invisible for 120 seconds.
18:01:45.611 INFO  driver.Page (    Page.java:227) - Element is invisible from the page.
18:01:45.714 INFO  driver.Page (    Page.java:57) - Preparing for element to click.
18:01:45.715 INFO  driver.Page (    Page.java:185) - Waiting for element to be clickable for 120 seconds.
18:01:45.756 INFO  driver.Page (    Page.java:188) - Element is clickable now.
18:01:45.849 INFO  driver.Page (    Page.java:60) - Element is clicked successfully.
18:01:45.850 INFO  scp.AboutMyHomePage (AdminNotificationPage.java:1080) - Clicked on Notification Subject List at the Index 0
18:01:45.850 INFO  scp.HomePage (HomePage.java:74) - Wait for Spinner Loading Image invisibility.
18:01:45.850 INFO  driver.Page (    Page.java:224) - Waiting for element to be invisible for 120 seconds.
18:01:52.594 INFO  driver.Page (    Page.java:227) - Element is invisible from the page.
18:01:52.623 INFO  driver.Page (    Page.java:127) - Wait for the element {} [[ChromeDriver: chrome on WINDOWS (d6b056289b821875bbb5e7c3dbaa8a94)] -> css selector: #DetailCustomer a[onclick='showCustomerDetailPopup()'] > span] to be visible on the page for duration of {} 120
18:01:52.624 INFO  driver.Page (    Page.java:210) - Waiting for element to be visible for 120 seconds.
18:01:52.667 INFO  driver.Page (    Page.java:213) - Element is visible on the page.
18:01:52.728 INFO  driver.Page (    Page.java:130) - Text got from the locator {} [[ChromeDriver: chrome on WINDOWS (d6b056289b821875bbb5e7c3dbaa8a94)] -> css selector: #DetailCustomer a[onclick='showCustomerDetailPopup()'] > span] is 411000344522
18:01:52.754 INFO  scp.AboutMyHomePage (AdminNotificationPage.java:601) - Service Account Number Text Label is 411000344522
18:01:52.755 INFO  driver.Page (    Page.java:57) - Preparing for element to click.
18:01:52.755 INFO  driver.Page (    Page.java:185) - Waiting for element to be clickable for 120 seconds.
18:01:52.841 INFO  driver.Page (    Page.java:188) - Element is clickable now.
18:01:52.955 INFO  driver.Page (    Page.java:60) - Element is clicked successfully.
18:01:52.956 INFO  csp.AdminHomePage (AdminHomePage.java:74) - Admin User Profile dropdown clicked successfully.
18:01:52.956 INFO  driver.Page (    Page.java:210) - Waiting for element to be visible for 120 seconds.
18:01:52.992 INFO  driver.Page (    Page.java:213) - Element is visible on the page.
18:01:52.993 INFO  csp.AdminHomePage (AdminHomePage.java:36) - SignOut Link is Visible on the page.
18:01:52.993 INFO  driver.Page (    Page.java:57) - Preparing for element to click.
18:01:52.993 INFO  driver.Page (    Page.java:185) - Waiting for element to be clickable for 120 seconds.
18:01:53.067 INFO  driver.Page (    Page.java:188) - Element is clickable now.
18:01:55.521 INFO  driver.Page (    Page.java:60) - Element is clicked successfully.
18:01:55.522 INFO  csp.AdminHomePage (AdminHomePage.java:40) - Admin User SignOut Link clicked successfully.
18:01:55.522 INFO  scp.HomePage (HomePage.java:35) - Wait for page loader invisibility.
18:01:55.522 INFO  driver.Page (    Page.java:224) - Waiting for element to be invisible for 120 seconds.
18:02:00.534 INFO  driver.Page (    Page.java:227) - Element is invisible from the page.
18:02:00.535 INFO  csp.AdminNotificationTests (AdminNotificationTests.java:326) - Test Case execution for - verifySearchByFeature - is Completed.
18:02:05.914 INFO  driver.DriverFactory (DriverFactory.java:112) - Clearing all the cookies.
