23:13:20.976 INFO  driver.WebDriverFactory (WebDriverFactory.java:184) - Initializing the page load timeout.
23:13:21.002 INFO  driver.DriverFactory (DriverFactory.java:125) - Clearing all the cookies.
23:13:21.019 INFO  driver.DriverFactory (DriverFactory.java:62) - Open the url {} https://u2-alectra.smartcmobile.net/portal/#/login using the selenium get() method.
23:13:33.555 INFO  scp.guestUserTests (guestUserTests.java:24) - To perform sanity testing on Guest User Sub-Module
23:13:35.338 INFO  pageobjects.guestUserPage (guestUserPage.java:28) - Populating User Name {} :0023826434
23:13:35.372 INFO  driver.Page (    Page.java:129) - Wait for element {} [[ChromeDriver: chrome on windows (a0bb89ac5c61142d7536a48f3341f61e)] -> xpath: //*[@id='username']] to be present in the DOM for duration of {} 120
23:13:35.372 INFO  driver.Page (    Page.java:257) - Waiting for element to be visible for 120 seconds.
23:13:35.448 INFO  driver.Page (    Page.java:260) - Element is visible on the page.
23:13:35.463 INFO  driver.Page (    Page.java:131) - Clearing the element {} [[ChromeDriver: chrome on windows (a0bb89ac5c61142d7536a48f3341f61e)] -> xpath: //*[@id='username']] before sending the keys.
23:13:35.575 INFO  driver.Page (    Page.java:133) - Sending the following keys {} 0023826434 to the element {} [[ChromeDriver: chrome on windows (a0bb89ac5c61142d7536a48f3341f61e)] -> xpath: //*[@id='username']]
23:13:35.884 INFO  pageobjects.guestUserPage (guestUserPage.java:30) - User Username populated successfully.
23:13:35.884 INFO  pageobjects.guestUserPage (guestUserPage.java:37) - Populating Password {} :Demo@123
23:13:35.916 INFO  driver.Page (    Page.java:129) - Wait for element {} [[ChromeDriver: chrome on windows (a0bb89ac5c61142d7536a48f3341f61e)] -> xpath: //*[@id='password']] to be present in the DOM for duration of {} 120
23:13:35.916 INFO  driver.Page (    Page.java:257) - Waiting for element to be visible for 120 seconds.
23:13:35.981 INFO  driver.Page (    Page.java:260) - Element is visible on the page.
23:13:36.009 INFO  driver.Page (    Page.java:131) - Clearing the element {} [[ChromeDriver: chrome on windows (a0bb89ac5c61142d7536a48f3341f61e)] -> xpath: //*[@id='password']] before sending the keys.
23:13:36.084 INFO  driver.Page (    Page.java:133) - Sending the following keys {} Demo@123 to the element {} [[ChromeDriver: chrome on windows (a0bb89ac5c61142d7536a48f3341f61e)] -> xpath: //*[@id='password']]
23:13:36.221 INFO  pageobjects.guestUserPage (guestUserPage.java:39) - Password populated successfully.
23:13:36.221 INFO  driver.Page (    Page.java:58) - Preparing for element to click.
23:13:36.221 INFO  driver.Page (    Page.java:232) - Waiting for element to be clickable for 120 seconds.
23:13:36.288 INFO  driver.Page (    Page.java:235) - Element is clickable now.
23:13:36.406 INFO  driver.Page (    Page.java:61) - Element is clicked successfully.
23:13:36.406 INFO  pageobjects.guestUserPage (guestUserPage.java:47) - LogIn Button clicked successfully.
23:13:38.302 INFO  driver.Page (    Page.java:305) - Element {} : [[ChromeDriver: chrome on windows (a0bb89ac5c61142d7536a48f3341f61e)] -> xpath: //*[@id='dtHome']] is visible on the page.
23:13:48.324 INFO  driver.Page (    Page.java:257) - Waiting for element to be visible for 120 seconds.
23:13:48.371 INFO  driver.Page (    Page.java:260) - Element is visible on the page.
23:13:48.371 INFO  driver.Page (    Page.java:569) - Preparing for element to click.
23:13:48.419 INFO  driver.Page (    Page.java:576) - Element is clicked successfully.
23:13:48.419 INFO  pageobjects.guestUserPage (guestUserPage.java:64) - Account dropdown clicked successfully.
23:13:51.485 INFO  driver.Page (    Page.java:257) - Waiting for element to be visible for 120 seconds.
23:13:51.517 INFO  driver.Page (    Page.java:260) - Element is visible on the page.
23:13:51.517 INFO  driver.Page (    Page.java:569) - Preparing for element to click.
23:13:51.605 INFO  driver.Page (    Page.java:576) - Element is clicked successfully.
23:13:51.605 INFO  pageobjects.guestUserPage (guestUserPage.java:74) - Guest user hyperlink clicked successfully.
23:13:58.134 INFO  driver.Page (    Page.java:58) - Preparing for element to click.
23:13:58.134 INFO  driver.Page (    Page.java:232) - Waiting for element to be clickable for 120 seconds.
23:13:58.234 INFO  driver.Page (    Page.java:235) - Element is clickable now.
23:13:58.403 INFO  driver.Page (    Page.java:61) - Element is clicked successfully.
23:13:58.403 INFO  pageobjects.guestUserPage (guestUserPage.java:82) -  Invite Guest User Link clicked successfully.
23:14:04.944 INFO  driver.Page (    Page.java:58) - Preparing for element to click.
23:14:04.944 INFO  driver.Page (    Page.java:232) - Waiting for element to be clickable for 120 seconds.
23:14:04.998 INFO  driver.Page (    Page.java:235) - Element is clickable now.
23:14:05.088 INFO  driver.Page (    Page.java:61) - Element is clicked successfully.
23:14:05.088 INFO  pageobjects.guestUserPage (guestUserPage.java:90) -  Select Account Down Arrow clicked successfully.
23:14:06.629 INFO  driver.Page (    Page.java:569) - Preparing for element to click.
23:14:06.693 INFO  driver.Page (    Page.java:576) - Element is clicked successfully.
23:14:06.693 INFO  pageobjects.guestUserPage (guestUserPage.java:98) -  Account from dropdown selected successfully.
23:14:08.229 INFO  pageobjects.guestUserPage (guestUserPage.java:126) - Populating Guest Name {} :Test User New
23:14:08.245 INFO  driver.Page (    Page.java:129) - Wait for element {} [[ChromeDriver: chrome on windows (a0bb89ac5c61142d7536a48f3341f61e)] -> xpath: //*[@id='GuestName']] to be present in the DOM for duration of {} 120
23:14:08.245 INFO  driver.Page (    Page.java:257) - Waiting for element to be visible for 120 seconds.
23:14:08.277 INFO  driver.Page (    Page.java:260) - Element is visible on the page.
23:14:08.292 INFO  driver.Page (    Page.java:131) - Clearing the element {} [[ChromeDriver: chrome on windows (a0bb89ac5c61142d7536a48f3341f61e)] -> xpath: //*[@id='GuestName']] before sending the keys.
23:14:08.357 INFO  driver.Page (    Page.java:133) - Sending the following keys {} Test User New to the element {} [[ChromeDriver: chrome on windows (a0bb89ac5c61142d7536a48f3341f61e)] -> xpath: //*[@id='GuestName']]
23:14:08.602 INFO  pageobjects.guestUserPage (guestUserPage.java:128) - Guest name populated successfully.
23:14:08.602 INFO  pageobjects.guestUserPage (guestUserPage.java:135) - Populating Guest Email Address {} :testusernew@test.com
23:14:08.644 INFO  driver.Page (    Page.java:129) - Wait for element {} [[ChromeDriver: chrome on windows (a0bb89ac5c61142d7536a48f3341f61e)] -> xpath: //*[@id='EmailAddress']] to be present in the DOM for duration of {} 120
23:14:08.644 INFO  driver.Page (    Page.java:257) - Waiting for element to be visible for 120 seconds.
23:14:08.692 INFO  driver.Page (    Page.java:260) - Element is visible on the page.
23:14:08.712 INFO  driver.Page (    Page.java:131) - Clearing the element {} [[ChromeDriver: chrome on windows (a0bb89ac5c61142d7536a48f3341f61e)] -> xpath: //*[@id='EmailAddress']] before sending the keys.
23:14:08.780 INFO  driver.Page (    Page.java:133) - Sending the following keys {} testusernew@test.com to the element {} [[ChromeDriver: chrome on windows (a0bb89ac5c61142d7536a48f3341f61e)] -> xpath: //*[@id='EmailAddress']]
23:14:09.070 INFO  pageobjects.guestUserPage (guestUserPage.java:137) - Guest Email Address populated successfully.
23:14:09.413 INFO  pageobjects.guestUserPage (guestUserPage.java:108) -  Select Guest Role Down Arrow clicked successfully. 
23:14:10.926 INFO  driver.Page (    Page.java:569) - Preparing for element to click.
23:14:11.018 INFO  driver.Page (    Page.java:576) - Element is clicked successfully.
23:14:11.018 INFO  pageobjects.guestUserPage (guestUserPage.java:117) -  Access expiration date selected successfully. 
23:14:12.543 INFO  driver.Page (    Page.java:257) - Waiting for element to be visible for 120 seconds.
23:14:12.575 INFO  driver.Page (    Page.java:260) - Element is visible on the page.
23:14:12.591 INFO  driver.Page (    Page.java:569) - Preparing for element to click.
23:14:12.630 INFO  driver.Page (    Page.java:576) - Element is clicked successfully.
23:14:12.630 INFO  pageobjects.guestUserPage (guestUserPage.java:148) -  Terms and Conds. checkbox selected successfully.
23:14:14.162 INFO  driver.Page (    Page.java:569) - Preparing for element to click.
23:14:14.206 INFO  driver.Page (    Page.java:576) - Element is clicked successfully.
23:14:14.206 INFO  pageobjects.guestUserPage (guestUserPage.java:156) -  Save Guest User Button Clicked successfully. 
23:14:25.062 INFO  driver.Page (    Page.java:58) - Preparing for element to click.
23:14:25.062 INFO  driver.Page (    Page.java:232) - Waiting for element to be clickable for 120 seconds.
23:14:25.133 INFO  driver.Page (    Page.java:235) - Element is clickable now.
23:14:25.234 INFO  driver.Page (    Page.java:61) - Element is clicked successfully.
23:14:25.234 INFO  pageobjects.guestUserPage (guestUserPage.java:164) -  Three Dot Option Clicked successfully. 
23:14:30.304 INFO  driver.Page (    Page.java:257) - Waiting for element to be visible for 120 seconds.
23:14:30.336 INFO  driver.Page (    Page.java:260) - Element is visible on the page.
23:14:30.336 INFO  driver.Page (    Page.java:569) - Preparing for element to click.
23:14:30.456 INFO  driver.Page (    Page.java:576) - Element is clicked successfully.
23:14:30.456 INFO  pageobjects.guestUserPage (guestUserPage.java:173) -  Edit Guest Usr Opt Clicked successfully. 
23:14:36.547 INFO  driver.Page (    Page.java:257) - Waiting for element to be visible for 120 seconds.
23:14:36.579 INFO  driver.Page (    Page.java:260) - Element is visible on the page.
23:14:36.603 INFO  driver.Page (    Page.java:569) - Preparing for element to click.
23:14:36.686 INFO  driver.Page (    Page.java:576) - Element is clicked successfully.
23:14:36.686 INFO  pageobjects.guestUserPage (guestUserPage.java:183) -  Update Guest Usr Opt Clicked successfully. 
23:14:38.209 INFO  driver.Page (    Page.java:569) - Preparing for element to click.
23:14:38.261 INFO  driver.Page (    Page.java:576) - Element is clicked successfully.
23:14:38.261 INFO  pageobjects.guestUserPage (guestUserPage.java:191) -  Cancel Update Bttn Clicked successfully. 
23:14:46.343 INFO  driver.Page (    Page.java:58) - Preparing for element to click.
23:14:46.343 INFO  driver.Page (    Page.java:232) - Waiting for element to be clickable for 120 seconds.
23:14:46.393 INFO  driver.Page (    Page.java:235) - Element is clickable now.
23:14:46.464 INFO  driver.Page (    Page.java:61) - Element is clicked successfully.
23:14:46.464 INFO  pageobjects.guestUserPage (guestUserPage.java:164) -  Three Dot Option Clicked successfully. 
23:14:49.524 INFO  driver.Page (    Page.java:569) - Preparing for element to click.
23:14:49.558 INFO  driver.Page (    Page.java:576) - Element is clicked successfully.
23:14:49.558 INFO  pageobjects.guestUserPage (guestUserPage.java:199) -  Resend Activation Link Opt Clicked successfully. 
23:14:54.302 INFO  driver.DriverFactory (DriverFactory.java:125) - Clearing all the cookies.
23:14:57.697 INFO  driver.WebDriverFactory (WebDriverFactory.java:192) - Setting up the browser window to its max.
23:14:57.844 INFO  driver.WebDriverFactory (WebDriverFactory.java:181) - Initializing the implicit wait timeout for {} 5
23:14:57.844 INFO  driver.WebDriverFactory (WebDriverFactory.java:184) - Initializing the page load timeout.
23:14:57.844 INFO  driver.DriverFactory (DriverFactory.java:125) - Clearing all the cookies.
23:14:57.864 INFO  driver.DriverFactory (DriverFactory.java:62) - Open the url {} https://u2-alectra.smartcmobile.net/portal/#/login using the selenium get() method.
23:15:07.675 INFO  scp.notificationPreferencesTests (notificationPreferencesTests.java:24) - To perform sanity testing on Notification Preference Sub-Module
23:15:09.285 INFO  pageobjects.notificationPreferencesPage (notificationPreferencesPage.java:27) - Populating User Name {} :0023826434
23:15:09.323 INFO  driver.Page (    Page.java:129) - Wait for element {} [[ChromeDriver: chrome on windows (3b4b98e87cedbc801bc71f1bc7ea38bc)] -> xpath: //*[@id='username']] to be present in the DOM for duration of {} 120
23:15:09.323 INFO  driver.Page (    Page.java:257) - Waiting for element to be visible for 120 seconds.
23:15:09.365 INFO  driver.Page (    Page.java:260) - Element is visible on the page.
23:15:09.375 INFO  driver.Page (    Page.java:131) - Clearing the element {} [[ChromeDriver: chrome on windows (3b4b98e87cedbc801bc71f1bc7ea38bc)] -> xpath: //*[@id='username']] before sending the keys.
23:15:09.466 INFO  driver.Page (    Page.java:133) - Sending the following keys {} 0023826434 to the element {} [[ChromeDriver: chrome on windows (3b4b98e87cedbc801bc71f1bc7ea38bc)] -> xpath: //*[@id='username']]
23:15:09.637 INFO  pageobjects.notificationPreferencesPage (notificationPreferencesPage.java:29) - User Username populated successfully.
23:15:09.637 INFO  pageobjects.notificationPreferencesPage (notificationPreferencesPage.java:36) - Populating Password {} :Demo@123
23:15:09.651 INFO  driver.Page (    Page.java:129) - Wait for element {} [[ChromeDriver: chrome on windows (3b4b98e87cedbc801bc71f1bc7ea38bc)] -> xpath: //*[@id='password']] to be present in the DOM for duration of {} 120
23:15:09.651 INFO  driver.Page (    Page.java:257) - Waiting for element to be visible for 120 seconds.
23:15:09.699 INFO  driver.Page (    Page.java:260) - Element is visible on the page.
23:15:09.713 INFO  driver.Page (    Page.java:131) - Clearing the element {} [[ChromeDriver: chrome on windows (3b4b98e87cedbc801bc71f1bc7ea38bc)] -> xpath: //*[@id='password']] before sending the keys.
23:15:09.779 INFO  driver.Page (    Page.java:133) - Sending the following keys {} Demo@123 to the element {} [[ChromeDriver: chrome on windows (3b4b98e87cedbc801bc71f1bc7ea38bc)] -> xpath: //*[@id='password']]
23:15:09.912 INFO  pageobjects.notificationPreferencesPage (notificationPreferencesPage.java:38) - Password populated successfully.
23:15:09.912 INFO  driver.Page (    Page.java:58) - Preparing for element to click.
23:15:09.912 INFO  driver.Page (    Page.java:232) - Waiting for element to be clickable for 120 seconds.
23:15:09.971 INFO  driver.Page (    Page.java:235) - Element is clickable now.
23:15:10.077 INFO  driver.Page (    Page.java:61) - Element is clicked successfully.
23:15:10.077 INFO  pageobjects.notificationPreferencesPage (notificationPreferencesPage.java:46) - LogIn Button clicked successfully.
23:15:11.637 INFO  driver.Page (    Page.java:305) - Element {} : [[ChromeDriver: chrome on windows (3b4b98e87cedbc801bc71f1bc7ea38bc)] -> xpath: //*[@id='dtHome']] is visible on the page.
23:15:21.654 INFO  driver.Page (    Page.java:58) - Preparing for element to click.
23:15:21.654 INFO  driver.Page (    Page.java:232) - Waiting for element to be clickable for 120 seconds.
23:15:21.731 INFO  driver.Page (    Page.java:235) - Element is clickable now.
23:15:21.842 INFO  driver.Page (    Page.java:61) - Element is clicked successfully.
23:15:21.842 INFO  pageobjects.notificationPreferencesPage (notificationPreferencesPage.java:62) - Account dropdown clicked successfully.
23:15:24.932 INFO  driver.Page (    Page.java:58) - Preparing for element to click.
23:15:24.932 INFO  driver.Page (    Page.java:232) - Waiting for element to be clickable for 120 seconds.
23:15:25.016 INFO  driver.Page (    Page.java:235) - Element is clickable now.
23:15:25.365 INFO  driver.Page (    Page.java:61) - Element is clicked successfully.
23:15:25.366 INFO  pageobjects.notificationPreferencesPage (notificationPreferencesPage.java:70) -  Notification Preference Option Clicked successfully. 
23:15:26.888 INFO  driver.Page (    Page.java:569) - Preparing for element to click.
23:15:26.979 INFO  driver.Page (    Page.java:576) - Element is clicked successfully.
23:15:26.979 INFO  pageobjects.notificationPreferencesPage (notificationPreferencesPage.java:78) -  Daily Usg Alert Dwn Arrow Clicked successfully. 
23:15:28.513 INFO  driver.Page (    Page.java:569) - Preparing for element to click.
23:15:33.542 INFO  driver.Page (    Page.java:576) - Element is clicked successfully.
23:15:33.542 INFO  pageobjects.notificationPreferencesPage (notificationPreferencesPage.java:86) -  Daily Usg Alert Email Chkbox Clicked successfully. 
23:15:35.069 INFO  driver.Page (    Page.java:569) - Preparing for element to click.
23:15:35.118 INFO  driver.Page (    Page.java:576) - Element is clicked successfully.
23:15:35.118 INFO  pageobjects.notificationPreferencesPage (notificationPreferencesPage.java:94) -  Daily Usg Alert Email Save Opt Clicked successfully. 
23:15:41.180 INFO  driver.Page (    Page.java:569) - Preparing for element to click.
23:15:41.252 INFO  driver.Page (    Page.java:576) - Element is clicked successfully.
23:15:41.252 INFO  pageobjects.notificationPreferencesPage (notificationPreferencesPage.java:102) -  Edit Quiet Hrs Button Clicked successfully. 
23:15:42.772 INFO  driver.Page (    Page.java:569) - Preparing for element to click.
23:15:42.804 INFO  driver.Page (    Page.java:576) - Element is clicked successfully.
23:15:42.804 INFO  pageobjects.notificationPreferencesPage (notificationPreferencesPage.java:110) -  Enable Quiet Hrs Chkbox Clicked successfully. 
23:15:44.339 INFO  driver.Page (    Page.java:569) - Preparing for element to click.
23:15:44.381 INFO  driver.Page (    Page.java:576) - Element is clicked successfully.
23:15:44.382 INFO  pageobjects.notificationPreferencesPage (notificationPreferencesPage.java:118) -  Enable Quiet Hrs Save Opt Clicked successfully. 
23:15:48.928 INFO  driver.DriverFactory (DriverFactory.java:125) - Clearing all the cookies.
23:28:30.993 INFO  utils.ExcelUtils (ExcelUtils.java:41) - Test Runner excel row at: 1
23:28:31.007 INFO  utils.ExcelUtils (ExcelUtils.java:41) - Test Runner excel row at: 2
23:28:31.009 INFO  utils.ExcelUtils (ExcelUtils.java:41) - Test Runner excel row at: 3
23:28:31.011 INFO  utils.ExcelUtils (ExcelUtils.java:41) - Test Runner excel row at: 4
23:28:31.012 INFO  utils.ExcelUtils (ExcelUtils.java:41) - Test Runner excel row at: 5
23:28:31.013 INFO  utils.ExcelUtils (ExcelUtils.java:41) - Test Runner excel row at: 6
23:28:31.014 INFO  utils.ExcelUtils (ExcelUtils.java:41) - Test Runner excel row at: 7
23:28:31.015 INFO  utils.ExcelUtils (ExcelUtils.java:41) - Test Runner excel row at: 8
23:28:31.016 INFO  utils.ExcelUtils (ExcelUtils.java:41) - Test Runner excel row at: 9
23:28:31.016 INFO  utils.ExcelUtils (ExcelUtils.java:41) - Test Runner excel row at: 10
23:28:31.018 INFO  utils.ExcelUtils (ExcelUtils.java:41) - Test Runner excel row at: 11
23:28:31.019 INFO  utils.ExcelUtils (ExcelUtils.java:41) - Test Runner excel row at: 12
23:28:31.020 INFO  utils.ExcelUtils (ExcelUtils.java:41) - Test Runner excel row at: 13
23:28:31.021 INFO  utils.ExcelUtils (ExcelUtils.java:41) - Test Runner excel row at: 14
23:28:31.022 INFO  utils.ExcelUtils (ExcelUtils.java:41) - Test Runner excel row at: 15
23:28:31.023 INFO  utils.ExcelUtils (ExcelUtils.java:41) - Test Runner excel row at: 16
23:28:31.024 INFO  utils.ExcelUtils (ExcelUtils.java:41) - Test Runner excel row at: 17
23:28:31.025 INFO  utils.ExcelUtils (ExcelUtils.java:41) - Test Runner excel row at: 18
23:28:31.026 INFO  utils.ExcelUtils (ExcelUtils.java:41) - Test Runner excel row at: 19
23:28:31.027 INFO  utils.ExcelUtils (ExcelUtils.java:41) - Test Runner excel row at: 20
23:28:31.028 INFO  utils.ExcelUtils (ExcelUtils.java:41) - Test Runner excel row at: 21
23:28:31.029 INFO  utils.ExcelUtils (ExcelUtils.java:41) - Test Runner excel row at: 22
23:28:31.030 INFO  utils.ExcelUtils (ExcelUtils.java:41) - Test Runner excel row at: 23
23:28:31.031 INFO  utils.ExcelUtils (ExcelUtils.java:41) - Test Runner excel row at: 24
23:28:31.031 INFO  utils.ExcelUtils (ExcelUtils.java:41) - Test Runner excel row at: 25
23:28:31.032 INFO  utils.ExcelUtils (ExcelUtils.java:41) - Test Runner excel row at: 26
23:28:31.033 INFO  utils.ExcelUtils (ExcelUtils.java:41) - Test Runner excel row at: 27
23:28:31.035 INFO  utils.ExcelUtils (ExcelUtils.java:41) - Test Runner excel row at: 28
23:28:31.036 INFO  utils.ExcelUtils (ExcelUtils.java:41) - Test Runner excel row at: 29
23:28:31.038 INFO  utils.ExcelUtils (ExcelUtils.java:41) - Test Runner excel row at: 30
23:28:31.039 INFO  utils.ExcelUtils (ExcelUtils.java:41) - Test Runner excel row at: 31
23:28:31.040 INFO  utils.ExcelUtils (ExcelUtils.java:41) - Test Runner excel row at: 32
23:28:31.043 INFO  utils.ExcelUtils (ExcelUtils.java:41) - Test Runner excel row at: 33
23:28:31.045 INFO  utils.ExcelUtils (ExcelUtils.java:41) - Test Runner excel row at: 34
23:28:31.046 INFO  utils.ExcelUtils (ExcelUtils.java:41) - Test Runner excel row at: 35
23:28:31.048 INFO  utils.ExcelUtils (ExcelUtils.java:41) - Test Runner excel row at: 36
23:28:31.050 INFO  utils.ExcelUtils (ExcelUtils.java:41) - Test Runner excel row at: 37
23:28:31.051 INFO  utils.ExcelUtils (ExcelUtils.java:41) - Test Runner excel row at: 38
23:28:31.051 INFO  utils.ExcelUtils (ExcelUtils.java:41) - Test Runner excel row at: 39
23:28:31.052 INFO  utils.ExcelUtils (ExcelUtils.java:41) - Test Runner excel row at: 40
23:28:31.053 INFO  utils.ExcelUtils (ExcelUtils.java:41) - Test Runner excel row at: 41
23:28:31.054 INFO  utils.ExcelUtils (ExcelUtils.java:41) - Test Runner excel row at: 42
23:28:31.056 INFO  utils.ExcelUtils (ExcelUtils.java:41) - Test Runner excel row at: 43
23:28:31.058 INFO  utils.ExcelUtils (ExcelUtils.java:41) - Test Runner excel row at: 44
23:28:31.059 INFO  utils.ExcelUtils (ExcelUtils.java:41) - Test Runner excel row at: 45
23:28:31.061 INFO  utils.ExcelUtils (ExcelUtils.java:41) - Test Runner excel row at: 46
23:28:31.061 INFO  utils.ExcelUtils (ExcelUtils.java:41) - Test Runner excel row at: 47
23:28:31.063 INFO  utils.ExcelUtils (ExcelUtils.java:41) - Test Runner excel row at: 48
23:28:31.065 INFO  utils.ExcelUtils (ExcelUtils.java:41) - Test Runner excel row at: 49
23:28:31.066 INFO  utils.ExcelUtils (ExcelUtils.java:41) - Test Runner excel row at: 50
23:28:31.067 INFO  utils.ExcelUtils (ExcelUtils.java:41) - Test Runner excel row at: 51
23:28:31.068 INFO  utils.ExcelUtils (ExcelUtils.java:41) - Test Runner excel row at: 52
23:28:31.069 INFO  utils.ExcelUtils (ExcelUtils.java:41) - Test Runner excel row at: 53
23:28:31.069 INFO  utils.ExcelUtils (ExcelUtils.java:41) - Test Runner excel row at: 54
23:28:31.070 INFO  utils.ExcelUtils (ExcelUtils.java:41) - Test Runner excel row at: 55
23:28:31.071 INFO  utils.ExcelUtils (ExcelUtils.java:41) - Test Runner excel row at: 56
23:28:31.071 INFO  utils.ExcelUtils (ExcelUtils.java:41) - Test Runner excel row at: 57
23:28:31.073 INFO  utils.ExcelUtils (ExcelUtils.java:41) - Test Runner excel row at: 58
23:28:31.074 INFO  utils.ExcelUtils (ExcelUtils.java:41) - Test Runner excel row at: 59
23:28:31.076 INFO  utils.ExcelUtils (ExcelUtils.java:41) - Test Runner excel row at: 60
23:28:31.077 INFO  utils.ExcelUtils (ExcelUtils.java:41) - Test Runner excel row at: 61
23:28:31.078 INFO  utils.ExcelUtils (ExcelUtils.java:41) - Test Runner excel row at: 62
23:28:31.079 INFO  utils.ExcelUtils (ExcelUtils.java:41) - Test Runner excel row at: 63
23:28:31.080 INFO  utils.ExcelUtils (ExcelUtils.java:41) - Test Runner excel row at: 64
23:28:31.081 INFO  utils.ExcelUtils (ExcelUtils.java:41) - Test Runner excel row at: 65
23:28:31.082 INFO  utils.ExcelUtils (ExcelUtils.java:41) - Test Runner excel row at: 66
23:28:31.083 INFO  utils.ExcelUtils (ExcelUtils.java:41) - Test Runner excel row at: 67
23:28:31.085 INFO  utils.ExcelUtils (ExcelUtils.java:41) - Test Runner excel row at: 68
23:28:31.086 INFO  utils.ExcelUtils (ExcelUtils.java:41) - Test Runner excel row at: 69
23:28:31.086 INFO  utils.ExcelUtils (ExcelUtils.java:41) - Test Runner excel row at: 70
23:28:31.087 INFO  utils.ExcelUtils (ExcelUtils.java:41) - Test Runner excel row at: 71
23:28:31.088 INFO  utils.ExcelUtils (ExcelUtils.java:41) - Test Runner excel row at: 72
23:28:31.091 INFO  utils.ExcelUtils (ExcelUtils.java:41) - Test Runner excel row at: 73
23:28:31.092 INFO  utils.ExcelUtils (ExcelUtils.java:41) - Test Runner excel row at: 74
23:28:31.093 INFO  utils.ExcelUtils (ExcelUtils.java:41) - Test Runner excel row at: 75
23:28:31.094 INFO  utils.ExcelUtils (ExcelUtils.java:41) - Test Runner excel row at: 76
23:28:31.094 INFO  utils.ExcelUtils (ExcelUtils.java:41) - Test Runner excel row at: 77
23:28:31.095 INFO  utils.ExcelUtils (ExcelUtils.java:41) - Test Runner excel row at: 78
23:28:31.096 INFO  utils.ExcelUtils (ExcelUtils.java:41) - Test Runner excel row at: 79
23:28:31.096 INFO  utils.ExcelUtils (ExcelUtils.java:41) - Test Runner excel row at: 80
23:28:31.097 INFO  utils.ExcelUtils (ExcelUtils.java:41) - Test Runner excel row at: 81
23:28:31.098 INFO  utils.ExcelUtils (ExcelUtils.java:41) - Test Runner excel row at: 82
23:28:31.098 INFO  utils.ExcelUtils (ExcelUtils.java:41) - Test Runner excel row at: 83
23:28:31.099 INFO  utils.ExcelUtils (ExcelUtils.java:41) - Test Runner excel row at: 84
23:28:31.100 INFO  utils.ExcelUtils (ExcelUtils.java:41) - Test Runner excel row at: 85
23:28:31.100 INFO  utils.ExcelUtils (ExcelUtils.java:41) - Test Runner excel row at: 86
23:28:31.101 INFO  utils.ExcelUtils (ExcelUtils.java:41) - Test Runner excel row at: 87
23:28:31.102 INFO  utils.ExcelUtils (ExcelUtils.java:41) - Test Runner excel row at: 88
23:28:31.103 INFO  utils.ExcelUtils (ExcelUtils.java:41) - Test Runner excel row at: 89
23:28:31.104 INFO  utils.ExcelUtils (ExcelUtils.java:41) - Test Runner excel row at: 90
23:28:31.104 INFO  utils.ExcelUtils (ExcelUtils.java:41) - Test Runner excel row at: 91
23:28:31.105 INFO  utils.ExcelUtils (ExcelUtils.java:41) - Test Runner excel row at: 92
23:28:31.106 INFO  utils.ExcelUtils (ExcelUtils.java:41) - Test Runner excel row at: 93
23:28:31.107 INFO  utils.ExcelUtils (ExcelUtils.java:41) - Test Runner excel row at: 94
23:28:31.108 INFO  utils.ExcelUtils (ExcelUtils.java:41) - Test Runner excel row at: 95
23:28:31.108 INFO  utils.ExcelUtils (ExcelUtils.java:41) - Test Runner excel row at: 96
23:28:31.109 INFO  utils.ExcelUtils (ExcelUtils.java:41) - Test Runner excel row at: 97
23:28:31.110 INFO  utils.ExcelUtils (ExcelUtils.java:41) - Test Runner excel row at: 98
23:28:31.110 INFO  utils.ExcelUtils (ExcelUtils.java:41) - Test Runner excel row at: 99
23:28:31.111 INFO  utils.ExcelUtils (ExcelUtils.java:41) - Test Runner excel row at: 100
23:28:31.111 INFO  utils.ExcelUtils (ExcelUtils.java:41) - Test Runner excel row at: 101
23:28:31.112 INFO  utils.ExcelUtils (ExcelUtils.java:41) - Test Runner excel row at: 102
23:28:31.112 INFO  utils.ExcelUtils (ExcelUtils.java:41) - Test Runner excel row at: 103
23:28:31.113 INFO  utils.ExcelUtils (ExcelUtils.java:41) - Test Runner excel row at: 104
23:28:31.113 INFO  utils.ExcelUtils (ExcelUtils.java:41) - Test Runner excel row at: 105
23:28:31.114 INFO  utils.ExcelUtils (ExcelUtils.java:41) - Test Runner excel row at: 106
23:28:31.114 INFO  utils.ExcelUtils (ExcelUtils.java:41) - Test Runner excel row at: 107
23:28:31.829 WARN  config.Configuration (Configuration.java:231) - QA env being used by default. No env property set. This can be set in the sew.app.yml config file with a '{}=' property or on the command line with the switch '-D{}='.
23:28:36.349 INFO  driver.WebDriverFactory (WebDriverFactory.java:192) - Setting up the browser window to its max.
23:28:36.503 INFO  driver.WebDriverFactory (WebDriverFactory.java:181) - Initializing the implicit wait timeout for {} 5
23:28:36.511 INFO  driver.WebDriverFactory (WebDriverFactory.java:184) - Initializing the page load timeout.
23:28:36.517 INFO  driver.DriverFactory (DriverFactory.java:125) - Clearing all the cookies.
23:28:38.369 INFO  driver.DriverFactory (DriverFactory.java:62) - Open the url {} https://u2-alectra.smartcmobile.net/portal/#/login using the selenium get() method.
23:28:50.317 INFO  scp.paymentInfoTests (paymentInfoTests.java:26) - To perform sanity on Payment Information Submodule
23:28:52.021 INFO  pageobjects.paymentInfoPage (paymentInfoPage.java:27) - Populating User Name {} :0023826434
23:28:52.041 INFO  driver.Page (    Page.java:129) - Wait for element {} [[ChromeDriver: chrome on windows (eda7042327cff805a7e4718597372ad5)] -> xpath: //*[@id='username']] to be present in the DOM for duration of {} 120
23:28:52.041 INFO  driver.Page (    Page.java:257) - Waiting for element to be visible for 120 seconds.
23:28:52.092 INFO  driver.Page (    Page.java:260) - Element is visible on the page.
23:28:52.106 INFO  driver.Page (    Page.java:131) - Clearing the element {} [[ChromeDriver: chrome on windows (eda7042327cff805a7e4718597372ad5)] -> xpath: //*[@id='username']] before sending the keys.
23:28:52.196 INFO  driver.Page (    Page.java:133) - Sending the following keys {} 0023826434 to the element {} [[ChromeDriver: chrome on windows (eda7042327cff805a7e4718597372ad5)] -> xpath: //*[@id='username']]
23:28:52.349 INFO  pageobjects.paymentInfoPage (paymentInfoPage.java:29) - User Username populated successfully.
23:28:52.350 INFO  pageobjects.paymentInfoPage (paymentInfoPage.java:36) - Populating Password {} :Demo@123
23:28:52.376 INFO  driver.Page (    Page.java:129) - Wait for element {} [[ChromeDriver: chrome on windows (eda7042327cff805a7e4718597372ad5)] -> xpath: //*[@id='password']] to be present in the DOM for duration of {} 120
23:28:52.377 INFO  driver.Page (    Page.java:257) - Waiting for element to be visible for 120 seconds.
23:28:52.424 INFO  driver.Page (    Page.java:260) - Element is visible on the page.
23:28:52.441 INFO  driver.Page (    Page.java:131) - Clearing the element {} [[ChromeDriver: chrome on windows (eda7042327cff805a7e4718597372ad5)] -> xpath: //*[@id='password']] before sending the keys.
23:28:52.516 INFO  driver.Page (    Page.java:133) - Sending the following keys {} Demo@123 to the element {} [[ChromeDriver: chrome on windows (eda7042327cff805a7e4718597372ad5)] -> xpath: //*[@id='password']]
23:28:52.666 INFO  pageobjects.paymentInfoPage (paymentInfoPage.java:38) - Password populated successfully.
23:28:52.667 INFO  driver.Page (    Page.java:58) - Preparing for element to click.
23:28:52.668 INFO  driver.Page (    Page.java:232) - Waiting for element to be clickable for 120 seconds.
23:28:52.761 INFO  driver.Page (    Page.java:235) - Element is clickable now.
23:28:52.895 INFO  driver.Page (    Page.java:61) - Element is clicked successfully.
23:28:52.895 INFO  pageobjects.paymentInfoPage (paymentInfoPage.java:46) - LogIn Button clicked successfully.
23:29:11.034 INFO  driver.Page (    Page.java:58) - Preparing for element to click.
23:29:11.035 INFO  driver.Page (    Page.java:232) - Waiting for element to be clickable for 120 seconds.
23:29:11.113 INFO  driver.Page (    Page.java:235) - Element is clickable now.
23:29:11.208 INFO  driver.Page (    Page.java:61) - Element is clicked successfully.
23:29:11.208 INFO  pageobjects.paymentInfoPage (paymentInfoPage.java:62) - Account dropdown clicked successfully.
23:29:11.209 INFO  driver.Page (    Page.java:58) - Preparing for element to click.
23:29:11.209 INFO  driver.Page (    Page.java:232) - Waiting for element to be clickable for 120 seconds.
23:29:11.288 INFO  driver.Page (    Page.java:235) - Element is clickable now.
23:29:11.453 INFO  driver.Page (    Page.java:61) - Element is clicked successfully.
23:29:11.453 INFO  pageobjects.paymentInfoPage (paymentInfoPage.java:54) - Payment information hyperlink clicked successfully.
23:29:12.984 INFO  driver.Page (    Page.java:58) - Preparing for element to click.
23:29:12.984 INFO  driver.Page (    Page.java:232) - Waiting for element to be clickable for 120 seconds.
23:29:13.043 INFO  driver.Page (    Page.java:235) - Element is clickable now.
23:29:13.197 INFO  driver.Page (    Page.java:61) - Element is clicked successfully.
23:29:13.198 INFO  pageobjects.paymentInfoPage (paymentInfoPage.java:70) - Add Payment hyperlink clicked successfully.
23:29:14.729 INFO  pageobjects.paymentInfoPage (paymentInfoPage.java:77) - Populating Name on the card {} :DummyCardTest
23:29:14.757 INFO  driver.Page (    Page.java:129) - Wait for element {} [[ChromeDriver: chrome on windows (eda7042327cff805a7e4718597372ad5)] -> xpath: //*[@id="NameOnCard"]] to be present in the DOM for duration of {} 120
23:29:14.758 INFO  driver.Page (    Page.java:257) - Waiting for element to be visible for 120 seconds.
23:29:14.799 INFO  driver.Page (    Page.java:260) - Element is visible on the page.
23:29:14.819 INFO  driver.Page (    Page.java:131) - Clearing the element {} [[ChromeDriver: chrome on windows (eda7042327cff805a7e4718597372ad5)] -> xpath: //*[@id="NameOnCard"]] before sending the keys.
23:29:14.894 INFO  driver.Page (    Page.java:133) - Sending the following keys {} DummyCardTest to the element {} [[ChromeDriver: chrome on windows (eda7042327cff805a7e4718597372ad5)] -> xpath: //*[@id="NameOnCard"]]
23:29:15.156 INFO  pageobjects.paymentInfoPage (paymentInfoPage.java:79) - Name on the card populated successfully.
23:29:15.156 INFO  pageobjects.paymentInfoPage (paymentInfoPage.java:94) - Populating Card number {} :371100001000131
23:29:15.177 INFO  driver.Page (    Page.java:129) - Wait for element {} [[ChromeDriver: chrome on windows (eda7042327cff805a7e4718597372ad5)] -> xpath: //*[@id='cardNumber']] to be present in the DOM for duration of {} 120
23:29:15.178 INFO  driver.Page (    Page.java:257) - Waiting for element to be visible for 120 seconds.
23:29:15.217 INFO  driver.Page (    Page.java:260) - Element is visible on the page.
23:29:15.233 INFO  driver.Page (    Page.java:131) - Clearing the element {} [[ChromeDriver: chrome on windows (eda7042327cff805a7e4718597372ad5)] -> xpath: //*[@id='cardNumber']] before sending the keys.
23:29:15.311 INFO  driver.Page (    Page.java:133) - Sending the following keys {} 371100001000131 to the element {} [[ChromeDriver: chrome on windows (eda7042327cff805a7e4718597372ad5)] -> xpath: //*[@id='cardNumber']]
23:29:15.518 INFO  pageobjects.paymentInfoPage (paymentInfoPage.java:96) - Card number populated successfully.
23:29:15.519 INFO  pageobjects.paymentInfoPage (paymentInfoPage.java:112) - Populating CVV {} :1234
23:29:15.541 INFO  driver.Page (    Page.java:129) - Wait for element {} [[ChromeDriver: chrome on windows (eda7042327cff805a7e4718597372ad5)] -> xpath: //*[@id='securityCode']] to be present in the DOM for duration of {} 120
23:29:15.541 INFO  driver.Page (    Page.java:257) - Waiting for element to be visible for 120 seconds.
23:29:15.579 INFO  driver.Page (    Page.java:260) - Element is visible on the page.
23:29:15.595 INFO  driver.Page (    Page.java:131) - Clearing the element {} [[ChromeDriver: chrome on windows (eda7042327cff805a7e4718597372ad5)] -> xpath: //*[@id='securityCode']] before sending the keys.
23:29:15.670 INFO  driver.Page (    Page.java:133) - Sending the following keys {} 1234 to the element {} [[ChromeDriver: chrome on windows (eda7042327cff805a7e4718597372ad5)] -> xpath: //*[@id='securityCode']]
23:29:15.806 INFO  pageobjects.paymentInfoPage (paymentInfoPage.java:114) - CVV populated successfully.
23:29:15.807 INFO  driver.Page (    Page.java:58) - Preparing for element to click.
23:29:15.807 INFO  driver.Page (    Page.java:232) - Waiting for element to be clickable for 120 seconds.
23:29:15.875 INFO  driver.Page (    Page.java:235) - Element is clickable now.
23:29:15.974 INFO  driver.Page (    Page.java:61) - Element is clicked successfully.
23:29:15.974 INFO  pageobjects.paymentInfoPage (paymentInfoPage.java:141) - Month clicked successfully.
23:29:15.974 INFO  driver.Page (    Page.java:58) - Preparing for element to click.
23:29:15.975 INFO  driver.Page (    Page.java:232) - Waiting for element to be clickable for 120 seconds.
23:29:16.067 INFO  driver.Page (    Page.java:235) - Element is clickable now.
23:29:16.169 INFO  driver.Page (    Page.java:61) - Element is clicked successfully.
23:29:16.169 INFO  pageobjects.paymentInfoPage (paymentInfoPage.java:150) - Month selected successfully.
23:29:16.170 INFO  driver.Page (    Page.java:58) - Preparing for element to click.
23:29:16.170 INFO  driver.Page (    Page.java:232) - Waiting for element to be clickable for 120 seconds.
23:29:16.242 INFO  driver.Page (    Page.java:235) - Element is clickable now.
23:29:16.590 INFO  driver.Page (    Page.java:61) - Element is clicked successfully.
23:29:16.591 INFO  pageobjects.paymentInfoPage (paymentInfoPage.java:159) - Year clicked successfully.
23:29:16.591 INFO  driver.Page (    Page.java:58) - Preparing for element to click.
23:29:16.591 INFO  driver.Page (    Page.java:232) - Waiting for element to be clickable for 120 seconds.
23:29:16.651 INFO  driver.Page (    Page.java:235) - Element is clickable now.
23:29:16.725 INFO  driver.Page (    Page.java:61) - Element is clicked successfully.
23:29:16.725 INFO  pageobjects.paymentInfoPage (paymentInfoPage.java:168) - Year selected successfully.
23:29:16.726 INFO  driver.Page (    Page.java:58) - Preparing for element to click.
23:29:16.726 INFO  driver.Page (    Page.java:232) - Waiting for element to be clickable for 120 seconds.
23:29:16.797 INFO  driver.Page (    Page.java:235) - Element is clickable now.
23:29:17.147 INFO  driver.Page (    Page.java:61) - Element is clicked successfully.
23:29:17.147 INFO  pageobjects.paymentInfoPage (paymentInfoPage.java:177) - Save Button successfully.
23:29:28.920 INFO  driver.Page (    Page.java:58) - Preparing for element to click.
23:29:28.920 INFO  driver.Page (    Page.java:232) - Waiting for element to be clickable for 120 seconds.
23:29:28.985 INFO  driver.Page (    Page.java:235) - Element is clickable now.
23:29:29.059 INFO  driver.Page (    Page.java:61) - Element is clicked successfully.
23:29:29.059 INFO  pageobjects.paymentInfoPage (paymentInfoPage.java:209) - Payment Three dot icon clicked successfully.
23:29:30.587 INFO  driver.Page (    Page.java:58) - Preparing for element to click.
23:29:30.588 INFO  driver.Page (    Page.java:232) - Waiting for element to be clickable for 120 seconds.
23:29:30.641 INFO  driver.Page (    Page.java:235) - Element is clickable now.
23:29:30.745 INFO  driver.Page (    Page.java:61) - Element is clicked successfully.
23:29:30.745 INFO  pageobjects.paymentInfoPage (paymentInfoPage.java:218) - Edit option clicked successfully.
23:29:32.270 INFO  pageobjects.paymentInfoPage (paymentInfoPage.java:121) - Populating CVV {} :1234
23:29:32.291 INFO  driver.Page (    Page.java:129) - Wait for element {} [[ChromeDriver: chrome on windows (eda7042327cff805a7e4718597372ad5)] -> xpath: //*[@id='securityCode']] to be present in the DOM for duration of {} 120
23:29:32.291 INFO  driver.Page (    Page.java:257) - Waiting for element to be visible for 120 seconds.
23:29:32.323 INFO  driver.Page (    Page.java:260) - Element is visible on the page.
23:29:32.336 INFO  driver.Page (    Page.java:131) - Clearing the element {} [[ChromeDriver: chrome on windows (eda7042327cff805a7e4718597372ad5)] -> xpath: //*[@id='securityCode']] before sending the keys.
23:29:32.408 INFO  driver.Page (    Page.java:133) - Sending the following keys {} 1234 to the element {} [[ChromeDriver: chrome on windows (eda7042327cff805a7e4718597372ad5)] -> xpath: //*[@id='securityCode']]
23:29:32.515 INFO  pageobjects.paymentInfoPage (paymentInfoPage.java:123) - CVV populated successfully.
23:29:32.516 INFO  driver.Page (    Page.java:58) - Preparing for element to click.
23:29:32.516 INFO  driver.Page (    Page.java:232) - Waiting for element to be clickable for 120 seconds.
23:29:32.570 INFO  driver.Page (    Page.java:235) - Element is clickable now.
23:29:32.650 INFO  driver.Page (    Page.java:61) - Element is clicked successfully.
23:29:32.650 INFO  pageobjects.paymentInfoPage (paymentInfoPage.java:141) - Month clicked successfully.
23:29:32.651 INFO  driver.Page (    Page.java:58) - Preparing for element to click.
23:29:32.651 INFO  driver.Page (    Page.java:232) - Waiting for element to be clickable for 120 seconds.
23:29:32.733 INFO  driver.Page (    Page.java:235) - Element is clickable now.
23:29:32.810 INFO  driver.Page (    Page.java:61) - Element is clicked successfully.
23:29:32.810 INFO  pageobjects.paymentInfoPage (paymentInfoPage.java:150) - Month selected successfully.
23:29:32.811 INFO  driver.Page (    Page.java:58) - Preparing for element to click.
23:29:32.811 INFO  driver.Page (    Page.java:232) - Waiting for element to be clickable for 120 seconds.
23:29:32.893 INFO  driver.Page (    Page.java:235) - Element is clickable now.
23:29:33.252 INFO  driver.Page (    Page.java:61) - Element is clicked successfully.
23:29:33.252 INFO  pageobjects.paymentInfoPage (paymentInfoPage.java:159) - Year clicked successfully.
23:29:33.252 INFO  driver.Page (    Page.java:58) - Preparing for element to click.
23:29:33.252 INFO  driver.Page (    Page.java:232) - Waiting for element to be clickable for 120 seconds.
23:29:33.317 INFO  driver.Page (    Page.java:235) - Element is clickable now.
23:29:33.392 INFO  driver.Page (    Page.java:61) - Element is clicked successfully.
23:29:33.392 INFO  pageobjects.paymentInfoPage (paymentInfoPage.java:168) - Year selected successfully.
23:29:33.392 INFO  driver.Page (    Page.java:58) - Preparing for element to click.
23:29:33.393 INFO  driver.Page (    Page.java:232) - Waiting for element to be clickable for 120 seconds.
23:29:33.461 INFO  driver.Page (    Page.java:235) - Element is clickable now.
23:29:33.820 INFO  driver.Page (    Page.java:61) - Element is clicked successfully.
23:29:33.820 INFO  pageobjects.paymentInfoPage (paymentInfoPage.java:177) - Save Button successfully.
23:29:38.555 INFO  driver.Page (    Page.java:58) - Preparing for element to click.
23:29:38.556 INFO  driver.Page (    Page.java:232) - Waiting for element to be clickable for 120 seconds.
23:29:38.617 INFO  driver.Page (    Page.java:235) - Element is clickable now.
23:29:38.702 INFO  driver.Page (    Page.java:61) - Element is clicked successfully.
23:29:38.703 INFO  pageobjects.paymentInfoPage (paymentInfoPage.java:209) - Payment Three dot icon clicked successfully.
23:29:40.235 INFO  driver.Page (    Page.java:58) - Preparing for element to click.
23:29:40.236 INFO  driver.Page (    Page.java:232) - Waiting for element to be clickable for 120 seconds.
23:29:40.289 INFO  driver.Page (    Page.java:235) - Element is clickable now.
23:29:40.360 INFO  driver.Page (    Page.java:61) - Element is clicked successfully.
23:29:40.361 INFO  pageobjects.paymentInfoPage (paymentInfoPage.java:252) - Delete Option clicked successfully.
23:29:41.880 INFO  driver.Page (    Page.java:569) - Preparing for element to click.
23:29:46.928 INFO  driver.Page (    Page.java:576) - Element is clicked successfully.
23:29:46.928 INFO  pageobjects.paymentInfoPage (paymentInfoPage.java:276) - Yes Button Clicked successfully.
23:29:53.729 INFO  driver.DriverFactory (DriverFactory.java:125) - Clearing all the cookies.
23:52:20.919 INFO  utils.ExcelUtils (ExcelUtils.java:41) - Test Runner excel row at: 1
23:52:20.941 INFO  utils.ExcelUtils (ExcelUtils.java:41) - Test Runner excel row at: 2
23:52:20.943 INFO  utils.ExcelUtils (ExcelUtils.java:41) - Test Runner excel row at: 3
23:52:20.944 INFO  utils.ExcelUtils (ExcelUtils.java:41) - Test Runner excel row at: 4
23:52:20.946 INFO  utils.ExcelUtils (ExcelUtils.java:41) - Test Runner excel row at: 5
23:52:20.947 INFO  utils.ExcelUtils (ExcelUtils.java:41) - Test Runner excel row at: 6
23:52:20.948 INFO  utils.ExcelUtils (ExcelUtils.java:41) - Test Runner excel row at: 7
23:52:20.949 INFO  utils.ExcelUtils (ExcelUtils.java:41) - Test Runner excel row at: 8
23:52:20.950 INFO  utils.ExcelUtils (ExcelUtils.java:41) - Test Runner excel row at: 9
23:52:20.953 INFO  utils.ExcelUtils (ExcelUtils.java:41) - Test Runner excel row at: 10
23:52:20.956 INFO  utils.ExcelUtils (ExcelUtils.java:41) - Test Runner excel row at: 11
23:52:20.959 INFO  utils.ExcelUtils (ExcelUtils.java:41) - Test Runner excel row at: 12
23:52:20.960 INFO  utils.ExcelUtils (ExcelUtils.java:41) - Test Runner excel row at: 13
23:52:20.961 INFO  utils.ExcelUtils (ExcelUtils.java:41) - Test Runner excel row at: 14
23:52:20.965 INFO  utils.ExcelUtils (ExcelUtils.java:41) - Test Runner excel row at: 15
23:52:20.966 INFO  utils.ExcelUtils (ExcelUtils.java:41) - Test Runner excel row at: 16
23:52:20.968 INFO  utils.ExcelUtils (ExcelUtils.java:41) - Test Runner excel row at: 17
23:52:20.969 INFO  utils.ExcelUtils (ExcelUtils.java:41) - Test Runner excel row at: 18
23:52:20.972 INFO  utils.ExcelUtils (ExcelUtils.java:41) - Test Runner excel row at: 19
23:52:20.973 INFO  utils.ExcelUtils (ExcelUtils.java:41) - Test Runner excel row at: 20
23:52:20.974 INFO  utils.ExcelUtils (ExcelUtils.java:41) - Test Runner excel row at: 21
23:52:20.974 INFO  utils.ExcelUtils (ExcelUtils.java:41) - Test Runner excel row at: 22
23:52:20.975 INFO  utils.ExcelUtils (ExcelUtils.java:41) - Test Runner excel row at: 23
23:52:20.976 INFO  utils.ExcelUtils (ExcelUtils.java:41) - Test Runner excel row at: 24
23:52:20.977 INFO  utils.ExcelUtils (ExcelUtils.java:41) - Test Runner excel row at: 25
23:52:20.978 INFO  utils.ExcelUtils (ExcelUtils.java:41) - Test Runner excel row at: 26
23:52:20.980 INFO  utils.ExcelUtils (ExcelUtils.java:41) - Test Runner excel row at: 27
23:52:20.980 INFO  utils.ExcelUtils (ExcelUtils.java:41) - Test Runner excel row at: 28
23:52:20.981 INFO  utils.ExcelUtils (ExcelUtils.java:41) - Test Runner excel row at: 29
23:52:20.982 INFO  utils.ExcelUtils (ExcelUtils.java:41) - Test Runner excel row at: 30
23:52:20.983 INFO  utils.ExcelUtils (ExcelUtils.java:41) - Test Runner excel row at: 31
23:52:20.984 INFO  utils.ExcelUtils (ExcelUtils.java:41) - Test Runner excel row at: 32
23:52:20.985 INFO  utils.ExcelUtils (ExcelUtils.java:41) - Test Runner excel row at: 33
23:52:20.986 INFO  utils.ExcelUtils (ExcelUtils.java:41) - Test Runner excel row at: 34
23:52:20.987 INFO  utils.ExcelUtils (ExcelUtils.java:41) - Test Runner excel row at: 35
23:52:20.989 INFO  utils.ExcelUtils (ExcelUtils.java:41) - Test Runner excel row at: 36
23:52:20.990 INFO  utils.ExcelUtils (ExcelUtils.java:41) - Test Runner excel row at: 37
23:52:20.991 INFO  utils.ExcelUtils (ExcelUtils.java:41) - Test Runner excel row at: 38
23:52:20.992 INFO  utils.ExcelUtils (ExcelUtils.java:41) - Test Runner excel row at: 39
23:52:20.992 INFO  utils.ExcelUtils (ExcelUtils.java:41) - Test Runner excel row at: 40
23:52:20.993 INFO  utils.ExcelUtils (ExcelUtils.java:41) - Test Runner excel row at: 41
23:52:20.995 INFO  utils.ExcelUtils (ExcelUtils.java:41) - Test Runner excel row at: 42
23:52:20.997 INFO  utils.ExcelUtils (ExcelUtils.java:41) - Test Runner excel row at: 43
23:52:20.998 INFO  utils.ExcelUtils (ExcelUtils.java:41) - Test Runner excel row at: 44
23:52:20.998 INFO  utils.ExcelUtils (ExcelUtils.java:41) - Test Runner excel row at: 45
23:52:20.999 INFO  utils.ExcelUtils (ExcelUtils.java:41) - Test Runner excel row at: 46
23:52:21.000 INFO  utils.ExcelUtils (ExcelUtils.java:41) - Test Runner excel row at: 47
23:52:21.001 INFO  utils.ExcelUtils (ExcelUtils.java:41) - Test Runner excel row at: 48
23:52:21.001 INFO  utils.ExcelUtils (ExcelUtils.java:41) - Test Runner excel row at: 49
23:52:21.002 INFO  utils.ExcelUtils (ExcelUtils.java:41) - Test Runner excel row at: 50
23:52:21.003 INFO  utils.ExcelUtils (ExcelUtils.java:41) - Test Runner excel row at: 51
23:52:21.003 INFO  utils.ExcelUtils (ExcelUtils.java:41) - Test Runner excel row at: 52
23:52:21.004 INFO  utils.ExcelUtils (ExcelUtils.java:41) - Test Runner excel row at: 53
23:52:21.005 INFO  utils.ExcelUtils (ExcelUtils.java:41) - Test Runner excel row at: 54
23:52:21.005 INFO  utils.ExcelUtils (ExcelUtils.java:41) - Test Runner excel row at: 55
23:52:21.006 INFO  utils.ExcelUtils (ExcelUtils.java:41) - Test Runner excel row at: 56
23:52:21.006 INFO  utils.ExcelUtils (ExcelUtils.java:41) - Test Runner excel row at: 57
23:52:21.007 INFO  utils.ExcelUtils (ExcelUtils.java:41) - Test Runner excel row at: 58
23:52:21.008 INFO  utils.ExcelUtils (ExcelUtils.java:41) - Test Runner excel row at: 59
23:52:21.009 INFO  utils.ExcelUtils (ExcelUtils.java:41) - Test Runner excel row at: 60
23:52:21.009 INFO  utils.ExcelUtils (ExcelUtils.java:41) - Test Runner excel row at: 61
23:52:21.010 INFO  utils.ExcelUtils (ExcelUtils.java:41) - Test Runner excel row at: 62
23:52:21.012 INFO  utils.ExcelUtils (ExcelUtils.java:41) - Test Runner excel row at: 63
23:52:21.013 INFO  utils.ExcelUtils (ExcelUtils.java:41) - Test Runner excel row at: 64
23:52:21.014 INFO  utils.ExcelUtils (ExcelUtils.java:41) - Test Runner excel row at: 65
23:52:21.016 INFO  utils.ExcelUtils (ExcelUtils.java:41) - Test Runner excel row at: 66
23:52:21.016 INFO  utils.ExcelUtils (ExcelUtils.java:41) - Test Runner excel row at: 67
23:52:21.017 INFO  utils.ExcelUtils (ExcelUtils.java:41) - Test Runner excel row at: 68
23:52:21.018 INFO  utils.ExcelUtils (ExcelUtils.java:41) - Test Runner excel row at: 69
23:52:21.019 INFO  utils.ExcelUtils (ExcelUtils.java:41) - Test Runner excel row at: 70
23:52:21.019 INFO  utils.ExcelUtils (ExcelUtils.java:41) - Test Runner excel row at: 71
23:52:21.020 INFO  utils.ExcelUtils (ExcelUtils.java:41) - Test Runner excel row at: 72
23:52:21.021 INFO  utils.ExcelUtils (ExcelUtils.java:41) - Test Runner excel row at: 73
23:52:21.021 INFO  utils.ExcelUtils (ExcelUtils.java:41) - Test Runner excel row at: 74
23:52:21.022 INFO  utils.ExcelUtils (ExcelUtils.java:41) - Test Runner excel row at: 75
23:52:21.023 INFO  utils.ExcelUtils (ExcelUtils.java:41) - Test Runner excel row at: 76
23:52:21.024 INFO  utils.ExcelUtils (ExcelUtils.java:41) - Test Runner excel row at: 77
23:52:21.025 INFO  utils.ExcelUtils (ExcelUtils.java:41) - Test Runner excel row at: 78
23:52:21.026 INFO  utils.ExcelUtils (ExcelUtils.java:41) - Test Runner excel row at: 79
23:52:21.027 INFO  utils.ExcelUtils (ExcelUtils.java:41) - Test Runner excel row at: 80
23:52:21.028 INFO  utils.ExcelUtils (ExcelUtils.java:41) - Test Runner excel row at: 81
23:52:21.029 INFO  utils.ExcelUtils (ExcelUtils.java:41) - Test Runner excel row at: 82
23:52:21.030 INFO  utils.ExcelUtils (ExcelUtils.java:41) - Test Runner excel row at: 83
23:52:21.030 INFO  utils.ExcelUtils (ExcelUtils.java:41) - Test Runner excel row at: 84
23:52:21.031 INFO  utils.ExcelUtils (ExcelUtils.java:41) - Test Runner excel row at: 85
23:52:21.032 INFO  utils.ExcelUtils (ExcelUtils.java:41) - Test Runner excel row at: 86
23:52:21.033 INFO  utils.ExcelUtils (ExcelUtils.java:41) - Test Runner excel row at: 87
23:52:21.034 INFO  utils.ExcelUtils (ExcelUtils.java:41) - Test Runner excel row at: 88
23:52:21.035 INFO  utils.ExcelUtils (ExcelUtils.java:41) - Test Runner excel row at: 89
23:52:21.035 INFO  utils.ExcelUtils (ExcelUtils.java:41) - Test Runner excel row at: 90
23:52:21.037 INFO  utils.ExcelUtils (ExcelUtils.java:41) - Test Runner excel row at: 91
23:52:21.037 INFO  utils.ExcelUtils (ExcelUtils.java:41) - Test Runner excel row at: 92
23:52:21.038 INFO  utils.ExcelUtils (ExcelUtils.java:41) - Test Runner excel row at: 93
23:52:21.038 INFO  utils.ExcelUtils (ExcelUtils.java:41) - Test Runner excel row at: 94
23:52:21.039 INFO  utils.ExcelUtils (ExcelUtils.java:41) - Test Runner excel row at: 95
23:52:21.040 INFO  utils.ExcelUtils (ExcelUtils.java:41) - Test Runner excel row at: 96
23:52:21.040 INFO  utils.ExcelUtils (ExcelUtils.java:41) - Test Runner excel row at: 97
23:52:21.041 INFO  utils.ExcelUtils (ExcelUtils.java:41) - Test Runner excel row at: 98
23:52:21.042 INFO  utils.ExcelUtils (ExcelUtils.java:41) - Test Runner excel row at: 99
23:52:21.042 INFO  utils.ExcelUtils (ExcelUtils.java:41) - Test Runner excel row at: 100
23:52:21.043 INFO  utils.ExcelUtils (ExcelUtils.java:41) - Test Runner excel row at: 101
23:52:21.043 INFO  utils.ExcelUtils (ExcelUtils.java:41) - Test Runner excel row at: 102
23:52:21.044 INFO  utils.ExcelUtils (ExcelUtils.java:41) - Test Runner excel row at: 103
23:52:21.044 INFO  utils.ExcelUtils (ExcelUtils.java:41) - Test Runner excel row at: 104
23:52:21.045 INFO  utils.ExcelUtils (ExcelUtils.java:41) - Test Runner excel row at: 105
23:52:21.045 INFO  utils.ExcelUtils (ExcelUtils.java:41) - Test Runner excel row at: 106
23:52:21.046 INFO  utils.ExcelUtils (ExcelUtils.java:41) - Test Runner excel row at: 107
23:52:22.235 WARN  config.Configuration (Configuration.java:231) - QA env being used by default. No env property set. This can be set in the sew.app.yml config file with a '{}=' property or on the command line with the switch '-D{}='.
23:52:34.347 INFO  driver.WebDriverFactory (WebDriverFactory.java:192) - Setting up the browser window to its max.
23:52:34.707 INFO  driver.WebDriverFactory (WebDriverFactory.java:181) - Initializing the implicit wait timeout for {} 5
23:52:34.766 INFO  driver.WebDriverFactory (WebDriverFactory.java:184) - Initializing the page load timeout.
23:52:35.208 INFO  driver.DriverFactory (DriverFactory.java:125) - Clearing all the cookies.
23:52:35.243 INFO  driver.DriverFactory (DriverFactory.java:62) - Open the url {} https://u2-alectra.smartcmobile.net/portal/#/login using the selenium get() method.
23:52:46.964 INFO  scp.paymentInfoTests (paymentInfoTests.java:26) - To perform sanity on Payment Information Submodule
23:52:48.789 INFO  pageobjects.paymentInfoPage (paymentInfoPage.java:27) - Populating User Name {} :0023826434
23:52:48.819 INFO  driver.Page (    Page.java:129) - Wait for element {} [[ChromeDriver: chrome on windows (d8481e70c9343d1849d14fa06f819e1e)] -> xpath: //*[@id='username']] to be present in the DOM for duration of {} 120
23:52:48.819 INFO  driver.Page (    Page.java:257) - Waiting for element to be visible for 120 seconds.
23:52:48.915 INFO  driver.Page (    Page.java:260) - Element is visible on the page.
23:52:48.935 INFO  driver.Page (    Page.java:131) - Clearing the element {} [[ChromeDriver: chrome on windows (d8481e70c9343d1849d14fa06f819e1e)] -> xpath: //*[@id='username']] before sending the keys.
23:52:49.073 INFO  driver.Page (    Page.java:133) - Sending the following keys {} 0023826434 to the element {} [[ChromeDriver: chrome on windows (d8481e70c9343d1849d14fa06f819e1e)] -> xpath: //*[@id='username']]
23:52:49.281 INFO  pageobjects.paymentInfoPage (paymentInfoPage.java:29) - User Username populated successfully.
23:52:49.281 INFO  pageobjects.paymentInfoPage (paymentInfoPage.java:36) - Populating Password {} :Demo@123
23:52:49.314 INFO  driver.Page (    Page.java:129) - Wait for element {} [[ChromeDriver: chrome on windows (d8481e70c9343d1849d14fa06f819e1e)] -> xpath: //*[@id='password']] to be present in the DOM for duration of {} 120
23:52:49.315 INFO  driver.Page (    Page.java:257) - Waiting for element to be visible for 120 seconds.
23:52:49.364 INFO  driver.Page (    Page.java:260) - Element is visible on the page.
23:52:49.382 INFO  driver.Page (    Page.java:131) - Clearing the element {} [[ChromeDriver: chrome on windows (d8481e70c9343d1849d14fa06f819e1e)] -> xpath: //*[@id='password']] before sending the keys.
23:52:49.465 INFO  driver.Page (    Page.java:133) - Sending the following keys {} Demo@123 to the element {} [[ChromeDriver: chrome on windows (d8481e70c9343d1849d14fa06f819e1e)] -> xpath: //*[@id='password']]
23:52:49.618 INFO  pageobjects.paymentInfoPage (paymentInfoPage.java:38) - Password populated successfully.
23:52:49.618 INFO  driver.Page (    Page.java:58) - Preparing for element to click.
23:52:49.618 INFO  driver.Page (    Page.java:232) - Waiting for element to be clickable for 120 seconds.
23:52:49.698 INFO  driver.Page (    Page.java:235) - Element is clickable now.
23:52:49.813 INFO  driver.Page (    Page.java:61) - Element is clicked successfully.
23:52:49.813 INFO  pageobjects.paymentInfoPage (paymentInfoPage.java:46) - LogIn Button clicked successfully.
23:53:07.890 INFO  driver.Page (    Page.java:58) - Preparing for element to click.
23:53:07.890 INFO  driver.Page (    Page.java:232) - Waiting for element to be clickable for 120 seconds.
23:53:16.674 INFO  driver.Page (    Page.java:235) - Element is clickable now.
23:53:18.189 INFO  driver.DriverFactory (DriverFactory.java:125) - Clearing all the cookies.
23:55:21.134 INFO  utils.ExcelUtils (ExcelUtils.java:41) - Test Runner excel row at: 1
23:55:21.149 INFO  utils.ExcelUtils (ExcelUtils.java:41) - Test Runner excel row at: 2
23:55:21.151 INFO  utils.ExcelUtils (ExcelUtils.java:41) - Test Runner excel row at: 3
23:55:21.151 INFO  utils.ExcelUtils (ExcelUtils.java:41) - Test Runner excel row at: 4
23:55:21.152 INFO  utils.ExcelUtils (ExcelUtils.java:41) - Test Runner excel row at: 5
23:55:21.154 INFO  utils.ExcelUtils (ExcelUtils.java:41) - Test Runner excel row at: 6
23:55:21.154 INFO  utils.ExcelUtils (ExcelUtils.java:41) - Test Runner excel row at: 7
23:55:21.155 INFO  utils.ExcelUtils (ExcelUtils.java:41) - Test Runner excel row at: 8
23:55:21.156 INFO  utils.ExcelUtils (ExcelUtils.java:41) - Test Runner excel row at: 9
23:55:21.157 INFO  utils.ExcelUtils (ExcelUtils.java:41) - Test Runner excel row at: 10
23:55:21.158 INFO  utils.ExcelUtils (ExcelUtils.java:41) - Test Runner excel row at: 11
23:55:21.159 INFO  utils.ExcelUtils (ExcelUtils.java:41) - Test Runner excel row at: 12
23:55:21.160 INFO  utils.ExcelUtils (ExcelUtils.java:41) - Test Runner excel row at: 13
23:55:21.162 INFO  utils.ExcelUtils (ExcelUtils.java:41) - Test Runner excel row at: 14
23:55:21.164 INFO  utils.ExcelUtils (ExcelUtils.java:41) - Test Runner excel row at: 15
23:55:21.165 INFO  utils.ExcelUtils (ExcelUtils.java:41) - Test Runner excel row at: 16
23:55:21.168 INFO  utils.ExcelUtils (ExcelUtils.java:41) - Test Runner excel row at: 17
23:55:21.170 INFO  utils.ExcelUtils (ExcelUtils.java:41) - Test Runner excel row at: 18
23:55:21.172 INFO  utils.ExcelUtils (ExcelUtils.java:41) - Test Runner excel row at: 19
23:55:21.174 INFO  utils.ExcelUtils (ExcelUtils.java:41) - Test Runner excel row at: 20
23:55:21.175 INFO  utils.ExcelUtils (ExcelUtils.java:41) - Test Runner excel row at: 21
23:55:21.177 INFO  utils.ExcelUtils (ExcelUtils.java:41) - Test Runner excel row at: 22
23:55:21.179 INFO  utils.ExcelUtils (ExcelUtils.java:41) - Test Runner excel row at: 23
23:55:21.181 INFO  utils.ExcelUtils (ExcelUtils.java:41) - Test Runner excel row at: 24
23:55:21.183 INFO  utils.ExcelUtils (ExcelUtils.java:41) - Test Runner excel row at: 25
23:55:21.185 INFO  utils.ExcelUtils (ExcelUtils.java:41) - Test Runner excel row at: 26
23:55:21.187 INFO  utils.ExcelUtils (ExcelUtils.java:41) - Test Runner excel row at: 27
23:55:21.189 INFO  utils.ExcelUtils (ExcelUtils.java:41) - Test Runner excel row at: 28
23:55:21.192 INFO  utils.ExcelUtils (ExcelUtils.java:41) - Test Runner excel row at: 29
23:55:21.194 INFO  utils.ExcelUtils (ExcelUtils.java:41) - Test Runner excel row at: 30
23:55:21.195 INFO  utils.ExcelUtils (ExcelUtils.java:41) - Test Runner excel row at: 31
23:55:21.196 INFO  utils.ExcelUtils (ExcelUtils.java:41) - Test Runner excel row at: 32
23:55:21.197 INFO  utils.ExcelUtils (ExcelUtils.java:41) - Test Runner excel row at: 33
23:55:21.197 INFO  utils.ExcelUtils (ExcelUtils.java:41) - Test Runner excel row at: 34
23:55:21.198 INFO  utils.ExcelUtils (ExcelUtils.java:41) - Test Runner excel row at: 35
23:55:21.198 INFO  utils.ExcelUtils (ExcelUtils.java:41) - Test Runner excel row at: 36
23:55:21.200 INFO  utils.ExcelUtils (ExcelUtils.java:41) - Test Runner excel row at: 37
23:55:21.200 INFO  utils.ExcelUtils (ExcelUtils.java:41) - Test Runner excel row at: 38
23:55:21.201 INFO  utils.ExcelUtils (ExcelUtils.java:41) - Test Runner excel row at: 39
23:55:21.201 INFO  utils.ExcelUtils (ExcelUtils.java:41) - Test Runner excel row at: 40
23:55:21.202 INFO  utils.ExcelUtils (ExcelUtils.java:41) - Test Runner excel row at: 41
23:55:21.202 INFO  utils.ExcelUtils (ExcelUtils.java:41) - Test Runner excel row at: 42
23:55:21.203 INFO  utils.ExcelUtils (ExcelUtils.java:41) - Test Runner excel row at: 43
23:55:21.204 INFO  utils.ExcelUtils (ExcelUtils.java:41) - Test Runner excel row at: 44
23:55:21.205 INFO  utils.ExcelUtils (ExcelUtils.java:41) - Test Runner excel row at: 45
23:55:21.206 INFO  utils.ExcelUtils (ExcelUtils.java:41) - Test Runner excel row at: 46
23:55:21.207 INFO  utils.ExcelUtils (ExcelUtils.java:41) - Test Runner excel row at: 47
23:55:21.208 INFO  utils.ExcelUtils (ExcelUtils.java:41) - Test Runner excel row at: 48
23:55:21.210 INFO  utils.ExcelUtils (ExcelUtils.java:41) - Test Runner excel row at: 49
23:55:21.211 INFO  utils.ExcelUtils (ExcelUtils.java:41) - Test Runner excel row at: 50
23:55:21.213 INFO  utils.ExcelUtils (ExcelUtils.java:41) - Test Runner excel row at: 51
23:55:21.215 INFO  utils.ExcelUtils (ExcelUtils.java:41) - Test Runner excel row at: 52
23:55:21.216 INFO  utils.ExcelUtils (ExcelUtils.java:41) - Test Runner excel row at: 53
23:55:21.217 INFO  utils.ExcelUtils (ExcelUtils.java:41) - Test Runner excel row at: 54
23:55:21.219 INFO  utils.ExcelUtils (ExcelUtils.java:41) - Test Runner excel row at: 55
23:55:21.220 INFO  utils.ExcelUtils (ExcelUtils.java:41) - Test Runner excel row at: 56
23:55:21.221 INFO  utils.ExcelUtils (ExcelUtils.java:41) - Test Runner excel row at: 57
23:55:21.222 INFO  utils.ExcelUtils (ExcelUtils.java:41) - Test Runner excel row at: 58
23:55:21.222 INFO  utils.ExcelUtils (ExcelUtils.java:41) - Test Runner excel row at: 59
23:55:21.223 INFO  utils.ExcelUtils (ExcelUtils.java:41) - Test Runner excel row at: 60
23:55:21.229 INFO  utils.ExcelUtils (ExcelUtils.java:41) - Test Runner excel row at: 61
23:55:21.230 INFO  utils.ExcelUtils (ExcelUtils.java:41) - Test Runner excel row at: 62
23:55:21.232 INFO  utils.ExcelUtils (ExcelUtils.java:41) - Test Runner excel row at: 63
23:55:21.236 INFO  utils.ExcelUtils (ExcelUtils.java:41) - Test Runner excel row at: 64
23:55:21.240 INFO  utils.ExcelUtils (ExcelUtils.java:41) - Test Runner excel row at: 65
23:55:21.242 INFO  utils.ExcelUtils (ExcelUtils.java:41) - Test Runner excel row at: 66
23:55:21.244 INFO  utils.ExcelUtils (ExcelUtils.java:41) - Test Runner excel row at: 67
23:55:21.246 INFO  utils.ExcelUtils (ExcelUtils.java:41) - Test Runner excel row at: 68
23:55:21.247 INFO  utils.ExcelUtils (ExcelUtils.java:41) - Test Runner excel row at: 69
23:55:21.248 INFO  utils.ExcelUtils (ExcelUtils.java:41) - Test Runner excel row at: 70
23:55:21.249 INFO  utils.ExcelUtils (ExcelUtils.java:41) - Test Runner excel row at: 71
23:55:21.250 INFO  utils.ExcelUtils (ExcelUtils.java:41) - Test Runner excel row at: 72
23:55:21.253 INFO  utils.ExcelUtils (ExcelUtils.java:41) - Test Runner excel row at: 73
23:55:21.254 INFO  utils.ExcelUtils (ExcelUtils.java:41) - Test Runner excel row at: 74
23:55:21.255 INFO  utils.ExcelUtils (ExcelUtils.java:41) - Test Runner excel row at: 75
23:55:21.257 INFO  utils.ExcelUtils (ExcelUtils.java:41) - Test Runner excel row at: 76
23:55:21.258 INFO  utils.ExcelUtils (ExcelUtils.java:41) - Test Runner excel row at: 77
23:55:21.260 INFO  utils.ExcelUtils (ExcelUtils.java:41) - Test Runner excel row at: 78
23:55:21.262 INFO  utils.ExcelUtils (ExcelUtils.java:41) - Test Runner excel row at: 79
23:55:21.264 INFO  utils.ExcelUtils (ExcelUtils.java:41) - Test Runner excel row at: 80
23:55:21.266 INFO  utils.ExcelUtils (ExcelUtils.java:41) - Test Runner excel row at: 81
23:55:21.270 INFO  utils.ExcelUtils (ExcelUtils.java:41) - Test Runner excel row at: 82
23:55:21.273 INFO  utils.ExcelUtils (ExcelUtils.java:41) - Test Runner excel row at: 83
23:55:21.275 INFO  utils.ExcelUtils (ExcelUtils.java:41) - Test Runner excel row at: 84
23:55:21.276 INFO  utils.ExcelUtils (ExcelUtils.java:41) - Test Runner excel row at: 85
23:55:21.278 INFO  utils.ExcelUtils (ExcelUtils.java:41) - Test Runner excel row at: 86
23:55:21.280 INFO  utils.ExcelUtils (ExcelUtils.java:41) - Test Runner excel row at: 87
23:55:21.283 INFO  utils.ExcelUtils (ExcelUtils.java:41) - Test Runner excel row at: 88
23:55:21.285 INFO  utils.ExcelUtils (ExcelUtils.java:41) - Test Runner excel row at: 89
23:55:21.286 INFO  utils.ExcelUtils (ExcelUtils.java:41) - Test Runner excel row at: 90
23:55:21.287 INFO  utils.ExcelUtils (ExcelUtils.java:41) - Test Runner excel row at: 91
23:55:21.288 INFO  utils.ExcelUtils (ExcelUtils.java:41) - Test Runner excel row at: 92
23:55:21.288 INFO  utils.ExcelUtils (ExcelUtils.java:41) - Test Runner excel row at: 93
23:55:21.289 INFO  utils.ExcelUtils (ExcelUtils.java:41) - Test Runner excel row at: 94
23:55:21.291 INFO  utils.ExcelUtils (ExcelUtils.java:41) - Test Runner excel row at: 95
23:55:21.291 INFO  utils.ExcelUtils (ExcelUtils.java:41) - Test Runner excel row at: 96
23:55:21.292 INFO  utils.ExcelUtils (ExcelUtils.java:41) - Test Runner excel row at: 97
23:55:21.293 INFO  utils.ExcelUtils (ExcelUtils.java:41) - Test Runner excel row at: 98
23:55:21.296 INFO  utils.ExcelUtils (ExcelUtils.java:41) - Test Runner excel row at: 99
23:55:21.300 INFO  utils.ExcelUtils (ExcelUtils.java:41) - Test Runner excel row at: 100
23:55:21.303 INFO  utils.ExcelUtils (ExcelUtils.java:41) - Test Runner excel row at: 101
23:55:21.305 INFO  utils.ExcelUtils (ExcelUtils.java:41) - Test Runner excel row at: 102
23:55:21.306 INFO  utils.ExcelUtils (ExcelUtils.java:41) - Test Runner excel row at: 103
23:55:21.308 INFO  utils.ExcelUtils (ExcelUtils.java:41) - Test Runner excel row at: 104
23:55:21.310 INFO  utils.ExcelUtils (ExcelUtils.java:41) - Test Runner excel row at: 105
23:55:21.313 INFO  utils.ExcelUtils (ExcelUtils.java:41) - Test Runner excel row at: 106
23:55:21.315 INFO  utils.ExcelUtils (ExcelUtils.java:41) - Test Runner excel row at: 107
23:55:21.940 WARN  config.Configuration (Configuration.java:231) - QA env being used by default. No env property set. This can be set in the sew.app.yml config file with a '{}=' property or on the command line with the switch '-D{}='.
23:55:28.230 INFO  driver.WebDriverFactory (WebDriverFactory.java:192) - Setting up the browser window to its max.
23:55:28.374 INFO  driver.WebDriverFactory (WebDriverFactory.java:181) - Initializing the implicit wait timeout for {} 5
23:55:28.386 INFO  driver.WebDriverFactory (WebDriverFactory.java:184) - Initializing the page load timeout.
23:55:28.398 INFO  driver.DriverFactory (DriverFactory.java:125) - Clearing all the cookies.
23:55:28.426 INFO  driver.DriverFactory (DriverFactory.java:62) - Open the url {} https://u2-alectra.smartcmobile.net/portal/#/login using the selenium get() method.
23:55:39.601 INFO  scp.paymentInfoTests (paymentInfoTests.java:26) - To perform sanity on Payment Information Submodule
23:55:41.359 INFO  pageobjects.paymentInfoPage (paymentInfoPage.java:27) - Populating User Name {} :0023826434
23:55:41.390 INFO  driver.Page (    Page.java:129) - Wait for element {} [[ChromeDriver: chrome on windows (1d8d2113e4deeee2ce88c2b0d1f32b42)] -> xpath: //*[@id='username']] to be present in the DOM for duration of {} 120
23:55:41.390 INFO  driver.Page (    Page.java:257) - Waiting for element to be visible for 120 seconds.
23:55:41.462 INFO  driver.Page (    Page.java:260) - Element is visible on the page.
23:55:41.483 INFO  driver.Page (    Page.java:131) - Clearing the element {} [[ChromeDriver: chrome on windows (1d8d2113e4deeee2ce88c2b0d1f32b42)] -> xpath: //*[@id='username']] before sending the keys.
23:55:41.605 INFO  driver.Page (    Page.java:133) - Sending the following keys {} 0023826434 to the element {} [[ChromeDriver: chrome on windows (1d8d2113e4deeee2ce88c2b0d1f32b42)] -> xpath: //*[@id='username']]
23:55:41.790 INFO  pageobjects.paymentInfoPage (paymentInfoPage.java:29) - User Username populated successfully.
23:55:41.796 INFO  pageobjects.paymentInfoPage (paymentInfoPage.java:36) - Populating Password {} :Demo@123
23:55:41.820 INFO  driver.Page (    Page.java:129) - Wait for element {} [[ChromeDriver: chrome on windows (1d8d2113e4deeee2ce88c2b0d1f32b42)] -> xpath: //*[@id='password']] to be present in the DOM for duration of {} 120
23:55:41.820 INFO  driver.Page (    Page.java:257) - Waiting for element to be visible for 120 seconds.
23:55:41.869 INFO  driver.Page (    Page.java:260) - Element is visible on the page.
23:55:41.884 INFO  driver.Page (    Page.java:131) - Clearing the element {} [[ChromeDriver: chrome on windows (1d8d2113e4deeee2ce88c2b0d1f32b42)] -> xpath: //*[@id='password']] before sending the keys.
23:55:41.987 INFO  driver.Page (    Page.java:133) - Sending the following keys {} Demo@123 to the element {} [[ChromeDriver: chrome on windows (1d8d2113e4deeee2ce88c2b0d1f32b42)] -> xpath: //*[@id='password']]
23:55:42.140 INFO  pageobjects.paymentInfoPage (paymentInfoPage.java:38) - Password populated successfully.
23:55:42.140 INFO  driver.Page (    Page.java:58) - Preparing for element to click.
23:55:42.140 INFO  driver.Page (    Page.java:232) - Waiting for element to be clickable for 120 seconds.
23:55:42.232 INFO  driver.Page (    Page.java:235) - Element is clickable now.
23:55:42.443 INFO  driver.Page (    Page.java:61) - Element is clicked successfully.
23:55:42.443 INFO  pageobjects.paymentInfoPage (paymentInfoPage.java:46) - LogIn Button clicked successfully.
23:56:00.529 INFO  driver.Page (    Page.java:58) - Preparing for element to click.
23:56:00.538 INFO  driver.Page (    Page.java:232) - Waiting for element to be clickable for 120 seconds.
23:56:00.660 INFO  driver.Page (    Page.java:235) - Element is clickable now.
23:56:00.796 INFO  driver.Page (    Page.java:61) - Element is clicked successfully.
23:56:00.796 INFO  pageobjects.paymentInfoPage (paymentInfoPage.java:62) - Account dropdown clicked successfully.
23:56:00.796 INFO  driver.Page (    Page.java:58) - Preparing for element to click.
23:56:00.796 INFO  driver.Page (    Page.java:232) - Waiting for element to be clickable for 120 seconds.
23:56:00.951 INFO  driver.Page (    Page.java:235) - Element is clickable now.
23:56:01.218 INFO  driver.Page (    Page.java:61) - Element is clicked successfully.
23:56:01.218 INFO  pageobjects.paymentInfoPage (paymentInfoPage.java:54) - Payment information hyperlink clicked successfully.
23:56:02.752 INFO  driver.Page (    Page.java:58) - Preparing for element to click.
23:56:02.752 INFO  driver.Page (    Page.java:232) - Waiting for element to be clickable for 120 seconds.
23:56:02.831 INFO  driver.Page (    Page.java:235) - Element is clickable now.
23:56:03.027 INFO  driver.Page (    Page.java:61) - Element is clicked successfully.
23:56:03.028 INFO  pageobjects.paymentInfoPage (paymentInfoPage.java:70) - Add Payment hyperlink clicked successfully.
23:56:04.560 INFO  pageobjects.paymentInfoPage (paymentInfoPage.java:77) - Populating Name on the card {} :DummyCardTest
23:56:04.586 INFO  driver.Page (    Page.java:129) - Wait for element {} [[ChromeDriver: chrome on windows (1d8d2113e4deeee2ce88c2b0d1f32b42)] -> xpath: //*[@id="NameOnCard"]] to be present in the DOM for duration of {} 120
23:56:04.587 INFO  driver.Page (    Page.java:257) - Waiting for element to be visible for 120 seconds.
23:56:04.625 INFO  driver.Page (    Page.java:260) - Element is visible on the page.
23:56:04.637 INFO  driver.Page (    Page.java:131) - Clearing the element {} [[ChromeDriver: chrome on windows (1d8d2113e4deeee2ce88c2b0d1f32b42)] -> xpath: //*[@id="NameOnCard"]] before sending the keys.
23:56:04.742 INFO  driver.Page (    Page.java:133) - Sending the following keys {} DummyCardTest to the element {} [[ChromeDriver: chrome on windows (1d8d2113e4deeee2ce88c2b0d1f32b42)] -> xpath: //*[@id="NameOnCard"]]
23:56:04.954 INFO  pageobjects.paymentInfoPage (paymentInfoPage.java:79) - Name on the card populated successfully.
23:56:04.954 INFO  pageobjects.paymentInfoPage (paymentInfoPage.java:94) - Populating Card number {} :371100001000131
23:56:04.982 INFO  driver.Page (    Page.java:129) - Wait for element {} [[ChromeDriver: chrome on windows (1d8d2113e4deeee2ce88c2b0d1f32b42)] -> xpath: //*[@id='cardNumber']] to be present in the DOM for duration of {} 120
23:56:04.982 INFO  driver.Page (    Page.java:257) - Waiting for element to be visible for 120 seconds.
23:56:05.038 INFO  driver.Page (    Page.java:260) - Element is visible on the page.
23:56:05.044 INFO  driver.Page (    Page.java:131) - Clearing the element {} [[ChromeDriver: chrome on windows (1d8d2113e4deeee2ce88c2b0d1f32b42)] -> xpath: //*[@id='cardNumber']] before sending the keys.
23:56:05.127 INFO  driver.Page (    Page.java:133) - Sending the following keys {} 371100001000131 to the element {} [[ChromeDriver: chrome on windows (1d8d2113e4deeee2ce88c2b0d1f32b42)] -> xpath: //*[@id='cardNumber']]
23:56:05.379 INFO  pageobjects.paymentInfoPage (paymentInfoPage.java:96) - Card number populated successfully.
23:56:05.379 INFO  pageobjects.paymentInfoPage (paymentInfoPage.java:112) - Populating CVV {} :1234
23:56:05.404 INFO  driver.Page (    Page.java:129) - Wait for element {} [[ChromeDriver: chrome on windows (1d8d2113e4deeee2ce88c2b0d1f32b42)] -> xpath: //*[@id='securityCode']] to be present in the DOM for duration of {} 120
23:56:05.404 INFO  driver.Page (    Page.java:257) - Waiting for element to be visible for 120 seconds.
23:56:05.444 INFO  driver.Page (    Page.java:260) - Element is visible on the page.
23:56:05.467 INFO  driver.Page (    Page.java:131) - Clearing the element {} [[ChromeDriver: chrome on windows (1d8d2113e4deeee2ce88c2b0d1f32b42)] -> xpath: //*[@id='securityCode']] before sending the keys.
23:56:05.544 INFO  driver.Page (    Page.java:133) - Sending the following keys {} 1234 to the element {} [[ChromeDriver: chrome on windows (1d8d2113e4deeee2ce88c2b0d1f32b42)] -> xpath: //*[@id='securityCode']]
23:56:05.718 INFO  pageobjects.paymentInfoPage (paymentInfoPage.java:114) - CVV populated successfully.
23:56:05.719 INFO  driver.Page (    Page.java:58) - Preparing for element to click.
23:56:05.719 INFO  driver.Page (    Page.java:232) - Waiting for element to be clickable for 120 seconds.
23:56:05.810 INFO  driver.Page (    Page.java:235) - Element is clickable now.
23:56:05.922 INFO  driver.Page (    Page.java:61) - Element is clicked successfully.
23:56:05.922 INFO  pageobjects.paymentInfoPage (paymentInfoPage.java:141) - Month clicked successfully.
23:56:05.922 INFO  driver.Page (    Page.java:58) - Preparing for element to click.
23:56:05.922 INFO  driver.Page (    Page.java:232) - Waiting for element to be clickable for 120 seconds.
23:56:06.011 INFO  driver.Page (    Page.java:235) - Element is clickable now.
23:56:06.120 INFO  driver.Page (    Page.java:61) - Element is clicked successfully.
23:56:06.120 INFO  pageobjects.paymentInfoPage (paymentInfoPage.java:150) - Month selected successfully.
23:56:06.120 INFO  driver.Page (    Page.java:58) - Preparing for element to click.
23:56:06.120 INFO  driver.Page (    Page.java:232) - Waiting for element to be clickable for 120 seconds.
23:56:06.205 INFO  driver.Page (    Page.java:235) - Element is clickable now.
23:56:06.521 INFO  driver.Page (    Page.java:61) - Element is clicked successfully.
23:56:06.521 INFO  pageobjects.paymentInfoPage (paymentInfoPage.java:159) - Year clicked successfully.
23:56:06.521 INFO  driver.Page (    Page.java:58) - Preparing for element to click.
23:56:06.521 INFO  driver.Page (    Page.java:232) - Waiting for element to be clickable for 120 seconds.
23:56:06.609 INFO  driver.Page (    Page.java:235) - Element is clickable now.
23:56:06.721 INFO  driver.Page (    Page.java:61) - Element is clicked successfully.
23:56:06.724 INFO  pageobjects.paymentInfoPage (paymentInfoPage.java:168) - Year selected successfully.
23:56:06.724 INFO  driver.Page (    Page.java:58) - Preparing for element to click.
23:56:06.725 INFO  driver.Page (    Page.java:232) - Waiting for element to be clickable for 120 seconds.
23:56:06.841 INFO  driver.Page (    Page.java:235) - Element is clickable now.
23:56:07.154 INFO  driver.Page (    Page.java:61) - Element is clicked successfully.
23:56:07.158 INFO  pageobjects.paymentInfoPage (paymentInfoPage.java:177) - Save Button successfully.
23:56:18.957 INFO  driver.Page (    Page.java:58) - Preparing for element to click.
23:56:18.957 INFO  driver.Page (    Page.java:232) - Waiting for element to be clickable for 120 seconds.
23:56:19.025 INFO  driver.Page (    Page.java:235) - Element is clickable now.
23:56:19.127 INFO  driver.Page (    Page.java:61) - Element is clicked successfully.
23:56:19.127 INFO  pageobjects.paymentInfoPage (paymentInfoPage.java:209) - Payment Three dot icon clicked successfully.
23:56:20.659 INFO  driver.Page (    Page.java:58) - Preparing for element to click.
23:56:20.659 INFO  driver.Page (    Page.java:232) - Waiting for element to be clickable for 120 seconds.
23:56:20.722 INFO  driver.Page (    Page.java:235) - Element is clickable now.
23:56:20.893 INFO  driver.Page (    Page.java:61) - Element is clicked successfully.
23:56:20.893 INFO  pageobjects.paymentInfoPage (paymentInfoPage.java:218) - Edit option clicked successfully.
23:56:22.441 INFO  pageobjects.paymentInfoPage (paymentInfoPage.java:121) - Populating CVV {} :1234
23:56:22.458 INFO  driver.Page (    Page.java:129) - Wait for element {} [[ChromeDriver: chrome on windows (1d8d2113e4deeee2ce88c2b0d1f32b42)] -> xpath: //*[@id='securityCode']] to be present in the DOM for duration of {} 120
23:56:22.467 INFO  driver.Page (    Page.java:257) - Waiting for element to be visible for 120 seconds.
23:56:22.488 INFO  driver.Page (    Page.java:260) - Element is visible on the page.
23:56:22.510 INFO  driver.Page (    Page.java:131) - Clearing the element {} [[ChromeDriver: chrome on windows (1d8d2113e4deeee2ce88c2b0d1f32b42)] -> xpath: //*[@id='securityCode']] before sending the keys.
23:56:22.610 INFO  driver.Page (    Page.java:133) - Sending the following keys {} 1234 to the element {} [[ChromeDriver: chrome on windows (1d8d2113e4deeee2ce88c2b0d1f32b42)] -> xpath: //*[@id='securityCode']]
23:56:22.728 INFO  pageobjects.paymentInfoPage (paymentInfoPage.java:123) - CVV populated successfully.
23:56:22.728 INFO  driver.Page (    Page.java:58) - Preparing for element to click.
23:56:22.728 INFO  driver.Page (    Page.java:232) - Waiting for element to be clickable for 120 seconds.
23:56:22.799 INFO  driver.Page (    Page.java:235) - Element is clickable now.
23:56:22.910 INFO  driver.Page (    Page.java:61) - Element is clicked successfully.
23:56:22.910 INFO  pageobjects.paymentInfoPage (paymentInfoPage.java:141) - Month clicked successfully.
23:56:22.910 INFO  driver.Page (    Page.java:58) - Preparing for element to click.
23:56:22.910 INFO  driver.Page (    Page.java:232) - Waiting for element to be clickable for 120 seconds.
23:56:22.990 INFO  driver.Page (    Page.java:235) - Element is clickable now.
23:56:23.090 INFO  driver.Page (    Page.java:61) - Element is clicked successfully.
23:56:23.090 INFO  pageobjects.paymentInfoPage (paymentInfoPage.java:150) - Month selected successfully.
23:56:23.090 INFO  driver.Page (    Page.java:58) - Preparing for element to click.
23:56:23.090 INFO  driver.Page (    Page.java:232) - Waiting for element to be clickable for 120 seconds.
23:56:23.173 INFO  driver.Page (    Page.java:235) - Element is clickable now.
23:56:23.551 INFO  driver.Page (    Page.java:61) - Element is clicked successfully.
23:56:23.551 INFO  pageobjects.paymentInfoPage (paymentInfoPage.java:159) - Year clicked successfully.
23:56:23.551 INFO  driver.Page (    Page.java:58) - Preparing for element to click.
23:56:23.551 INFO  driver.Page (    Page.java:232) - Waiting for element to be clickable for 120 seconds.
23:56:23.628 INFO  driver.Page (    Page.java:235) - Element is clickable now.
23:56:23.740 INFO  driver.Page (    Page.java:61) - Element is clicked successfully.
23:56:23.740 INFO  pageobjects.paymentInfoPage (paymentInfoPage.java:168) - Year selected successfully.
23:56:23.740 INFO  driver.Page (    Page.java:58) - Preparing for element to click.
23:56:23.740 INFO  driver.Page (    Page.java:232) - Waiting for element to be clickable for 120 seconds.
23:56:23.817 INFO  driver.Page (    Page.java:235) - Element is clickable now.
23:56:24.211 INFO  driver.Page (    Page.java:61) - Element is clicked successfully.
23:56:24.215 INFO  pageobjects.paymentInfoPage (paymentInfoPage.java:177) - Save Button successfully.
23:56:28.993 INFO  driver.Page (    Page.java:58) - Preparing for element to click.
23:56:28.998 INFO  driver.Page (    Page.java:232) - Waiting for element to be clickable for 120 seconds.
23:56:29.056 INFO  driver.Page (    Page.java:235) - Element is clickable now.
23:56:29.152 INFO  driver.Page (    Page.java:61) - Element is clicked successfully.
23:56:29.152 INFO  pageobjects.paymentInfoPage (paymentInfoPage.java:209) - Payment Three dot icon clicked successfully.
23:56:30.689 INFO  driver.Page (    Page.java:58) - Preparing for element to click.
23:56:30.689 INFO  driver.Page (    Page.java:232) - Waiting for element to be clickable for 120 seconds.
23:56:30.752 INFO  driver.Page (    Page.java:235) - Element is clickable now.
23:56:30.854 INFO  driver.Page (    Page.java:61) - Element is clicked successfully.
23:56:30.856 INFO  pageobjects.paymentInfoPage (paymentInfoPage.java:252) - Delete Option clicked successfully.
23:56:32.382 INFO  driver.Page (    Page.java:569) - Preparing for element to click.
23:56:37.432 INFO  driver.Page (    Page.java:576) - Element is clicked successfully.
23:56:37.432 INFO  pageobjects.paymentInfoPage (paymentInfoPage.java:276) - Yes Button Clicked successfully.
23:56:44.263 INFO  driver.DriverFactory (DriverFactory.java:125) - Clearing all the cookies.
