18:39:10.040 INFO  runner.TestRunner (TestRunner.java:32) - Initializing application properties config file.
18:39:10.059 INFO  runner.TestRunner (TestRunner.java:35) - Initializing connection to the base database.
18:39:10.059 INFO  runner.TestRunner (TestRunner.java:38) - Initializing resource path config file.
18:39:10.061 INFO  runner.TestRunner (TestRunner.java:41) - Initializing usage months config from CSP.
18:39:10.062 INFO  runner.TestRunner (TestRunner.java:44) - Initializing date config from CSP.
18:39:10.063 INFO  runner.TestRunner (TestRunner.java:47) - Initializing language config from CSP.
18:39:10.064 INFO  runner.TestRunner (TestRunner.java:50) - Initializing language config from CSP.
18:39:10.065 INFO  runner.TestRunner (TestRunner.java:53) - Initializing language config from CSP.
18:39:10.067 INFO  runner.TestRunner (TestRunner.java:56) - Initializing user model config.
18:39:10.067 INFO  runner.TestRunner (TestRunner.java:59) - Initializing auth token config.
18:39:10.067 INFO  runner.TestRunner (TestRunner.java:62) - Initializing Admin User config.
18:39:12.000 INFO  utils.ExcelUtils (ExcelUtils.java:37) - Test Runner excel row at: 1
18:39:12.012 INFO  utils.ExcelUtils (ExcelUtils.java:37) - Test Runner excel row at: 2
18:39:12.014 INFO  utils.ExcelUtils (ExcelUtils.java:37) - Test Runner excel row at: 3
18:39:12.015 INFO  utils.ExcelUtils (ExcelUtils.java:37) - Test Runner excel row at: 4
18:39:12.017 INFO  utils.ExcelUtils (ExcelUtils.java:37) - Test Runner excel row at: 5
18:39:12.018 INFO  utils.ExcelUtils (ExcelUtils.java:37) - Test Runner excel row at: 6
18:39:12.019 INFO  utils.ExcelUtils (ExcelUtils.java:37) - Test Runner excel row at: 7
18:39:12.020 INFO  utils.ExcelUtils (ExcelUtils.java:37) - Test Runner excel row at: 8
18:39:12.021 INFO  utils.ExcelUtils (ExcelUtils.java:37) - Test Runner excel row at: 9
18:39:12.021 INFO  utils.ExcelUtils (ExcelUtils.java:37) - Test Runner excel row at: 10
18:39:12.022 INFO  utils.ExcelUtils (ExcelUtils.java:37) - Test Runner excel row at: 11
18:39:12.023 INFO  utils.ExcelUtils (ExcelUtils.java:37) - Test Runner excel row at: 12
18:39:12.023 INFO  utils.ExcelUtils (ExcelUtils.java:37) - Test Runner excel row at: 13
18:39:12.024 INFO  utils.ExcelUtils (ExcelUtils.java:37) - Test Runner excel row at: 14
18:39:12.025 INFO  utils.ExcelUtils (ExcelUtils.java:37) - Test Runner excel row at: 15
18:39:12.026 INFO  utils.ExcelUtils (ExcelUtils.java:37) - Test Runner excel row at: 16
18:39:12.026 INFO  utils.ExcelUtils (ExcelUtils.java:37) - Test Runner excel row at: 17
18:39:12.027 INFO  utils.ExcelUtils (ExcelUtils.java:37) - Test Runner excel row at: 18
18:39:12.028 INFO  utils.ExcelUtils (ExcelUtils.java:37) - Test Runner excel row at: 19
18:39:12.028 INFO  utils.ExcelUtils (ExcelUtils.java:37) - Test Runner excel row at: 20
18:39:12.029 INFO  utils.ExcelUtils (ExcelUtils.java:37) - Test Runner excel row at: 21
18:39:12.030 INFO  utils.ExcelUtils (ExcelUtils.java:37) - Test Runner excel row at: 22
18:39:12.035 INFO  utils.ExcelUtils (ExcelUtils.java:37) - Test Runner excel row at: 23
18:39:12.035 INFO  utils.ExcelUtils (ExcelUtils.java:37) - Test Runner excel row at: 24
18:39:12.036 INFO  utils.ExcelUtils (ExcelUtils.java:37) - Test Runner excel row at: 25
18:39:12.036 INFO  utils.ExcelUtils (ExcelUtils.java:37) - Test Runner excel row at: 26
18:39:12.037 INFO  utils.ExcelUtils (ExcelUtils.java:37) - Test Runner excel row at: 27
18:39:12.037 INFO  utils.ExcelUtils (ExcelUtils.java:37) - Test Runner excel row at: 28
18:39:12.039 INFO  utils.ExcelUtils (ExcelUtils.java:37) - Test Runner excel row at: 29
18:39:12.039 INFO  utils.ExcelUtils (ExcelUtils.java:37) - Test Runner excel row at: 30
18:39:12.039 INFO  utils.ExcelUtils (ExcelUtils.java:37) - Test Runner excel row at: 31
18:39:12.040 INFO  utils.ExcelUtils (ExcelUtils.java:37) - Test Runner excel row at: 32
18:39:12.041 INFO  utils.ExcelUtils (ExcelUtils.java:37) - Test Runner excel row at: 33
18:39:12.041 INFO  utils.ExcelUtils (ExcelUtils.java:37) - Test Runner excel row at: 34
18:39:12.042 INFO  utils.ExcelUtils (ExcelUtils.java:37) - Test Runner excel row at: 35
18:39:12.043 INFO  utils.ExcelUtils (ExcelUtils.java:37) - Test Runner excel row at: 36
18:39:12.043 INFO  utils.ExcelUtils (ExcelUtils.java:37) - Test Runner excel row at: 37
18:39:12.044 INFO  utils.ExcelUtils (ExcelUtils.java:37) - Test Runner excel row at: 38
18:39:12.044 INFO  utils.ExcelUtils (ExcelUtils.java:37) - Test Runner excel row at: 39
18:39:12.045 INFO  utils.ExcelUtils (ExcelUtils.java:37) - Test Runner excel row at: 40
18:39:12.046 INFO  utils.ExcelUtils (ExcelUtils.java:37) - Test Runner excel row at: 41
18:39:12.047 INFO  utils.ExcelUtils (ExcelUtils.java:37) - Test Runner excel row at: 42
18:39:12.047 INFO  utils.ExcelUtils (ExcelUtils.java:37) - Test Runner excel row at: 43
18:39:12.052 INFO  utils.ExcelUtils (ExcelUtils.java:37) - Test Runner excel row at: 44
18:39:12.053 INFO  utils.ExcelUtils (ExcelUtils.java:37) - Test Runner excel row at: 45
18:39:12.053 INFO  utils.ExcelUtils (ExcelUtils.java:37) - Test Runner excel row at: 46
18:39:12.054 INFO  utils.ExcelUtils (ExcelUtils.java:37) - Test Runner excel row at: 47
18:39:12.055 INFO  utils.ExcelUtils (ExcelUtils.java:37) - Test Runner excel row at: 48
18:39:12.056 INFO  utils.ExcelUtils (ExcelUtils.java:37) - Test Runner excel row at: 49
18:39:12.056 INFO  utils.ExcelUtils (ExcelUtils.java:37) - Test Runner excel row at: 50
18:39:12.057 INFO  utils.ExcelUtils (ExcelUtils.java:37) - Test Runner excel row at: 51
18:39:12.057 INFO  utils.ExcelUtils (ExcelUtils.java:37) - Test Runner excel row at: 52
18:39:12.061 INFO  utils.ExcelUtils (ExcelUtils.java:37) - Test Runner excel row at: 53
18:39:12.063 INFO  utils.ExcelUtils (ExcelUtils.java:37) - Test Runner excel row at: 54
18:39:12.064 INFO  utils.ExcelUtils (ExcelUtils.java:37) - Test Runner excel row at: 55
18:39:12.064 INFO  utils.ExcelUtils (ExcelUtils.java:37) - Test Runner excel row at: 56
18:39:12.065 INFO  utils.ExcelUtils (ExcelUtils.java:37) - Test Runner excel row at: 57
18:39:12.065 INFO  utils.ExcelUtils (ExcelUtils.java:37) - Test Runner excel row at: 58
18:39:12.066 INFO  utils.ExcelUtils (ExcelUtils.java:37) - Test Runner excel row at: 59
18:39:12.066 INFO  utils.ExcelUtils (ExcelUtils.java:37) - Test Runner excel row at: 60
18:39:12.067 INFO  utils.ExcelUtils (ExcelUtils.java:37) - Test Runner excel row at: 61
18:39:12.067 INFO  utils.ExcelUtils (ExcelUtils.java:37) - Test Runner excel row at: 62
18:39:12.067 INFO  utils.ExcelUtils (ExcelUtils.java:37) - Test Runner excel row at: 63
18:39:12.067 INFO  utils.ExcelUtils (ExcelUtils.java:37) - Test Runner excel row at: 64
18:39:12.068 INFO  utils.ExcelUtils (ExcelUtils.java:37) - Test Runner excel row at: 65
18:39:12.069 INFO  utils.ExcelUtils (ExcelUtils.java:37) - Test Runner excel row at: 66
18:39:12.069 INFO  utils.ExcelUtils (ExcelUtils.java:37) - Test Runner excel row at: 67
18:39:12.069 INFO  utils.ExcelUtils (ExcelUtils.java:37) - Test Runner excel row at: 68
18:39:12.070 INFO  utils.ExcelUtils (ExcelUtils.java:37) - Test Runner excel row at: 69
18:39:12.071 INFO  utils.ExcelUtils (ExcelUtils.java:37) - Test Runner excel row at: 70
18:39:12.072 INFO  utils.ExcelUtils (ExcelUtils.java:37) - Test Runner excel row at: 71
18:39:12.072 INFO  utils.ExcelUtils (ExcelUtils.java:37) - Test Runner excel row at: 72
18:39:12.074 INFO  utils.ExcelUtils (ExcelUtils.java:37) - Test Runner excel row at: 73
18:39:12.075 INFO  utils.ExcelUtils (ExcelUtils.java:37) - Test Runner excel row at: 74
18:39:12.075 INFO  utils.ExcelUtils (ExcelUtils.java:37) - Test Runner excel row at: 75
18:39:12.076 INFO  utils.ExcelUtils (ExcelUtils.java:37) - Test Runner excel row at: 76
18:39:12.077 INFO  utils.ExcelUtils (ExcelUtils.java:37) - Test Runner excel row at: 77
18:39:12.078 INFO  utils.ExcelUtils (ExcelUtils.java:37) - Test Runner excel row at: 78
18:39:12.079 INFO  utils.ExcelUtils (ExcelUtils.java:37) - Test Runner excel row at: 79
18:39:12.079 INFO  utils.ExcelUtils (ExcelUtils.java:37) - Test Runner excel row at: 80
18:39:12.080 INFO  utils.ExcelUtils (ExcelUtils.java:37) - Test Runner excel row at: 81
18:39:12.081 INFO  utils.ExcelUtils (ExcelUtils.java:37) - Test Runner excel row at: 82
18:39:12.081 INFO  utils.ExcelUtils (ExcelUtils.java:37) - Test Runner excel row at: 83
18:39:12.082 INFO  utils.ExcelUtils (ExcelUtils.java:37) - Test Runner excel row at: 84
18:39:12.083 INFO  utils.ExcelUtils (ExcelUtils.java:37) - Test Runner excel row at: 85
18:39:12.083 INFO  utils.ExcelUtils (ExcelUtils.java:37) - Test Runner excel row at: 86
18:39:12.084 INFO  utils.ExcelUtils (ExcelUtils.java:37) - Test Runner excel row at: 87
18:39:12.084 INFO  utils.ExcelUtils (ExcelUtils.java:37) - Test Runner excel row at: 88
18:39:12.085 INFO  utils.ExcelUtils (ExcelUtils.java:37) - Test Runner excel row at: 89
18:39:12.643 WARN  config.Configuration (Configuration.java:231) - QA env being used by default. No env property set. This can be set in the sew.app.yml config file with a '{}=' property or on the command line with the switch '-D{}='.
18:39:35.998 INFO  driver.WebDriverFactory (WebDriverFactory.java:192) - Setting up the browser window to its max.
18:39:36.265 INFO  driver.WebDriverFactory (WebDriverFactory.java:181) - Initializing the implicit wait timeout for {} 5
18:39:36.278 INFO  driver.WebDriverFactory (WebDriverFactory.java:184) - Initializing the page load timeout.
18:39:36.301 INFO  driver.DriverFactory (DriverFactory.java:125) - Clearing all the cookies.
18:39:36.335 INFO  driver.DriverFactory (DriverFactory.java:62) - Open the url {} https://u-wgl-r2.smartcmobile.net/Portal/ using the selenium get() method.
18:40:07.996 INFO  scp.LoginTests (LoginTests.java:53) - To verify the tests with the below test case id's: C77197
18:40:08.104 INFO  scp.LoginPage (LoginPage.java:518) - Checking that the current page is login page.
18:40:08.105 INFO  driver.Page (    Page.java:39) - Fetching the current URL.
18:40:08.163 INFO  driver.Page (    Page.java:40) - The Current URL is: https://u-wgl-r2.smartcmobile.net/Portal/
18:40:08.259 INFO  driver.Page (    Page.java:45) - Fetching the current title.
18:40:08.371 INFO  driver.Page (    Page.java:46) - The Current Title is: WGL: Login
18:40:08.403 INFO  scp.LoginPage (LoginPage.java:521) - The current page is login page {}: true
18:40:09.943 INFO  scp.LoginPage (LoginPage.java:106) - Populating username {} :zytcllc1212
18:40:10.063 INFO  driver.Page (    Page.java:129) - Wait for element {} [[ChromeDriver: chrome on WINDOWS (e898e9bc2a812a9d3d16f2c515a56cc9)] -> css selector: [id='txtLogin']] to be present in the DOM for duration of {} 120
18:40:10.064 INFO  driver.Page (    Page.java:257) - Waiting for element to be visible for 120 seconds.
18:40:10.163 INFO  driver.Page (    Page.java:260) - Element is visible on the page.
18:40:10.183 INFO  driver.Page (    Page.java:131) - Clearing the element {} [[ChromeDriver: chrome on WINDOWS (e898e9bc2a812a9d3d16f2c515a56cc9)] -> css selector: [id='txtLogin']] before sending the keys.
18:40:10.325 INFO  driver.Page (    Page.java:133) - Sending the following keys {} zytcllc1212 to the element {} [[ChromeDriver: chrome on WINDOWS (e898e9bc2a812a9d3d16f2c515a56cc9)] -> css selector: [id='txtLogin']]
18:40:10.511 INFO  scp.LoginPage (LoginPage.java:108) - Username populated successfully.
18:40:10.512 INFO  scp.LoginPage (LoginPage.java:150) - Populating password {} :Test@1234
18:40:10.544 INFO  driver.Page (    Page.java:129) - Wait for element {} [[ChromeDriver: chrome on WINDOWS (e898e9bc2a812a9d3d16f2c515a56cc9)] -> css selector: [id='txtpwd']] to be present in the DOM for duration of {} 120
18:40:10.545 INFO  driver.Page (    Page.java:257) - Waiting for element to be visible for 120 seconds.
18:40:10.628 INFO  driver.Page (    Page.java:260) - Element is visible on the page.
18:40:10.648 INFO  driver.Page (    Page.java:131) - Clearing the element {} [[ChromeDriver: chrome on WINDOWS (e898e9bc2a812a9d3d16f2c515a56cc9)] -> css selector: [id='txtpwd']] before sending the keys.
18:40:10.761 INFO  driver.Page (    Page.java:133) - Sending the following keys {} Test@1234 to the element {} [[ChromeDriver: chrome on WINDOWS (e898e9bc2a812a9d3d16f2c515a56cc9)] -> css selector: [id='txtpwd']]
18:40:11.018 INFO  scp.LoginPage (LoginPage.java:152) - Password populated successfully.
18:40:11.019 INFO  scp.LoginPage (LoginPage.java:186) - Clicking the sign in button.
18:40:11.019 INFO  driver.Page (    Page.java:58) - Preparing for element to click.
18:40:11.020 INFO  driver.Page (    Page.java:232) - Waiting for element to be clickable for 120 seconds.
18:40:11.203 INFO  driver.Page (    Page.java:235) - Element is clickable now.
18:40:11.422 INFO  driver.Page (    Page.java:61) - Element is clicked successfully.
18:40:11.422 INFO  scp.LoginPage (LoginPage.java:188) - Sign in button clicked successfully.
18:40:11.423 INFO  scp.HomePage (HomePage.java:120) - Wait for page loader visibility.
18:40:11.423 INFO  driver.Page (    Page.java:257) - Waiting for element to be visible for 120 seconds.
18:40:12.827 INFO  driver.Page (    Page.java:260) - Element is visible on the page.
18:40:12.828 INFO  scp.HomePage (HomePage.java:122) - Wait for page loader invisibility.
18:40:12.828 INFO  driver.Page (    Page.java:271) - Waiting for element to be invisible for 120 seconds.
18:40:40.932 INFO  driver.Page (    Page.java:274) - Element is invisible from the page.
18:40:40.985 INFO  scp.DashboardSteps (DashboardSteps.java:799) - Checking that the current page is dashboard page.
18:40:40.985 INFO  driver.Page (    Page.java:39) - Fetching the current URL.
18:40:41.006 INFO  driver.Page (    Page.java:40) - The Current URL is: https://u-wgl-r2.smartcmobile.net/Portal/Dashboard.aspx
18:40:41.028 INFO  driver.Page (    Page.java:45) - Fetching the current title.
18:40:41.047 INFO  driver.Page (    Page.java:46) - The Current Title is: Home
18:40:41.069 INFO  scp.DashboardSteps (DashboardSteps.java:802) - The current page is dashboard page {}: true
18:40:41.125 INFO  driver.Page (    Page.java:161) - Wait for the element {} [[ChromeDriver: chrome on WINDOWS (e898e9bc2a812a9d3d16f2c515a56cc9)] -> css selector: #HeaderMenu_lblCustName1] to be visible on the page for duration of {} 120
18:40:41.126 INFO  driver.Page (    Page.java:257) - Waiting for element to be visible for 120 seconds.
18:40:41.211 INFO  driver.Page (    Page.java:260) - Element is visible on the page.
18:40:41.317 INFO  driver.Page (    Page.java:164) - Text got from the locator {} [[ChromeDriver: chrome on WINDOWS (e898e9bc2a812a9d3d16f2c515a56cc9)] -> css selector: #HeaderMenu_lblCustName1] is TJB Management LLC
18:40:41.387 INFO  scp.LoginTests (LoginTests.java:81) - Test Case execution for - verifyValidLogin - is Completed.
18:40:44.158 INFO  driver.DriverFactory (DriverFactory.java:125) - Clearing all the cookies.
18:40:49.916 INFO  driver.WebDriverFactory (WebDriverFactory.java:192) - Setting up the browser window to its max.
18:40:50.044 INFO  driver.WebDriverFactory (WebDriverFactory.java:181) - Initializing the implicit wait timeout for {} 5
18:40:50.049 INFO  driver.WebDriverFactory (WebDriverFactory.java:184) - Initializing the page load timeout.
18:40:50.054 INFO  driver.DriverFactory (DriverFactory.java:125) - Clearing all the cookies.
18:40:50.066 INFO  driver.DriverFactory (DriverFactory.java:62) - Open the url {} https://u-wgl-r2.smartcmobile.net/Portal/ using the selenium get() method.
18:41:10.349 INFO  scp.PostLogConnectMeTests (PostLogConnectMeTests.java:55) - Test Case execution for - verifyPostLoginConnectMePage - is Initiated
18:41:10.358 INFO  scp.LoginPage (LoginPage.java:518) - Checking that the current page is login page.
18:41:10.358 INFO  driver.Page (    Page.java:39) - Fetching the current URL.
18:41:10.372 INFO  driver.Page (    Page.java:40) - The Current URL is: https://u-wgl-r2.smartcmobile.net/Portal/
18:41:10.382 INFO  driver.Page (    Page.java:45) - Fetching the current title.
18:41:10.396 INFO  driver.Page (    Page.java:46) - The Current Title is: WGL: Login
18:41:10.410 INFO  scp.LoginPage (LoginPage.java:521) - The current page is login page {}: true
18:41:11.959 INFO  scp.LoginPage (LoginPage.java:106) - Populating username {} :patricupdate
18:41:12.006 INFO  driver.Page (    Page.java:129) - Wait for element {} [[ChromeDriver: chrome on WINDOWS (a8b0fa3127072e04a0a72b67f396920d)] -> css selector: [id='txtLogin']] to be present in the DOM for duration of {} 120
18:41:12.008 INFO  driver.Page (    Page.java:257) - Waiting for element to be visible for 120 seconds.
18:41:12.136 INFO  driver.Page (    Page.java:260) - Element is visible on the page.
18:41:12.192 INFO  driver.Page (    Page.java:131) - Clearing the element {} [[ChromeDriver: chrome on WINDOWS (a8b0fa3127072e04a0a72b67f396920d)] -> css selector: [id='txtLogin']] before sending the keys.
18:41:12.364 INFO  driver.Page (    Page.java:133) - Sending the following keys {} patricupdate to the element {} [[ChromeDriver: chrome on WINDOWS (a8b0fa3127072e04a0a72b67f396920d)] -> css selector: [id='txtLogin']]
18:41:12.518 INFO  scp.LoginPage (LoginPage.java:108) - Username populated successfully.
18:41:12.519 INFO  scp.LoginPage (LoginPage.java:150) - Populating password {} :Demo@123
18:41:12.551 INFO  driver.Page (    Page.java:129) - Wait for element {} [[ChromeDriver: chrome on WINDOWS (a8b0fa3127072e04a0a72b67f396920d)] -> css selector: [id='txtpwd']] to be present in the DOM for duration of {} 120
18:41:12.551 INFO  driver.Page (    Page.java:257) - Waiting for element to be visible for 120 seconds.
18:41:12.604 INFO  driver.Page (    Page.java:260) - Element is visible on the page.
18:41:12.623 INFO  driver.Page (    Page.java:131) - Clearing the element {} [[ChromeDriver: chrome on WINDOWS (a8b0fa3127072e04a0a72b67f396920d)] -> css selector: [id='txtpwd']] before sending the keys.
18:41:12.717 INFO  driver.Page (    Page.java:133) - Sending the following keys {} Demo@123 to the element {} [[ChromeDriver: chrome on WINDOWS (a8b0fa3127072e04a0a72b67f396920d)] -> css selector: [id='txtpwd']]
18:41:12.908 INFO  scp.LoginPage (LoginPage.java:152) - Password populated successfully.
18:41:12.909 INFO  scp.LoginPage (LoginPage.java:186) - Clicking the sign in button.
18:41:12.909 INFO  driver.Page (    Page.java:58) - Preparing for element to click.
18:41:12.909 INFO  driver.Page (    Page.java:232) - Waiting for element to be clickable for 120 seconds.
18:41:13.027 INFO  driver.Page (    Page.java:235) - Element is clickable now.
18:41:13.221 INFO  driver.Page (    Page.java:61) - Element is clicked successfully.
18:41:13.221 INFO  scp.LoginPage (LoginPage.java:188) - Sign in button clicked successfully.
18:41:13.221 INFO  scp.HomePage (HomePage.java:120) - Wait for page loader visibility.
18:41:13.221 INFO  driver.Page (    Page.java:257) - Waiting for element to be visible for 120 seconds.
18:41:14.745 INFO  driver.Page (    Page.java:260) - Element is visible on the page.
18:41:14.746 INFO  scp.HomePage (HomePage.java:122) - Wait for page loader invisibility.
18:41:14.746 INFO  driver.Page (    Page.java:271) - Waiting for element to be invisible for 120 seconds.
18:41:38.528 INFO  driver.Page (    Page.java:274) - Element is invisible from the page.
18:41:38.539 INFO  scp.DashboardSteps (DashboardSteps.java:799) - Checking that the current page is dashboard page.
18:41:38.539 INFO  driver.Page (    Page.java:39) - Fetching the current URL.
18:41:38.553 INFO  driver.Page (    Page.java:40) - The Current URL is: https://u-wgl-r2.smartcmobile.net/Portal/Dashboard.aspx
18:41:38.565 INFO  driver.Page (    Page.java:45) - Fetching the current title.
18:41:38.577 INFO  driver.Page (    Page.java:46) - The Current Title is: Home
18:41:38.589 INFO  scp.DashboardSteps (DashboardSteps.java:802) - The current page is dashboard page {}: true
18:41:43.633 INFO  driver.Page (    Page.java:58) - Preparing for element to click.
18:41:43.634 INFO  driver.Page (    Page.java:232) - Waiting for element to be clickable for 120 seconds.
18:41:43.739 INFO  driver.Page (    Page.java:235) - Element is clickable now.
18:42:13.844 INFO  driver.Page (    Page.java:61) - Element is clicked successfully.
18:42:13.844 INFO  scp.PostLogConnectMePage (PostLogConnectMePage.java:31) - Connect Me link clicked successfully {}.
18:42:18.848 INFO  driver.Page (    Page.java:387) - Selecting the option by visible text {}: Rebates
18:42:18.930 INFO  driver.Page (    Page.java:389) - Selecting the given option to the web element {}: [[ChromeDriver: chrome on WINDOWS (a8b0fa3127072e04a0a72b67f396920d)] -> css selector: select#ML_NCR_DDL_Topic]
18:42:19.206 INFO  driver.Page (    Page.java:391) - Given text is selected as the option to the given select web element.
18:42:19.206 INFO  scp.PostLogConnectMePage (PostLogConnectMePage.java:1733) - lstConnectMeOptions populated successfully.
18:42:19.206 INFO  driver.Page (    Page.java:387) - Selecting the option by visible text {}: Rebates
18:42:19.300 INFO  driver.Page (    Page.java:389) - Selecting the given option to the web element {}: [[ChromeDriver: chrome on WINDOWS (a8b0fa3127072e04a0a72b67f396920d)] -> css selector: select#ML_NCR_DDL_Topic]
18:42:19.400 INFO  driver.Page (    Page.java:391) - Given text is selected as the option to the given select web element.
18:42:19.400 INFO  scp.PostLogConnectMePage (PostLogConnectMePage.java:1733) - lstConnectMeOptions populated successfully.
18:42:19.401 INFO  scp.ProblemSigningInSteps (PostLogConnectMeSteps.java:187) - Checking that the current page is ForgetPassword Page
18:42:19.401 INFO  driver.Page (    Page.java:39) - Fetching the current URL.
18:42:19.412 INFO  driver.Page (    Page.java:40) - The Current URL is: https://u-wgl-r2.smartcmobile.net/portal/connect-me_template.aspx?Ct=Lvd14RzCdqvyc%2fgNj39CmBM%3d
18:42:19.421 INFO  driver.Page (    Page.java:45) - Fetching the current title.
18:42:19.430 INFO  driver.Page (    Page.java:46) - The Current Title is: Contact Us
18:42:19.439 INFO  scp.ProblemSigningInSteps (PostLogConnectMeSteps.java:190) - The current page is ForgetPassword Page {}: true
18:42:19.501 INFO  scp.PostLogConnectMePage (PostLogConnectMePage.java:476) - Page Header Post visibility Status :true
18:42:19.597 INFO  scp.PostLogConnectMePage (PostLogConnectMePage.java:503) - Connect me visibility Status :true
18:42:19.700 INFO  scp.PostLogConnectMePage (PostLogConnectMePage.java:275) - Social Media visibility Status :true
18:42:19.787 INFO  scp.PostLogConnectMePage (PostLogConnectMePage.java:262) - Contact Us visibility Status :true
18:42:19.871 INFO  scp.PostLogConnectMePage (PostLogConnectMePage.java:1063) - Track Request Status :false
18:42:19.952 INFO  scp.PostLogConnectMePage (PostLogConnectMePage.java:72) - Page Active Status :true
18:42:20.104 INFO  scp.PostLogConnectMePage (PostLogConnectMePage.java:1292) - Submit Button Status :false
18:42:20.186 INFO  scp.PostLogConnectMePage (PostLogConnectMePage.java:1279) - Next Button Status :false
18:42:20.219 INFO  scp.PostLogConnectMePage (PostLogConnectMePage.java:1391) - Checking that the Customer Name field is visible on the Contact Us page.
18:42:20.650 INFO  driver.Page (    Page.java:305) - Element {} : [[ChromeDriver: chrome on WINDOWS (a8b0fa3127072e04a0a72b67f396920d)] -> css selector: input[globalize='ML_Master_lbl_CustName']] is visible on the page.
18:42:20.650 INFO  scp.PostLogConnectMePage (PostLogConnectMePage.java:1449) - Checking that the Email Address field is visible on the Contact Us page.
18:42:20.714 INFO  driver.Page (    Page.java:305) - Element {} : [[ChromeDriver: chrome on WINDOWS (a8b0fa3127072e04a0a72b67f396920d)] -> xpath: //label[text()='Email Address']/..//input] is visible on the page.
18:42:20.714 INFO  scp.PostLogConnectMePage (PostLogConnectMePage.java:1488) - Checking that the Subject field is visible on the Contact Us page.
18:42:20.786 INFO  driver.Page (    Page.java:305) - Element {} : [[ChromeDriver: chrome on WINDOWS (a8b0fa3127072e04a0a72b67f396920d)] -> css selector: .Subject.input_effect] is visible on the page.
18:42:20.786 INFO  scp.PostLogConnectMePage (PostLogConnectMePage.java:1516) - Checking that the Comments field is visible on the Contact Us page.
18:42:20.847 INFO  driver.Page (    Page.java:305) - Element {} : [[ChromeDriver: chrome on WINDOWS (a8b0fa3127072e04a0a72b67f396920d)] -> xpath: //label[contains(text(),'Comments')]/..//textarea[@globalize='ML_CONNECTME_Lbl_Comments']] is visible on the page.
18:42:20.891 INFO  scp.PostLogConnectMePage (PostLogConnectMePage.java:1235) - Choose File Button Status :false
18:42:20.957 INFO  scp.PostLogConnectMePage (PostLogConnectMePage.java:1003) - Customer lbl Status :true
18:42:20.987 INFO  driver.Page (    Page.java:58) - Preparing for element to click.
18:42:20.987 INFO  driver.Page (    Page.java:232) - Waiting for element to be clickable for 120 seconds.
18:42:21.050 INFO  driver.Page (    Page.java:235) - Element is clickable now.
18:42:21.312 INFO  driver.Page (    Page.java:61) - Element is clicked successfully.
18:42:21.313 INFO  scp.PostLogConnectMePage (PostLogConnectMePage.java:1275) - Next Button clicked {}.
18:42:21.901 INFO  driver.Page (    Page.java:169) - Text got from the locator {} [[ChromeDriver: chrome on WINDOWS (a8b0fa3127072e04a0a72b67f396920d)] -> css selector: #toast-container .toast-message] is Please enter all the mandatory information.
18:42:21.933 INFO  scp.HomePage (HomePage.java:166) - Label on toast message {}: Please enter all the mandatory information.
18:42:21.933 INFO  driver.Page (    Page.java:569) - Preparing for element to click.
18:42:21.979 INFO  driver.Page (    Page.java:576) - Element is clicked successfully.
18:42:21.985 INFO  scp.PostLogConnectMePage (PostLogConnectMePage.java:1504) - Subject {} :Testing
18:42:22.004 INFO  driver.Page (    Page.java:129) - Wait for element {} [[ChromeDriver: chrome on WINDOWS (a8b0fa3127072e04a0a72b67f396920d)] -> css selector: .Subject.input_effect] to be present in the DOM for duration of {} 120
18:42:22.006 INFO  driver.Page (    Page.java:257) - Waiting for element to be visible for 120 seconds.
18:42:22.056 INFO  driver.Page (    Page.java:260) - Element is visible on the page.
18:42:22.079 INFO  driver.Page (    Page.java:131) - Clearing the element {} [[ChromeDriver: chrome on WINDOWS (a8b0fa3127072e04a0a72b67f396920d)] -> css selector: .Subject.input_effect] before sending the keys.
18:42:22.196 INFO  driver.Page (    Page.java:133) - Sending the following keys {} Testing to the element {} [[ChromeDriver: chrome on WINDOWS (a8b0fa3127072e04a0a72b67f396920d)] -> css selector: .Subject.input_effect]
18:42:22.411 INFO  scp.PostLogConnectMePage (PostLogConnectMePage.java:1506) - Subject populated successfully.
18:42:22.412 INFO  driver.Page (    Page.java:58) - Preparing for element to click.
18:42:22.412 INFO  driver.Page (    Page.java:232) - Waiting for element to be clickable for 120 seconds.
18:42:22.501 INFO  driver.Page (    Page.java:235) - Element is clickable now.
18:42:22.661 INFO  driver.Page (    Page.java:61) - Element is clicked successfully.
18:42:22.662 INFO  scp.PostLogConnectMePage (PostLogConnectMePage.java:1275) - Next Button clicked {}.
18:42:22.664 INFO  scp.PostLogConnectMePage (PostLogConnectMePage.java:1742) - Fetching the label Generic Error message
18:42:22.687 INFO  driver.Page (    Page.java:161) - Wait for the element {} [[ChromeDriver: chrome on WINDOWS (a8b0fa3127072e04a0a72b67f396920d)] -> css selector: [class='error_messagecommon']] to be visible on the page for duration of {} 120
18:42:22.687 INFO  driver.Page (    Page.java:257) - Waiting for element to be visible for 120 seconds.
18:42:22.723 INFO  driver.Page (    Page.java:260) - Element is visible on the page.
18:42:22.777 INFO  driver.Page (    Page.java:164) - Text got from the locator {} [[ChromeDriver: chrome on WINDOWS (a8b0fa3127072e04a0a72b67f396920d)] -> css selector: [class='error_messagecommon']] is Please provide Comments.
18:42:22.816 INFO  scp.PostLogConnectMePage (PostLogConnectMePage.java:1744) - label Generic Error message {}: Please provide Comments.
18:42:22.845 INFO  driver.Page (    Page.java:146) - Wait for element {} [[ChromeDriver: chrome on WINDOWS (a8b0fa3127072e04a0a72b67f396920d)] -> css selector: .Subject.input_effect] to be present in the DOM for duration of {} 120
18:42:22.846 INFO  driver.Page (    Page.java:257) - Waiting for element to be visible for 120 seconds.
18:42:22.878 INFO  driver.Page (    Page.java:260) - Element is visible on the page.
18:42:22.889 INFO  driver.Page (    Page.java:148) - Clearing the element {} [[ChromeDriver: chrome on WINDOWS (a8b0fa3127072e04a0a72b67f396920d)] -> css selector: .Subject.input_effect]
18:42:23.027 INFO  scp.PostLogConnectMePage (PostLogConnectMePage.java:1500) - Subject field cleared {}
18:42:23.028 INFO  scp.PostLogConnectMePage (PostLogConnectMePage.java:1532) - Subject {} :Testing
18:42:23.046 INFO  driver.Page (    Page.java:129) - Wait for element {} [[ChromeDriver: chrome on WINDOWS (a8b0fa3127072e04a0a72b67f396920d)] -> xpath: //label[contains(text(),'Comments')]/..//textarea[@globalize='ML_CONNECTME_Lbl_Comments']] to be present in the DOM for duration of {} 120
18:42:23.047 INFO  driver.Page (    Page.java:257) - Waiting for element to be visible for 120 seconds.
18:42:23.081 INFO  driver.Page (    Page.java:260) - Element is visible on the page.
18:42:23.094 INFO  driver.Page (    Page.java:131) - Clearing the element {} [[ChromeDriver: chrome on WINDOWS (a8b0fa3127072e04a0a72b67f396920d)] -> xpath: //label[contains(text(),'Comments')]/..//textarea[@globalize='ML_CONNECTME_Lbl_Comments']] before sending the keys.
18:42:23.158 INFO  driver.Page (    Page.java:133) - Sending the following keys {} Testing to the element {} [[ChromeDriver: chrome on WINDOWS (a8b0fa3127072e04a0a72b67f396920d)] -> xpath: //label[contains(text(),'Comments')]/..//textarea[@globalize='ML_CONNECTME_Lbl_Comments']]
18:42:23.276 INFO  scp.PostLogConnectMePage (PostLogConnectMePage.java:1534) - Comments populated successfully.
18:42:23.277 INFO  driver.Page (    Page.java:58) - Preparing for element to click.
18:42:23.277 INFO  driver.Page (    Page.java:232) - Waiting for element to be clickable for 120 seconds.
18:42:23.340 INFO  driver.Page (    Page.java:235) - Element is clickable now.
18:42:23.433 INFO  driver.Page (    Page.java:61) - Element is clicked successfully.
18:42:23.433 INFO  scp.PostLogConnectMePage (PostLogConnectMePage.java:1275) - Next Button clicked {}.
18:42:23.434 INFO  scp.PostLogConnectMePage (PostLogConnectMePage.java:1742) - Fetching the label Generic Error message
18:42:23.450 INFO  driver.Page (    Page.java:161) - Wait for the element {} [[ChromeDriver: chrome on WINDOWS (a8b0fa3127072e04a0a72b67f396920d)] -> css selector: [class='error_messagecommon']] to be visible on the page for duration of {} 120
18:42:23.450 INFO  driver.Page (    Page.java:257) - Waiting for element to be visible for 120 seconds.
18:42:23.487 INFO  driver.Page (    Page.java:260) - Element is visible on the page.
18:42:23.536 INFO  driver.Page (    Page.java:164) - Text got from the locator {} [[ChromeDriver: chrome on WINDOWS (a8b0fa3127072e04a0a72b67f396920d)] -> css selector: [class='error_messagecommon']] is Please enter the Subject.
18:42:23.631 INFO  scp.PostLogConnectMePage (PostLogConnectMePage.java:1744) - label Generic Error message {}: Please enter the Subject.
18:42:23.632 INFO  driver.Page (    Page.java:387) - Selecting the option by visible text {}: Rebates
18:42:23.691 INFO  driver.Page (    Page.java:389) - Selecting the given option to the web element {}: [[ChromeDriver: chrome on WINDOWS (a8b0fa3127072e04a0a72b67f396920d)] -> css selector: select#ML_NCR_DDL_Topic]
18:42:23.762 INFO  driver.Page (    Page.java:391) - Given text is selected as the option to the given select web element.
18:42:23.762 INFO  scp.PostLogConnectMePage (PostLogConnectMePage.java:1733) - lstConnectMeOptions populated successfully.
18:42:23.763 INFO  driver.Page (    Page.java:387) - Selecting the option by visible text {}: Rebates
18:42:23.809 INFO  driver.Page (    Page.java:389) - Selecting the given option to the web element {}: [[ChromeDriver: chrome on WINDOWS (a8b0fa3127072e04a0a72b67f396920d)] -> css selector: select#ML_NCR_DDL_Topic]
18:42:23.868 INFO  driver.Page (    Page.java:391) - Given text is selected as the option to the given select web element.
18:42:23.868 INFO  scp.PostLogConnectMePage (PostLogConnectMePage.java:1733) - lstConnectMeOptions populated successfully.
18:42:23.868 INFO  scp.PostLogConnectMePage (PostLogConnectMePage.java:1422) - Checking that the Service Acc No field is visible on the Contact Us page.
18:42:23.916 INFO  driver.Page (    Page.java:305) - Element {} : [[ChromeDriver: chrome on WINDOWS (a8b0fa3127072e04a0a72b67f396920d)] -> xpath: //label[(text()='Service Account Number') or (text()='Account Numbner')]/..//input] is visible on the page.
18:42:23.916 INFO  scp.PostLogConnectMePage (PostLogConnectMePage.java:1477) - Fetching the Account No
18:42:23.928 INFO  driver.Page (    Page.java:161) - Wait for the element {} [[ChromeDriver: chrome on WINDOWS (a8b0fa3127072e04a0a72b67f396920d)] -> xpath: //label[(text()='Service Account Number') or (text()='Account Numbner')]/..//input] to be visible on the page for duration of {} 120
18:42:23.928 INFO  driver.Page (    Page.java:257) - Waiting for element to be visible for 120 seconds.
18:42:23.954 INFO  driver.Page (    Page.java:260) - Element is visible on the page.
18:42:23.988 INFO  driver.Page (    Page.java:164) - Text got from the locator {} [[ChromeDriver: chrome on WINDOWS (a8b0fa3127072e04a0a72b67f396920d)] -> xpath: //label[(text()='Service Account Number') or (text()='Account Numbner')]/..//input] is 
18:42:24.012 INFO  scp.PostLogConnectMePage (PostLogConnectMePage.java:1479) - Service Acc No page header is {}: 
18:42:24.012 INFO  scp.PostLogConnectMePage (PostLogConnectMePage.java:1391) - Checking that the Customer Name field is visible on the Contact Us page.
18:42:24.050 INFO  driver.Page (    Page.java:305) - Element {} : [[ChromeDriver: chrome on WINDOWS (a8b0fa3127072e04a0a72b67f396920d)] -> css selector: input[globalize='ML_Master_lbl_CustName']] is visible on the page.
18:42:24.052 INFO  scp.PostLogConnectMePage (PostLogConnectMePage.java:1449) - Checking that the Email Address field is visible on the Contact Us page.
18:42:24.093 INFO  driver.Page (    Page.java:305) - Element {} : [[ChromeDriver: chrome on WINDOWS (a8b0fa3127072e04a0a72b67f396920d)] -> xpath: //label[text()='Email Address']/..//input] is visible on the page.
18:42:24.125 INFO  scp.PostLogConnectMePage (PostLogConnectMePage.java:1235) - Choose File Button Status :false
18:42:24.210 INFO  scp.PostLogConnectMePage (PostLogConnectMePage.java:1488) - Checking that the Subject field is visible on the Contact Us page.
18:42:24.261 INFO  driver.Page (    Page.java:305) - Element {} : [[ChromeDriver: chrome on WINDOWS (a8b0fa3127072e04a0a72b67f396920d)] -> css selector: .Subject.input_effect] is visible on the page.
18:42:24.261 INFO  scp.PostLogConnectMePage (PostLogConnectMePage.java:1504) - Subject {} :Testing
18:42:24.274 INFO  driver.Page (    Page.java:129) - Wait for element {} [[ChromeDriver: chrome on WINDOWS (a8b0fa3127072e04a0a72b67f396920d)] -> css selector: .Subject.input_effect] to be present in the DOM for duration of {} 120
18:42:24.274 INFO  driver.Page (    Page.java:257) - Waiting for element to be visible for 120 seconds.
18:42:24.323 INFO  driver.Page (    Page.java:260) - Element is visible on the page.
18:42:24.342 INFO  driver.Page (    Page.java:131) - Clearing the element {} [[ChromeDriver: chrome on WINDOWS (a8b0fa3127072e04a0a72b67f396920d)] -> css selector: .Subject.input_effect] before sending the keys.
18:42:24.452 INFO  driver.Page (    Page.java:133) - Sending the following keys {} Testing to the element {} [[ChromeDriver: chrome on WINDOWS (a8b0fa3127072e04a0a72b67f396920d)] -> css selector: .Subject.input_effect]
18:42:24.632 INFO  scp.PostLogConnectMePage (PostLogConnectMePage.java:1506) - Subject populated successfully.
18:42:24.633 INFO  scp.PostLogConnectMePage (PostLogConnectMePage.java:1516) - Checking that the Comments field is visible on the Contact Us page.
18:42:24.706 INFO  driver.Page (    Page.java:305) - Element {} : [[ChromeDriver: chrome on WINDOWS (a8b0fa3127072e04a0a72b67f396920d)] -> xpath: //label[contains(text(),'Comments')]/..//textarea[@globalize='ML_CONNECTME_Lbl_Comments']] is visible on the page.
18:42:24.706 INFO  scp.PostLogConnectMePage (PostLogConnectMePage.java:1532) - Subject {} :Testing
18:42:24.728 INFO  driver.Page (    Page.java:129) - Wait for element {} [[ChromeDriver: chrome on WINDOWS (a8b0fa3127072e04a0a72b67f396920d)] -> xpath: //label[contains(text(),'Comments')]/..//textarea[@globalize='ML_CONNECTME_Lbl_Comments']] to be present in the DOM for duration of {} 120
18:42:24.729 INFO  driver.Page (    Page.java:257) - Waiting for element to be visible for 120 seconds.
18:42:24.893 INFO  driver.Page (    Page.java:260) - Element is visible on the page.
18:42:24.911 INFO  driver.Page (    Page.java:131) - Clearing the element {} [[ChromeDriver: chrome on WINDOWS (a8b0fa3127072e04a0a72b67f396920d)] -> xpath: //label[contains(text(),'Comments')]/..//textarea[@globalize='ML_CONNECTME_Lbl_Comments']] before sending the keys.
18:42:24.999 INFO  driver.Page (    Page.java:133) - Sending the following keys {} Testing to the element {} [[ChromeDriver: chrome on WINDOWS (a8b0fa3127072e04a0a72b67f396920d)] -> xpath: //label[contains(text(),'Comments')]/..//textarea[@globalize='ML_CONNECTME_Lbl_Comments']]
18:42:25.123 INFO  scp.PostLogConnectMePage (PostLogConnectMePage.java:1534) - Comments populated successfully.
18:42:25.124 INFO  driver.Page (    Page.java:58) - Preparing for element to click.
18:42:25.124 INFO  driver.Page (    Page.java:232) - Waiting for element to be clickable for 120 seconds.
18:42:25.190 INFO  driver.Page (    Page.java:235) - Element is clickable now.
18:42:25.398 INFO  driver.Page (    Page.java:61) - Element is clicked successfully.
18:42:25.399 INFO  scp.PostLogConnectMePage (PostLogConnectMePage.java:1275) - Next Button clicked {}.
18:42:25.400 INFO  scp.ProblemSigningInSteps (PostLogConnectMeSteps.java:130) - Test Case execution for - verifyPreviewYourFormDetails - is Initiated
18:42:31.388 INFO  scp.PostLogConnectMePage (PostLogConnectMePage.java:1292) - Submit Button Status :true
18:42:31.416 INFO  driver.Page (    Page.java:58) - Preparing for element to click.
18:42:31.417 INFO  driver.Page (    Page.java:232) - Waiting for element to be clickable for 120 seconds.
18:42:31.479 INFO  driver.Page (    Page.java:235) - Element is clickable now.
18:42:33.372 INFO  driver.Page (    Page.java:61) - Element is clicked successfully.
18:42:33.372 INFO  scp.PostLogConnectMePage (PostLogConnectMePage.java:1288) - Submit Button clicked {}.
18:42:33.440 INFO  scp.PostLogConnectMePage (PostLogConnectMePage.java:1348) - Thank you lbl Status is:false
18:42:33.500 INFO  scp.PostLogConnectMePage (PostLogConnectMePage.java:1341) - Fetching Thank You lbl
18:42:33.544 INFO  driver.Page (    Page.java:161) - Wait for the element {} [[ChromeDriver: chrome on WINDOWS (a8b0fa3127072e04a0a72b67f396920d)] -> css selector: .modal-body #txtBody] to be visible on the page for duration of {} 120
18:42:33.544 INFO  driver.Page (    Page.java:257) - Waiting for element to be visible for 120 seconds.
18:42:33.633 INFO  driver.Page (    Page.java:260) - Element is visible on the page.
18:42:33.890 INFO  driver.Page (    Page.java:164) - Text got from the locator {} [[ChromeDriver: chrome on WINDOWS (a8b0fa3127072e04a0a72b67f396920d)] -> css selector: .modal-body #txtBody] is Thank you for contacting Washington Gas. You can expect a response within the next 24 to 48 hours.
18:42:33.923 INFO  scp.PostLogConnectMePage (PostLogConnectMePage.java:1343) - Thank You lbl is {}: Thank you for contacting Washington Gas. You can expect a response within the next 24 to 48 hours.
18:42:33.924 INFO  driver.Page (    Page.java:569) - Preparing for element to click.
18:42:53.313 INFO  driver.Page (    Page.java:576) - Element is clicked successfully.
18:42:53.314 INFO  scp.PostLogConnectMePage (PostLogConnectMePage.java:1304) - Ok Button clicked {}.
18:42:54.317 INFO  scp.PostLogConnectMeTests (PostLogConnectMeTests.java:74) - Test Case execution for - verifyPostLoginConnectMePage - is Completed.
18:43:04.551 INFO  driver.DriverFactory (DriverFactory.java:125) - Clearing all the cookies.
18:43:08.862 INFO  driver.WebDriverFactory (WebDriverFactory.java:192) - Setting up the browser window to its max.
18:43:09.012 INFO  driver.WebDriverFactory (WebDriverFactory.java:181) - Initializing the implicit wait timeout for {} 5
18:43:09.017 INFO  driver.WebDriverFactory (WebDriverFactory.java:184) - Initializing the page load timeout.
18:43:09.024 INFO  driver.DriverFactory (DriverFactory.java:125) - Clearing all the cookies.
18:43:09.091 INFO  driver.DriverFactory (DriverFactory.java:62) - Open the url {} https://u-wgl-r2.smartcmobile.net/Portal/ using the selenium get() method.
18:43:41.666 INFO  scp.MyProfileTests (MyProfileTests.java:43) - To verify that UI And Objects on the My Account-> Profile Page. C74482, C74483, C74484, C74487, C74499
18:43:41.671 INFO  scp.LoginPage (LoginPage.java:518) - Checking that the current page is login page.
18:43:41.671 INFO  driver.Page (    Page.java:39) - Fetching the current URL.
18:43:41.686 INFO  driver.Page (    Page.java:40) - The Current URL is: https://u-wgl-r2.smartcmobile.net/Portal/
18:43:41.699 INFO  driver.Page (    Page.java:45) - Fetching the current title.
18:43:41.710 INFO  driver.Page (    Page.java:46) - The Current Title is: WGL: Login
18:43:41.722 INFO  scp.LoginPage (LoginPage.java:521) - The current page is login page {}: true
18:43:43.246 INFO  scp.LoginPage (LoginPage.java:106) - Populating username {} :patricupdate
18:43:43.273 INFO  driver.Page (    Page.java:129) - Wait for element {} [[ChromeDriver: chrome on WINDOWS (19932a7ea572fe92ba8e501dc0d4c586)] -> css selector: [id='txtLogin']] to be present in the DOM for duration of {} 120
18:43:43.274 INFO  driver.Page (    Page.java:257) - Waiting for element to be visible for 120 seconds.
18:43:43.322 INFO  driver.Page (    Page.java:260) - Element is visible on the page.
18:43:43.338 INFO  driver.Page (    Page.java:131) - Clearing the element {} [[ChromeDriver: chrome on WINDOWS (19932a7ea572fe92ba8e501dc0d4c586)] -> css selector: [id='txtLogin']] before sending the keys.
18:43:43.444 INFO  driver.Page (    Page.java:133) - Sending the following keys {} patricupdate to the element {} [[ChromeDriver: chrome on WINDOWS (19932a7ea572fe92ba8e501dc0d4c586)] -> css selector: [id='txtLogin']]
18:43:43.580 INFO  scp.LoginPage (LoginPage.java:108) - Username populated successfully.
18:43:43.580 INFO  scp.LoginPage (LoginPage.java:150) - Populating password {} :Demo@123
18:43:43.606 INFO  driver.Page (    Page.java:129) - Wait for element {} [[ChromeDriver: chrome on WINDOWS (19932a7ea572fe92ba8e501dc0d4c586)] -> css selector: [id='txtpwd']] to be present in the DOM for duration of {} 120
18:43:43.606 INFO  driver.Page (    Page.java:257) - Waiting for element to be visible for 120 seconds.
18:43:43.640 INFO  driver.Page (    Page.java:260) - Element is visible on the page.
18:43:43.652 INFO  driver.Page (    Page.java:131) - Clearing the element {} [[ChromeDriver: chrome on WINDOWS (19932a7ea572fe92ba8e501dc0d4c586)] -> css selector: [id='txtpwd']] before sending the keys.
18:43:43.749 INFO  driver.Page (    Page.java:133) - Sending the following keys {} Demo@123 to the element {} [[ChromeDriver: chrome on WINDOWS (19932a7ea572fe92ba8e501dc0d4c586)] -> css selector: [id='txtpwd']]
18:43:43.897 INFO  scp.LoginPage (LoginPage.java:152) - Password populated successfully.
18:43:43.897 INFO  scp.LoginPage (LoginPage.java:186) - Clicking the sign in button.
18:43:43.898 INFO  driver.Page (    Page.java:58) - Preparing for element to click.
18:43:43.898 INFO  driver.Page (    Page.java:232) - Waiting for element to be clickable for 120 seconds.
18:43:43.957 INFO  driver.Page (    Page.java:235) - Element is clickable now.
18:43:44.170 INFO  driver.Page (    Page.java:61) - Element is clicked successfully.
18:43:44.171 INFO  scp.LoginPage (LoginPage.java:188) - Sign in button clicked successfully.
18:43:44.171 INFO  scp.HomePage (HomePage.java:120) - Wait for page loader visibility.
18:43:44.172 INFO  driver.Page (    Page.java:257) - Waiting for element to be visible for 120 seconds.
18:43:46.153 INFO  driver.Page (    Page.java:260) - Element is visible on the page.
18:43:46.153 INFO  scp.HomePage (HomePage.java:122) - Wait for page loader invisibility.
18:43:46.155 INFO  driver.Page (    Page.java:271) - Waiting for element to be invisible for 120 seconds.
18:44:22.843 INFO  driver.Page (    Page.java:274) - Element is invisible from the page.
18:44:22.850 INFO  scp.DashboardSteps (DashboardSteps.java:799) - Checking that the current page is dashboard page.
18:44:22.851 INFO  driver.Page (    Page.java:39) - Fetching the current URL.
18:44:22.866 INFO  driver.Page (    Page.java:40) - The Current URL is: https://u-wgl-r2.smartcmobile.net/Portal/Dashboard.aspx
18:44:22.876 INFO  driver.Page (    Page.java:45) - Fetching the current title.
18:44:22.934 INFO  driver.Page (    Page.java:46) - The Current Title is: Home
18:44:22.942 INFO  scp.DashboardSteps (DashboardSteps.java:802) - The current page is dashboard page {}: true
18:44:22.947 INFO  scp.HomeSteps (HomeSteps.java:88) - Navigating to the My Profile page.
18:44:29.481 INFO  driver.Page (    Page.java:58) - Preparing for element to click.
18:44:29.482 INFO  driver.Page (    Page.java:232) - Waiting for element to be clickable for 120 seconds.
18:44:29.577 INFO  driver.Page (    Page.java:235) - Element is clickable now.
18:44:29.737 INFO  driver.Page (    Page.java:61) - Element is clicked successfully.
18:44:29.738 INFO  scp.HomePage (HomePage.java:244) - My account link clicked successfully.
18:44:32.752 INFO  driver.Page (    Page.java:58) - Preparing for element to click.
18:44:32.752 INFO  driver.Page (    Page.java:232) - Waiting for element to be clickable for 120 seconds.
18:46:38.339 INFO  driver.DriverFactory (DriverFactory.java:125) - Clearing all the cookies.
18:46:42.170 INFO  driver.WebDriverFactory (WebDriverFactory.java:192) - Setting up the browser window to its max.
18:46:42.307 INFO  driver.WebDriverFactory (WebDriverFactory.java:181) - Initializing the implicit wait timeout for {} 5
18:46:42.312 INFO  driver.WebDriverFactory (WebDriverFactory.java:184) - Initializing the page load timeout.
18:46:42.315 INFO  driver.DriverFactory (DriverFactory.java:125) - Clearing all the cookies.
18:46:42.327 INFO  driver.DriverFactory (DriverFactory.java:62) - Open the url {} https://u-wgl-r2.smartcmobile.net/Portal/ using the selenium get() method.
18:47:05.542 INFO  scp.MyProfileTests (MyProfileTests.java:161) - To verify options available for Primary and Alternate Contact Type dropdownC74723
18:47:05.546 INFO  scp.LoginPage (LoginPage.java:518) - Checking that the current page is login page.
18:47:05.546 INFO  driver.Page (    Page.java:39) - Fetching the current URL.
18:47:05.559 INFO  driver.Page (    Page.java:40) - The Current URL is: https://u-wgl-r2.smartcmobile.net/Portal/
18:47:05.569 INFO  driver.Page (    Page.java:45) - Fetching the current title.
18:47:05.580 INFO  driver.Page (    Page.java:46) - The Current Title is: WGL: Login
18:47:05.592 INFO  scp.LoginPage (LoginPage.java:521) - The current page is login page {}: true
18:47:07.134 INFO  scp.LoginPage (LoginPage.java:106) - Populating username {} :patricupdate
18:47:07.157 INFO  driver.Page (    Page.java:129) - Wait for element {} [[ChromeDriver: chrome on WINDOWS (652444825ac235242ecc10c5611d92ff)] -> css selector: [id='txtLogin']] to be present in the DOM for duration of {} 120
18:47:07.158 INFO  driver.Page (    Page.java:257) - Waiting for element to be visible for 120 seconds.
18:47:07.204 INFO  driver.Page (    Page.java:260) - Element is visible on the page.
18:47:07.219 INFO  driver.Page (    Page.java:131) - Clearing the element {} [[ChromeDriver: chrome on WINDOWS (652444825ac235242ecc10c5611d92ff)] -> css selector: [id='txtLogin']] before sending the keys.
18:47:07.328 INFO  driver.Page (    Page.java:133) - Sending the following keys {} patricupdate to the element {} [[ChromeDriver: chrome on WINDOWS (652444825ac235242ecc10c5611d92ff)] -> css selector: [id='txtLogin']]
18:47:07.457 INFO  scp.LoginPage (LoginPage.java:108) - Username populated successfully.
18:47:07.457 INFO  scp.LoginPage (LoginPage.java:150) - Populating password {} :Demo@123
18:47:07.477 INFO  driver.Page (    Page.java:129) - Wait for element {} [[ChromeDriver: chrome on WINDOWS (652444825ac235242ecc10c5611d92ff)] -> css selector: [id='txtpwd']] to be present in the DOM for duration of {} 120
18:47:07.477 INFO  driver.Page (    Page.java:257) - Waiting for element to be visible for 120 seconds.
18:47:07.523 INFO  driver.Page (    Page.java:260) - Element is visible on the page.
18:47:07.534 INFO  driver.Page (    Page.java:131) - Clearing the element {} [[ChromeDriver: chrome on WINDOWS (652444825ac235242ecc10c5611d92ff)] -> css selector: [id='txtpwd']] before sending the keys.
18:47:07.601 INFO  driver.Page (    Page.java:133) - Sending the following keys {} Demo@123 to the element {} [[ChromeDriver: chrome on WINDOWS (652444825ac235242ecc10c5611d92ff)] -> css selector: [id='txtpwd']]
18:47:07.729 INFO  scp.LoginPage (LoginPage.java:152) - Password populated successfully.
18:47:07.730 INFO  scp.LoginPage (LoginPage.java:186) - Clicking the sign in button.
18:47:07.730 INFO  driver.Page (    Page.java:58) - Preparing for element to click.
18:47:07.730 INFO  driver.Page (    Page.java:232) - Waiting for element to be clickable for 120 seconds.
18:47:07.797 INFO  driver.Page (    Page.java:235) - Element is clickable now.
18:47:07.996 INFO  driver.Page (    Page.java:61) - Element is clicked successfully.
18:47:07.996 INFO  scp.LoginPage (LoginPage.java:188) - Sign in button clicked successfully.
18:47:07.996 INFO  scp.HomePage (HomePage.java:120) - Wait for page loader visibility.
18:47:07.996 INFO  driver.Page (    Page.java:257) - Waiting for element to be visible for 120 seconds.
18:47:10.887 INFO  driver.Page (    Page.java:260) - Element is visible on the page.
18:47:10.888 INFO  scp.HomePage (HomePage.java:122) - Wait for page loader invisibility.
18:47:10.888 INFO  driver.Page (    Page.java:271) - Waiting for element to be invisible for 120 seconds.
18:47:44.709 INFO  driver.Page (    Page.java:274) - Element is invisible from the page.
18:47:44.718 INFO  scp.DashboardSteps (DashboardSteps.java:799) - Checking that the current page is dashboard page.
18:47:44.718 INFO  driver.Page (    Page.java:39) - Fetching the current URL.
18:47:44.728 INFO  driver.Page (    Page.java:40) - The Current URL is: https://u-wgl-r2.smartcmobile.net/Portal/Dashboard.aspx
18:47:44.735 INFO  driver.Page (    Page.java:45) - Fetching the current title.
18:47:44.744 INFO  driver.Page (    Page.java:46) - The Current Title is: Home
18:47:44.751 INFO  scp.DashboardSteps (DashboardSteps.java:802) - The current page is dashboard page {}: true
18:47:44.754 INFO  scp.HomeSteps (HomeSteps.java:88) - Navigating to the My Profile page.
18:47:51.282 INFO  driver.Page (    Page.java:58) - Preparing for element to click.
18:47:51.282 INFO  driver.Page (    Page.java:232) - Waiting for element to be clickable for 120 seconds.
18:47:51.386 INFO  driver.Page (    Page.java:235) - Element is clickable now.
18:47:51.531 INFO  driver.Page (    Page.java:61) - Element is clicked successfully.
18:47:51.531 INFO  scp.HomePage (HomePage.java:244) - My account link clicked successfully.
18:47:54.533 INFO  driver.Page (    Page.java:58) - Preparing for element to click.
18:47:54.533 INFO  driver.Page (    Page.java:232) - Waiting for element to be clickable for 120 seconds.
18:47:54.626 INFO  driver.Page (    Page.java:235) - Element is clickable now.
18:48:22.429 INFO  driver.Page (    Page.java:61) - Element is clicked successfully.
18:48:22.429 INFO  scp.HomePage (HomePage.java:745) - My profile page Clicked Successfully
18:48:26.968 INFO  scp.HomeSteps (HomeSteps.java:97) - Navigated to the My Profile page.
18:48:27.006 INFO  driver.Page (    Page.java:58) - Preparing for element to click.
18:48:27.006 INFO  driver.Page (    Page.java:232) - Waiting for element to be clickable for 120 seconds.
18:48:27.093 INFO  driver.Page (    Page.java:235) - Element is clickable now.
18:48:27.198 INFO  driver.Page (    Page.java:61) - Element is clicked successfully.
18:48:27.198 INFO  scp.NotificationPreferencePage (MyProfilePage.java:237) - Phone Number Edit Button is Editable
18:48:27.312 INFO  driver.DriverFactory (DriverFactory.java:56) - Refreshing the browser {}.
18:48:27.325 INFO  driver.DriverFactory (DriverFactory.java:58) - Browser refreshed successfully.
18:48:27.325 INFO  scp.MyProfileTests (MyProfileTests.java:173) - Test Case execution for- To verify options available for Primary and Alternate Contact Type dropdown.
18:48:30.076 INFO  driver.DriverFactory (DriverFactory.java:125) - Clearing all the cookies.
18:48:56.705 INFO  driver.WebDriverFactory (WebDriverFactory.java:192) - Setting up the browser window to its max.
18:48:56.839 INFO  driver.WebDriverFactory (WebDriverFactory.java:181) - Initializing the implicit wait timeout for {} 5
18:48:56.843 INFO  driver.WebDriverFactory (WebDriverFactory.java:184) - Initializing the page load timeout.
18:48:56.848 INFO  driver.DriverFactory (DriverFactory.java:125) - Clearing all the cookies.
18:48:56.860 INFO  driver.DriverFactory (DriverFactory.java:62) - Open the url {} https://u-wgl-r2.smartcmobile.net/Portal/ using the selenium get() method.
18:49:38.674 INFO  scp.MyProfileTests (MyProfileTests.java:203) - To verify that user should be able to login from logout page.C74716, C74717, C74721, C74722, C80276, C80277, C80278
18:49:38.685 INFO  scp.LoginPage (LoginPage.java:518) - Checking that the current page is login page.
18:49:38.685 INFO  driver.Page (    Page.java:39) - Fetching the current URL.
18:49:38.698 INFO  driver.Page (    Page.java:40) - The Current URL is: https://u-wgl-r2.smartcmobile.net/Portal/
18:49:38.705 INFO  driver.Page (    Page.java:45) - Fetching the current title.
18:49:38.712 INFO  driver.Page (    Page.java:46) - The Current Title is: WGL: Login
18:49:38.719 INFO  scp.LoginPage (LoginPage.java:521) - The current page is login page {}: true
18:49:40.248 INFO  scp.LoginPage (LoginPage.java:106) - Populating username {} :patricupdate
18:49:40.272 INFO  driver.Page (    Page.java:129) - Wait for element {} [[ChromeDriver: chrome on WINDOWS (d12bdd935de84b4fe691d41ab7f59c4d)] -> css selector: [id='txtLogin']] to be present in the DOM for duration of {} 120
18:49:40.272 INFO  driver.Page (    Page.java:257) - Waiting for element to be visible for 120 seconds.
18:49:40.314 INFO  driver.Page (    Page.java:260) - Element is visible on the page.
18:49:40.330 INFO  driver.Page (    Page.java:131) - Clearing the element {} [[ChromeDriver: chrome on WINDOWS (d12bdd935de84b4fe691d41ab7f59c4d)] -> css selector: [id='txtLogin']] before sending the keys.
18:49:40.427 INFO  driver.Page (    Page.java:133) - Sending the following keys {} patricupdate to the element {} [[ChromeDriver: chrome on WINDOWS (d12bdd935de84b4fe691d41ab7f59c4d)] -> css selector: [id='txtLogin']]
18:49:40.637 INFO  scp.LoginPage (LoginPage.java:108) - Username populated successfully.
18:49:40.638 INFO  scp.LoginPage (LoginPage.java:150) - Populating password {} :Demo@123
18:49:40.656 INFO  driver.Page (    Page.java:129) - Wait for element {} [[ChromeDriver: chrome on WINDOWS (d12bdd935de84b4fe691d41ab7f59c4d)] -> css selector: [id='txtpwd']] to be present in the DOM for duration of {} 120
18:49:40.656 INFO  driver.Page (    Page.java:257) - Waiting for element to be visible for 120 seconds.
18:49:40.702 INFO  driver.Page (    Page.java:260) - Element is visible on the page.
18:49:40.715 INFO  driver.Page (    Page.java:131) - Clearing the element {} [[ChromeDriver: chrome on WINDOWS (d12bdd935de84b4fe691d41ab7f59c4d)] -> css selector: [id='txtpwd']] before sending the keys.
18:49:40.789 INFO  driver.Page (    Page.java:133) - Sending the following keys {} Demo@123 to the element {} [[ChromeDriver: chrome on WINDOWS (d12bdd935de84b4fe691d41ab7f59c4d)] -> css selector: [id='txtpwd']]
18:49:40.984 INFO  scp.LoginPage (LoginPage.java:152) - Password populated successfully.
18:49:40.984 INFO  scp.LoginPage (LoginPage.java:186) - Clicking the sign in button.
18:49:40.984 INFO  driver.Page (    Page.java:58) - Preparing for element to click.
18:49:40.985 INFO  driver.Page (    Page.java:232) - Waiting for element to be clickable for 120 seconds.
18:49:41.079 INFO  driver.Page (    Page.java:235) - Element is clickable now.
18:49:41.296 INFO  driver.Page (    Page.java:61) - Element is clicked successfully.
18:49:41.297 INFO  scp.LoginPage (LoginPage.java:188) - Sign in button clicked successfully.
18:49:41.297 INFO  scp.HomePage (HomePage.java:120) - Wait for page loader visibility.
18:49:41.297 INFO  driver.Page (    Page.java:257) - Waiting for element to be visible for 120 seconds.
18:49:46.964 INFO  driver.Page (    Page.java:260) - Element is visible on the page.
18:49:46.965 INFO  scp.HomePage (HomePage.java:122) - Wait for page loader invisibility.
18:49:46.965 INFO  driver.Page (    Page.java:271) - Waiting for element to be invisible for 120 seconds.
18:50:25.443 INFO  driver.Page (    Page.java:274) - Element is invisible from the page.
18:50:25.455 INFO  scp.DashboardSteps (DashboardSteps.java:799) - Checking that the current page is dashboard page.
18:50:25.455 INFO  driver.Page (    Page.java:39) - Fetching the current URL.
18:50:25.480 INFO  driver.Page (    Page.java:40) - The Current URL is: https://u-wgl-r2.smartcmobile.net/Portal/Dashboard.aspx
18:50:25.496 INFO  driver.Page (    Page.java:45) - Fetching the current title.
18:50:25.507 INFO  driver.Page (    Page.java:46) - The Current Title is: Home
18:50:25.516 INFO  scp.DashboardSteps (DashboardSteps.java:802) - The current page is dashboard page {}: true
18:50:25.520 INFO  scp.HomeSteps (HomeSteps.java:88) - Navigating to the My Profile page.
18:50:32.057 INFO  driver.Page (    Page.java:58) - Preparing for element to click.
18:50:32.058 INFO  driver.Page (    Page.java:232) - Waiting for element to be clickable for 120 seconds.
18:50:32.144 INFO  driver.Page (    Page.java:235) - Element is clickable now.
18:50:32.364 INFO  driver.Page (    Page.java:61) - Element is clicked successfully.
18:50:32.364 INFO  scp.HomePage (HomePage.java:244) - My account link clicked successfully.
18:50:35.380 INFO  driver.Page (    Page.java:58) - Preparing for element to click.
18:50:35.381 INFO  driver.Page (    Page.java:232) - Waiting for element to be clickable for 120 seconds.
18:50:35.465 INFO  driver.Page (    Page.java:235) - Element is clickable now.
18:50:58.105 INFO  driver.Page (    Page.java:61) - Element is clicked successfully.
18:50:58.106 INFO  scp.HomePage (HomePage.java:745) - My profile page Clicked Successfully
18:51:02.631 INFO  scp.HomeSteps (HomeSteps.java:97) - Navigated to the My Profile page.
18:51:02.664 INFO  driver.Page (    Page.java:161) - Wait for the element {} [[ChromeDriver: chrome on WINDOWS (d12bdd935de84b4fe691d41ab7f59c4d)] -> css selector: #ContentPlaceHolder1_ContentPlaceHolderBody_lblName] to be visible on the page for duration of {} 120
18:51:02.664 INFO  driver.Page (    Page.java:257) - Waiting for element to be visible for 120 seconds.
18:51:02.699 INFO  driver.Page (    Page.java:260) - Element is visible on the page.
18:51:02.742 INFO  driver.Page (    Page.java:164) - Text got from the locator {} [[ChromeDriver: chrome on WINDOWS (d12bdd935de84b4fe691d41ab7f59c4d)] -> css selector: #ContentPlaceHolder1_ContentPlaceHolderBody_lblName] is PATRICIA TURNER
18:51:02.767 INFO  scp.NotificationPreferencePage (MyProfilePage.java:63) -  Name of the User Label is  {}: PATRICIA TURNER
18:51:02.768 INFO  scp.NotificationPreferencePage (MyProfilePage.java:95) - Fetching the Edit User Name placeholder.
18:51:02.788 INFO  driver.Page (    Page.java:161) - Wait for the element {} [[ChromeDriver: chrome on WINDOWS (d12bdd935de84b4fe691d41ab7f59c4d)] -> css selector: div.lft_profile_sec #txtUserid] to be visible on the page for duration of {} 120
18:51:02.788 INFO  driver.Page (    Page.java:257) - Waiting for element to be visible for 120 seconds.
18:51:02.821 INFO  driver.Page (    Page.java:260) - Element is visible on the page.
18:51:02.865 INFO  driver.Page (    Page.java:164) - Text got from the locator {} [[ChromeDriver: chrome on WINDOWS (d12bdd935de84b4fe691d41ab7f59c4d)] -> css selector: div.lft_profile_sec #txtUserid] is patricupdate
18:51:02.898 INFO  scp.NotificationPreferencePage (MyProfilePage.java:97) -  Edit User Name placeholder {}: patricupdate
18:51:02.898 INFO  scp.NotificationPreferencePage (MyProfilePage.java:198) - Fetching the User Profile Password placeholder.
18:51:02.928 INFO  driver.Page (    Page.java:161) - Wait for the element {} [[ChromeDriver: chrome on WINDOWS (d12bdd935de84b4fe691d41ab7f59c4d)] -> xpath: //h3[text()='Password']/following::span[1]] to be visible on the page for duration of {} 120
18:51:02.928 INFO  driver.Page (    Page.java:257) - Waiting for element to be visible for 120 seconds.
18:51:02.978 INFO  driver.Page (    Page.java:260) - Element is visible on the page.
18:51:03.029 INFO  driver.Page (    Page.java:164) - Text got from the locator {} [[ChromeDriver: chrome on WINDOWS (d12bdd935de84b4fe691d41ab7f59c4d)] -> xpath: //h3[text()='Password']/following::span[1]] is ************
18:51:03.060 INFO  scp.NotificationPreferencePage (MyProfilePage.java:200) -  User Profile Password placeholder is  {}: ************
18:51:03.061 INFO  scp.NotificationPreferencePage (MyProfilePage.java:208) - Fetching the Primary Phone on placeholder.
18:51:03.110 INFO  driver.Page (    Page.java:161) - Wait for the element {} [[ChromeDriver: chrome on WINDOWS (d12bdd935de84b4fe691d41ab7f59c4d)] -> css selector: #lbl_Phone] to be visible on the page for duration of {} 120
18:51:03.110 INFO  driver.Page (    Page.java:257) - Waiting for element to be visible for 120 seconds.
18:51:03.164 INFO  driver.Page (    Page.java:260) - Element is visible on the page.
18:51:03.210 INFO  driver.Page (    Page.java:164) - Text got from the locator {} [[ChromeDriver: chrome on WINDOWS (d12bdd935de84b4fe691d41ab7f59c4d)] -> css selector: #lbl_Phone] is (212) 121-2155
18:51:03.240 INFO  scp.NotificationPreferencePage (MyProfilePage.java:210) - Primary Phone no placeholder {}: (212) 121-2155
18:51:03.240 INFO  scp.NotificationPreferencePage (MyProfilePage.java:208) - Fetching the Primary Phone on placeholder.
18:51:03.253 INFO  driver.Page (    Page.java:161) - Wait for the element {} [[ChromeDriver: chrome on WINDOWS (d12bdd935de84b4fe691d41ab7f59c4d)] -> css selector: #lbl_Phone] to be visible on the page for duration of {} 120
18:51:03.253 INFO  driver.Page (    Page.java:257) - Waiting for element to be visible for 120 seconds.
18:51:03.345 INFO  driver.Page (    Page.java:260) - Element is visible on the page.
18:51:03.385 INFO  driver.Page (    Page.java:164) - Text got from the locator {} [[ChromeDriver: chrome on WINDOWS (d12bdd935de84b4fe691d41ab7f59c4d)] -> css selector: #lbl_Phone] is (212) 121-2155
18:51:03.415 INFO  scp.NotificationPreferencePage (MyProfilePage.java:210) - Primary Phone no placeholder {}: (212) 121-2155
18:51:03.415 INFO  scp.NotificationPreferencePage (MyProfilePage.java:349) - Fetching the Primary Email Id placeholder.
18:51:03.433 INFO  driver.Page (    Page.java:161) - Wait for the element {} [[ChromeDriver: chrome on WINDOWS (d12bdd935de84b4fe691d41ab7f59c4d)] -> css selector: #lblEmail] to be visible on the page for duration of {} 120
18:51:03.433 INFO  driver.Page (    Page.java:257) - Waiting for element to be visible for 120 seconds.
18:51:03.500 INFO  driver.Page (    Page.java:260) - Element is visible on the page.
18:51:03.539 INFO  driver.Page (    Page.java:164) - Text got from the locator {} [[ChromeDriver: chrome on WINDOWS (d12bdd935de84b4fe691d41ab7f59c4d)] -> css selector: #lblEmail] is patricturner@yopmail.com
18:51:03.566 INFO  scp.NotificationPreferencePage (MyProfilePage.java:351) - Primary Email Id  placeholder {}: patricturner@yopmail.com
18:51:03.567 INFO  driver.Page (    Page.java:58) - Preparing for element to click.
18:51:03.567 INFO  driver.Page (    Page.java:232) - Waiting for element to be clickable for 120 seconds.
18:51:03.632 INFO  driver.Page (    Page.java:235) - Element is clickable now.
18:51:03.761 INFO  driver.Page (    Page.java:61) - Element is clicked successfully.
18:51:03.761 INFO  scp.NotificationPreferencePage (MyProfilePage.java:237) - Phone Number Edit Button is Editable
18:51:03.776 INFO  driver.Page (    Page.java:183) - Wait for the element {} [[ChromeDriver: chrome on WINDOWS (d12bdd935de84b4fe691d41ab7f59c4d)] -> css selector: #lbl_Phone] to be visible on the page for duration of {} 120
18:51:03.776 INFO  driver.Page (    Page.java:257) - Waiting for element to be visible for 120 seconds.
18:51:03.814 INFO  driver.Page (    Page.java:260) - Element is visible on the page.
18:51:03.905 INFO  driver.Page (    Page.java:187) - Text got from the locator {} [[ChromeDriver: chrome on WINDOWS (d12bdd935de84b4fe691d41ab7f59c4d)] -> css selector: #lbl_Phone] is 14
18:51:03.937 INFO  scp.NotificationPreferencePage (MyProfilePage.java:216) - Max length of Primary Phone Number field is {} 14
18:51:03.959 INFO  driver.Page (    Page.java:146) - Wait for element {} [[ChromeDriver: chrome on WINDOWS (d12bdd935de84b4fe691d41ab7f59c4d)] -> css selector: input[inputtype='Phone']] to be present in the DOM for duration of {} 120
18:51:03.959 INFO  driver.Page (    Page.java:257) - Waiting for element to be visible for 120 seconds.
18:51:03.993 INFO  driver.Page (    Page.java:260) - Element is visible on the page.
18:51:04.007 INFO  driver.Page (    Page.java:148) - Clearing the element {} [[ChromeDriver: chrome on WINDOWS (d12bdd935de84b4fe691d41ab7f59c4d)] -> css selector: input[inputtype='Phone']]
18:51:04.135 INFO  scp.NotificationPreferencePage (MyProfilePage.java:245) - Primary Phone number Input Field is cleared
18:51:04.140 INFO  scp.NotificationPreferencePage (MyProfilePage.java:249) - Populating Primary Number{} :2121212155
18:51:04.156 INFO  driver.Page (    Page.java:129) - Wait for element {} [[ChromeDriver: chrome on WINDOWS (d12bdd935de84b4fe691d41ab7f59c4d)] -> css selector: input[inputtype='Phone']] to be present in the DOM for duration of {} 120
18:51:04.156 INFO  driver.Page (    Page.java:257) - Waiting for element to be visible for 120 seconds.
18:51:04.187 INFO  driver.Page (    Page.java:260) - Element is visible on the page.
18:51:04.204 INFO  driver.Page (    Page.java:131) - Clearing the element {} [[ChromeDriver: chrome on WINDOWS (d12bdd935de84b4fe691d41ab7f59c4d)] -> css selector: input[inputtype='Phone']] before sending the keys.
18:51:04.339 INFO  driver.Page (    Page.java:133) - Sending the following keys {} 2121212155 to the element {} [[ChromeDriver: chrome on WINDOWS (d12bdd935de84b4fe691d41ab7f59c4d)] -> css selector: input[inputtype='Phone']]
18:51:04.519 INFO  scp.NotificationPreferencePage (MyProfilePage.java:251) - Primary Phone Number populated successfully.
18:51:04.519 INFO  driver.Page (    Page.java:58) - Preparing for element to click.
18:51:04.520 INFO  driver.Page (    Page.java:232) - Waiting for element to be clickable for 120 seconds.
18:51:04.585 INFO  driver.Page (    Page.java:235) - Element is clickable now.
18:51:04.742 INFO  driver.Page (    Page.java:61) - Element is clicked successfully.
18:51:04.743 INFO  scp.NotificationPreferencePage (MyProfilePage.java:269) - Primary Phone Number Save Button Successfully Clicked
18:51:15.259 INFO  scp.MyProfileTests (MyProfileTests.java:217) - Test Case execution for-verifyUpdateProfileInformation is completed
18:51:22.777 INFO  driver.DriverFactory (DriverFactory.java:125) - Clearing all the cookies.
