16:04:01.221 INFO  utils.ExcelUtils (ExcelUtils.java:35) - Test Runner excel row at: 13
16:04:01.232 INFO  utils.ExcelUtils (ExcelUtils.java:35) - Test Runner excel row at: 14
16:04:01.233 INFO  utils.ExcelUtils (ExcelUtils.java:35) - Test Runner excel row at: 15
16:04:01.234 INFO  utils.ExcelUtils (ExcelUtils.java:35) - Test Runner excel row at: 16
16:04:01.235 INFO  utils.ExcelUtils (ExcelUtils.java:35) - Test Runner excel row at: 17
16:04:01.236 INFO  utils.ExcelUtils (ExcelUtils.java:35) - Test Runner excel row at: 18
16:04:01.237 INFO  utils.ExcelUtils (ExcelUtils.java:35) - Test Runner excel row at: 19
16:04:01.238 INFO  utils.ExcelUtils (ExcelUtils.java:35) - Test Runner excel row at: 20
16:04:01.239 INFO  utils.ExcelUtils (ExcelUtils.java:35) - Test Runner excel row at: 21
16:04:01.241 INFO  utils.ExcelUtils (ExcelUtils.java:35) - Test Runner excel row at: 22
16:04:01.242 INFO  utils.ExcelUtils (ExcelUtils.java:35) - Test Runner excel row at: 23
16:04:01.242 INFO  utils.ExcelUtils (ExcelUtils.java:35) - Test Runner excel row at: 24
16:04:01.242 INFO  utils.ExcelUtils (ExcelUtils.java:35) - Test Runner excel row at: 25
16:04:01.243 INFO  utils.ExcelUtils (ExcelUtils.java:35) - Test Runner excel row at: 26
16:04:01.243 INFO  utils.ExcelUtils (ExcelUtils.java:35) - Test Runner excel row at: 27
16:04:01.244 INFO  utils.ExcelUtils (ExcelUtils.java:35) - Test Runner excel row at: 28
16:04:01.245 INFO  utils.ExcelUtils (ExcelUtils.java:35) - Test Runner excel row at: 29
16:04:06.374 INFO  driver.WebDriverFactory (WebDriverFactory.java:207) - Setting up the browser window to its max.
16:04:06.526 INFO  driver.WebDriverFactory (WebDriverFactory.java:196) - Initializing the implicit wait timeout for {} 5
16:04:06.534 INFO  driver.WebDriverFactory (WebDriverFactory.java:199) - Initializing the page load timeout.
16:04:06.543 INFO  driver.DriverFactory (DriverFactory.java:112) - Clearing all the cookies.
16:04:06.560 INFO  driver.DriverFactory (DriverFactory.java:57) - Open the url {} https://qa.smartcmobile.net/SCM_10.0_S-CSP/ using the selenium get() method.
16:04:17.731 INFO  csp.AdminNotificationTests (AdminNotificationTests.java:30) - To verify the tests with the below test case id's: C80451, C80452, C80483
16:04:18.000 INFO  scp.HomePage (HomePage.java:35) - Wait for page loader invisibility.
16:04:18.001 INFO  driver.Page (    Page.java:223) - Waiting for element to be invisible for 120 seconds.
16:04:23.047 INFO  driver.Page (    Page.java:226) - Element is invisible from the page.
16:04:23.047 INFO  csp.AdminLoginPage (AdminLoginPage.java:334) - Checking that the current page is Admin login page.
16:04:23.047 INFO  driver.Page (    Page.java:37) - Fetching the current URL.
16:04:23.056 INFO  driver.Page (    Page.java:38) - The Current URL is: https://qa.smartcmobile.net/SCM_10.0_S-CSP/
16:04:23.063 INFO  driver.Page (    Page.java:43) - Fetching the current title.
16:04:23.071 INFO  driver.Page (    Page.java:44) - The Current Title is: SCM Admin - Login
16:04:23.077 INFO  csp.AdminLoginPage (AdminLoginPage.java:337) - The current page is Admin login page {}: true
16:04:23.080 INFO  csp.AdminLoginPage (AdminLoginPage.java:30) - Populating username {} :qauser
16:04:23.099 INFO  driver.Page (    Page.java:102) - Wait for element {} [[ChromeDriver: chrome on WINDOWS (6898dd9511b62a68bfcd1f150d38289e)] -> css selector: [id='txtAdminLogin']] to be present in the DOM for duration of {} 120
16:04:23.100 INFO  driver.Page (    Page.java:209) - Waiting for element to be visible for 120 seconds.
16:04:23.161 INFO  driver.Page (    Page.java:212) - Element is visible on the page.
16:04:23.179 INFO  driver.Page (    Page.java:104) - Clearing the element {} [[ChromeDriver: chrome on WINDOWS (6898dd9511b62a68bfcd1f150d38289e)] -> css selector: [id='txtAdminLogin']] before sending the keys.
16:04:23.263 INFO  driver.Page (    Page.java:106) - Sending the following keys {} qauser to the element {} [[ChromeDriver: chrome on WINDOWS (6898dd9511b62a68bfcd1f150d38289e)] -> css selector: [id='txtAdminLogin']]
16:04:23.316 INFO  csp.AdminLoginPage (AdminLoginPage.java:32) - Username populated successfully.
16:04:23.316 INFO  csp.AdminLoginPage (AdminLoginPage.java:54) - Populating password {} :Sew@2021$!
16:04:23.332 INFO  driver.Page (    Page.java:102) - Wait for element {} [[ChromeDriver: chrome on WINDOWS (6898dd9511b62a68bfcd1f150d38289e)] -> css selector: [id='txtpwd']] to be present in the DOM for duration of {} 120
16:04:23.333 INFO  driver.Page (    Page.java:209) - Waiting for element to be visible for 120 seconds.
16:04:23.375 INFO  driver.Page (    Page.java:212) - Element is visible on the page.
16:04:23.388 INFO  driver.Page (    Page.java:104) - Clearing the element {} [[ChromeDriver: chrome on WINDOWS (6898dd9511b62a68bfcd1f150d38289e)] -> css selector: [id='txtpwd']] before sending the keys.
16:04:23.455 INFO  driver.Page (    Page.java:106) - Sending the following keys {} Sew@2021$! to the element {} [[ChromeDriver: chrome on WINDOWS (6898dd9511b62a68bfcd1f150d38289e)] -> css selector: [id='txtpwd']]
16:04:23.551 INFO  csp.AdminLoginPage (AdminLoginPage.java:56) - Password populated successfully.
16:04:23.552 INFO  driver.Page (    Page.java:56) - Preparing for element to click.
16:04:23.553 INFO  driver.Page (    Page.java:184) - Waiting for element to be clickable for 120 seconds.
16:04:23.645 INFO  driver.Page (    Page.java:187) - Element is clickable now.
16:04:31.733 INFO  driver.Page (    Page.java:59) - Element is clicked successfully.
16:04:31.734 INFO  csp.AdminLoginPage (AdminLoginPage.java:67) - SignIn Button clicked successfully.
16:04:31.734 INFO  scp.HomePage (HomePage.java:35) - Wait for page loader invisibility.
16:04:31.735 INFO  driver.Page (    Page.java:223) - Waiting for element to be invisible for 120 seconds.
16:04:31.780 INFO  driver.Page (    Page.java:226) - Element is invisible from the page.
16:04:31.784 INFO  csp.AdminHomePage (AdminHomePage.java:162) - Checking that the current page is Admin Home page.
16:04:31.784 INFO  driver.Page (    Page.java:37) - Fetching the current URL.
16:04:31.792 INFO  driver.Page (    Page.java:38) - The Current URL is: https://qa.smartcmobile.net/SCM_10.0_S-CSP/Home.aspx
16:04:31.801 INFO  driver.Page (    Page.java:43) - Fetching the current title.
16:04:31.809 INFO  driver.Page (    Page.java:44) - The Current Title is: Dashboard
16:04:31.818 INFO  csp.AdminHomePage (AdminHomePage.java:165) - The current page is Admin Home page {}: true
16:04:31.822 INFO  driver.Page (    Page.java:209) - Waiting for element to be visible for 120 seconds.
16:04:31.872 INFO  driver.Page (    Page.java:212) - Element is visible on the page.
16:04:31.873 INFO  csp.AdminHomePage (AdminHomePage.java:50) - Notification Link is Visible on the Admin Home page.
16:04:31.873 INFO  driver.Page (    Page.java:56) - Preparing for element to click.
16:04:31.873 INFO  driver.Page (    Page.java:184) - Waiting for element to be clickable for 120 seconds.
16:04:31.942 INFO  driver.Page (    Page.java:187) - Element is clickable now.
16:04:52.941 INFO  driver.Page (    Page.java:59) - Element is clicked successfully.
16:04:52.941 INFO  csp.AdminHomePage (AdminHomePage.java:54) - Notification Link clicked successfully.
16:04:52.942 INFO  scp.HomePage (HomePage.java:35) - Wait for page loader invisibility.
16:04:52.942 INFO  driver.Page (    Page.java:223) - Waiting for element to be invisible for 120 seconds.
16:04:58.326 INFO  driver.Page (    Page.java:226) - Element is invisible from the page.
16:04:58.326 INFO  scp.HomePage (HomePage.java:73) - Wait for Spinner Loading Image invisibility.
16:04:58.327 INFO  driver.Page (    Page.java:223) - Waiting for element to be invisible for 120 seconds.
16:05:03.393 INFO  driver.Page (    Page.java:226) - Element is invisible from the page.
16:05:03.393 INFO  scp.AboutMyHomePage (AdminNotificationPage.java:849) - Wait for Next Page visibility on Notification Page.
16:05:03.394 INFO  driver.Page (    Page.java:209) - Waiting for element to be visible for 120 seconds.
16:05:03.422 INFO  driver.Page (    Page.java:212) - Element is visible on the page.
16:10:02.592 WARN  config.Configuration (Configuration.java:231) - QA env being used by default. No env property set. This can be set in the sew.app.yml config file with a '{}=' property or on the command line with the switch '-D{}='.
16:10:03.239 INFO  runner.TestRunner (TestRunner.java:32) - Initializing application properties config file.
16:10:03.262 INFO  runner.TestRunner (TestRunner.java:35) - Initializing connection to the base database.
16:10:03.355 WARN  config.DatabaseConfiguration (DatabaseConfiguration.java:84) - QA env being used by default. No env property set. This can be set in the sentinel.yml config file with a '{}=' property or on the command line with the switch '-D{}='.
16:10:05.119 INFO  runner.TestRunner (TestRunner.java:38) - Initializing resource path config file.
16:10:05.127 INFO  runner.TestRunner (TestRunner.java:41) - Initializing usage months config from CSP.
16:10:05.957 INFO  runner.TestRunner (TestRunner.java:44) - Initializing date config from CSP.
16:10:06.727 INFO  runner.TestRunner (TestRunner.java:47) - Initializing language config from CSP.
16:10:07.481 INFO  runner.TestRunner (TestRunner.java:50) - Initializing language config from CSP.
16:10:08.248 INFO  runner.TestRunner (TestRunner.java:53) - Initializing language config from CSP.
16:10:09.000 INFO  runner.TestRunner (TestRunner.java:56) - Initializing user model config.
16:10:15.012 INFO  runner.TestRunner (TestRunner.java:59) - Initializing auth token config.
16:10:15.012 INFO  runner.TestRunner (TestRunner.java:62) - Initializing Admin User config.
16:10:16.719 INFO  utils.ExcelUtils (ExcelUtils.java:35) - Test Runner excel row at: 1
16:10:16.728 INFO  utils.ExcelUtils (ExcelUtils.java:35) - Test Runner excel row at: 2
16:10:16.729 INFO  utils.ExcelUtils (ExcelUtils.java:35) - Test Runner excel row at: 3
16:10:16.730 INFO  utils.ExcelUtils (ExcelUtils.java:35) - Test Runner excel row at: 4
16:10:16.731 INFO  utils.ExcelUtils (ExcelUtils.java:35) - Test Runner excel row at: 5
16:10:16.732 INFO  utils.ExcelUtils (ExcelUtils.java:35) - Test Runner excel row at: 6
16:10:16.733 INFO  utils.ExcelUtils (ExcelUtils.java:35) - Test Runner excel row at: 7
16:10:16.734 INFO  utils.ExcelUtils (ExcelUtils.java:35) - Test Runner excel row at: 8
16:10:16.735 INFO  utils.ExcelUtils (ExcelUtils.java:35) - Test Runner excel row at: 9
16:10:16.736 INFO  utils.ExcelUtils (ExcelUtils.java:35) - Test Runner excel row at: 10
16:10:16.738 INFO  utils.ExcelUtils (ExcelUtils.java:35) - Test Runner excel row at: 11
16:10:16.738 INFO  utils.ExcelUtils (ExcelUtils.java:35) - Test Runner excel row at: 12
16:10:16.739 INFO  utils.ExcelUtils (ExcelUtils.java:35) - Test Runner excel row at: 13
16:10:16.740 INFO  utils.ExcelUtils (ExcelUtils.java:35) - Test Runner excel row at: 14
16:10:16.741 INFO  utils.ExcelUtils (ExcelUtils.java:35) - Test Runner excel row at: 15
16:10:16.741 INFO  utils.ExcelUtils (ExcelUtils.java:35) - Test Runner excel row at: 16
16:10:16.742 INFO  utils.ExcelUtils (ExcelUtils.java:35) - Test Runner excel row at: 17
16:10:16.743 INFO  utils.ExcelUtils (ExcelUtils.java:35) - Test Runner excel row at: 18
16:10:16.744 INFO  utils.ExcelUtils (ExcelUtils.java:35) - Test Runner excel row at: 19
16:10:16.744 INFO  utils.ExcelUtils (ExcelUtils.java:35) - Test Runner excel row at: 20
16:10:16.745 INFO  utils.ExcelUtils (ExcelUtils.java:35) - Test Runner excel row at: 21
16:10:16.746 INFO  utils.ExcelUtils (ExcelUtils.java:35) - Test Runner excel row at: 22
16:10:16.747 INFO  utils.ExcelUtils (ExcelUtils.java:35) - Test Runner excel row at: 23
16:10:16.747 INFO  utils.ExcelUtils (ExcelUtils.java:35) - Test Runner excel row at: 24
16:10:16.748 INFO  utils.ExcelUtils (ExcelUtils.java:35) - Test Runner excel row at: 25
16:10:16.749 INFO  utils.ExcelUtils (ExcelUtils.java:35) - Test Runner excel row at: 26
16:10:16.750 INFO  utils.ExcelUtils (ExcelUtils.java:35) - Test Runner excel row at: 27
16:10:16.751 INFO  utils.ExcelUtils (ExcelUtils.java:35) - Test Runner excel row at: 28
16:10:16.752 INFO  utils.ExcelUtils (ExcelUtils.java:35) - Test Runner excel row at: 29
16:10:22.713 INFO  driver.WebDriverFactory (WebDriverFactory.java:207) - Setting up the browser window to its max.
16:10:22.936 INFO  driver.WebDriverFactory (WebDriverFactory.java:196) - Initializing the implicit wait timeout for {} 5
16:10:22.947 INFO  driver.WebDriverFactory (WebDriverFactory.java:199) - Initializing the page load timeout.
16:10:22.955 INFO  driver.DriverFactory (DriverFactory.java:112) - Clearing all the cookies.
16:10:22.970 INFO  driver.DriverFactory (DriverFactory.java:57) - Open the url {} https://qa.smartcmobile.net/SCM_10.0_S-CSP/ using the selenium get() method.
16:10:30.589 INFO  csp.AdminNotificationTests (AdminNotificationTests.java:30) - To verify the tests with the below test case id's: C80451, C80452, C80483
16:10:30.741 INFO  scp.HomePage (HomePage.java:35) - Wait for page loader invisibility.
16:10:30.741 INFO  driver.Page (    Page.java:223) - Waiting for element to be invisible for 120 seconds.
16:10:35.781 INFO  driver.Page (    Page.java:226) - Element is invisible from the page.
16:10:35.782 INFO  csp.AdminLoginPage (AdminLoginPage.java:334) - Checking that the current page is Admin login page.
16:10:35.782 INFO  driver.Page (    Page.java:37) - Fetching the current URL.
16:10:35.790 INFO  driver.Page (    Page.java:38) - The Current URL is: https://qa.smartcmobile.net/SCM_10.0_S-CSP/
16:10:35.796 INFO  driver.Page (    Page.java:43) - Fetching the current title.
16:10:35.804 INFO  driver.Page (    Page.java:44) - The Current Title is: SCM Admin - Login
16:10:35.812 INFO  csp.AdminLoginPage (AdminLoginPage.java:337) - The current page is Admin login page {}: true
16:10:35.815 INFO  csp.AdminLoginPage (AdminLoginPage.java:30) - Populating username {} :qauser
16:10:35.835 INFO  driver.Page (    Page.java:102) - Wait for element {} [[ChromeDriver: chrome on WINDOWS (d29496214521fe769aa5db5bc5c798d2)] -> css selector: [id='txtAdminLogin']] to be present in the DOM for duration of {} 120
16:10:35.835 INFO  driver.Page (    Page.java:209) - Waiting for element to be visible for 120 seconds.
16:10:35.883 INFO  driver.Page (    Page.java:212) - Element is visible on the page.
16:10:35.897 INFO  driver.Page (    Page.java:104) - Clearing the element {} [[ChromeDriver: chrome on WINDOWS (d29496214521fe769aa5db5bc5c798d2)] -> css selector: [id='txtAdminLogin']] before sending the keys.
16:10:35.982 INFO  driver.Page (    Page.java:106) - Sending the following keys {} qauser to the element {} [[ChromeDriver: chrome on WINDOWS (d29496214521fe769aa5db5bc5c798d2)] -> css selector: [id='txtAdminLogin']]
16:10:36.038 INFO  csp.AdminLoginPage (AdminLoginPage.java:32) - Username populated successfully.
16:10:36.038 INFO  csp.AdminLoginPage (AdminLoginPage.java:54) - Populating password {} :Sew@2021$!
16:10:36.054 INFO  driver.Page (    Page.java:102) - Wait for element {} [[ChromeDriver: chrome on WINDOWS (d29496214521fe769aa5db5bc5c798d2)] -> css selector: [id='txtpwd']] to be present in the DOM for duration of {} 120
16:10:36.055 INFO  driver.Page (    Page.java:209) - Waiting for element to be visible for 120 seconds.
16:10:36.085 INFO  driver.Page (    Page.java:212) - Element is visible on the page.
16:10:36.096 INFO  driver.Page (    Page.java:104) - Clearing the element {} [[ChromeDriver: chrome on WINDOWS (d29496214521fe769aa5db5bc5c798d2)] -> css selector: [id='txtpwd']] before sending the keys.
16:10:36.156 INFO  driver.Page (    Page.java:106) - Sending the following keys {} Sew@2021$! to the element {} [[ChromeDriver: chrome on WINDOWS (d29496214521fe769aa5db5bc5c798d2)] -> css selector: [id='txtpwd']]
16:10:36.235 INFO  csp.AdminLoginPage (AdminLoginPage.java:56) - Password populated successfully.
16:10:36.235 INFO  driver.Page (    Page.java:56) - Preparing for element to click.
16:10:36.236 INFO  driver.Page (    Page.java:184) - Waiting for element to be clickable for 120 seconds.
16:10:36.295 INFO  driver.Page (    Page.java:187) - Element is clickable now.
16:10:44.183 INFO  driver.Page (    Page.java:59) - Element is clicked successfully.
16:10:44.184 INFO  csp.AdminLoginPage (AdminLoginPage.java:67) - SignIn Button clicked successfully.
16:10:44.184 INFO  scp.HomePage (HomePage.java:35) - Wait for page loader invisibility.
16:10:44.184 INFO  driver.Page (    Page.java:223) - Waiting for element to be invisible for 120 seconds.
16:10:44.244 INFO  driver.Page (    Page.java:226) - Element is invisible from the page.
16:10:44.246 INFO  csp.AdminHomePage (AdminHomePage.java:162) - Checking that the current page is Admin Home page.
16:10:44.246 INFO  driver.Page (    Page.java:37) - Fetching the current URL.
16:10:44.254 INFO  driver.Page (    Page.java:38) - The Current URL is: https://qa.smartcmobile.net/SCM_10.0_S-CSP/Home.aspx
16:10:44.262 INFO  driver.Page (    Page.java:43) - Fetching the current title.
16:10:44.270 INFO  driver.Page (    Page.java:44) - The Current Title is: Dashboard
16:10:44.278 INFO  csp.AdminHomePage (AdminHomePage.java:165) - The current page is Admin Home page {}: true
16:10:44.282 INFO  driver.Page (    Page.java:209) - Waiting for element to be visible for 120 seconds.
16:10:44.331 INFO  driver.Page (    Page.java:212) - Element is visible on the page.
16:10:44.331 INFO  csp.AdminHomePage (AdminHomePage.java:50) - Notification Link is Visible on the Admin Home page.
16:10:44.331 INFO  driver.Page (    Page.java:56) - Preparing for element to click.
16:10:44.331 INFO  driver.Page (    Page.java:184) - Waiting for element to be clickable for 120 seconds.
16:10:44.399 INFO  driver.Page (    Page.java:187) - Element is clickable now.
16:11:08.836 INFO  driver.Page (    Page.java:59) - Element is clicked successfully.
16:11:08.837 INFO  csp.AdminHomePage (AdminHomePage.java:54) - Notification Link clicked successfully.
16:11:08.837 INFO  scp.HomePage (HomePage.java:35) - Wait for page loader invisibility.
16:11:08.837 INFO  driver.Page (    Page.java:223) - Waiting for element to be invisible for 120 seconds.
16:11:13.651 INFO  driver.Page (    Page.java:226) - Element is invisible from the page.
16:11:13.651 INFO  scp.HomePage (HomePage.java:73) - Wait for Spinner Loading Image invisibility.
16:11:13.651 INFO  driver.Page (    Page.java:223) - Waiting for element to be invisible for 120 seconds.
16:11:18.708 INFO  driver.Page (    Page.java:226) - Element is invisible from the page.
16:11:18.708 INFO  scp.AboutMyHomePage (AdminNotificationPage.java:849) - Wait for Next Page visibility on Notification Page.
16:11:18.708 INFO  driver.Page (    Page.java:209) - Waiting for element to be visible for 120 seconds.
16:11:18.736 INFO  driver.Page (    Page.java:212) - Element is visible on the page.
16:11:22.284 INFO  driver.DriverFactory (DriverFactory.java:112) - Clearing all the cookies.
16:19:21.930 WARN  config.Configuration (Configuration.java:231) - QA env being used by default. No env property set. This can be set in the sew.app.yml config file with a '{}=' property or on the command line with the switch '-D{}='.
16:19:22.646 INFO  runner.TestRunner (TestRunner.java:32) - Initializing application properties config file.
16:19:22.647 INFO  runner.TestRunner (TestRunner.java:35) - Initializing connection to the base database.
16:19:22.677 WARN  config.DatabaseConfiguration (DatabaseConfiguration.java:84) - QA env being used by default. No env property set. This can be set in the sentinel.yml config file with a '{}=' property or on the command line with the switch '-D{}='.
16:19:24.405 INFO  runner.TestRunner (TestRunner.java:38) - Initializing resource path config file.
16:19:24.406 INFO  runner.TestRunner (TestRunner.java:41) - Initializing usage months config from CSP.
16:19:25.226 INFO  runner.TestRunner (TestRunner.java:44) - Initializing date config from CSP.
16:19:25.972 INFO  runner.TestRunner (TestRunner.java:47) - Initializing language config from CSP.
16:19:26.717 INFO  runner.TestRunner (TestRunner.java:50) - Initializing language config from CSP.
16:19:27.484 INFO  runner.TestRunner (TestRunner.java:53) - Initializing language config from CSP.
16:19:28.230 INFO  runner.TestRunner (TestRunner.java:56) - Initializing user model config.
16:19:32.894 INFO  runner.TestRunner (TestRunner.java:59) - Initializing auth token config.
16:19:32.894 INFO  runner.TestRunner (TestRunner.java:62) - Initializing Admin User config.
16:19:34.297 INFO  utils.ExcelUtils (ExcelUtils.java:35) - Test Runner excel row at: 1
16:19:34.305 INFO  utils.ExcelUtils (ExcelUtils.java:35) - Test Runner excel row at: 2
16:19:34.307 INFO  utils.ExcelUtils (ExcelUtils.java:35) - Test Runner excel row at: 3
16:19:34.308 INFO  utils.ExcelUtils (ExcelUtils.java:35) - Test Runner excel row at: 4
16:19:34.309 INFO  utils.ExcelUtils (ExcelUtils.java:35) - Test Runner excel row at: 5
16:19:34.310 INFO  utils.ExcelUtils (ExcelUtils.java:35) - Test Runner excel row at: 6
16:19:34.312 INFO  utils.ExcelUtils (ExcelUtils.java:35) - Test Runner excel row at: 7
16:19:34.313 INFO  utils.ExcelUtils (ExcelUtils.java:35) - Test Runner excel row at: 8
16:19:34.314 INFO  utils.ExcelUtils (ExcelUtils.java:35) - Test Runner excel row at: 9
16:19:34.315 INFO  utils.ExcelUtils (ExcelUtils.java:35) - Test Runner excel row at: 10
16:19:34.316 INFO  utils.ExcelUtils (ExcelUtils.java:35) - Test Runner excel row at: 11
16:19:34.317 INFO  utils.ExcelUtils (ExcelUtils.java:35) - Test Runner excel row at: 12
16:19:34.318 INFO  utils.ExcelUtils (ExcelUtils.java:35) - Test Runner excel row at: 13
16:19:34.319 INFO  utils.ExcelUtils (ExcelUtils.java:35) - Test Runner excel row at: 14
16:19:34.320 INFO  utils.ExcelUtils (ExcelUtils.java:35) - Test Runner excel row at: 15
16:19:34.320 INFO  utils.ExcelUtils (ExcelUtils.java:35) - Test Runner excel row at: 16
16:19:34.321 INFO  utils.ExcelUtils (ExcelUtils.java:35) - Test Runner excel row at: 17
16:19:34.322 INFO  utils.ExcelUtils (ExcelUtils.java:35) - Test Runner excel row at: 18
16:19:34.323 INFO  utils.ExcelUtils (ExcelUtils.java:35) - Test Runner excel row at: 19
16:19:34.323 INFO  utils.ExcelUtils (ExcelUtils.java:35) - Test Runner excel row at: 20
16:19:34.324 INFO  utils.ExcelUtils (ExcelUtils.java:35) - Test Runner excel row at: 21
16:19:34.325 INFO  utils.ExcelUtils (ExcelUtils.java:35) - Test Runner excel row at: 22
16:19:34.325 INFO  utils.ExcelUtils (ExcelUtils.java:35) - Test Runner excel row at: 23
16:19:34.326 INFO  utils.ExcelUtils (ExcelUtils.java:35) - Test Runner excel row at: 24
16:19:34.327 INFO  utils.ExcelUtils (ExcelUtils.java:35) - Test Runner excel row at: 25
16:19:34.328 INFO  utils.ExcelUtils (ExcelUtils.java:35) - Test Runner excel row at: 26
16:19:34.329 INFO  utils.ExcelUtils (ExcelUtils.java:35) - Test Runner excel row at: 27
16:19:34.330 INFO  utils.ExcelUtils (ExcelUtils.java:35) - Test Runner excel row at: 28
16:19:34.330 INFO  utils.ExcelUtils (ExcelUtils.java:35) - Test Runner excel row at: 29
16:19:44.231 INFO  driver.WebDriverFactory (WebDriverFactory.java:207) - Setting up the browser window to its max.
16:19:44.432 INFO  driver.WebDriverFactory (WebDriverFactory.java:196) - Initializing the implicit wait timeout for {} 5
16:19:44.450 INFO  driver.WebDriverFactory (WebDriverFactory.java:199) - Initializing the page load timeout.
16:19:44.463 INFO  driver.DriverFactory (DriverFactory.java:112) - Clearing all the cookies.
16:19:44.492 INFO  driver.DriverFactory (DriverFactory.java:57) - Open the url {} https://qa.smartcmobile.net/SCM_10.0_S-CSP/ using the selenium get() method.
16:19:54.358 INFO  csp.AdminNotificationTests (AdminNotificationTests.java:30) - To verify the tests with the below test case id's: C80451, C80452, C80483
16:19:54.454 INFO  scp.HomePage (HomePage.java:35) - Wait for page loader invisibility.
16:19:54.455 INFO  driver.Page (    Page.java:223) - Waiting for element to be invisible for 120 seconds.
16:19:59.486 INFO  driver.Page (    Page.java:226) - Element is invisible from the page.
16:19:59.487 INFO  csp.AdminLoginPage (AdminLoginPage.java:334) - Checking that the current page is Admin login page.
16:19:59.487 INFO  driver.Page (    Page.java:37) - Fetching the current URL.
16:19:59.495 INFO  driver.Page (    Page.java:38) - The Current URL is: https://qa.smartcmobile.net/SCM_10.0_S-CSP/
16:19:59.500 INFO  driver.Page (    Page.java:43) - Fetching the current title.
16:19:59.508 INFO  driver.Page (    Page.java:44) - The Current Title is: SCM Admin - Login
16:19:59.513 INFO  csp.AdminLoginPage (AdminLoginPage.java:337) - The current page is Admin login page {}: true
16:19:59.515 INFO  csp.AdminLoginPage (AdminLoginPage.java:30) - Populating username {} :qauser
16:19:59.534 INFO  driver.Page (    Page.java:102) - Wait for element {} [[ChromeDriver: chrome on WINDOWS (b7cccadf08bf9745a42f19e4b117bbeb)] -> css selector: [id='txtAdminLogin']] to be present in the DOM for duration of {} 120
16:19:59.534 INFO  driver.Page (    Page.java:209) - Waiting for element to be visible for 120 seconds.
16:19:59.574 INFO  driver.Page (    Page.java:212) - Element is visible on the page.
16:19:59.585 INFO  driver.Page (    Page.java:104) - Clearing the element {} [[ChromeDriver: chrome on WINDOWS (b7cccadf08bf9745a42f19e4b117bbeb)] -> css selector: [id='txtAdminLogin']] before sending the keys.
16:19:59.647 INFO  driver.Page (    Page.java:106) - Sending the following keys {} qauser to the element {} [[ChromeDriver: chrome on WINDOWS (b7cccadf08bf9745a42f19e4b117bbeb)] -> css selector: [id='txtAdminLogin']]
16:19:59.703 INFO  csp.AdminLoginPage (AdminLoginPage.java:32) - Username populated successfully.
16:19:59.704 INFO  csp.AdminLoginPage (AdminLoginPage.java:54) - Populating password {} :Sew@2021$!
16:19:59.726 INFO  driver.Page (    Page.java:102) - Wait for element {} [[ChromeDriver: chrome on WINDOWS (b7cccadf08bf9745a42f19e4b117bbeb)] -> css selector: [id='txtpwd']] to be present in the DOM for duration of {} 120
16:19:59.726 INFO  driver.Page (    Page.java:209) - Waiting for element to be visible for 120 seconds.
16:19:59.772 INFO  driver.Page (    Page.java:212) - Element is visible on the page.
16:19:59.785 INFO  driver.Page (    Page.java:104) - Clearing the element {} [[ChromeDriver: chrome on WINDOWS (b7cccadf08bf9745a42f19e4b117bbeb)] -> css selector: [id='txtpwd']] before sending the keys.
16:19:59.853 INFO  driver.Page (    Page.java:106) - Sending the following keys {} Sew@2021$! to the element {} [[ChromeDriver: chrome on WINDOWS (b7cccadf08bf9745a42f19e4b117bbeb)] -> css selector: [id='txtpwd']]
16:19:59.956 INFO  csp.AdminLoginPage (AdminLoginPage.java:56) - Password populated successfully.
16:19:59.956 INFO  driver.Page (    Page.java:56) - Preparing for element to click.
16:19:59.957 INFO  driver.Page (    Page.java:184) - Waiting for element to be clickable for 120 seconds.
16:20:00.035 INFO  driver.Page (    Page.java:187) - Element is clickable now.
16:20:09.739 INFO  driver.Page (    Page.java:59) - Element is clicked successfully.
16:20:09.740 INFO  csp.AdminLoginPage (AdminLoginPage.java:67) - SignIn Button clicked successfully.
16:20:09.741 INFO  scp.HomePage (HomePage.java:35) - Wait for page loader invisibility.
16:20:09.743 INFO  driver.Page (    Page.java:223) - Waiting for element to be invisible for 120 seconds.
16:20:09.781 INFO  driver.Page (    Page.java:226) - Element is invisible from the page.
16:20:09.785 INFO  csp.AdminHomePage (AdminHomePage.java:162) - Checking that the current page is Admin Home page.
16:20:09.785 INFO  driver.Page (    Page.java:37) - Fetching the current URL.
16:20:09.793 INFO  driver.Page (    Page.java:38) - The Current URL is: https://qa.smartcmobile.net/SCM_10.0_S-CSP/Home.aspx
16:20:09.803 INFO  driver.Page (    Page.java:43) - Fetching the current title.
16:20:09.810 INFO  driver.Page (    Page.java:44) - The Current Title is: Dashboard
16:20:09.819 INFO  csp.AdminHomePage (AdminHomePage.java:165) - The current page is Admin Home page {}: true
16:20:09.825 INFO  driver.Page (    Page.java:209) - Waiting for element to be visible for 120 seconds.
16:20:09.877 INFO  driver.Page (    Page.java:212) - Element is visible on the page.
16:20:09.877 INFO  csp.AdminHomePage (AdminHomePage.java:50) - Notification Link is Visible on the Admin Home page.
16:20:09.878 INFO  driver.Page (    Page.java:56) - Preparing for element to click.
16:20:09.878 INFO  driver.Page (    Page.java:184) - Waiting for element to be clickable for 120 seconds.
16:20:09.948 INFO  driver.Page (    Page.java:187) - Element is clickable now.
16:20:29.793 INFO  driver.Page (    Page.java:59) - Element is clicked successfully.
16:20:29.793 INFO  csp.AdminHomePage (AdminHomePage.java:54) - Notification Link clicked successfully.
16:20:29.794 INFO  scp.HomePage (HomePage.java:35) - Wait for page loader invisibility.
16:20:29.794 INFO  driver.Page (    Page.java:223) - Waiting for element to be invisible for 120 seconds.
16:20:34.732 INFO  driver.Page (    Page.java:226) - Element is invisible from the page.
16:20:34.732 INFO  scp.HomePage (HomePage.java:73) - Wait for Spinner Loading Image invisibility.
16:20:34.732 INFO  driver.Page (    Page.java:223) - Waiting for element to be invisible for 120 seconds.
16:20:39.771 INFO  driver.Page (    Page.java:226) - Element is invisible from the page.
16:20:39.771 INFO  scp.AboutMyHomePage (AdminNotificationPage.java:849) - Wait for Next Page visibility on Notification Page.
16:20:39.771 INFO  driver.Page (    Page.java:209) - Waiting for element to be visible for 120 seconds.
16:20:39.803 INFO  driver.Page (    Page.java:212) - Element is visible on the page.
16:20:43.153 INFO  driver.DriverFactory (DriverFactory.java:112) - Clearing all the cookies.
17:23:31.403 WARN  config.Configuration (Configuration.java:231) - QA env being used by default. No env property set. This can be set in the sew.app.yml config file with a '{}=' property or on the command line with the switch '-D{}='.
17:23:32.207 INFO  runner.TestRunner (TestRunner.java:32) - Initializing application properties config file.
17:23:32.237 INFO  runner.TestRunner (TestRunner.java:35) - Initializing connection to the base database.
17:23:32.358 WARN  config.DatabaseConfiguration (DatabaseConfiguration.java:84) - QA env being used by default. No env property set. This can be set in the sentinel.yml config file with a '{}=' property or on the command line with the switch '-D{}='.
17:23:34.766 INFO  runner.TestRunner (TestRunner.java:38) - Initializing resource path config file.
17:23:34.783 INFO  runner.TestRunner (TestRunner.java:41) - Initializing usage months config from CSP.
17:23:35.804 INFO  runner.TestRunner (TestRunner.java:44) - Initializing date config from CSP.
17:23:36.542 INFO  runner.TestRunner (TestRunner.java:47) - Initializing language config from CSP.
17:23:37.279 INFO  runner.TestRunner (TestRunner.java:50) - Initializing language config from CSP.
17:23:38.028 INFO  runner.TestRunner (TestRunner.java:53) - Initializing language config from CSP.
17:23:38.765 INFO  runner.TestRunner (TestRunner.java:56) - Initializing user model config.
17:23:44.782 INFO  runner.TestRunner (TestRunner.java:59) - Initializing auth token config.
17:23:44.782 INFO  runner.TestRunner (TestRunner.java:62) - Initializing Admin User config.
17:23:46.518 INFO  utils.ExcelUtils (ExcelUtils.java:35) - Test Runner excel row at: 1
17:23:46.526 INFO  utils.ExcelUtils (ExcelUtils.java:35) - Test Runner excel row at: 2
17:23:46.528 INFO  utils.ExcelUtils (ExcelUtils.java:35) - Test Runner excel row at: 3
17:23:46.529 INFO  utils.ExcelUtils (ExcelUtils.java:35) - Test Runner excel row at: 4
17:23:46.530 INFO  utils.ExcelUtils (ExcelUtils.java:35) - Test Runner excel row at: 5
17:23:46.531 INFO  utils.ExcelUtils (ExcelUtils.java:35) - Test Runner excel row at: 6
17:23:46.532 INFO  utils.ExcelUtils (ExcelUtils.java:35) - Test Runner excel row at: 7
17:23:46.533 INFO  utils.ExcelUtils (ExcelUtils.java:35) - Test Runner excel row at: 8
17:23:46.535 INFO  utils.ExcelUtils (ExcelUtils.java:35) - Test Runner excel row at: 9
17:23:46.535 INFO  utils.ExcelUtils (ExcelUtils.java:35) - Test Runner excel row at: 10
17:23:46.536 INFO  utils.ExcelUtils (ExcelUtils.java:35) - Test Runner excel row at: 11
17:23:46.536 INFO  utils.ExcelUtils (ExcelUtils.java:35) - Test Runner excel row at: 12
17:23:46.537 INFO  utils.ExcelUtils (ExcelUtils.java:35) - Test Runner excel row at: 13
17:23:46.538 INFO  utils.ExcelUtils (ExcelUtils.java:35) - Test Runner excel row at: 14
17:23:46.538 INFO  utils.ExcelUtils (ExcelUtils.java:35) - Test Runner excel row at: 15
17:23:46.539 INFO  utils.ExcelUtils (ExcelUtils.java:35) - Test Runner excel row at: 16
17:23:46.539 INFO  utils.ExcelUtils (ExcelUtils.java:35) - Test Runner excel row at: 17
17:23:46.540 INFO  utils.ExcelUtils (ExcelUtils.java:35) - Test Runner excel row at: 18
17:23:46.540 INFO  utils.ExcelUtils (ExcelUtils.java:35) - Test Runner excel row at: 19
17:23:46.541 INFO  utils.ExcelUtils (ExcelUtils.java:35) - Test Runner excel row at: 20
17:23:46.541 INFO  utils.ExcelUtils (ExcelUtils.java:35) - Test Runner excel row at: 21
17:23:46.542 INFO  utils.ExcelUtils (ExcelUtils.java:35) - Test Runner excel row at: 22
17:23:46.542 INFO  utils.ExcelUtils (ExcelUtils.java:35) - Test Runner excel row at: 23
17:23:46.543 INFO  utils.ExcelUtils (ExcelUtils.java:35) - Test Runner excel row at: 24
17:23:46.543 INFO  utils.ExcelUtils (ExcelUtils.java:35) - Test Runner excel row at: 25
17:23:46.544 INFO  utils.ExcelUtils (ExcelUtils.java:35) - Test Runner excel row at: 26
17:23:46.545 INFO  utils.ExcelUtils (ExcelUtils.java:35) - Test Runner excel row at: 27
17:23:46.545 INFO  utils.ExcelUtils (ExcelUtils.java:35) - Test Runner excel row at: 28
17:23:46.546 INFO  utils.ExcelUtils (ExcelUtils.java:35) - Test Runner excel row at: 29
17:23:46.546 INFO  utils.ExcelUtils (ExcelUtils.java:35) - Test Runner excel row at: 30
17:23:56.089 INFO  driver.WebDriverFactory (WebDriverFactory.java:207) - Setting up the browser window to its max.
17:23:56.398 INFO  driver.WebDriverFactory (WebDriverFactory.java:196) - Initializing the implicit wait timeout for {} 5
17:23:56.407 INFO  driver.WebDriverFactory (WebDriverFactory.java:199) - Initializing the page load timeout.
17:23:56.413 INFO  driver.DriverFactory (DriverFactory.java:112) - Clearing all the cookies.
17:23:56.427 INFO  driver.DriverFactory (DriverFactory.java:57) - Open the url {} https://qa.smartcmobile.net/SCM_10.0_S-CSP/ using the selenium get() method.
17:24:05.272 INFO  csp.AdminNotificationTests (AdminNotificationTests.java:27) - To verify the tests with the below test case id's: C80451, C80452, C80483
17:24:05.374 INFO  scp.HomePage (HomePage.java:35) - Wait for page loader invisibility.
17:24:05.374 INFO  driver.Page (    Page.java:223) - Waiting for element to be invisible for 120 seconds.
17:24:10.424 INFO  driver.Page (    Page.java:226) - Element is invisible from the page.
17:24:10.425 INFO  csp.AdminLoginPage (AdminLoginPage.java:334) - Checking that the current page is Admin login page.
17:24:10.425 INFO  driver.Page (    Page.java:37) - Fetching the current URL.
17:24:10.439 INFO  driver.Page (    Page.java:38) - The Current URL is: https://qa.smartcmobile.net/SCM_10.0_S-CSP/
17:24:10.448 INFO  driver.Page (    Page.java:43) - Fetching the current title.
17:24:10.457 INFO  driver.Page (    Page.java:44) - The Current Title is: SCM Admin - Login
17:24:10.465 INFO  csp.AdminLoginPage (AdminLoginPage.java:337) - The current page is Admin login page {}: true
17:24:10.468 INFO  csp.AdminLoginPage (AdminLoginPage.java:30) - Populating username {} :qauser
17:24:10.490 INFO  driver.Page (    Page.java:102) - Wait for element {} [[ChromeDriver: chrome on WINDOWS (90865289069501856831fb1f9d3e2a01)] -> css selector: [id='txtAdminLogin']] to be present in the DOM for duration of {} 120
17:24:10.491 INFO  driver.Page (    Page.java:209) - Waiting for element to be visible for 120 seconds.
17:24:10.546 INFO  driver.Page (    Page.java:212) - Element is visible on the page.
17:24:10.563 INFO  driver.Page (    Page.java:104) - Clearing the element {} [[ChromeDriver: chrome on WINDOWS (90865289069501856831fb1f9d3e2a01)] -> css selector: [id='txtAdminLogin']] before sending the keys.
17:24:10.649 INFO  driver.Page (    Page.java:106) - Sending the following keys {} qauser to the element {} [[ChromeDriver: chrome on WINDOWS (90865289069501856831fb1f9d3e2a01)] -> css selector: [id='txtAdminLogin']]
17:24:10.735 INFO  csp.AdminLoginPage (AdminLoginPage.java:32) - Username populated successfully.
17:24:10.737 INFO  csp.AdminLoginPage (AdminLoginPage.java:54) - Populating password {} :Sew@2021$!
17:24:10.756 INFO  driver.Page (    Page.java:102) - Wait for element {} [[ChromeDriver: chrome on WINDOWS (90865289069501856831fb1f9d3e2a01)] -> css selector: [id='txtpwd']] to be present in the DOM for duration of {} 120
17:24:10.756 INFO  driver.Page (    Page.java:209) - Waiting for element to be visible for 120 seconds.
17:24:10.788 INFO  driver.Page (    Page.java:212) - Element is visible on the page.
17:24:10.801 INFO  driver.Page (    Page.java:104) - Clearing the element {} [[ChromeDriver: chrome on WINDOWS (90865289069501856831fb1f9d3e2a01)] -> css selector: [id='txtpwd']] before sending the keys.
17:24:10.876 INFO  driver.Page (    Page.java:106) - Sending the following keys {} Sew@2021$! to the element {} [[ChromeDriver: chrome on WINDOWS (90865289069501856831fb1f9d3e2a01)] -> css selector: [id='txtpwd']]
17:24:10.978 INFO  csp.AdminLoginPage (AdminLoginPage.java:56) - Password populated successfully.
17:24:10.978 INFO  driver.Page (    Page.java:56) - Preparing for element to click.
17:24:10.979 INFO  driver.Page (    Page.java:184) - Waiting for element to be clickable for 120 seconds.
17:24:11.056 INFO  driver.Page (    Page.java:187) - Element is clickable now.
17:24:19.861 INFO  driver.Page (    Page.java:59) - Element is clicked successfully.
17:24:19.863 INFO  csp.AdminLoginPage (AdminLoginPage.java:67) - SignIn Button clicked successfully.
17:24:19.863 INFO  scp.HomePage (HomePage.java:35) - Wait for page loader invisibility.
17:24:19.864 INFO  driver.Page (    Page.java:223) - Waiting for element to be invisible for 120 seconds.
17:24:19.906 INFO  driver.Page (    Page.java:226) - Element is invisible from the page.
17:24:19.916 INFO  csp.AdminHomePage (AdminHomePage.java:162) - Checking that the current page is Admin Home page.
17:24:19.917 INFO  driver.Page (    Page.java:37) - Fetching the current URL.
17:24:19.926 INFO  driver.Page (    Page.java:38) - The Current URL is: https://qa.smartcmobile.net/SCM_10.0_S-CSP/Home.aspx
17:24:19.945 INFO  driver.Page (    Page.java:43) - Fetching the current title.
17:24:19.955 INFO  driver.Page (    Page.java:44) - The Current Title is: Dashboard
17:24:19.968 INFO  csp.AdminHomePage (AdminHomePage.java:165) - The current page is Admin Home page {}: true
17:24:19.990 INFO  driver.Page (    Page.java:209) - Waiting for element to be visible for 120 seconds.
17:24:20.043 INFO  driver.Page (    Page.java:212) - Element is visible on the page.
17:24:20.044 INFO  csp.AdminHomePage (AdminHomePage.java:50) - Notification Link is Visible on the Admin Home page.
17:24:20.044 INFO  driver.Page (    Page.java:56) - Preparing for element to click.
17:24:20.045 INFO  driver.Page (    Page.java:184) - Waiting for element to be clickable for 120 seconds.
17:24:20.159 INFO  driver.Page (    Page.java:187) - Element is clickable now.
17:24:47.080 INFO  driver.Page (    Page.java:59) - Element is clicked successfully.
17:24:47.080 INFO  csp.AdminHomePage (AdminHomePage.java:54) - Notification Link clicked successfully.
17:24:47.080 INFO  scp.HomePage (HomePage.java:35) - Wait for page loader invisibility.
17:24:47.081 INFO  driver.Page (    Page.java:223) - Waiting for element to be invisible for 120 seconds.
17:24:52.677 INFO  driver.Page (    Page.java:226) - Element is invisible from the page.
17:24:52.677 INFO  scp.HomePage (HomePage.java:73) - Wait for Spinner Loading Image invisibility.
17:24:52.677 INFO  driver.Page (    Page.java:223) - Waiting for element to be invisible for 120 seconds.
17:24:57.703 INFO  driver.Page (    Page.java:226) - Element is invisible from the page.
17:24:57.703 INFO  scp.AboutMyHomePage (AdminNotificationPage.java:901) - Wait for Next Page visibility on Notification Page.
17:24:57.703 INFO  driver.Page (    Page.java:209) - Waiting for element to be visible for 120 seconds.
17:24:57.737 INFO  driver.Page (    Page.java:212) - Element is visible on the page.
17:24:57.793 INFO  driver.Page (    Page.java:245) - Element {} : [[ChromeDriver: chrome on WINDOWS (90865289069501856831fb1f9d3e2a01)] -> css selector: a#inbox] is visible on the page.
17:24:57.793 INFO  scp.AboutMyHomePage (AdminNotificationPage.java:449) - Inbox Link visibility status {}true
17:24:57.826 INFO  driver.Page (    Page.java:245) - Element {} : [[ChromeDriver: chrome on WINDOWS (90865289069501856831fb1f9d3e2a01)] -> css selector: #connectme] is visible on the page.
17:24:57.826 INFO  scp.AboutMyHomePage (AdminNotificationPage.java:29) - Connect Me link visibility status {}true
17:24:57.862 INFO  driver.Page (    Page.java:245) - Element {} : [[ChromeDriver: chrome on WINDOWS (90865289069501856831fb1f9d3e2a01)] -> css selector: #billing] is visible on the page.
17:24:57.863 INFO  scp.AboutMyHomePage (AdminNotificationPage.java:69) - Billing link visibility status {}true
17:24:57.895 INFO  driver.Page (    Page.java:245) - Element {} : [[ChromeDriver: chrome on WINDOWS (90865289069501856831fb1f9d3e2a01)] -> css selector: #outage] is visible on the page.
17:24:57.896 INFO  scp.AboutMyHomePage (AdminNotificationPage.java:109) - Outage link visibility status {}true
17:24:57.945 INFO  driver.Page (    Page.java:245) - Element {} : [[ChromeDriver: chrome on WINDOWS (90865289069501856831fb1f9d3e2a01)] -> css selector: #service] is visible on the page.
17:24:57.945 INFO  scp.AboutMyHomePage (AdminNotificationPage.java:149) - Services link visibility status {}true
17:24:58.022 INFO  driver.Page (    Page.java:245) - Element {} : [[ChromeDriver: chrome on WINDOWS (90865289069501856831fb1f9d3e2a01)] -> css selector: #demandresponse] is visible on the page.
17:24:58.023 INFO  scp.AboutMyHomePage (AdminNotificationPage.java:189) - Demand Response link visibility status {}true
17:24:58.061 INFO  driver.Page (    Page.java:245) - Element {} : [[ChromeDriver: chrome on WINDOWS (90865289069501856831fb1f9d3e2a01)] -> css selector: #leakalert] is visible on the page.
17:24:58.061 INFO  scp.AboutMyHomePage (AdminNotificationPage.java:229) - Leak Alert link visibility status {}true
17:24:58.098 INFO  driver.Page (    Page.java:245) - Element {} : [[ChromeDriver: chrome on WINDOWS (90865289069501856831fb1f9d3e2a01)] -> css selector: #loginissue] is visible on the page.
17:24:58.098 INFO  scp.AboutMyHomePage (AdminNotificationPage.java:269) - Login Issues link visibility status {}true
17:24:58.135 INFO  driver.Page (    Page.java:245) - Element {} : [[ChromeDriver: chrome on WINDOWS (90865289069501856831fb1f9d3e2a01)] -> css selector: #sentitem] is visible on the page.
17:24:58.136 INFO  scp.AboutMyHomePage (AdminNotificationPage.java:309) - Sent link visibility status {}true
17:24:58.182 INFO  driver.Page (    Page.java:245) - Element {} : [[ChromeDriver: chrome on WINDOWS (90865289069501856831fb1f9d3e2a01)] -> css selector: #Doneitem] is visible on the page.
17:24:58.183 INFO  scp.AboutMyHomePage (AdminNotificationPage.java:329) - Complete link visibility status {}true
17:24:58.231 INFO  driver.Page (    Page.java:245) - Element {} : [[ChromeDriver: chrome on WINDOWS (90865289069501856831fb1f9d3e2a01)] -> css selector: #saved] is visible on the page.
17:24:58.232 INFO  scp.AboutMyHomePage (AdminNotificationPage.java:369) - Saved Mail Link visibility status {}true
17:24:58.267 INFO  driver.Page (    Page.java:245) - Element {} : [[ChromeDriver: chrome on WINDOWS (90865289069501856831fb1f9d3e2a01)] -> css selector: #trash] is visible on the page.
17:24:58.267 INFO  scp.AboutMyHomePage (AdminNotificationPage.java:409) - Trash Link visibility status {}true
17:24:58.301 INFO  driver.Page (    Page.java:245) - Element {} : [[ChromeDriver: chrome on WINDOWS (90865289069501856831fb1f9d3e2a01)] -> css selector: #autoresponse] is visible on the page.
17:24:58.302 INFO  scp.AboutMyHomePage (AdminNotificationPage.java:489) - AutoResponse Link visibility status {}true
17:24:58.347 INFO  driver.Page (    Page.java:245) - Element {} : [[ChromeDriver: chrome on WINDOWS (90865289069501856831fb1f9d3e2a01)] -> css selector: #outbox] is visible on the page.
17:24:58.347 INFO  scp.AboutMyHomePage (AdminNotificationPage.java:509) - Send Notification Link visibility status {}true
17:24:58.347 INFO  driver.Page (    Page.java:56) - Preparing for element to click.
17:24:58.348 INFO  driver.Page (    Page.java:184) - Waiting for element to be clickable for 120 seconds.
17:24:58.409 INFO  driver.Page (    Page.java:187) - Element is clickable now.
17:24:58.482 INFO  driver.Page (    Page.java:59) - Element is clicked successfully.
17:24:58.483 INFO  csp.AdminHomePage (AdminHomePage.java:74) - Admin User Profile dropdown clicked successfully.
17:24:58.483 INFO  driver.Page (    Page.java:209) - Waiting for element to be visible for 120 seconds.
17:24:58.520 INFO  driver.Page (    Page.java:212) - Element is visible on the page.
17:24:58.521 INFO  csp.AdminHomePage (AdminHomePage.java:36) - SignOut Link is Visible on the page.
17:24:58.521 INFO  driver.Page (    Page.java:56) - Preparing for element to click.
17:24:58.521 INFO  driver.Page (    Page.java:184) - Waiting for element to be clickable for 120 seconds.
17:24:58.586 INFO  driver.Page (    Page.java:187) - Element is clickable now.
17:25:02.330 INFO  driver.Page (    Page.java:59) - Element is clicked successfully.
17:25:02.331 INFO  csp.AdminHomePage (AdminHomePage.java:40) - Admin User SignOut Link clicked successfully.
17:25:02.331 INFO  scp.HomePage (HomePage.java:35) - Wait for page loader invisibility.
17:25:02.331 INFO  driver.Page (    Page.java:223) - Waiting for element to be invisible for 120 seconds.
17:25:07.362 INFO  driver.Page (    Page.java:226) - Element is invisible from the page.
17:25:07.362 INFO  csp.AdminNotificationTests (AdminNotificationTests.java:44) - Test Case execution for - verifyNotificationUIAndSubTabs - is Completed.
17:25:10.431 INFO  driver.DriverFactory (DriverFactory.java:112) - Clearing all the cookies.
17:40:38.491 WARN  config.Configuration (Configuration.java:231) - QA env being used by default. No env property set. This can be set in the sew.app.yml config file with a '{}=' property or on the command line with the switch '-D{}='.
17:40:38.965 INFO  runner.TestRunner (TestRunner.java:32) - Initializing application properties config file.
17:40:38.975 INFO  runner.TestRunner (TestRunner.java:35) - Initializing connection to the base database.
17:40:39.067 WARN  config.DatabaseConfiguration (DatabaseConfiguration.java:84) - QA env being used by default. No env property set. This can be set in the sentinel.yml config file with a '{}=' property or on the command line with the switch '-D{}='.
17:40:40.816 INFO  runner.TestRunner (TestRunner.java:38) - Initializing resource path config file.
17:40:40.823 INFO  runner.TestRunner (TestRunner.java:41) - Initializing usage months config from CSP.
17:40:41.671 INFO  runner.TestRunner (TestRunner.java:44) - Initializing date config from CSP.
17:40:42.410 INFO  runner.TestRunner (TestRunner.java:47) - Initializing language config from CSP.
17:40:43.158 INFO  runner.TestRunner (TestRunner.java:50) - Initializing language config from CSP.
17:40:43.913 INFO  runner.TestRunner (TestRunner.java:53) - Initializing language config from CSP.
17:40:44.650 INFO  runner.TestRunner (TestRunner.java:56) - Initializing user model config.
17:40:49.740 INFO  runner.TestRunner (TestRunner.java:59) - Initializing auth token config.
17:40:49.740 INFO  runner.TestRunner (TestRunner.java:62) - Initializing Admin User config.
17:40:51.263 INFO  utils.ExcelUtils (ExcelUtils.java:35) - Test Runner excel row at: 1
17:40:51.274 INFO  utils.ExcelUtils (ExcelUtils.java:35) - Test Runner excel row at: 2
17:40:51.275 INFO  utils.ExcelUtils (ExcelUtils.java:35) - Test Runner excel row at: 3
17:40:51.276 INFO  utils.ExcelUtils (ExcelUtils.java:35) - Test Runner excel row at: 4
17:40:51.277 INFO  utils.ExcelUtils (ExcelUtils.java:35) - Test Runner excel row at: 5
17:40:51.278 INFO  utils.ExcelUtils (ExcelUtils.java:35) - Test Runner excel row at: 6
17:40:51.278 INFO  utils.ExcelUtils (ExcelUtils.java:35) - Test Runner excel row at: 7
17:40:51.279 INFO  utils.ExcelUtils (ExcelUtils.java:35) - Test Runner excel row at: 8
17:40:51.280 INFO  utils.ExcelUtils (ExcelUtils.java:35) - Test Runner excel row at: 9
17:40:51.281 INFO  utils.ExcelUtils (ExcelUtils.java:35) - Test Runner excel row at: 10
17:40:51.281 INFO  utils.ExcelUtils (ExcelUtils.java:35) - Test Runner excel row at: 11
17:40:51.282 INFO  utils.ExcelUtils (ExcelUtils.java:35) - Test Runner excel row at: 12
17:40:51.283 INFO  utils.ExcelUtils (ExcelUtils.java:35) - Test Runner excel row at: 13
17:40:51.284 INFO  utils.ExcelUtils (ExcelUtils.java:35) - Test Runner excel row at: 14
17:40:51.284 INFO  utils.ExcelUtils (ExcelUtils.java:35) - Test Runner excel row at: 15
17:40:51.285 INFO  utils.ExcelUtils (ExcelUtils.java:35) - Test Runner excel row at: 16
17:40:51.286 INFO  utils.ExcelUtils (ExcelUtils.java:35) - Test Runner excel row at: 17
17:40:51.286 INFO  utils.ExcelUtils (ExcelUtils.java:35) - Test Runner excel row at: 18
17:40:51.287 INFO  utils.ExcelUtils (ExcelUtils.java:35) - Test Runner excel row at: 19
17:40:51.287 INFO  utils.ExcelUtils (ExcelUtils.java:35) - Test Runner excel row at: 20
17:40:51.287 INFO  utils.ExcelUtils (ExcelUtils.java:35) - Test Runner excel row at: 21
17:40:51.288 INFO  utils.ExcelUtils (ExcelUtils.java:35) - Test Runner excel row at: 22
17:40:51.288 INFO  utils.ExcelUtils (ExcelUtils.java:35) - Test Runner excel row at: 23
17:40:51.289 INFO  utils.ExcelUtils (ExcelUtils.java:35) - Test Runner excel row at: 24
17:40:51.289 INFO  utils.ExcelUtils (ExcelUtils.java:35) - Test Runner excel row at: 25
17:40:51.289 INFO  utils.ExcelUtils (ExcelUtils.java:35) - Test Runner excel row at: 26
17:40:51.290 INFO  utils.ExcelUtils (ExcelUtils.java:35) - Test Runner excel row at: 27
17:40:51.291 INFO  utils.ExcelUtils (ExcelUtils.java:35) - Test Runner excel row at: 28
17:40:51.292 INFO  utils.ExcelUtils (ExcelUtils.java:35) - Test Runner excel row at: 29
17:40:51.292 INFO  utils.ExcelUtils (ExcelUtils.java:35) - Test Runner excel row at: 30
17:41:00.639 INFO  driver.WebDriverFactory (WebDriverFactory.java:207) - Setting up the browser window to its max.
17:41:00.788 INFO  driver.WebDriverFactory (WebDriverFactory.java:196) - Initializing the implicit wait timeout for {} 5
17:41:00.797 INFO  driver.WebDriverFactory (WebDriverFactory.java:199) - Initializing the page load timeout.
17:41:00.806 INFO  driver.DriverFactory (DriverFactory.java:112) - Clearing all the cookies.
17:41:00.818 INFO  driver.DriverFactory (DriverFactory.java:57) - Open the url {} https://qa.smartcmobile.net/SCM_10.0_S-CSP/ using the selenium get() method.
17:41:08.533 INFO  csp.AdminNotificationTests (AdminNotificationTests.java:50) - To verify the tests with the below test case id's: C80456
17:41:08.629 INFO  scp.HomePage (HomePage.java:35) - Wait for page loader invisibility.
17:41:08.629 INFO  driver.Page (    Page.java:223) - Waiting for element to be invisible for 120 seconds.
17:41:13.688 INFO  driver.Page (    Page.java:226) - Element is invisible from the page.
17:41:13.689 INFO  csp.AdminLoginPage (AdminLoginPage.java:334) - Checking that the current page is Admin login page.
17:41:13.689 INFO  driver.Page (    Page.java:37) - Fetching the current URL.
17:41:13.696 INFO  driver.Page (    Page.java:38) - The Current URL is: https://qa.smartcmobile.net/SCM_10.0_S-CSP/
17:41:13.702 INFO  driver.Page (    Page.java:43) - Fetching the current title.
17:41:13.708 INFO  driver.Page (    Page.java:44) - The Current Title is: SCM Admin - Login
17:41:13.713 INFO  csp.AdminLoginPage (AdminLoginPage.java:337) - The current page is Admin login page {}: true
17:41:13.715 INFO  csp.AdminLoginPage (AdminLoginPage.java:30) - Populating username {} :qauser
17:41:13.728 INFO  driver.Page (    Page.java:102) - Wait for element {} [[ChromeDriver: chrome on WINDOWS (e3c35577023f1a17573a94280ef99e0f)] -> css selector: [id='txtAdminLogin']] to be present in the DOM for duration of {} 120
17:41:13.728 INFO  driver.Page (    Page.java:209) - Waiting for element to be visible for 120 seconds.
17:41:13.761 INFO  driver.Page (    Page.java:212) - Element is visible on the page.
17:41:13.771 INFO  driver.Page (    Page.java:104) - Clearing the element {} [[ChromeDriver: chrome on WINDOWS (e3c35577023f1a17573a94280ef99e0f)] -> css selector: [id='txtAdminLogin']] before sending the keys.
17:41:13.823 INFO  driver.Page (    Page.java:106) - Sending the following keys {} qauser to the element {} [[ChromeDriver: chrome on WINDOWS (e3c35577023f1a17573a94280ef99e0f)] -> css selector: [id='txtAdminLogin']]
17:41:13.864 INFO  csp.AdminLoginPage (AdminLoginPage.java:32) - Username populated successfully.
17:41:13.864 INFO  csp.AdminLoginPage (AdminLoginPage.java:54) - Populating password {} :Sew@2021$!
17:41:13.877 INFO  driver.Page (    Page.java:102) - Wait for element {} [[ChromeDriver: chrome on WINDOWS (e3c35577023f1a17573a94280ef99e0f)] -> css selector: [id='txtpwd']] to be present in the DOM for duration of {} 120
17:41:13.877 INFO  driver.Page (    Page.java:209) - Waiting for element to be visible for 120 seconds.
17:41:13.905 INFO  driver.Page (    Page.java:212) - Element is visible on the page.
17:41:13.918 INFO  driver.Page (    Page.java:104) - Clearing the element {} [[ChromeDriver: chrome on WINDOWS (e3c35577023f1a17573a94280ef99e0f)] -> css selector: [id='txtpwd']] before sending the keys.
17:41:13.975 INFO  driver.Page (    Page.java:106) - Sending the following keys {} Sew@2021$! to the element {} [[ChromeDriver: chrome on WINDOWS (e3c35577023f1a17573a94280ef99e0f)] -> css selector: [id='txtpwd']]
17:41:14.052 INFO  csp.AdminLoginPage (AdminLoginPage.java:56) - Password populated successfully.
17:41:14.052 INFO  driver.Page (    Page.java:56) - Preparing for element to click.
17:41:14.052 INFO  driver.Page (    Page.java:184) - Waiting for element to be clickable for 120 seconds.
17:41:14.115 INFO  driver.Page (    Page.java:187) - Element is clickable now.
17:41:21.946 INFO  driver.Page (    Page.java:59) - Element is clicked successfully.
17:41:21.947 INFO  csp.AdminLoginPage (AdminLoginPage.java:67) - SignIn Button clicked successfully.
17:41:21.948 INFO  scp.HomePage (HomePage.java:35) - Wait for page loader invisibility.
17:41:21.948 INFO  driver.Page (    Page.java:223) - Waiting for element to be invisible for 120 seconds.
17:41:21.980 INFO  driver.Page (    Page.java:226) - Element is invisible from the page.
17:41:21.983 INFO  csp.AdminHomePage (AdminHomePage.java:162) - Checking that the current page is Admin Home page.
17:41:21.983 INFO  driver.Page (    Page.java:37) - Fetching the current URL.
17:41:21.989 INFO  driver.Page (    Page.java:38) - The Current URL is: https://qa.smartcmobile.net/SCM_10.0_S-CSP/Home.aspx
17:41:21.993 INFO  driver.Page (    Page.java:43) - Fetching the current title.
17:41:21.997 INFO  driver.Page (    Page.java:44) - The Current Title is: Dashboard
17:41:22.003 INFO  csp.AdminHomePage (AdminHomePage.java:165) - The current page is Admin Home page {}: true
17:41:22.015 INFO  driver.Page (    Page.java:209) - Waiting for element to be visible for 120 seconds.
17:41:22.044 INFO  driver.Page (    Page.java:212) - Element is visible on the page.
17:41:22.044 INFO  csp.AdminHomePage (AdminHomePage.java:50) - Notification Link is Visible on the Admin Home page.
17:41:22.045 INFO  driver.Page (    Page.java:56) - Preparing for element to click.
17:41:22.045 INFO  driver.Page (    Page.java:184) - Waiting for element to be clickable for 120 seconds.
17:41:22.084 INFO  driver.Page (    Page.java:187) - Element is clickable now.
17:41:42.329 INFO  driver.Page (    Page.java:59) - Element is clicked successfully.
17:41:42.329 INFO  csp.AdminHomePage (AdminHomePage.java:54) - Notification Link clicked successfully.
17:41:42.329 INFO  scp.HomePage (HomePage.java:35) - Wait for page loader invisibility.
17:41:42.330 INFO  driver.Page (    Page.java:223) - Waiting for element to be invisible for 120 seconds.
17:41:47.742 INFO  driver.Page (    Page.java:226) - Element is invisible from the page.
17:41:47.742 INFO  scp.HomePage (HomePage.java:73) - Wait for Spinner Loading Image invisibility.
17:41:47.742 INFO  driver.Page (    Page.java:223) - Waiting for element to be invisible for 120 seconds.
17:41:52.782 INFO  driver.Page (    Page.java:226) - Element is invisible from the page.
17:41:52.782 INFO  scp.AboutMyHomePage (AdminNotificationPage.java:901) - Wait for Next Page visibility on Notification Page.
17:41:52.782 INFO  driver.Page (    Page.java:209) - Waiting for element to be visible for 120 seconds.
17:41:52.827 INFO  driver.Page (    Page.java:212) - Element is visible on the page.
17:41:54.991 INFO  driver.DriverFactory (DriverFactory.java:112) - Clearing all the cookies.
17:43:34.589 WARN  config.Configuration (Configuration.java:231) - QA env being used by default. No env property set. This can be set in the sew.app.yml config file with a '{}=' property or on the command line with the switch '-D{}='.
17:43:34.888 INFO  runner.TestRunner (TestRunner.java:32) - Initializing application properties config file.
17:43:34.889 INFO  runner.TestRunner (TestRunner.java:35) - Initializing connection to the base database.
17:43:34.912 WARN  config.DatabaseConfiguration (DatabaseConfiguration.java:84) - QA env being used by default. No env property set. This can be set in the sentinel.yml config file with a '{}=' property or on the command line with the switch '-D{}='.
17:43:36.587 INFO  runner.TestRunner (TestRunner.java:38) - Initializing resource path config file.
17:43:36.587 INFO  runner.TestRunner (TestRunner.java:41) - Initializing usage months config from CSP.
17:43:37.403 INFO  runner.TestRunner (TestRunner.java:44) - Initializing date config from CSP.
17:43:38.150 INFO  runner.TestRunner (TestRunner.java:47) - Initializing language config from CSP.
17:43:38.891 INFO  runner.TestRunner (TestRunner.java:50) - Initializing language config from CSP.
17:43:39.640 INFO  runner.TestRunner (TestRunner.java:53) - Initializing language config from CSP.
17:43:40.377 INFO  runner.TestRunner (TestRunner.java:56) - Initializing user model config.
17:43:45.130 INFO  runner.TestRunner (TestRunner.java:59) - Initializing auth token config.
17:43:45.130 INFO  runner.TestRunner (TestRunner.java:62) - Initializing Admin User config.
17:43:46.421 INFO  utils.ExcelUtils (ExcelUtils.java:35) - Test Runner excel row at: 1
17:43:46.427 INFO  utils.ExcelUtils (ExcelUtils.java:35) - Test Runner excel row at: 2
17:43:46.429 INFO  utils.ExcelUtils (ExcelUtils.java:35) - Test Runner excel row at: 3
17:43:46.430 INFO  utils.ExcelUtils (ExcelUtils.java:35) - Test Runner excel row at: 4
17:43:46.430 INFO  utils.ExcelUtils (ExcelUtils.java:35) - Test Runner excel row at: 5
17:43:46.431 INFO  utils.ExcelUtils (ExcelUtils.java:35) - Test Runner excel row at: 6
17:43:46.431 INFO  utils.ExcelUtils (ExcelUtils.java:35) - Test Runner excel row at: 7
17:43:46.432 INFO  utils.ExcelUtils (ExcelUtils.java:35) - Test Runner excel row at: 8
17:43:46.432 INFO  utils.ExcelUtils (ExcelUtils.java:35) - Test Runner excel row at: 9
17:43:46.433 INFO  utils.ExcelUtils (ExcelUtils.java:35) - Test Runner excel row at: 10
17:43:46.433 INFO  utils.ExcelUtils (ExcelUtils.java:35) - Test Runner excel row at: 11
17:43:46.434 INFO  utils.ExcelUtils (ExcelUtils.java:35) - Test Runner excel row at: 12
17:43:46.434 INFO  utils.ExcelUtils (ExcelUtils.java:35) - Test Runner excel row at: 13
17:43:46.434 INFO  utils.ExcelUtils (ExcelUtils.java:35) - Test Runner excel row at: 14
17:43:46.435 INFO  utils.ExcelUtils (ExcelUtils.java:35) - Test Runner excel row at: 15
17:43:46.435 INFO  utils.ExcelUtils (ExcelUtils.java:35) - Test Runner excel row at: 16
17:43:46.435 INFO  utils.ExcelUtils (ExcelUtils.java:35) - Test Runner excel row at: 17
17:43:46.436 INFO  utils.ExcelUtils (ExcelUtils.java:35) - Test Runner excel row at: 18
17:43:46.436 INFO  utils.ExcelUtils (ExcelUtils.java:35) - Test Runner excel row at: 19
17:43:46.437 INFO  utils.ExcelUtils (ExcelUtils.java:35) - Test Runner excel row at: 20
17:43:46.437 INFO  utils.ExcelUtils (ExcelUtils.java:35) - Test Runner excel row at: 21
17:43:46.437 INFO  utils.ExcelUtils (ExcelUtils.java:35) - Test Runner excel row at: 22
17:43:46.438 INFO  utils.ExcelUtils (ExcelUtils.java:35) - Test Runner excel row at: 23
17:43:46.438 INFO  utils.ExcelUtils (ExcelUtils.java:35) - Test Runner excel row at: 24
17:43:46.438 INFO  utils.ExcelUtils (ExcelUtils.java:35) - Test Runner excel row at: 25
17:43:46.439 INFO  utils.ExcelUtils (ExcelUtils.java:35) - Test Runner excel row at: 26
17:43:46.439 INFO  utils.ExcelUtils (ExcelUtils.java:35) - Test Runner excel row at: 27
17:43:46.440 INFO  utils.ExcelUtils (ExcelUtils.java:35) - Test Runner excel row at: 28
17:43:46.440 INFO  utils.ExcelUtils (ExcelUtils.java:35) - Test Runner excel row at: 29
17:43:46.440 INFO  utils.ExcelUtils (ExcelUtils.java:35) - Test Runner excel row at: 30
17:43:50.164 INFO  driver.WebDriverFactory (WebDriverFactory.java:207) - Setting up the browser window to its max.
17:43:50.427 INFO  driver.WebDriverFactory (WebDriverFactory.java:196) - Initializing the implicit wait timeout for {} 5
17:43:50.436 INFO  driver.WebDriverFactory (WebDriverFactory.java:199) - Initializing the page load timeout.
17:43:50.442 INFO  driver.DriverFactory (DriverFactory.java:112) - Clearing all the cookies.
17:43:50.454 INFO  driver.DriverFactory (DriverFactory.java:57) - Open the url {} https://qa.smartcmobile.net/SCM_10.0_S-CSP/ using the selenium get() method.
17:43:57.252 INFO  csp.AdminNotificationTests (AdminNotificationTests.java:51) - To verify the tests with the below test case id's: C80456
17:43:57.275 INFO  scp.HomePage (HomePage.java:35) - Wait for page loader invisibility.
17:43:57.275 INFO  driver.Page (    Page.java:223) - Waiting for element to be invisible for 120 seconds.
17:44:02.330 INFO  driver.Page (    Page.java:226) - Element is invisible from the page.
17:44:02.330 INFO  csp.AdminLoginPage (AdminLoginPage.java:334) - Checking that the current page is Admin login page.
17:44:02.330 INFO  driver.Page (    Page.java:37) - Fetching the current URL.
17:44:02.337 INFO  driver.Page (    Page.java:38) - The Current URL is: https://qa.smartcmobile.net/SCM_10.0_S-CSP/
17:44:02.343 INFO  driver.Page (    Page.java:43) - Fetching the current title.
17:44:02.348 INFO  driver.Page (    Page.java:44) - The Current Title is: SCM Admin - Login
17:44:02.354 INFO  csp.AdminLoginPage (AdminLoginPage.java:337) - The current page is Admin login page {}: true
17:44:02.356 INFO  csp.AdminLoginPage (AdminLoginPage.java:30) - Populating username {} :qauser
17:44:02.370 INFO  driver.Page (    Page.java:102) - Wait for element {} [[ChromeDriver: chrome on WINDOWS (2af06d1f8895ca315a39b26cbef47082)] -> css selector: [id='txtAdminLogin']] to be present in the DOM for duration of {} 120
17:44:02.370 INFO  driver.Page (    Page.java:209) - Waiting for element to be visible for 120 seconds.
17:44:02.405 INFO  driver.Page (    Page.java:212) - Element is visible on the page.
17:44:02.417 INFO  driver.Page (    Page.java:104) - Clearing the element {} [[ChromeDriver: chrome on WINDOWS (2af06d1f8895ca315a39b26cbef47082)] -> css selector: [id='txtAdminLogin']] before sending the keys.
17:44:02.485 INFO  driver.Page (    Page.java:106) - Sending the following keys {} qauser to the element {} [[ChromeDriver: chrome on WINDOWS (2af06d1f8895ca315a39b26cbef47082)] -> css selector: [id='txtAdminLogin']]
17:44:02.537 INFO  csp.AdminLoginPage (AdminLoginPage.java:32) - Username populated successfully.
17:44:02.538 INFO  csp.AdminLoginPage (AdminLoginPage.java:54) - Populating password {} :Sew@2021$!
17:44:02.550 INFO  driver.Page (    Page.java:102) - Wait for element {} [[ChromeDriver: chrome on WINDOWS (2af06d1f8895ca315a39b26cbef47082)] -> css selector: [id='txtpwd']] to be present in the DOM for duration of {} 120
17:44:02.551 INFO  driver.Page (    Page.java:209) - Waiting for element to be visible for 120 seconds.
17:44:02.576 INFO  driver.Page (    Page.java:212) - Element is visible on the page.
17:44:02.585 INFO  driver.Page (    Page.java:104) - Clearing the element {} [[ChromeDriver: chrome on WINDOWS (2af06d1f8895ca315a39b26cbef47082)] -> css selector: [id='txtpwd']] before sending the keys.
17:44:02.635 INFO  driver.Page (    Page.java:106) - Sending the following keys {} Sew@2021$! to the element {} [[ChromeDriver: chrome on WINDOWS (2af06d1f8895ca315a39b26cbef47082)] -> css selector: [id='txtpwd']]
17:44:02.731 INFO  csp.AdminLoginPage (AdminLoginPage.java:56) - Password populated successfully.
17:44:02.731 INFO  driver.Page (    Page.java:56) - Preparing for element to click.
17:44:02.732 INFO  driver.Page (    Page.java:184) - Waiting for element to be clickable for 120 seconds.
17:44:02.786 INFO  driver.Page (    Page.java:187) - Element is clickable now.
17:44:09.729 INFO  driver.Page (    Page.java:59) - Element is clicked successfully.
17:44:09.729 INFO  csp.AdminLoginPage (AdminLoginPage.java:67) - SignIn Button clicked successfully.
17:44:09.730 INFO  scp.HomePage (HomePage.java:35) - Wait for page loader invisibility.
17:44:09.730 INFO  driver.Page (    Page.java:223) - Waiting for element to be invisible for 120 seconds.
17:44:09.756 INFO  driver.Page (    Page.java:226) - Element is invisible from the page.
17:44:09.758 INFO  csp.AdminHomePage (AdminHomePage.java:162) - Checking that the current page is Admin Home page.
17:44:09.758 INFO  driver.Page (    Page.java:37) - Fetching the current URL.
17:44:09.764 INFO  driver.Page (    Page.java:38) - The Current URL is: https://qa.smartcmobile.net/SCM_10.0_S-CSP/Home.aspx
17:44:09.770 INFO  driver.Page (    Page.java:43) - Fetching the current title.
17:44:09.775 INFO  driver.Page (    Page.java:44) - The Current Title is: Dashboard
17:44:09.780 INFO  csp.AdminHomePage (AdminHomePage.java:165) - The current page is Admin Home page {}: true
17:44:09.789 INFO  driver.Page (    Page.java:209) - Waiting for element to be visible for 120 seconds.
17:44:09.815 INFO  driver.Page (    Page.java:212) - Element is visible on the page.
17:44:09.815 INFO  csp.AdminHomePage (AdminHomePage.java:50) - Notification Link is Visible on the Admin Home page.
17:44:09.815 INFO  driver.Page (    Page.java:56) - Preparing for element to click.
17:44:09.815 INFO  driver.Page (    Page.java:184) - Waiting for element to be clickable for 120 seconds.
17:44:09.847 INFO  driver.Page (    Page.java:187) - Element is clickable now.
17:44:30.885 INFO  driver.Page (    Page.java:59) - Element is clicked successfully.
17:44:30.886 INFO  csp.AdminHomePage (AdminHomePage.java:54) - Notification Link clicked successfully.
17:44:30.886 INFO  scp.HomePage (HomePage.java:35) - Wait for page loader invisibility.
17:44:30.886 INFO  driver.Page (    Page.java:223) - Waiting for element to be invisible for 120 seconds.
17:44:36.430 INFO  driver.Page (    Page.java:226) - Element is invisible from the page.
17:44:36.430 INFO  scp.HomePage (HomePage.java:73) - Wait for Spinner Loading Image invisibility.
17:44:36.430 INFO  driver.Page (    Page.java:223) - Waiting for element to be invisible for 120 seconds.
17:44:41.458 INFO  driver.Page (    Page.java:226) - Element is invisible from the page.
17:44:41.458 INFO  scp.AboutMyHomePage (AdminNotificationPage.java:901) - Wait for Next Page visibility on Notification Page.
17:44:41.458 INFO  driver.Page (    Page.java:209) - Waiting for element to be visible for 120 seconds.
17:44:41.481 INFO  driver.Page (    Page.java:212) - Element is visible on the page.
17:44:41.492 INFO  driver.Page (    Page.java:56) - Preparing for element to click.
17:44:41.492 INFO  driver.Page (    Page.java:184) - Waiting for element to be clickable for 120 seconds.
17:44:41.526 INFO  driver.Page (    Page.java:187) - Element is clickable now.
17:44:41.571 INFO  driver.Page (    Page.java:59) - Element is clicked successfully.
17:44:41.571 INFO  scp.AboutMyHomePage (AdminNotificationPage.java:321) - Sent link clicked {}.
17:44:41.572 INFO  scp.HomePage (HomePage.java:73) - Wait for Spinner Loading Image invisibility.
17:44:41.572 INFO  driver.Page (    Page.java:223) - Waiting for element to be invisible for 120 seconds.
17:44:47.158 INFO  driver.Page (    Page.java:226) - Element is invisible from the page.
17:44:47.159 INFO  driver.Page (    Page.java:56) - Preparing for element to click.
17:44:47.160 INFO  driver.Page (    Page.java:184) - Waiting for element to be clickable for 120 seconds.
17:44:47.222 INFO  driver.Page (    Page.java:187) - Element is clickable now.
17:44:47.254 INFO  driver.Page (    Page.java:59) - Element is clicked successfully.
17:44:47.254 INFO  scp.AboutMyHomePage (AdminNotificationPage.java:321) - Sent link clicked {}.
17:44:47.254 INFO  scp.HomePage (HomePage.java:73) - Wait for Spinner Loading Image invisibility.
17:44:47.254 INFO  driver.Page (    Page.java:223) - Waiting for element to be invisible for 120 seconds.
17:44:52.841 INFO  driver.Page (    Page.java:226) - Element is invisible from the page.
17:44:52.904 INFO  driver.Page (    Page.java:245) - Element {} : [[ChromeDriver: chrome on WINDOWS (2af06d1f8895ca315a39b26cbef47082)] -> css selector: #lblFromTo] is visible on the page.
17:44:52.905 INFO  scp.AboutMyHomePage (AdminNotificationPage.java:794) - Notifications Table From Column Header visibility status {}true
17:44:52.947 INFO  driver.Page (    Page.java:245) - Element {} : [[ChromeDriver: chrome on WINDOWS (2af06d1f8895ca315a39b26cbef47082)] -> xpath: //span[contains(text(),'Subject')]] is visible on the page.
17:44:52.947 INFO  scp.AboutMyHomePage (AdminNotificationPage.java:823) - Notifications Table Subject Column Header visibility status {}true
17:44:52.978 INFO  driver.Page (    Page.java:245) - Element {} : [[ChromeDriver: chrome on WINDOWS (2af06d1f8895ca315a39b26cbef47082)] -> xpath: //span[contains(text(),'Date')]] is visible on the page.
17:44:52.979 INFO  scp.AboutMyHomePage (AdminNotificationPage.java:852) - Notifications Table Date Column Header visibility status {}true
17:44:52.985 INFO  driver.Page (    Page.java:126) - Wait for the element {} [[ChromeDriver: chrome on WINDOWS (2af06d1f8895ca315a39b26cbef47082)] -> css selector: #lblFromTo] to be visible on the page for duration of {} 120
17:44:52.985 INFO  driver.Page (    Page.java:209) - Waiting for element to be visible for 120 seconds.
17:44:53.005 INFO  driver.Page (    Page.java:212) - Element is visible on the page.
17:44:53.032 INFO  driver.Page (    Page.java:129) - Text got from the locator {} [[ChromeDriver: chrome on WINDOWS (2af06d1f8895ca315a39b26cbef47082)] -> css selector: #lblFromTo] is FROM
17:44:53.047 INFO  scp.AboutMyHomePage (AdminNotificationPage.java:800) - Notifications Table From Column Header text is FROM
17:44:53.059 INFO  driver.Page (    Page.java:126) - Wait for the element {} [[ChromeDriver: chrome on WINDOWS (2af06d1f8895ca315a39b26cbef47082)] -> xpath: //span[contains(text(),'Subject')]] to be visible on the page for duration of {} 120
17:44:53.059 INFO  driver.Page (    Page.java:209) - Waiting for element to be visible for 120 seconds.
17:44:53.084 INFO  driver.Page (    Page.java:212) - Element is visible on the page.
17:44:53.126 INFO  driver.Page (    Page.java:129) - Text got from the locator {} [[ChromeDriver: chrome on WINDOWS (2af06d1f8895ca315a39b26cbef47082)] -> xpath: //span[contains(text(),'Subject')]] is SUBJECT
17:44:53.151 INFO  scp.AboutMyHomePage (AdminNotificationPage.java:829) - Notifications Table Subject Column Header text is SUBJECT
17:44:53.160 INFO  driver.Page (    Page.java:126) - Wait for the element {} [[ChromeDriver: chrome on WINDOWS (2af06d1f8895ca315a39b26cbef47082)] -> xpath: //span[contains(text(),'Date')]] to be visible on the page for duration of {} 120
17:44:53.160 INFO  driver.Page (    Page.java:209) - Waiting for element to be visible for 120 seconds.
17:44:53.180 INFO  driver.Page (    Page.java:212) - Element is visible on the page.
17:44:53.206 INFO  driver.Page (    Page.java:129) - Text got from the locator {} [[ChromeDriver: chrome on WINDOWS (2af06d1f8895ca315a39b26cbef47082)] -> xpath: //span[contains(text(),'Date')]] is DATE
17:44:53.220 INFO  scp.AboutMyHomePage (AdminNotificationPage.java:858) - Notifications Table Date Column Header text is DATE
17:44:53.220 INFO  driver.Page (    Page.java:56) - Preparing for element to click.
17:44:53.221 INFO  driver.Page (    Page.java:184) - Waiting for element to be clickable for 120 seconds.
17:44:53.263 INFO  driver.Page (    Page.java:187) - Element is clickable now.
17:44:53.325 INFO  driver.Page (    Page.java:59) - Element is clicked successfully.
17:44:53.325 INFO  csp.AdminHomePage (AdminHomePage.java:74) - Admin User Profile dropdown clicked successfully.
17:44:53.325 INFO  driver.Page (    Page.java:209) - Waiting for element to be visible for 120 seconds.
17:44:53.358 INFO  driver.Page (    Page.java:212) - Element is visible on the page.
17:44:53.359 INFO  csp.AdminHomePage (AdminHomePage.java:36) - SignOut Link is Visible on the page.
17:44:53.359 INFO  driver.Page (    Page.java:56) - Preparing for element to click.
17:44:53.359 INFO  driver.Page (    Page.java:184) - Waiting for element to be clickable for 120 seconds.
17:44:53.401 INFO  driver.Page (    Page.java:187) - Element is clickable now.
17:45:01.390 INFO  driver.Page (    Page.java:59) - Element is clicked successfully.
17:45:01.390 INFO  csp.AdminHomePage (AdminHomePage.java:40) - Admin User SignOut Link clicked successfully.
17:45:01.391 INFO  scp.HomePage (HomePage.java:35) - Wait for page loader invisibility.
17:45:01.391 INFO  driver.Page (    Page.java:223) - Waiting for element to be invisible for 120 seconds.
17:45:06.465 INFO  driver.Page (    Page.java:226) - Element is invisible from the page.
17:45:06.466 INFO  csp.AdminNotificationTests (AdminNotificationTests.java:70) - Test Case execution for - verifySentMailTab - is Completed.
17:45:08.494 INFO  driver.DriverFactory (DriverFactory.java:112) - Clearing all the cookies.
