17:43:43.745 INFO  driver.Page (    Page.java:210) - Waiting for element to be visible for 120 seconds.
17:43:43.789 INFO  driver.Page (    Page.java:213) - Element is visible on the page.
17:43:43.789 INFO  csp.AdminHomePage (AdminHomePage.java:50) - Notification Link is Visible on the Admin Home page.
17:43:43.789 INFO  driver.Page (    Page.java:57) - Preparing for element to click.
17:43:43.790 INFO  driver.Page (    Page.java:185) - Waiting for element to be clickable for 120 seconds.
17:43:43.847 INFO  driver.Page (    Page.java:188) - Element is clickable now.
17:43:59.746 INFO  driver.Page (    Page.java:60) - Element is clicked successfully.
17:43:59.746 INFO  csp.AdminHomePage (AdminHomePage.java:54) - Notification Link clicked successfully.
17:43:59.747 INFO  scp.HomePage (HomePage.java:35) - Wait for page loader invisibility.
17:43:59.747 INFO  driver.Page (    Page.java:224) - Waiting for element to be invisible for 120 seconds.
17:44:06.226 INFO  driver.Page (    Page.java:227) - Element is invisible from the page.
17:44:06.226 INFO  scp.HomePage (HomePage.java:74) - Wait for Spinner Loading Image invisibility.
17:44:06.226 INFO  driver.Page (    Page.java:224) - Waiting for element to be invisible for 120 seconds.
17:44:11.268 INFO  driver.Page (    Page.java:227) - Element is invisible from the page.
17:44:11.268 INFO  scp.AboutMyHomePage (AdminNotificationPage.java:901) - Wait for Next Page visibility on Notification Page.
17:44:11.268 INFO  driver.Page (    Page.java:210) - Waiting for element to be visible for 120 seconds.
17:44:11.300 INFO  driver.Page (    Page.java:213) - Element is visible on the page.
17:44:11.323 INFO  driver.Page (    Page.java:57) - Preparing for element to click.
17:44:11.323 INFO  driver.Page (    Page.java:185) - Waiting for element to be clickable for 120 seconds.
17:44:11.375 INFO  driver.Page (    Page.java:188) - Element is clickable now.
17:44:11.428 INFO  driver.Page (    Page.java:60) - Element is clicked successfully.
17:44:11.429 INFO  scp.AboutMyHomePage (AdminNotificationPage.java:41) - Connect Me link clicked {}.
17:44:11.429 INFO  scp.HomePage (HomePage.java:74) - Wait for Spinner Loading Image invisibility.
17:44:11.429 INFO  driver.Page (    Page.java:224) - Waiting for element to be invisible for 120 seconds.
17:44:22.898 INFO  driver.Page (    Page.java:227) - Element is invisible from the page.
17:44:22.910 INFO  driver.Page (    Page.java:127) - Wait for the element {} [[ChromeDriver: chrome on WINDOWS (02c21838f712774f3241919bb22f16c2)] -> css selector: #connectme] to be visible on the page for duration of {} 120
17:44:22.911 INFO  driver.Page (    Page.java:210) - Waiting for element to be visible for 120 seconds.
17:44:22.937 INFO  driver.Page (    Page.java:213) - Element is visible on the page.
17:44:22.967 INFO  driver.Page (    Page.java:130) - Text got from the locator {} [[ChromeDriver: chrome on WINDOWS (02c21838f712774f3241919bb22f16c2)] -> css selector: #connectme] is Connect Me 
21
17:44:22.980 INFO  scp.AboutMyHomePage (AdminNotificationPage.java:35) - Connect Me link label is Connect Me 
21
17:44:23.016 INFO  driver.Page (    Page.java:57) - Preparing for element to click.
17:44:23.016 INFO  driver.Page (    Page.java:185) - Waiting for element to be clickable for 120 seconds.
17:44:23.035 INFO  driver.Page (    Page.java:188) - Element is clickable now.
17:44:23.085 INFO  driver.Page (    Page.java:60) - Element is clicked successfully.
17:44:23.085 INFO  scp.AboutMyHomePage (AdminNotificationPage.java:1027) - Clicked on Unread Notification at the Index 0
17:44:23.085 INFO  scp.HomePage (HomePage.java:74) - Wait for Spinner Loading Image invisibility.
17:44:23.086 INFO  driver.Page (    Page.java:224) - Waiting for element to be invisible for 120 seconds.
17:44:32.123 INFO  driver.Page (    Page.java:227) - Element is invisible from the page.
17:44:32.124 INFO  driver.Page (    Page.java:57) - Preparing for element to click.
17:44:32.124 INFO  driver.Page (    Page.java:185) - Waiting for element to be clickable for 120 seconds.
17:44:32.176 INFO  driver.Page (    Page.java:188) - Element is clickable now.
17:44:32.235 INFO  driver.Page (    Page.java:60) - Element is clicked successfully.
17:44:32.235 INFO  scp.AboutMyHomePage (AdminNotificationPage.java:1067) - Back Button on Notification Message Details Screen clicked successfully.
17:44:32.252 INFO  driver.Page (    Page.java:127) - Wait for the element {} [[ChromeDriver: chrome on WINDOWS (02c21838f712774f3241919bb22f16c2)] -> css selector: #connectme] to be visible on the page for duration of {} 120
17:44:32.253 INFO  driver.Page (    Page.java:210) - Waiting for element to be visible for 120 seconds.
17:44:32.269 INFO  driver.Page (    Page.java:213) - Element is visible on the page.
17:44:32.297 INFO  driver.Page (    Page.java:130) - Text got from the locator {} [[ChromeDriver: chrome on WINDOWS (02c21838f712774f3241919bb22f16c2)] -> css selector: #connectme] is Connect Me 
20
17:44:32.311 INFO  scp.AboutMyHomePage (AdminNotificationPage.java:35) - Connect Me link label is Connect Me 
20
17:44:32.311 INFO  driver.Page (    Page.java:57) - Preparing for element to click.
17:44:32.311 INFO  driver.Page (    Page.java:185) - Waiting for element to be clickable for 120 seconds.
17:44:32.364 INFO  driver.Page (    Page.java:188) - Element is clickable now.
17:44:32.431 INFO  driver.Page (    Page.java:60) - Element is clicked successfully.
17:44:32.431 INFO  csp.AdminHomePage (AdminHomePage.java:74) - Admin User Profile dropdown clicked successfully.
17:44:32.431 INFO  driver.Page (    Page.java:210) - Waiting for element to be visible for 120 seconds.
17:44:32.457 INFO  driver.Page (    Page.java:213) - Element is visible on the page.
17:44:32.458 INFO  csp.AdminHomePage (AdminHomePage.java:36) - SignOut Link is Visible on the page.
17:44:32.458 INFO  driver.Page (    Page.java:57) - Preparing for element to click.
17:44:32.458 INFO  driver.Page (    Page.java:185) - Waiting for element to be clickable for 120 seconds.
17:44:32.498 INFO  driver.Page (    Page.java:188) - Element is clickable now.
17:44:35.614 INFO  driver.Page (    Page.java:60) - Element is clicked successfully.
17:44:35.615 INFO  csp.AdminHomePage (AdminHomePage.java:40) - Admin User SignOut Link clicked successfully.
17:44:35.615 INFO  scp.HomePage (HomePage.java:35) - Wait for page loader invisibility.
17:44:35.615 INFO  driver.Page (    Page.java:224) - Waiting for element to be invisible for 120 seconds.
17:44:40.633 INFO  driver.Page (    Page.java:227) - Element is invisible from the page.
17:44:40.634 INFO  csp.AdminNotificationTests (AdminNotificationTests.java:130) - Test Case execution for - verifyReadUnreadMessagesText - is Completed.
17:44:43.430 INFO  driver.DriverFactory (DriverFactory.java:112) - Clearing all the cookies.
19:01:31.499 WARN  config.Configuration (Configuration.java:231) - QA env being used by default. No env property set. This can be set in the sew.app.yml config file with a '{}=' property or on the command line with the switch '-D{}='.
19:01:32.150 INFO  runner.TestRunner (TestRunner.java:32) - Initializing application properties config file.
19:01:32.167 INFO  runner.TestRunner (TestRunner.java:35) - Initializing connection to the base database.
19:01:32.302 WARN  config.DatabaseConfiguration (DatabaseConfiguration.java:84) - QA env being used by default. No env property set. This can be set in the sentinel.yml config file with a '{}=' property or on the command line with the switch '-D{}='.
19:01:34.226 INFO  runner.TestRunner (TestRunner.java:38) - Initializing resource path config file.
19:01:34.233 INFO  runner.TestRunner (TestRunner.java:41) - Initializing usage months config from CSP.
19:01:35.066 INFO  runner.TestRunner (TestRunner.java:44) - Initializing date config from CSP.
19:01:35.803 INFO  runner.TestRunner (TestRunner.java:47) - Initializing language config from CSP.
19:01:36.546 INFO  runner.TestRunner (TestRunner.java:50) - Initializing language config from CSP.
19:01:37.309 INFO  runner.TestRunner (TestRunner.java:53) - Initializing language config from CSP.
19:01:38.047 INFO  runner.TestRunner (TestRunner.java:56) - Initializing user model config.
19:01:43.833 INFO  runner.TestRunner (TestRunner.java:59) - Initializing auth token config.
19:01:43.834 INFO  runner.TestRunner (TestRunner.java:62) - Initializing Admin User config.
19:01:45.342 INFO  utils.ExcelUtils (ExcelUtils.java:35) - Test Runner excel row at: 1
19:01:45.349 INFO  utils.ExcelUtils (ExcelUtils.java:35) - Test Runner excel row at: 2
19:01:45.350 INFO  utils.ExcelUtils (ExcelUtils.java:35) - Test Runner excel row at: 3
19:01:45.351 INFO  utils.ExcelUtils (ExcelUtils.java:35) - Test Runner excel row at: 4
19:01:45.351 INFO  utils.ExcelUtils (ExcelUtils.java:35) - Test Runner excel row at: 5
19:01:45.352 INFO  utils.ExcelUtils (ExcelUtils.java:35) - Test Runner excel row at: 6
19:01:45.353 INFO  utils.ExcelUtils (ExcelUtils.java:35) - Test Runner excel row at: 7
19:01:45.354 INFO  utils.ExcelUtils (ExcelUtils.java:35) - Test Runner excel row at: 8
19:01:45.354 INFO  utils.ExcelUtils (ExcelUtils.java:35) - Test Runner excel row at: 9
19:01:45.355 INFO  utils.ExcelUtils (ExcelUtils.java:35) - Test Runner excel row at: 10
19:01:45.355 INFO  utils.ExcelUtils (ExcelUtils.java:35) - Test Runner excel row at: 11
19:01:45.356 INFO  utils.ExcelUtils (ExcelUtils.java:35) - Test Runner excel row at: 12
19:01:45.356 INFO  utils.ExcelUtils (ExcelUtils.java:35) - Test Runner excel row at: 13
19:01:45.357 INFO  utils.ExcelUtils (ExcelUtils.java:35) - Test Runner excel row at: 14
19:01:45.357 INFO  utils.ExcelUtils (ExcelUtils.java:35) - Test Runner excel row at: 15
19:01:45.358 INFO  utils.ExcelUtils (ExcelUtils.java:35) - Test Runner excel row at: 16
19:01:45.358 INFO  utils.ExcelUtils (ExcelUtils.java:35) - Test Runner excel row at: 17
19:01:45.358 INFO  utils.ExcelUtils (ExcelUtils.java:35) - Test Runner excel row at: 18
19:01:45.358 INFO  utils.ExcelUtils (ExcelUtils.java:35) - Test Runner excel row at: 19
19:01:45.359 INFO  utils.ExcelUtils (ExcelUtils.java:35) - Test Runner excel row at: 20
19:01:45.360 INFO  utils.ExcelUtils (ExcelUtils.java:35) - Test Runner excel row at: 21
19:01:45.360 INFO  utils.ExcelUtils (ExcelUtils.java:35) - Test Runner excel row at: 22
19:01:45.361 INFO  utils.ExcelUtils (ExcelUtils.java:35) - Test Runner excel row at: 23
19:01:45.362 INFO  utils.ExcelUtils (ExcelUtils.java:35) - Test Runner excel row at: 24
19:01:45.362 INFO  utils.ExcelUtils (ExcelUtils.java:35) - Test Runner excel row at: 25
19:01:45.362 INFO  utils.ExcelUtils (ExcelUtils.java:35) - Test Runner excel row at: 26
19:01:45.363 INFO  utils.ExcelUtils (ExcelUtils.java:35) - Test Runner excel row at: 27
19:01:45.363 INFO  utils.ExcelUtils (ExcelUtils.java:35) - Test Runner excel row at: 28
19:01:45.364 INFO  utils.ExcelUtils (ExcelUtils.java:35) - Test Runner excel row at: 29
19:01:45.365 INFO  utils.ExcelUtils (ExcelUtils.java:35) - Test Runner excel row at: 30
19:01:45.366 INFO  utils.ExcelUtils (ExcelUtils.java:35) - Test Runner excel row at: 31
19:01:45.366 INFO  utils.ExcelUtils (ExcelUtils.java:35) - Test Runner excel row at: 32
19:01:45.366 INFO  utils.ExcelUtils (ExcelUtils.java:35) - Test Runner excel row at: 33
19:01:54.435 INFO  driver.WebDriverFactory (WebDriverFactory.java:207) - Setting up the browser window to its max.
19:01:54.583 INFO  driver.WebDriverFactory (WebDriverFactory.java:196) - Initializing the implicit wait timeout for {} 5
19:01:54.588 INFO  driver.WebDriverFactory (WebDriverFactory.java:199) - Initializing the page load timeout.
19:01:54.594 INFO  driver.DriverFactory (DriverFactory.java:112) - Clearing all the cookies.
19:01:54.603 INFO  driver.DriverFactory (DriverFactory.java:57) - Open the url {} https://qa.smartcmobile.net/SCM_10.0_S-CSP/ using the selenium get() method.
19:02:01.062 INFO  csp.AdminNotificationTests (AdminNotificationTests.java:137) - To verify the tests with the below test case id's: C101609
19:02:01.132 INFO  scp.HomePage (HomePage.java:35) - Wait for page loader invisibility.
19:02:01.132 INFO  driver.Page (    Page.java:224) - Waiting for element to be invisible for 120 seconds.
19:02:06.172 INFO  driver.Page (    Page.java:227) - Element is invisible from the page.
19:02:06.172 INFO  csp.AdminLoginPage (AdminLoginPage.java:334) - Checking that the current page is Admin login page.
19:02:06.173 INFO  driver.Page (    Page.java:38) - Fetching the current URL.
19:02:06.180 INFO  driver.Page (    Page.java:39) - The Current URL is: https://qa.smartcmobile.net/SCM_10.0_S-CSP/
19:02:06.185 INFO  driver.Page (    Page.java:44) - Fetching the current title.
19:02:06.191 INFO  driver.Page (    Page.java:45) - The Current Title is: SCM Admin - Login
19:02:06.198 INFO  csp.AdminLoginPage (AdminLoginPage.java:337) - The current page is Admin login page {}: true
19:02:06.201 INFO  csp.AdminLoginPage (AdminLoginPage.java:30) - Populating username {} :qauser
19:02:06.214 INFO  driver.Page (    Page.java:103) - Wait for element {} [[ChromeDriver: chrome on WINDOWS (e954edb7d7b2982b3e36f25e155a85ce)] -> css selector: [id='txtAdminLogin']] to be present in the DOM for duration of {} 120
19:02:06.214 INFO  driver.Page (    Page.java:210) - Waiting for element to be visible for 120 seconds.
19:02:06.245 INFO  driver.Page (    Page.java:213) - Element is visible on the page.
19:02:06.255 INFO  driver.Page (    Page.java:105) - Clearing the element {} [[ChromeDriver: chrome on WINDOWS (e954edb7d7b2982b3e36f25e155a85ce)] -> css selector: [id='txtAdminLogin']] before sending the keys.
19:02:06.311 INFO  driver.Page (    Page.java:107) - Sending the following keys {} qauser to the element {} [[ChromeDriver: chrome on WINDOWS (e954edb7d7b2982b3e36f25e155a85ce)] -> css selector: [id='txtAdminLogin']]
19:02:06.360 INFO  csp.AdminLoginPage (AdminLoginPage.java:32) - Username populated successfully.
19:02:06.360 INFO  csp.AdminLoginPage (AdminLoginPage.java:54) - Populating password {} :Sew@2021$!
19:02:06.375 INFO  driver.Page (    Page.java:103) - Wait for element {} [[ChromeDriver: chrome on WINDOWS (e954edb7d7b2982b3e36f25e155a85ce)] -> css selector: [id='txtpwd']] to be present in the DOM for duration of {} 120
19:02:06.375 INFO  driver.Page (    Page.java:210) - Waiting for element to be visible for 120 seconds.
19:02:06.402 INFO  driver.Page (    Page.java:213) - Element is visible on the page.
19:02:06.412 INFO  driver.Page (    Page.java:105) - Clearing the element {} [[ChromeDriver: chrome on WINDOWS (e954edb7d7b2982b3e36f25e155a85ce)] -> css selector: [id='txtpwd']] before sending the keys.
19:02:06.462 INFO  driver.Page (    Page.java:107) - Sending the following keys {} Sew@2021$! to the element {} [[ChromeDriver: chrome on WINDOWS (e954edb7d7b2982b3e36f25e155a85ce)] -> css selector: [id='txtpwd']]
19:02:06.529 INFO  csp.AdminLoginPage (AdminLoginPage.java:56) - Password populated successfully.
19:02:06.529 INFO  driver.Page (    Page.java:57) - Preparing for element to click.
19:02:06.529 INFO  driver.Page (    Page.java:185) - Waiting for element to be clickable for 120 seconds.
19:02:06.593 INFO  driver.Page (    Page.java:188) - Element is clickable now.
19:02:13.160 INFO  driver.Page (    Page.java:60) - Element is clicked successfully.
19:02:13.161 INFO  csp.AdminLoginPage (AdminLoginPage.java:67) - SignIn Button clicked successfully.
19:02:13.162 INFO  scp.HomePage (HomePage.java:35) - Wait for page loader invisibility.
19:02:13.162 INFO  driver.Page (    Page.java:224) - Waiting for element to be invisible for 120 seconds.
19:02:13.203 INFO  driver.Page (    Page.java:227) - Element is invisible from the page.
19:02:13.204 INFO  csp.AdminHomePage (AdminHomePage.java:162) - Checking that the current page is Admin Home page.
19:02:13.205 INFO  driver.Page (    Page.java:38) - Fetching the current URL.
19:02:13.210 INFO  driver.Page (    Page.java:39) - The Current URL is: https://qa.smartcmobile.net/SCM_10.0_S-CSP/Home.aspx
19:02:13.216 INFO  driver.Page (    Page.java:44) - Fetching the current title.
19:02:13.220 INFO  driver.Page (    Page.java:45) - The Current Title is: Dashboard
19:02:13.225 INFO  csp.AdminHomePage (AdminHomePage.java:165) - The current page is Admin Home page {}: true
19:02:13.232 INFO  driver.Page (    Page.java:210) - Waiting for element to be visible for 120 seconds.
19:02:13.254 INFO  driver.Page (    Page.java:213) - Element is visible on the page.
19:02:13.254 INFO  csp.AdminHomePage (AdminHomePage.java:50) - Notification Link is Visible on the Admin Home page.
19:02:13.254 INFO  driver.Page (    Page.java:57) - Preparing for element to click.
19:02:13.255 INFO  driver.Page (    Page.java:185) - Waiting for element to be clickable for 120 seconds.
19:02:13.287 INFO  driver.Page (    Page.java:188) - Element is clickable now.
19:02:30.908 INFO  driver.Page (    Page.java:60) - Element is clicked successfully.
19:02:30.908 INFO  csp.AdminHomePage (AdminHomePage.java:54) - Notification Link clicked successfully.
19:02:30.908 INFO  scp.HomePage (HomePage.java:35) - Wait for page loader invisibility.
19:02:30.908 INFO  driver.Page (    Page.java:224) - Waiting for element to be invisible for 120 seconds.
19:02:37.344 INFO  driver.Page (    Page.java:227) - Element is invisible from the page.
19:02:37.344 INFO  scp.HomePage (HomePage.java:74) - Wait for Spinner Loading Image invisibility.
19:02:37.344 INFO  driver.Page (    Page.java:224) - Waiting for element to be invisible for 120 seconds.
19:02:42.400 INFO  driver.Page (    Page.java:227) - Element is invisible from the page.
19:02:42.401 INFO  scp.AboutMyHomePage (AdminNotificationPage.java:901) - Wait for Next Page visibility on Notification Page.
19:02:42.401 INFO  driver.Page (    Page.java:210) - Waiting for element to be visible for 120 seconds.
19:02:42.421 INFO  driver.Page (    Page.java:213) - Element is visible on the page.
19:02:42.445 INFO  scp.AboutMyHomePage (AdminNotificationPage.java:1237) - Checking the visibility of NoDataInModule Label on the page.
19:02:49.532 INFO  driver.DriverFactory (DriverFactory.java:112) - Clearing all the cookies.
