16:07:12.070 INFO  scp.PostLogEfficiencyPage (PostLogEfficiencyPage.java:31) - Efficiency Heading List on Ways To Save is [EducationalTipsTopic 33923, Educational Tips Topic 32936, Educational Tips Topic 38677, edu com power, ttde456, ttdd, program0044, eDUCATIONAL TIPS FOR BETTER FUTURE, EducationalTipTopic63952, EducationalTipTopic83357, tt, ProgramsTopic38, ProgramsTopic38]
16:07:13.263 INFO  utils.DataBaseUtils (DataBaseUtils.java:299) - Connected to the database...
16:07:13.514 INFO  utils.DataBaseUtils (DataBaseUtils.java:308) - SQL Exception:[Ljava.lang.StackTraceElement;@738a1324
16:07:13.517 INFO  csp.WaysToSaveTests (WaysToSaveTests.java:618) - Test Case execution for - verifyInactiveActiveWaysToSave - is Completed.
16:07:18.082 INFO  driver.DriverFactory (DriverFactory.java:122) - Clearing all the cookies.
17:38:52.922 INFO  runner.TestRunner (TestRunner.java:32) - Initializing application properties config file.
17:38:52.932 INFO  runner.TestRunner (TestRunner.java:35) - Initializing connection to the base database.
17:38:53.230 WARN  config.DatabaseConfiguration (DatabaseConfiguration.java:84) - QA env being used by default. No env property set. This can be set in the sentinel.yml config file with a '{}=' property or on the command line with the switch '-D{}='.
17:38:54.880 INFO  runner.TestRunner (TestRunner.java:38) - Initializing resource path config file.
17:38:54.887 INFO  runner.TestRunner (TestRunner.java:41) - Initializing usage months config from CSP.
17:38:55.704 INFO  runner.TestRunner (TestRunner.java:44) - Initializing date config from CSP.
17:38:56.456 INFO  runner.TestRunner (TestRunner.java:47) - Initializing language config from CSP.
17:38:57.203 INFO  runner.TestRunner (TestRunner.java:50) - Initializing language config from CSP.
17:38:57.990 INFO  runner.TestRunner (TestRunner.java:53) - Initializing language config from CSP.
17:38:58.737 INFO  runner.TestRunner (TestRunner.java:56) - Initializing user model config.
17:38:58.808 WARN  config.Configuration (Configuration.java:231) - QA env being used by default. No env property set. This can be set in the sew.app.yml config file with a '{}=' property or on the command line with the switch '-D{}='.
17:39:04.067 INFO  runner.TestRunner (TestRunner.java:59) - Initializing auth token config.
17:39:04.068 INFO  runner.TestRunner (TestRunner.java:62) - Initializing Admin User config.
17:39:05.487 INFO  utils.ExcelUtils (ExcelUtils.java:36) - Test Runner excel row at: 1
17:39:05.492 INFO  utils.ExcelUtils (ExcelUtils.java:36) - Test Runner excel row at: 2
17:39:05.492 INFO  utils.ExcelUtils (ExcelUtils.java:36) - Test Runner excel row at: 3
17:39:05.493 INFO  utils.ExcelUtils (ExcelUtils.java:36) - Test Runner excel row at: 4
17:39:05.493 INFO  utils.ExcelUtils (ExcelUtils.java:36) - Test Runner excel row at: 5
17:39:05.493 INFO  utils.ExcelUtils (ExcelUtils.java:36) - Test Runner excel row at: 6
17:39:05.494 INFO  utils.ExcelUtils (ExcelUtils.java:36) - Test Runner excel row at: 7
17:39:05.494 INFO  utils.ExcelUtils (ExcelUtils.java:36) - Test Runner excel row at: 8
17:39:05.495 INFO  utils.ExcelUtils (ExcelUtils.java:36) - Test Runner excel row at: 9
17:39:05.495 INFO  utils.ExcelUtils (ExcelUtils.java:36) - Test Runner excel row at: 10
17:39:05.495 INFO  utils.ExcelUtils (ExcelUtils.java:36) - Test Runner excel row at: 11
17:39:05.495 INFO  utils.ExcelUtils (ExcelUtils.java:36) - Test Runner excel row at: 12
17:39:05.496 INFO  utils.ExcelUtils (ExcelUtils.java:36) - Test Runner excel row at: 13
17:39:05.496 INFO  utils.ExcelUtils (ExcelUtils.java:36) - Test Runner excel row at: 14
17:39:05.496 INFO  utils.ExcelUtils (ExcelUtils.java:36) - Test Runner excel row at: 15
17:39:05.497 INFO  utils.ExcelUtils (ExcelUtils.java:36) - Test Runner excel row at: 16
17:39:05.497 INFO  utils.ExcelUtils (ExcelUtils.java:36) - Test Runner excel row at: 17
17:39:05.497 INFO  utils.ExcelUtils (ExcelUtils.java:36) - Test Runner excel row at: 18
17:39:05.498 INFO  utils.ExcelUtils (ExcelUtils.java:36) - Test Runner excel row at: 19
17:39:05.498 INFO  utils.ExcelUtils (ExcelUtils.java:36) - Test Runner excel row at: 20
17:39:05.499 INFO  utils.ExcelUtils (ExcelUtils.java:36) - Test Runner excel row at: 21
17:39:05.500 INFO  utils.ExcelUtils (ExcelUtils.java:36) - Test Runner excel row at: 22
17:39:05.500 INFO  utils.ExcelUtils (ExcelUtils.java:36) - Test Runner excel row at: 23
17:39:05.500 INFO  utils.ExcelUtils (ExcelUtils.java:36) - Test Runner excel row at: 24
17:39:05.501 INFO  utils.ExcelUtils (ExcelUtils.java:36) - Test Runner excel row at: 25
17:39:05.501 INFO  utils.ExcelUtils (ExcelUtils.java:36) - Test Runner excel row at: 26
17:39:05.501 INFO  utils.ExcelUtils (ExcelUtils.java:36) - Test Runner excel row at: 27
17:39:05.501 INFO  utils.ExcelUtils (ExcelUtils.java:36) - Test Runner excel row at: 28
17:39:05.501 INFO  utils.ExcelUtils (ExcelUtils.java:36) - Test Runner excel row at: 29
17:39:05.502 INFO  utils.ExcelUtils (ExcelUtils.java:36) - Test Runner excel row at: 30
17:39:05.502 INFO  utils.ExcelUtils (ExcelUtils.java:36) - Test Runner excel row at: 31
17:39:05.502 INFO  utils.ExcelUtils (ExcelUtils.java:36) - Test Runner excel row at: 32
17:39:05.503 INFO  utils.ExcelUtils (ExcelUtils.java:36) - Test Runner excel row at: 33
17:39:05.503 INFO  utils.ExcelUtils (ExcelUtils.java:36) - Test Runner excel row at: 34
17:39:05.503 INFO  utils.ExcelUtils (ExcelUtils.java:36) - Test Runner excel row at: 35
17:39:05.504 INFO  utils.ExcelUtils (ExcelUtils.java:36) - Test Runner excel row at: 36
17:39:05.504 INFO  utils.ExcelUtils (ExcelUtils.java:36) - Test Runner excel row at: 37
17:39:05.504 INFO  utils.ExcelUtils (ExcelUtils.java:36) - Test Runner excel row at: 38
17:39:05.505 INFO  utils.ExcelUtils (ExcelUtils.java:36) - Test Runner excel row at: 39
17:39:05.505 INFO  utils.ExcelUtils (ExcelUtils.java:36) - Test Runner excel row at: 40
17:39:05.505 INFO  utils.ExcelUtils (ExcelUtils.java:36) - Test Runner excel row at: 41
17:39:05.505 INFO  utils.ExcelUtils (ExcelUtils.java:36) - Test Runner excel row at: 42
17:39:05.506 INFO  utils.ExcelUtils (ExcelUtils.java:36) - Test Runner excel row at: 43
17:39:05.506 INFO  utils.ExcelUtils (ExcelUtils.java:36) - Test Runner excel row at: 44
17:39:05.506 INFO  utils.ExcelUtils (ExcelUtils.java:36) - Test Runner excel row at: 45
17:39:05.507 INFO  utils.ExcelUtils (ExcelUtils.java:36) - Test Runner excel row at: 46
17:39:05.507 INFO  utils.ExcelUtils (ExcelUtils.java:36) - Test Runner excel row at: 47
17:39:05.507 INFO  utils.ExcelUtils (ExcelUtils.java:36) - Test Runner excel row at: 48
17:39:05.507 INFO  utils.ExcelUtils (ExcelUtils.java:36) - Test Runner excel row at: 49
17:39:05.508 INFO  utils.ExcelUtils (ExcelUtils.java:36) - Test Runner excel row at: 50
17:39:05.508 INFO  utils.ExcelUtils (ExcelUtils.java:36) - Test Runner excel row at: 51
17:39:05.508 INFO  utils.ExcelUtils (ExcelUtils.java:36) - Test Runner excel row at: 52
17:39:05.509 INFO  utils.ExcelUtils (ExcelUtils.java:36) - Test Runner excel row at: 53
17:39:05.509 INFO  utils.ExcelUtils (ExcelUtils.java:36) - Test Runner excel row at: 54
17:39:05.509 INFO  utils.ExcelUtils (ExcelUtils.java:36) - Test Runner excel row at: 55
17:39:05.509 INFO  utils.ExcelUtils (ExcelUtils.java:36) - Test Runner excel row at: 56
17:39:05.510 INFO  utils.ExcelUtils (ExcelUtils.java:36) - Test Runner excel row at: 57
17:39:05.511 INFO  utils.ExcelUtils (ExcelUtils.java:36) - Test Runner excel row at: 58
17:39:05.511 INFO  utils.ExcelUtils (ExcelUtils.java:36) - Test Runner excel row at: 59
17:39:05.511 INFO  utils.ExcelUtils (ExcelUtils.java:36) - Test Runner excel row at: 60
17:39:05.512 INFO  utils.ExcelUtils (ExcelUtils.java:36) - Test Runner excel row at: 61
17:39:05.512 INFO  utils.ExcelUtils (ExcelUtils.java:36) - Test Runner excel row at: 62
17:39:05.512 INFO  utils.ExcelUtils (ExcelUtils.java:36) - Test Runner excel row at: 63
17:39:05.513 INFO  utils.ExcelUtils (ExcelUtils.java:36) - Test Runner excel row at: 64
17:39:05.513 INFO  utils.ExcelUtils (ExcelUtils.java:36) - Test Runner excel row at: 65
17:39:05.513 INFO  utils.ExcelUtils (ExcelUtils.java:36) - Test Runner excel row at: 66
17:39:05.514 INFO  utils.ExcelUtils (ExcelUtils.java:36) - Test Runner excel row at: 67
17:39:05.514 INFO  utils.ExcelUtils (ExcelUtils.java:36) - Test Runner excel row at: 68
17:39:05.514 INFO  utils.ExcelUtils (ExcelUtils.java:36) - Test Runner excel row at: 69
17:39:05.514 INFO  utils.ExcelUtils (ExcelUtils.java:36) - Test Runner excel row at: 70
17:39:05.515 INFO  utils.ExcelUtils (ExcelUtils.java:36) - Test Runner excel row at: 71
17:39:05.515 INFO  utils.ExcelUtils (ExcelUtils.java:36) - Test Runner excel row at: 72
17:39:05.515 INFO  utils.ExcelUtils (ExcelUtils.java:36) - Test Runner excel row at: 73
17:39:16.687 INFO  driver.WebDriverFactory (WebDriverFactory.java:209) - Setting up the browser window to its max.
17:39:16.959 INFO  driver.WebDriverFactory (WebDriverFactory.java:198) - Initializing the implicit wait timeout for {} 5
17:39:16.967 INFO  driver.WebDriverFactory (WebDriverFactory.java:201) - Initializing the page load timeout.
17:39:16.972 INFO  driver.DriverFactory (DriverFactory.java:122) - Clearing all the cookies.
17:39:17.108 INFO  driver.DriverFactory (DriverFactory.java:59) - Open the url {} https://qa.smartcmobile.net/SCM_10.0_S-CSP/ using the selenium get() method.
17:39:29.320 INFO  csp.WaysToSaveTests (WaysToSaveTests.java:579) - To verify the tests with the below test case id's: C80148, C80149, C80150,C80170, C80171
17:39:29.378 INFO  driver.DriverFactory (DriverFactory.java:59) - Open the url {} https://qa.smartcmobile.net/SCM_10.0_S-CSP/ using the selenium get() method.
17:39:36.542 INFO  scp.HomePage (HomePage.java:132) - Wait for page loader invisibility.
17:39:36.542 INFO  driver.Page (    Page.java:250) - Waiting for element to be invisible for 120 seconds.
17:39:41.611 INFO  driver.Page (    Page.java:253) - Element is invisible from the page.
17:39:41.612 INFO  csp.AdminLoginPage (AdminLoginPage.java:334) - Checking that the current page is Admin login page.
17:39:41.612 INFO  driver.Page (    Page.java:40) - Fetching the current URL.
17:39:41.621 INFO  driver.Page (    Page.java:41) - The Current URL is: https://qa.smartcmobile.net/SCM_10.0_S-CSP/
17:39:41.629 INFO  driver.Page (    Page.java:46) - Fetching the current title.
17:39:41.634 INFO  driver.Page (    Page.java:47) - The Current Title is: SCM Admin - Login
17:39:41.639 INFO  csp.AdminLoginPage (AdminLoginPage.java:337) - The current page is Admin login page {}: true
17:39:41.641 INFO  csp.AdminLoginPage (AdminLoginPage.java:30) - Populating username {} :qauser
17:39:41.656 INFO  driver.Page (    Page.java:121) - Wait for element {} [[ChromeDriver: chrome on WINDOWS (78b4c32327d9d3839f23661685ce514d)] -> css selector: [id='txtAdminLogin']] to be present in the DOM for duration of {} 120
17:39:41.656 INFO  driver.Page (    Page.java:236) - Waiting for element to be visible for 120 seconds.
17:39:41.687 INFO  driver.Page (    Page.java:239) - Element is visible on the page.
17:39:41.695 INFO  driver.Page (    Page.java:123) - Clearing the element {} [[ChromeDriver: chrome on WINDOWS (78b4c32327d9d3839f23661685ce514d)] -> css selector: [id='txtAdminLogin']] before sending the keys.
17:39:41.740 INFO  driver.Page (    Page.java:125) - Sending the following keys {} qauser to the element {} [[ChromeDriver: chrome on WINDOWS (78b4c32327d9d3839f23661685ce514d)] -> css selector: [id='txtAdminLogin']]
17:39:41.780 INFO  csp.AdminLoginPage (AdminLoginPage.java:32) - Username populated successfully.
17:39:41.781 INFO  csp.AdminLoginPage (AdminLoginPage.java:54) - Populating password {} :Sew@2021$!
17:39:41.793 INFO  driver.Page (    Page.java:121) - Wait for element {} [[ChromeDriver: chrome on WINDOWS (78b4c32327d9d3839f23661685ce514d)] -> css selector: [id='txtpwd']] to be present in the DOM for duration of {} 120
17:39:41.793 INFO  driver.Page (    Page.java:236) - Waiting for element to be visible for 120 seconds.
17:39:41.817 INFO  driver.Page (    Page.java:239) - Element is visible on the page.
17:39:41.827 INFO  driver.Page (    Page.java:123) - Clearing the element {} [[ChromeDriver: chrome on WINDOWS (78b4c32327d9d3839f23661685ce514d)] -> css selector: [id='txtpwd']] before sending the keys.
17:39:41.878 INFO  driver.Page (    Page.java:125) - Sending the following keys {} Sew@2021$! to the element {} [[ChromeDriver: chrome on WINDOWS (78b4c32327d9d3839f23661685ce514d)] -> css selector: [id='txtpwd']]
17:39:41.935 INFO  csp.AdminLoginPage (AdminLoginPage.java:56) - Password populated successfully.
17:39:41.936 INFO  driver.Page (    Page.java:59) - Preparing for element to click.
17:39:41.936 INFO  driver.Page (    Page.java:211) - Waiting for element to be clickable for 120 seconds.
17:39:41.972 INFO  driver.Page (    Page.java:214) - Element is clickable now.
17:39:59.794 INFO  driver.Page (    Page.java:62) - Element is clicked successfully.
17:39:59.795 INFO  csp.AdminLoginPage (AdminLoginPage.java:67) - SignIn Button clicked successfully.
17:39:59.795 INFO  scp.HomePage (HomePage.java:132) - Wait for page loader invisibility.
17:39:59.795 INFO  driver.Page (    Page.java:250) - Waiting for element to be invisible for 120 seconds.
17:39:59.818 INFO  driver.Page (    Page.java:253) - Element is invisible from the page.
17:39:59.835 INFO  csp.AdminHomePage (AdminHomePage.java:181) - Checking that the current page is Admin Home page.
17:39:59.836 INFO  driver.Page (    Page.java:40) - Fetching the current URL.
17:39:59.842 INFO  driver.Page (    Page.java:41) - The Current URL is: https://qa.smartcmobile.net/SCM_10.0_S-CSP/Home.aspx
17:39:59.849 INFO  driver.Page (    Page.java:46) - Fetching the current title.
17:39:59.856 INFO  driver.Page (    Page.java:47) - The Current Title is: Dashboard
17:39:59.861 INFO  csp.AdminHomePage (AdminHomePage.java:184) - The current page is Admin Home page {}: true
17:39:59.909 INFO  driver.Page (    Page.java:236) - Waiting for element to be visible for 120 seconds.
17:39:59.941 INFO  driver.Page (    Page.java:239) - Element is visible on the page.
17:39:59.941 INFO  csp.AdminHomePage (AdminHomePage.java:47) - Ways To Save Link is Visible on the page.
17:39:59.941 INFO  driver.Page (    Page.java:527) - Preparing for element to click.
17:40:12.915 INFO  driver.Page (    Page.java:534) - Element is clicked successfully.
17:40:12.915 INFO  csp.AdminHomePage (AdminHomePage.java:52) - Ways To Save Link clicked successfully.
17:40:12.916 INFO  scp.HomePage (HomePage.java:132) - Wait for page loader invisibility.
17:40:12.916 INFO  driver.Page (    Page.java:250) - Waiting for element to be invisible for 120 seconds.
17:40:12.940 INFO  driver.Page (    Page.java:253) - Element is invisible from the page.
17:40:12.940 INFO  driver.Page (    Page.java:236) - Waiting for element to be visible for 120 seconds.
17:40:12.967 INFO  driver.Page (    Page.java:239) - Element is visible on the page.
17:40:12.967 INFO  csp.WaysToSavePage (WaysToSavePage.java:1133) - Next Button is Visible on the Ways To Save page.
17:40:12.974 INFO  csp.WaysToSaveSteps (WaysToSaveSteps.java:875) - Checking that the current page is Ways To Save page.
17:40:12.975 INFO  driver.Page (    Page.java:40) - Fetching the current URL.
17:40:12.981 INFO  driver.Page (    Page.java:41) - The Current URL is: https://qa.smartcmobile.net/SCM_10.0_S-CSP/configuration/WaysToSave.aspx
17:40:12.986 INFO  driver.Page (    Page.java:46) - Fetching the current title.
17:40:12.993 INFO  driver.Page (    Page.java:47) - The Current Title is: Ways To Save
17:40:12.999 INFO  csp.WaysToSaveSteps (WaysToSaveSteps.java:878) - The current page is Ways To Save page {}: true
17:40:13.113 INFO  driver.Page (    Page.java:353) - Selecting the option by visible text {}: Educational Tips
17:40:13.171 INFO  driver.Page (    Page.java:355) - Selecting the given option to the web element {}: [[ChromeDriver: chrome on WINDOWS (78b4c32327d9d3839f23661685ce514d)] -> css selector: #filter]
17:40:13.234 INFO  driver.Page (    Page.java:357) - Given text is selected as the option to the given select web element.
17:40:13.235 INFO  csp.WaysToSavePage (WaysToSavePage.java:40) - Ways To Save Filter Dropdwon has been selected with the value Educational Tips
17:40:15.247 INFO  driver.Page (    Page.java:527) - Preparing for element to click.
17:40:15.320 INFO  driver.Page (    Page.java:534) - Element is clicked successfully.
17:40:15.320 INFO  csp.WaysToSavePage (WaysToSavePage.java:68) - Add Ways To Save Button on Ways To Save Dashboard Clicked successfully.
17:40:15.321 INFO  driver.Page (    Page.java:236) - Waiting for element to be visible for 120 seconds.
17:40:15.900 INFO  driver.Page (    Page.java:239) - Element is visible on the page.
17:40:15.900 INFO  csp.WaysToSavePage (WaysToSavePage.java:382) - Add Button is Visible on the Add Ways To Save Popup page.
17:40:15.900 INFO  driver.Page (    Page.java:353) - Selecting the option by visible text {}: Educational Tips
17:40:15.946 INFO  driver.Page (    Page.java:355) - Selecting the given option to the web element {}: [[ChromeDriver: chrome on WINDOWS (78b4c32327d9d3839f23661685ce514d)] -> css selector: #ddlCategory]
17:40:16.051 INFO  driver.Page (    Page.java:357) - Given text is selected as the option to the given select web element.
17:40:16.554 INFO  csp.WaysToSavePage (WaysToSavePage.java:214) - Category dropdown on Add Ways To Save Popup is selected with the value Educational Tips
17:40:16.554 INFO  driver.Page (    Page.java:353) - Selecting the option by visible text {}: Gas
17:40:16.606 INFO  driver.Page (    Page.java:355) - Selecting the given option to the web element {}: [[ChromeDriver: chrome on WINDOWS (78b4c32327d9d3839f23661685ce514d)] -> css selector: #ddlServiceType]
17:40:16.684 INFO  driver.Page (    Page.java:357) - Given text is selected as the option to the given select web element.
17:40:17.188 INFO  csp.WaysToSavePage (WaysToSavePage.java:253) - MeterType dropdown on Add Ways To Save Popup is selected with the value Gas
17:40:17.189 INFO  driver.Page (    Page.java:527) - Preparing for element to click.
17:40:17.222 INFO  driver.Page (    Page.java:534) - Element is clicked successfully.
17:40:17.222 INFO  csp.WaysToSavePage (WaysToSavePage.java:286) - Clicked on AccountType Dropdown on Add Ways To Save Popup
17:40:17.222 INFO  driver.Page (    Page.java:59) - Preparing for element to click.
17:40:17.222 INFO  driver.Page (    Page.java:211) - Waiting for element to be clickable for 120 seconds.
17:40:17.284 INFO  driver.Page (    Page.java:214) - Element is clickable now.
17:40:17.332 INFO  driver.Page (    Page.java:62) - Element is clicked successfully.
17:40:17.835 INFO  csp.WaysToSavePage (WaysToSavePage.java:312) - Clicked on Residential AccountType Dropdown on Add Ways To Save Popup
17:40:17.835 INFO  driver.Page (    Page.java:527) - Preparing for element to click.
17:40:17.876 INFO  driver.Page (    Page.java:534) - Element is clicked successfully.
17:40:17.877 INFO  csp.WaysToSavePage (WaysToSavePage.java:286) - Clicked on AccountType Dropdown on Add Ways To Save Popup
17:40:17.877 INFO  driver.Page (    Page.java:77) - Preparing for element to click.
17:40:17.877 INFO  driver.Page (    Page.java:236) - Waiting for element to be visible for 120 seconds.
17:40:17.907 INFO  driver.Page (    Page.java:239) - Element is visible on the page.
17:40:17.924 INFO  driver.Page (    Page.java:81) - Element is clicked successfully.
17:40:17.925 INFO  csp.WaysToSavePage (WaysToSavePage.java:421) - Internal checkbox is checked successfully.
17:40:17.935 INFO  driver.Page (    Page.java:121) - Wait for element {} [[ChromeDriver: chrome on WINDOWS (78b4c32327d9d3839f23661685ce514d)] -> css selector: #txtQuestionEN] to be present in the DOM for duration of {} 120
17:40:17.935 INFO  driver.Page (    Page.java:236) - Waiting for element to be visible for 120 seconds.
17:40:17.951 INFO  driver.Page (    Page.java:239) - Element is visible on the page.
17:40:17.958 INFO  driver.Page (    Page.java:123) - Clearing the element {} [[ChromeDriver: chrome on WINDOWS (78b4c32327d9d3839f23661685ce514d)] -> css selector: #txtQuestionEN] before sending the keys.
17:40:18.008 INFO  driver.Page (    Page.java:125) - Sending the following keys {} EducationalTipsTopic 03952 to the element {} [[ChromeDriver: chrome on WINDOWS (78b4c32327d9d3839f23661685ce514d)] -> css selector: #txtQuestionEN]
17:40:18.151 INFO  csp.WaysToSavePage (WaysToSavePage.java:931) - Topic Name English TextBox populated successfully with Value EducationalTipsTopic 03952
17:40:18.166 INFO  driver.Page (    Page.java:121) - Wait for element {} [[ChromeDriver: chrome on WINDOWS (78b4c32327d9d3839f23661685ce514d)] -> xpath: //div[@id='summernoteEnglish']/following::div[1]/div[@class='note-editing-area']/div[@class='note-editable']] to be present in the DOM for duration of {} 120
17:40:18.167 INFO  driver.Page (    Page.java:236) - Waiting for element to be visible for 120 seconds.
17:40:18.199 INFO  driver.Page (    Page.java:239) - Element is visible on the page.
17:40:18.206 INFO  driver.Page (    Page.java:123) - Clearing the element {} [[ChromeDriver: chrome on WINDOWS (78b4c32327d9d3839f23661685ce514d)] -> xpath: //div[@id='summernoteEnglish']/following::div[1]/div[@class='note-editing-area']/div[@class='note-editable']] before sending the keys.
17:40:18.253 INFO  driver.Page (    Page.java:125) - Sending the following keys {} EducationalTipsDescription 73709 to the element {} [[ChromeDriver: chrome on WINDOWS (78b4c32327d9d3839f23661685ce514d)] -> xpath: //div[@id='summernoteEnglish']/following::div[1]/div[@class='note-editing-area']/div[@class='note-editable']]
17:40:18.450 INFO  csp.WaysToSavePage (WaysToSavePage.java:956) - Description English TextBox populated successfully with Value EducationalTipsDescription 73709
17:40:18.466 INFO  driver.Page (    Page.java:130) - Wait for element {} [[ChromeDriver: chrome on WINDOWS (78b4c32327d9d3839f23661685ce514d)] -> css selector: #fileUpload] to be present in the DOM for duration of {} 120
17:40:18.466 INFO  driver.Page (    Page.java:131) - Clearing the element {} [[ChromeDriver: chrome on WINDOWS (78b4c32327d9d3839f23661685ce514d)] -> css selector: #fileUpload] before sending the keys.
17:40:18.496 INFO  driver.Page (    Page.java:133) - Sending the following keys {} C:\Users\kragavendr001\Desktop\SEW\SCMBase10sUIWorkspace\SCM10SFunctionalTests\src\test\resources\uploads\Test.jpg to the element {} [[ChromeDriver: chrome on WINDOWS (78b4c32327d9d3839f23661685ce514d)] -> css selector: #fileUpload]
17:40:18.517 INFO  csp.WaysToSavePage (WaysToSavePage.java:363) - Choose File Button added successfully with File Value C:\Users\kragavendr001\Desktop\SEW\SCMBase10sUIWorkspace\SCM10SFunctionalTests\src\test\resources\uploads\Test.jpg
17:40:18.518 INFO  driver.Page (    Page.java:527) - Preparing for element to click.
17:40:21.475 INFO  driver.Page (    Page.java:534) - Element is clicked successfully.
17:40:21.475 INFO  csp.WaysToSavePage (WaysToSavePage.java:392) - Add Button on Add Ways To Save Popup clicked successfully.
17:40:22.847 INFO  driver.Page (    Page.java:161) - Text got from the locator {} [[ChromeDriver: chrome on WINDOWS (78b4c32327d9d3839f23661685ce514d)] -> css selector: #toast-container .toast-message] is A new Educational Tip added successfully
17:40:22.872 INFO  scp.HomePage (HomePage.java:167) - Label on toast message {}: A new Educational Tip added successfully
17:40:22.872 INFO  scp.HomePage (HomePage.java:146) - Wait for toast message invisibility.
17:40:22.872 INFO  driver.Page (    Page.java:250) - Waiting for element to be invisible for 120 seconds.
17:40:29.548 INFO  driver.Page (    Page.java:253) - Element is invisible from the page.
17:40:29.566 INFO  driver.Page (    Page.java:194) - Returning web element for by type locator : By.xpath: //a[text()='EducationalTipsTopic 03952']/preceding::a[1]
17:40:29.584 INFO  driver.Page (    Page.java:527) - Preparing for element to click.
17:40:31.484 INFO  driver.Page (    Page.java:534) - Element is clicked successfully.
17:40:31.484 INFO  csp.WaysToSavePage (WaysToSavePage.java:141) - Clicked on the Status Link for the Topic Name EducationalTipsTopic 03952 on Ways To Save Grid.
17:40:31.484 INFO  driver.Page (    Page.java:236) - Waiting for element to be visible for 120 seconds.
17:40:31.505 INFO  driver.Page (    Page.java:239) - Element is visible on the page.
17:40:31.505 INFO  csp.WaysToSavePage (WaysToSavePage.java:809) - Yes button on Change Status Confirmation Popup is visible
17:40:31.536 INFO  driver.Page (    Page.java:278) - Element {} : [[ChromeDriver: chrome on WINDOWS (78b4c32327d9d3839f23661685ce514d)] -> css selector: #PopupChangeStatus_Wts .modal-dialog h4] is visible on the page.
17:40:31.537 INFO  csp.WaysToSavePage (WaysToSavePage.java:738) - Heading on Change Status Confirmation Popup visibility status is true
17:40:31.544 INFO  driver.Page (    Page.java:153) - Wait for the element {} [[ChromeDriver: chrome on WINDOWS (78b4c32327d9d3839f23661685ce514d)] -> css selector: #PopupChangeStatus_Wts .modal-dialog h4] to be visible on the page for duration of {} 120
17:40:31.544 INFO  driver.Page (    Page.java:236) - Waiting for element to be visible for 120 seconds.
17:40:31.558 INFO  driver.Page (    Page.java:239) - Element is visible on the page.
17:40:31.582 INFO  driver.Page (    Page.java:156) - Text got from the locator {} [[ChromeDriver: chrome on WINDOWS (78b4c32327d9d3839f23661685ce514d)] -> css selector: #PopupChangeStatus_Wts .modal-dialog h4] is Confirmation
17:40:31.596 INFO  csp.WaysToSavePage (WaysToSavePage.java:743) - Heading Label on Change Status Confirmation Popup is Confirmation
17:40:31.621 INFO  driver.Page (    Page.java:278) - Element {} : [[ChromeDriver: chrome on WINDOWS (78b4c32327d9d3839f23661685ce514d)] -> css selector: #PopupChangeStatus_Wts .modal-dialog button.close] is visible on the page.
17:40:31.623 INFO  csp.WaysToSavePage (WaysToSavePage.java:751) - Close X Button on Change Status Confirmation Popup visibility status is true
17:40:31.652 INFO  driver.Page (    Page.java:278) - Element {} : [[ChromeDriver: chrome on WINDOWS (78b4c32327d9d3839f23661685ce514d)] -> css selector: #PopupChangeStatus_Wts .modal-body p] is visible on the page.
17:40:31.652 INFO  csp.WaysToSavePage (WaysToSavePage.java:765) - Confirmation Message on Change Status Confirmation Popup visibility status is true
17:40:31.661 INFO  driver.Page (    Page.java:153) - Wait for the element {} [[ChromeDriver: chrome on WINDOWS (78b4c32327d9d3839f23661685ce514d)] -> css selector: #PopupChangeStatus_Wts .modal-body p] to be visible on the page for duration of {} 120
17:40:31.661 INFO  driver.Page (    Page.java:236) - Waiting for element to be visible for 120 seconds.
17:40:31.677 INFO  driver.Page (    Page.java:239) - Element is visible on the page.
17:40:31.705 INFO  driver.Page (    Page.java:156) - Text got from the locator {} [[ChromeDriver: chrome on WINDOWS (78b4c32327d9d3839f23661685ce514d)] -> css selector: #PopupChangeStatus_Wts .modal-body p] is Are you sure you want to change the status?
17:40:31.723 INFO  csp.WaysToSavePage (WaysToSavePage.java:770) - Confirmation Message on Change Status Confirmation Popup is Are you sure you want to change the status?
17:40:31.754 INFO  driver.Page (    Page.java:278) - Element {} : [[ChromeDriver: chrome on WINDOWS (78b4c32327d9d3839f23661685ce514d)] -> css selector: #PopupChangeStatus_Wts .modal-body button[class*='back_btn']] is visible on the page.
17:40:31.755 INFO  csp.WaysToSavePage (WaysToSavePage.java:779) - Close Button on Change Status Confirmation Popup visibility status is true
17:40:31.765 INFO  driver.Page (    Page.java:153) - Wait for the element {} [[ChromeDriver: chrome on WINDOWS (78b4c32327d9d3839f23661685ce514d)] -> css selector: #PopupChangeStatus_Wts .modal-body button[class*='back_btn']] to be visible on the page for duration of {} 120
17:40:31.765 INFO  driver.Page (    Page.java:236) - Waiting for element to be visible for 120 seconds.
17:40:31.784 INFO  driver.Page (    Page.java:239) - Element is visible on the page.
17:40:31.812 INFO  driver.Page (    Page.java:156) - Text got from the locator {} [[ChromeDriver: chrome on WINDOWS (78b4c32327d9d3839f23661685ce514d)] -> css selector: #PopupChangeStatus_Wts .modal-body button[class*='back_btn']] is Close
17:40:31.827 INFO  csp.WaysToSavePage (WaysToSavePage.java:784) - Label for Close Button on Change Status Confirmation Popup is Close
17:40:31.852 INFO  driver.Page (    Page.java:278) - Element {} : [[ChromeDriver: chrome on WINDOWS (78b4c32327d9d3839f23661685ce514d)] -> css selector: #PopupChangeStatus_Wts .modal-body #btnProceedTest] is visible on the page.
17:40:31.853 INFO  csp.WaysToSavePage (WaysToSavePage.java:798) - Yes Button on Change Status Confirmation Popup visibility status is true
17:40:31.862 INFO  driver.Page (    Page.java:166) - Wait for the element {} [[ChromeDriver: chrome on WINDOWS (78b4c32327d9d3839f23661685ce514d)] -> css selector: #PopupChangeStatus_Wts .modal-body #btnProceedTest] to be visible on the page for duration of {} 120
17:40:31.862 INFO  driver.Page (    Page.java:236) - Waiting for element to be visible for 120 seconds.
17:40:31.879 INFO  driver.Page (    Page.java:239) - Element is visible on the page.
17:40:31.908 INFO  driver.Page (    Page.java:169) - Text got from the locator {} [[ChromeDriver: chrome on WINDOWS (78b4c32327d9d3839f23661685ce514d)] -> css selector: #PopupChangeStatus_Wts .modal-body #btnProceedTest] is Yes
17:40:31.929 INFO  csp.WaysToSavePage (WaysToSavePage.java:803) - Label for Yes Button on Change Status Confirmation Popup is Yes
17:40:31.930 INFO  driver.Page (    Page.java:527) - Preparing for element to click.
17:40:31.947 INFO  driver.Page (    Page.java:534) - Element is clicked successfully.
17:40:31.948 INFO  csp.WaysToSavePage (WaysToSavePage.java:790) - Close button on Change Status Confirmation Popup clicked successfully.
17:40:31.950 INFO  driver.Page (    Page.java:194) - Returning web element for by type locator : By.xpath: //a[text()='EducationalTipsTopic 03952']/preceding::a[1]
17:40:31.965 INFO  driver.Page (    Page.java:527) - Preparing for element to click.
17:40:31.981 INFO  driver.Page (    Page.java:534) - Element is clicked successfully.
17:40:31.981 INFO  csp.WaysToSavePage (WaysToSavePage.java:141) - Clicked on the Status Link for the Topic Name EducationalTipsTopic 03952 on Ways To Save Grid.
17:40:31.981 INFO  driver.Page (    Page.java:236) - Waiting for element to be visible for 120 seconds.
17:40:32.013 INFO  driver.Page (    Page.java:239) - Element is visible on the page.
17:40:32.013 INFO  csp.WaysToSavePage (WaysToSavePage.java:809) - Yes button on Change Status Confirmation Popup is visible
17:40:32.014 INFO  driver.Page (    Page.java:527) - Preparing for element to click.
17:40:32.039 INFO  driver.Page (    Page.java:534) - Element is clicked successfully.
17:40:32.039 INFO  csp.WaysToSavePage (WaysToSavePage.java:790) - Close button on Change Status Confirmation Popup clicked successfully.
17:40:32.644 INFO  csp.WaysToSavePage (WaysToSavePage.java:729) - Change Status Confirmation Popup visibility status is false
17:40:32.644 INFO  driver.Page (    Page.java:194) - Returning web element for by type locator : By.xpath: //a[text()='EducationalTipsTopic 03952']/preceding::a[1]
17:40:32.653 INFO  driver.Page (    Page.java:527) - Preparing for element to click.
17:40:32.666 INFO  driver.Page (    Page.java:534) - Element is clicked successfully.
17:40:32.666 INFO  csp.WaysToSavePage (WaysToSavePage.java:141) - Clicked on the Status Link for the Topic Name EducationalTipsTopic 03952 on Ways To Save Grid.
17:40:32.667 INFO  driver.Page (    Page.java:236) - Waiting for element to be visible for 120 seconds.
17:40:33.226 INFO  driver.Page (    Page.java:239) - Element is visible on the page.
17:40:33.227 INFO  csp.WaysToSavePage (WaysToSavePage.java:809) - Yes button on Change Status Confirmation Popup is visible
17:40:33.227 INFO  driver.Page (    Page.java:527) - Preparing for element to click.
17:40:33.269 INFO  driver.Page (    Page.java:534) - Element is clicked successfully.
17:40:33.270 INFO  csp.WaysToSavePage (WaysToSavePage.java:814) - Yes button on Change Status Confirmation Popup clicked successfully.
17:40:42.232 INFO  driver.Page (    Page.java:161) - Text got from the locator {} [[ChromeDriver: chrome on WINDOWS (78b4c32327d9d3839f23661685ce514d)] -> css selector: #toast-container .toast-message] is Status updated successfully
17:40:42.303 INFO  scp.HomePage (HomePage.java:167) - Label on toast message {}: Status updated successfully
17:40:42.304 INFO  scp.HomePage (HomePage.java:146) - Wait for toast message invisibility.
17:40:42.304 INFO  driver.Page (    Page.java:250) - Waiting for element to be invisible for 120 seconds.
18:07:36.176 INFO  runner.TestRunner (TestRunner.java:32) - Initializing application properties config file.
18:07:36.185 INFO  runner.TestRunner (TestRunner.java:35) - Initializing connection to the base database.
18:07:36.510 WARN  config.DatabaseConfiguration (DatabaseConfiguration.java:84) - QA env being used by default. No env property set. This can be set in the sentinel.yml config file with a '{}=' property or on the command line with the switch '-D{}='.
18:07:38.249 INFO  runner.TestRunner (TestRunner.java:38) - Initializing resource path config file.
18:07:38.259 INFO  runner.TestRunner (TestRunner.java:41) - Initializing usage months config from CSP.
18:07:39.106 INFO  runner.TestRunner (TestRunner.java:44) - Initializing date config from CSP.
18:07:39.844 INFO  runner.TestRunner (TestRunner.java:47) - Initializing language config from CSP.
18:07:40.579 INFO  runner.TestRunner (TestRunner.java:50) - Initializing language config from CSP.
18:07:41.353 INFO  runner.TestRunner (TestRunner.java:53) - Initializing language config from CSP.
18:07:42.092 INFO  runner.TestRunner (TestRunner.java:56) - Initializing user model config.
18:07:42.137 WARN  config.Configuration (Configuration.java:231) - QA env being used by default. No env property set. This can be set in the sew.app.yml config file with a '{}=' property or on the command line with the switch '-D{}='.
18:07:46.847 INFO  runner.TestRunner (TestRunner.java:59) - Initializing auth token config.
18:07:46.847 INFO  runner.TestRunner (TestRunner.java:62) - Initializing Admin User config.
18:07:48.297 INFO  utils.ExcelUtils (ExcelUtils.java:36) - Test Runner excel row at: 1
18:07:48.303 INFO  utils.ExcelUtils (ExcelUtils.java:36) - Test Runner excel row at: 2
18:07:48.304 INFO  utils.ExcelUtils (ExcelUtils.java:36) - Test Runner excel row at: 3
18:07:48.305 INFO  utils.ExcelUtils (ExcelUtils.java:36) - Test Runner excel row at: 4
18:07:48.305 INFO  utils.ExcelUtils (ExcelUtils.java:36) - Test Runner excel row at: 5
18:07:48.305 INFO  utils.ExcelUtils (ExcelUtils.java:36) - Test Runner excel row at: 6
18:07:48.305 INFO  utils.ExcelUtils (ExcelUtils.java:36) - Test Runner excel row at: 7
18:07:48.305 INFO  utils.ExcelUtils (ExcelUtils.java:36) - Test Runner excel row at: 8
18:07:48.306 INFO  utils.ExcelUtils (ExcelUtils.java:36) - Test Runner excel row at: 9
18:07:48.306 INFO  utils.ExcelUtils (ExcelUtils.java:36) - Test Runner excel row at: 10
18:07:48.306 INFO  utils.ExcelUtils (ExcelUtils.java:36) - Test Runner excel row at: 11
18:07:48.307 INFO  utils.ExcelUtils (ExcelUtils.java:36) - Test Runner excel row at: 12
18:07:48.307 INFO  utils.ExcelUtils (ExcelUtils.java:36) - Test Runner excel row at: 13
18:07:48.307 INFO  utils.ExcelUtils (ExcelUtils.java:36) - Test Runner excel row at: 14
18:07:48.308 INFO  utils.ExcelUtils (ExcelUtils.java:36) - Test Runner excel row at: 15
18:07:48.308 INFO  utils.ExcelUtils (ExcelUtils.java:36) - Test Runner excel row at: 16
18:07:48.308 INFO  utils.ExcelUtils (ExcelUtils.java:36) - Test Runner excel row at: 17
18:07:48.308 INFO  utils.ExcelUtils (ExcelUtils.java:36) - Test Runner excel row at: 18
18:07:48.308 INFO  utils.ExcelUtils (ExcelUtils.java:36) - Test Runner excel row at: 19
18:07:48.309 INFO  utils.ExcelUtils (ExcelUtils.java:36) - Test Runner excel row at: 20
18:07:48.309 INFO  utils.ExcelUtils (ExcelUtils.java:36) - Test Runner excel row at: 21
18:07:48.309 INFO  utils.ExcelUtils (ExcelUtils.java:36) - Test Runner excel row at: 22
18:07:48.309 INFO  utils.ExcelUtils (ExcelUtils.java:36) - Test Runner excel row at: 23
18:07:48.310 INFO  utils.ExcelUtils (ExcelUtils.java:36) - Test Runner excel row at: 24
18:07:48.310 INFO  utils.ExcelUtils (ExcelUtils.java:36) - Test Runner excel row at: 25
18:07:48.311 INFO  utils.ExcelUtils (ExcelUtils.java:36) - Test Runner excel row at: 26
18:07:48.311 INFO  utils.ExcelUtils (ExcelUtils.java:36) - Test Runner excel row at: 27
18:07:48.312 INFO  utils.ExcelUtils (ExcelUtils.java:36) - Test Runner excel row at: 28
18:07:48.312 INFO  utils.ExcelUtils (ExcelUtils.java:36) - Test Runner excel row at: 29
18:07:48.312 INFO  utils.ExcelUtils (ExcelUtils.java:36) - Test Runner excel row at: 30
18:07:48.313 INFO  utils.ExcelUtils (ExcelUtils.java:36) - Test Runner excel row at: 31
18:07:48.313 INFO  utils.ExcelUtils (ExcelUtils.java:36) - Test Runner excel row at: 32
18:07:48.313 INFO  utils.ExcelUtils (ExcelUtils.java:36) - Test Runner excel row at: 33
18:07:48.314 INFO  utils.ExcelUtils (ExcelUtils.java:36) - Test Runner excel row at: 34
18:07:48.314 INFO  utils.ExcelUtils (ExcelUtils.java:36) - Test Runner excel row at: 35
18:07:48.314 INFO  utils.ExcelUtils (ExcelUtils.java:36) - Test Runner excel row at: 36
18:07:48.315 INFO  utils.ExcelUtils (ExcelUtils.java:36) - Test Runner excel row at: 37
18:07:48.315 INFO  utils.ExcelUtils (ExcelUtils.java:36) - Test Runner excel row at: 38
18:07:48.315 INFO  utils.ExcelUtils (ExcelUtils.java:36) - Test Runner excel row at: 39
18:07:48.316 INFO  utils.ExcelUtils (ExcelUtils.java:36) - Test Runner excel row at: 40
18:07:48.316 INFO  utils.ExcelUtils (ExcelUtils.java:36) - Test Runner excel row at: 41
18:07:48.316 INFO  utils.ExcelUtils (ExcelUtils.java:36) - Test Runner excel row at: 42
18:07:48.317 INFO  utils.ExcelUtils (ExcelUtils.java:36) - Test Runner excel row at: 43
18:07:48.317 INFO  utils.ExcelUtils (ExcelUtils.java:36) - Test Runner excel row at: 44
18:07:48.317 INFO  utils.ExcelUtils (ExcelUtils.java:36) - Test Runner excel row at: 45
18:07:48.318 INFO  utils.ExcelUtils (ExcelUtils.java:36) - Test Runner excel row at: 46
18:07:48.318 INFO  utils.ExcelUtils (ExcelUtils.java:36) - Test Runner excel row at: 47
18:07:48.318 INFO  utils.ExcelUtils (ExcelUtils.java:36) - Test Runner excel row at: 48
18:07:48.319 INFO  utils.ExcelUtils (ExcelUtils.java:36) - Test Runner excel row at: 49
18:07:48.319 INFO  utils.ExcelUtils (ExcelUtils.java:36) - Test Runner excel row at: 50
18:07:48.319 INFO  utils.ExcelUtils (ExcelUtils.java:36) - Test Runner excel row at: 51
18:07:48.320 INFO  utils.ExcelUtils (ExcelUtils.java:36) - Test Runner excel row at: 52
18:07:48.320 INFO  utils.ExcelUtils (ExcelUtils.java:36) - Test Runner excel row at: 53
18:07:48.320 INFO  utils.ExcelUtils (ExcelUtils.java:36) - Test Runner excel row at: 54
18:07:48.321 INFO  utils.ExcelUtils (ExcelUtils.java:36) - Test Runner excel row at: 55
18:07:48.321 INFO  utils.ExcelUtils (ExcelUtils.java:36) - Test Runner excel row at: 56
18:07:48.321 INFO  utils.ExcelUtils (ExcelUtils.java:36) - Test Runner excel row at: 57
18:07:48.322 INFO  utils.ExcelUtils (ExcelUtils.java:36) - Test Runner excel row at: 58
18:07:48.322 INFO  utils.ExcelUtils (ExcelUtils.java:36) - Test Runner excel row at: 59
18:07:48.322 INFO  utils.ExcelUtils (ExcelUtils.java:36) - Test Runner excel row at: 60
18:07:48.323 INFO  utils.ExcelUtils (ExcelUtils.java:36) - Test Runner excel row at: 61
18:07:48.323 INFO  utils.ExcelUtils (ExcelUtils.java:36) - Test Runner excel row at: 62
18:07:48.323 INFO  utils.ExcelUtils (ExcelUtils.java:36) - Test Runner excel row at: 63
18:07:48.323 INFO  utils.ExcelUtils (ExcelUtils.java:36) - Test Runner excel row at: 64
18:07:48.324 INFO  utils.ExcelUtils (ExcelUtils.java:36) - Test Runner excel row at: 65
18:07:48.324 INFO  utils.ExcelUtils (ExcelUtils.java:36) - Test Runner excel row at: 66
18:07:48.324 INFO  utils.ExcelUtils (ExcelUtils.java:36) - Test Runner excel row at: 67
18:07:48.325 INFO  utils.ExcelUtils (ExcelUtils.java:36) - Test Runner excel row at: 68
18:07:48.325 INFO  utils.ExcelUtils (ExcelUtils.java:36) - Test Runner excel row at: 69
18:07:48.325 INFO  utils.ExcelUtils (ExcelUtils.java:36) - Test Runner excel row at: 70
18:07:48.325 INFO  utils.ExcelUtils (ExcelUtils.java:36) - Test Runner excel row at: 71
18:07:48.326 INFO  utils.ExcelUtils (ExcelUtils.java:36) - Test Runner excel row at: 72
18:07:48.326 INFO  utils.ExcelUtils (ExcelUtils.java:36) - Test Runner excel row at: 73
18:07:48.326 INFO  utils.ExcelUtils (ExcelUtils.java:36) - Test Runner excel row at: 74
18:11:28.856 INFO  runner.TestRunner (TestRunner.java:32) - Initializing application properties config file.
18:11:28.860 INFO  runner.TestRunner (TestRunner.java:35) - Initializing connection to the base database.
18:11:29.127 WARN  config.DatabaseConfiguration (DatabaseConfiguration.java:84) - QA env being used by default. No env property set. This can be set in the sentinel.yml config file with a '{}=' property or on the command line with the switch '-D{}='.
18:11:30.618 INFO  runner.TestRunner (TestRunner.java:38) - Initializing resource path config file.
18:11:30.619 INFO  runner.TestRunner (TestRunner.java:41) - Initializing usage months config from CSP.
18:11:31.419 INFO  runner.TestRunner (TestRunner.java:44) - Initializing date config from CSP.
18:11:32.167 INFO  runner.TestRunner (TestRunner.java:47) - Initializing language config from CSP.
18:11:32.905 INFO  runner.TestRunner (TestRunner.java:50) - Initializing language config from CSP.
18:11:33.657 INFO  runner.TestRunner (TestRunner.java:53) - Initializing language config from CSP.
18:11:34.404 INFO  runner.TestRunner (TestRunner.java:56) - Initializing user model config.
18:11:34.415 WARN  config.Configuration (Configuration.java:231) - QA env being used by default. No env property set. This can be set in the sew.app.yml config file with a '{}=' property or on the command line with the switch '-D{}='.
18:11:39.082 INFO  runner.TestRunner (TestRunner.java:59) - Initializing auth token config.
18:11:39.082 INFO  runner.TestRunner (TestRunner.java:62) - Initializing Admin User config.
18:11:40.595 INFO  utils.ExcelUtils (ExcelUtils.java:36) - Test Runner excel row at: 1
18:11:40.602 INFO  utils.ExcelUtils (ExcelUtils.java:36) - Test Runner excel row at: 2
18:11:40.603 INFO  utils.ExcelUtils (ExcelUtils.java:36) - Test Runner excel row at: 3
18:11:40.604 INFO  utils.ExcelUtils (ExcelUtils.java:36) - Test Runner excel row at: 4
18:11:40.605 INFO  utils.ExcelUtils (ExcelUtils.java:36) - Test Runner excel row at: 5
18:11:40.605 INFO  utils.ExcelUtils (ExcelUtils.java:36) - Test Runner excel row at: 6
18:11:40.606 INFO  utils.ExcelUtils (ExcelUtils.java:36) - Test Runner excel row at: 7
18:11:40.606 INFO  utils.ExcelUtils (ExcelUtils.java:36) - Test Runner excel row at: 8
18:11:40.607 INFO  utils.ExcelUtils (ExcelUtils.java:36) - Test Runner excel row at: 9
18:11:40.608 INFO  utils.ExcelUtils (ExcelUtils.java:36) - Test Runner excel row at: 10
18:11:40.609 INFO  utils.ExcelUtils (ExcelUtils.java:36) - Test Runner excel row at: 11
18:11:40.610 INFO  utils.ExcelUtils (ExcelUtils.java:36) - Test Runner excel row at: 12
18:11:40.611 INFO  utils.ExcelUtils (ExcelUtils.java:36) - Test Runner excel row at: 13
18:11:40.612 INFO  utils.ExcelUtils (ExcelUtils.java:36) - Test Runner excel row at: 14
18:11:40.612 INFO  utils.ExcelUtils (ExcelUtils.java:36) - Test Runner excel row at: 15
18:11:40.613 INFO  utils.ExcelUtils (ExcelUtils.java:36) - Test Runner excel row at: 16
18:11:40.613 INFO  utils.ExcelUtils (ExcelUtils.java:36) - Test Runner excel row at: 17
18:11:40.614 INFO  utils.ExcelUtils (ExcelUtils.java:36) - Test Runner excel row at: 18
18:11:40.614 INFO  utils.ExcelUtils (ExcelUtils.java:36) - Test Runner excel row at: 19
18:11:40.615 INFO  utils.ExcelUtils (ExcelUtils.java:36) - Test Runner excel row at: 20
18:11:40.615 INFO  utils.ExcelUtils (ExcelUtils.java:36) - Test Runner excel row at: 21
18:11:40.615 INFO  utils.ExcelUtils (ExcelUtils.java:36) - Test Runner excel row at: 22
18:11:40.616 INFO  utils.ExcelUtils (ExcelUtils.java:36) - Test Runner excel row at: 23
18:11:40.616 INFO  utils.ExcelUtils (ExcelUtils.java:36) - Test Runner excel row at: 24
18:11:40.617 INFO  utils.ExcelUtils (ExcelUtils.java:36) - Test Runner excel row at: 25
18:11:40.618 INFO  utils.ExcelUtils (ExcelUtils.java:36) - Test Runner excel row at: 26
18:11:40.618 INFO  utils.ExcelUtils (ExcelUtils.java:36) - Test Runner excel row at: 27
18:11:40.618 INFO  utils.ExcelUtils (ExcelUtils.java:36) - Test Runner excel row at: 28
18:11:40.619 INFO  utils.ExcelUtils (ExcelUtils.java:36) - Test Runner excel row at: 29
18:11:40.619 INFO  utils.ExcelUtils (ExcelUtils.java:36) - Test Runner excel row at: 30
18:11:40.620 INFO  utils.ExcelUtils (ExcelUtils.java:36) - Test Runner excel row at: 31
18:11:40.620 INFO  utils.ExcelUtils (ExcelUtils.java:36) - Test Runner excel row at: 32
18:11:40.621 INFO  utils.ExcelUtils (ExcelUtils.java:36) - Test Runner excel row at: 33
18:11:40.622 INFO  utils.ExcelUtils (ExcelUtils.java:36) - Test Runner excel row at: 34
18:11:40.622 INFO  utils.ExcelUtils (ExcelUtils.java:36) - Test Runner excel row at: 35
18:11:40.623 INFO  utils.ExcelUtils (ExcelUtils.java:36) - Test Runner excel row at: 36
18:11:40.624 INFO  utils.ExcelUtils (ExcelUtils.java:36) - Test Runner excel row at: 37
18:11:40.624 INFO  utils.ExcelUtils (ExcelUtils.java:36) - Test Runner excel row at: 38
18:11:40.625 INFO  utils.ExcelUtils (ExcelUtils.java:36) - Test Runner excel row at: 39
18:11:40.625 INFO  utils.ExcelUtils (ExcelUtils.java:36) - Test Runner excel row at: 40
18:11:40.626 INFO  utils.ExcelUtils (ExcelUtils.java:36) - Test Runner excel row at: 41
18:11:40.626 INFO  utils.ExcelUtils (ExcelUtils.java:36) - Test Runner excel row at: 42
18:11:40.627 INFO  utils.ExcelUtils (ExcelUtils.java:36) - Test Runner excel row at: 43
18:11:40.627 INFO  utils.ExcelUtils (ExcelUtils.java:36) - Test Runner excel row at: 44
18:11:40.628 INFO  utils.ExcelUtils (ExcelUtils.java:36) - Test Runner excel row at: 45
18:11:40.628 INFO  utils.ExcelUtils (ExcelUtils.java:36) - Test Runner excel row at: 46
18:11:40.629 INFO  utils.ExcelUtils (ExcelUtils.java:36) - Test Runner excel row at: 47
18:11:40.629 INFO  utils.ExcelUtils (ExcelUtils.java:36) - Test Runner excel row at: 48
18:11:40.630 INFO  utils.ExcelUtils (ExcelUtils.java:36) - Test Runner excel row at: 49
18:11:40.630 INFO  utils.ExcelUtils (ExcelUtils.java:36) - Test Runner excel row at: 50
18:11:40.631 INFO  utils.ExcelUtils (ExcelUtils.java:36) - Test Runner excel row at: 51
18:11:40.631 INFO  utils.ExcelUtils (ExcelUtils.java:36) - Test Runner excel row at: 52
18:11:40.632 INFO  utils.ExcelUtils (ExcelUtils.java:36) - Test Runner excel row at: 53
18:11:40.632 INFO  utils.ExcelUtils (ExcelUtils.java:36) - Test Runner excel row at: 54
18:11:40.633 INFO  utils.ExcelUtils (ExcelUtils.java:36) - Test Runner excel row at: 55
18:11:40.633 INFO  utils.ExcelUtils (ExcelUtils.java:36) - Test Runner excel row at: 56
18:11:40.635 INFO  utils.ExcelUtils (ExcelUtils.java:36) - Test Runner excel row at: 57
18:11:40.636 INFO  utils.ExcelUtils (ExcelUtils.java:36) - Test Runner excel row at: 58
18:11:40.636 INFO  utils.ExcelUtils (ExcelUtils.java:36) - Test Runner excel row at: 59
18:11:40.637 INFO  utils.ExcelUtils (ExcelUtils.java:36) - Test Runner excel row at: 60
18:11:40.637 INFO  utils.ExcelUtils (ExcelUtils.java:36) - Test Runner excel row at: 61
18:11:40.638 INFO  utils.ExcelUtils (ExcelUtils.java:36) - Test Runner excel row at: 62
18:11:40.638 INFO  utils.ExcelUtils (ExcelUtils.java:36) - Test Runner excel row at: 63
18:11:40.638 INFO  utils.ExcelUtils (ExcelUtils.java:36) - Test Runner excel row at: 64
18:11:40.639 INFO  utils.ExcelUtils (ExcelUtils.java:36) - Test Runner excel row at: 65
18:11:40.640 INFO  utils.ExcelUtils (ExcelUtils.java:36) - Test Runner excel row at: 66
18:11:40.640 INFO  utils.ExcelUtils (ExcelUtils.java:36) - Test Runner excel row at: 67
18:11:40.641 INFO  utils.ExcelUtils (ExcelUtils.java:36) - Test Runner excel row at: 68
18:11:40.641 INFO  utils.ExcelUtils (ExcelUtils.java:36) - Test Runner excel row at: 69
18:11:40.642 INFO  utils.ExcelUtils (ExcelUtils.java:36) - Test Runner excel row at: 70
18:11:40.642 INFO  utils.ExcelUtils (ExcelUtils.java:36) - Test Runner excel row at: 71
18:11:40.643 INFO  utils.ExcelUtils (ExcelUtils.java:36) - Test Runner excel row at: 72
18:11:40.643 INFO  utils.ExcelUtils (ExcelUtils.java:36) - Test Runner excel row at: 73
18:11:40.644 INFO  utils.ExcelUtils (ExcelUtils.java:36) - Test Runner excel row at: 74
18:16:13.587 INFO  runner.TestRunner (TestRunner.java:32) - Initializing application properties config file.
18:16:13.591 INFO  runner.TestRunner (TestRunner.java:35) - Initializing connection to the base database.
18:16:13.866 WARN  config.DatabaseConfiguration (DatabaseConfiguration.java:84) - QA env being used by default. No env property set. This can be set in the sentinel.yml config file with a '{}=' property or on the command line with the switch '-D{}='.
18:16:15.565 INFO  runner.TestRunner (TestRunner.java:38) - Initializing resource path config file.
18:16:15.566 INFO  runner.TestRunner (TestRunner.java:41) - Initializing usage months config from CSP.
18:16:16.410 INFO  runner.TestRunner (TestRunner.java:44) - Initializing date config from CSP.
18:16:17.148 INFO  runner.TestRunner (TestRunner.java:47) - Initializing language config from CSP.
18:16:17.891 INFO  runner.TestRunner (TestRunner.java:50) - Initializing language config from CSP.
18:16:18.650 INFO  runner.TestRunner (TestRunner.java:53) - Initializing language config from CSP.
18:16:19.387 INFO  runner.TestRunner (TestRunner.java:56) - Initializing user model config.
18:16:19.401 WARN  config.Configuration (Configuration.java:231) - QA env being used by default. No env property set. This can be set in the sew.app.yml config file with a '{}=' property or on the command line with the switch '-D{}='.
18:16:25.001 INFO  runner.TestRunner (TestRunner.java:59) - Initializing auth token config.
18:16:25.001 INFO  runner.TestRunner (TestRunner.java:62) - Initializing Admin User config.
18:16:26.406 INFO  utils.ExcelUtils (ExcelUtils.java:36) - Test Runner excel row at: 1
18:16:26.412 INFO  utils.ExcelUtils (ExcelUtils.java:36) - Test Runner excel row at: 2
18:16:26.413 INFO  utils.ExcelUtils (ExcelUtils.java:36) - Test Runner excel row at: 3
18:16:26.413 INFO  utils.ExcelUtils (ExcelUtils.java:36) - Test Runner excel row at: 4
18:16:26.414 INFO  utils.ExcelUtils (ExcelUtils.java:36) - Test Runner excel row at: 5
18:16:26.414 INFO  utils.ExcelUtils (ExcelUtils.java:36) - Test Runner excel row at: 6
18:16:26.415 INFO  utils.ExcelUtils (ExcelUtils.java:36) - Test Runner excel row at: 7
18:16:26.415 INFO  utils.ExcelUtils (ExcelUtils.java:36) - Test Runner excel row at: 8
18:16:26.416 INFO  utils.ExcelUtils (ExcelUtils.java:36) - Test Runner excel row at: 9
18:16:26.417 INFO  utils.ExcelUtils (ExcelUtils.java:36) - Test Runner excel row at: 10
18:16:26.417 INFO  utils.ExcelUtils (ExcelUtils.java:36) - Test Runner excel row at: 11
18:16:26.417 INFO  utils.ExcelUtils (ExcelUtils.java:36) - Test Runner excel row at: 12
18:16:26.418 INFO  utils.ExcelUtils (ExcelUtils.java:36) - Test Runner excel row at: 13
18:16:26.419 INFO  utils.ExcelUtils (ExcelUtils.java:36) - Test Runner excel row at: 14
18:16:26.419 INFO  utils.ExcelUtils (ExcelUtils.java:36) - Test Runner excel row at: 15
18:16:26.420 INFO  utils.ExcelUtils (ExcelUtils.java:36) - Test Runner excel row at: 16
18:16:26.420 INFO  utils.ExcelUtils (ExcelUtils.java:36) - Test Runner excel row at: 17
18:16:26.421 INFO  utils.ExcelUtils (ExcelUtils.java:36) - Test Runner excel row at: 18
18:16:26.421 INFO  utils.ExcelUtils (ExcelUtils.java:36) - Test Runner excel row at: 19
18:16:26.422 INFO  utils.ExcelUtils (ExcelUtils.java:36) - Test Runner excel row at: 20
18:16:26.422 INFO  utils.ExcelUtils (ExcelUtils.java:36) - Test Runner excel row at: 21
18:16:26.423 INFO  utils.ExcelUtils (ExcelUtils.java:36) - Test Runner excel row at: 22
18:16:26.423 INFO  utils.ExcelUtils (ExcelUtils.java:36) - Test Runner excel row at: 23
18:16:26.424 INFO  utils.ExcelUtils (ExcelUtils.java:36) - Test Runner excel row at: 24
18:16:26.425 INFO  utils.ExcelUtils (ExcelUtils.java:36) - Test Runner excel row at: 25
18:16:26.425 INFO  utils.ExcelUtils (ExcelUtils.java:36) - Test Runner excel row at: 26
18:16:26.426 INFO  utils.ExcelUtils (ExcelUtils.java:36) - Test Runner excel row at: 27
18:16:26.426 INFO  utils.ExcelUtils (ExcelUtils.java:36) - Test Runner excel row at: 28
18:16:26.427 INFO  utils.ExcelUtils (ExcelUtils.java:36) - Test Runner excel row at: 29
18:16:26.427 INFO  utils.ExcelUtils (ExcelUtils.java:36) - Test Runner excel row at: 30
18:16:26.428 INFO  utils.ExcelUtils (ExcelUtils.java:36) - Test Runner excel row at: 31
18:16:26.428 INFO  utils.ExcelUtils (ExcelUtils.java:36) - Test Runner excel row at: 32
18:16:26.429 INFO  utils.ExcelUtils (ExcelUtils.java:36) - Test Runner excel row at: 33
18:16:26.429 INFO  utils.ExcelUtils (ExcelUtils.java:36) - Test Runner excel row at: 34
18:16:26.429 INFO  utils.ExcelUtils (ExcelUtils.java:36) - Test Runner excel row at: 35
18:16:26.430 INFO  utils.ExcelUtils (ExcelUtils.java:36) - Test Runner excel row at: 36
18:16:26.430 INFO  utils.ExcelUtils (ExcelUtils.java:36) - Test Runner excel row at: 37
18:16:26.431 INFO  utils.ExcelUtils (ExcelUtils.java:36) - Test Runner excel row at: 38
18:16:26.432 INFO  utils.ExcelUtils (ExcelUtils.java:36) - Test Runner excel row at: 39
18:16:26.433 INFO  utils.ExcelUtils (ExcelUtils.java:36) - Test Runner excel row at: 40
18:16:26.433 INFO  utils.ExcelUtils (ExcelUtils.java:36) - Test Runner excel row at: 41
18:16:26.433 INFO  utils.ExcelUtils (ExcelUtils.java:36) - Test Runner excel row at: 42
18:16:26.434 INFO  utils.ExcelUtils (ExcelUtils.java:36) - Test Runner excel row at: 43
18:16:26.435 INFO  utils.ExcelUtils (ExcelUtils.java:36) - Test Runner excel row at: 44
18:16:26.436 INFO  utils.ExcelUtils (ExcelUtils.java:36) - Test Runner excel row at: 45
18:16:26.436 INFO  utils.ExcelUtils (ExcelUtils.java:36) - Test Runner excel row at: 46
18:16:26.437 INFO  utils.ExcelUtils (ExcelUtils.java:36) - Test Runner excel row at: 47
18:16:26.437 INFO  utils.ExcelUtils (ExcelUtils.java:36) - Test Runner excel row at: 48
18:16:26.438 INFO  utils.ExcelUtils (ExcelUtils.java:36) - Test Runner excel row at: 49
18:16:26.438 INFO  utils.ExcelUtils (ExcelUtils.java:36) - Test Runner excel row at: 50
18:16:26.439 INFO  utils.ExcelUtils (ExcelUtils.java:36) - Test Runner excel row at: 51
18:16:26.439 INFO  utils.ExcelUtils (ExcelUtils.java:36) - Test Runner excel row at: 52
18:16:26.440 INFO  utils.ExcelUtils (ExcelUtils.java:36) - Test Runner excel row at: 53
18:16:26.440 INFO  utils.ExcelUtils (ExcelUtils.java:36) - Test Runner excel row at: 54
18:16:26.441 INFO  utils.ExcelUtils (ExcelUtils.java:36) - Test Runner excel row at: 55
18:16:26.441 INFO  utils.ExcelUtils (ExcelUtils.java:36) - Test Runner excel row at: 56
18:16:26.441 INFO  utils.ExcelUtils (ExcelUtils.java:36) - Test Runner excel row at: 57
18:16:26.442 INFO  utils.ExcelUtils (ExcelUtils.java:36) - Test Runner excel row at: 58
18:16:26.442 INFO  utils.ExcelUtils (ExcelUtils.java:36) - Test Runner excel row at: 59
18:16:26.442 INFO  utils.ExcelUtils (ExcelUtils.java:36) - Test Runner excel row at: 60
18:16:26.443 INFO  utils.ExcelUtils (ExcelUtils.java:36) - Test Runner excel row at: 61
18:16:26.443 INFO  utils.ExcelUtils (ExcelUtils.java:36) - Test Runner excel row at: 62
18:16:26.444 INFO  utils.ExcelUtils (ExcelUtils.java:36) - Test Runner excel row at: 63
18:16:26.444 INFO  utils.ExcelUtils (ExcelUtils.java:36) - Test Runner excel row at: 64
18:16:26.445 INFO  utils.ExcelUtils (ExcelUtils.java:36) - Test Runner excel row at: 65
18:16:26.445 INFO  utils.ExcelUtils (ExcelUtils.java:36) - Test Runner excel row at: 66
18:16:26.447 INFO  utils.ExcelUtils (ExcelUtils.java:36) - Test Runner excel row at: 67
18:16:26.447 INFO  utils.ExcelUtils (ExcelUtils.java:36) - Test Runner excel row at: 68
18:16:26.448 INFO  utils.ExcelUtils (ExcelUtils.java:36) - Test Runner excel row at: 69
18:16:26.448 INFO  utils.ExcelUtils (ExcelUtils.java:36) - Test Runner excel row at: 70
18:16:26.449 INFO  utils.ExcelUtils (ExcelUtils.java:36) - Test Runner excel row at: 71
18:16:26.449 INFO  utils.ExcelUtils (ExcelUtils.java:36) - Test Runner excel row at: 72
18:16:26.449 INFO  utils.ExcelUtils (ExcelUtils.java:36) - Test Runner excel row at: 73
18:16:26.450 INFO  utils.ExcelUtils (ExcelUtils.java:36) - Test Runner excel row at: 74
18:29:08.741 INFO  runner.TestRunner (TestRunner.java:32) - Initializing application properties config file.
18:29:08.779 INFO  runner.TestRunner (TestRunner.java:35) - Initializing connection to the base database.
18:29:09.262 WARN  config.DatabaseConfiguration (DatabaseConfiguration.java:84) - QA env being used by default. No env property set. This can be set in the sentinel.yml config file with a '{}=' property or on the command line with the switch '-D{}='.
18:29:11.075 INFO  runner.TestRunner (TestRunner.java:38) - Initializing resource path config file.
18:29:11.104 INFO  runner.TestRunner (TestRunner.java:41) - Initializing usage months config from CSP.
18:29:12.064 INFO  runner.TestRunner (TestRunner.java:44) - Initializing date config from CSP.
18:29:12.822 INFO  runner.TestRunner (TestRunner.java:47) - Initializing language config from CSP.
18:29:13.556 INFO  runner.TestRunner (TestRunner.java:50) - Initializing language config from CSP.
18:29:14.306 INFO  runner.TestRunner (TestRunner.java:53) - Initializing language config from CSP.
18:29:15.044 INFO  runner.TestRunner (TestRunner.java:56) - Initializing user model config.
18:29:15.125 WARN  config.Configuration (Configuration.java:231) - QA env being used by default. No env property set. This can be set in the sew.app.yml config file with a '{}=' property or on the command line with the switch '-D{}='.
18:29:21.472 INFO  runner.TestRunner (TestRunner.java:59) - Initializing auth token config.
18:29:21.472 INFO  runner.TestRunner (TestRunner.java:62) - Initializing Admin User config.
18:29:23.301 INFO  utils.ExcelUtils (ExcelUtils.java:36) - Test Runner excel row at: 1
18:29:23.313 INFO  utils.ExcelUtils (ExcelUtils.java:36) - Test Runner excel row at: 2
18:29:23.314 INFO  utils.ExcelUtils (ExcelUtils.java:36) - Test Runner excel row at: 3
18:29:23.315 INFO  utils.ExcelUtils (ExcelUtils.java:36) - Test Runner excel row at: 4
18:29:23.316 INFO  utils.ExcelUtils (ExcelUtils.java:36) - Test Runner excel row at: 5
18:29:23.317 INFO  utils.ExcelUtils (ExcelUtils.java:36) - Test Runner excel row at: 6
18:29:23.318 INFO  utils.ExcelUtils (ExcelUtils.java:36) - Test Runner excel row at: 7
18:29:23.319 INFO  utils.ExcelUtils (ExcelUtils.java:36) - Test Runner excel row at: 8
18:29:23.320 INFO  utils.ExcelUtils (ExcelUtils.java:36) - Test Runner excel row at: 9
18:29:23.321 INFO  utils.ExcelUtils (ExcelUtils.java:36) - Test Runner excel row at: 10
18:29:23.322 INFO  utils.ExcelUtils (ExcelUtils.java:36) - Test Runner excel row at: 11
18:29:23.323 INFO  utils.ExcelUtils (ExcelUtils.java:36) - Test Runner excel row at: 12
18:29:23.323 INFO  utils.ExcelUtils (ExcelUtils.java:36) - Test Runner excel row at: 13
18:29:23.324 INFO  utils.ExcelUtils (ExcelUtils.java:36) - Test Runner excel row at: 14
18:29:23.325 INFO  utils.ExcelUtils (ExcelUtils.java:36) - Test Runner excel row at: 15
18:29:23.325 INFO  utils.ExcelUtils (ExcelUtils.java:36) - Test Runner excel row at: 16
18:29:23.326 INFO  utils.ExcelUtils (ExcelUtils.java:36) - Test Runner excel row at: 17
18:29:23.326 INFO  utils.ExcelUtils (ExcelUtils.java:36) - Test Runner excel row at: 18
18:29:23.327 INFO  utils.ExcelUtils (ExcelUtils.java:36) - Test Runner excel row at: 19
18:29:23.328 INFO  utils.ExcelUtils (ExcelUtils.java:36) - Test Runner excel row at: 20
18:29:23.328 INFO  utils.ExcelUtils (ExcelUtils.java:36) - Test Runner excel row at: 21
18:29:23.329 INFO  utils.ExcelUtils (ExcelUtils.java:36) - Test Runner excel row at: 22
18:29:23.329 INFO  utils.ExcelUtils (ExcelUtils.java:36) - Test Runner excel row at: 23
18:29:23.330 INFO  utils.ExcelUtils (ExcelUtils.java:36) - Test Runner excel row at: 24
18:29:23.331 INFO  utils.ExcelUtils (ExcelUtils.java:36) - Test Runner excel row at: 25
18:29:23.331 INFO  utils.ExcelUtils (ExcelUtils.java:36) - Test Runner excel row at: 26
18:29:23.332 INFO  utils.ExcelUtils (ExcelUtils.java:36) - Test Runner excel row at: 27
18:29:23.333 INFO  utils.ExcelUtils (ExcelUtils.java:36) - Test Runner excel row at: 28
18:29:23.333 INFO  utils.ExcelUtils (ExcelUtils.java:36) - Test Runner excel row at: 29
18:29:23.334 INFO  utils.ExcelUtils (ExcelUtils.java:36) - Test Runner excel row at: 30
18:29:23.334 INFO  utils.ExcelUtils (ExcelUtils.java:36) - Test Runner excel row at: 31
18:29:23.335 INFO  utils.ExcelUtils (ExcelUtils.java:36) - Test Runner excel row at: 32
18:29:23.335 INFO  utils.ExcelUtils (ExcelUtils.java:36) - Test Runner excel row at: 33
18:29:23.336 INFO  utils.ExcelUtils (ExcelUtils.java:36) - Test Runner excel row at: 34
18:29:23.337 INFO  utils.ExcelUtils (ExcelUtils.java:36) - Test Runner excel row at: 35
18:29:23.337 INFO  utils.ExcelUtils (ExcelUtils.java:36) - Test Runner excel row at: 36
18:29:23.338 INFO  utils.ExcelUtils (ExcelUtils.java:36) - Test Runner excel row at: 37
18:29:23.338 INFO  utils.ExcelUtils (ExcelUtils.java:36) - Test Runner excel row at: 38
18:29:23.339 INFO  utils.ExcelUtils (ExcelUtils.java:36) - Test Runner excel row at: 39
18:29:23.339 INFO  utils.ExcelUtils (ExcelUtils.java:36) - Test Runner excel row at: 40
18:29:23.341 INFO  utils.ExcelUtils (ExcelUtils.java:36) - Test Runner excel row at: 41
18:29:23.342 INFO  utils.ExcelUtils (ExcelUtils.java:36) - Test Runner excel row at: 42
18:29:23.342 INFO  utils.ExcelUtils (ExcelUtils.java:36) - Test Runner excel row at: 43
18:29:23.343 INFO  utils.ExcelUtils (ExcelUtils.java:36) - Test Runner excel row at: 44
18:29:23.343 INFO  utils.ExcelUtils (ExcelUtils.java:36) - Test Runner excel row at: 45
18:29:23.344 INFO  utils.ExcelUtils (ExcelUtils.java:36) - Test Runner excel row at: 46
18:29:23.345 INFO  utils.ExcelUtils (ExcelUtils.java:36) - Test Runner excel row at: 47
18:29:23.345 INFO  utils.ExcelUtils (ExcelUtils.java:36) - Test Runner excel row at: 48
18:29:23.346 INFO  utils.ExcelUtils (ExcelUtils.java:36) - Test Runner excel row at: 49
18:29:23.347 INFO  utils.ExcelUtils (ExcelUtils.java:36) - Test Runner excel row at: 50
18:29:23.347 INFO  utils.ExcelUtils (ExcelUtils.java:36) - Test Runner excel row at: 51
18:29:23.348 INFO  utils.ExcelUtils (ExcelUtils.java:36) - Test Runner excel row at: 52
18:29:23.348 INFO  utils.ExcelUtils (ExcelUtils.java:36) - Test Runner excel row at: 53
18:29:23.349 INFO  utils.ExcelUtils (ExcelUtils.java:36) - Test Runner excel row at: 54
18:29:23.349 INFO  utils.ExcelUtils (ExcelUtils.java:36) - Test Runner excel row at: 55
18:29:23.349 INFO  utils.ExcelUtils (ExcelUtils.java:36) - Test Runner excel row at: 56
18:29:23.350 INFO  utils.ExcelUtils (ExcelUtils.java:36) - Test Runner excel row at: 57
18:29:23.350 INFO  utils.ExcelUtils (ExcelUtils.java:36) - Test Runner excel row at: 58
18:29:23.350 INFO  utils.ExcelUtils (ExcelUtils.java:36) - Test Runner excel row at: 59
18:29:23.351 INFO  utils.ExcelUtils (ExcelUtils.java:36) - Test Runner excel row at: 60
18:29:23.351 INFO  utils.ExcelUtils (ExcelUtils.java:36) - Test Runner excel row at: 61
18:29:23.351 INFO  utils.ExcelUtils (ExcelUtils.java:36) - Test Runner excel row at: 62
18:29:23.352 INFO  utils.ExcelUtils (ExcelUtils.java:36) - Test Runner excel row at: 63
18:29:23.352 INFO  utils.ExcelUtils (ExcelUtils.java:36) - Test Runner excel row at: 64
18:29:23.352 INFO  utils.ExcelUtils (ExcelUtils.java:36) - Test Runner excel row at: 65
18:29:23.353 INFO  utils.ExcelUtils (ExcelUtils.java:36) - Test Runner excel row at: 66
18:29:23.354 INFO  utils.ExcelUtils (ExcelUtils.java:36) - Test Runner excel row at: 67
18:29:23.354 INFO  utils.ExcelUtils (ExcelUtils.java:36) - Test Runner excel row at: 68
18:29:23.354 INFO  utils.ExcelUtils (ExcelUtils.java:36) - Test Runner excel row at: 69
18:29:23.355 INFO  utils.ExcelUtils (ExcelUtils.java:36) - Test Runner excel row at: 70
18:29:23.355 INFO  utils.ExcelUtils (ExcelUtils.java:36) - Test Runner excel row at: 71
18:29:23.356 INFO  utils.ExcelUtils (ExcelUtils.java:36) - Test Runner excel row at: 72
18:29:23.357 INFO  utils.ExcelUtils (ExcelUtils.java:36) - Test Runner excel row at: 73
18:29:23.358 INFO  utils.ExcelUtils (ExcelUtils.java:36) - Test Runner excel row at: 74
