19:40:23.550 INFO  csp.WaysToSavePage (WaysToSavePage.java:749) - Topic Name Spanish Label Text is Topic Name (Spanish)
19:40:23.606 INFO  driver.Page (    Page.java:277) - Element {} : [[ChromeDriver: chrome on WINDOWS (00b8af0cd10658870c1c86814faefcac)] -> css selector: #txtQuestionSP] is visible on the page.
19:40:23.606 INFO  csp.WaysToSavePage (WaysToSavePage.java:848) - Topic Name Spanish TextBox visibility status {}true
19:40:23.638 INFO  driver.Page (    Page.java:277) - Element {} : [[ChromeDriver: chrome on WINDOWS (00b8af0cd10658870c1c86814faefcac)] -> css selector: #PopupAddTopic .tip_title_wrapper_box > label.AddUserContentLabel:nth-of-type(4)] is visible on the page.
19:40:23.639 INFO  csp.WaysToSavePage (WaysToSavePage.java:757) - Description Name Spanish Label visibility status {}true
19:40:23.645 INFO  driver.Page (    Page.java:152) - Wait for the element {} [[ChromeDriver: chrome on WINDOWS (00b8af0cd10658870c1c86814faefcac)] -> css selector: #PopupAddTopic .tip_title_wrapper_box > label.AddUserContentLabel:nth-of-type(4)] to be visible on the page for duration of {} 120
19:40:23.645 INFO  driver.Page (    Page.java:235) - Waiting for element to be visible for 120 seconds.
19:40:23.664 INFO  driver.Page (    Page.java:238) - Element is visible on the page.
19:40:23.695 INFO  driver.Page (    Page.java:155) - Text got from the locator {} [[ChromeDriver: chrome on WINDOWS (00b8af0cd10658870c1c86814faefcac)] -> css selector: #PopupAddTopic .tip_title_wrapper_box > label.AddUserContentLabel:nth-of-type(4)] is Description (Spanish)
19:40:23.713 INFO  csp.WaysToSavePage (WaysToSavePage.java:763) - Description Name Spanish Label Text is Description (Spanish)
19:40:23.761 INFO  driver.Page (    Page.java:277) - Element {} : [[ChromeDriver: chrome on WINDOWS (00b8af0cd10658870c1c86814faefcac)] -> xpath: //div[@id='summernoteSpanise']/following::div[1]/div[@class='note-editing-area']/div[@class='note-editable']] is visible on the page.
19:40:23.761 INFO  csp.WaysToSavePage (WaysToSavePage.java:865) - Description Spanish TextBox visibility status {}true
19:40:23.798 INFO  driver.Page (    Page.java:277) - Element {} : [[ChromeDriver: chrome on WINDOWS (00b8af0cd10658870c1c86814faefcac)] -> css selector: #spanTxt1] is visible on the page.
19:40:23.799 INFO  csp.WaysToSavePage (WaysToSavePage.java:881) - Max Character Length Label Spanish visibility status {}true
19:40:23.806 INFO  driver.Page (    Page.java:152) - Wait for the element {} [[ChromeDriver: chrome on WINDOWS (00b8af0cd10658870c1c86814faefcac)] -> css selector: #spanTxt1] to be visible on the page for duration of {} 120
19:40:23.806 INFO  driver.Page (    Page.java:235) - Waiting for element to be visible for 120 seconds.
19:40:23.822 INFO  driver.Page (    Page.java:238) - Element is visible on the page.
19:40:23.852 INFO  driver.Page (    Page.java:155) - Text got from the locator {} [[ChromeDriver: chrome on WINDOWS (00b8af0cd10658870c1c86814faefcac)] -> css selector: #spanTxt1] is Max. length: 8000 characters
19:40:23.866 INFO  csp.WaysToSavePage (WaysToSavePage.java:887) - Max Character Length Label Spanish Label Text is Max. length: 8000 characters
19:40:23.895 INFO  driver.Page (    Page.java:277) - Element {} : [[ChromeDriver: chrome on WINDOWS (00b8af0cd10658870c1c86814faefcac)] -> css selector: #PopupAddTopic .tip_title_wrapper_box > label.AddUserContentLabel:nth-of-type(5)] is visible on the page.
19:40:23.895 INFO  csp.WaysToSavePage (WaysToSavePage.java:770) - Topic Name French Label visibility status {}true
19:40:23.904 INFO  driver.Page (    Page.java:152) - Wait for the element {} [[ChromeDriver: chrome on WINDOWS (00b8af0cd10658870c1c86814faefcac)] -> css selector: #PopupAddTopic .tip_title_wrapper_box > label.AddUserContentLabel:nth-of-type(5)] to be visible on the page for duration of {} 120
19:40:23.904 INFO  driver.Page (    Page.java:235) - Waiting for element to be visible for 120 seconds.
19:40:23.925 INFO  driver.Page (    Page.java:238) - Element is visible on the page.
19:40:23.956 INFO  driver.Page (    Page.java:155) - Text got from the locator {} [[ChromeDriver: chrome on WINDOWS (00b8af0cd10658870c1c86814faefcac)] -> css selector: #PopupAddTopic .tip_title_wrapper_box > label.AddUserContentLabel:nth-of-type(5)] is Topic Name (French)
19:40:23.969 INFO  csp.WaysToSavePage (WaysToSavePage.java:776) - Topic Name French Label Text is Topic Name (French)
19:40:23.999 INFO  driver.Page (    Page.java:277) - Element {} : [[ChromeDriver: chrome on WINDOWS (00b8af0cd10658870c1c86814faefcac)] -> css selector: #txtQuestionFR] is visible on the page.
19:40:24.000 INFO  csp.WaysToSavePage (WaysToSavePage.java:895) - Topic Name French TextBox visibility status {}true
19:40:24.032 INFO  driver.Page (    Page.java:277) - Element {} : [[ChromeDriver: chrome on WINDOWS (00b8af0cd10658870c1c86814faefcac)] -> css selector: #PopupAddTopic .tip_title_wrapper_box > label.AddUserContentLabel:nth-of-type(6)] is visible on the page.
19:40:24.033 INFO  csp.WaysToSavePage (WaysToSavePage.java:784) - Description Name French Label visibility status {}true
19:40:24.040 INFO  driver.Page (    Page.java:152) - Wait for the element {} [[ChromeDriver: chrome on WINDOWS (00b8af0cd10658870c1c86814faefcac)] -> css selector: #PopupAddTopic .tip_title_wrapper_box > label.AddUserContentLabel:nth-of-type(6)] to be visible on the page for duration of {} 120
19:40:24.040 INFO  driver.Page (    Page.java:235) - Waiting for element to be visible for 120 seconds.
19:40:24.063 INFO  driver.Page (    Page.java:238) - Element is visible on the page.
19:40:24.103 INFO  driver.Page (    Page.java:155) - Text got from the locator {} [[ChromeDriver: chrome on WINDOWS (00b8af0cd10658870c1c86814faefcac)] -> css selector: #PopupAddTopic .tip_title_wrapper_box > label.AddUserContentLabel:nth-of-type(6)] is Description (French)
19:40:24.130 INFO  csp.WaysToSavePage (WaysToSavePage.java:790) - Description Name French Label Text is Description (French)
19:40:24.197 INFO  driver.Page (    Page.java:277) - Element {} : [[ChromeDriver: chrome on WINDOWS (00b8af0cd10658870c1c86814faefcac)] -> xpath: //div[@id='SummernoteFrench']/following::div[1]/div[@class='note-editing-area']/div[@class='note-editable']] is visible on the page.
19:40:24.198 INFO  csp.WaysToSavePage (WaysToSavePage.java:911) - Description French TextBox visibility status {}true
19:40:24.237 INFO  driver.Page (    Page.java:277) - Element {} : [[ChromeDriver: chrome on WINDOWS (00b8af0cd10658870c1c86814faefcac)] -> css selector: #spanTxt2] is visible on the page.
19:40:24.237 INFO  csp.WaysToSavePage (WaysToSavePage.java:927) - Max Character Length Label French visibility status {}true
19:40:24.243 INFO  driver.Page (    Page.java:152) - Wait for the element {} [[ChromeDriver: chrome on WINDOWS (00b8af0cd10658870c1c86814faefcac)] -> css selector: #spanTxt2] to be visible on the page for duration of {} 120
19:40:24.243 INFO  driver.Page (    Page.java:235) - Waiting for element to be visible for 120 seconds.
19:40:24.259 INFO  driver.Page (    Page.java:238) - Element is visible on the page.
19:40:24.291 INFO  driver.Page (    Page.java:155) - Text got from the locator {} [[ChromeDriver: chrome on WINDOWS (00b8af0cd10658870c1c86814faefcac)] -> css selector: #spanTxt2] is Max. length: 8000 characters
19:40:24.307 INFO  csp.WaysToSavePage (WaysToSavePage.java:933) - Max Character Length Label French Label Text is Max. length: 8000 characters
19:40:24.350 INFO  driver.Page (    Page.java:277) - Element {} : [[ChromeDriver: chrome on WINDOWS (00b8af0cd10658870c1c86814faefcac)] -> css selector: #lblAmountsaving] is visible on the page.
19:40:24.351 INFO  csp.WaysToSavePage (WaysToSavePage.java:443) - Annual Saving Label on Add Ways To Save Popup visibility status is true
19:40:24.360 INFO  driver.Page (    Page.java:152) - Wait for the element {} [[ChromeDriver: chrome on WINDOWS (00b8af0cd10658870c1c86814faefcac)] -> css selector: #lblAmountsaving] to be visible on the page for duration of {} 120
19:40:24.362 INFO  driver.Page (    Page.java:235) - Waiting for element to be visible for 120 seconds.
19:40:24.390 INFO  driver.Page (    Page.java:238) - Element is visible on the page.
19:40:24.425 INFO  driver.Page (    Page.java:155) - Text got from the locator {} [[ChromeDriver: chrome on WINDOWS (00b8af0cd10658870c1c86814faefcac)] -> css selector: #lblAmountsaving] is Incentive Rate ($)
19:40:24.439 INFO  csp.WaysToSavePage (WaysToSavePage.java:449) - Annual Saving Label Text on Add Ways To Save Popup is Incentive Rate ($)
19:40:24.466 INFO  driver.Page (    Page.java:277) - Element {} : [[ChromeDriver: chrome on WINDOWS (00b8af0cd10658870c1c86814faefcac)] -> css selector: input.txtAmount] is visible on the page.
19:40:24.466 INFO  csp.WaysToSavePage (WaysToSavePage.java:463) - Annual Saving TextBox on Add Ways To Save Popup visibility status is true
19:40:24.496 INFO  driver.Page (    Page.java:277) - Element {} : [[ChromeDriver: chrome on WINDOWS (00b8af0cd10658870c1c86814faefcac)] -> xpath: //label[text()='Image']] is visible on the page.
19:40:24.497 INFO  csp.WaysToSavePage (WaysToSavePage.java:554) - Image Field on Add Ways To Save visibility status {}true
19:40:24.505 INFO  driver.Page (    Page.java:152) - Wait for the element {} [[ChromeDriver: chrome on WINDOWS (00b8af0cd10658870c1c86814faefcac)] -> xpath: //label[text()='Image']] to be visible on the page for duration of {} 120
19:40:24.506 INFO  driver.Page (    Page.java:235) - Waiting for element to be visible for 120 seconds.
19:40:24.529 INFO  driver.Page (    Page.java:238) - Element is visible on the page.
19:40:24.563 INFO  driver.Page (    Page.java:155) - Text got from the locator {} [[ChromeDriver: chrome on WINDOWS (00b8af0cd10658870c1c86814faefcac)] -> xpath: //label[text()='Image']] is Image
19:40:24.581 INFO  csp.WaysToSavePage (WaysToSavePage.java:560) - Image Field on Add Ways To Save Label Text is Image
19:40:24.605 INFO  driver.Page (    Page.java:306) - Element {} : [[[ChromeDriver: chrome on WINDOWS (00b8af0cd10658870c1c86814faefcac)] -> css selector: #fileUpload]] is visible on the page.
19:40:24.606 INFO  csp.WaysToSavePage (WaysToSavePage.java:332) - Upload File Button on Add Ways To Save Popup visibility status is true
19:40:24.620 INFO  driver.Page (    Page.java:152) - Wait for the element {} [[ChromeDriver: chrome on WINDOWS (00b8af0cd10658870c1c86814faefcac)] -> css selector: #lblFileupload] to be visible on the page for duration of {} 120
19:40:24.620 INFO  driver.Page (    Page.java:235) - Waiting for element to be visible for 120 seconds.
19:40:24.636 INFO  driver.Page (    Page.java:238) - Element is visible on the page.
19:40:24.656 INFO  driver.Page (    Page.java:155) - Text got from the locator {} [[ChromeDriver: chrome on WINDOWS (00b8af0cd10658870c1c86814faefcac)] -> css selector: #lblFileupload] is Choose File
19:40:24.668 INFO  csp.WaysToSavePage (WaysToSavePage.java:345) - Upload File Button Label on Add Ways To Save Popup Choose File
19:40:24.692 INFO  driver.Page (    Page.java:277) - Element {} : [[ChromeDriver: chrome on WINDOWS (00b8af0cd10658870c1c86814faefcac)] -> css selector: #nofile] is visible on the page.
19:40:24.692 INFO  csp.WaysToSavePage (WaysToSavePage.java:568) - Attached File Name on Add Ways To Save visibility status {}true
19:40:24.726 INFO  driver.Page (    Page.java:277) - Element {} : [[ChromeDriver: chrome on WINDOWS (00b8af0cd10658870c1c86814faefcac)] -> css selector: #lblFileAllowExtension] is visible on the page.
19:40:24.726 INFO  csp.WaysToSavePage (WaysToSavePage.java:585) - Allowed File Types Label on Add Ways To Save visibility status {}true
19:40:24.736 INFO  driver.Page (    Page.java:152) - Wait for the element {} [[ChromeDriver: chrome on WINDOWS (00b8af0cd10658870c1c86814faefcac)] -> css selector: #lblFileAllowExtension] to be visible on the page for duration of {} 120
19:40:24.736 INFO  driver.Page (    Page.java:235) - Waiting for element to be visible for 120 seconds.
19:40:24.760 INFO  driver.Page (    Page.java:238) - Element is visible on the page.
19:40:24.797 INFO  driver.Page (    Page.java:155) - Text got from the locator {} [[ChromeDriver: chrome on WINDOWS (00b8af0cd10658870c1c86814faefcac)] -> css selector: #lblFileAllowExtension] is Allowed file types: GIF, PNG, BMP, JPEG, JPG
19:40:24.815 INFO  csp.WaysToSavePage (WaysToSavePage.java:591) - Allowed File Types Label on Add Ways To Save is Allowed file types: GIF, PNG, BMP, JPEG, JPG
19:40:24.843 INFO  driver.Page (    Page.java:277) - Element {} : [[ChromeDriver: chrome on WINDOWS (00b8af0cd10658870c1c86814faefcac)] -> css selector: #BtnAdd] is visible on the page.
19:40:24.844 INFO  csp.WaysToSavePage (WaysToSavePage.java:361) - Add Button on Add Ways To Save Popup visibility status is true
19:40:24.880 INFO  driver.Page (    Page.java:277) - Element {} : [[ChromeDriver: chrome on WINDOWS (00b8af0cd10658870c1c86814faefcac)] -> css selector: #PopupAddTopic button.close[aria-label='Click to Close']] is visible on the page.
19:40:24.880 INFO  csp.WaysToSavePage (WaysToSavePage.java:614) - Close Button on Add Ways To Save Popup visibility status {}true
19:40:24.881 INFO  driver.Page (    Page.java:527) - Preparing for element to click.
19:40:24.901 INFO  driver.Page (    Page.java:534) - Element is clicked successfully.
19:40:24.901 INFO  csp.WaysToSavePage (WaysToSavePage.java:619) - Close Button on Add Ways To Save Popup clicked successfully.
19:40:24.901 INFO  driver.Page (    Page.java:352) - Selecting the option by visible text {}: Rebates
19:40:24.953 INFO  driver.Page (    Page.java:354) - Selecting the given option to the web element {}: [[ChromeDriver: chrome on WINDOWS (00b8af0cd10658870c1c86814faefcac)] -> css selector: #filter]
19:40:25.075 INFO  driver.Page (    Page.java:356) - Given text is selected as the option to the given select web element.
19:40:25.075 INFO  csp.WaysToSavePage (WaysToSavePage.java:40) - Ways To Save Filter Dropdwon has been selected with the value Rebates
19:40:27.088 INFO  driver.Page (    Page.java:193) - Returning web element for by type locator : By.xpath: //a[text()='RebatesTopic09260']/preceding::a[@aria-label='Click to kebab menu']
19:40:27.129 INFO  driver.Page (    Page.java:527) - Preparing for element to click.
19:40:27.142 INFO  driver.Page (    Page.java:534) - Element is clicked successfully.
19:40:27.142 INFO  driver.Page (    Page.java:193) - Returning web element for by type locator : By.xpath: //a[text()='RebatesTopic09260']/preceding::a[@aria-label='Click to Edit']
19:40:27.155 INFO  driver.Page (    Page.java:527) - Preparing for element to click.
19:40:27.960 INFO  driver.Page (    Page.java:534) - Element is clicked successfully.
19:40:27.960 INFO  driver.Page (    Page.java:235) - Waiting for element to be visible for 120 seconds.
19:40:27.975 INFO  driver.Page (    Page.java:238) - Element is visible on the page.
19:40:27.975 INFO  csp.WaysToSavePage (WaysToSavePage.java:357) - Add Button is Visible on the Add Ways To Save Popup page.
19:40:27.976 INFO  driver.Page (    Page.java:352) - Selecting the option by visible text {}: Rebates
19:40:28.003 INFO  driver.Page (    Page.java:354) - Selecting the given option to the web element {}: [[ChromeDriver: chrome on WINDOWS (00b8af0cd10658870c1c86814faefcac)] -> css selector: #ddlCategory]
19:40:28.044 INFO  driver.Page (    Page.java:356) - Given text is selected as the option to the given select web element.
19:40:28.549 INFO  csp.WaysToSavePage (WaysToSavePage.java:189) - Category dropdown on Add Ways To Save Popup is selected with the value Rebates
19:40:28.549 INFO  driver.Page (    Page.java:352) - Selecting the option by visible text {}: --Select--
19:40:28.581 INFO  driver.Page (    Page.java:354) - Selecting the given option to the web element {}: [[ChromeDriver: chrome on WINDOWS (00b8af0cd10658870c1c86814faefcac)] -> css selector: #ddlCategory]
19:40:28.656 INFO  driver.Page (    Page.java:356) - Given text is selected as the option to the given select web element.
19:40:29.168 INFO  csp.WaysToSavePage (WaysToSavePage.java:189) - Category dropdown on Add Ways To Save Popup is selected with the value --Select--
19:40:29.169 INFO  driver.Page (    Page.java:352) - Selecting the option by visible text {}: --Select--
19:40:29.242 INFO  driver.Page (    Page.java:354) - Selecting the given option to the web element {}: [[ChromeDriver: chrome on WINDOWS (00b8af0cd10658870c1c86814faefcac)] -> css selector: #ddlServiceType]
19:40:29.339 INFO  driver.Page (    Page.java:356) - Given text is selected as the option to the given select web element.
19:40:29.841 INFO  csp.WaysToSavePage (WaysToSavePage.java:228) - MeterType dropdown on Add Ways To Save Popup is selected with the value --Select--
19:40:29.849 INFO  driver.Page (    Page.java:152) - Wait for the element {} [[ChromeDriver: chrome on WINDOWS (00b8af0cd10658870c1c86814faefcac)] -> css selector: .modal-body button.multiselect] to be visible on the page for duration of {} 120
19:40:29.849 INFO  driver.Page (    Page.java:235) - Waiting for element to be visible for 120 seconds.
19:40:29.868 INFO  driver.Page (    Page.java:238) - Element is visible on the page.
19:40:29.895 INFO  driver.Page (    Page.java:155) - Text got from the locator {} [[ChromeDriver: chrome on WINDOWS (00b8af0cd10658870c1c86814faefcac)] -> css selector: .modal-body button.multiselect] is Multi-Family, Residential
19:40:29.910 INFO  csp.WaysToSavePage (WaysToSavePage.java:255) - Selected option in the AccountType Filter is Multi-Family, Residential
19:40:29.911 INFO  driver.Page (    Page.java:527) - Preparing for element to click.
19:40:29.928 INFO  driver.Page (    Page.java:534) - Element is clicked successfully.
19:40:29.928 INFO  csp.WaysToSavePage (WaysToSavePage.java:261) - Clicked on AccountType Dropdown on Add Ways To Save Popup
19:40:29.934 INFO  driver.Page (    Page.java:137) - Wait for element {} [[ChromeDriver: chrome on WINDOWS (00b8af0cd10658870c1c86814faefcac)] -> css selector: #txtQuestionEN] to be present in the DOM for duration of {} 120
19:40:29.934 INFO  driver.Page (    Page.java:235) - Waiting for element to be visible for 120 seconds.
19:40:29.953 INFO  driver.Page (    Page.java:238) - Element is visible on the page.
19:40:29.961 INFO  driver.Page (    Page.java:139) - Clearing the element {} [[ChromeDriver: chrome on WINDOWS (00b8af0cd10658870c1c86814faefcac)] -> css selector: #txtQuestionEN]
19:40:30.008 INFO  csp.WaysToSavePage (WaysToSavePage.java:804) - Topic Name English TextBox is cleared.
19:40:30.016 INFO  driver.Page (    Page.java:137) - Wait for element {} [[ChromeDriver: chrome on WINDOWS (00b8af0cd10658870c1c86814faefcac)] -> xpath: //div[@id='summernoteEnglish']/following::div[1]/div[@class='note-editing-area']/div[@class='note-editable']] to be present in the DOM for duration of {} 120
19:40:30.016 INFO  driver.Page (    Page.java:235) - Waiting for element to be visible for 120 seconds.
19:40:30.038 INFO  driver.Page (    Page.java:238) - Element is visible on the page.
19:40:30.048 INFO  driver.Page (    Page.java:139) - Clearing the element {} [[ChromeDriver: chrome on WINDOWS (00b8af0cd10658870c1c86814faefcac)] -> xpath: //div[@id='summernoteEnglish']/following::div[1]/div[@class='note-editing-area']/div[@class='note-editable']]
19:40:30.101 INFO  csp.WaysToSavePage (WaysToSavePage.java:829) - Description English TextBox is cleared.
19:40:30.146 INFO  driver.Page (    Page.java:277) - Element {} : [[ChromeDriver: chrome on WINDOWS (00b8af0cd10658870c1c86814faefcac)] -> css selector: #btnRemoveFile] is visible on the page.
19:40:30.147 INFO  csp.WaysToSavePage (WaysToSavePage.java:601) - Remove Button for attachment on AddUpdate Ways To Save Popup visibility status {}true
19:40:30.147 INFO  driver.Page (    Page.java:527) - Preparing for element to click.
19:40:30.176 INFO  driver.Page (    Page.java:534) - Element is clicked successfully.
19:40:30.177 INFO  csp.WaysToSavePage (WaysToSavePage.java:606) - Remove Button for attachment on AddUpdate Ways To Save Popup clicked successfully.
19:40:30.197 INFO  csp.WaysToSavePage (WaysToSavePage.java:424) - External Link Textbox on Add Ways To Save Popup visibility status is false
19:40:30.223 INFO  driver.Page (    Page.java:277) - Element {} : [[ChromeDriver: chrome on WINDOWS (00b8af0cd10658870c1c86814faefcac)] -> css selector: input.txtAmount] is visible on the page.
19:40:30.223 INFO  csp.WaysToSavePage (WaysToSavePage.java:463) - Annual Saving TextBox on Add Ways To Save Popup visibility status is true
19:40:30.233 INFO  driver.Page (    Page.java:137) - Wait for element {} [[ChromeDriver: chrome on WINDOWS (00b8af0cd10658870c1c86814faefcac)] -> css selector: input.txtAmount] to be present in the DOM for duration of {} 120
19:40:30.233 INFO  driver.Page (    Page.java:235) - Waiting for element to be visible for 120 seconds.
19:40:30.254 INFO  driver.Page (    Page.java:238) - Element is visible on the page.
19:40:30.266 INFO  driver.Page (    Page.java:139) - Clearing the element {} [[ChromeDriver: chrome on WINDOWS (00b8af0cd10658870c1c86814faefcac)] -> css selector: input.txtAmount]
19:40:30.345 INFO  csp.WaysToSavePage (WaysToSavePage.java:469) - Annual Saving TextBox field is cleared.
19:40:30.345 INFO  driver.Page (    Page.java:527) - Preparing for element to click.
19:40:30.403 INFO  driver.Page (    Page.java:534) - Element is clicked successfully.
19:40:30.403 INFO  csp.WaysToSavePage (WaysToSavePage.java:367) - Add Button on Add Ways To Save Popup clicked successfully.
19:40:30.939 INFO  driver.Page (    Page.java:160) - Text got from the locator {} [[ChromeDriver: chrome on WINDOWS (00b8af0cd10658870c1c86814faefcac)] -> css selector: #toast-container .toast-message] is Please enter all the mandatory information
19:40:30.956 INFO  scp.HomePage (HomePage.java:168) - Label on toast message {}: Please enter all the mandatory information
19:40:30.957 INFO  scp.HomePage (HomePage.java:147) - Wait for toast message invisibility.
19:40:30.957 INFO  driver.Page (    Page.java:249) - Waiting for element to be invisible for 120 seconds.
19:40:38.137 INFO  driver.Page (    Page.java:252) - Element is invisible from the page.
19:40:38.137 INFO  driver.Page (    Page.java:58) - Preparing for element to click.
19:40:38.137 INFO  driver.Page (    Page.java:210) - Waiting for element to be clickable for 120 seconds.
19:40:38.177 INFO  driver.Page (    Page.java:213) - Element is clickable now.
19:40:38.221 INFO  driver.Page (    Page.java:61) - Element is clicked successfully.
19:40:38.222 INFO  csp.AdminHomePage (AdminHomePage.java:93) - Admin User Profile dropdown clicked successfully.
19:40:38.222 INFO  driver.Page (    Page.java:235) - Waiting for element to be visible for 120 seconds.
19:40:38.253 INFO  driver.Page (    Page.java:238) - Element is visible on the page.
19:40:38.253 INFO  csp.AdminHomePage (AdminHomePage.java:36) - SignOut Link is Visible on the page.
19:40:38.253 INFO  driver.Page (    Page.java:58) - Preparing for element to click.
19:40:38.253 INFO  driver.Page (    Page.java:210) - Waiting for element to be clickable for 120 seconds.
19:40:38.313 INFO  driver.Page (    Page.java:213) - Element is clickable now.
19:40:41.026 INFO  driver.Page (    Page.java:61) - Element is clicked successfully.
19:40:41.026 INFO  csp.AdminHomePage (AdminHomePage.java:40) - Admin User SignOut Link clicked successfully.
19:40:41.026 INFO  scp.HomePage (HomePage.java:133) - Wait for page loader invisibility.
19:40:41.026 INFO  driver.Page (    Page.java:249) - Waiting for element to be invisible for 120 seconds.
19:40:46.080 INFO  driver.Page (    Page.java:252) - Element is invisible from the page.
19:40:46.080 INFO  csp.WaysToSaveTests (WaysToSaveTests.java:242) - Test Case execution for - verifyUpdateWaysToSaveFieldsAndValidationMsg - is Completed.
19:40:48.561 INFO  driver.DriverFactory (DriverFactory.java:122) - Clearing all the cookies.
