14:42:05.633 INFO  runner.TestRunner (TestRunner.java:32) - Initializing application properties config file.
14:42:05.658 INFO  runner.TestRunner (TestRunner.java:35) - Initializing connection to the base database.
14:42:06.113 WARN  config.DatabaseConfiguration (DatabaseConfiguration.java:84) - QA env being used by default. No env property set. This can be set in the sentinel.yml config file with a '{}=' property or on the command line with the switch '-D{}='.
14:42:08.388 INFO  runner.TestRunner (TestRunner.java:38) - Initializing resource path config file.
14:42:08.389 INFO  runner.TestRunner (TestRunner.java:41) - Initializing usage months config from CSP.
14:42:09.212 INFO  runner.TestRunner (TestRunner.java:44) - Initializing date config from CSP.
14:42:09.965 INFO  runner.TestRunner (TestRunner.java:47) - Initializing language config from CSP.
14:42:10.701 INFO  runner.TestRunner (TestRunner.java:50) - Initializing language config from CSP.
14:42:12.005 INFO  runner.TestRunner (TestRunner.java:53) - Initializing language config from CSP.
14:42:12.743 INFO  runner.TestRunner (TestRunner.java:56) - Initializing user model config.
14:42:12.769 WARN  config.Configuration (Configuration.java:231) - QA env being used by default. No env property set. This can be set in the sew.app.yml config file with a '{}=' property or on the command line with the switch '-D{}='.
14:42:17.823 INFO  runner.TestRunner (TestRunner.java:59) - Initializing auth token config.
14:42:17.823 INFO  runner.TestRunner (TestRunner.java:62) - Initializing Admin User config.
14:42:19.458 INFO  utils.ExcelUtils (ExcelUtils.java:36) - Test Runner excel row at: 1
14:42:19.469 INFO  utils.ExcelUtils (ExcelUtils.java:36) - Test Runner excel row at: 2
14:42:19.470 INFO  utils.ExcelUtils (ExcelUtils.java:36) - Test Runner excel row at: 3
14:42:19.471 INFO  utils.ExcelUtils (ExcelUtils.java:36) - Test Runner excel row at: 4
14:42:19.472 INFO  utils.ExcelUtils (ExcelUtils.java:36) - Test Runner excel row at: 5
14:42:19.473 INFO  utils.ExcelUtils (ExcelUtils.java:36) - Test Runner excel row at: 6
14:42:19.474 INFO  utils.ExcelUtils (ExcelUtils.java:36) - Test Runner excel row at: 7
14:42:19.475 INFO  utils.ExcelUtils (ExcelUtils.java:36) - Test Runner excel row at: 8
14:42:19.476 INFO  utils.ExcelUtils (ExcelUtils.java:36) - Test Runner excel row at: 9
14:42:19.477 INFO  utils.ExcelUtils (ExcelUtils.java:36) - Test Runner excel row at: 10
14:42:19.478 INFO  utils.ExcelUtils (ExcelUtils.java:36) - Test Runner excel row at: 11
14:42:19.479 INFO  utils.ExcelUtils (ExcelUtils.java:36) - Test Runner excel row at: 12
14:42:19.479 INFO  utils.ExcelUtils (ExcelUtils.java:36) - Test Runner excel row at: 13
14:42:19.479 INFO  utils.ExcelUtils (ExcelUtils.java:36) - Test Runner excel row at: 14
14:42:19.479 INFO  utils.ExcelUtils (ExcelUtils.java:36) - Test Runner excel row at: 15
14:42:19.481 INFO  utils.ExcelUtils (ExcelUtils.java:36) - Test Runner excel row at: 16
14:42:19.481 INFO  utils.ExcelUtils (ExcelUtils.java:36) - Test Runner excel row at: 17
14:42:19.481 INFO  utils.ExcelUtils (ExcelUtils.java:36) - Test Runner excel row at: 18
14:42:19.482 INFO  utils.ExcelUtils (ExcelUtils.java:36) - Test Runner excel row at: 19
14:42:19.482 INFO  utils.ExcelUtils (ExcelUtils.java:36) - Test Runner excel row at: 20
14:42:19.482 INFO  utils.ExcelUtils (ExcelUtils.java:36) - Test Runner excel row at: 21
14:42:19.482 INFO  utils.ExcelUtils (ExcelUtils.java:36) - Test Runner excel row at: 22
14:42:19.484 INFO  utils.ExcelUtils (ExcelUtils.java:36) - Test Runner excel row at: 23
14:42:19.484 INFO  utils.ExcelUtils (ExcelUtils.java:36) - Test Runner excel row at: 24
14:42:19.485 INFO  utils.ExcelUtils (ExcelUtils.java:36) - Test Runner excel row at: 25
14:42:19.485 INFO  utils.ExcelUtils (ExcelUtils.java:36) - Test Runner excel row at: 26
14:42:19.485 INFO  utils.ExcelUtils (ExcelUtils.java:36) - Test Runner excel row at: 27
14:42:19.486 INFO  utils.ExcelUtils (ExcelUtils.java:36) - Test Runner excel row at: 28
14:42:19.487 INFO  utils.ExcelUtils (ExcelUtils.java:36) - Test Runner excel row at: 29
14:42:19.487 INFO  utils.ExcelUtils (ExcelUtils.java:36) - Test Runner excel row at: 30
14:42:19.488 INFO  utils.ExcelUtils (ExcelUtils.java:36) - Test Runner excel row at: 31
14:42:19.488 INFO  utils.ExcelUtils (ExcelUtils.java:36) - Test Runner excel row at: 32
14:42:19.489 INFO  utils.ExcelUtils (ExcelUtils.java:36) - Test Runner excel row at: 33
14:42:19.489 INFO  utils.ExcelUtils (ExcelUtils.java:36) - Test Runner excel row at: 34
14:42:19.489 INFO  utils.ExcelUtils (ExcelUtils.java:36) - Test Runner excel row at: 35
14:42:19.490 INFO  utils.ExcelUtils (ExcelUtils.java:36) - Test Runner excel row at: 36
14:42:19.490 INFO  utils.ExcelUtils (ExcelUtils.java:36) - Test Runner excel row at: 37
14:42:19.491 INFO  utils.ExcelUtils (ExcelUtils.java:36) - Test Runner excel row at: 38
14:42:19.491 INFO  utils.ExcelUtils (ExcelUtils.java:36) - Test Runner excel row at: 39
14:42:19.491 INFO  utils.ExcelUtils (ExcelUtils.java:36) - Test Runner excel row at: 40
14:42:19.492 INFO  utils.ExcelUtils (ExcelUtils.java:36) - Test Runner excel row at: 41
14:42:19.492 INFO  utils.ExcelUtils (ExcelUtils.java:36) - Test Runner excel row at: 42
14:42:19.492 INFO  utils.ExcelUtils (ExcelUtils.java:36) - Test Runner excel row at: 43
14:42:19.493 INFO  utils.ExcelUtils (ExcelUtils.java:36) - Test Runner excel row at: 44
14:42:19.493 INFO  utils.ExcelUtils (ExcelUtils.java:36) - Test Runner excel row at: 45
14:42:19.494 INFO  utils.ExcelUtils (ExcelUtils.java:36) - Test Runner excel row at: 46
14:42:19.494 INFO  utils.ExcelUtils (ExcelUtils.java:36) - Test Runner excel row at: 47
14:42:19.494 INFO  utils.ExcelUtils (ExcelUtils.java:36) - Test Runner excel row at: 48
14:42:19.495 INFO  utils.ExcelUtils (ExcelUtils.java:36) - Test Runner excel row at: 49
14:42:19.495 INFO  utils.ExcelUtils (ExcelUtils.java:36) - Test Runner excel row at: 50
14:42:19.495 INFO  utils.ExcelUtils (ExcelUtils.java:36) - Test Runner excel row at: 51
14:42:19.496 INFO  utils.ExcelUtils (ExcelUtils.java:36) - Test Runner excel row at: 52
14:42:19.497 INFO  utils.ExcelUtils (ExcelUtils.java:36) - Test Runner excel row at: 53
14:42:19.497 INFO  utils.ExcelUtils (ExcelUtils.java:36) - Test Runner excel row at: 54
14:42:19.497 INFO  utils.ExcelUtils (ExcelUtils.java:36) - Test Runner excel row at: 55
14:42:19.498 INFO  utils.ExcelUtils (ExcelUtils.java:36) - Test Runner excel row at: 56
14:42:19.498 INFO  utils.ExcelUtils (ExcelUtils.java:36) - Test Runner excel row at: 57
14:42:19.498 INFO  utils.ExcelUtils (ExcelUtils.java:36) - Test Runner excel row at: 58
14:42:19.499 INFO  utils.ExcelUtils (ExcelUtils.java:36) - Test Runner excel row at: 59
14:42:19.499 INFO  utils.ExcelUtils (ExcelUtils.java:36) - Test Runner excel row at: 60
14:42:19.499 INFO  utils.ExcelUtils (ExcelUtils.java:36) - Test Runner excel row at: 61
14:42:19.500 INFO  utils.ExcelUtils (ExcelUtils.java:36) - Test Runner excel row at: 62
14:42:19.500 INFO  utils.ExcelUtils (ExcelUtils.java:36) - Test Runner excel row at: 63
14:42:19.500 INFO  utils.ExcelUtils (ExcelUtils.java:36) - Test Runner excel row at: 64
14:42:19.500 INFO  utils.ExcelUtils (ExcelUtils.java:36) - Test Runner excel row at: 65
14:42:19.501 INFO  utils.ExcelUtils (ExcelUtils.java:36) - Test Runner excel row at: 66
14:42:19.501 INFO  utils.ExcelUtils (ExcelUtils.java:36) - Test Runner excel row at: 67
14:42:19.502 INFO  utils.ExcelUtils (ExcelUtils.java:36) - Test Runner excel row at: 68
14:42:19.502 INFO  utils.ExcelUtils (ExcelUtils.java:36) - Test Runner excel row at: 69
14:42:19.502 INFO  utils.ExcelUtils (ExcelUtils.java:36) - Test Runner excel row at: 70
14:42:19.502 INFO  utils.ExcelUtils (ExcelUtils.java:36) - Test Runner excel row at: 71
14:42:19.503 INFO  utils.ExcelUtils (ExcelUtils.java:36) - Test Runner excel row at: 72
14:42:19.503 INFO  utils.ExcelUtils (ExcelUtils.java:36) - Test Runner excel row at: 73
14:42:19.503 INFO  utils.ExcelUtils (ExcelUtils.java:36) - Test Runner excel row at: 74
14:42:19.504 INFO  utils.ExcelUtils (ExcelUtils.java:36) - Test Runner excel row at: 75
14:42:19.504 INFO  utils.ExcelUtils (ExcelUtils.java:36) - Test Runner excel row at: 76
14:42:19.505 INFO  utils.ExcelUtils (ExcelUtils.java:36) - Test Runner excel row at: 77
14:42:19.505 INFO  utils.ExcelUtils (ExcelUtils.java:36) - Test Runner excel row at: 78
14:42:19.506 INFO  utils.ExcelUtils (ExcelUtils.java:36) - Test Runner excel row at: 79
14:42:19.506 INFO  utils.ExcelUtils (ExcelUtils.java:36) - Test Runner excel row at: 80
14:42:19.507 INFO  utils.ExcelUtils (ExcelUtils.java:36) - Test Runner excel row at: 81
14:42:19.507 INFO  utils.ExcelUtils (ExcelUtils.java:36) - Test Runner excel row at: 82
14:42:34.925 INFO  driver.WebDriverFactory (WebDriverFactory.java:193) - Setting up the browser window to its max.
14:42:35.164 INFO  driver.WebDriverFactory (WebDriverFactory.java:182) - Initializing the implicit wait timeout for {} 5
14:42:35.172 INFO  driver.WebDriverFactory (WebDriverFactory.java:185) - Initializing the page load timeout.
14:42:35.181 INFO  driver.DriverFactory (DriverFactory.java:122) - Clearing all the cookies.
14:42:35.193 INFO  driver.DriverFactory (DriverFactory.java:59) - Open the url {} https://qa.smartcmobile.net/SCM_10.0_S-SCP/ using the selenium get() method.
14:42:49.892 INFO  csp.WaysToSaveTests (WaysToSaveTests.java:1115) - To verify the tests with the below test case id's: C80172
14:42:50.294 INFO  driver.DriverFactory (DriverFactory.java:59) - Open the url {} https://qa.smartcmobile.net/SCM_10.0_S-CSP/ using the selenium get() method.
14:43:00.045 INFO  scp.HomePage (HomePage.java:132) - Wait for page loader invisibility.
14:43:00.046 INFO  driver.Page (    Page.java:250) - Waiting for element to be invisible for 120 seconds.
14:43:05.098 INFO  driver.Page (    Page.java:253) - Element is invisible from the page.
14:43:05.098 INFO  csp.AdminLoginPage (AdminLoginPage.java:334) - Checking that the current page is Admin login page.
14:43:05.098 INFO  driver.Page (    Page.java:40) - Fetching the current URL.
14:43:05.107 INFO  driver.Page (    Page.java:41) - The Current URL is: https://qa.smartcmobile.net/SCM_10.0_S-CSP/
14:43:05.113 INFO  driver.Page (    Page.java:46) - Fetching the current title.
14:43:05.120 INFO  driver.Page (    Page.java:47) - The Current Title is: SCM Admin - Login
14:43:05.128 INFO  csp.AdminLoginPage (AdminLoginPage.java:337) - The current page is Admin login page {}: true
14:43:05.130 INFO  csp.AdminLoginPage (AdminLoginPage.java:30) - Populating username {} :qauser
14:43:05.147 INFO  driver.Page (    Page.java:121) - Wait for element {} [[ChromeDriver: chrome on WINDOWS (1cbe4b44b5e27891df43ca3603062284)] -> css selector: [id='txtAdminLogin']] to be present in the DOM for duration of {} 120
14:43:05.147 INFO  driver.Page (    Page.java:236) - Waiting for element to be visible for 120 seconds.
14:43:05.184 INFO  driver.Page (    Page.java:239) - Element is visible on the page.
14:43:05.195 INFO  driver.Page (    Page.java:123) - Clearing the element {} [[ChromeDriver: chrome on WINDOWS (1cbe4b44b5e27891df43ca3603062284)] -> css selector: [id='txtAdminLogin']] before sending the keys.
14:43:05.249 INFO  driver.Page (    Page.java:125) - Sending the following keys {} qauser to the element {} [[ChromeDriver: chrome on WINDOWS (1cbe4b44b5e27891df43ca3603062284)] -> css selector: [id='txtAdminLogin']]
14:43:05.296 INFO  csp.AdminLoginPage (AdminLoginPage.java:32) - Username populated successfully.
14:43:05.296 INFO  csp.AdminLoginPage (AdminLoginPage.java:54) - Populating password {} :Sew@2021$!
14:43:05.314 INFO  driver.Page (    Page.java:121) - Wait for element {} [[ChromeDriver: chrome on WINDOWS (1cbe4b44b5e27891df43ca3603062284)] -> css selector: [id='txtpwd']] to be present in the DOM for duration of {} 120
14:43:05.315 INFO  driver.Page (    Page.java:236) - Waiting for element to be visible for 120 seconds.
14:43:05.350 INFO  driver.Page (    Page.java:239) - Element is visible on the page.
14:43:05.363 INFO  driver.Page (    Page.java:123) - Clearing the element {} [[ChromeDriver: chrome on WINDOWS (1cbe4b44b5e27891df43ca3603062284)] -> css selector: [id='txtpwd']] before sending the keys.
14:43:05.428 INFO  driver.Page (    Page.java:125) - Sending the following keys {} Sew@2021$! to the element {} [[ChromeDriver: chrome on WINDOWS (1cbe4b44b5e27891df43ca3603062284)] -> css selector: [id='txtpwd']]
14:43:05.514 INFO  csp.AdminLoginPage (AdminLoginPage.java:56) - Password populated successfully.
14:43:05.515 INFO  driver.Page (    Page.java:59) - Preparing for element to click.
14:43:05.516 INFO  driver.Page (    Page.java:211) - Waiting for element to be clickable for 120 seconds.
14:43:05.589 INFO  driver.Page (    Page.java:214) - Element is clickable now.
14:43:22.940 INFO  driver.Page (    Page.java:62) - Element is clicked successfully.
14:43:22.941 INFO  csp.AdminLoginPage (AdminLoginPage.java:67) - SignIn Button clicked successfully.
14:43:22.942 INFO  scp.HomePage (HomePage.java:132) - Wait for page loader invisibility.
14:43:22.943 INFO  driver.Page (    Page.java:250) - Waiting for element to be invisible for 120 seconds.
14:43:22.962 INFO  driver.Page (    Page.java:253) - Element is invisible from the page.
14:43:22.969 INFO  csp.AdminHomePage (AdminHomePage.java:181) - Checking that the current page is Admin Home page.
14:43:22.969 INFO  driver.Page (    Page.java:40) - Fetching the current URL.
14:43:22.975 INFO  driver.Page (    Page.java:41) - The Current URL is: https://qa.smartcmobile.net/SCM_10.0_S-CSP/Home.aspx
14:43:22.980 INFO  driver.Page (    Page.java:46) - Fetching the current title.
14:43:22.986 INFO  driver.Page (    Page.java:47) - The Current Title is: Dashboard
14:43:22.992 INFO  csp.AdminHomePage (AdminHomePage.java:184) - The current page is Admin Home page {}: true
14:43:23.006 INFO  driver.Page (    Page.java:236) - Waiting for element to be visible for 120 seconds.
14:43:23.039 INFO  driver.Page (    Page.java:239) - Element is visible on the page.
14:43:23.040 INFO  csp.AdminHomePage (AdminHomePage.java:47) - Ways To Save Link is Visible on the page.
14:43:23.040 INFO  driver.Page (    Page.java:527) - Preparing for element to click.
14:43:52.536 INFO  driver.Page (    Page.java:534) - Element is clicked successfully.
14:43:52.536 INFO  csp.AdminHomePage (AdminHomePage.java:52) - Ways To Save Link clicked successfully.
14:43:52.536 INFO  scp.HomePage (HomePage.java:132) - Wait for page loader invisibility.
14:43:52.537 INFO  driver.Page (    Page.java:250) - Waiting for element to be invisible for 120 seconds.
14:43:52.562 INFO  driver.Page (    Page.java:253) - Element is invisible from the page.
14:43:52.562 INFO  driver.Page (    Page.java:236) - Waiting for element to be visible for 120 seconds.
14:43:52.588 INFO  driver.Page (    Page.java:239) - Element is visible on the page.
14:43:52.588 INFO  csp.WaysToSavePage (WaysToSavePage.java:1309) - Next Button is Visible on the Ways To Save page.
14:43:52.594 INFO  csp.WaysToSaveSteps (WaysToSaveSteps.java:1076) - Checking that the current page is Ways To Save page.
14:43:52.594 INFO  driver.Page (    Page.java:40) - Fetching the current URL.
14:43:52.601 INFO  driver.Page (    Page.java:41) - The Current URL is: https://qa.smartcmobile.net/SCM_10.0_S-CSP/configuration/WaysToSave.aspx
14:43:52.607 INFO  driver.Page (    Page.java:46) - Fetching the current title.
14:43:52.612 INFO  driver.Page (    Page.java:47) - The Current Title is: Ways To Save
14:43:52.620 INFO  csp.WaysToSaveSteps (WaysToSaveSteps.java:1079) - The current page is Ways To Save page {}: true
14:43:52.643 INFO  driver.Page (    Page.java:353) - Selecting the option by visible text {}: Educational Tips
14:43:52.677 INFO  driver.Page (    Page.java:355) - Selecting the given option to the web element {}: [[ChromeDriver: chrome on WINDOWS (1cbe4b44b5e27891df43ca3603062284)] -> css selector: #filter]
14:43:52.738 INFO  driver.Page (    Page.java:357) - Given text is selected as the option to the given select web element.
14:43:52.739 INFO  csp.WaysToSavePage (WaysToSavePage.java:40) - Ways To Save Filter Dropdwon has been selected with the value Educational Tips
14:43:54.741 INFO  driver.Page (    Page.java:527) - Preparing for element to click.
14:43:54.814 INFO  driver.Page (    Page.java:534) - Element is clicked successfully.
14:43:54.814 INFO  csp.WaysToSavePage (WaysToSavePage.java:68) - Add Ways To Save Button on Ways To Save Dashboard Clicked successfully.
14:43:54.815 INFO  driver.Page (    Page.java:236) - Waiting for element to be visible for 120 seconds.
14:43:55.403 INFO  driver.Page (    Page.java:239) - Element is visible on the page.
14:43:55.404 INFO  csp.WaysToSavePage (WaysToSavePage.java:406) - Add Button is Visible on the Add Ways To Save Popup page.
14:43:55.404 INFO  driver.Page (    Page.java:353) - Selecting the option by visible text {}: Educational Tips
14:43:55.527 INFO  driver.Page (    Page.java:355) - Selecting the given option to the web element {}: [[ChromeDriver: chrome on WINDOWS (1cbe4b44b5e27891df43ca3603062284)] -> css selector: #ddlCategory]
14:43:55.613 INFO  driver.Page (    Page.java:357) - Given text is selected as the option to the given select web element.
14:43:56.122 INFO  csp.WaysToSavePage (WaysToSavePage.java:231) - Category dropdown on Add Ways To Save Popup is selected with the value Educational Tips
14:43:56.122 INFO  driver.Page (    Page.java:353) - Selecting the option by visible text {}: Water
14:43:56.164 INFO  driver.Page (    Page.java:355) - Selecting the given option to the web element {}: [[ChromeDriver: chrome on WINDOWS (1cbe4b44b5e27891df43ca3603062284)] -> css selector: #ddlServiceType]
14:43:56.238 INFO  driver.Page (    Page.java:357) - Given text is selected as the option to the given select web element.
14:43:56.739 INFO  csp.WaysToSavePage (WaysToSavePage.java:270) - MeterType dropdown on Add Ways To Save Popup is selected with the value Water
14:43:56.739 INFO  driver.Page (    Page.java:527) - Preparing for element to click.
14:43:56.779 INFO  driver.Page (    Page.java:534) - Element is clicked successfully.
14:43:56.779 INFO  csp.WaysToSavePage (WaysToSavePage.java:303) - Clicked on AccountType Dropdown on Add Ways To Save Popup
14:43:56.779 INFO  driver.Page (    Page.java:59) - Preparing for element to click.
14:43:56.779 INFO  driver.Page (    Page.java:211) - Waiting for element to be clickable for 120 seconds.
14:43:56.829 INFO  driver.Page (    Page.java:214) - Element is clickable now.
14:43:56.871 INFO  driver.Page (    Page.java:62) - Element is clicked successfully.
14:43:57.375 INFO  csp.WaysToSavePage (WaysToSavePage.java:336) - Clicked on Residential AccountType Dropdown on Add Ways To Save Popup
14:43:57.375 INFO  driver.Page (    Page.java:527) - Preparing for element to click.
14:43:57.395 INFO  driver.Page (    Page.java:534) - Element is clicked successfully.
14:43:57.395 INFO  csp.WaysToSavePage (WaysToSavePage.java:303) - Clicked on AccountType Dropdown on Add Ways To Save Popup
14:43:57.395 INFO  driver.Page (    Page.java:85) - Preparing for element to click.
14:43:57.396 INFO  driver.Page (    Page.java:236) - Waiting for element to be visible for 120 seconds.
14:43:57.429 INFO  driver.Page (    Page.java:239) - Element is visible on the page.
14:43:57.496 INFO  driver.Page (    Page.java:89) - Element is clicked successfully.
14:43:57.496 INFO  csp.WaysToSavePage (WaysToSavePage.java:450) - Internal checkbox is unchecked successfully.
14:43:57.508 INFO  driver.Page (    Page.java:121) - Wait for element {} [[ChromeDriver: chrome on WINDOWS (1cbe4b44b5e27891df43ca3603062284)] -> css selector: #txtExtrnalLnks] to be present in the DOM for duration of {} 120
14:43:57.508 INFO  driver.Page (    Page.java:236) - Waiting for element to be visible for 120 seconds.
14:43:57.526 INFO  driver.Page (    Page.java:239) - Element is visible on the page.
14:43:57.534 INFO  driver.Page (    Page.java:123) - Clearing the element {} [[ChromeDriver: chrome on WINDOWS (1cbe4b44b5e27891df43ca3603062284)] -> css selector: #txtExtrnalLnks] before sending the keys.
14:43:57.596 INFO  driver.Page (    Page.java:125) - Sending the following keys {} https://www.smartenergywater.com/ to the element {} [[ChromeDriver: chrome on WINDOWS (1cbe4b44b5e27891df43ca3603062284)] -> css selector: #txtExtrnalLnks]
14:43:57.713 INFO  csp.WaysToSavePage (WaysToSavePage.java:484) - External Link TextBox populated successfully with Value https://www.smartenergywater.com/
14:43:57.724 INFO  driver.Page (    Page.java:121) - Wait for element {} [[ChromeDriver: chrome on WINDOWS (1cbe4b44b5e27891df43ca3603062284)] -> css selector: #txtQuestionEN] to be present in the DOM for duration of {} 120
14:43:57.724 INFO  driver.Page (    Page.java:236) - Waiting for element to be visible for 120 seconds.
14:43:57.743 INFO  driver.Page (    Page.java:239) - Element is visible on the page.
14:43:57.750 INFO  driver.Page (    Page.java:123) - Clearing the element {} [[ChromeDriver: chrome on WINDOWS (1cbe4b44b5e27891df43ca3603062284)] -> css selector: #txtQuestionEN] before sending the keys.
14:43:57.801 INFO  driver.Page (    Page.java:125) - Sending the following keys {} EducationalTipsTopic 04537 to the element {} [[ChromeDriver: chrome on WINDOWS (1cbe4b44b5e27891df43ca3603062284)] -> css selector: #txtQuestionEN]
14:43:57.917 INFO  csp.WaysToSavePage (WaysToSavePage.java:1107) - Topic Name English TextBox populated successfully with Value EducationalTipsTopic 04537
14:43:57.931 INFO  driver.Page (    Page.java:121) - Wait for element {} [[ChromeDriver: chrome on WINDOWS (1cbe4b44b5e27891df43ca3603062284)] -> xpath: //div[@id='summernoteEnglish']/following::div[1]/div[@class='note-editing-area']/div[@class='note-editable']] to be present in the DOM for duration of {} 120
14:43:57.931 INFO  driver.Page (    Page.java:236) - Waiting for element to be visible for 120 seconds.
14:43:57.953 INFO  driver.Page (    Page.java:239) - Element is visible on the page.
14:43:57.961 INFO  driver.Page (    Page.java:123) - Clearing the element {} [[ChromeDriver: chrome on WINDOWS (1cbe4b44b5e27891df43ca3603062284)] -> xpath: //div[@id='summernoteEnglish']/following::div[1]/div[@class='note-editing-area']/div[@class='note-editable']] before sending the keys.
14:43:58.017 INFO  driver.Page (    Page.java:125) - Sending the following keys {} EducationalTipsDescription 54541 to the element {} [[ChromeDriver: chrome on WINDOWS (1cbe4b44b5e27891df43ca3603062284)] -> xpath: //div[@id='summernoteEnglish']/following::div[1]/div[@class='note-editing-area']/div[@class='note-editable']]
14:43:58.369 INFO  csp.WaysToSavePage (WaysToSavePage.java:1132) - Description English TextBox populated successfully with Value EducationalTipsDescription 54541
14:43:58.385 INFO  driver.Page (    Page.java:130) - Wait for element {} [[ChromeDriver: chrome on WINDOWS (1cbe4b44b5e27891df43ca3603062284)] -> css selector: #fileUpload] to be present in the DOM for duration of {} 120
14:43:58.385 INFO  driver.Page (    Page.java:131) - Clearing the element {} [[ChromeDriver: chrome on WINDOWS (1cbe4b44b5e27891df43ca3603062284)] -> css selector: #fileUpload] before sending the keys.
14:43:58.419 INFO  driver.Page (    Page.java:133) - Sending the following keys {} C:\Users\kragavendr001\Desktop\SEW\SCMBase10sUIWorkspace\SCM10SFunctionalTests\src\test\resources\uploads\Test.jpg to the element {} [[ChromeDriver: chrome on WINDOWS (1cbe4b44b5e27891df43ca3603062284)] -> css selector: #fileUpload]
14:43:58.444 INFO  csp.WaysToSavePage (WaysToSavePage.java:387) - Choose File Button added successfully with File Value C:\Users\kragavendr001\Desktop\SEW\SCMBase10sUIWorkspace\SCM10SFunctionalTests\src\test\resources\uploads\Test.jpg
14:43:58.444 INFO  driver.Page (    Page.java:527) - Preparing for element to click.
14:44:00.773 INFO  driver.Page (    Page.java:534) - Element is clicked successfully.
14:44:00.773 INFO  csp.WaysToSavePage (WaysToSavePage.java:416) - Add Button on Add Ways To Save Popup clicked successfully.
14:44:02.321 INFO  driver.Page (    Page.java:161) - Text got from the locator {} [[ChromeDriver: chrome on WINDOWS (1cbe4b44b5e27891df43ca3603062284)] -> css selector: #toast-container .toast-message] is A new Educational Tip added successfully
14:44:02.339 INFO  scp.HomePage (HomePage.java:167) - Label on toast message {}: A new Educational Tip added successfully
14:44:02.339 INFO  scp.HomePage (HomePage.java:146) - Wait for toast message invisibility.
14:44:02.340 INFO  driver.Page (    Page.java:250) - Waiting for element to be invisible for 120 seconds.
14:44:09.461 INFO  driver.Page (    Page.java:253) - Element is invisible from the page.
14:44:09.469 INFO  csp.WaysToSaveTests (WaysToSaveTests.java:1151) - Test Case execution for - verifyExternalLinkEfficiency - is Completed.
14:44:12.106 INFO  driver.DriverFactory (DriverFactory.java:122) - Clearing all the cookies.
14:52:51.546 INFO  runner.TestRunner (TestRunner.java:32) - Initializing application properties config file.
14:52:51.557 INFO  runner.TestRunner (TestRunner.java:35) - Initializing connection to the base database.
14:52:51.915 WARN  config.DatabaseConfiguration (DatabaseConfiguration.java:84) - QA env being used by default. No env property set. This can be set in the sentinel.yml config file with a '{}=' property or on the command line with the switch '-D{}='.
14:52:53.467 INFO  runner.TestRunner (TestRunner.java:38) - Initializing resource path config file.
14:52:53.472 INFO  runner.TestRunner (TestRunner.java:41) - Initializing usage months config from CSP.
14:52:54.264 INFO  runner.TestRunner (TestRunner.java:44) - Initializing date config from CSP.
14:52:55.015 INFO  runner.TestRunner (TestRunner.java:47) - Initializing language config from CSP.
14:52:55.748 INFO  runner.TestRunner (TestRunner.java:50) - Initializing language config from CSP.
14:52:56.509 INFO  runner.TestRunner (TestRunner.java:53) - Initializing language config from CSP.
14:52:57.250 INFO  runner.TestRunner (TestRunner.java:56) - Initializing user model config.
14:52:57.316 WARN  config.Configuration (Configuration.java:231) - QA env being used by default. No env property set. This can be set in the sew.app.yml config file with a '{}=' property or on the command line with the switch '-D{}='.
14:53:02.056 INFO  runner.TestRunner (TestRunner.java:59) - Initializing auth token config.
14:53:02.056 INFO  runner.TestRunner (TestRunner.java:62) - Initializing Admin User config.
14:53:03.444 INFO  utils.ExcelUtils (ExcelUtils.java:36) - Test Runner excel row at: 1
14:53:03.453 INFO  utils.ExcelUtils (ExcelUtils.java:36) - Test Runner excel row at: 2
14:53:03.454 INFO  utils.ExcelUtils (ExcelUtils.java:36) - Test Runner excel row at: 3
14:53:03.455 INFO  utils.ExcelUtils (ExcelUtils.java:36) - Test Runner excel row at: 4
14:53:03.455 INFO  utils.ExcelUtils (ExcelUtils.java:36) - Test Runner excel row at: 5
14:53:03.456 INFO  utils.ExcelUtils (ExcelUtils.java:36) - Test Runner excel row at: 6
14:53:03.457 INFO  utils.ExcelUtils (ExcelUtils.java:36) - Test Runner excel row at: 7
14:53:03.457 INFO  utils.ExcelUtils (ExcelUtils.java:36) - Test Runner excel row at: 8
14:53:03.458 INFO  utils.ExcelUtils (ExcelUtils.java:36) - Test Runner excel row at: 9
14:53:03.458 INFO  utils.ExcelUtils (ExcelUtils.java:36) - Test Runner excel row at: 10
14:53:03.459 INFO  utils.ExcelUtils (ExcelUtils.java:36) - Test Runner excel row at: 11
14:53:03.459 INFO  utils.ExcelUtils (ExcelUtils.java:36) - Test Runner excel row at: 12
14:53:03.460 INFO  utils.ExcelUtils (ExcelUtils.java:36) - Test Runner excel row at: 13
14:53:03.460 INFO  utils.ExcelUtils (ExcelUtils.java:36) - Test Runner excel row at: 14
14:53:03.461 INFO  utils.ExcelUtils (ExcelUtils.java:36) - Test Runner excel row at: 15
14:53:03.461 INFO  utils.ExcelUtils (ExcelUtils.java:36) - Test Runner excel row at: 16
14:53:03.462 INFO  utils.ExcelUtils (ExcelUtils.java:36) - Test Runner excel row at: 17
14:53:03.463 INFO  utils.ExcelUtils (ExcelUtils.java:36) - Test Runner excel row at: 18
14:53:03.463 INFO  utils.ExcelUtils (ExcelUtils.java:36) - Test Runner excel row at: 19
14:53:03.464 INFO  utils.ExcelUtils (ExcelUtils.java:36) - Test Runner excel row at: 20
14:53:03.464 INFO  utils.ExcelUtils (ExcelUtils.java:36) - Test Runner excel row at: 21
14:53:03.465 INFO  utils.ExcelUtils (ExcelUtils.java:36) - Test Runner excel row at: 22
14:53:03.465 INFO  utils.ExcelUtils (ExcelUtils.java:36) - Test Runner excel row at: 23
14:53:03.466 INFO  utils.ExcelUtils (ExcelUtils.java:36) - Test Runner excel row at: 24
14:53:03.466 INFO  utils.ExcelUtils (ExcelUtils.java:36) - Test Runner excel row at: 25
14:53:03.466 INFO  utils.ExcelUtils (ExcelUtils.java:36) - Test Runner excel row at: 26
14:53:03.467 INFO  utils.ExcelUtils (ExcelUtils.java:36) - Test Runner excel row at: 27
14:53:03.467 INFO  utils.ExcelUtils (ExcelUtils.java:36) - Test Runner excel row at: 28
14:53:03.468 INFO  utils.ExcelUtils (ExcelUtils.java:36) - Test Runner excel row at: 29
14:53:03.469 INFO  utils.ExcelUtils (ExcelUtils.java:36) - Test Runner excel row at: 30
14:53:03.470 INFO  utils.ExcelUtils (ExcelUtils.java:36) - Test Runner excel row at: 31
14:53:03.470 INFO  utils.ExcelUtils (ExcelUtils.java:36) - Test Runner excel row at: 32
14:53:03.471 INFO  utils.ExcelUtils (ExcelUtils.java:36) - Test Runner excel row at: 33
14:53:03.472 INFO  utils.ExcelUtils (ExcelUtils.java:36) - Test Runner excel row at: 34
14:53:03.472 INFO  utils.ExcelUtils (ExcelUtils.java:36) - Test Runner excel row at: 35
14:53:03.473 INFO  utils.ExcelUtils (ExcelUtils.java:36) - Test Runner excel row at: 36
14:53:03.473 INFO  utils.ExcelUtils (ExcelUtils.java:36) - Test Runner excel row at: 37
14:53:03.473 INFO  utils.ExcelUtils (ExcelUtils.java:36) - Test Runner excel row at: 38
14:53:03.474 INFO  utils.ExcelUtils (ExcelUtils.java:36) - Test Runner excel row at: 39
14:53:03.474 INFO  utils.ExcelUtils (ExcelUtils.java:36) - Test Runner excel row at: 40
14:53:03.475 INFO  utils.ExcelUtils (ExcelUtils.java:36) - Test Runner excel row at: 41
14:53:03.476 INFO  utils.ExcelUtils (ExcelUtils.java:36) - Test Runner excel row at: 42
14:53:03.476 INFO  utils.ExcelUtils (ExcelUtils.java:36) - Test Runner excel row at: 43
14:53:03.476 INFO  utils.ExcelUtils (ExcelUtils.java:36) - Test Runner excel row at: 44
14:53:03.476 INFO  utils.ExcelUtils (ExcelUtils.java:36) - Test Runner excel row at: 45
14:53:03.477 INFO  utils.ExcelUtils (ExcelUtils.java:36) - Test Runner excel row at: 46
14:53:03.478 INFO  utils.ExcelUtils (ExcelUtils.java:36) - Test Runner excel row at: 47
14:53:03.478 INFO  utils.ExcelUtils (ExcelUtils.java:36) - Test Runner excel row at: 48
14:53:03.478 INFO  utils.ExcelUtils (ExcelUtils.java:36) - Test Runner excel row at: 49
14:53:03.480 INFO  utils.ExcelUtils (ExcelUtils.java:36) - Test Runner excel row at: 50
14:53:03.481 INFO  utils.ExcelUtils (ExcelUtils.java:36) - Test Runner excel row at: 51
14:53:03.481 INFO  utils.ExcelUtils (ExcelUtils.java:36) - Test Runner excel row at: 52
14:53:03.482 INFO  utils.ExcelUtils (ExcelUtils.java:36) - Test Runner excel row at: 53
14:53:03.482 INFO  utils.ExcelUtils (ExcelUtils.java:36) - Test Runner excel row at: 54
14:53:03.483 INFO  utils.ExcelUtils (ExcelUtils.java:36) - Test Runner excel row at: 55
14:53:03.483 INFO  utils.ExcelUtils (ExcelUtils.java:36) - Test Runner excel row at: 56
14:53:03.483 INFO  utils.ExcelUtils (ExcelUtils.java:36) - Test Runner excel row at: 57
14:53:03.484 INFO  utils.ExcelUtils (ExcelUtils.java:36) - Test Runner excel row at: 58
14:53:03.485 INFO  utils.ExcelUtils (ExcelUtils.java:36) - Test Runner excel row at: 59
14:53:03.485 INFO  utils.ExcelUtils (ExcelUtils.java:36) - Test Runner excel row at: 60
14:53:03.486 INFO  utils.ExcelUtils (ExcelUtils.java:36) - Test Runner excel row at: 61
14:53:03.486 INFO  utils.ExcelUtils (ExcelUtils.java:36) - Test Runner excel row at: 62
14:53:03.487 INFO  utils.ExcelUtils (ExcelUtils.java:36) - Test Runner excel row at: 63
14:53:03.487 INFO  utils.ExcelUtils (ExcelUtils.java:36) - Test Runner excel row at: 64
14:53:03.487 INFO  utils.ExcelUtils (ExcelUtils.java:36) - Test Runner excel row at: 65
14:53:03.487 INFO  utils.ExcelUtils (ExcelUtils.java:36) - Test Runner excel row at: 66
14:53:03.488 INFO  utils.ExcelUtils (ExcelUtils.java:36) - Test Runner excel row at: 67
14:53:03.488 INFO  utils.ExcelUtils (ExcelUtils.java:36) - Test Runner excel row at: 68
14:53:03.489 INFO  utils.ExcelUtils (ExcelUtils.java:36) - Test Runner excel row at: 69
14:53:03.489 INFO  utils.ExcelUtils (ExcelUtils.java:36) - Test Runner excel row at: 70
14:53:03.489 INFO  utils.ExcelUtils (ExcelUtils.java:36) - Test Runner excel row at: 71
14:53:03.490 INFO  utils.ExcelUtils (ExcelUtils.java:36) - Test Runner excel row at: 72
14:53:03.490 INFO  utils.ExcelUtils (ExcelUtils.java:36) - Test Runner excel row at: 73
14:53:03.490 INFO  utils.ExcelUtils (ExcelUtils.java:36) - Test Runner excel row at: 74
14:53:03.491 INFO  utils.ExcelUtils (ExcelUtils.java:36) - Test Runner excel row at: 75
14:53:03.491 INFO  utils.ExcelUtils (ExcelUtils.java:36) - Test Runner excel row at: 76
14:53:03.491 INFO  utils.ExcelUtils (ExcelUtils.java:36) - Test Runner excel row at: 77
14:53:03.492 INFO  utils.ExcelUtils (ExcelUtils.java:36) - Test Runner excel row at: 78
14:53:03.492 INFO  utils.ExcelUtils (ExcelUtils.java:36) - Test Runner excel row at: 79
14:53:03.492 INFO  utils.ExcelUtils (ExcelUtils.java:36) - Test Runner excel row at: 80
14:53:03.492 INFO  utils.ExcelUtils (ExcelUtils.java:36) - Test Runner excel row at: 81
14:53:03.493 INFO  utils.ExcelUtils (ExcelUtils.java:36) - Test Runner excel row at: 82
14:53:12.403 INFO  driver.WebDriverFactory (WebDriverFactory.java:193) - Setting up the browser window to its max.
14:53:12.772 INFO  driver.WebDriverFactory (WebDriverFactory.java:182) - Initializing the implicit wait timeout for {} 5
14:53:12.783 INFO  driver.WebDriverFactory (WebDriverFactory.java:185) - Initializing the page load timeout.
14:53:12.834 INFO  driver.DriverFactory (DriverFactory.java:122) - Clearing all the cookies.
14:53:12.868 INFO  driver.DriverFactory (DriverFactory.java:59) - Open the url {} https://qa.smartcmobile.net/SCM_10.0_S-SCP/ using the selenium get() method.
14:53:38.964 INFO  csp.WaysToSaveTests (WaysToSaveTests.java:1115) - To verify the tests with the below test case id's: C80172
14:53:39.044 INFO  driver.DriverFactory (DriverFactory.java:59) - Open the url {} https://qa.smartcmobile.net/SCM_10.0_S-CSP/ using the selenium get() method.
14:53:50.082 INFO  scp.HomePage (HomePage.java:132) - Wait for page loader invisibility.
14:53:50.084 INFO  driver.Page (    Page.java:250) - Waiting for element to be invisible for 120 seconds.
14:53:55.158 INFO  driver.Page (    Page.java:253) - Element is invisible from the page.
14:53:55.159 INFO  csp.AdminLoginPage (AdminLoginPage.java:334) - Checking that the current page is Admin login page.
14:53:55.159 INFO  driver.Page (    Page.java:40) - Fetching the current URL.
14:53:55.171 INFO  driver.Page (    Page.java:41) - The Current URL is: https://qa.smartcmobile.net/SCM_10.0_S-CSP/
14:53:55.178 INFO  driver.Page (    Page.java:46) - Fetching the current title.
14:53:55.185 INFO  driver.Page (    Page.java:47) - The Current Title is: SCM Admin - Login
14:53:55.191 INFO  csp.AdminLoginPage (AdminLoginPage.java:337) - The current page is Admin login page {}: true
14:53:55.194 INFO  csp.AdminLoginPage (AdminLoginPage.java:30) - Populating username {} :qauser
14:53:55.209 INFO  driver.Page (    Page.java:121) - Wait for element {} [[ChromeDriver: chrome on WINDOWS (f1f8de8f72fc32adbc8a42c8b11586b1)] -> css selector: [id='txtAdminLogin']] to be present in the DOM for duration of {} 120
14:53:55.209 INFO  driver.Page (    Page.java:236) - Waiting for element to be visible for 120 seconds.
14:53:55.242 INFO  driver.Page (    Page.java:239) - Element is visible on the page.
14:53:55.249 INFO  driver.Page (    Page.java:123) - Clearing the element {} [[ChromeDriver: chrome on WINDOWS (f1f8de8f72fc32adbc8a42c8b11586b1)] -> css selector: [id='txtAdminLogin']] before sending the keys.
14:53:55.292 INFO  driver.Page (    Page.java:125) - Sending the following keys {} qauser to the element {} [[ChromeDriver: chrome on WINDOWS (f1f8de8f72fc32adbc8a42c8b11586b1)] -> css selector: [id='txtAdminLogin']]
14:53:55.328 INFO  csp.AdminLoginPage (AdminLoginPage.java:32) - Username populated successfully.
14:53:55.329 INFO  csp.AdminLoginPage (AdminLoginPage.java:54) - Populating password {} :Sew@2021$!
14:53:55.339 INFO  driver.Page (    Page.java:121) - Wait for element {} [[ChromeDriver: chrome on WINDOWS (f1f8de8f72fc32adbc8a42c8b11586b1)] -> css selector: [id='txtpwd']] to be present in the DOM for duration of {} 120
14:53:55.339 INFO  driver.Page (    Page.java:236) - Waiting for element to be visible for 120 seconds.
14:53:55.365 INFO  driver.Page (    Page.java:239) - Element is visible on the page.
14:53:55.376 INFO  driver.Page (    Page.java:123) - Clearing the element {} [[ChromeDriver: chrome on WINDOWS (f1f8de8f72fc32adbc8a42c8b11586b1)] -> css selector: [id='txtpwd']] before sending the keys.
14:53:55.423 INFO  driver.Page (    Page.java:125) - Sending the following keys {} Sew@2021$! to the element {} [[ChromeDriver: chrome on WINDOWS (f1f8de8f72fc32adbc8a42c8b11586b1)] -> css selector: [id='txtpwd']]
14:53:55.485 INFO  csp.AdminLoginPage (AdminLoginPage.java:56) - Password populated successfully.
14:53:55.486 INFO  driver.Page (    Page.java:59) - Preparing for element to click.
14:53:55.486 INFO  driver.Page (    Page.java:211) - Waiting for element to be clickable for 120 seconds.
14:53:55.524 INFO  driver.Page (    Page.java:214) - Element is clickable now.
14:54:06.151 INFO  driver.Page (    Page.java:62) - Element is clicked successfully.
14:54:06.151 INFO  csp.AdminLoginPage (AdminLoginPage.java:67) - SignIn Button clicked successfully.
14:54:06.151 INFO  scp.HomePage (HomePage.java:132) - Wait for page loader invisibility.
14:54:06.151 INFO  driver.Page (    Page.java:250) - Waiting for element to be invisible for 120 seconds.
14:54:06.175 INFO  driver.Page (    Page.java:253) - Element is invisible from the page.
14:54:06.181 INFO  csp.AdminHomePage (AdminHomePage.java:181) - Checking that the current page is Admin Home page.
14:54:06.182 INFO  driver.Page (    Page.java:40) - Fetching the current URL.
14:54:06.187 INFO  driver.Page (    Page.java:41) - The Current URL is: https://qa.smartcmobile.net/SCM_10.0_S-CSP/Home.aspx
14:54:06.193 INFO  driver.Page (    Page.java:46) - Fetching the current title.
14:54:06.200 INFO  driver.Page (    Page.java:47) - The Current Title is: Dashboard
14:54:06.205 INFO  csp.AdminHomePage (AdminHomePage.java:184) - The current page is Admin Home page {}: true
14:54:06.237 INFO  driver.Page (    Page.java:236) - Waiting for element to be visible for 120 seconds.
14:54:06.277 INFO  driver.Page (    Page.java:239) - Element is visible on the page.
14:54:06.277 INFO  csp.AdminHomePage (AdminHomePage.java:47) - Ways To Save Link is Visible on the page.
14:54:06.277 INFO  driver.Page (    Page.java:527) - Preparing for element to click.
14:54:10.905 INFO  driver.Page (    Page.java:534) - Element is clicked successfully.
14:54:10.906 INFO  csp.AdminHomePage (AdminHomePage.java:52) - Ways To Save Link clicked successfully.
14:54:10.906 INFO  scp.HomePage (HomePage.java:132) - Wait for page loader invisibility.
14:54:10.906 INFO  driver.Page (    Page.java:250) - Waiting for element to be invisible for 120 seconds.
14:54:10.964 INFO  driver.Page (    Page.java:253) - Element is invisible from the page.
14:54:10.965 INFO  driver.Page (    Page.java:236) - Waiting for element to be visible for 120 seconds.
14:54:10.988 INFO  driver.Page (    Page.java:239) - Element is visible on the page.
14:54:10.989 INFO  csp.WaysToSavePage (WaysToSavePage.java:1309) - Next Button is Visible on the Ways To Save page.
14:54:11.055 INFO  csp.WaysToSaveSteps (WaysToSaveSteps.java:1091) - Checking that the current page is Ways To Save page.
14:54:11.055 INFO  driver.Page (    Page.java:40) - Fetching the current URL.
14:54:11.060 INFO  driver.Page (    Page.java:41) - The Current URL is: https://qa.smartcmobile.net/SCM_10.0_S-CSP/configuration/WaysToSave.aspx
14:54:11.064 INFO  driver.Page (    Page.java:46) - Fetching the current title.
14:54:11.069 INFO  driver.Page (    Page.java:47) - The Current Title is: Ways To Save
14:54:11.074 INFO  csp.WaysToSaveSteps (WaysToSaveSteps.java:1094) - The current page is Ways To Save page {}: true
14:54:11.121 INFO  driver.Page (    Page.java:353) - Selecting the option by visible text {}: Educational Tips
14:54:11.173 INFO  driver.Page (    Page.java:355) - Selecting the given option to the web element {}: [[ChromeDriver: chrome on WINDOWS (f1f8de8f72fc32adbc8a42c8b11586b1)] -> css selector: #filter]
14:54:11.281 INFO  driver.Page (    Page.java:357) - Given text is selected as the option to the given select web element.
14:54:11.282 INFO  csp.WaysToSavePage (WaysToSavePage.java:40) - Ways To Save Filter Dropdwon has been selected with the value Educational Tips
14:54:13.283 INFO  driver.Page (    Page.java:527) - Preparing for element to click.
14:54:13.329 INFO  driver.Page (    Page.java:534) - Element is clicked successfully.
14:54:13.329 INFO  csp.WaysToSavePage (WaysToSavePage.java:68) - Add Ways To Save Button on Ways To Save Dashboard Clicked successfully.
14:54:13.329 INFO  driver.Page (    Page.java:236) - Waiting for element to be visible for 120 seconds.
14:54:13.896 INFO  driver.Page (    Page.java:239) - Element is visible on the page.
14:54:13.896 INFO  csp.WaysToSavePage (WaysToSavePage.java:406) - Add Button is Visible on the Add Ways To Save Popup page.
14:54:13.897 INFO  driver.Page (    Page.java:353) - Selecting the option by visible text {}: Educational Tips
14:54:13.946 INFO  driver.Page (    Page.java:355) - Selecting the given option to the web element {}: [[ChromeDriver: chrome on WINDOWS (f1f8de8f72fc32adbc8a42c8b11586b1)] -> css selector: #ddlCategory]
14:54:14.047 INFO  driver.Page (    Page.java:357) - Given text is selected as the option to the given select web element.
14:54:14.557 INFO  csp.WaysToSavePage (WaysToSavePage.java:231) - Category dropdown on Add Ways To Save Popup is selected with the value Educational Tips
14:54:14.558 INFO  driver.Page (    Page.java:353) - Selecting the option by visible text {}: Water
14:54:14.600 INFO  driver.Page (    Page.java:355) - Selecting the given option to the web element {}: [[ChromeDriver: chrome on WINDOWS (f1f8de8f72fc32adbc8a42c8b11586b1)] -> css selector: #ddlServiceType]
14:54:14.699 INFO  driver.Page (    Page.java:357) - Given text is selected as the option to the given select web element.
14:54:15.200 INFO  csp.WaysToSavePage (WaysToSavePage.java:270) - MeterType dropdown on Add Ways To Save Popup is selected with the value Water
14:54:15.200 INFO  driver.Page (    Page.java:527) - Preparing for element to click.
14:54:15.236 INFO  driver.Page (    Page.java:534) - Element is clicked successfully.
14:54:15.236 INFO  csp.WaysToSavePage (WaysToSavePage.java:303) - Clicked on AccountType Dropdown on Add Ways To Save Popup
14:54:15.236 INFO  driver.Page (    Page.java:59) - Preparing for element to click.
14:54:15.236 INFO  driver.Page (    Page.java:211) - Waiting for element to be clickable for 120 seconds.
14:54:15.292 INFO  driver.Page (    Page.java:214) - Element is clickable now.
14:54:15.366 INFO  driver.Page (    Page.java:62) - Element is clicked successfully.
14:54:15.869 INFO  csp.WaysToSavePage (WaysToSavePage.java:336) - Clicked on Residential AccountType Dropdown on Add Ways To Save Popup
14:54:15.869 INFO  driver.Page (    Page.java:527) - Preparing for element to click.
14:54:15.890 INFO  driver.Page (    Page.java:534) - Element is clicked successfully.
14:54:15.891 INFO  csp.WaysToSavePage (WaysToSavePage.java:303) - Clicked on AccountType Dropdown on Add Ways To Save Popup
14:54:15.891 INFO  driver.Page (    Page.java:77) - Preparing for element to click.
14:54:15.891 INFO  driver.Page (    Page.java:236) - Waiting for element to be visible for 120 seconds.
14:54:15.929 INFO  driver.Page (    Page.java:239) - Element is visible on the page.
14:54:15.960 INFO  driver.Page (    Page.java:81) - Element is clicked successfully.
14:54:15.960 INFO  csp.WaysToSavePage (WaysToSavePage.java:445) - Internal checkbox is checked successfully.
14:54:15.981 INFO  driver.Page (    Page.java:121) - Wait for element {} [[ChromeDriver: chrome on WINDOWS (f1f8de8f72fc32adbc8a42c8b11586b1)] -> css selector: #txtQuestionEN] to be present in the DOM for duration of {} 120
14:54:15.981 INFO  driver.Page (    Page.java:236) - Waiting for element to be visible for 120 seconds.
14:54:16.017 INFO  driver.Page (    Page.java:239) - Element is visible on the page.
14:54:16.031 INFO  driver.Page (    Page.java:123) - Clearing the element {} [[ChromeDriver: chrome on WINDOWS (f1f8de8f72fc32adbc8a42c8b11586b1)] -> css selector: #txtQuestionEN] before sending the keys.
14:54:16.098 INFO  driver.Page (    Page.java:125) - Sending the following keys {} EducationalTipsTopic 34622 to the element {} [[ChromeDriver: chrome on WINDOWS (f1f8de8f72fc32adbc8a42c8b11586b1)] -> css selector: #txtQuestionEN]
14:54:16.296 INFO  csp.WaysToSavePage (WaysToSavePage.java:1107) - Topic Name English TextBox populated successfully with Value EducationalTipsTopic 34622
14:54:16.322 INFO  driver.Page (    Page.java:121) - Wait for element {} [[ChromeDriver: chrome on WINDOWS (f1f8de8f72fc32adbc8a42c8b11586b1)] -> xpath: //div[@id='summernoteEnglish']/following::div[1]/div[@class='note-editing-area']/div[@class='note-editable']] to be present in the DOM for duration of {} 120
14:54:16.322 INFO  driver.Page (    Page.java:236) - Waiting for element to be visible for 120 seconds.
14:54:16.366 INFO  driver.Page (    Page.java:239) - Element is visible on the page.
14:54:16.384 INFO  driver.Page (    Page.java:123) - Clearing the element {} [[ChromeDriver: chrome on WINDOWS (f1f8de8f72fc32adbc8a42c8b11586b1)] -> xpath: //div[@id='summernoteEnglish']/following::div[1]/div[@class='note-editing-area']/div[@class='note-editable']] before sending the keys.
14:54:16.484 INFO  driver.Page (    Page.java:125) - Sending the following keys {} EducationalTipsDescription 04469 to the element {} [[ChromeDriver: chrome on WINDOWS (f1f8de8f72fc32adbc8a42c8b11586b1)] -> xpath: //div[@id='summernoteEnglish']/following::div[1]/div[@class='note-editing-area']/div[@class='note-editable']]
14:54:17.162 INFO  csp.WaysToSavePage (WaysToSavePage.java:1132) - Description English TextBox populated successfully with Value EducationalTipsDescription 04469
14:54:17.271 INFO  driver.Page (    Page.java:130) - Wait for element {} [[ChromeDriver: chrome on WINDOWS (f1f8de8f72fc32adbc8a42c8b11586b1)] -> css selector: #fileUpload] to be present in the DOM for duration of {} 120
14:54:17.272 INFO  driver.Page (    Page.java:131) - Clearing the element {} [[ChromeDriver: chrome on WINDOWS (f1f8de8f72fc32adbc8a42c8b11586b1)] -> css selector: #fileUpload] before sending the keys.
14:54:17.338 INFO  driver.Page (    Page.java:133) - Sending the following keys {} C:\Users\kragavendr001\Desktop\SEW\SCMBase10sUIWorkspace\SCM10SFunctionalTests\src\test\resources\uploads\Test.jpg to the element {} [[ChromeDriver: chrome on WINDOWS (f1f8de8f72fc32adbc8a42c8b11586b1)] -> css selector: #fileUpload]
14:54:17.404 INFO  csp.WaysToSavePage (WaysToSavePage.java:387) - Choose File Button added successfully with File Value C:\Users\kragavendr001\Desktop\SEW\SCMBase10sUIWorkspace\SCM10SFunctionalTests\src\test\resources\uploads\Test.jpg
14:54:17.404 INFO  driver.Page (    Page.java:527) - Preparing for element to click.
14:54:18.519 INFO  driver.Page (    Page.java:534) - Element is clicked successfully.
14:54:18.519 INFO  csp.WaysToSavePage (WaysToSavePage.java:416) - Add Button on Add Ways To Save Popup clicked successfully.
14:54:20.286 INFO  driver.Page (    Page.java:161) - Text got from the locator {} [[ChromeDriver: chrome on WINDOWS (f1f8de8f72fc32adbc8a42c8b11586b1)] -> css selector: #toast-container .toast-message] is A new Educational Tip added successfully
14:54:20.321 INFO  scp.HomePage (HomePage.java:167) - Label on toast message {}: A new Educational Tip added successfully
14:54:20.322 INFO  scp.HomePage (HomePage.java:146) - Wait for toast message invisibility.
14:54:20.323 INFO  driver.Page (    Page.java:250) - Waiting for element to be invisible for 120 seconds.
14:54:26.977 INFO  driver.Page (    Page.java:253) - Element is invisible from the page.
14:54:26.983 INFO  csp.WaysToSaveTests (WaysToSaveTests.java:1153) - Test Case execution for - verifyExternalLinkEfficiency - is Completed.
14:54:28.939 INFO  driver.DriverFactory (DriverFactory.java:122) - Clearing all the cookies.
14:55:41.521 INFO  runner.TestRunner (TestRunner.java:32) - Initializing application properties config file.
14:55:41.527 INFO  runner.TestRunner (TestRunner.java:35) - Initializing connection to the base database.
14:55:41.773 WARN  config.DatabaseConfiguration (DatabaseConfiguration.java:84) - QA env being used by default. No env property set. This can be set in the sentinel.yml config file with a '{}=' property or on the command line with the switch '-D{}='.
14:55:43.242 INFO  runner.TestRunner (TestRunner.java:38) - Initializing resource path config file.
14:55:43.243 INFO  runner.TestRunner (TestRunner.java:41) - Initializing usage months config from CSP.
14:55:44.071 INFO  runner.TestRunner (TestRunner.java:44) - Initializing date config from CSP.
14:55:44.817 INFO  runner.TestRunner (TestRunner.java:47) - Initializing language config from CSP.
14:55:45.560 INFO  runner.TestRunner (TestRunner.java:50) - Initializing language config from CSP.
14:55:46.315 INFO  runner.TestRunner (TestRunner.java:53) - Initializing language config from CSP.
14:55:47.061 INFO  runner.TestRunner (TestRunner.java:56) - Initializing user model config.
14:55:47.072 WARN  config.Configuration (Configuration.java:231) - QA env being used by default. No env property set. This can be set in the sew.app.yml config file with a '{}=' property or on the command line with the switch '-D{}='.
14:55:51.774 INFO  runner.TestRunner (TestRunner.java:59) - Initializing auth token config.
14:55:51.774 INFO  runner.TestRunner (TestRunner.java:62) - Initializing Admin User config.
14:55:53.184 INFO  utils.ExcelUtils (ExcelUtils.java:36) - Test Runner excel row at: 1
14:55:53.191 INFO  utils.ExcelUtils (ExcelUtils.java:36) - Test Runner excel row at: 2
14:55:53.192 INFO  utils.ExcelUtils (ExcelUtils.java:36) - Test Runner excel row at: 3
14:55:53.192 INFO  utils.ExcelUtils (ExcelUtils.java:36) - Test Runner excel row at: 4
14:55:53.193 INFO  utils.ExcelUtils (ExcelUtils.java:36) - Test Runner excel row at: 5
14:55:53.193 INFO  utils.ExcelUtils (ExcelUtils.java:36) - Test Runner excel row at: 6
14:55:53.193 INFO  utils.ExcelUtils (ExcelUtils.java:36) - Test Runner excel row at: 7
14:55:53.194 INFO  utils.ExcelUtils (ExcelUtils.java:36) - Test Runner excel row at: 8
14:55:53.194 INFO  utils.ExcelUtils (ExcelUtils.java:36) - Test Runner excel row at: 9
14:55:53.195 INFO  utils.ExcelUtils (ExcelUtils.java:36) - Test Runner excel row at: 10
14:55:53.195 INFO  utils.ExcelUtils (ExcelUtils.java:36) - Test Runner excel row at: 11
14:55:53.196 INFO  utils.ExcelUtils (ExcelUtils.java:36) - Test Runner excel row at: 12
14:55:53.196 INFO  utils.ExcelUtils (ExcelUtils.java:36) - Test Runner excel row at: 13
14:55:53.196 INFO  utils.ExcelUtils (ExcelUtils.java:36) - Test Runner excel row at: 14
14:55:53.197 INFO  utils.ExcelUtils (ExcelUtils.java:36) - Test Runner excel row at: 15
14:55:53.197 INFO  utils.ExcelUtils (ExcelUtils.java:36) - Test Runner excel row at: 16
14:55:53.198 INFO  utils.ExcelUtils (ExcelUtils.java:36) - Test Runner excel row at: 17
14:55:53.198 INFO  utils.ExcelUtils (ExcelUtils.java:36) - Test Runner excel row at: 18
14:55:53.198 INFO  utils.ExcelUtils (ExcelUtils.java:36) - Test Runner excel row at: 19
14:55:53.199 INFO  utils.ExcelUtils (ExcelUtils.java:36) - Test Runner excel row at: 20
14:55:53.199 INFO  utils.ExcelUtils (ExcelUtils.java:36) - Test Runner excel row at: 21
14:55:53.199 INFO  utils.ExcelUtils (ExcelUtils.java:36) - Test Runner excel row at: 22
14:55:53.200 INFO  utils.ExcelUtils (ExcelUtils.java:36) - Test Runner excel row at: 23
14:55:53.200 INFO  utils.ExcelUtils (ExcelUtils.java:36) - Test Runner excel row at: 24
14:55:53.201 INFO  utils.ExcelUtils (ExcelUtils.java:36) - Test Runner excel row at: 25
14:55:53.201 INFO  utils.ExcelUtils (ExcelUtils.java:36) - Test Runner excel row at: 26
14:55:53.201 INFO  utils.ExcelUtils (ExcelUtils.java:36) - Test Runner excel row at: 27
14:55:53.202 INFO  utils.ExcelUtils (ExcelUtils.java:36) - Test Runner excel row at: 28
14:55:53.202 INFO  utils.ExcelUtils (ExcelUtils.java:36) - Test Runner excel row at: 29
14:55:53.202 INFO  utils.ExcelUtils (ExcelUtils.java:36) - Test Runner excel row at: 30
14:55:53.203 INFO  utils.ExcelUtils (ExcelUtils.java:36) - Test Runner excel row at: 31
14:55:53.203 INFO  utils.ExcelUtils (ExcelUtils.java:36) - Test Runner excel row at: 32
14:55:53.203 INFO  utils.ExcelUtils (ExcelUtils.java:36) - Test Runner excel row at: 33
14:55:53.204 INFO  utils.ExcelUtils (ExcelUtils.java:36) - Test Runner excel row at: 34
14:55:53.204 INFO  utils.ExcelUtils (ExcelUtils.java:36) - Test Runner excel row at: 35
14:55:53.204 INFO  utils.ExcelUtils (ExcelUtils.java:36) - Test Runner excel row at: 36
14:55:53.205 INFO  utils.ExcelUtils (ExcelUtils.java:36) - Test Runner excel row at: 37
14:55:53.205 INFO  utils.ExcelUtils (ExcelUtils.java:36) - Test Runner excel row at: 38
14:55:53.205 INFO  utils.ExcelUtils (ExcelUtils.java:36) - Test Runner excel row at: 39
14:55:53.206 INFO  utils.ExcelUtils (ExcelUtils.java:36) - Test Runner excel row at: 40
14:55:53.206 INFO  utils.ExcelUtils (ExcelUtils.java:36) - Test Runner excel row at: 41
14:55:53.206 INFO  utils.ExcelUtils (ExcelUtils.java:36) - Test Runner excel row at: 42
14:55:53.207 INFO  utils.ExcelUtils (ExcelUtils.java:36) - Test Runner excel row at: 43
14:55:53.207 INFO  utils.ExcelUtils (ExcelUtils.java:36) - Test Runner excel row at: 44
14:55:53.207 INFO  utils.ExcelUtils (ExcelUtils.java:36) - Test Runner excel row at: 45
14:55:53.208 INFO  utils.ExcelUtils (ExcelUtils.java:36) - Test Runner excel row at: 46
14:55:53.208 INFO  utils.ExcelUtils (ExcelUtils.java:36) - Test Runner excel row at: 47
14:55:53.208 INFO  utils.ExcelUtils (ExcelUtils.java:36) - Test Runner excel row at: 48
14:55:53.208 INFO  utils.ExcelUtils (ExcelUtils.java:36) - Test Runner excel row at: 49
14:55:53.209 INFO  utils.ExcelUtils (ExcelUtils.java:36) - Test Runner excel row at: 50
14:55:53.209 INFO  utils.ExcelUtils (ExcelUtils.java:36) - Test Runner excel row at: 51
14:55:53.209 INFO  utils.ExcelUtils (ExcelUtils.java:36) - Test Runner excel row at: 52
14:55:53.209 INFO  utils.ExcelUtils (ExcelUtils.java:36) - Test Runner excel row at: 53
14:55:53.209 INFO  utils.ExcelUtils (ExcelUtils.java:36) - Test Runner excel row at: 54
14:55:53.209 INFO  utils.ExcelUtils (ExcelUtils.java:36) - Test Runner excel row at: 55
14:55:53.210 INFO  utils.ExcelUtils (ExcelUtils.java:36) - Test Runner excel row at: 56
14:55:53.211 INFO  utils.ExcelUtils (ExcelUtils.java:36) - Test Runner excel row at: 57
14:55:53.211 INFO  utils.ExcelUtils (ExcelUtils.java:36) - Test Runner excel row at: 58
14:55:53.211 INFO  utils.ExcelUtils (ExcelUtils.java:36) - Test Runner excel row at: 59
14:55:53.211 INFO  utils.ExcelUtils (ExcelUtils.java:36) - Test Runner excel row at: 60
14:55:53.211 INFO  utils.ExcelUtils (ExcelUtils.java:36) - Test Runner excel row at: 61
14:55:53.211 INFO  utils.ExcelUtils (ExcelUtils.java:36) - Test Runner excel row at: 62
14:55:53.212 INFO  utils.ExcelUtils (ExcelUtils.java:36) - Test Runner excel row at: 63
14:55:53.212 INFO  utils.ExcelUtils (ExcelUtils.java:36) - Test Runner excel row at: 64
14:55:53.212 INFO  utils.ExcelUtils (ExcelUtils.java:36) - Test Runner excel row at: 65
14:55:53.213 INFO  utils.ExcelUtils (ExcelUtils.java:36) - Test Runner excel row at: 66
14:55:53.213 INFO  utils.ExcelUtils (ExcelUtils.java:36) - Test Runner excel row at: 67
14:55:53.214 INFO  utils.ExcelUtils (ExcelUtils.java:36) - Test Runner excel row at: 68
14:55:53.214 INFO  utils.ExcelUtils (ExcelUtils.java:36) - Test Runner excel row at: 69
14:55:53.214 INFO  utils.ExcelUtils (ExcelUtils.java:36) - Test Runner excel row at: 70
14:55:53.215 INFO  utils.ExcelUtils (ExcelUtils.java:36) - Test Runner excel row at: 71
14:55:53.215 INFO  utils.ExcelUtils (ExcelUtils.java:36) - Test Runner excel row at: 72
14:55:53.215 INFO  utils.ExcelUtils (ExcelUtils.java:36) - Test Runner excel row at: 73
14:55:53.216 INFO  utils.ExcelUtils (ExcelUtils.java:36) - Test Runner excel row at: 74
14:55:53.216 INFO  utils.ExcelUtils (ExcelUtils.java:36) - Test Runner excel row at: 75
14:55:53.216 INFO  utils.ExcelUtils (ExcelUtils.java:36) - Test Runner excel row at: 76
14:55:53.217 INFO  utils.ExcelUtils (ExcelUtils.java:36) - Test Runner excel row at: 77
14:55:53.217 INFO  utils.ExcelUtils (ExcelUtils.java:36) - Test Runner excel row at: 78
14:55:53.217 INFO  utils.ExcelUtils (ExcelUtils.java:36) - Test Runner excel row at: 79
14:55:53.218 INFO  utils.ExcelUtils (ExcelUtils.java:36) - Test Runner excel row at: 80
14:55:53.219 INFO  utils.ExcelUtils (ExcelUtils.java:36) - Test Runner excel row at: 81
14:55:53.219 INFO  utils.ExcelUtils (ExcelUtils.java:36) - Test Runner excel row at: 82
14:55:56.989 INFO  driver.WebDriverFactory (WebDriverFactory.java:193) - Setting up the browser window to its max.
14:55:57.131 INFO  driver.WebDriverFactory (WebDriverFactory.java:182) - Initializing the implicit wait timeout for {} 5
14:55:57.139 INFO  driver.WebDriverFactory (WebDriverFactory.java:185) - Initializing the page load timeout.
14:55:57.146 INFO  driver.DriverFactory (DriverFactory.java:122) - Clearing all the cookies.
14:55:57.156 INFO  driver.DriverFactory (DriverFactory.java:59) - Open the url {} https://qa.smartcmobile.net/SCM_10.0_S-SCP/ using the selenium get() method.
14:56:15.151 INFO  csp.WaysToSaveTests (WaysToSaveTests.java:1115) - To verify the tests with the below test case id's: C80172
14:56:15.192 INFO  driver.DriverFactory (DriverFactory.java:59) - Open the url {} https://qa.smartcmobile.net/SCM_10.0_S-CSP/ using the selenium get() method.
14:56:24.025 INFO  scp.HomePage (HomePage.java:132) - Wait for page loader invisibility.
14:56:24.026 INFO  driver.Page (    Page.java:250) - Waiting for element to be invisible for 120 seconds.
14:56:29.079 INFO  driver.Page (    Page.java:253) - Element is invisible from the page.
14:56:29.080 INFO  csp.AdminLoginPage (AdminLoginPage.java:334) - Checking that the current page is Admin login page.
14:56:29.080 INFO  driver.Page (    Page.java:40) - Fetching the current URL.
14:56:29.087 INFO  driver.Page (    Page.java:41) - The Current URL is: https://qa.smartcmobile.net/SCM_10.0_S-CSP/
14:56:29.094 INFO  driver.Page (    Page.java:46) - Fetching the current title.
14:56:29.102 INFO  driver.Page (    Page.java:47) - The Current Title is: SCM Admin - Login
14:56:29.108 INFO  csp.AdminLoginPage (AdminLoginPage.java:337) - The current page is Admin login page {}: true
14:56:29.111 INFO  csp.AdminLoginPage (AdminLoginPage.java:30) - Populating username {} :qauser
14:56:29.129 INFO  driver.Page (    Page.java:121) - Wait for element {} [[ChromeDriver: chrome on WINDOWS (92cce563c85b5691fa33820a3bba8079)] -> css selector: [id='txtAdminLogin']] to be present in the DOM for duration of {} 120
14:56:29.130 INFO  driver.Page (    Page.java:236) - Waiting for element to be visible for 120 seconds.
14:56:29.171 INFO  driver.Page (    Page.java:239) - Element is visible on the page.
14:56:29.181 INFO  driver.Page (    Page.java:123) - Clearing the element {} [[ChromeDriver: chrome on WINDOWS (92cce563c85b5691fa33820a3bba8079)] -> css selector: [id='txtAdminLogin']] before sending the keys.
14:56:29.241 INFO  driver.Page (    Page.java:125) - Sending the following keys {} qauser to the element {} [[ChromeDriver: chrome on WINDOWS (92cce563c85b5691fa33820a3bba8079)] -> css selector: [id='txtAdminLogin']]
14:56:29.286 INFO  csp.AdminLoginPage (AdminLoginPage.java:32) - Username populated successfully.
14:56:29.286 INFO  csp.AdminLoginPage (AdminLoginPage.java:54) - Populating password {} :Sew@2021$!
14:56:29.301 INFO  driver.Page (    Page.java:121) - Wait for element {} [[ChromeDriver: chrome on WINDOWS (92cce563c85b5691fa33820a3bba8079)] -> css selector: [id='txtpwd']] to be present in the DOM for duration of {} 120
14:56:29.301 INFO  driver.Page (    Page.java:236) - Waiting for element to be visible for 120 seconds.
14:56:29.330 INFO  driver.Page (    Page.java:239) - Element is visible on the page.
14:56:29.340 INFO  driver.Page (    Page.java:123) - Clearing the element {} [[ChromeDriver: chrome on WINDOWS (92cce563c85b5691fa33820a3bba8079)] -> css selector: [id='txtpwd']] before sending the keys.
14:56:29.398 INFO  driver.Page (    Page.java:125) - Sending the following keys {} Sew@2021$! to the element {} [[ChromeDriver: chrome on WINDOWS (92cce563c85b5691fa33820a3bba8079)] -> css selector: [id='txtpwd']]
14:56:29.490 INFO  csp.AdminLoginPage (AdminLoginPage.java:56) - Password populated successfully.
14:56:29.491 INFO  driver.Page (    Page.java:59) - Preparing for element to click.
14:56:29.492 INFO  driver.Page (    Page.java:211) - Waiting for element to be clickable for 120 seconds.
14:56:29.581 INFO  driver.Page (    Page.java:214) - Element is clickable now.
14:56:40.364 INFO  driver.Page (    Page.java:62) - Element is clicked successfully.
14:56:40.364 INFO  csp.AdminLoginPage (AdminLoginPage.java:67) - SignIn Button clicked successfully.
14:56:40.365 INFO  scp.HomePage (HomePage.java:132) - Wait for page loader invisibility.
14:56:40.365 INFO  driver.Page (    Page.java:250) - Waiting for element to be invisible for 120 seconds.
14:56:40.390 INFO  driver.Page (    Page.java:253) - Element is invisible from the page.
14:56:40.395 INFO  csp.AdminHomePage (AdminHomePage.java:181) - Checking that the current page is Admin Home page.
14:56:40.395 INFO  driver.Page (    Page.java:40) - Fetching the current URL.
14:56:40.400 INFO  driver.Page (    Page.java:41) - The Current URL is: https://qa.smartcmobile.net/SCM_10.0_S-CSP/Home.aspx
14:56:40.406 INFO  driver.Page (    Page.java:46) - Fetching the current title.
14:56:40.411 INFO  driver.Page (    Page.java:47) - The Current Title is: Dashboard
14:56:40.416 INFO  csp.AdminHomePage (AdminHomePage.java:184) - The current page is Admin Home page {}: true
14:56:40.429 INFO  driver.Page (    Page.java:236) - Waiting for element to be visible for 120 seconds.
14:56:40.456 INFO  driver.Page (    Page.java:239) - Element is visible on the page.
14:56:40.456 INFO  csp.AdminHomePage (AdminHomePage.java:47) - Ways To Save Link is Visible on the page.
14:56:40.456 INFO  driver.Page (    Page.java:527) - Preparing for element to click.
14:56:46.128 INFO  driver.Page (    Page.java:534) - Element is clicked successfully.
14:56:46.129 INFO  csp.AdminHomePage (AdminHomePage.java:52) - Ways To Save Link clicked successfully.
14:56:46.129 INFO  scp.HomePage (HomePage.java:132) - Wait for page loader invisibility.
14:56:46.129 INFO  driver.Page (    Page.java:250) - Waiting for element to be invisible for 120 seconds.
14:56:46.190 INFO  driver.Page (    Page.java:253) - Element is invisible from the page.
14:56:46.191 INFO  driver.Page (    Page.java:236) - Waiting for element to be visible for 120 seconds.
14:56:46.218 INFO  driver.Page (    Page.java:239) - Element is visible on the page.
14:56:46.218 INFO  csp.WaysToSavePage (WaysToSavePage.java:1309) - Next Button is Visible on the Ways To Save page.
14:56:46.226 INFO  csp.WaysToSaveSteps (WaysToSaveSteps.java:1091) - Checking that the current page is Ways To Save page.
14:56:46.227 INFO  driver.Page (    Page.java:40) - Fetching the current URL.
14:56:46.232 INFO  driver.Page (    Page.java:41) - The Current URL is: https://qa.smartcmobile.net/SCM_10.0_S-CSP/configuration/WaysToSave.aspx
14:56:46.236 INFO  driver.Page (    Page.java:46) - Fetching the current title.
14:56:46.240 INFO  driver.Page (    Page.java:47) - The Current Title is: Ways To Save
14:56:46.245 INFO  csp.WaysToSaveSteps (WaysToSaveSteps.java:1094) - The current page is Ways To Save page {}: true
14:56:46.262 INFO  driver.Page (    Page.java:353) - Selecting the option by visible text {}: Educational Tips
14:56:46.297 INFO  driver.Page (    Page.java:355) - Selecting the given option to the web element {}: [[ChromeDriver: chrome on WINDOWS (92cce563c85b5691fa33820a3bba8079)] -> css selector: #filter]
14:56:46.356 INFO  driver.Page (    Page.java:357) - Given text is selected as the option to the given select web element.
14:56:46.357 INFO  csp.WaysToSavePage (WaysToSavePage.java:40) - Ways To Save Filter Dropdwon has been selected with the value Educational Tips
14:56:48.366 INFO  driver.Page (    Page.java:527) - Preparing for element to click.
14:56:48.418 INFO  driver.Page (    Page.java:534) - Element is clicked successfully.
14:56:48.418 INFO  csp.WaysToSavePage (WaysToSavePage.java:68) - Add Ways To Save Button on Ways To Save Dashboard Clicked successfully.
14:56:48.418 INFO  driver.Page (    Page.java:236) - Waiting for element to be visible for 120 seconds.
14:56:49.007 INFO  driver.Page (    Page.java:239) - Element is visible on the page.
14:56:49.008 INFO  csp.WaysToSavePage (WaysToSavePage.java:406) - Add Button is Visible on the Add Ways To Save Popup page.
14:56:49.008 INFO  driver.Page (    Page.java:353) - Selecting the option by visible text {}: Educational Tips
14:56:49.046 INFO  driver.Page (    Page.java:355) - Selecting the given option to the web element {}: [[ChromeDriver: chrome on WINDOWS (92cce563c85b5691fa33820a3bba8079)] -> css selector: #ddlCategory]
14:56:49.116 INFO  driver.Page (    Page.java:357) - Given text is selected as the option to the given select web element.
14:56:49.620 INFO  csp.WaysToSavePage (WaysToSavePage.java:231) - Category dropdown on Add Ways To Save Popup is selected with the value Educational Tips
14:56:49.621 INFO  driver.Page (    Page.java:353) - Selecting the option by visible text {}: Water
14:56:49.662 INFO  driver.Page (    Page.java:355) - Selecting the given option to the web element {}: [[ChromeDriver: chrome on WINDOWS (92cce563c85b5691fa33820a3bba8079)] -> css selector: #ddlServiceType]
14:56:49.759 INFO  driver.Page (    Page.java:357) - Given text is selected as the option to the given select web element.
14:56:50.268 INFO  csp.WaysToSavePage (WaysToSavePage.java:270) - MeterType dropdown on Add Ways To Save Popup is selected with the value Water
14:56:50.268 INFO  driver.Page (    Page.java:527) - Preparing for element to click.
14:56:50.293 INFO  driver.Page (    Page.java:534) - Element is clicked successfully.
14:56:50.293 INFO  csp.WaysToSavePage (WaysToSavePage.java:303) - Clicked on AccountType Dropdown on Add Ways To Save Popup
14:56:50.293 INFO  driver.Page (    Page.java:59) - Preparing for element to click.
14:56:50.293 INFO  driver.Page (    Page.java:211) - Waiting for element to be clickable for 120 seconds.
14:56:50.337 INFO  driver.Page (    Page.java:214) - Element is clickable now.
14:56:50.388 INFO  driver.Page (    Page.java:62) - Element is clicked successfully.
14:56:50.890 INFO  csp.WaysToSavePage (WaysToSavePage.java:336) - Clicked on Residential AccountType Dropdown on Add Ways To Save Popup
14:56:50.890 INFO  driver.Page (    Page.java:527) - Preparing for element to click.
14:56:50.913 INFO  driver.Page (    Page.java:534) - Element is clicked successfully.
14:56:50.914 INFO  csp.WaysToSavePage (WaysToSavePage.java:303) - Clicked on AccountType Dropdown on Add Ways To Save Popup
14:56:50.914 INFO  driver.Page (    Page.java:85) - Preparing for element to click.
14:56:50.914 INFO  driver.Page (    Page.java:236) - Waiting for element to be visible for 120 seconds.
14:56:50.942 INFO  driver.Page (    Page.java:239) - Element is visible on the page.
14:56:51.016 INFO  driver.Page (    Page.java:89) - Element is clicked successfully.
14:56:51.016 INFO  csp.WaysToSavePage (WaysToSavePage.java:450) - Internal checkbox is unchecked successfully.
14:56:51.029 INFO  driver.Page (    Page.java:121) - Wait for element {} [[ChromeDriver: chrome on WINDOWS (92cce563c85b5691fa33820a3bba8079)] -> css selector: #txtExtrnalLnks] to be present in the DOM for duration of {} 120
14:56:51.029 INFO  driver.Page (    Page.java:236) - Waiting for element to be visible for 120 seconds.
14:56:51.052 INFO  driver.Page (    Page.java:239) - Element is visible on the page.
14:56:51.060 INFO  driver.Page (    Page.java:123) - Clearing the element {} [[ChromeDriver: chrome on WINDOWS (92cce563c85b5691fa33820a3bba8079)] -> css selector: #txtExtrnalLnks] before sending the keys.
14:56:51.126 INFO  driver.Page (    Page.java:125) - Sending the following keys {} https://www.smartenergywater.com/ to the element {} [[ChromeDriver: chrome on WINDOWS (92cce563c85b5691fa33820a3bba8079)] -> css selector: #txtExtrnalLnks]
14:56:51.271 INFO  csp.WaysToSavePage (WaysToSavePage.java:484) - External Link TextBox populated successfully with Value https://www.smartenergywater.com/
14:56:51.292 INFO  driver.Page (    Page.java:121) - Wait for element {} [[ChromeDriver: chrome on WINDOWS (92cce563c85b5691fa33820a3bba8079)] -> css selector: #txtQuestionEN] to be present in the DOM for duration of {} 120
14:56:51.292 INFO  driver.Page (    Page.java:236) - Waiting for element to be visible for 120 seconds.
14:56:51.323 INFO  driver.Page (    Page.java:239) - Element is visible on the page.
14:56:51.335 INFO  driver.Page (    Page.java:123) - Clearing the element {} [[ChromeDriver: chrome on WINDOWS (92cce563c85b5691fa33820a3bba8079)] -> css selector: #txtQuestionEN] before sending the keys.
14:56:51.394 INFO  driver.Page (    Page.java:125) - Sending the following keys {} EducationalTipsTopic 25772 to the element {} [[ChromeDriver: chrome on WINDOWS (92cce563c85b5691fa33820a3bba8079)] -> css selector: #txtQuestionEN]
14:56:51.523 INFO  csp.WaysToSavePage (WaysToSavePage.java:1107) - Topic Name English TextBox populated successfully with Value EducationalTipsTopic 25772
14:56:51.551 INFO  driver.Page (    Page.java:121) - Wait for element {} [[ChromeDriver: chrome on WINDOWS (92cce563c85b5691fa33820a3bba8079)] -> xpath: //div[@id='summernoteEnglish']/following::div[1]/div[@class='note-editing-area']/div[@class='note-editable']] to be present in the DOM for duration of {} 120
14:56:51.552 INFO  driver.Page (    Page.java:236) - Waiting for element to be visible for 120 seconds.
14:56:51.589 INFO  driver.Page (    Page.java:239) - Element is visible on the page.
14:56:51.602 INFO  driver.Page (    Page.java:123) - Clearing the element {} [[ChromeDriver: chrome on WINDOWS (92cce563c85b5691fa33820a3bba8079)] -> xpath: //div[@id='summernoteEnglish']/following::div[1]/div[@class='note-editing-area']/div[@class='note-editable']] before sending the keys.
14:56:51.659 INFO  driver.Page (    Page.java:125) - Sending the following keys {} EducationalTipsDescription 48282 to the element {} [[ChromeDriver: chrome on WINDOWS (92cce563c85b5691fa33820a3bba8079)] -> xpath: //div[@id='summernoteEnglish']/following::div[1]/div[@class='note-editing-area']/div[@class='note-editable']]
14:56:52.154 INFO  csp.WaysToSavePage (WaysToSavePage.java:1132) - Description English TextBox populated successfully with Value EducationalTipsDescription 48282
14:56:52.197 INFO  driver.Page (    Page.java:130) - Wait for element {} [[ChromeDriver: chrome on WINDOWS (92cce563c85b5691fa33820a3bba8079)] -> css selector: #fileUpload] to be present in the DOM for duration of {} 120
14:56:52.197 INFO  driver.Page (    Page.java:131) - Clearing the element {} [[ChromeDriver: chrome on WINDOWS (92cce563c85b5691fa33820a3bba8079)] -> css selector: #fileUpload] before sending the keys.
14:56:52.240 INFO  driver.Page (    Page.java:133) - Sending the following keys {} C:\Users\kragavendr001\Desktop\SEW\SCMBase10sUIWorkspace\SCM10SFunctionalTests\src\test\resources\uploads\Test.jpg to the element {} [[ChromeDriver: chrome on WINDOWS (92cce563c85b5691fa33820a3bba8079)] -> css selector: #fileUpload]
14:56:52.271 INFO  csp.WaysToSavePage (WaysToSavePage.java:387) - Choose File Button added successfully with File Value C:\Users\kragavendr001\Desktop\SEW\SCMBase10sUIWorkspace\SCM10SFunctionalTests\src\test\resources\uploads\Test.jpg
14:56:52.271 INFO  driver.Page (    Page.java:527) - Preparing for element to click.
14:56:54.167 INFO  driver.Page (    Page.java:534) - Element is clicked successfully.
14:56:54.168 INFO  csp.WaysToSavePage (WaysToSavePage.java:416) - Add Button on Add Ways To Save Popup clicked successfully.
14:57:01.470 INFO  driver.Page (    Page.java:161) - Text got from the locator {} [[ChromeDriver: chrome on WINDOWS (92cce563c85b5691fa33820a3bba8079)] -> css selector: #toast-container .toast-message] is A new Educational Tip added successfully
14:57:01.487 INFO  scp.HomePage (HomePage.java:167) - Label on toast message {}: A new Educational Tip added successfully
14:57:01.488 INFO  scp.HomePage (HomePage.java:146) - Wait for toast message invisibility.
14:57:01.488 INFO  driver.Page (    Page.java:250) - Waiting for element to be invisible for 120 seconds.
14:57:07.625 INFO  driver.Page (    Page.java:253) - Element is invisible from the page.
14:57:07.630 INFO  csp.WaysToSaveTests (WaysToSaveTests.java:1153) - Test Case execution for - verifyExternalLinkEfficiency - is Completed.
14:57:22.975 INFO  driver.DriverFactory (DriverFactory.java:122) - Clearing all the cookies.
