20:39:51.191 INFO  driver.Page (    Page.java:257) - Waiting for element to be visible for 120 seconds.
20:39:51.303 INFO  driver.Page (    Page.java:260) - Element is visible on the page.
20:39:51.330 INFO  driver.Page (    Page.java:131) - Clearing the element {} [[ChromeDriver: chrome on WINDOWS (91ae1045250d4a3d6b349417e1879d72)] -> css selector: input[mappingname='Password']:not([style='display:none;']] before sending the keys.
20:39:51.426 INFO  driver.Page (    Page.java:133) - Sending the following keys {} Demo@123 to the element {} [[ChromeDriver: chrome on WINDOWS (91ae1045250d4a3d6b349417e1879d72)] -> css selector: input[mappingname='Password']:not([style='display:none;']]
20:39:51.653 INFO  scp.RegistrationUGIPage (RegistrationUGIPage.java:250) - Password populated successfully.
20:39:51.654 INFO  scp.RegistrationUGIPage (RegistrationUGIPage.java:275) - Populating Cinfirm Password {} :Demo@123
20:39:51.685 INFO  driver.Page (    Page.java:129) - Wait for element {} [[ChromeDriver: chrome on WINDOWS (91ae1045250d4a3d6b349417e1879d72)] -> css selector: input[mappingname='ConfirmPassword']:not([style='display:none;'])] to be present in the DOM for duration of {} 120
20:39:51.686 INFO  driver.Page (    Page.java:257) - Waiting for element to be visible for 120 seconds.
20:39:51.764 INFO  driver.Page (    Page.java:260) - Element is visible on the page.
20:39:51.785 INFO  driver.Page (    Page.java:131) - Clearing the element {} [[ChromeDriver: chrome on WINDOWS (91ae1045250d4a3d6b349417e1879d72)] -> css selector: input[mappingname='ConfirmPassword']:not([style='display:none;'])] before sending the keys.
20:39:51.875 INFO  driver.Page (    Page.java:133) - Sending the following keys {} Demo@123 to the element {} [[ChromeDriver: chrome on WINDOWS (91ae1045250d4a3d6b349417e1879d72)] -> css selector: input[mappingname='ConfirmPassword']:not([style='display:none;'])]
20:39:52.017 INFO  scp.RegistrationUGIPage (RegistrationUGIPage.java:277) - Confirm Password populated successfully.
20:40:16.282 INFO  scp.RegistrationUGISteps (RegistrationUGISteps.java:102) - feedback popup not displayed
20:40:16.283 INFO  scp.RegistrationUGIPage (RegistrationUGIPage.java:296) - Populating UtilityAccountNumber {} :421002206888
20:40:16.301 INFO  driver.Page (    Page.java:129) - Wait for element {} [[ChromeDriver: chrome on WINDOWS (91ae1045250d4a3d6b349417e1879d72)] -> id: txt_4] to be present in the DOM for duration of {} 120
20:40:16.302 INFO  driver.Page (    Page.java:257) - Waiting for element to be visible for 120 seconds.
20:40:16.347 INFO  driver.Page (    Page.java:260) - Element is visible on the page.
20:40:16.367 INFO  driver.Page (    Page.java:131) - Clearing the element {} [[ChromeDriver: chrome on WINDOWS (91ae1045250d4a3d6b349417e1879d72)] -> id: txt_4] before sending the keys.
20:40:16.452 INFO  driver.Page (    Page.java:133) - Sending the following keys {} 421002206888 to the element {} [[ChromeDriver: chrome on WINDOWS (91ae1045250d4a3d6b349417e1879d72)] -> id: txt_4]
20:40:16.630 INFO  scp.RegistrationUGIPage (RegistrationUGIPage.java:298) - UtilityAccountNumber populated successfully.
20:40:16.631 INFO  scp.RegistrationUGIPage (RegistrationUGIPage.java:395) - Populating SSN Number {} :421002206888@yopmail.com
20:40:16.657 INFO  driver.Page (    Page.java:129) - Wait for element {} [[ChromeDriver: chrome on WINDOWS (91ae1045250d4a3d6b349417e1879d72)] -> css selector: input[mappingname = 'EmailID']] to be present in the DOM for duration of {} 120
20:40:16.657 INFO  driver.Page (    Page.java:257) - Waiting for element to be visible for 120 seconds.
20:40:16.715 INFO  driver.Page (    Page.java:260) - Element is visible on the page.
20:40:16.733 INFO  driver.Page (    Page.java:131) - Clearing the element {} [[ChromeDriver: chrome on WINDOWS (91ae1045250d4a3d6b349417e1879d72)] -> css selector: input[mappingname = 'EmailID']] before sending the keys.
20:40:16.860 INFO  driver.Page (    Page.java:133) - Sending the following keys {} 421002206888@yopmail.com to the element {} [[ChromeDriver: chrome on WINDOWS (91ae1045250d4a3d6b349417e1879d72)] -> css selector: input[mappingname = 'EmailID']]
20:40:17.050 INFO  scp.RegistrationUGIPage (RegistrationUGIPage.java:397) - Email Id populated successfully.
20:40:17.051 INFO  scp.RegistrationUGIPage (RegistrationUGIPage.java:187) - Populating Postal Code {} :19619
20:40:17.069 INFO  driver.Page (    Page.java:129) - Wait for element {} [[ChromeDriver: chrome on WINDOWS (91ae1045250d4a3d6b349417e1879d72)] -> css selector: input[mappingname='PostalCode']] to be present in the DOM for duration of {} 120
20:40:17.070 INFO  driver.Page (    Page.java:257) - Waiting for element to be visible for 120 seconds.
20:40:17.117 INFO  driver.Page (    Page.java:260) - Element is visible on the page.
20:40:17.137 INFO  driver.Page (    Page.java:131) - Clearing the element {} [[ChromeDriver: chrome on WINDOWS (91ae1045250d4a3d6b349417e1879d72)] -> css selector: input[mappingname='PostalCode']] before sending the keys.
20:40:17.227 INFO  driver.Page (    Page.java:133) - Sending the following keys {} 19619 to the element {} [[ChromeDriver: chrome on WINDOWS (91ae1045250d4a3d6b349417e1879d72)] -> css selector: input[mappingname='PostalCode']]
20:40:17.367 INFO  scp.RegistrationUGIPage (RegistrationUGIPage.java:189) - Postal Code populated successfully.
20:40:17.413 INFO  driver.Page (    Page.java:569) - Preparing for element to click.
20:40:17.463 INFO  driver.Page (    Page.java:576) - Element is clicked successfully.
20:40:17.463 INFO  scp.RegistrationUGIPage (RegistrationUGIPage.java:641) - Next Button clicked successfully.
20:40:17.464 INFO  scp.HomePage (HomePage.java:194) - Wait for Spinner Loading Image invisibility.
20:40:17.464 INFO  driver.Page (    Page.java:271) - Waiting for element to be invisible for 120 seconds.
20:40:20.019 INFO  driver.Page (    Page.java:274) - Element is invisible from the page.
20:40:20.020 INFO  scp.RegistrationUGIPage (RegistrationUGIPage.java:414) - Checking the visibility of Mobile Number on the page.
20:40:20.068 INFO  scp.RegistrationUGIPage (RegistrationUGIPage.java:415) - Mobile Number visibility status : false
20:40:25.575 INFO  scp.RegistrationUGISteps (RegistrationUGISteps.java:102) - feedback popup not displayed
20:40:25.576 INFO  scp.RegistrationUGIPage (RegistrationUGIPage.java:296) - Populating UtilityAccountNumber {} :421002200000
20:40:25.596 INFO  driver.Page (    Page.java:129) - Wait for element {} [[ChromeDriver: chrome on WINDOWS (91ae1045250d4a3d6b349417e1879d72)] -> id: txt_4] to be present in the DOM for duration of {} 120
20:40:25.596 INFO  driver.Page (    Page.java:257) - Waiting for element to be visible for 120 seconds.
20:40:25.640 INFO  driver.Page (    Page.java:260) - Element is visible on the page.
20:40:25.659 INFO  driver.Page (    Page.java:131) - Clearing the element {} [[ChromeDriver: chrome on WINDOWS (91ae1045250d4a3d6b349417e1879d72)] -> id: txt_4] before sending the keys.
20:40:25.775 INFO  driver.Page (    Page.java:133) - Sending the following keys {} 421002200000 to the element {} [[ChromeDriver: chrome on WINDOWS (91ae1045250d4a3d6b349417e1879d72)] -> id: txt_4]
20:40:25.939 INFO  scp.RegistrationUGIPage (RegistrationUGIPage.java:298) - UtilityAccountNumber populated successfully.
20:40:25.940 INFO  scp.RegistrationUGIPage (RegistrationUGIPage.java:395) - Populating SSN Number {} :421002200000@yopmail.com
20:40:25.964 INFO  driver.Page (    Page.java:129) - Wait for element {} [[ChromeDriver: chrome on WINDOWS (91ae1045250d4a3d6b349417e1879d72)] -> css selector: input[mappingname = 'EmailID']] to be present in the DOM for duration of {} 120
20:40:25.965 INFO  driver.Page (    Page.java:257) - Waiting for element to be visible for 120 seconds.
20:40:26.016 INFO  driver.Page (    Page.java:260) - Element is visible on the page.
20:40:26.035 INFO  driver.Page (    Page.java:131) - Clearing the element {} [[ChromeDriver: chrome on WINDOWS (91ae1045250d4a3d6b349417e1879d72)] -> css selector: input[mappingname = 'EmailID']] before sending the keys.
20:40:26.139 INFO  driver.Page (    Page.java:133) - Sending the following keys {} 421002200000@yopmail.com to the element {} [[ChromeDriver: chrome on WINDOWS (91ae1045250d4a3d6b349417e1879d72)] -> css selector: input[mappingname = 'EmailID']]
20:40:26.311 INFO  scp.RegistrationUGIPage (RegistrationUGIPage.java:397) - Email Id populated successfully.
20:40:26.312 INFO  scp.RegistrationUGIPage (RegistrationUGIPage.java:187) - Populating Postal Code {} :19619
20:40:26.340 INFO  driver.Page (    Page.java:129) - Wait for element {} [[ChromeDriver: chrome on WINDOWS (91ae1045250d4a3d6b349417e1879d72)] -> css selector: input[mappingname='PostalCode']] to be present in the DOM for duration of {} 120
20:40:26.342 INFO  driver.Page (    Page.java:257) - Waiting for element to be visible for 120 seconds.
20:40:26.388 INFO  driver.Page (    Page.java:260) - Element is visible on the page.
20:40:26.409 INFO  driver.Page (    Page.java:131) - Clearing the element {} [[ChromeDriver: chrome on WINDOWS (91ae1045250d4a3d6b349417e1879d72)] -> css selector: input[mappingname='PostalCode']] before sending the keys.
20:40:26.511 INFO  driver.Page (    Page.java:133) - Sending the following keys {} 19619 to the element {} [[ChromeDriver: chrome on WINDOWS (91ae1045250d4a3d6b349417e1879d72)] -> css selector: input[mappingname='PostalCode']]
20:40:26.633 INFO  scp.RegistrationUGIPage (RegistrationUGIPage.java:189) - Postal Code populated successfully.
20:40:26.670 INFO  driver.Page (    Page.java:569) - Preparing for element to click.
20:40:26.723 INFO  driver.Page (    Page.java:576) - Element is clicked successfully.
20:40:26.723 INFO  scp.RegistrationUGIPage (RegistrationUGIPage.java:641) - Next Button clicked successfully.
20:40:26.723 INFO  scp.HomePage (HomePage.java:194) - Wait for Spinner Loading Image invisibility.
20:40:26.724 INFO  driver.Page (    Page.java:271) - Waiting for element to be invisible for 120 seconds.
20:40:34.761 INFO  driver.Page (    Page.java:274) - Element is invisible from the page.
20:40:34.762 INFO  scp.RegistrationUGIPage (RegistrationUGIPage.java:414) - Checking the visibility of Mobile Number on the page.
20:40:34.806 INFO  scp.RegistrationUGIPage (RegistrationUGIPage.java:415) - Mobile Number visibility status : false
20:40:36.429 INFO  driver.DriverFactory (DriverFactory.java:125) - Clearing all the cookies.
20:44:33.640 INFO  runner.TestRunner (TestRunner.java:32) - Initializing application properties config file.
20:44:33.645 INFO  runner.TestRunner (TestRunner.java:35) - Initializing connection to the base database.
20:44:33.645 INFO  runner.TestRunner (TestRunner.java:38) - Initializing resource path config file.
20:44:33.645 INFO  runner.TestRunner (TestRunner.java:41) - Initializing usage months config from CSP.
20:44:33.647 INFO  runner.TestRunner (TestRunner.java:44) - Initializing date config from CSP.
20:44:33.647 INFO  runner.TestRunner (TestRunner.java:47) - Initializing language config from CSP.
20:44:33.648 INFO  runner.TestRunner (TestRunner.java:50) - Initializing language config from CSP.
20:44:33.649 INFO  runner.TestRunner (TestRunner.java:53) - Initializing language config from CSP.
20:44:33.649 INFO  runner.TestRunner (TestRunner.java:56) - Initializing user model config.
20:44:33.649 INFO  runner.TestRunner (TestRunner.java:59) - Initializing auth token config.
20:44:33.649 INFO  runner.TestRunner (TestRunner.java:62) - Initializing Admin User config.
20:44:34.775 INFO  utils.ExcelUtils (ExcelUtils.java:41) - Test Runner excel row at: 1
20:44:34.788 INFO  utils.ExcelUtils (ExcelUtils.java:41) - Test Runner excel row at: 2
20:44:34.790 INFO  utils.ExcelUtils (ExcelUtils.java:41) - Test Runner excel row at: 3
20:44:34.791 INFO  utils.ExcelUtils (ExcelUtils.java:41) - Test Runner excel row at: 4
20:44:34.792 INFO  utils.ExcelUtils (ExcelUtils.java:41) - Test Runner excel row at: 5
20:44:34.793 INFO  utils.ExcelUtils (ExcelUtils.java:41) - Test Runner excel row at: 6
20:44:34.794 INFO  utils.ExcelUtils (ExcelUtils.java:41) - Test Runner excel row at: 7
20:44:34.795 INFO  utils.ExcelUtils (ExcelUtils.java:41) - Test Runner excel row at: 8
20:44:34.796 INFO  utils.ExcelUtils (ExcelUtils.java:41) - Test Runner excel row at: 9
20:44:34.800 INFO  utils.ExcelUtils (ExcelUtils.java:41) - Test Runner excel row at: 10
20:44:34.801 INFO  utils.ExcelUtils (ExcelUtils.java:41) - Test Runner excel row at: 11
20:44:34.802 INFO  utils.ExcelUtils (ExcelUtils.java:41) - Test Runner excel row at: 12
20:44:34.803 INFO  utils.ExcelUtils (ExcelUtils.java:41) - Test Runner excel row at: 13
20:44:34.804 INFO  utils.ExcelUtils (ExcelUtils.java:41) - Test Runner excel row at: 14
20:44:34.805 INFO  utils.ExcelUtils (ExcelUtils.java:41) - Test Runner excel row at: 15
20:44:34.806 INFO  utils.ExcelUtils (ExcelUtils.java:41) - Test Runner excel row at: 16
20:44:34.807 INFO  utils.ExcelUtils (ExcelUtils.java:41) - Test Runner excel row at: 17
20:44:34.808 INFO  utils.ExcelUtils (ExcelUtils.java:41) - Test Runner excel row at: 18
20:44:34.808 INFO  utils.ExcelUtils (ExcelUtils.java:41) - Test Runner excel row at: 19
20:44:34.809 INFO  utils.ExcelUtils (ExcelUtils.java:41) - Test Runner excel row at: 20
20:44:34.810 INFO  utils.ExcelUtils (ExcelUtils.java:41) - Test Runner excel row at: 21
20:44:34.811 INFO  utils.ExcelUtils (ExcelUtils.java:41) - Test Runner excel row at: 22
20:44:34.812 INFO  utils.ExcelUtils (ExcelUtils.java:41) - Test Runner excel row at: 23
20:44:34.813 INFO  utils.ExcelUtils (ExcelUtils.java:41) - Test Runner excel row at: 24
20:44:34.814 INFO  utils.ExcelUtils (ExcelUtils.java:41) - Test Runner excel row at: 25
20:44:34.815 INFO  utils.ExcelUtils (ExcelUtils.java:41) - Test Runner excel row at: 26
20:44:34.816 INFO  utils.ExcelUtils (ExcelUtils.java:41) - Test Runner excel row at: 27
20:44:34.817 INFO  utils.ExcelUtils (ExcelUtils.java:41) - Test Runner excel row at: 28
20:44:34.818 INFO  utils.ExcelUtils (ExcelUtils.java:41) - Test Runner excel row at: 29
20:44:34.819 INFO  utils.ExcelUtils (ExcelUtils.java:41) - Test Runner excel row at: 30
20:44:34.820 INFO  utils.ExcelUtils (ExcelUtils.java:41) - Test Runner excel row at: 31
20:44:34.821 INFO  utils.ExcelUtils (ExcelUtils.java:41) - Test Runner excel row at: 32
20:44:34.822 INFO  utils.ExcelUtils (ExcelUtils.java:41) - Test Runner excel row at: 33
20:44:34.823 INFO  utils.ExcelUtils (ExcelUtils.java:41) - Test Runner excel row at: 34
20:44:34.824 INFO  utils.ExcelUtils (ExcelUtils.java:41) - Test Runner excel row at: 35
20:44:34.826 INFO  utils.ExcelUtils (ExcelUtils.java:41) - Test Runner excel row at: 36
20:44:34.826 INFO  utils.ExcelUtils (ExcelUtils.java:41) - Test Runner excel row at: 37
20:44:34.828 INFO  utils.ExcelUtils (ExcelUtils.java:41) - Test Runner excel row at: 38
20:44:34.829 INFO  utils.ExcelUtils (ExcelUtils.java:41) - Test Runner excel row at: 39
20:44:34.831 INFO  utils.ExcelUtils (ExcelUtils.java:41) - Test Runner excel row at: 40
20:44:34.833 INFO  utils.ExcelUtils (ExcelUtils.java:41) - Test Runner excel row at: 41
20:44:34.835 INFO  utils.ExcelUtils (ExcelUtils.java:41) - Test Runner excel row at: 42
20:44:34.835 INFO  utils.ExcelUtils (ExcelUtils.java:41) - Test Runner excel row at: 43
20:44:34.836 INFO  utils.ExcelUtils (ExcelUtils.java:41) - Test Runner excel row at: 44
20:44:34.837 INFO  utils.ExcelUtils (ExcelUtils.java:41) - Test Runner excel row at: 45
20:44:34.838 INFO  utils.ExcelUtils (ExcelUtils.java:41) - Test Runner excel row at: 46
20:44:34.839 INFO  utils.ExcelUtils (ExcelUtils.java:41) - Test Runner excel row at: 47
20:44:34.840 INFO  utils.ExcelUtils (ExcelUtils.java:41) - Test Runner excel row at: 48
20:44:34.841 INFO  utils.ExcelUtils (ExcelUtils.java:41) - Test Runner excel row at: 49
20:44:34.841 INFO  utils.ExcelUtils (ExcelUtils.java:41) - Test Runner excel row at: 50
20:44:34.842 INFO  utils.ExcelUtils (ExcelUtils.java:41) - Test Runner excel row at: 51
20:44:34.843 INFO  utils.ExcelUtils (ExcelUtils.java:41) - Test Runner excel row at: 52
20:44:34.844 INFO  utils.ExcelUtils (ExcelUtils.java:41) - Test Runner excel row at: 53
20:44:34.844 INFO  utils.ExcelUtils (ExcelUtils.java:41) - Test Runner excel row at: 54
20:44:34.848 INFO  utils.ExcelUtils (ExcelUtils.java:41) - Test Runner excel row at: 55
20:44:34.849 INFO  utils.ExcelUtils (ExcelUtils.java:41) - Test Runner excel row at: 56
20:44:34.850 INFO  utils.ExcelUtils (ExcelUtils.java:41) - Test Runner excel row at: 57
20:44:34.851 INFO  utils.ExcelUtils (ExcelUtils.java:41) - Test Runner excel row at: 58
20:44:34.852 INFO  utils.ExcelUtils (ExcelUtils.java:41) - Test Runner excel row at: 59
20:44:34.853 INFO  utils.ExcelUtils (ExcelUtils.java:41) - Test Runner excel row at: 60
20:44:34.853 INFO  utils.ExcelUtils (ExcelUtils.java:41) - Test Runner excel row at: 61
20:44:34.854 INFO  utils.ExcelUtils (ExcelUtils.java:41) - Test Runner excel row at: 62
20:44:34.855 INFO  utils.ExcelUtils (ExcelUtils.java:41) - Test Runner excel row at: 63
20:44:34.856 INFO  utils.ExcelUtils (ExcelUtils.java:41) - Test Runner excel row at: 64
20:44:34.857 INFO  utils.ExcelUtils (ExcelUtils.java:41) - Test Runner excel row at: 65
20:44:34.858 INFO  utils.ExcelUtils (ExcelUtils.java:41) - Test Runner excel row at: 66
20:44:34.859 INFO  utils.ExcelUtils (ExcelUtils.java:41) - Test Runner excel row at: 67
20:44:34.862 INFO  utils.ExcelUtils (ExcelUtils.java:41) - Test Runner excel row at: 68
20:44:34.865 INFO  utils.ExcelUtils (ExcelUtils.java:41) - Test Runner excel row at: 69
20:44:34.868 INFO  utils.ExcelUtils (ExcelUtils.java:41) - Test Runner excel row at: 70
20:44:34.871 INFO  utils.ExcelUtils (ExcelUtils.java:41) - Test Runner excel row at: 71
20:44:34.874 INFO  utils.ExcelUtils (ExcelUtils.java:41) - Test Runner excel row at: 72
20:44:34.875 INFO  utils.ExcelUtils (ExcelUtils.java:41) - Test Runner excel row at: 73
20:44:34.876 INFO  utils.ExcelUtils (ExcelUtils.java:41) - Test Runner excel row at: 74
20:44:34.879 INFO  utils.ExcelUtils (ExcelUtils.java:41) - Test Runner excel row at: 75
20:44:34.884 INFO  utils.ExcelUtils (ExcelUtils.java:41) - Test Runner excel row at: 76
20:44:34.885 INFO  utils.ExcelUtils (ExcelUtils.java:41) - Test Runner excel row at: 77
20:44:34.886 INFO  utils.ExcelUtils (ExcelUtils.java:41) - Test Runner excel row at: 78
20:44:34.888 INFO  utils.ExcelUtils (ExcelUtils.java:41) - Test Runner excel row at: 79
20:44:34.889 INFO  utils.ExcelUtils (ExcelUtils.java:41) - Test Runner excel row at: 80
20:44:34.890 INFO  utils.ExcelUtils (ExcelUtils.java:41) - Test Runner excel row at: 81
20:44:34.890 INFO  utils.ExcelUtils (ExcelUtils.java:41) - Test Runner excel row at: 82
20:44:34.892 INFO  utils.ExcelUtils (ExcelUtils.java:41) - Test Runner excel row at: 83
20:44:34.893 INFO  utils.ExcelUtils (ExcelUtils.java:41) - Test Runner excel row at: 84
20:44:34.896 INFO  utils.ExcelUtils (ExcelUtils.java:41) - Test Runner excel row at: 85
20:44:34.898 INFO  utils.ExcelUtils (ExcelUtils.java:41) - Test Runner excel row at: 86
20:44:34.901 INFO  utils.ExcelUtils (ExcelUtils.java:41) - Test Runner excel row at: 87
20:44:34.902 INFO  utils.ExcelUtils (ExcelUtils.java:41) - Test Runner excel row at: 88
20:44:34.902 INFO  utils.ExcelUtils (ExcelUtils.java:41) - Test Runner excel row at: 89
20:44:34.904 INFO  utils.ExcelUtils (ExcelUtils.java:41) - Test Runner excel row at: 90
20:44:34.904 INFO  utils.ExcelUtils (ExcelUtils.java:41) - Test Runner excel row at: 91
20:44:35.405 WARN  config.Configuration (Configuration.java:231) - QA env being used by default. No env property set. This can be set in the sew.app.yml config file with a '{}=' property or on the command line with the switch '-D{}='.
20:44:40.511 INFO  driver.WebDriverFactory (WebDriverFactory.java:192) - Setting up the browser window to its max.
20:44:40.667 INFO  driver.WebDriverFactory (WebDriverFactory.java:181) - Initializing the implicit wait timeout for {} 5
20:44:40.680 INFO  driver.WebDriverFactory (WebDriverFactory.java:184) - Initializing the page load timeout.
20:44:40.692 INFO  driver.DriverFactory (DriverFactory.java:125) - Clearing all the cookies.
20:44:40.711 INFO  driver.DriverFactory (DriverFactory.java:62) - Open the url {} https://u-ugi10s.smartcmobile.net/ using the selenium get() method.
20:45:08.432 INFO  scp.RegistrationUGITests (RegistrationUGITests.java:26) - Test Case execution for - verifyCustomerRegistrationPage - is Initiated
20:45:08.974 INFO  driver.Page (    Page.java:51) - Preparing for element to click.
20:45:08.975 INFO  driver.Page (    Page.java:225) - Waiting for element to be clickable for 120 seconds.
20:45:09.100 INFO  driver.Page (    Page.java:228) - Element is clickable now.
20:45:09.101 INFO  driver.Page (    Page.java:215) - Returning web element for by type locator : By.cssSelector: #btnResidentialType
20:45:30.117 INFO  driver.Page (    Page.java:54) - Element is clicked successfully.
20:45:30.117 INFO  scp.HomePage (HomePage.java:194) - Wait for Spinner Loading Image invisibility.
20:45:30.118 INFO  driver.Page (    Page.java:271) - Waiting for element to be invisible for 120 seconds.
20:45:35.165 INFO  driver.Page (    Page.java:274) - Element is invisible from the page.
20:45:40.229 INFO  scp.RegistrationUGISteps (RegistrationUGISteps.java:83) - feedback popup not displayed
20:45:45.409 INFO  scp.RegistrationUGISteps (RegistrationUGISteps.java:102) - feedback popup not displayed
20:45:45.410 INFO  scp.RegistrationUGIPage (RegistrationUGIPage.java:296) - Populating UtilityAccountNumber {} :421002216115
20:45:45.435 INFO  driver.Page (    Page.java:129) - Wait for element {} [[ChromeDriver: chrome on WINDOWS (c19566df73b483f8b89eb0c452955484)] -> id: txt_4] to be present in the DOM for duration of {} 120
20:45:45.436 INFO  driver.Page (    Page.java:257) - Waiting for element to be visible for 120 seconds.
20:45:45.504 INFO  driver.Page (    Page.java:260) - Element is visible on the page.
20:45:45.526 INFO  driver.Page (    Page.java:131) - Clearing the element {} [[ChromeDriver: chrome on WINDOWS (c19566df73b483f8b89eb0c452955484)] -> id: txt_4] before sending the keys.
20:45:45.636 INFO  driver.Page (    Page.java:133) - Sending the following keys {} 421002216115 to the element {} [[ChromeDriver: chrome on WINDOWS (c19566df73b483f8b89eb0c452955484)] -> id: txt_4]
20:45:45.821 INFO  scp.RegistrationUGIPage (RegistrationUGIPage.java:298) - UtilityAccountNumber populated successfully.
20:45:45.823 INFO  scp.RegistrationUGIPage (RegistrationUGIPage.java:395) - Populating SSN Number {} :421002216115@yopmail.com
20:45:45.851 INFO  driver.Page (    Page.java:129) - Wait for element {} [[ChromeDriver: chrome on WINDOWS (c19566df73b483f8b89eb0c452955484)] -> css selector: input[mappingname = 'EmailID']] to be present in the DOM for duration of {} 120
20:45:45.851 INFO  driver.Page (    Page.java:257) - Waiting for element to be visible for 120 seconds.
20:45:45.922 INFO  driver.Page (    Page.java:260) - Element is visible on the page.
20:45:45.946 INFO  driver.Page (    Page.java:131) - Clearing the element {} [[ChromeDriver: chrome on WINDOWS (c19566df73b483f8b89eb0c452955484)] -> css selector: input[mappingname = 'EmailID']] before sending the keys.
20:45:46.053 INFO  driver.Page (    Page.java:133) - Sending the following keys {} 421002216115@yopmail.com to the element {} [[ChromeDriver: chrome on WINDOWS (c19566df73b483f8b89eb0c452955484)] -> css selector: input[mappingname = 'EmailID']]
20:45:46.289 INFO  scp.RegistrationUGIPage (RegistrationUGIPage.java:397) - Email Id populated successfully.
20:45:46.291 INFO  scp.RegistrationUGIPage (RegistrationUGIPage.java:187) - Populating Postal Code {} :19610
20:45:46.318 INFO  driver.Page (    Page.java:129) - Wait for element {} [[ChromeDriver: chrome on WINDOWS (c19566df73b483f8b89eb0c452955484)] -> css selector: input[mappingname='PostalCode']] to be present in the DOM for duration of {} 120
20:45:46.319 INFO  driver.Page (    Page.java:257) - Waiting for element to be visible for 120 seconds.
20:45:46.374 INFO  driver.Page (    Page.java:260) - Element is visible on the page.
20:45:46.394 INFO  driver.Page (    Page.java:131) - Clearing the element {} [[ChromeDriver: chrome on WINDOWS (c19566df73b483f8b89eb0c452955484)] -> css selector: input[mappingname='PostalCode']] before sending the keys.
20:45:46.491 INFO  driver.Page (    Page.java:133) - Sending the following keys {} 19610 to the element {} [[ChromeDriver: chrome on WINDOWS (c19566df73b483f8b89eb0c452955484)] -> css selector: input[mappingname='PostalCode']]
20:45:46.629 INFO  scp.RegistrationUGIPage (RegistrationUGIPage.java:189) - Postal Code populated successfully.
20:45:46.681 INFO  driver.Page (    Page.java:569) - Preparing for element to click.
20:45:46.782 INFO  driver.Page (    Page.java:576) - Element is clicked successfully.
20:45:46.785 INFO  scp.RegistrationUGIPage (RegistrationUGIPage.java:641) - Next Button clicked successfully.
20:45:46.787 INFO  scp.HomePage (HomePage.java:194) - Wait for Spinner Loading Image invisibility.
20:45:46.787 INFO  driver.Page (    Page.java:271) - Waiting for element to be invisible for 120 seconds.
20:45:55.162 INFO  driver.Page (    Page.java:274) - Element is invisible from the page.
20:45:55.162 INFO  scp.RegistrationUGIPage (RegistrationUGIPage.java:414) - Checking the visibility of Mobile Number on the page.
20:45:55.236 INFO  driver.Page (    Page.java:305) - Element {} : [[ChromeDriver: chrome on WINDOWS (c19566df73b483f8b89eb0c452955484)] -> css selector: input[mappingname='MobileNumber']] is visible on the page.
20:45:55.237 INFO  scp.RegistrationUGIPage (RegistrationUGIPage.java:415) - Mobile Number visibility status : true
20:45:55.303 INFO  driver.Page (    Page.java:305) - Element {} : [[ChromeDriver: chrome on WINDOWS (c19566df73b483f8b89eb0c452955484)] -> css selector: input[mappingname='MobileNumber']] is visible on the page.
20:45:55.337 INFO  scp.RegistrationUGIPage (RegistrationUGIPage.java:425) - Populating MOBILE Number {} :(123) 456-7890
20:45:55.356 INFO  driver.Page (    Page.java:129) - Wait for element {} [[ChromeDriver: chrome on WINDOWS (c19566df73b483f8b89eb0c452955484)] -> css selector: input[mappingname='MobileNumber']] to be present in the DOM for duration of {} 120
20:45:55.357 INFO  driver.Page (    Page.java:257) - Waiting for element to be visible for 120 seconds.
20:45:55.422 INFO  driver.Page (    Page.java:260) - Element is visible on the page.
20:45:55.443 INFO  driver.Page (    Page.java:131) - Clearing the element {} [[ChromeDriver: chrome on WINDOWS (c19566df73b483f8b89eb0c452955484)] -> css selector: input[mappingname='MobileNumber']] before sending the keys.
20:45:55.528 INFO  driver.Page (    Page.java:133) - Sending the following keys {} (123) 456-7890 to the element {} [[ChromeDriver: chrome on WINDOWS (c19566df73b483f8b89eb0c452955484)] -> css selector: input[mappingname='MobileNumber']]
20:45:55.679 INFO  scp.RegistrationUGIPage (RegistrationUGIPage.java:427) - MOBILE NUMBER populated successfully.
20:45:55.680 INFO  scp.RegistrationUGIPage (RegistrationUGIPage.java:1098) - Populating UserId {} :421002216115_UAT
20:45:55.709 INFO  driver.Page (    Page.java:129) - Wait for element {} [[ChromeDriver: chrome on WINDOWS (c19566df73b483f8b89eb0c452955484)] -> css selector: #txt_95] to be present in the DOM for duration of {} 120
20:45:55.709 INFO  driver.Page (    Page.java:257) - Waiting for element to be visible for 120 seconds.
20:45:55.760 INFO  driver.Page (    Page.java:260) - Element is visible on the page.
20:45:55.780 INFO  driver.Page (    Page.java:131) - Clearing the element {} [[ChromeDriver: chrome on WINDOWS (c19566df73b483f8b89eb0c452955484)] -> css selector: #txt_95] before sending the keys.
20:45:55.872 INFO  driver.Page (    Page.java:133) - Sending the following keys {} 421002216115_UAT to the element {} [[ChromeDriver: chrome on WINDOWS (c19566df73b483f8b89eb0c452955484)] -> css selector: #txt_95]
20:45:56.078 INFO  scp.RegistrationUGIPage (RegistrationUGIPage.java:1100) - UserId populated successfully.
20:45:56.078 INFO  scp.RegistrationUGIPage (RegistrationUGIPage.java:248) - Populating Password {} :Demo@123
20:45:56.101 INFO  driver.Page (    Page.java:129) - Wait for element {} [[ChromeDriver: chrome on WINDOWS (c19566df73b483f8b89eb0c452955484)] -> css selector: input[mappingname='Password']:not([style='display:none;']] to be present in the DOM for duration of {} 120
20:45:56.102 INFO  driver.Page (    Page.java:257) - Waiting for element to be visible for 120 seconds.
20:45:56.148 INFO  driver.Page (    Page.java:260) - Element is visible on the page.
20:45:56.166 INFO  driver.Page (    Page.java:131) - Clearing the element {} [[ChromeDriver: chrome on WINDOWS (c19566df73b483f8b89eb0c452955484)] -> css selector: input[mappingname='Password']:not([style='display:none;']] before sending the keys.
20:45:56.265 INFO  driver.Page (    Page.java:133) - Sending the following keys {} Demo@123 to the element {} [[ChromeDriver: chrome on WINDOWS (c19566df73b483f8b89eb0c452955484)] -> css selector: input[mappingname='Password']:not([style='display:none;']]
20:45:56.476 INFO  scp.RegistrationUGIPage (RegistrationUGIPage.java:250) - Password populated successfully.
20:45:56.477 INFO  scp.RegistrationUGIPage (RegistrationUGIPage.java:275) - Populating Cinfirm Password {} :Demo@123
20:45:56.503 INFO  driver.Page (    Page.java:129) - Wait for element {} [[ChromeDriver: chrome on WINDOWS (c19566df73b483f8b89eb0c452955484)] -> css selector: input[mappingname='ConfirmPassword']:not([style='display:none;'])] to be present in the DOM for duration of {} 120
20:45:56.504 INFO  driver.Page (    Page.java:257) - Waiting for element to be visible for 120 seconds.
20:45:56.554 INFO  driver.Page (    Page.java:260) - Element is visible on the page.
20:45:56.587 INFO  driver.Page (    Page.java:131) - Clearing the element {} [[ChromeDriver: chrome on WINDOWS (c19566df73b483f8b89eb0c452955484)] -> css selector: input[mappingname='ConfirmPassword']:not([style='display:none;'])] before sending the keys.
20:45:56.694 INFO  driver.Page (    Page.java:133) - Sending the following keys {} Demo@123 to the element {} [[ChromeDriver: chrome on WINDOWS (c19566df73b483f8b89eb0c452955484)] -> css selector: input[mappingname='ConfirmPassword']:not([style='display:none;'])]
20:45:56.846 INFO  scp.RegistrationUGIPage (RegistrationUGIPage.java:277) - Confirm Password populated successfully.
20:46:26.108 INFO  scp.RegistrationUGISteps (RegistrationUGISteps.java:102) - feedback popup not displayed
20:46:26.109 INFO  scp.RegistrationUGIPage (RegistrationUGIPage.java:296) - Populating UtilityAccountNumber {} :421002206888
20:46:26.131 INFO  driver.Page (    Page.java:129) - Wait for element {} [[ChromeDriver: chrome on WINDOWS (c19566df73b483f8b89eb0c452955484)] -> id: txt_4] to be present in the DOM for duration of {} 120
20:46:26.131 INFO  driver.Page (    Page.java:257) - Waiting for element to be visible for 120 seconds.
20:46:26.179 INFO  driver.Page (    Page.java:260) - Element is visible on the page.
20:46:26.199 INFO  driver.Page (    Page.java:131) - Clearing the element {} [[ChromeDriver: chrome on WINDOWS (c19566df73b483f8b89eb0c452955484)] -> id: txt_4] before sending the keys.
20:46:26.291 INFO  driver.Page (    Page.java:133) - Sending the following keys {} 421002206888 to the element {} [[ChromeDriver: chrome on WINDOWS (c19566df73b483f8b89eb0c452955484)] -> id: txt_4]
20:46:26.452 INFO  scp.RegistrationUGIPage (RegistrationUGIPage.java:298) - UtilityAccountNumber populated successfully.
20:46:26.453 INFO  scp.RegistrationUGIPage (RegistrationUGIPage.java:395) - Populating SSN Number {} :421002206888@yopmail.com
20:46:26.475 INFO  driver.Page (    Page.java:129) - Wait for element {} [[ChromeDriver: chrome on WINDOWS (c19566df73b483f8b89eb0c452955484)] -> css selector: input[mappingname = 'EmailID']] to be present in the DOM for duration of {} 120
20:46:26.476 INFO  driver.Page (    Page.java:257) - Waiting for element to be visible for 120 seconds.
20:46:26.526 INFO  driver.Page (    Page.java:260) - Element is visible on the page.
20:46:26.544 INFO  driver.Page (    Page.java:131) - Clearing the element {} [[ChromeDriver: chrome on WINDOWS (c19566df73b483f8b89eb0c452955484)] -> css selector: input[mappingname = 'EmailID']] before sending the keys.
20:46:26.626 INFO  driver.Page (    Page.java:133) - Sending the following keys {} 421002206888@yopmail.com to the element {} [[ChromeDriver: chrome on WINDOWS (c19566df73b483f8b89eb0c452955484)] -> css selector: input[mappingname = 'EmailID']]
20:46:26.818 INFO  scp.RegistrationUGIPage (RegistrationUGIPage.java:397) - Email Id populated successfully.
20:46:26.819 INFO  scp.RegistrationUGIPage (RegistrationUGIPage.java:187) - Populating Postal Code {} :19619
20:46:26.839 INFO  driver.Page (    Page.java:129) - Wait for element {} [[ChromeDriver: chrome on WINDOWS (c19566df73b483f8b89eb0c452955484)] -> css selector: input[mappingname='PostalCode']] to be present in the DOM for duration of {} 120
20:46:26.840 INFO  driver.Page (    Page.java:257) - Waiting for element to be visible for 120 seconds.
20:46:26.901 INFO  driver.Page (    Page.java:260) - Element is visible on the page.
20:46:26.921 INFO  driver.Page (    Page.java:131) - Clearing the element {} [[ChromeDriver: chrome on WINDOWS (c19566df73b483f8b89eb0c452955484)] -> css selector: input[mappingname='PostalCode']] before sending the keys.
20:46:27.009 INFO  driver.Page (    Page.java:133) - Sending the following keys {} 19619 to the element {} [[ChromeDriver: chrome on WINDOWS (c19566df73b483f8b89eb0c452955484)] -> css selector: input[mappingname='PostalCode']]
20:46:27.169 INFO  scp.RegistrationUGIPage (RegistrationUGIPage.java:189) - Postal Code populated successfully.
20:46:27.206 INFO  driver.Page (    Page.java:569) - Preparing for element to click.
20:46:27.258 INFO  driver.Page (    Page.java:576) - Element is clicked successfully.
20:46:27.258 INFO  scp.RegistrationUGIPage (RegistrationUGIPage.java:641) - Next Button clicked successfully.
20:46:27.259 INFO  scp.HomePage (HomePage.java:194) - Wait for Spinner Loading Image invisibility.
20:46:27.260 INFO  driver.Page (    Page.java:271) - Waiting for element to be invisible for 120 seconds.
20:46:34.875 INFO  driver.Page (    Page.java:274) - Element is invisible from the page.
20:46:34.876 INFO  scp.RegistrationUGIPage (RegistrationUGIPage.java:414) - Checking the visibility of Mobile Number on the page.
20:46:34.919 INFO  scp.RegistrationUGIPage (RegistrationUGIPage.java:415) - Mobile Number visibility status : false
20:46:40.374 INFO  scp.RegistrationUGISteps (RegistrationUGISteps.java:102) - feedback popup not displayed
20:46:40.376 INFO  scp.RegistrationUGIPage (RegistrationUGIPage.java:296) - Populating UtilityAccountNumber {} :421002200000
20:46:40.396 INFO  driver.Page (    Page.java:129) - Wait for element {} [[ChromeDriver: chrome on WINDOWS (c19566df73b483f8b89eb0c452955484)] -> id: txt_4] to be present in the DOM for duration of {} 120
20:46:40.396 INFO  driver.Page (    Page.java:257) - Waiting for element to be visible for 120 seconds.
20:46:40.442 INFO  driver.Page (    Page.java:260) - Element is visible on the page.
20:46:40.458 INFO  driver.Page (    Page.java:131) - Clearing the element {} [[ChromeDriver: chrome on WINDOWS (c19566df73b483f8b89eb0c452955484)] -> id: txt_4] before sending the keys.
20:46:40.582 INFO  driver.Page (    Page.java:133) - Sending the following keys {} 421002200000 to the element {} [[ChromeDriver: chrome on WINDOWS (c19566df73b483f8b89eb0c452955484)] -> id: txt_4]
20:46:40.730 INFO  scp.RegistrationUGIPage (RegistrationUGIPage.java:298) - UtilityAccountNumber populated successfully.
20:46:40.731 INFO  scp.RegistrationUGIPage (RegistrationUGIPage.java:395) - Populating SSN Number {} :421002200000@yopmail.com
20:46:40.753 INFO  driver.Page (    Page.java:129) - Wait for element {} [[ChromeDriver: chrome on WINDOWS (c19566df73b483f8b89eb0c452955484)] -> css selector: input[mappingname = 'EmailID']] to be present in the DOM for duration of {} 120
20:46:40.753 INFO  driver.Page (    Page.java:257) - Waiting for element to be visible for 120 seconds.
20:46:40.803 INFO  driver.Page (    Page.java:260) - Element is visible on the page.
20:46:40.827 INFO  driver.Page (    Page.java:131) - Clearing the element {} [[ChromeDriver: chrome on WINDOWS (c19566df73b483f8b89eb0c452955484)] -> css selector: input[mappingname = 'EmailID']] before sending the keys.
20:46:40.941 INFO  driver.Page (    Page.java:133) - Sending the following keys {} 421002200000@yopmail.com to the element {} [[ChromeDriver: chrome on WINDOWS (c19566df73b483f8b89eb0c452955484)] -> css selector: input[mappingname = 'EmailID']]
20:46:41.599 INFO  scp.RegistrationUGIPage (RegistrationUGIPage.java:397) - Email Id populated successfully.
20:46:41.600 INFO  scp.RegistrationUGIPage (RegistrationUGIPage.java:187) - Populating Postal Code {} :19619
20:46:41.621 INFO  driver.Page (    Page.java:129) - Wait for element {} [[ChromeDriver: chrome on WINDOWS (c19566df73b483f8b89eb0c452955484)] -> css selector: input[mappingname='PostalCode']] to be present in the DOM for duration of {} 120
20:46:41.621 INFO  driver.Page (    Page.java:257) - Waiting for element to be visible for 120 seconds.
20:46:41.667 INFO  driver.Page (    Page.java:260) - Element is visible on the page.
20:46:41.687 INFO  driver.Page (    Page.java:131) - Clearing the element {} [[ChromeDriver: chrome on WINDOWS (c19566df73b483f8b89eb0c452955484)] -> css selector: input[mappingname='PostalCode']] before sending the keys.
20:46:41.800 INFO  driver.Page (    Page.java:133) - Sending the following keys {} 19619 to the element {} [[ChromeDriver: chrome on WINDOWS (c19566df73b483f8b89eb0c452955484)] -> css selector: input[mappingname='PostalCode']]
20:46:41.913 INFO  scp.RegistrationUGIPage (RegistrationUGIPage.java:189) - Postal Code populated successfully.
20:46:41.945 INFO  driver.Page (    Page.java:569) - Preparing for element to click.
20:46:41.989 INFO  driver.Page (    Page.java:576) - Element is clicked successfully.
20:46:41.990 INFO  scp.RegistrationUGIPage (RegistrationUGIPage.java:641) - Next Button clicked successfully.
20:46:41.990 INFO  scp.HomePage (HomePage.java:194) - Wait for Spinner Loading Image invisibility.
20:46:41.990 INFO  driver.Page (    Page.java:271) - Waiting for element to be invisible for 120 seconds.
20:46:49.406 INFO  driver.Page (    Page.java:274) - Element is invisible from the page.
20:46:49.407 INFO  scp.RegistrationUGIPage (RegistrationUGIPage.java:414) - Checking the visibility of Mobile Number on the page.
20:46:49.447 INFO  scp.RegistrationUGIPage (RegistrationUGIPage.java:415) - Mobile Number visibility status : false
20:46:51.332 INFO  driver.DriverFactory (DriverFactory.java:125) - Clearing all the cookies.
