22:48:29.282 INFO  driver.Page (    Page.java:36) - Fetching the current URL.
22:48:29.288 INFO  driver.Page (    Page.java:37) - The Current URL is: https://qa.smartcmobile.net/SCM_10.0_S-SCP/
22:48:29.290 INFO  driver.Page (    Page.java:42) - Fetching the current title.
22:48:29.292 INFO  driver.Page (    Page.java:43) - The Current Title is: SCM :Login
22:48:29.296 INFO  scp.LoginPage (LoginPage.java:174) - The current page is login page {}: true
22:48:29.298 INFO  scp.LoginPage (LoginPage.java:179) - Checking the visibility of company logo on the page.
22:48:29.317 INFO  driver.Page (    Page.java:203) - Element {} : [[ChromeDriver: chrome on MAC (45a75a283c1c6a54540d5fca9e7031ee)] -> css selector: #logo-container] is visible on the page.
22:48:29.318 INFO  scp.LoginPage (LoginPage.java:180) - Company logo visibility status {}: true
22:48:29.336 INFO  driver.Page (    Page.java:203) - Element {} : [[ChromeDriver: chrome on MAC (45a75a283c1c6a54540d5fca9e7031ee)] -> css selector: #logo-container] is visible on the page.
22:48:29.338 INFO  scp.LoginPage (LoginPage.java:185) - Checking the visibility of language dropdown on the page.
22:48:29.351 INFO  driver.Page (    Page.java:203) - Element {} : [[ChromeDriver: chrome on MAC (45a75a283c1c6a54540d5fca9e7031ee)] -> css selector: #LanguageDrpdwn_sample] is visible on the page.
22:48:29.352 INFO  scp.LoginPage (LoginPage.java:186) - Language dropdown visibility status {}: true
22:48:29.364 INFO  driver.Page (    Page.java:203) - Element {} : [[ChromeDriver: chrome on MAC (45a75a283c1c6a54540d5fca9e7031ee)] -> css selector: #LanguageDrpdwn_sample] is visible on the page.
22:48:29.364 INFO  scp.LoginPage (LoginPage.java:191) - Checking the selected option in language dropdown on the page.
22:48:29.369 INFO  driver.Page (    Page.java:102) - Wait for the element {} [[ChromeDriver: chrome on MAC (45a75a283c1c6a54540d5fca9e7031ee)] -> css selector: i.lan_txt_hide] to be visible on the page for duration of {} 120
22:48:29.369 INFO  driver.Page (    Page.java:167) - Waiting for element to be visible for 120 seconds.
22:48:29.379 INFO  driver.Page (    Page.java:170) - Element is visible on the page.
22:48:29.398 INFO  driver.Page (    Page.java:105) - Text got from the locator {} [[ChromeDriver: chrome on MAC (45a75a283c1c6a54540d5fca9e7031ee)] -> css selector: i.lan_txt_hide] is ENGLISH
22:48:29.407 INFO  scp.LoginPage (LoginPage.java:193) - Language dropdown selected option value {}: ENGLISH
22:48:29.417 INFO  scp.LoginPage (LoginPage.java:198) - Fetching the login page header.
22:48:29.484 INFO  driver.Page (    Page.java:102) - Wait for the element {} [[ChromeDriver: chrome on MAC (45a75a283c1c6a54540d5fca9e7031ee)] -> css selector: .loginPaper .Loginpagehead] to be visible on the page for duration of {} 120
22:48:29.484 INFO  driver.Page (    Page.java:167) - Waiting for element to be visible for 120 seconds.
22:48:29.606 INFO  driver.Page (    Page.java:170) - Element is visible on the page.
22:48:29.629 INFO  driver.Page (    Page.java:105) - Text got from the locator {} [[ChromeDriver: chrome on MAC (45a75a283c1c6a54540d5fca9e7031ee)] -> css selector: .loginPaper .Loginpagehead] is LOGIN
22:48:29.647 INFO  scp.LoginPage (LoginPage.java:200) - Login page header is {}: LOGIN
22:48:29.648 INFO  scp.LoginPage (LoginPage.java:205) - Checking that the username field is visible on the login page.
22:48:29.672 INFO  driver.Page (    Page.java:203) - Element {} : [[ChromeDriver: chrome on MAC (45a75a283c1c6a54540d5fca9e7031ee)] -> css selector: [id='txtLogin']] is visible on the page.
22:48:29.672 INFO  scp.LoginPage (LoginPage.java:210) - Fetching the username placeholder.
22:48:29.678 INFO  driver.Page (    Page.java:102) - Wait for the element {} [[ChromeDriver: chrome on MAC (45a75a283c1c6a54540d5fca9e7031ee)] -> css selector: #txtLogin ~ label[class='effect_lbl']] to be visible on the page for duration of {} 120
22:48:29.678 INFO  driver.Page (    Page.java:167) - Waiting for element to be visible for 120 seconds.
22:48:29.689 INFO  driver.Page (    Page.java:170) - Element is visible on the page.
22:48:29.704 INFO  driver.Page (    Page.java:105) - Text got from the locator {} [[ChromeDriver: chrome on MAC (45a75a283c1c6a54540d5fca9e7031ee)] -> css selector: #txtLogin ~ label[class='effect_lbl']] is Username
22:48:29.711 INFO  scp.LoginPage (LoginPage.java:212) - Username placeholder {}: Username
22:48:29.711 INFO  scp.LoginPage (LoginPage.java:223) - Checking that the password field is visible on the login page.
22:48:29.724 INFO  driver.Page (    Page.java:203) - Element {} : [[ChromeDriver: chrome on MAC (45a75a283c1c6a54540d5fca9e7031ee)] -> css selector: [id='txtpwd']] is visible on the page.
22:48:29.724 INFO  scp.LoginPage (LoginPage.java:228) - Fetching the password placeholder.
22:48:29.729 INFO  driver.Page (    Page.java:102) - Wait for the element {} [[ChromeDriver: chrome on MAC (45a75a283c1c6a54540d5fca9e7031ee)] -> css selector: #txtpwd ~ label[class='effect_lbl']] to be visible on the page for duration of {} 120
22:48:29.729 INFO  driver.Page (    Page.java:167) - Waiting for element to be visible for 120 seconds.
22:48:29.739 INFO  driver.Page (    Page.java:170) - Element is visible on the page.
22:48:29.754 INFO  driver.Page (    Page.java:105) - Text got from the locator {} [[ChromeDriver: chrome on MAC (45a75a283c1c6a54540d5fca9e7031ee)] -> css selector: #txtpwd ~ label[class='effect_lbl']] is Password
22:48:29.765 INFO  scp.LoginPage (LoginPage.java:230) - Password placeholder {}: Password
22:48:29.771 INFO  scp.LoginPage (LoginPage.java:241) - Remember me checkbox visible status {}: [[ChromeDriver: chrome on MAC (45a75a283c1c6a54540d5fca9e7031ee)] -> css selector: input#rmbrme]
22:48:29.786 INFO  driver.Page (    Page.java:102) - Wait for the element {} [[ChromeDriver: chrome on MAC (45a75a283c1c6a54540d5fca9e7031ee)] -> css selector: #btnlogin] to be visible on the page for duration of {} 120
22:48:29.786 INFO  driver.Page (    Page.java:167) - Waiting for element to be visible for 120 seconds.
22:48:29.794 INFO  driver.Page (    Page.java:170) - Element is visible on the page.
22:48:29.806 INFO  driver.Page (    Page.java:105) - Text got from the locator {} [[ChromeDriver: chrome on MAC (45a75a283c1c6a54540d5fca9e7031ee)] -> css selector: #btnlogin] is Sign In
22:48:29.811 INFO  scp.LoginPage (LoginPage.java:247) - Sign in button label {}: Sign In
22:48:29.818 INFO  driver.Page (    Page.java:102) - Wait for the element {} [[ChromeDriver: chrome on MAC (45a75a283c1c6a54540d5fca9e7031ee)] -> link text: Forgot Username] to be visible on the page for duration of {} 120
22:48:29.818 INFO  driver.Page (    Page.java:167) - Waiting for element to be visible for 120 seconds.
22:48:29.827 INFO  driver.Page (    Page.java:170) - Element is visible on the page.
22:48:29.841 INFO  driver.Page (    Page.java:105) - Text got from the locator {} [[ChromeDriver: chrome on MAC (45a75a283c1c6a54540d5fca9e7031ee)] -> link text: Forgot Username] is Forgot Username
22:48:29.848 INFO  scp.LoginPage (LoginPage.java:259) - Forgot Username Label {}: Forgot Username
22:48:29.854 INFO  driver.Page (    Page.java:102) - Wait for the element {} [[ChromeDriver: chrome on MAC (45a75a283c1c6a54540d5fca9e7031ee)] -> link text: Forgot Password] to be visible on the page for duration of {} 120
22:48:29.854 INFO  driver.Page (    Page.java:167) - Waiting for element to be visible for 120 seconds.
22:48:29.864 INFO  driver.Page (    Page.java:170) - Element is visible on the page.
22:48:29.876 INFO  driver.Page (    Page.java:105) - Text got from the locator {} [[ChromeDriver: chrome on MAC (45a75a283c1c6a54540d5fca9e7031ee)] -> link text: Forgot Password] is Forgot Password
22:48:29.883 INFO  scp.LoginPage (LoginPage.java:265) - Forgot Username Label {}: Forgot Password
22:48:29.887 INFO  driver.Page (    Page.java:102) - Wait for the element {} [[ChromeDriver: chrome on MAC (45a75a283c1c6a54540d5fca9e7031ee)] -> css selector: .sign_in_text] to be visible on the page for duration of {} 120
22:48:29.887 INFO  driver.Page (    Page.java:167) - Waiting for element to be visible for 120 seconds.
22:48:29.906 INFO  driver.Page (    Page.java:170) - Element is visible on the page.
22:48:29.917 INFO  driver.Page (    Page.java:105) - Text got from the locator {} [[ChromeDriver: chrome on MAC (45a75a283c1c6a54540d5fca9e7031ee)] -> css selector: .sign_in_text] is Problems Signing In
22:48:29.923 INFO  scp.LoginPage (LoginPage.java:271) - Forgot Username Label {}: Problems Signing In
22:48:34.988 INFO  driver.Page (    Page.java:102) - Wait for the element {} Proxy element for: DefaultElementLocator 'By.cssSelector: .btn-sub2' to be visible on the page for duration of {} 120
22:48:34.988 INFO  driver.Page (    Page.java:167) - Waiting for element to be visible for 120 seconds.
22:50:45.247 INFO  driver.DriverFactory (DriverFactory.java:89) - Clearing all the cookies.
22:50:45.257 INFO  scp.LoginTests (LoginTests.java:42) - To verify the tests with the below test case id's: C77197
22:50:45.259 INFO  scp.LoginPage (LoginPage.java:171) - Checking that the current page is login page.
22:50:45.259 INFO  driver.Page (    Page.java:36) - Fetching the current URL.
22:50:45.261 INFO  driver.Page (    Page.java:37) - The Current URL is: https://qa.smartcmobile.net/SCM_10.0_S-SCP/
22:50:45.262 INFO  driver.Page (    Page.java:42) - Fetching the current title.
22:50:45.264 INFO  driver.Page (    Page.java:43) - The Current Title is: SCM :Login
22:50:45.265 INFO  scp.LoginPage (LoginPage.java:174) - The current page is login page {}: true
22:50:45.265 INFO  scp.LoginPage (LoginPage.java:217) - Populating username {} :link@_-&+residential
22:50:45.271 INFO  driver.Page (    Page.java:85) - Wait for element {} [[ChromeDriver: chrome on MAC (45a75a283c1c6a54540d5fca9e7031ee)] -> css selector: [id='txtLogin']] to be present in the DOM for duration of {} 120
22:50:45.271 INFO  driver.Page (    Page.java:167) - Waiting for element to be visible for 120 seconds.
22:50:45.281 INFO  driver.Page (    Page.java:170) - Element is visible on the page.
22:50:45.284 INFO  driver.Page (    Page.java:87) - Clearing the element {} [[ChromeDriver: chrome on MAC (45a75a283c1c6a54540d5fca9e7031ee)] -> css selector: [id='txtLogin']] before sending the keys.
22:50:45.311 INFO  driver.Page (    Page.java:89) - Sending the following keys {} link@_-&+residential to the element {} [[ChromeDriver: chrome on MAC (45a75a283c1c6a54540d5fca9e7031ee)] -> css selector: [id='txtLogin']]
22:50:45.433 INFO  scp.LoginPage (LoginPage.java:219) - Username populated successfully.
22:50:45.433 INFO  scp.LoginPage (LoginPage.java:235) - Populating password {} :Demo@#$%!_-&+3
22:50:45.438 INFO  driver.Page (    Page.java:85) - Wait for element {} [[ChromeDriver: chrome on MAC (45a75a283c1c6a54540d5fca9e7031ee)] -> css selector: [id='txtpwd']] to be present in the DOM for duration of {} 120
22:50:45.438 INFO  driver.Page (    Page.java:167) - Waiting for element to be visible for 120 seconds.
22:50:45.451 INFO  driver.Page (    Page.java:170) - Element is visible on the page.
22:50:45.454 INFO  driver.Page (    Page.java:87) - Clearing the element {} [[ChromeDriver: chrome on MAC (45a75a283c1c6a54540d5fca9e7031ee)] -> css selector: [id='txtpwd']] before sending the keys.
22:50:45.477 INFO  driver.Page (    Page.java:89) - Sending the following keys {} Demo@#$%!_-&+3 to the element {} [[ChromeDriver: chrome on MAC (45a75a283c1c6a54540d5fca9e7031ee)] -> css selector: [id='txtpwd']]
22:50:45.526 INFO  scp.LoginPage (LoginPage.java:237) - Password populated successfully.
22:50:45.527 INFO  scp.LoginPage (LoginPage.java:252) - Clicking the sign in button.
22:50:45.527 INFO  driver.Page (    Page.java:55) - Preparing for element to click.
22:50:45.527 INFO  driver.Page (    Page.java:142) - Waiting for element to be clickable for 120 seconds.
22:50:45.546 INFO  driver.Page (    Page.java:145) - Element is clickable now.
22:50:45.578 INFO  driver.Page (    Page.java:58) - Element is clicked successfully.
22:50:45.579 INFO  scp.LoginPage (LoginPage.java:254) - Sign in button clicked successfully.
22:50:45.579 INFO  scp.HomePage (HomePage.java:22) - Wait for page loader visibility.
22:50:45.579 INFO  driver.Page (    Page.java:167) - Waiting for element to be visible for 120 seconds.
22:50:47.146 INFO  driver.Page (    Page.java:170) - Element is visible on the page.
22:50:47.147 INFO  scp.HomePage (HomePage.java:24) - Wait for page loader invisibility.
22:50:47.147 INFO  driver.Page (    Page.java:181) - Waiting for element to be invisible for 120 seconds.
22:55:07.703 INFO  runner.TestRunner (TestRunner.java:32) - Initializing application properties config file.
22:55:07.705 INFO  runner.TestRunner (TestRunner.java:35) - Initializing connection to the base database.
22:55:07.800 WARN  config.DatabaseConfiguration (DatabaseConfiguration.java:84) - QA env being used by default. No env property set. This can be set in the sentinel.yml config file with a '{}=' property or on the command line with the switch '-D{}='.
22:55:09.413 INFO  runner.TestRunner (TestRunner.java:38) - Initializing resource path config file.
22:55:09.414 INFO  runner.TestRunner (TestRunner.java:41) - Initializing usage months config from CSP.
22:55:10.244 INFO  runner.TestRunner (TestRunner.java:44) - Initializing date config from CSP.
22:55:11.023 INFO  runner.TestRunner (TestRunner.java:47) - Initializing user model config.
22:55:11.036 WARN  config.Configuration (Configuration.java:231) - QA env being used by default. No env property set. This can be set in the sew.app.yml config file with a '{}=' property or on the command line with the switch '-D{}='.
22:55:11.833 INFO  runner.TestRunner (TestRunner.java:50) - Initializing auth token config.
22:55:13.670 INFO  driver.WebDriverFactory (WebDriverFactory.java:207) - Setting up the browser window to its max.
22:55:14.141 INFO  driver.WebDriverFactory (WebDriverFactory.java:196) - Initializing the implicit wait timeout for {} 5
22:55:14.152 INFO  driver.WebDriverFactory (WebDriverFactory.java:199) - Initializing the page load timeout.
22:55:14.177 INFO  driver.DriverFactory (DriverFactory.java:89) - Clearing all the cookies.
22:55:14.205 INFO  driver.DriverFactory (DriverFactory.java:56) - Open the url {} https://qa.smartcmobile.net/SCM_10.0_S-SCP/ using the selenium get() method.
22:55:56.060 INFO  driver.DriverFactory (DriverFactory.java:89) - Clearing all the cookies.
22:55:56.096 INFO  scp.LoginTests (LoginTests.java:26) - To verify the tests with the below test case id's: C75080, C101604
22:55:56.113 INFO  scp.LoginPage (LoginPage.java:171) - Checking that the current page is login page.
22:55:56.113 INFO  driver.Page (    Page.java:36) - Fetching the current URL.
22:55:56.116 INFO  driver.Page (    Page.java:37) - The Current URL is: https://qa.smartcmobile.net/SCM_10.0_S-SCP/
22:55:56.118 INFO  driver.Page (    Page.java:42) - Fetching the current title.
22:55:56.120 INFO  driver.Page (    Page.java:43) - The Current Title is: SCM :Login
22:55:56.122 INFO  scp.LoginPage (LoginPage.java:174) - The current page is login page {}: true
22:55:56.123 INFO  scp.LoginPage (LoginPage.java:179) - Checking the visibility of company logo on the page.
22:55:56.144 INFO  driver.Page (    Page.java:203) - Element {} : [[ChromeDriver: chrome on MAC (2b2d32a7c4b5d9a1e7a84e5221484c10)] -> css selector: #logo-container] is visible on the page.
22:55:56.144 INFO  scp.LoginPage (LoginPage.java:180) - Company logo visibility status {}: true
22:55:56.158 INFO  driver.Page (    Page.java:203) - Element {} : [[ChromeDriver: chrome on MAC (2b2d32a7c4b5d9a1e7a84e5221484c10)] -> css selector: #logo-container] is visible on the page.
22:55:56.159 INFO  scp.LoginPage (LoginPage.java:185) - Checking the visibility of language dropdown on the page.
22:55:56.182 INFO  driver.Page (    Page.java:203) - Element {} : [[ChromeDriver: chrome on MAC (2b2d32a7c4b5d9a1e7a84e5221484c10)] -> css selector: #LanguageDrpdwn_sample] is visible on the page.
22:55:56.184 INFO  scp.LoginPage (LoginPage.java:186) - Language dropdown visibility status {}: true
22:55:56.199 INFO  driver.Page (    Page.java:203) - Element {} : [[ChromeDriver: chrome on MAC (2b2d32a7c4b5d9a1e7a84e5221484c10)] -> css selector: #LanguageDrpdwn_sample] is visible on the page.
22:55:56.199 INFO  scp.LoginPage (LoginPage.java:191) - Checking the selected option in language dropdown on the page.
22:55:56.205 INFO  driver.Page (    Page.java:102) - Wait for the element {} [[ChromeDriver: chrome on MAC (2b2d32a7c4b5d9a1e7a84e5221484c10)] -> css selector: i.lan_txt_hide] to be visible on the page for duration of {} 120
22:55:56.205 INFO  driver.Page (    Page.java:167) - Waiting for element to be visible for 120 seconds.
22:55:56.215 INFO  driver.Page (    Page.java:170) - Element is visible on the page.
22:55:56.228 INFO  driver.Page (    Page.java:105) - Text got from the locator {} [[ChromeDriver: chrome on MAC (2b2d32a7c4b5d9a1e7a84e5221484c10)] -> css selector: i.lan_txt_hide] is ENGLISH
22:55:56.235 INFO  scp.LoginPage (LoginPage.java:193) - Language dropdown selected option value {}: ENGLISH
22:55:56.237 INFO  scp.LoginPage (LoginPage.java:198) - Fetching the login page header.
22:55:56.241 INFO  driver.Page (    Page.java:102) - Wait for the element {} [[ChromeDriver: chrome on MAC (2b2d32a7c4b5d9a1e7a84e5221484c10)] -> css selector: .loginPaper .Loginpagehead] to be visible on the page for duration of {} 120
22:55:56.241 INFO  driver.Page (    Page.java:167) - Waiting for element to be visible for 120 seconds.
22:55:56.249 INFO  driver.Page (    Page.java:170) - Element is visible on the page.
22:55:56.260 INFO  driver.Page (    Page.java:105) - Text got from the locator {} [[ChromeDriver: chrome on MAC (2b2d32a7c4b5d9a1e7a84e5221484c10)] -> css selector: .loginPaper .Loginpagehead] is LOGIN
22:55:56.266 INFO  scp.LoginPage (LoginPage.java:200) - Login page header is {}: LOGIN
22:55:56.266 INFO  scp.LoginPage (LoginPage.java:205) - Checking that the username field is visible on the login page.
22:55:56.278 INFO  driver.Page (    Page.java:203) - Element {} : [[ChromeDriver: chrome on MAC (2b2d32a7c4b5d9a1e7a84e5221484c10)] -> css selector: [id='txtLogin']] is visible on the page.
22:55:56.278 INFO  scp.LoginPage (LoginPage.java:210) - Fetching the username placeholder.
22:55:56.282 INFO  driver.Page (    Page.java:102) - Wait for the element {} [[ChromeDriver: chrome on MAC (2b2d32a7c4b5d9a1e7a84e5221484c10)] -> css selector: #txtLogin ~ label[class='effect_lbl']] to be visible on the page for duration of {} 120
22:55:56.282 INFO  driver.Page (    Page.java:167) - Waiting for element to be visible for 120 seconds.
22:55:56.290 INFO  driver.Page (    Page.java:170) - Element is visible on the page.
22:55:56.300 INFO  driver.Page (    Page.java:105) - Text got from the locator {} [[ChromeDriver: chrome on MAC (2b2d32a7c4b5d9a1e7a84e5221484c10)] -> css selector: #txtLogin ~ label[class='effect_lbl']] is Username
22:55:56.306 INFO  scp.LoginPage (LoginPage.java:212) - Username placeholder {}: Username
22:55:56.307 INFO  scp.LoginPage (LoginPage.java:223) - Checking that the password field is visible on the login page.
22:55:56.318 INFO  driver.Page (    Page.java:203) - Element {} : [[ChromeDriver: chrome on MAC (2b2d32a7c4b5d9a1e7a84e5221484c10)] -> css selector: [id='txtpwd']] is visible on the page.
22:55:56.319 INFO  scp.LoginPage (LoginPage.java:228) - Fetching the password placeholder.
22:55:56.323 INFO  driver.Page (    Page.java:102) - Wait for the element {} [[ChromeDriver: chrome on MAC (2b2d32a7c4b5d9a1e7a84e5221484c10)] -> css selector: #txtpwd ~ label[class='effect_lbl']] to be visible on the page for duration of {} 120
22:55:56.323 INFO  driver.Page (    Page.java:167) - Waiting for element to be visible for 120 seconds.
22:55:56.331 INFO  driver.Page (    Page.java:170) - Element is visible on the page.
22:55:56.341 INFO  driver.Page (    Page.java:105) - Text got from the locator {} [[ChromeDriver: chrome on MAC (2b2d32a7c4b5d9a1e7a84e5221484c10)] -> css selector: #txtpwd ~ label[class='effect_lbl']] is Password
22:55:56.347 INFO  scp.LoginPage (LoginPage.java:230) - Password placeholder {}: Password
22:55:56.351 INFO  scp.LoginPage (LoginPage.java:241) - Remember me checkbox visible status {}: [[ChromeDriver: chrome on MAC (2b2d32a7c4b5d9a1e7a84e5221484c10)] -> css selector: input#rmbrme]
22:55:56.364 INFO  driver.Page (    Page.java:102) - Wait for the element {} [[ChromeDriver: chrome on MAC (2b2d32a7c4b5d9a1e7a84e5221484c10)] -> css selector: #btnlogin] to be visible on the page for duration of {} 120
22:55:56.364 INFO  driver.Page (    Page.java:167) - Waiting for element to be visible for 120 seconds.
22:55:56.372 INFO  driver.Page (    Page.java:170) - Element is visible on the page.
22:55:56.383 INFO  driver.Page (    Page.java:105) - Text got from the locator {} [[ChromeDriver: chrome on MAC (2b2d32a7c4b5d9a1e7a84e5221484c10)] -> css selector: #btnlogin] is Sign In
22:55:56.388 INFO  scp.LoginPage (LoginPage.java:247) - Sign in button label {}: Sign In
22:55:56.396 INFO  driver.Page (    Page.java:102) - Wait for the element {} [[ChromeDriver: chrome on MAC (2b2d32a7c4b5d9a1e7a84e5221484c10)] -> link text: Forgot Username] to be visible on the page for duration of {} 120
22:55:56.396 INFO  driver.Page (    Page.java:167) - Waiting for element to be visible for 120 seconds.
22:55:56.405 INFO  driver.Page (    Page.java:170) - Element is visible on the page.
22:55:56.418 INFO  driver.Page (    Page.java:105) - Text got from the locator {} [[ChromeDriver: chrome on MAC (2b2d32a7c4b5d9a1e7a84e5221484c10)] -> link text: Forgot Username] is Forgot Username
22:55:56.425 INFO  scp.LoginPage (LoginPage.java:259) - Forgot Username Label {}: Forgot Username
22:55:56.431 INFO  driver.Page (    Page.java:102) - Wait for the element {} [[ChromeDriver: chrome on MAC (2b2d32a7c4b5d9a1e7a84e5221484c10)] -> link text: Forgot Password] to be visible on the page for duration of {} 120
22:55:56.431 INFO  driver.Page (    Page.java:167) - Waiting for element to be visible for 120 seconds.
22:55:56.441 INFO  driver.Page (    Page.java:170) - Element is visible on the page.
22:55:56.454 INFO  driver.Page (    Page.java:105) - Text got from the locator {} [[ChromeDriver: chrome on MAC (2b2d32a7c4b5d9a1e7a84e5221484c10)] -> link text: Forgot Password] is Forgot Password
22:55:56.461 INFO  scp.LoginPage (LoginPage.java:265) - Forgot Username Label {}: Forgot Password
22:55:56.465 INFO  driver.Page (    Page.java:102) - Wait for the element {} [[ChromeDriver: chrome on MAC (2b2d32a7c4b5d9a1e7a84e5221484c10)] -> css selector: .sign_in_text] to be visible on the page for duration of {} 120
22:55:56.465 INFO  driver.Page (    Page.java:167) - Waiting for element to be visible for 120 seconds.
22:55:56.473 INFO  driver.Page (    Page.java:170) - Element is visible on the page.
22:55:56.483 INFO  driver.Page (    Page.java:105) - Text got from the locator {} [[ChromeDriver: chrome on MAC (2b2d32a7c4b5d9a1e7a84e5221484c10)] -> css selector: .sign_in_text] is Problems Signing In
22:55:56.489 INFO  scp.LoginPage (LoginPage.java:271) - Forgot Username Label {}: Problems Signing In
23:14:10.697 INFO  runner.TestRunner (TestRunner.java:32) - Initializing application properties config file.
23:14:10.699 INFO  runner.TestRunner (TestRunner.java:35) - Initializing connection to the base database.
23:14:10.790 WARN  config.DatabaseConfiguration (DatabaseConfiguration.java:84) - QA env being used by default. No env property set. This can be set in the sentinel.yml config file with a '{}=' property or on the command line with the switch '-D{}='.
23:14:12.551 INFO  runner.TestRunner (TestRunner.java:38) - Initializing resource path config file.
23:14:12.551 INFO  runner.TestRunner (TestRunner.java:41) - Initializing usage months config from CSP.
23:14:13.384 INFO  runner.TestRunner (TestRunner.java:44) - Initializing date config from CSP.
23:14:14.167 INFO  runner.TestRunner (TestRunner.java:47) - Initializing user model config.
23:14:14.179 WARN  config.Configuration (Configuration.java:231) - QA env being used by default. No env property set. This can be set in the sew.app.yml config file with a '{}=' property or on the command line with the switch '-D{}='.
23:14:14.955 INFO  runner.TestRunner (TestRunner.java:50) - Initializing auth token config.
23:14:18.069 INFO  driver.WebDriverFactory (WebDriverFactory.java:207) - Setting up the browser window to its max.
23:14:18.528 INFO  driver.WebDriverFactory (WebDriverFactory.java:196) - Initializing the implicit wait timeout for {} 5
23:14:18.539 INFO  driver.WebDriverFactory (WebDriverFactory.java:199) - Initializing the page load timeout.
23:14:18.543 INFO  driver.DriverFactory (DriverFactory.java:89) - Clearing all the cookies.
23:14:18.550 INFO  driver.DriverFactory (DriverFactory.java:56) - Open the url {} https://qa.smartcmobile.net/SCM_10.0_S-SCP/ using the selenium get() method.
23:15:01.650 INFO  driver.DriverFactory (DriverFactory.java:89) - Clearing all the cookies.
23:15:01.673 INFO  scp.LoginTests (LoginTests.java:26) - To verify the tests with the below test case id's: C75080, C101604
23:15:01.690 INFO  scp.LoginPage (LoginPage.java:171) - Checking that the current page is login page.
23:15:01.690 INFO  driver.Page (    Page.java:36) - Fetching the current URL.
23:15:01.693 INFO  driver.Page (    Page.java:37) - The Current URL is: https://qa.smartcmobile.net/SCM_10.0_S-SCP/
23:15:01.696 INFO  driver.Page (    Page.java:42) - Fetching the current title.
23:15:01.698 INFO  driver.Page (    Page.java:43) - The Current Title is: SCM :Login
23:15:01.699 INFO  scp.LoginPage (LoginPage.java:174) - The current page is login page {}: true
23:15:01.701 INFO  scp.LoginPage (LoginPage.java:179) - Checking the visibility of company logo on the page.
23:15:01.723 INFO  driver.Page (    Page.java:203) - Element {} : [[ChromeDriver: chrome on MAC (b79885def9ecfc319bd2a4b8102de321)] -> css selector: #logo-container] is visible on the page.
23:15:01.723 INFO  scp.LoginPage (LoginPage.java:180) - Company logo visibility status {}: true
23:15:01.736 INFO  driver.Page (    Page.java:203) - Element {} : [[ChromeDriver: chrome on MAC (b79885def9ecfc319bd2a4b8102de321)] -> css selector: #logo-container] is visible on the page.
23:15:01.737 INFO  scp.LoginPage (LoginPage.java:185) - Checking the visibility of language dropdown on the page.
23:15:01.759 INFO  driver.Page (    Page.java:203) - Element {} : [[ChromeDriver: chrome on MAC (b79885def9ecfc319bd2a4b8102de321)] -> css selector: #LanguageDrpdwn_sample] is visible on the page.
23:15:01.759 INFO  scp.LoginPage (LoginPage.java:186) - Language dropdown visibility status {}: true
23:15:01.771 INFO  driver.Page (    Page.java:203) - Element {} : [[ChromeDriver: chrome on MAC (b79885def9ecfc319bd2a4b8102de321)] -> css selector: #LanguageDrpdwn_sample] is visible on the page.
23:15:01.772 INFO  scp.LoginPage (LoginPage.java:191) - Checking the selected option in language dropdown on the page.
23:15:01.777 INFO  driver.Page (    Page.java:102) - Wait for the element {} [[ChromeDriver: chrome on MAC (b79885def9ecfc319bd2a4b8102de321)] -> css selector: i.lan_txt_hide] to be visible on the page for duration of {} 120
23:15:01.777 INFO  driver.Page (    Page.java:167) - Waiting for element to be visible for 120 seconds.
23:15:01.788 INFO  driver.Page (    Page.java:170) - Element is visible on the page.
23:15:01.801 INFO  driver.Page (    Page.java:105) - Text got from the locator {} [[ChromeDriver: chrome on MAC (b79885def9ecfc319bd2a4b8102de321)] -> css selector: i.lan_txt_hide] is ENGLISH
23:15:01.807 INFO  scp.LoginPage (LoginPage.java:193) - Language dropdown selected option value {}: ENGLISH
23:15:01.810 INFO  scp.LoginPage (LoginPage.java:198) - Fetching the login page header.
23:15:01.814 INFO  driver.Page (    Page.java:102) - Wait for the element {} [[ChromeDriver: chrome on MAC (b79885def9ecfc319bd2a4b8102de321)] -> css selector: .loginPaper .Loginpagehead] to be visible on the page for duration of {} 120
23:15:01.815 INFO  driver.Page (    Page.java:167) - Waiting for element to be visible for 120 seconds.
23:15:01.822 INFO  driver.Page (    Page.java:170) - Element is visible on the page.
23:15:01.833 INFO  driver.Page (    Page.java:105) - Text got from the locator {} [[ChromeDriver: chrome on MAC (b79885def9ecfc319bd2a4b8102de321)] -> css selector: .loginPaper .Loginpagehead] is LOGIN
23:15:01.839 INFO  scp.LoginPage (LoginPage.java:200) - Login page header is {}: LOGIN
23:15:01.839 INFO  scp.LoginPage (LoginPage.java:205) - Checking that the username field is visible on the login page.
23:15:01.852 INFO  driver.Page (    Page.java:203) - Element {} : [[ChromeDriver: chrome on MAC (b79885def9ecfc319bd2a4b8102de321)] -> css selector: [id='txtLogin']] is visible on the page.
23:15:01.852 INFO  scp.LoginPage (LoginPage.java:210) - Fetching the username placeholder.
23:15:01.856 INFO  driver.Page (    Page.java:102) - Wait for the element {} [[ChromeDriver: chrome on MAC (b79885def9ecfc319bd2a4b8102de321)] -> css selector: #txtLogin ~ label[class='effect_lbl']] to be visible on the page for duration of {} 120
23:15:01.857 INFO  driver.Page (    Page.java:167) - Waiting for element to be visible for 120 seconds.
23:15:01.864 INFO  driver.Page (    Page.java:170) - Element is visible on the page.
23:15:01.876 INFO  driver.Page (    Page.java:105) - Text got from the locator {} [[ChromeDriver: chrome on MAC (b79885def9ecfc319bd2a4b8102de321)] -> css selector: #txtLogin ~ label[class='effect_lbl']] is Username
23:15:01.882 INFO  scp.LoginPage (LoginPage.java:212) - Username placeholder {}: Username
23:15:01.882 INFO  scp.LoginPage (LoginPage.java:223) - Checking that the password field is visible on the login page.
23:15:01.893 INFO  driver.Page (    Page.java:203) - Element {} : [[ChromeDriver: chrome on MAC (b79885def9ecfc319bd2a4b8102de321)] -> css selector: [id='txtpwd']] is visible on the page.
23:15:01.893 INFO  scp.LoginPage (LoginPage.java:228) - Fetching the password placeholder.
23:15:01.897 INFO  driver.Page (    Page.java:102) - Wait for the element {} [[ChromeDriver: chrome on MAC (b79885def9ecfc319bd2a4b8102de321)] -> css selector: #txtpwd ~ label[class='effect_lbl']] to be visible on the page for duration of {} 120
23:15:01.897 INFO  driver.Page (    Page.java:167) - Waiting for element to be visible for 120 seconds.
23:15:01.905 INFO  driver.Page (    Page.java:170) - Element is visible on the page.
23:15:01.915 INFO  driver.Page (    Page.java:105) - Text got from the locator {} [[ChromeDriver: chrome on MAC (b79885def9ecfc319bd2a4b8102de321)] -> css selector: #txtpwd ~ label[class='effect_lbl']] is Password
23:15:01.920 INFO  scp.LoginPage (LoginPage.java:230) - Password placeholder {}: Password
23:15:01.924 INFO  scp.LoginPage (LoginPage.java:241) - Remember me checkbox visible status {}: [[ChromeDriver: chrome on MAC (b79885def9ecfc319bd2a4b8102de321)] -> css selector: input#rmbrme]
23:15:01.938 INFO  driver.Page (    Page.java:102) - Wait for the element {} [[ChromeDriver: chrome on MAC (b79885def9ecfc319bd2a4b8102de321)] -> css selector: #btnlogin] to be visible on the page for duration of {} 120
23:15:01.938 INFO  driver.Page (    Page.java:167) - Waiting for element to be visible for 120 seconds.
23:15:01.946 INFO  driver.Page (    Page.java:170) - Element is visible on the page.
23:15:01.957 INFO  driver.Page (    Page.java:105) - Text got from the locator {} [[ChromeDriver: chrome on MAC (b79885def9ecfc319bd2a4b8102de321)] -> css selector: #btnlogin] is Sign In
23:15:01.963 INFO  scp.LoginPage (LoginPage.java:247) - Sign in button label {}: Sign In
23:15:01.969 INFO  driver.Page (    Page.java:102) - Wait for the element {} [[ChromeDriver: chrome on MAC (b79885def9ecfc319bd2a4b8102de321)] -> link text: Forgot Username] to be visible on the page for duration of {} 120
23:15:01.970 INFO  driver.Page (    Page.java:167) - Waiting for element to be visible for 120 seconds.
23:15:01.978 INFO  driver.Page (    Page.java:170) - Element is visible on the page.
23:15:01.991 INFO  driver.Page (    Page.java:105) - Text got from the locator {} [[ChromeDriver: chrome on MAC (b79885def9ecfc319bd2a4b8102de321)] -> link text: Forgot Username] is Forgot Username
23:15:01.997 INFO  scp.LoginPage (LoginPage.java:259) - Forgot Username Label {}: Forgot Username
23:15:02.003 INFO  driver.Page (    Page.java:102) - Wait for the element {} [[ChromeDriver: chrome on MAC (b79885def9ecfc319bd2a4b8102de321)] -> link text: Forgot Password] to be visible on the page for duration of {} 120
23:15:02.003 INFO  driver.Page (    Page.java:167) - Waiting for element to be visible for 120 seconds.
23:15:02.013 INFO  driver.Page (    Page.java:170) - Element is visible on the page.
23:15:02.026 INFO  driver.Page (    Page.java:105) - Text got from the locator {} [[ChromeDriver: chrome on MAC (b79885def9ecfc319bd2a4b8102de321)] -> link text: Forgot Password] is Forgot Password
23:15:02.033 INFO  scp.LoginPage (LoginPage.java:265) - Forgot Username Label {}: Forgot Password
23:15:02.038 INFO  driver.Page (    Page.java:102) - Wait for the element {} [[ChromeDriver: chrome on MAC (b79885def9ecfc319bd2a4b8102de321)] -> css selector: .sign_in_text] to be visible on the page for duration of {} 120
23:15:02.038 INFO  driver.Page (    Page.java:167) - Waiting for element to be visible for 120 seconds.
23:15:02.044 INFO  driver.Page (    Page.java:170) - Element is visible on the page.
23:15:02.054 INFO  driver.Page (    Page.java:105) - Text got from the locator {} [[ChromeDriver: chrome on MAC (b79885def9ecfc319bd2a4b8102de321)] -> css selector: .sign_in_text] is Problems Signing In
23:15:02.060 INFO  scp.LoginPage (LoginPage.java:271) - Forgot Username Label {}: Problems Signing In
23:25:44.053 INFO  runner.TestRunner (TestRunner.java:32) - Initializing application properties config file.
23:25:44.055 INFO  runner.TestRunner (TestRunner.java:35) - Initializing connection to the base database.
23:25:44.144 WARN  config.DatabaseConfiguration (DatabaseConfiguration.java:84) - QA env being used by default. No env property set. This can be set in the sentinel.yml config file with a '{}=' property or on the command line with the switch '-D{}='.
23:25:45.743 INFO  runner.TestRunner (TestRunner.java:38) - Initializing resource path config file.
23:25:45.743 INFO  runner.TestRunner (TestRunner.java:41) - Initializing usage months config from CSP.
23:25:46.581 INFO  runner.TestRunner (TestRunner.java:44) - Initializing date config from CSP.
23:25:47.364 INFO  runner.TestRunner (TestRunner.java:47) - Initializing user model config.
23:25:47.378 WARN  config.Configuration (Configuration.java:231) - QA env being used by default. No env property set. This can be set in the sew.app.yml config file with a '{}=' property or on the command line with the switch '-D{}='.
23:25:48.180 INFO  runner.TestRunner (TestRunner.java:50) - Initializing auth token config.
23:25:49.873 INFO  driver.WebDriverFactory (WebDriverFactory.java:207) - Setting up the browser window to its max.
23:25:50.326 INFO  driver.WebDriverFactory (WebDriverFactory.java:196) - Initializing the implicit wait timeout for {} 5
23:25:50.336 INFO  driver.WebDriverFactory (WebDriverFactory.java:199) - Initializing the page load timeout.
23:25:50.342 INFO  driver.DriverFactory (DriverFactory.java:89) - Clearing all the cookies.
23:25:50.352 INFO  driver.DriverFactory (DriverFactory.java:56) - Open the url {} https://qa.smartcmobile.net/SCM_10.0_S-SCP/ using the selenium get() method.
23:26:33.652 INFO  driver.DriverFactory (DriverFactory.java:89) - Clearing all the cookies.
23:26:33.677 INFO  scp.LoginTests (LoginTests.java:26) - To verify the tests with the below test case id's: C75080, C101604
23:26:33.705 INFO  scp.LoginPage (LoginPage.java:171) - Checking that the current page is login page.
23:26:33.705 INFO  driver.Page (    Page.java:36) - Fetching the current URL.
23:26:33.708 INFO  driver.Page (    Page.java:37) - The Current URL is: https://qa.smartcmobile.net/SCM_10.0_S-SCP/
23:26:33.711 INFO  driver.Page (    Page.java:42) - Fetching the current title.
23:26:33.713 INFO  driver.Page (    Page.java:43) - The Current Title is: SCM :Login
23:26:33.714 INFO  scp.LoginPage (LoginPage.java:174) - The current page is login page {}: true
23:26:33.716 INFO  scp.LoginPage (LoginPage.java:179) - Checking the visibility of company logo on the page.
23:26:33.736 INFO  driver.Page (    Page.java:203) - Element {} : [[ChromeDriver: chrome on MAC (686e26649a279ce4c203e6e12ea1ef11)] -> css selector: #logo-container] is visible on the page.
23:26:33.736 INFO  scp.LoginPage (LoginPage.java:180) - Company logo visibility status {}: true
23:26:33.749 INFO  driver.Page (    Page.java:203) - Element {} : [[ChromeDriver: chrome on MAC (686e26649a279ce4c203e6e12ea1ef11)] -> css selector: #logo-container] is visible on the page.
23:26:33.750 INFO  scp.LoginPage (LoginPage.java:185) - Checking the visibility of language dropdown on the page.
23:26:33.772 INFO  driver.Page (    Page.java:203) - Element {} : [[ChromeDriver: chrome on MAC (686e26649a279ce4c203e6e12ea1ef11)] -> css selector: #LanguageDrpdwn_sample] is visible on the page.
23:26:33.772 INFO  scp.LoginPage (LoginPage.java:186) - Language dropdown visibility status {}: true
23:26:33.783 INFO  driver.Page (    Page.java:203) - Element {} : [[ChromeDriver: chrome on MAC (686e26649a279ce4c203e6e12ea1ef11)] -> css selector: #LanguageDrpdwn_sample] is visible on the page.
23:26:33.783 INFO  scp.LoginPage (LoginPage.java:191) - Checking the selected option in language dropdown on the page.
23:26:33.787 INFO  driver.Page (    Page.java:102) - Wait for the element {} [[ChromeDriver: chrome on MAC (686e26649a279ce4c203e6e12ea1ef11)] -> css selector: i.lan_txt_hide] to be visible on the page for duration of {} 120
23:26:33.788 INFO  driver.Page (    Page.java:167) - Waiting for element to be visible for 120 seconds.
23:26:33.798 INFO  driver.Page (    Page.java:170) - Element is visible on the page.
23:26:33.814 INFO  driver.Page (    Page.java:105) - Text got from the locator {} [[ChromeDriver: chrome on MAC (686e26649a279ce4c203e6e12ea1ef11)] -> css selector: i.lan_txt_hide] is ENGLISH
23:26:33.820 INFO  scp.LoginPage (LoginPage.java:193) - Language dropdown selected option value {}: ENGLISH
23:26:33.822 INFO  scp.LoginPage (LoginPage.java:198) - Fetching the login page header.
23:26:33.827 INFO  driver.Page (    Page.java:102) - Wait for the element {} [[ChromeDriver: chrome on MAC (686e26649a279ce4c203e6e12ea1ef11)] -> css selector: .loginPaper .Loginpagehead] to be visible on the page for duration of {} 120
23:26:33.827 INFO  driver.Page (    Page.java:167) - Waiting for element to be visible for 120 seconds.
23:26:33.835 INFO  driver.Page (    Page.java:170) - Element is visible on the page.
23:26:33.845 INFO  driver.Page (    Page.java:105) - Text got from the locator {} [[ChromeDriver: chrome on MAC (686e26649a279ce4c203e6e12ea1ef11)] -> css selector: .loginPaper .Loginpagehead] is LOGIN
23:26:33.851 INFO  scp.LoginPage (LoginPage.java:200) - Login page header is {}: LOGIN
23:26:33.851 INFO  scp.LoginPage (LoginPage.java:205) - Checking that the username field is visible on the login page.
23:26:33.863 INFO  driver.Page (    Page.java:203) - Element {} : [[ChromeDriver: chrome on MAC (686e26649a279ce4c203e6e12ea1ef11)] -> css selector: [id='txtLogin']] is visible on the page.
23:26:33.863 INFO  scp.LoginPage (LoginPage.java:210) - Fetching the username placeholder.
23:26:33.868 INFO  driver.Page (    Page.java:102) - Wait for the element {} [[ChromeDriver: chrome on MAC (686e26649a279ce4c203e6e12ea1ef11)] -> css selector: #txtLogin ~ label[class='effect_lbl']] to be visible on the page for duration of {} 120
23:26:33.868 INFO  driver.Page (    Page.java:167) - Waiting for element to be visible for 120 seconds.
23:26:33.875 INFO  driver.Page (    Page.java:170) - Element is visible on the page.
23:26:33.890 INFO  driver.Page (    Page.java:105) - Text got from the locator {} [[ChromeDriver: chrome on MAC (686e26649a279ce4c203e6e12ea1ef11)] -> css selector: #txtLogin ~ label[class='effect_lbl']] is Username
23:26:33.896 INFO  scp.LoginPage (LoginPage.java:212) - Username placeholder {}: Username
23:26:33.896 INFO  scp.LoginPage (LoginPage.java:223) - Checking that the password field is visible on the login page.
23:26:33.908 INFO  driver.Page (    Page.java:203) - Element {} : [[ChromeDriver: chrome on MAC (686e26649a279ce4c203e6e12ea1ef11)] -> css selector: [id='txtpwd']] is visible on the page.
23:26:33.908 INFO  scp.LoginPage (LoginPage.java:228) - Fetching the password placeholder.
23:26:33.912 INFO  driver.Page (    Page.java:102) - Wait for the element {} [[ChromeDriver: chrome on MAC (686e26649a279ce4c203e6e12ea1ef11)] -> css selector: #txtpwd ~ label[class='effect_lbl']] to be visible on the page for duration of {} 120
23:26:33.912 INFO  driver.Page (    Page.java:167) - Waiting for element to be visible for 120 seconds.
23:26:33.920 INFO  driver.Page (    Page.java:170) - Element is visible on the page.
23:26:33.931 INFO  driver.Page (    Page.java:105) - Text got from the locator {} [[ChromeDriver: chrome on MAC (686e26649a279ce4c203e6e12ea1ef11)] -> css selector: #txtpwd ~ label[class='effect_lbl']] is Password
23:26:33.937 INFO  scp.LoginPage (LoginPage.java:230) - Password placeholder {}: Password
23:26:33.942 INFO  scp.LoginPage (LoginPage.java:241) - Remember me checkbox visible status {}: [[ChromeDriver: chrome on MAC (686e26649a279ce4c203e6e12ea1ef11)] -> css selector: input#rmbrme]
23:26:33.955 INFO  driver.Page (    Page.java:102) - Wait for the element {} [[ChromeDriver: chrome on MAC (686e26649a279ce4c203e6e12ea1ef11)] -> css selector: #btnlogin] to be visible on the page for duration of {} 120
23:26:33.955 INFO  driver.Page (    Page.java:167) - Waiting for element to be visible for 120 seconds.
23:26:33.962 INFO  driver.Page (    Page.java:170) - Element is visible on the page.
23:26:33.973 INFO  driver.Page (    Page.java:105) - Text got from the locator {} [[ChromeDriver: chrome on MAC (686e26649a279ce4c203e6e12ea1ef11)] -> css selector: #btnlogin] is Sign In
23:26:33.979 INFO  scp.LoginPage (LoginPage.java:247) - Sign in button label {}: Sign In
23:26:33.987 INFO  driver.Page (    Page.java:102) - Wait for the element {} [[ChromeDriver: chrome on MAC (686e26649a279ce4c203e6e12ea1ef11)] -> link text: Forgot Username] to be visible on the page for duration of {} 120
23:26:33.987 INFO  driver.Page (    Page.java:167) - Waiting for element to be visible for 120 seconds.
23:26:33.996 INFO  driver.Page (    Page.java:170) - Element is visible on the page.
23:26:34.009 INFO  driver.Page (    Page.java:105) - Text got from the locator {} [[ChromeDriver: chrome on MAC (686e26649a279ce4c203e6e12ea1ef11)] -> link text: Forgot Username] is Forgot Username
23:26:34.016 INFO  scp.LoginPage (LoginPage.java:259) - Forgot Username Label {}: Forgot Username
23:26:34.023 INFO  driver.Page (    Page.java:102) - Wait for the element {} [[ChromeDriver: chrome on MAC (686e26649a279ce4c203e6e12ea1ef11)] -> link text: Forgot Password] to be visible on the page for duration of {} 120
23:26:34.023 INFO  driver.Page (    Page.java:167) - Waiting for element to be visible for 120 seconds.
23:26:34.032 INFO  driver.Page (    Page.java:170) - Element is visible on the page.
23:26:34.045 INFO  driver.Page (    Page.java:105) - Text got from the locator {} [[ChromeDriver: chrome on MAC (686e26649a279ce4c203e6e12ea1ef11)] -> link text: Forgot Password] is Forgot Password
23:26:34.052 INFO  scp.LoginPage (LoginPage.java:265) - Forgot Username Label {}: Forgot Password
23:26:34.056 INFO  driver.Page (    Page.java:102) - Wait for the element {} [[ChromeDriver: chrome on MAC (686e26649a279ce4c203e6e12ea1ef11)] -> css selector: .sign_in_text] to be visible on the page for duration of {} 120
23:26:34.056 INFO  driver.Page (    Page.java:167) - Waiting for element to be visible for 120 seconds.
23:26:34.063 INFO  driver.Page (    Page.java:170) - Element is visible on the page.
23:26:34.074 INFO  driver.Page (    Page.java:105) - Text got from the locator {} [[ChromeDriver: chrome on MAC (686e26649a279ce4c203e6e12ea1ef11)] -> css selector: .sign_in_text] is Problems Signing In
23:26:34.079 INFO  scp.LoginPage (LoginPage.java:271) - Forgot Username Label {}: Problems Signing In
23:30:49.508 INFO  driver.Page (    Page.java:110) - Wait for the element {} [[ChromeDriver: chrome on MAC (686e26649a279ce4c203e6e12ea1ef11)] -> css selector: #btnResidentialType] to be visible on the page for duration of {} 120
23:30:49.509 INFO  driver.Page (    Page.java:167) - Waiting for element to be visible for 120 seconds.
23:30:49.653 INFO  driver.Page (    Page.java:170) - Element is visible on the page.
23:30:49.805 INFO  driver.Page (    Page.java:113) - Text got from the locator {} [[ChromeDriver: chrome on MAC (686e26649a279ce4c203e6e12ea1ef11)] -> css selector: #btnResidentialType] is Register
23:34:26.328 INFO  runner.TestRunner (TestRunner.java:32) - Initializing application properties config file.
23:34:26.330 INFO  runner.TestRunner (TestRunner.java:35) - Initializing connection to the base database.
23:34:26.419 WARN  config.DatabaseConfiguration (DatabaseConfiguration.java:84) - QA env being used by default. No env property set. This can be set in the sentinel.yml config file with a '{}=' property or on the command line with the switch '-D{}='.
23:34:28.616 INFO  runner.TestRunner (TestRunner.java:38) - Initializing resource path config file.
23:34:28.617 INFO  runner.TestRunner (TestRunner.java:41) - Initializing usage months config from CSP.
23:34:29.445 INFO  runner.TestRunner (TestRunner.java:44) - Initializing date config from CSP.
23:34:30.227 INFO  runner.TestRunner (TestRunner.java:47) - Initializing user model config.
23:34:30.241 WARN  config.Configuration (Configuration.java:231) - QA env being used by default. No env property set. This can be set in the sew.app.yml config file with a '{}=' property or on the command line with the switch '-D{}='.
23:34:31.107 INFO  runner.TestRunner (TestRunner.java:50) - Initializing auth token config.
23:34:32.843 INFO  driver.WebDriverFactory (WebDriverFactory.java:207) - Setting up the browser window to its max.
23:34:33.291 INFO  driver.WebDriverFactory (WebDriverFactory.java:196) - Initializing the implicit wait timeout for {} 5
23:34:33.300 INFO  driver.WebDriverFactory (WebDriverFactory.java:199) - Initializing the page load timeout.
23:34:33.304 INFO  driver.DriverFactory (DriverFactory.java:89) - Clearing all the cookies.
23:34:33.316 INFO  driver.DriverFactory (DriverFactory.java:56) - Open the url {} https://qa.smartcmobile.net/SCM_10.0_S-SCP/ using the selenium get() method.
23:35:15.189 INFO  driver.DriverFactory (DriverFactory.java:89) - Clearing all the cookies.
23:35:15.222 INFO  scp.LoginTests (LoginTests.java:26) - To verify the tests with the below test case id's: C75080, C101604
23:35:15.236 INFO  scp.LoginPage (LoginPage.java:171) - Checking that the current page is login page.
23:35:15.236 INFO  driver.Page (    Page.java:36) - Fetching the current URL.
23:35:15.239 INFO  driver.Page (    Page.java:37) - The Current URL is: https://qa.smartcmobile.net/SCM_10.0_S-SCP/
23:35:15.241 INFO  driver.Page (    Page.java:42) - Fetching the current title.
23:35:15.243 INFO  driver.Page (    Page.java:43) - The Current Title is: SCM :Login
23:35:15.246 INFO  scp.LoginPage (LoginPage.java:174) - The current page is login page {}: true
23:35:15.248 INFO  scp.LoginPage (LoginPage.java:179) - Checking the visibility of company logo on the page.
23:35:15.268 INFO  driver.Page (    Page.java:203) - Element {} : [[ChromeDriver: chrome on MAC (34ac417269500836bfe7ff267a9b08bf)] -> css selector: #logo-container] is visible on the page.
23:35:15.268 INFO  scp.LoginPage (LoginPage.java:180) - Company logo visibility status {}: true
23:35:15.281 INFO  driver.Page (    Page.java:203) - Element {} : [[ChromeDriver: chrome on MAC (34ac417269500836bfe7ff267a9b08bf)] -> css selector: #logo-container] is visible on the page.
23:35:15.282 INFO  scp.LoginPage (LoginPage.java:185) - Checking the visibility of language dropdown on the page.
23:35:15.294 INFO  driver.Page (    Page.java:203) - Element {} : [[ChromeDriver: chrome on MAC (34ac417269500836bfe7ff267a9b08bf)] -> css selector: #LanguageDrpdwn_sample] is visible on the page.
23:35:15.295 INFO  scp.LoginPage (LoginPage.java:186) - Language dropdown visibility status {}: true
23:35:15.305 INFO  driver.Page (    Page.java:203) - Element {} : [[ChromeDriver: chrome on MAC (34ac417269500836bfe7ff267a9b08bf)] -> css selector: #LanguageDrpdwn_sample] is visible on the page.
23:35:15.305 INFO  scp.LoginPage (LoginPage.java:191) - Checking the selected option in language dropdown on the page.
23:35:15.310 INFO  driver.Page (    Page.java:102) - Wait for the element {} [[ChromeDriver: chrome on MAC (34ac417269500836bfe7ff267a9b08bf)] -> css selector: i.lan_txt_hide] to be visible on the page for duration of {} 120
23:35:15.310 INFO  driver.Page (    Page.java:167) - Waiting for element to be visible for 120 seconds.
23:35:15.319 INFO  driver.Page (    Page.java:170) - Element is visible on the page.
23:35:15.333 INFO  driver.Page (    Page.java:105) - Text got from the locator {} [[ChromeDriver: chrome on MAC (34ac417269500836bfe7ff267a9b08bf)] -> css selector: i.lan_txt_hide] is ENGLISH
23:35:15.339 INFO  scp.LoginPage (LoginPage.java:193) - Language dropdown selected option value {}: ENGLISH
23:35:15.341 INFO  scp.LoginPage (LoginPage.java:198) - Fetching the login page header.
23:35:15.345 INFO  driver.Page (    Page.java:102) - Wait for the element {} [[ChromeDriver: chrome on MAC (34ac417269500836bfe7ff267a9b08bf)] -> css selector: .loginPaper .Loginpagehead] to be visible on the page for duration of {} 120
23:35:15.345 INFO  driver.Page (    Page.java:167) - Waiting for element to be visible for 120 seconds.
23:35:15.353 INFO  driver.Page (    Page.java:170) - Element is visible on the page.
23:35:15.363 INFO  driver.Page (    Page.java:105) - Text got from the locator {} [[ChromeDriver: chrome on MAC (34ac417269500836bfe7ff267a9b08bf)] -> css selector: .loginPaper .Loginpagehead] is LOGIN
23:35:15.369 INFO  scp.LoginPage (LoginPage.java:200) - Login page header is {}: LOGIN
23:35:15.369 INFO  scp.LoginPage (LoginPage.java:205) - Checking that the username field is visible on the login page.
23:35:15.381 INFO  driver.Page (    Page.java:203) - Element {} : [[ChromeDriver: chrome on MAC (34ac417269500836bfe7ff267a9b08bf)] -> css selector: [id='txtLogin']] is visible on the page.
23:35:15.381 INFO  scp.LoginPage (LoginPage.java:210) - Fetching the username placeholder.
23:35:15.385 INFO  driver.Page (    Page.java:102) - Wait for the element {} [[ChromeDriver: chrome on MAC (34ac417269500836bfe7ff267a9b08bf)] -> css selector: #txtLogin ~ label[class='effect_lbl']] to be visible on the page for duration of {} 120
23:35:15.386 INFO  driver.Page (    Page.java:167) - Waiting for element to be visible for 120 seconds.
23:35:15.394 INFO  driver.Page (    Page.java:170) - Element is visible on the page.
23:35:15.409 INFO  driver.Page (    Page.java:105) - Text got from the locator {} [[ChromeDriver: chrome on MAC (34ac417269500836bfe7ff267a9b08bf)] -> css selector: #txtLogin ~ label[class='effect_lbl']] is Username
23:35:15.415 INFO  scp.LoginPage (LoginPage.java:212) - Username placeholder {}: Username
23:35:15.415 INFO  scp.LoginPage (LoginPage.java:223) - Checking that the password field is visible on the login page.
23:35:15.427 INFO  driver.Page (    Page.java:203) - Element {} : [[ChromeDriver: chrome on MAC (34ac417269500836bfe7ff267a9b08bf)] -> css selector: [id='txtpwd']] is visible on the page.
23:35:15.427 INFO  scp.LoginPage (LoginPage.java:228) - Fetching the password placeholder.
23:35:15.431 INFO  driver.Page (    Page.java:102) - Wait for the element {} [[ChromeDriver: chrome on MAC (34ac417269500836bfe7ff267a9b08bf)] -> css selector: #txtpwd ~ label[class='effect_lbl']] to be visible on the page for duration of {} 120
23:35:15.431 INFO  driver.Page (    Page.java:167) - Waiting for element to be visible for 120 seconds.
23:35:15.439 INFO  driver.Page (    Page.java:170) - Element is visible on the page.
23:35:15.449 INFO  driver.Page (    Page.java:105) - Text got from the locator {} [[ChromeDriver: chrome on MAC (34ac417269500836bfe7ff267a9b08bf)] -> css selector: #txtpwd ~ label[class='effect_lbl']] is Password
23:35:15.454 INFO  scp.LoginPage (LoginPage.java:230) - Password placeholder {}: Password
23:35:15.458 INFO  scp.LoginPage (LoginPage.java:241) - Remember me checkbox visible status {}: [[ChromeDriver: chrome on MAC (34ac417269500836bfe7ff267a9b08bf)] -> css selector: input#rmbrme]
23:35:15.470 INFO  driver.Page (    Page.java:102) - Wait for the element {} [[ChromeDriver: chrome on MAC (34ac417269500836bfe7ff267a9b08bf)] -> css selector: #btnlogin] to be visible on the page for duration of {} 120
23:35:15.470 INFO  driver.Page (    Page.java:167) - Waiting for element to be visible for 120 seconds.
23:35:15.477 INFO  driver.Page (    Page.java:170) - Element is visible on the page.
23:35:15.490 INFO  driver.Page (    Page.java:105) - Text got from the locator {} [[ChromeDriver: chrome on MAC (34ac417269500836bfe7ff267a9b08bf)] -> css selector: #btnlogin] is Sign In
23:35:15.498 INFO  scp.LoginPage (LoginPage.java:247) - Sign in button label {}: Sign In
23:35:15.506 INFO  driver.Page (    Page.java:102) - Wait for the element {} [[ChromeDriver: chrome on MAC (34ac417269500836bfe7ff267a9b08bf)] -> link text: Forgot Username] to be visible on the page for duration of {} 120
23:35:15.506 INFO  driver.Page (    Page.java:167) - Waiting for element to be visible for 120 seconds.
23:35:15.515 INFO  driver.Page (    Page.java:170) - Element is visible on the page.
23:35:15.528 INFO  driver.Page (    Page.java:105) - Text got from the locator {} [[ChromeDriver: chrome on MAC (34ac417269500836bfe7ff267a9b08bf)] -> link text: Forgot Username] is Forgot Username
23:35:15.535 INFO  scp.LoginPage (LoginPage.java:259) - Forgot Username Label {}: Forgot Username
23:35:15.541 INFO  driver.Page (    Page.java:102) - Wait for the element {} [[ChromeDriver: chrome on MAC (34ac417269500836bfe7ff267a9b08bf)] -> link text: Forgot Password] to be visible on the page for duration of {} 120
23:35:15.541 INFO  driver.Page (    Page.java:167) - Waiting for element to be visible for 120 seconds.
23:35:15.550 INFO  driver.Page (    Page.java:170) - Element is visible on the page.
23:35:15.563 INFO  driver.Page (    Page.java:105) - Text got from the locator {} [[ChromeDriver: chrome on MAC (34ac417269500836bfe7ff267a9b08bf)] -> link text: Forgot Password] is Forgot Password
23:35:15.570 INFO  scp.LoginPage (LoginPage.java:265) - Forgot Username Label {}: Forgot Password
23:35:15.575 INFO  driver.Page (    Page.java:102) - Wait for the element {} [[ChromeDriver: chrome on MAC (34ac417269500836bfe7ff267a9b08bf)] -> css selector: .sign_in_text] to be visible on the page for duration of {} 120
23:35:15.575 INFO  driver.Page (    Page.java:167) - Waiting for element to be visible for 120 seconds.
23:35:15.586 INFO  driver.Page (    Page.java:170) - Element is visible on the page.
23:35:15.614 INFO  driver.Page (    Page.java:105) - Text got from the locator {} [[ChromeDriver: chrome on MAC (34ac417269500836bfe7ff267a9b08bf)] -> css selector: .sign_in_text] is Problems Signing In
23:35:15.622 INFO  scp.LoginPage (LoginPage.java:271) - Forgot Username Label {}: Problems Signing In
23:35:15.626 INFO  driver.Page (    Page.java:110) - Wait for the element {} [[ChromeDriver: chrome on MAC (34ac417269500836bfe7ff267a9b08bf)] -> css selector: #btnResidentialType] to be visible on the page for duration of {} 120
23:35:15.626 INFO  driver.Page (    Page.java:167) - Waiting for element to be visible for 120 seconds.
23:35:15.640 INFO  driver.Page (    Page.java:170) - Element is visible on the page.
23:35:15.652 INFO  driver.Page (    Page.java:113) - Text got from the locator {} [[ChromeDriver: chrome on MAC (34ac417269500836bfe7ff267a9b08bf)] -> css selector: #btnResidentialType] is Register
23:35:15.659 INFO  scp.LoginPage (LoginPage.java:277) - Forgot Username Label {}: Register
23:35:19.107 INFO  driver.DriverFactory (DriverFactory.java:89) - Clearing all the cookies.
23:35:19.110 INFO  scp.LoginTests (LoginTests.java:42) - To verify the tests with the below test case id's: C77197
23:35:19.112 INFO  scp.LoginPage (LoginPage.java:171) - Checking that the current page is login page.
23:35:19.112 INFO  driver.Page (    Page.java:36) - Fetching the current URL.
23:35:19.114 INFO  driver.Page (    Page.java:37) - The Current URL is: https://qa.smartcmobile.net/SCM_10.0_S-SCP/
23:35:19.116 INFO  driver.Page (    Page.java:42) - Fetching the current title.
23:35:19.117 INFO  driver.Page (    Page.java:43) - The Current Title is: SCM :Login
23:35:19.119 INFO  scp.LoginPage (LoginPage.java:174) - The current page is login page {}: true
23:35:19.119 INFO  scp.LoginPage (LoginPage.java:217) - Populating username {} :link@_-&+residential
23:35:19.122 INFO  driver.Page (    Page.java:85) - Wait for element {} [[ChromeDriver: chrome on MAC (34ac417269500836bfe7ff267a9b08bf)] -> css selector: [id='txtLogin']] to be present in the DOM for duration of {} 120
23:35:19.122 INFO  driver.Page (    Page.java:167) - Waiting for element to be visible for 120 seconds.
23:35:19.129 INFO  driver.Page (    Page.java:170) - Element is visible on the page.
23:35:19.132 INFO  driver.Page (    Page.java:87) - Clearing the element {} [[ChromeDriver: chrome on MAC (34ac417269500836bfe7ff267a9b08bf)] -> css selector: [id='txtLogin']] before sending the keys.
23:35:19.150 INFO  driver.Page (    Page.java:89) - Sending the following keys {} link@_-&+residential to the element {} [[ChromeDriver: chrome on MAC (34ac417269500836bfe7ff267a9b08bf)] -> css selector: [id='txtLogin']]
23:35:19.248 INFO  scp.LoginPage (LoginPage.java:219) - Username populated successfully.
23:35:19.248 INFO  scp.LoginPage (LoginPage.java:235) - Populating password {} :Demo@#$%!_-&+3
23:35:19.251 INFO  driver.Page (    Page.java:85) - Wait for element {} [[ChromeDriver: chrome on MAC (34ac417269500836bfe7ff267a9b08bf)] -> css selector: [id='txtpwd']] to be present in the DOM for duration of {} 120
23:35:19.252 INFO  driver.Page (    Page.java:167) - Waiting for element to be visible for 120 seconds.
23:35:19.258 INFO  driver.Page (    Page.java:170) - Element is visible on the page.
23:35:19.261 INFO  driver.Page (    Page.java:87) - Clearing the element {} [[ChromeDriver: chrome on MAC (34ac417269500836bfe7ff267a9b08bf)] -> css selector: [id='txtpwd']] before sending the keys.
23:35:19.279 INFO  driver.Page (    Page.java:89) - Sending the following keys {} Demo@#$%!_-&+3 to the element {} [[ChromeDriver: chrome on MAC (34ac417269500836bfe7ff267a9b08bf)] -> css selector: [id='txtpwd']]
23:35:19.303 INFO  scp.LoginPage (LoginPage.java:237) - Password populated successfully.
23:35:19.303 INFO  scp.LoginPage (LoginPage.java:252) - Clicking the sign in button.
23:35:19.303 INFO  driver.Page (    Page.java:55) - Preparing for element to click.
23:35:19.303 INFO  driver.Page (    Page.java:142) - Waiting for element to be clickable for 120 seconds.
23:35:19.316 INFO  driver.Page (    Page.java:145) - Element is clickable now.
23:35:19.337 INFO  driver.Page (    Page.java:58) - Element is clicked successfully.
23:35:19.337 INFO  scp.LoginPage (LoginPage.java:254) - Sign in button clicked successfully.
23:35:19.338 INFO  scp.HomePage (HomePage.java:22) - Wait for page loader visibility.
23:35:19.338 INFO  driver.Page (    Page.java:167) - Waiting for element to be visible for 120 seconds.
23:35:20.400 INFO  driver.Page (    Page.java:170) - Element is visible on the page.
23:35:20.401 INFO  scp.HomePage (HomePage.java:24) - Wait for page loader invisibility.
23:35:20.401 INFO  driver.Page (    Page.java:181) - Waiting for element to be invisible for 120 seconds.
23:52:13.494 INFO  runner.TestRunner (TestRunner.java:32) - Initializing application properties config file.
23:52:13.495 INFO  runner.TestRunner (TestRunner.java:35) - Initializing connection to the base database.
23:52:13.589 WARN  config.DatabaseConfiguration (DatabaseConfiguration.java:84) - QA env being used by default. No env property set. This can be set in the sentinel.yml config file with a '{}=' property or on the command line with the switch '-D{}='.
23:52:15.280 INFO  runner.TestRunner (TestRunner.java:38) - Initializing resource path config file.
23:52:15.281 INFO  runner.TestRunner (TestRunner.java:41) - Initializing usage months config from CSP.
23:52:16.103 INFO  runner.TestRunner (TestRunner.java:44) - Initializing date config from CSP.
23:52:16.887 INFO  runner.TestRunner (TestRunner.java:47) - Initializing user model config.
23:52:16.901 WARN  config.Configuration (Configuration.java:231) - QA env being used by default. No env property set. This can be set in the sew.app.yml config file with a '{}=' property or on the command line with the switch '-D{}='.
23:52:17.679 INFO  runner.TestRunner (TestRunner.java:50) - Initializing auth token config.
23:52:19.542 INFO  driver.WebDriverFactory (WebDriverFactory.java:207) - Setting up the browser window to its max.
23:52:20.012 INFO  driver.WebDriverFactory (WebDriverFactory.java:196) - Initializing the implicit wait timeout for {} 5
23:52:20.028 INFO  driver.WebDriverFactory (WebDriverFactory.java:199) - Initializing the page load timeout.
23:52:20.048 INFO  driver.DriverFactory (DriverFactory.java:89) - Clearing all the cookies.
23:52:20.058 INFO  driver.DriverFactory (DriverFactory.java:56) - Open the url {} https://qa.smartcmobile.net/SCM_10.0_S-SCP/ using the selenium get() method.
23:53:01.911 INFO  driver.DriverFactory (DriverFactory.java:89) - Clearing all the cookies.
23:53:01.946 INFO  scp.LoginTests (LoginTests.java:26) - To verify the tests with the below test case id's: C75080, C101604
23:53:01.962 INFO  scp.LoginPage (LoginPage.java:176) - Checking that the current page is login page.
23:53:01.963 INFO  driver.Page (    Page.java:36) - Fetching the current URL.
23:53:01.965 INFO  driver.Page (    Page.java:37) - The Current URL is: https://qa.smartcmobile.net/SCM_10.0_S-SCP/
23:53:01.968 INFO  driver.Page (    Page.java:42) - Fetching the current title.
23:53:01.971 INFO  driver.Page (    Page.java:43) - The Current Title is: SCM :Login
23:53:01.972 INFO  scp.LoginPage (LoginPage.java:179) - The current page is login page {}: true
23:53:01.974 INFO  scp.LoginPage (LoginPage.java:184) - Checking the visibility of company logo on the page.
23:53:01.994 INFO  driver.Page (    Page.java:203) - Element {} : [[ChromeDriver: chrome on MAC (e19aabb18ab71ab35d8f2e8f650958db)] -> css selector: #logo-container] is visible on the page.
23:53:01.994 INFO  scp.LoginPage (LoginPage.java:185) - Company logo visibility status {}: true
23:53:02.007 INFO  driver.Page (    Page.java:203) - Element {} : [[ChromeDriver: chrome on MAC (e19aabb18ab71ab35d8f2e8f650958db)] -> css selector: #logo-container] is visible on the page.
23:53:02.008 INFO  scp.LoginPage (LoginPage.java:190) - Checking the visibility of language dropdown on the page.
23:53:02.027 INFO  driver.Page (    Page.java:203) - Element {} : [[ChromeDriver: chrome on MAC (e19aabb18ab71ab35d8f2e8f650958db)] -> css selector: #LanguageDrpdwn_sample] is visible on the page.
23:53:02.028 INFO  scp.LoginPage (LoginPage.java:191) - Language dropdown visibility status {}: true
23:53:02.038 INFO  driver.Page (    Page.java:203) - Element {} : [[ChromeDriver: chrome on MAC (e19aabb18ab71ab35d8f2e8f650958db)] -> css selector: #LanguageDrpdwn_sample] is visible on the page.
23:53:02.038 INFO  scp.LoginPage (LoginPage.java:196) - Checking the selected option in language dropdown on the page.
23:53:02.043 INFO  driver.Page (    Page.java:102) - Wait for the element {} [[ChromeDriver: chrome on MAC (e19aabb18ab71ab35d8f2e8f650958db)] -> css selector: i.lan_txt_hide] to be visible on the page for duration of {} 120
23:53:02.044 INFO  driver.Page (    Page.java:167) - Waiting for element to be visible for 120 seconds.
23:53:02.053 INFO  driver.Page (    Page.java:170) - Element is visible on the page.
23:53:02.066 INFO  driver.Page (    Page.java:105) - Text got from the locator {} [[ChromeDriver: chrome on MAC (e19aabb18ab71ab35d8f2e8f650958db)] -> css selector: i.lan_txt_hide] is ENGLISH
23:53:02.072 INFO  scp.LoginPage (LoginPage.java:198) - Language dropdown selected option value {}: ENGLISH
23:53:02.072 INFO  scp.LoginPage (LoginPage.java:203) - Fetching the login page header.
23:53:02.076 INFO  driver.Page (    Page.java:102) - Wait for the element {} [[ChromeDriver: chrome on MAC (e19aabb18ab71ab35d8f2e8f650958db)] -> css selector: .loginPaper .Loginpagehead] to be visible on the page for duration of {} 120
23:53:02.076 INFO  driver.Page (    Page.java:167) - Waiting for element to be visible for 120 seconds.
23:53:02.084 INFO  driver.Page (    Page.java:170) - Element is visible on the page.
23:53:02.095 INFO  driver.Page (    Page.java:105) - Text got from the locator {} [[ChromeDriver: chrome on MAC (e19aabb18ab71ab35d8f2e8f650958db)] -> css selector: .loginPaper .Loginpagehead] is LOGIN
23:53:02.100 INFO  scp.LoginPage (LoginPage.java:205) - Login page header is {}: LOGIN
23:53:02.100 INFO  scp.LoginPage (LoginPage.java:210) - Checking that the username field is visible on the login page.
23:53:02.112 INFO  driver.Page (    Page.java:203) - Element {} : [[ChromeDriver: chrome on MAC (e19aabb18ab71ab35d8f2e8f650958db)] -> css selector: [id='txtLogin']] is visible on the page.
23:53:02.112 INFO  scp.LoginPage (LoginPage.java:215) - Fetching the username placeholder.
23:53:02.116 INFO  driver.Page (    Page.java:102) - Wait for the element {} [[ChromeDriver: chrome on MAC (e19aabb18ab71ab35d8f2e8f650958db)] -> css selector: #txtLogin ~ label[class='effect_lbl']] to be visible on the page for duration of {} 120
23:53:02.117 INFO  driver.Page (    Page.java:167) - Waiting for element to be visible for 120 seconds.
23:53:02.124 INFO  driver.Page (    Page.java:170) - Element is visible on the page.
23:53:02.135 INFO  driver.Page (    Page.java:105) - Text got from the locator {} [[ChromeDriver: chrome on MAC (e19aabb18ab71ab35d8f2e8f650958db)] -> css selector: #txtLogin ~ label[class='effect_lbl']] is Username
23:53:02.140 INFO  scp.LoginPage (LoginPage.java:217) - Username placeholder {}: Username
23:53:02.140 INFO  scp.LoginPage (LoginPage.java:228) - Checking that the password field is visible on the login page.
23:53:02.152 INFO  driver.Page (    Page.java:203) - Element {} : [[ChromeDriver: chrome on MAC (e19aabb18ab71ab35d8f2e8f650958db)] -> css selector: [id='txtpwd']] is visible on the page.
23:53:02.152 INFO  scp.LoginPage (LoginPage.java:233) - Fetching the password placeholder.
23:53:02.156 INFO  driver.Page (    Page.java:102) - Wait for the element {} [[ChromeDriver: chrome on MAC (e19aabb18ab71ab35d8f2e8f650958db)] -> css selector: #txtpwd ~ label[class='effect_lbl']] to be visible on the page for duration of {} 120
23:53:02.156 INFO  driver.Page (    Page.java:167) - Waiting for element to be visible for 120 seconds.
23:53:02.164 INFO  driver.Page (    Page.java:170) - Element is visible on the page.
23:53:02.174 INFO  driver.Page (    Page.java:105) - Text got from the locator {} [[ChromeDriver: chrome on MAC (e19aabb18ab71ab35d8f2e8f650958db)] -> css selector: #txtpwd ~ label[class='effect_lbl']] is Password
23:53:02.180 INFO  scp.LoginPage (LoginPage.java:235) - Password placeholder {}: Password
23:53:02.187 INFO  scp.LoginPage (LoginPage.java:246) - Remember me checkbox visible status {}: 1
23:53:02.192 INFO  driver.Page (    Page.java:212) - Element {} : [[[ChromeDriver: chrome on MAC (e19aabb18ab71ab35d8f2e8f650958db)] -> css selector: input#rmbrme]] is visible on the page.
23:53:02.196 INFO  driver.Page (    Page.java:102) - Wait for the element {} [[ChromeDriver: chrome on MAC (e19aabb18ab71ab35d8f2e8f650958db)] -> css selector: #btnlogin] to be visible on the page for duration of {} 120
23:53:02.196 INFO  driver.Page (    Page.java:167) - Waiting for element to be visible for 120 seconds.
23:53:02.204 INFO  driver.Page (    Page.java:170) - Element is visible on the page.
23:53:02.217 INFO  driver.Page (    Page.java:105) - Text got from the locator {} [[ChromeDriver: chrome on MAC (e19aabb18ab71ab35d8f2e8f650958db)] -> css selector: #btnlogin] is Sign In
23:53:02.223 INFO  scp.LoginPage (LoginPage.java:252) - Sign in button label {}: Sign In
23:53:02.230 INFO  driver.Page (    Page.java:102) - Wait for the element {} [[ChromeDriver: chrome on MAC (e19aabb18ab71ab35d8f2e8f650958db)] -> link text: Forgot Username] to be visible on the page for duration of {} 120
23:53:02.230 INFO  driver.Page (    Page.java:167) - Waiting for element to be visible for 120 seconds.
23:53:02.238 INFO  driver.Page (    Page.java:170) - Element is visible on the page.
23:53:02.251 INFO  driver.Page (    Page.java:105) - Text got from the locator {} [[ChromeDriver: chrome on MAC (e19aabb18ab71ab35d8f2e8f650958db)] -> link text: Forgot Username] is Forgot Username
23:53:02.258 INFO  scp.LoginPage (LoginPage.java:264) - Forgot Username Label {}: Forgot Username
23:53:02.264 INFO  driver.Page (    Page.java:102) - Wait for the element {} [[ChromeDriver: chrome on MAC (e19aabb18ab71ab35d8f2e8f650958db)] -> link text: Forgot Password] to be visible on the page for duration of {} 120
23:53:02.264 INFO  driver.Page (    Page.java:167) - Waiting for element to be visible for 120 seconds.
23:53:02.273 INFO  driver.Page (    Page.java:170) - Element is visible on the page.
23:53:02.286 INFO  driver.Page (    Page.java:105) - Text got from the locator {} [[ChromeDriver: chrome on MAC (e19aabb18ab71ab35d8f2e8f650958db)] -> link text: Forgot Password] is Forgot Password
23:53:02.293 INFO  scp.LoginPage (LoginPage.java:270) - Forgot Username Label {}: Forgot Password
23:53:02.297 INFO  driver.Page (    Page.java:102) - Wait for the element {} [[ChromeDriver: chrome on MAC (e19aabb18ab71ab35d8f2e8f650958db)] -> css selector: .sign_in_text] to be visible on the page for duration of {} 120
23:53:02.298 INFO  driver.Page (    Page.java:167) - Waiting for element to be visible for 120 seconds.
23:53:02.305 INFO  driver.Page (    Page.java:170) - Element is visible on the page.
23:53:02.316 INFO  driver.Page (    Page.java:105) - Text got from the locator {} [[ChromeDriver: chrome on MAC (e19aabb18ab71ab35d8f2e8f650958db)] -> css selector: .sign_in_text] is Problems Signing In
23:53:02.322 INFO  scp.LoginPage (LoginPage.java:276) - Forgot Username Label {}: Problems Signing In
23:53:02.326 INFO  driver.Page (    Page.java:110) - Wait for the element {} [[ChromeDriver: chrome on MAC (e19aabb18ab71ab35d8f2e8f650958db)] -> css selector: #btnResidentialType] to be visible on the page for duration of {} 120
23:53:02.326 INFO  driver.Page (    Page.java:167) - Waiting for element to be visible for 120 seconds.
23:53:02.333 INFO  driver.Page (    Page.java:170) - Element is visible on the page.
23:53:02.344 INFO  driver.Page (    Page.java:113) - Text got from the locator {} [[ChromeDriver: chrome on MAC (e19aabb18ab71ab35d8f2e8f650958db)] -> css selector: #btnResidentialType] is Register
23:53:02.352 INFO  scp.LoginPage (LoginPage.java:282) - Forgot Username Label {}: Register
23:53:02.352 INFO  scp.LoginTests (LoginTests.java:35) - Test Case execution for - verifyLoginPageObjects - is Completed.
23:53:05.437 INFO  driver.DriverFactory (DriverFactory.java:89) - Clearing all the cookies.
23:53:05.442 INFO  scp.LoginTests (LoginTests.java:42) - To verify the tests with the below test case id's: C77197
23:53:05.446 INFO  scp.LoginPage (LoginPage.java:176) - Checking that the current page is login page.
23:53:05.446 INFO  driver.Page (    Page.java:36) - Fetching the current URL.
23:53:05.449 INFO  driver.Page (    Page.java:37) - The Current URL is: https://qa.smartcmobile.net/SCM_10.0_S-SCP/
23:53:05.451 INFO  driver.Page (    Page.java:42) - Fetching the current title.
23:53:05.453 INFO  driver.Page (    Page.java:43) - The Current Title is: SCM :Login
23:53:05.458 INFO  scp.LoginPage (LoginPage.java:179) - The current page is login page {}: true
23:53:05.459 INFO  scp.LoginPage (LoginPage.java:222) - Populating username {} :link@_-&+residential
23:53:05.463 INFO  driver.Page (    Page.java:85) - Wait for element {} [[ChromeDriver: chrome on MAC (e19aabb18ab71ab35d8f2e8f650958db)] -> css selector: [id='txtLogin']] to be present in the DOM for duration of {} 120
23:53:05.463 INFO  driver.Page (    Page.java:167) - Waiting for element to be visible for 120 seconds.
23:53:05.472 INFO  driver.Page (    Page.java:170) - Element is visible on the page.
23:53:05.475 INFO  driver.Page (    Page.java:87) - Clearing the element {} [[ChromeDriver: chrome on MAC (e19aabb18ab71ab35d8f2e8f650958db)] -> css selector: [id='txtLogin']] before sending the keys.
23:53:05.499 INFO  driver.Page (    Page.java:89) - Sending the following keys {} link@_-&+residential to the element {} [[ChromeDriver: chrome on MAC (e19aabb18ab71ab35d8f2e8f650958db)] -> css selector: [id='txtLogin']]
23:53:05.602 INFO  scp.LoginPage (LoginPage.java:224) - Username populated successfully.
23:53:05.603 INFO  scp.LoginPage (LoginPage.java:240) - Populating password {} :Demo@#$%!_-&+3
23:53:05.606 INFO  driver.Page (    Page.java:85) - Wait for element {} [[ChromeDriver: chrome on MAC (e19aabb18ab71ab35d8f2e8f650958db)] -> css selector: [id='txtpwd']] to be present in the DOM for duration of {} 120
23:53:05.606 INFO  driver.Page (    Page.java:167) - Waiting for element to be visible for 120 seconds.
23:53:05.612 INFO  driver.Page (    Page.java:170) - Element is visible on the page.
23:53:05.615 INFO  driver.Page (    Page.java:87) - Clearing the element {} [[ChromeDriver: chrome on MAC (e19aabb18ab71ab35d8f2e8f650958db)] -> css selector: [id='txtpwd']] before sending the keys.
23:53:05.633 INFO  driver.Page (    Page.java:89) - Sending the following keys {} Demo@#$%!_-&+3 to the element {} [[ChromeDriver: chrome on MAC (e19aabb18ab71ab35d8f2e8f650958db)] -> css selector: [id='txtpwd']]
23:53:05.658 INFO  scp.LoginPage (LoginPage.java:242) - Password populated successfully.
23:53:05.658 INFO  scp.LoginPage (LoginPage.java:257) - Clicking the sign in button.
23:53:05.659 INFO  driver.Page (    Page.java:55) - Preparing for element to click.
23:53:05.659 INFO  driver.Page (    Page.java:142) - Waiting for element to be clickable for 120 seconds.
23:53:05.672 INFO  driver.Page (    Page.java:145) - Element is clickable now.
23:53:05.694 INFO  driver.Page (    Page.java:58) - Element is clicked successfully.
23:53:05.694 INFO  scp.LoginPage (LoginPage.java:259) - Sign in button clicked successfully.
23:53:05.694 INFO  scp.HomePage (HomePage.java:22) - Wait for page loader visibility.
23:53:05.694 INFO  driver.Page (    Page.java:167) - Waiting for element to be visible for 120 seconds.
23:53:06.756 INFO  driver.Page (    Page.java:170) - Element is visible on the page.
23:53:06.756 INFO  scp.HomePage (HomePage.java:24) - Wait for page loader invisibility.
23:53:06.756 INFO  driver.Page (    Page.java:181) - Waiting for element to be invisible for 120 seconds.
