20:58:10.828 INFO  scp.RegistrationUGIPage (RegistrationUGIPage.java:397) - Email Id populated successfully.
20:58:10.837 INFO  scp.RegistrationUGIPage (RegistrationUGIPage.java:187) - Populating Postal Code {} :19610
20:58:11.154 INFO  driver.Page (    Page.java:129) - Wait for element {} [[ChromeDriver: chrome on WINDOWS (5d0993599bc9df80d581b6df22538210)] -> css selector: input[mappingname='PostalCode']] to be present in the DOM for duration of {} 120
20:58:11.154 INFO  driver.Page (    Page.java:257) - Waiting for element to be visible for 120 seconds.
20:58:11.654 INFO  driver.Page (    Page.java:260) - Element is visible on the page.
20:58:11.849 INFO  driver.Page (    Page.java:131) - Clearing the element {} [[ChromeDriver: chrome on WINDOWS (5d0993599bc9df80d581b6df22538210)] -> css selector: input[mappingname='PostalCode']] before sending the keys.
20:58:12.660 INFO  driver.Page (    Page.java:133) - Sending the following keys {} 19610 to the element {} [[ChromeDriver: chrome on WINDOWS (5d0993599bc9df80d581b6df22538210)] -> css selector: input[mappingname='PostalCode']]
20:58:14.722 INFO  scp.RegistrationUGIPage (RegistrationUGIPage.java:189) - Postal Code populated successfully.
20:58:15.444 INFO  driver.Page (    Page.java:569) - Preparing for element to click.
20:58:15.994 INFO  driver.Page (    Page.java:576) - Element is clicked successfully.
20:58:15.994 INFO  scp.RegistrationUGIPage (RegistrationUGIPage.java:641) - Next Button clicked successfully.
20:58:15.994 INFO  scp.HomePage (HomePage.java:194) - Wait for Spinner Loading Image invisibility.
20:58:15.994 INFO  driver.Page (    Page.java:271) - Waiting for element to be invisible for 120 seconds.
20:58:54.988 INFO  driver.Page (    Page.java:274) - Element is invisible from the page.
20:58:54.988 INFO  scp.RegistrationUGIPage (RegistrationUGIPage.java:414) - Checking the visibility of Mobile Number on the page.
20:58:55.023 INFO  scp.RegistrationUGIPage (RegistrationUGIPage.java:415) - Mobile Number visibility status : false
20:59:05.874 INFO  scp.RegistrationUGISteps (RegistrationUGISteps.java:107) - feedback popup not displayed
20:59:05.875 INFO  scp.RegistrationUGIPage (RegistrationUGIPage.java:296) - Populating UtilityAccountNumber {} :421002206888
20:59:06.023 INFO  driver.Page (    Page.java:129) - Wait for element {} [[ChromeDriver: chrome on WINDOWS (5d0993599bc9df80d581b6df22538210)] -> id: txt_4] to be present in the DOM for duration of {} 120
20:59:06.023 INFO  driver.Page (    Page.java:257) - Waiting for element to be visible for 120 seconds.
20:59:06.176 INFO  driver.Page (    Page.java:260) - Element is visible on the page.
20:59:06.188 INFO  driver.Page (    Page.java:131) - Clearing the element {} [[ChromeDriver: chrome on WINDOWS (5d0993599bc9df80d581b6df22538210)] -> id: txt_4] before sending the keys.
20:59:06.572 INFO  driver.Page (    Page.java:133) - Sending the following keys {} 421002206888 to the element {} [[ChromeDriver: chrome on WINDOWS (5d0993599bc9df80d581b6df22538210)] -> id: txt_4]
20:59:08.446 INFO  scp.RegistrationUGIPage (RegistrationUGIPage.java:298) - UtilityAccountNumber populated successfully.
20:59:08.447 INFO  scp.RegistrationUGIPage (RegistrationUGIPage.java:395) - Populating SSN Number {} :421002206888@yopmail.com
20:59:08.749 INFO  driver.Page (    Page.java:129) - Wait for element {} [[ChromeDriver: chrome on WINDOWS (5d0993599bc9df80d581b6df22538210)] -> css selector: input[mappingname = 'EmailID']] to be present in the DOM for duration of {} 120
20:59:08.749 INFO  driver.Page (    Page.java:257) - Waiting for element to be visible for 120 seconds.
20:59:09.301 INFO  driver.Page (    Page.java:260) - Element is visible on the page.
20:59:09.551 INFO  driver.Page (    Page.java:131) - Clearing the element {} [[ChromeDriver: chrome on WINDOWS (5d0993599bc9df80d581b6df22538210)] -> css selector: input[mappingname = 'EmailID']] before sending the keys.
20:59:10.964 INFO  driver.Page (    Page.java:133) - Sending the following keys {} 421002206888@yopmail.com to the element {} [[ChromeDriver: chrome on WINDOWS (5d0993599bc9df80d581b6df22538210)] -> css selector: input[mappingname = 'EmailID']]
20:59:13.239 INFO  scp.RegistrationUGIPage (RegistrationUGIPage.java:397) - Email Id populated successfully.
20:59:13.240 INFO  scp.RegistrationUGIPage (RegistrationUGIPage.java:187) - Populating Postal Code {} :19619
20:59:13.253 INFO  driver.Page (    Page.java:129) - Wait for element {} [[ChromeDriver: chrome on WINDOWS (5d0993599bc9df80d581b6df22538210)] -> css selector: input[mappingname='PostalCode']] to be present in the DOM for duration of {} 120
20:59:13.253 INFO  driver.Page (    Page.java:257) - Waiting for element to be visible for 120 seconds.
20:59:13.308 INFO  driver.Page (    Page.java:260) - Element is visible on the page.
20:59:13.320 INFO  driver.Page (    Page.java:131) - Clearing the element {} [[ChromeDriver: chrome on WINDOWS (5d0993599bc9df80d581b6df22538210)] -> css selector: input[mappingname='PostalCode']] before sending the keys.
20:59:13.812 INFO  driver.Page (    Page.java:133) - Sending the following keys {} 19619 to the element {} [[ChromeDriver: chrome on WINDOWS (5d0993599bc9df80d581b6df22538210)] -> css selector: input[mappingname='PostalCode']]
20:59:15.964 INFO  scp.RegistrationUGIPage (RegistrationUGIPage.java:189) - Postal Code populated successfully.
20:59:16.602 INFO  driver.Page (    Page.java:569) - Preparing for element to click.
20:59:17.064 INFO  driver.Page (    Page.java:576) - Element is clicked successfully.
20:59:17.064 INFO  scp.RegistrationUGIPage (RegistrationUGIPage.java:641) - Next Button clicked successfully.
20:59:17.064 INFO  scp.HomePage (HomePage.java:194) - Wait for Spinner Loading Image invisibility.
20:59:17.065 INFO  driver.Page (    Page.java:271) - Waiting for element to be invisible for 120 seconds.
20:59:26.423 INFO  driver.Page (    Page.java:274) - Element is invisible from the page.
20:59:26.424 INFO  scp.RegistrationUGIPage (RegistrationUGIPage.java:414) - Checking the visibility of Mobile Number on the page.
20:59:26.914 INFO  scp.RegistrationUGIPage (RegistrationUGIPage.java:415) - Mobile Number visibility status : false
20:59:33.655 INFO  scp.RegistrationUGISteps (RegistrationUGISteps.java:107) - feedback popup not displayed
20:59:37.627 INFO  driver.DriverFactory (DriverFactory.java:125) - Clearing all the cookies.
