03:41:37.694 INFO  utils.ExcelUtils (ExcelUtils.java:41) - Test Runner excel row at: 1
03:41:37.716 INFO  utils.ExcelUtils (ExcelUtils.java:41) - Test Runner excel row at: 2
03:41:37.718 INFO  utils.ExcelUtils (ExcelUtils.java:41) - Test Runner excel row at: 3
03:41:37.719 INFO  utils.ExcelUtils (ExcelUtils.java:41) - Test Runner excel row at: 4
03:41:37.720 INFO  utils.ExcelUtils (ExcelUtils.java:41) - Test Runner excel row at: 5
03:41:37.721 INFO  utils.ExcelUtils (ExcelUtils.java:41) - Test Runner excel row at: 6
03:41:37.723 INFO  utils.ExcelUtils (ExcelUtils.java:41) - Test Runner excel row at: 7
03:41:37.724 INFO  utils.ExcelUtils (ExcelUtils.java:41) - Test Runner excel row at: 8
03:41:37.725 INFO  utils.ExcelUtils (ExcelUtils.java:41) - Test Runner excel row at: 9
03:41:37.726 INFO  utils.ExcelUtils (ExcelUtils.java:41) - Test Runner excel row at: 10
03:41:37.727 INFO  utils.ExcelUtils (ExcelUtils.java:41) - Test Runner excel row at: 11
03:41:37.728 INFO  utils.ExcelUtils (ExcelUtils.java:41) - Test Runner excel row at: 12
03:41:37.729 INFO  utils.ExcelUtils (ExcelUtils.java:41) - Test Runner excel row at: 13
03:41:37.730 INFO  utils.ExcelUtils (ExcelUtils.java:41) - Test Runner excel row at: 14
03:41:37.731 INFO  utils.ExcelUtils (ExcelUtils.java:41) - Test Runner excel row at: 15
03:41:37.732 INFO  utils.ExcelUtils (ExcelUtils.java:41) - Test Runner excel row at: 16
03:41:37.734 INFO  utils.ExcelUtils (ExcelUtils.java:41) - Test Runner excel row at: 17
03:41:37.735 INFO  utils.ExcelUtils (ExcelUtils.java:41) - Test Runner excel row at: 18
03:41:37.736 INFO  utils.ExcelUtils (ExcelUtils.java:41) - Test Runner excel row at: 19
03:41:37.736 INFO  utils.ExcelUtils (ExcelUtils.java:41) - Test Runner excel row at: 20
03:41:37.738 INFO  utils.ExcelUtils (ExcelUtils.java:41) - Test Runner excel row at: 21
03:41:37.739 INFO  utils.ExcelUtils (ExcelUtils.java:41) - Test Runner excel row at: 22
03:41:37.740 INFO  utils.ExcelUtils (ExcelUtils.java:41) - Test Runner excel row at: 23
03:41:37.740 INFO  utils.ExcelUtils (ExcelUtils.java:41) - Test Runner excel row at: 24
03:41:37.741 INFO  utils.ExcelUtils (ExcelUtils.java:41) - Test Runner excel row at: 25
03:41:37.742 INFO  utils.ExcelUtils (ExcelUtils.java:41) - Test Runner excel row at: 26
03:41:37.743 INFO  utils.ExcelUtils (ExcelUtils.java:41) - Test Runner excel row at: 27
03:41:37.743 INFO  utils.ExcelUtils (ExcelUtils.java:41) - Test Runner excel row at: 28
03:41:37.744 INFO  utils.ExcelUtils (ExcelUtils.java:41) - Test Runner excel row at: 29
03:41:37.745 INFO  utils.ExcelUtils (ExcelUtils.java:41) - Test Runner excel row at: 30
03:41:37.745 INFO  utils.ExcelUtils (ExcelUtils.java:41) - Test Runner excel row at: 31
03:41:37.746 INFO  utils.ExcelUtils (ExcelUtils.java:41) - Test Runner excel row at: 32
03:41:37.746 INFO  utils.ExcelUtils (ExcelUtils.java:41) - Test Runner excel row at: 33
03:41:37.747 INFO  utils.ExcelUtils (ExcelUtils.java:41) - Test Runner excel row at: 34
03:41:37.748 INFO  utils.ExcelUtils (ExcelUtils.java:41) - Test Runner excel row at: 35
03:41:37.748 INFO  utils.ExcelUtils (ExcelUtils.java:41) - Test Runner excel row at: 36
03:41:37.751 INFO  utils.ExcelUtils (ExcelUtils.java:41) - Test Runner excel row at: 37
03:41:37.752 INFO  utils.ExcelUtils (ExcelUtils.java:41) - Test Runner excel row at: 38
03:41:37.753 INFO  utils.ExcelUtils (ExcelUtils.java:41) - Test Runner excel row at: 39
03:41:37.753 INFO  utils.ExcelUtils (ExcelUtils.java:41) - Test Runner excel row at: 40
03:41:37.754 INFO  utils.ExcelUtils (ExcelUtils.java:41) - Test Runner excel row at: 41
03:41:37.754 INFO  utils.ExcelUtils (ExcelUtils.java:41) - Test Runner excel row at: 42
03:41:37.755 INFO  utils.ExcelUtils (ExcelUtils.java:41) - Test Runner excel row at: 43
03:41:37.756 INFO  utils.ExcelUtils (ExcelUtils.java:41) - Test Runner excel row at: 44
03:41:37.756 INFO  utils.ExcelUtils (ExcelUtils.java:41) - Test Runner excel row at: 45
03:41:37.757 INFO  utils.ExcelUtils (ExcelUtils.java:41) - Test Runner excel row at: 46
03:41:37.757 INFO  utils.ExcelUtils (ExcelUtils.java:41) - Test Runner excel row at: 47
03:41:37.758 INFO  utils.ExcelUtils (ExcelUtils.java:41) - Test Runner excel row at: 48
03:41:37.759 INFO  utils.ExcelUtils (ExcelUtils.java:41) - Test Runner excel row at: 49
03:41:37.759 INFO  utils.ExcelUtils (ExcelUtils.java:41) - Test Runner excel row at: 50
03:41:37.760 INFO  utils.ExcelUtils (ExcelUtils.java:41) - Test Runner excel row at: 51
03:41:37.761 INFO  utils.ExcelUtils (ExcelUtils.java:41) - Test Runner excel row at: 52
03:41:37.762 INFO  utils.ExcelUtils (ExcelUtils.java:41) - Test Runner excel row at: 53
03:41:37.762 INFO  utils.ExcelUtils (ExcelUtils.java:41) - Test Runner excel row at: 54
03:41:37.763 INFO  utils.ExcelUtils (ExcelUtils.java:41) - Test Runner excel row at: 55
03:41:37.763 INFO  utils.ExcelUtils (ExcelUtils.java:41) - Test Runner excel row at: 56
03:41:37.764 INFO  utils.ExcelUtils (ExcelUtils.java:41) - Test Runner excel row at: 57
03:41:37.765 INFO  utils.ExcelUtils (ExcelUtils.java:41) - Test Runner excel row at: 58
03:41:37.765 INFO  utils.ExcelUtils (ExcelUtils.java:41) - Test Runner excel row at: 59
03:41:37.766 INFO  utils.ExcelUtils (ExcelUtils.java:41) - Test Runner excel row at: 60
03:41:37.766 INFO  utils.ExcelUtils (ExcelUtils.java:41) - Test Runner excel row at: 61
03:41:37.767 INFO  utils.ExcelUtils (ExcelUtils.java:41) - Test Runner excel row at: 62
03:41:37.767 INFO  utils.ExcelUtils (ExcelUtils.java:41) - Test Runner excel row at: 63
03:41:37.768 INFO  utils.ExcelUtils (ExcelUtils.java:41) - Test Runner excel row at: 64
03:41:37.768 INFO  utils.ExcelUtils (ExcelUtils.java:41) - Test Runner excel row at: 65
03:41:37.769 INFO  utils.ExcelUtils (ExcelUtils.java:41) - Test Runner excel row at: 66
03:41:37.769 INFO  utils.ExcelUtils (ExcelUtils.java:41) - Test Runner excel row at: 67
03:41:37.769 INFO  utils.ExcelUtils (ExcelUtils.java:41) - Test Runner excel row at: 68
03:41:37.771 INFO  utils.ExcelUtils (ExcelUtils.java:41) - Test Runner excel row at: 69
03:41:37.771 INFO  utils.ExcelUtils (ExcelUtils.java:41) - Test Runner excel row at: 70
03:41:37.771 INFO  utils.ExcelUtils (ExcelUtils.java:41) - Test Runner excel row at: 71
03:41:37.772 INFO  utils.ExcelUtils (ExcelUtils.java:41) - Test Runner excel row at: 72
03:41:37.772 INFO  utils.ExcelUtils (ExcelUtils.java:41) - Test Runner excel row at: 73
03:41:37.772 INFO  utils.ExcelUtils (ExcelUtils.java:41) - Test Runner excel row at: 74
03:41:37.772 INFO  utils.ExcelUtils (ExcelUtils.java:41) - Test Runner excel row at: 75
03:41:37.773 INFO  utils.ExcelUtils (ExcelUtils.java:41) - Test Runner excel row at: 76
03:41:37.773 INFO  utils.ExcelUtils (ExcelUtils.java:41) - Test Runner excel row at: 77
03:41:37.773 INFO  utils.ExcelUtils (ExcelUtils.java:41) - Test Runner excel row at: 78
03:41:37.774 INFO  utils.ExcelUtils (ExcelUtils.java:41) - Test Runner excel row at: 79
03:41:37.774 INFO  utils.ExcelUtils (ExcelUtils.java:41) - Test Runner excel row at: 80
03:41:37.775 INFO  utils.ExcelUtils (ExcelUtils.java:41) - Test Runner excel row at: 81
03:41:37.775 INFO  utils.ExcelUtils (ExcelUtils.java:41) - Test Runner excel row at: 82
03:41:37.775 INFO  utils.ExcelUtils (ExcelUtils.java:41) - Test Runner excel row at: 83
03:41:37.776 INFO  utils.ExcelUtils (ExcelUtils.java:41) - Test Runner excel row at: 84
03:41:37.776 INFO  utils.ExcelUtils (ExcelUtils.java:41) - Test Runner excel row at: 85
03:41:37.777 INFO  utils.ExcelUtils (ExcelUtils.java:41) - Test Runner excel row at: 86
03:41:37.777 INFO  utils.ExcelUtils (ExcelUtils.java:41) - Test Runner excel row at: 87
03:41:37.778 INFO  utils.ExcelUtils (ExcelUtils.java:41) - Test Runner excel row at: 88
03:41:37.778 INFO  utils.ExcelUtils (ExcelUtils.java:41) - Test Runner excel row at: 89
03:41:37.779 INFO  utils.ExcelUtils (ExcelUtils.java:41) - Test Runner excel row at: 90
03:41:37.779 INFO  utils.ExcelUtils (ExcelUtils.java:41) - Test Runner excel row at: 91
03:41:37.780 INFO  utils.ExcelUtils (ExcelUtils.java:41) - Test Runner excel row at: 92
03:41:37.780 INFO  utils.ExcelUtils (ExcelUtils.java:41) - Test Runner excel row at: 93
03:41:37.781 INFO  utils.ExcelUtils (ExcelUtils.java:41) - Test Runner excel row at: 94
03:41:37.781 INFO  utils.ExcelUtils (ExcelUtils.java:41) - Test Runner excel row at: 95
03:41:37.782 INFO  utils.ExcelUtils (ExcelUtils.java:41) - Test Runner excel row at: 96
03:41:38.383 WARN  config.Configuration (Configuration.java:231) - QA env being used by default. No env property set. This can be set in the sew.app.yml config file with a '{}=' property or on the command line with the switch '-D{}='.
03:41:46.917 INFO  driver.WebDriverFactory (WebDriverFactory.java:192) - Setting up the browser window to its max.
03:41:47.116 INFO  driver.WebDriverFactory (WebDriverFactory.java:181) - Initializing the implicit wait timeout for {} 5
03:41:47.127 INFO  driver.WebDriverFactory (WebDriverFactory.java:184) - Initializing the page load timeout.
03:41:47.151 INFO  driver.DriverFactory (DriverFactory.java:125) - Clearing all the cookies.
03:41:47.205 INFO  driver.DriverFactory (DriverFactory.java:62) - Open the url {} https://u2-alectra.smartcmobile.net/portal/#/login using the selenium get() method.
03:41:57.283 INFO  scp.MyCurrentBillTests (MyCurrentBillTests.java:27) - Test to login in application and check my current bill
03:41:58.974 INFO  pageObjects.LoginPage (LoginPage.java:40) - Populating username {} :0023826434
03:41:58.989 INFO  driver.Page (    Page.java:129) - Wait for element {} [[ChromeDriver: chrome on windows (91e5634df43700f8e35121bff20079e7)] -> xpath: //*[@id="username"]] to be present in the DOM for duration of {} 120
03:41:58.990 INFO  driver.Page (    Page.java:257) - Waiting for element to be visible for 120 seconds.
03:41:59.024 INFO  driver.Page (    Page.java:260) - Element is visible on the page.
03:41:59.035 INFO  driver.Page (    Page.java:131) - Clearing the element {} [[ChromeDriver: chrome on windows (91e5634df43700f8e35121bff20079e7)] -> xpath: //*[@id="username"]] before sending the keys.
03:41:59.081 INFO  driver.Page (    Page.java:133) - Sending the following keys {} 0023826434 to the element {} [[ChromeDriver: chrome on windows (91e5634df43700f8e35121bff20079e7)] -> xpath: //*[@id="username"]]
03:41:59.166 INFO  pageObjects.LoginPage (LoginPage.java:42) - Username populated successfully.
03:41:59.167 INFO  pageObjects.LoginPage (LoginPage.java:48) - Populating password {} :Demo@123
03:41:59.178 INFO  driver.Page (    Page.java:129) - Wait for element {} [[ChromeDriver: chrome on windows (91e5634df43700f8e35121bff20079e7)] -> xpath: //*[@id="password"]] to be present in the DOM for duration of {} 120
03:41:59.179 INFO  driver.Page (    Page.java:257) - Waiting for element to be visible for 120 seconds.
03:41:59.203 INFO  driver.Page (    Page.java:260) - Element is visible on the page.
03:41:59.211 INFO  driver.Page (    Page.java:131) - Clearing the element {} [[ChromeDriver: chrome on windows (91e5634df43700f8e35121bff20079e7)] -> xpath: //*[@id="password"]] before sending the keys.
03:41:59.252 INFO  driver.Page (    Page.java:133) - Sending the following keys {} Demo@123 to the element {} [[ChromeDriver: chrome on windows (91e5634df43700f8e35121bff20079e7)] -> xpath: //*[@id="password"]]
03:41:59.313 INFO  pageObjects.LoginPage (LoginPage.java:50) - Password populated successfully.
03:41:59.313 INFO  pageObjects.LoginPage (LoginPage.java:57) - Clicking the sign in button.
03:41:59.314 INFO  driver.Page (    Page.java:58) - Preparing for element to click.
03:41:59.314 INFO  driver.Page (    Page.java:232) - Waiting for element to be clickable for 120 seconds.
03:41:59.356 INFO  driver.Page (    Page.java:235) - Element is clickable now.
03:41:59.403 INFO  driver.Page (    Page.java:61) - Element is clicked successfully.
03:41:59.403 INFO  pageObjects.LoginPage (LoginPage.java:59) - Sign in button clicked successfully.
03:42:02.445 INFO  pageObjects.MyCurrentBillPage (MyCurrentBillPage.java:38) - Waiting for element to be visible for 5 seconds.
03:42:02.472 INFO  pageObjects.MyCurrentBillPage (MyCurrentBillPage.java:41) - Element is visible on the page.
03:42:02.473 INFO  pageObjects.MyCurrentBillPage (MyCurrentBillPage.java:45) - Preparing for element to click.
03:42:02.497 INFO  pageObjects.MyCurrentBillPage (MyCurrentBillPage.java:52) - Element is clicked successfully.
03:42:02.498 INFO  pageObjects.MyCurrentBillPage (MyCurrentBillPage.java:70) - Clicked billing module from Header
03:42:02.498 INFO  pageObjects.MyCurrentBillPage (MyCurrentBillPage.java:38) - Waiting for element to be visible for 5 seconds.
03:42:02.527 INFO  pageObjects.MyCurrentBillPage (MyCurrentBillPage.java:41) - Element is visible on the page.
03:42:02.527 INFO  pageObjects.MyCurrentBillPage (MyCurrentBillPage.java:45) - Preparing for element to click.
03:42:02.588 INFO  pageObjects.MyCurrentBillPage (MyCurrentBillPage.java:52) - Element is clicked successfully.
03:42:02.588 INFO  pageObjects.MyCurrentBillPage (MyCurrentBillPage.java:79) - Clicked My Current Bill option from billing Header
03:42:04.146 INFO  driver.DriverFactory (DriverFactory.java:125) - Clearing all the cookies.
03:45:35.804 INFO  utils.ExcelUtils (ExcelUtils.java:41) - Test Runner excel row at: 1
03:45:35.816 INFO  utils.ExcelUtils (ExcelUtils.java:41) - Test Runner excel row at: 2
03:45:35.816 INFO  utils.ExcelUtils (ExcelUtils.java:41) - Test Runner excel row at: 3
03:45:35.819 INFO  utils.ExcelUtils (ExcelUtils.java:41) - Test Runner excel row at: 4
03:45:35.819 INFO  utils.ExcelUtils (ExcelUtils.java:41) - Test Runner excel row at: 5
03:45:35.820 INFO  utils.ExcelUtils (ExcelUtils.java:41) - Test Runner excel row at: 6
03:45:35.821 INFO  utils.ExcelUtils (ExcelUtils.java:41) - Test Runner excel row at: 7
03:45:35.822 INFO  utils.ExcelUtils (ExcelUtils.java:41) - Test Runner excel row at: 8
03:45:35.823 INFO  utils.ExcelUtils (ExcelUtils.java:41) - Test Runner excel row at: 9
03:45:35.823 INFO  utils.ExcelUtils (ExcelUtils.java:41) - Test Runner excel row at: 10
03:45:35.824 INFO  utils.ExcelUtils (ExcelUtils.java:41) - Test Runner excel row at: 11
03:45:35.825 INFO  utils.ExcelUtils (ExcelUtils.java:41) - Test Runner excel row at: 12
03:45:35.826 INFO  utils.ExcelUtils (ExcelUtils.java:41) - Test Runner excel row at: 13
03:45:35.827 INFO  utils.ExcelUtils (ExcelUtils.java:41) - Test Runner excel row at: 14
03:45:35.827 INFO  utils.ExcelUtils (ExcelUtils.java:41) - Test Runner excel row at: 15
03:45:35.828 INFO  utils.ExcelUtils (ExcelUtils.java:41) - Test Runner excel row at: 16
03:45:35.829 INFO  utils.ExcelUtils (ExcelUtils.java:41) - Test Runner excel row at: 17
03:45:35.829 INFO  utils.ExcelUtils (ExcelUtils.java:41) - Test Runner excel row at: 18
03:45:35.830 INFO  utils.ExcelUtils (ExcelUtils.java:41) - Test Runner excel row at: 19
03:45:35.831 INFO  utils.ExcelUtils (ExcelUtils.java:41) - Test Runner excel row at: 20
03:45:35.831 INFO  utils.ExcelUtils (ExcelUtils.java:41) - Test Runner excel row at: 21
03:45:35.832 INFO  utils.ExcelUtils (ExcelUtils.java:41) - Test Runner excel row at: 22
03:45:35.832 INFO  utils.ExcelUtils (ExcelUtils.java:41) - Test Runner excel row at: 23
03:45:35.833 INFO  utils.ExcelUtils (ExcelUtils.java:41) - Test Runner excel row at: 24
03:45:35.833 INFO  utils.ExcelUtils (ExcelUtils.java:41) - Test Runner excel row at: 25
03:45:35.834 INFO  utils.ExcelUtils (ExcelUtils.java:41) - Test Runner excel row at: 26
03:45:35.835 INFO  utils.ExcelUtils (ExcelUtils.java:41) - Test Runner excel row at: 27
03:45:35.835 INFO  utils.ExcelUtils (ExcelUtils.java:41) - Test Runner excel row at: 28
03:45:35.836 INFO  utils.ExcelUtils (ExcelUtils.java:41) - Test Runner excel row at: 29
03:45:35.837 INFO  utils.ExcelUtils (ExcelUtils.java:41) - Test Runner excel row at: 30
03:45:35.837 INFO  utils.ExcelUtils (ExcelUtils.java:41) - Test Runner excel row at: 31
03:45:35.837 INFO  utils.ExcelUtils (ExcelUtils.java:41) - Test Runner excel row at: 32
03:45:35.838 INFO  utils.ExcelUtils (ExcelUtils.java:41) - Test Runner excel row at: 33
03:45:35.838 INFO  utils.ExcelUtils (ExcelUtils.java:41) - Test Runner excel row at: 34
03:45:35.839 INFO  utils.ExcelUtils (ExcelUtils.java:41) - Test Runner excel row at: 35
03:45:35.840 INFO  utils.ExcelUtils (ExcelUtils.java:41) - Test Runner excel row at: 36
03:45:35.840 INFO  utils.ExcelUtils (ExcelUtils.java:41) - Test Runner excel row at: 37
03:45:35.840 INFO  utils.ExcelUtils (ExcelUtils.java:41) - Test Runner excel row at: 38
03:45:35.842 INFO  utils.ExcelUtils (ExcelUtils.java:41) - Test Runner excel row at: 39
03:45:35.843 INFO  utils.ExcelUtils (ExcelUtils.java:41) - Test Runner excel row at: 40
03:45:35.843 INFO  utils.ExcelUtils (ExcelUtils.java:41) - Test Runner excel row at: 41
03:45:35.844 INFO  utils.ExcelUtils (ExcelUtils.java:41) - Test Runner excel row at: 42
03:45:35.844 INFO  utils.ExcelUtils (ExcelUtils.java:41) - Test Runner excel row at: 43
03:45:35.845 INFO  utils.ExcelUtils (ExcelUtils.java:41) - Test Runner excel row at: 44
03:45:35.846 INFO  utils.ExcelUtils (ExcelUtils.java:41) - Test Runner excel row at: 45
03:45:35.846 INFO  utils.ExcelUtils (ExcelUtils.java:41) - Test Runner excel row at: 46
03:45:35.847 INFO  utils.ExcelUtils (ExcelUtils.java:41) - Test Runner excel row at: 47
03:45:35.847 INFO  utils.ExcelUtils (ExcelUtils.java:41) - Test Runner excel row at: 48
03:45:35.848 INFO  utils.ExcelUtils (ExcelUtils.java:41) - Test Runner excel row at: 49
03:45:35.849 INFO  utils.ExcelUtils (ExcelUtils.java:41) - Test Runner excel row at: 50
03:45:35.849 INFO  utils.ExcelUtils (ExcelUtils.java:41) - Test Runner excel row at: 51
03:45:35.850 INFO  utils.ExcelUtils (ExcelUtils.java:41) - Test Runner excel row at: 52
03:45:35.850 INFO  utils.ExcelUtils (ExcelUtils.java:41) - Test Runner excel row at: 53
03:45:35.852 INFO  utils.ExcelUtils (ExcelUtils.java:41) - Test Runner excel row at: 54
03:45:35.853 INFO  utils.ExcelUtils (ExcelUtils.java:41) - Test Runner excel row at: 55
03:45:35.853 INFO  utils.ExcelUtils (ExcelUtils.java:41) - Test Runner excel row at: 56
03:45:35.854 INFO  utils.ExcelUtils (ExcelUtils.java:41) - Test Runner excel row at: 57
03:45:35.854 INFO  utils.ExcelUtils (ExcelUtils.java:41) - Test Runner excel row at: 58
03:45:35.855 INFO  utils.ExcelUtils (ExcelUtils.java:41) - Test Runner excel row at: 59
03:45:35.855 INFO  utils.ExcelUtils (ExcelUtils.java:41) - Test Runner excel row at: 60
03:45:35.856 INFO  utils.ExcelUtils (ExcelUtils.java:41) - Test Runner excel row at: 61
03:45:35.856 INFO  utils.ExcelUtils (ExcelUtils.java:41) - Test Runner excel row at: 62
03:45:35.857 INFO  utils.ExcelUtils (ExcelUtils.java:41) - Test Runner excel row at: 63
03:45:35.857 INFO  utils.ExcelUtils (ExcelUtils.java:41) - Test Runner excel row at: 64
03:45:35.858 INFO  utils.ExcelUtils (ExcelUtils.java:41) - Test Runner excel row at: 65
03:45:35.859 INFO  utils.ExcelUtils (ExcelUtils.java:41) - Test Runner excel row at: 66
03:45:35.859 INFO  utils.ExcelUtils (ExcelUtils.java:41) - Test Runner excel row at: 67
03:45:35.860 INFO  utils.ExcelUtils (ExcelUtils.java:41) - Test Runner excel row at: 68
03:45:35.860 INFO  utils.ExcelUtils (ExcelUtils.java:41) - Test Runner excel row at: 69
03:45:35.860 INFO  utils.ExcelUtils (ExcelUtils.java:41) - Test Runner excel row at: 70
03:45:35.860 INFO  utils.ExcelUtils (ExcelUtils.java:41) - Test Runner excel row at: 71
03:45:35.862 INFO  utils.ExcelUtils (ExcelUtils.java:41) - Test Runner excel row at: 72
03:45:35.862 INFO  utils.ExcelUtils (ExcelUtils.java:41) - Test Runner excel row at: 73
03:45:35.862 INFO  utils.ExcelUtils (ExcelUtils.java:41) - Test Runner excel row at: 74
03:45:35.863 INFO  utils.ExcelUtils (ExcelUtils.java:41) - Test Runner excel row at: 75
03:45:35.863 INFO  utils.ExcelUtils (ExcelUtils.java:41) - Test Runner excel row at: 76
03:45:35.863 INFO  utils.ExcelUtils (ExcelUtils.java:41) - Test Runner excel row at: 77
03:45:35.863 INFO  utils.ExcelUtils (ExcelUtils.java:41) - Test Runner excel row at: 78
03:45:35.864 INFO  utils.ExcelUtils (ExcelUtils.java:41) - Test Runner excel row at: 79
03:45:35.864 INFO  utils.ExcelUtils (ExcelUtils.java:41) - Test Runner excel row at: 80
03:45:35.864 INFO  utils.ExcelUtils (ExcelUtils.java:41) - Test Runner excel row at: 81
03:45:35.865 INFO  utils.ExcelUtils (ExcelUtils.java:41) - Test Runner excel row at: 82
03:45:35.865 INFO  utils.ExcelUtils (ExcelUtils.java:41) - Test Runner excel row at: 83
03:45:35.865 INFO  utils.ExcelUtils (ExcelUtils.java:41) - Test Runner excel row at: 84
03:45:35.866 INFO  utils.ExcelUtils (ExcelUtils.java:41) - Test Runner excel row at: 85
03:45:35.866 INFO  utils.ExcelUtils (ExcelUtils.java:41) - Test Runner excel row at: 86
03:45:35.866 INFO  utils.ExcelUtils (ExcelUtils.java:41) - Test Runner excel row at: 87
03:45:35.867 INFO  utils.ExcelUtils (ExcelUtils.java:41) - Test Runner excel row at: 88
03:45:35.867 INFO  utils.ExcelUtils (ExcelUtils.java:41) - Test Runner excel row at: 89
03:45:35.867 INFO  utils.ExcelUtils (ExcelUtils.java:41) - Test Runner excel row at: 90
03:45:35.867 INFO  utils.ExcelUtils (ExcelUtils.java:41) - Test Runner excel row at: 91
03:45:35.868 INFO  utils.ExcelUtils (ExcelUtils.java:41) - Test Runner excel row at: 92
03:45:35.868 INFO  utils.ExcelUtils (ExcelUtils.java:41) - Test Runner excel row at: 93
03:45:35.868 INFO  utils.ExcelUtils (ExcelUtils.java:41) - Test Runner excel row at: 94
03:45:35.868 INFO  utils.ExcelUtils (ExcelUtils.java:41) - Test Runner excel row at: 95
03:45:35.869 INFO  utils.ExcelUtils (ExcelUtils.java:41) - Test Runner excel row at: 96
03:45:36.343 WARN  config.Configuration (Configuration.java:231) - QA env being used by default. No env property set. This can be set in the sew.app.yml config file with a '{}=' property or on the command line with the switch '-D{}='.
03:45:39.584 INFO  driver.WebDriverFactory (WebDriverFactory.java:192) - Setting up the browser window to its max.
03:45:39.712 INFO  driver.WebDriverFactory (WebDriverFactory.java:181) - Initializing the implicit wait timeout for {} 5
03:45:39.718 INFO  driver.WebDriverFactory (WebDriverFactory.java:184) - Initializing the page load timeout.
03:45:39.721 INFO  driver.DriverFactory (DriverFactory.java:125) - Clearing all the cookies.
03:45:39.730 INFO  driver.DriverFactory (DriverFactory.java:62) - Open the url {} https://u2-alectra.smartcmobile.net/portal/#/login using the selenium get() method.
03:45:49.585 INFO  scp.MyCurrentBillTests (MyCurrentBillTests.java:27) - Test to login in application and check my current bill
03:45:51.192 INFO  pageObjects.LoginPage (LoginPage.java:40) - Populating username {} :0023826434
03:45:51.208 INFO  driver.Page (    Page.java:129) - Wait for element {} [[ChromeDriver: chrome on windows (7e2e5a185fcd0ae615b7e1b052a2c5ac)] -> xpath: //*[@id="username"]] to be present in the DOM for duration of {} 120
03:45:51.208 INFO  driver.Page (    Page.java:257) - Waiting for element to be visible for 120 seconds.
03:45:51.247 INFO  driver.Page (    Page.java:260) - Element is visible on the page.
03:45:51.258 INFO  driver.Page (    Page.java:131) - Clearing the element {} [[ChromeDriver: chrome on windows (7e2e5a185fcd0ae615b7e1b052a2c5ac)] -> xpath: //*[@id="username"]] before sending the keys.
03:45:51.303 INFO  driver.Page (    Page.java:133) - Sending the following keys {} 0023826434 to the element {} [[ChromeDriver: chrome on windows (7e2e5a185fcd0ae615b7e1b052a2c5ac)] -> xpath: //*[@id="username"]]
03:45:51.385 INFO  pageObjects.LoginPage (LoginPage.java:42) - Username populated successfully.
03:45:51.386 INFO  pageObjects.LoginPage (LoginPage.java:48) - Populating password {} :Demo@123
03:45:51.401 INFO  driver.Page (    Page.java:129) - Wait for element {} [[ChromeDriver: chrome on windows (7e2e5a185fcd0ae615b7e1b052a2c5ac)] -> xpath: //*[@id="password"]] to be present in the DOM for duration of {} 120
03:45:51.401 INFO  driver.Page (    Page.java:257) - Waiting for element to be visible for 120 seconds.
03:45:51.431 INFO  driver.Page (    Page.java:260) - Element is visible on the page.
03:45:51.442 INFO  driver.Page (    Page.java:131) - Clearing the element {} [[ChromeDriver: chrome on windows (7e2e5a185fcd0ae615b7e1b052a2c5ac)] -> xpath: //*[@id="password"]] before sending the keys.
03:45:51.481 INFO  driver.Page (    Page.java:133) - Sending the following keys {} Demo@123 to the element {} [[ChromeDriver: chrome on windows (7e2e5a185fcd0ae615b7e1b052a2c5ac)] -> xpath: //*[@id="password"]]
03:45:51.545 INFO  pageObjects.LoginPage (LoginPage.java:50) - Password populated successfully.
03:45:51.545 INFO  pageObjects.LoginPage (LoginPage.java:57) - Clicking the sign in button.
03:45:51.545 INFO  driver.Page (    Page.java:58) - Preparing for element to click.
03:45:51.547 INFO  driver.Page (    Page.java:232) - Waiting for element to be clickable for 120 seconds.
03:45:51.592 INFO  driver.Page (    Page.java:235) - Element is clickable now.
03:45:51.641 INFO  driver.Page (    Page.java:61) - Element is clicked successfully.
03:45:51.642 INFO  pageObjects.LoginPage (LoginPage.java:59) - Sign in button clicked successfully.
03:45:54.703 INFO  pageObjects.MyCurrentBillPage (MyCurrentBillPage.java:38) - Waiting for element to be visible for 5 seconds.
03:45:54.731 INFO  pageObjects.MyCurrentBillPage (MyCurrentBillPage.java:41) - Element is visible on the page.
03:45:54.731 INFO  pageObjects.MyCurrentBillPage (MyCurrentBillPage.java:45) - Preparing for element to click.
03:45:54.786 INFO  pageObjects.MyCurrentBillPage (MyCurrentBillPage.java:52) - Element is clicked successfully.
03:45:54.786 INFO  pageObjects.MyCurrentBillPage (MyCurrentBillPage.java:70) - Clicked billing module from Header
03:45:54.787 INFO  pageObjects.MyCurrentBillPage (MyCurrentBillPage.java:38) - Waiting for element to be visible for 5 seconds.
03:45:54.818 INFO  pageObjects.MyCurrentBillPage (MyCurrentBillPage.java:41) - Element is visible on the page.
03:45:54.818 INFO  pageObjects.MyCurrentBillPage (MyCurrentBillPage.java:45) - Preparing for element to click.
03:45:54.881 INFO  pageObjects.MyCurrentBillPage (MyCurrentBillPage.java:52) - Element is clicked successfully.
03:45:54.882 INFO  pageObjects.MyCurrentBillPage (MyCurrentBillPage.java:79) - Clicked My Current Bill option from billing Header
03:46:04.910 INFO  driver.DriverFactory (DriverFactory.java:125) - Clearing all the cookies.
