21:29:57.064 INFO  runner.TestRunner (TestRunner.java:32) - Initializing application properties config file.
21:29:57.086 INFO  runner.TestRunner (TestRunner.java:35) - Initializing connection to the base database.
21:29:57.778 WARN  config.DatabaseConfiguration (DatabaseConfiguration.java:84) - QA env being used by default. No env property set. This can be set in the sentinel.yml config file with a '{}=' property or on the command line with the switch '-D{}='.
21:30:28.054 INFO  runner.TestRunner (TestRunner.java:38) - Initializing resource path config file.
21:30:28.055 INFO  runner.TestRunner (TestRunner.java:41) - Initializing usage months config from CSP.
21:30:29.724 INFO  utils.ExcelUtils (ExcelUtils.java:36) - Test Runner excel row at: 1
21:30:29.752 INFO  utils.ExcelUtils (ExcelUtils.java:36) - Test Runner excel row at: 2
21:30:29.754 INFO  utils.ExcelUtils (ExcelUtils.java:36) - Test Runner excel row at: 3
21:30:29.754 INFO  utils.ExcelUtils (ExcelUtils.java:36) - Test Runner excel row at: 4
21:30:29.755 INFO  utils.ExcelUtils (ExcelUtils.java:36) - Test Runner excel row at: 5
21:30:29.755 INFO  utils.ExcelUtils (ExcelUtils.java:36) - Test Runner excel row at: 6
21:30:29.756 INFO  utils.ExcelUtils (ExcelUtils.java:36) - Test Runner excel row at: 7
21:30:29.757 INFO  utils.ExcelUtils (ExcelUtils.java:36) - Test Runner excel row at: 8
21:30:29.758 INFO  utils.ExcelUtils (ExcelUtils.java:36) - Test Runner excel row at: 9
21:30:29.758 INFO  utils.ExcelUtils (ExcelUtils.java:36) - Test Runner excel row at: 10
21:30:29.759 INFO  utils.ExcelUtils (ExcelUtils.java:36) - Test Runner excel row at: 11
21:30:29.760 INFO  utils.ExcelUtils (ExcelUtils.java:36) - Test Runner excel row at: 12
21:30:29.761 INFO  utils.ExcelUtils (ExcelUtils.java:36) - Test Runner excel row at: 13
21:30:29.762 INFO  utils.ExcelUtils (ExcelUtils.java:36) - Test Runner excel row at: 14
21:30:29.762 INFO  utils.ExcelUtils (ExcelUtils.java:36) - Test Runner excel row at: 15
21:30:29.763 INFO  utils.ExcelUtils (ExcelUtils.java:36) - Test Runner excel row at: 16
21:30:29.764 INFO  utils.ExcelUtils (ExcelUtils.java:36) - Test Runner excel row at: 17
21:30:29.764 INFO  utils.ExcelUtils (ExcelUtils.java:36) - Test Runner excel row at: 18
21:30:29.765 INFO  utils.ExcelUtils (ExcelUtils.java:36) - Test Runner excel row at: 19
21:30:29.766 INFO  utils.ExcelUtils (ExcelUtils.java:36) - Test Runner excel row at: 20
21:30:29.767 INFO  utils.ExcelUtils (ExcelUtils.java:36) - Test Runner excel row at: 21
21:30:29.767 INFO  utils.ExcelUtils (ExcelUtils.java:36) - Test Runner excel row at: 22
21:30:29.769 INFO  utils.ExcelUtils (ExcelUtils.java:36) - Test Runner excel row at: 23
21:30:29.770 INFO  utils.ExcelUtils (ExcelUtils.java:36) - Test Runner excel row at: 24
21:30:29.770 INFO  utils.ExcelUtils (ExcelUtils.java:36) - Test Runner excel row at: 25
21:30:29.771 INFO  utils.ExcelUtils (ExcelUtils.java:36) - Test Runner excel row at: 26
21:30:29.772 INFO  utils.ExcelUtils (ExcelUtils.java:36) - Test Runner excel row at: 27
21:30:29.773 INFO  utils.ExcelUtils (ExcelUtils.java:36) - Test Runner excel row at: 28
21:30:29.773 INFO  utils.ExcelUtils (ExcelUtils.java:36) - Test Runner excel row at: 29
21:30:29.774 INFO  utils.ExcelUtils (ExcelUtils.java:36) - Test Runner excel row at: 30
21:30:29.775 INFO  utils.ExcelUtils (ExcelUtils.java:36) - Test Runner excel row at: 31
21:30:29.775 INFO  utils.ExcelUtils (ExcelUtils.java:36) - Test Runner excel row at: 32
21:30:29.776 INFO  utils.ExcelUtils (ExcelUtils.java:36) - Test Runner excel row at: 33
21:30:29.777 INFO  utils.ExcelUtils (ExcelUtils.java:36) - Test Runner excel row at: 34
21:30:29.777 INFO  utils.ExcelUtils (ExcelUtils.java:36) - Test Runner excel row at: 35
21:30:29.777 INFO  utils.ExcelUtils (ExcelUtils.java:36) - Test Runner excel row at: 36
21:30:29.778 INFO  utils.ExcelUtils (ExcelUtils.java:36) - Test Runner excel row at: 37
21:30:29.779 INFO  utils.ExcelUtils (ExcelUtils.java:36) - Test Runner excel row at: 38
21:30:29.780 INFO  utils.ExcelUtils (ExcelUtils.java:36) - Test Runner excel row at: 39
21:30:29.781 INFO  utils.ExcelUtils (ExcelUtils.java:36) - Test Runner excel row at: 40
21:30:29.781 INFO  utils.ExcelUtils (ExcelUtils.java:36) - Test Runner excel row at: 41
21:30:29.782 INFO  utils.ExcelUtils (ExcelUtils.java:36) - Test Runner excel row at: 42
21:30:29.783 INFO  utils.ExcelUtils (ExcelUtils.java:36) - Test Runner excel row at: 43
21:30:29.783 INFO  utils.ExcelUtils (ExcelUtils.java:36) - Test Runner excel row at: 44
21:30:29.783 INFO  utils.ExcelUtils (ExcelUtils.java:36) - Test Runner excel row at: 45
21:30:29.785 INFO  utils.ExcelUtils (ExcelUtils.java:36) - Test Runner excel row at: 46
21:30:29.785 INFO  utils.ExcelUtils (ExcelUtils.java:36) - Test Runner excel row at: 47
21:30:29.804 INFO  utils.ExcelUtils (ExcelUtils.java:36) - Test Runner excel row at: 48
21:30:29.806 INFO  utils.ExcelUtils (ExcelUtils.java:36) - Test Runner excel row at: 49
21:30:29.806 INFO  utils.ExcelUtils (ExcelUtils.java:36) - Test Runner excel row at: 50
21:30:29.808 INFO  utils.ExcelUtils (ExcelUtils.java:36) - Test Runner excel row at: 51
21:30:29.809 INFO  utils.ExcelUtils (ExcelUtils.java:36) - Test Runner excel row at: 52
21:30:29.810 INFO  utils.ExcelUtils (ExcelUtils.java:36) - Test Runner excel row at: 53
21:30:29.810 INFO  utils.ExcelUtils (ExcelUtils.java:36) - Test Runner excel row at: 54
21:30:29.811 INFO  utils.ExcelUtils (ExcelUtils.java:36) - Test Runner excel row at: 55
21:30:29.812 INFO  utils.ExcelUtils (ExcelUtils.java:36) - Test Runner excel row at: 56
21:30:29.812 INFO  utils.ExcelUtils (ExcelUtils.java:36) - Test Runner excel row at: 57
21:30:29.813 INFO  utils.ExcelUtils (ExcelUtils.java:36) - Test Runner excel row at: 58
21:30:29.813 INFO  utils.ExcelUtils (ExcelUtils.java:36) - Test Runner excel row at: 59
21:30:29.814 INFO  utils.ExcelUtils (ExcelUtils.java:36) - Test Runner excel row at: 60
21:30:29.815 INFO  utils.ExcelUtils (ExcelUtils.java:36) - Test Runner excel row at: 61
21:30:29.815 INFO  utils.ExcelUtils (ExcelUtils.java:36) - Test Runner excel row at: 62
21:30:29.816 INFO  utils.ExcelUtils (ExcelUtils.java:36) - Test Runner excel row at: 63
21:30:29.817 INFO  utils.ExcelUtils (ExcelUtils.java:36) - Test Runner excel row at: 64
21:30:29.817 INFO  utils.ExcelUtils (ExcelUtils.java:36) - Test Runner excel row at: 65
21:30:29.818 INFO  utils.ExcelUtils (ExcelUtils.java:36) - Test Runner excel row at: 66
21:30:29.819 INFO  utils.ExcelUtils (ExcelUtils.java:36) - Test Runner excel row at: 67
21:30:29.819 INFO  utils.ExcelUtils (ExcelUtils.java:36) - Test Runner excel row at: 68
21:30:29.819 INFO  utils.ExcelUtils (ExcelUtils.java:36) - Test Runner excel row at: 69
21:30:29.820 INFO  utils.ExcelUtils (ExcelUtils.java:36) - Test Runner excel row at: 70
21:30:29.820 INFO  utils.ExcelUtils (ExcelUtils.java:36) - Test Runner excel row at: 71
21:30:29.821 INFO  utils.ExcelUtils (ExcelUtils.java:36) - Test Runner excel row at: 72
21:30:29.822 INFO  utils.ExcelUtils (ExcelUtils.java:36) - Test Runner excel row at: 73
21:30:29.822 INFO  utils.ExcelUtils (ExcelUtils.java:36) - Test Runner excel row at: 74
21:30:29.822 INFO  utils.ExcelUtils (ExcelUtils.java:36) - Test Runner excel row at: 75
21:30:29.824 INFO  utils.ExcelUtils (ExcelUtils.java:36) - Test Runner excel row at: 76
21:30:29.825 INFO  utils.ExcelUtils (ExcelUtils.java:36) - Test Runner excel row at: 77
21:30:29.825 INFO  utils.ExcelUtils (ExcelUtils.java:36) - Test Runner excel row at: 78
21:30:29.826 INFO  utils.ExcelUtils (ExcelUtils.java:36) - Test Runner excel row at: 79
21:30:29.826 INFO  utils.ExcelUtils (ExcelUtils.java:36) - Test Runner excel row at: 80
21:30:29.827 INFO  utils.ExcelUtils (ExcelUtils.java:36) - Test Runner excel row at: 81
21:30:29.827 INFO  utils.ExcelUtils (ExcelUtils.java:36) - Test Runner excel row at: 82
21:30:29.827 INFO  utils.ExcelUtils (ExcelUtils.java:36) - Test Runner excel row at: 83
21:30:29.828 INFO  utils.ExcelUtils (ExcelUtils.java:36) - Test Runner excel row at: 84
21:32:17.923 INFO  runner.TestRunner (TestRunner.java:32) - Initializing application properties config file.
21:32:17.927 INFO  runner.TestRunner (TestRunner.java:35) - Initializing connection to the base database.
21:32:18.244 WARN  config.DatabaseConfiguration (DatabaseConfiguration.java:84) - QA env being used by default. No env property set. This can be set in the sentinel.yml config file with a '{}=' property or on the command line with the switch '-D{}='.
21:32:19.777 INFO  runner.TestRunner (TestRunner.java:38) - Initializing resource path config file.
21:32:19.780 INFO  runner.TestRunner (TestRunner.java:41) - Initializing usage months config from CSP.
21:32:20.593 INFO  runner.TestRunner (TestRunner.java:44) - Initializing date config from CSP.
21:32:21.342 INFO  runner.TestRunner (TestRunner.java:47) - Initializing language config from CSP.
21:32:22.084 INFO  runner.TestRunner (TestRunner.java:50) - Initializing language config from CSP.
21:32:22.860 INFO  runner.TestRunner (TestRunner.java:53) - Initializing language config from CSP.
21:32:23.607 INFO  runner.TestRunner (TestRunner.java:56) - Initializing user model config.
21:32:23.624 WARN  config.Configuration (Configuration.java:231) - QA env being used by default. No env property set. This can be set in the sew.app.yml config file with a '{}=' property or on the command line with the switch '-D{}='.
21:32:29.490 INFO  runner.TestRunner (TestRunner.java:59) - Initializing auth token config.
21:32:29.490 INFO  runner.TestRunner (TestRunner.java:62) - Initializing Admin User config.
21:32:32.355 INFO  utils.ExcelUtils (ExcelUtils.java:36) - Test Runner excel row at: 1
21:32:32.370 INFO  utils.ExcelUtils (ExcelUtils.java:36) - Test Runner excel row at: 2
21:32:32.372 INFO  utils.ExcelUtils (ExcelUtils.java:36) - Test Runner excel row at: 3
21:32:32.373 INFO  utils.ExcelUtils (ExcelUtils.java:36) - Test Runner excel row at: 4
21:32:32.374 INFO  utils.ExcelUtils (ExcelUtils.java:36) - Test Runner excel row at: 5
21:32:32.375 INFO  utils.ExcelUtils (ExcelUtils.java:36) - Test Runner excel row at: 6
21:32:32.376 INFO  utils.ExcelUtils (ExcelUtils.java:36) - Test Runner excel row at: 7
21:32:32.377 INFO  utils.ExcelUtils (ExcelUtils.java:36) - Test Runner excel row at: 8
21:32:32.378 INFO  utils.ExcelUtils (ExcelUtils.java:36) - Test Runner excel row at: 9
21:32:32.378 INFO  utils.ExcelUtils (ExcelUtils.java:36) - Test Runner excel row at: 10
21:32:32.379 INFO  utils.ExcelUtils (ExcelUtils.java:36) - Test Runner excel row at: 11
21:32:32.380 INFO  utils.ExcelUtils (ExcelUtils.java:36) - Test Runner excel row at: 12
21:32:32.380 INFO  utils.ExcelUtils (ExcelUtils.java:36) - Test Runner excel row at: 13
21:32:32.381 INFO  utils.ExcelUtils (ExcelUtils.java:36) - Test Runner excel row at: 14
21:32:32.381 INFO  utils.ExcelUtils (ExcelUtils.java:36) - Test Runner excel row at: 15
21:32:32.381 INFO  utils.ExcelUtils (ExcelUtils.java:36) - Test Runner excel row at: 16
21:32:32.382 INFO  utils.ExcelUtils (ExcelUtils.java:36) - Test Runner excel row at: 17
21:32:32.382 INFO  utils.ExcelUtils (ExcelUtils.java:36) - Test Runner excel row at: 18
21:32:32.383 INFO  utils.ExcelUtils (ExcelUtils.java:36) - Test Runner excel row at: 19
21:32:32.383 INFO  utils.ExcelUtils (ExcelUtils.java:36) - Test Runner excel row at: 20
21:32:32.384 INFO  utils.ExcelUtils (ExcelUtils.java:36) - Test Runner excel row at: 21
21:32:32.385 INFO  utils.ExcelUtils (ExcelUtils.java:36) - Test Runner excel row at: 22
21:32:32.385 INFO  utils.ExcelUtils (ExcelUtils.java:36) - Test Runner excel row at: 23
21:32:32.386 INFO  utils.ExcelUtils (ExcelUtils.java:36) - Test Runner excel row at: 24
21:32:32.387 INFO  utils.ExcelUtils (ExcelUtils.java:36) - Test Runner excel row at: 25
21:32:32.387 INFO  utils.ExcelUtils (ExcelUtils.java:36) - Test Runner excel row at: 26
21:32:32.388 INFO  utils.ExcelUtils (ExcelUtils.java:36) - Test Runner excel row at: 27
21:32:32.388 INFO  utils.ExcelUtils (ExcelUtils.java:36) - Test Runner excel row at: 28
21:32:32.389 INFO  utils.ExcelUtils (ExcelUtils.java:36) - Test Runner excel row at: 29
21:32:32.389 INFO  utils.ExcelUtils (ExcelUtils.java:36) - Test Runner excel row at: 30
21:32:32.390 INFO  utils.ExcelUtils (ExcelUtils.java:36) - Test Runner excel row at: 31
21:32:32.390 INFO  utils.ExcelUtils (ExcelUtils.java:36) - Test Runner excel row at: 32
21:32:32.391 INFO  utils.ExcelUtils (ExcelUtils.java:36) - Test Runner excel row at: 33
21:32:32.391 INFO  utils.ExcelUtils (ExcelUtils.java:36) - Test Runner excel row at: 34
21:32:32.391 INFO  utils.ExcelUtils (ExcelUtils.java:36) - Test Runner excel row at: 35
21:32:32.392 INFO  utils.ExcelUtils (ExcelUtils.java:36) - Test Runner excel row at: 36
21:32:32.392 INFO  utils.ExcelUtils (ExcelUtils.java:36) - Test Runner excel row at: 37
21:32:32.393 INFO  utils.ExcelUtils (ExcelUtils.java:36) - Test Runner excel row at: 38
21:32:32.394 INFO  utils.ExcelUtils (ExcelUtils.java:36) - Test Runner excel row at: 39
21:32:32.395 INFO  utils.ExcelUtils (ExcelUtils.java:36) - Test Runner excel row at: 40
21:32:32.395 INFO  utils.ExcelUtils (ExcelUtils.java:36) - Test Runner excel row at: 41
21:32:32.396 INFO  utils.ExcelUtils (ExcelUtils.java:36) - Test Runner excel row at: 42
21:32:32.396 INFO  utils.ExcelUtils (ExcelUtils.java:36) - Test Runner excel row at: 43
21:32:32.396 INFO  utils.ExcelUtils (ExcelUtils.java:36) - Test Runner excel row at: 44
21:32:32.397 INFO  utils.ExcelUtils (ExcelUtils.java:36) - Test Runner excel row at: 45
21:32:32.398 INFO  utils.ExcelUtils (ExcelUtils.java:36) - Test Runner excel row at: 46
21:32:32.398 INFO  utils.ExcelUtils (ExcelUtils.java:36) - Test Runner excel row at: 47
21:32:32.398 INFO  utils.ExcelUtils (ExcelUtils.java:36) - Test Runner excel row at: 48
21:32:32.405 INFO  utils.ExcelUtils (ExcelUtils.java:36) - Test Runner excel row at: 49
21:32:32.406 INFO  utils.ExcelUtils (ExcelUtils.java:36) - Test Runner excel row at: 50
21:32:32.406 INFO  utils.ExcelUtils (ExcelUtils.java:36) - Test Runner excel row at: 51
21:32:32.407 INFO  utils.ExcelUtils (ExcelUtils.java:36) - Test Runner excel row at: 52
21:32:32.408 INFO  utils.ExcelUtils (ExcelUtils.java:36) - Test Runner excel row at: 53
21:32:32.409 INFO  utils.ExcelUtils (ExcelUtils.java:36) - Test Runner excel row at: 54
21:32:32.409 INFO  utils.ExcelUtils (ExcelUtils.java:36) - Test Runner excel row at: 55
21:32:32.409 INFO  utils.ExcelUtils (ExcelUtils.java:36) - Test Runner excel row at: 56
21:32:32.409 INFO  utils.ExcelUtils (ExcelUtils.java:36) - Test Runner excel row at: 57
21:32:32.410 INFO  utils.ExcelUtils (ExcelUtils.java:36) - Test Runner excel row at: 58
21:32:32.411 INFO  utils.ExcelUtils (ExcelUtils.java:36) - Test Runner excel row at: 59
21:32:32.411 INFO  utils.ExcelUtils (ExcelUtils.java:36) - Test Runner excel row at: 60
21:32:32.412 INFO  utils.ExcelUtils (ExcelUtils.java:36) - Test Runner excel row at: 61
21:32:32.412 INFO  utils.ExcelUtils (ExcelUtils.java:36) - Test Runner excel row at: 62
21:32:32.412 INFO  utils.ExcelUtils (ExcelUtils.java:36) - Test Runner excel row at: 63
21:32:32.413 INFO  utils.ExcelUtils (ExcelUtils.java:36) - Test Runner excel row at: 64
21:32:32.413 INFO  utils.ExcelUtils (ExcelUtils.java:36) - Test Runner excel row at: 65
21:32:32.413 INFO  utils.ExcelUtils (ExcelUtils.java:36) - Test Runner excel row at: 66
21:32:32.414 INFO  utils.ExcelUtils (ExcelUtils.java:36) - Test Runner excel row at: 67
21:32:32.414 INFO  utils.ExcelUtils (ExcelUtils.java:36) - Test Runner excel row at: 68
21:32:32.415 INFO  utils.ExcelUtils (ExcelUtils.java:36) - Test Runner excel row at: 69
21:32:32.415 INFO  utils.ExcelUtils (ExcelUtils.java:36) - Test Runner excel row at: 70
21:32:32.416 INFO  utils.ExcelUtils (ExcelUtils.java:36) - Test Runner excel row at: 71
21:32:32.416 INFO  utils.ExcelUtils (ExcelUtils.java:36) - Test Runner excel row at: 72
21:32:32.417 INFO  utils.ExcelUtils (ExcelUtils.java:36) - Test Runner excel row at: 73
21:32:32.417 INFO  utils.ExcelUtils (ExcelUtils.java:36) - Test Runner excel row at: 74
21:32:32.417 INFO  utils.ExcelUtils (ExcelUtils.java:36) - Test Runner excel row at: 75
21:32:32.417 INFO  utils.ExcelUtils (ExcelUtils.java:36) - Test Runner excel row at: 76
21:32:32.417 INFO  utils.ExcelUtils (ExcelUtils.java:36) - Test Runner excel row at: 77
21:32:32.418 INFO  utils.ExcelUtils (ExcelUtils.java:36) - Test Runner excel row at: 78
21:32:32.418 INFO  utils.ExcelUtils (ExcelUtils.java:36) - Test Runner excel row at: 79
21:32:32.418 INFO  utils.ExcelUtils (ExcelUtils.java:36) - Test Runner excel row at: 80
21:32:32.419 INFO  utils.ExcelUtils (ExcelUtils.java:36) - Test Runner excel row at: 81
21:32:32.419 INFO  utils.ExcelUtils (ExcelUtils.java:36) - Test Runner excel row at: 82
21:32:32.419 INFO  utils.ExcelUtils (ExcelUtils.java:36) - Test Runner excel row at: 83
21:32:32.420 INFO  utils.ExcelUtils (ExcelUtils.java:36) - Test Runner excel row at: 84
21:32:58.766 INFO  driver.WebDriverFactory (WebDriverFactory.java:192) - Setting up the browser window to its max.
21:32:58.945 INFO  driver.WebDriverFactory (WebDriverFactory.java:181) - Initializing the implicit wait timeout for {} 5
21:32:58.955 INFO  driver.WebDriverFactory (WebDriverFactory.java:184) - Initializing the page load timeout.
21:32:58.964 INFO  driver.DriverFactory (DriverFactory.java:125) - Clearing all the cookies.
21:32:58.985 INFO  driver.DriverFactory (DriverFactory.java:62) - Open the url {} https://qa.smartcmobile.net/SCM_10.0_S-SCP/ using the selenium get() method.
21:33:22.111 INFO  csp.AdminLoginTests (AdminLoginTests.java:26) - To verify the tests with the below test case id's: C72381
21:33:22.168 INFO  driver.DriverFactory (DriverFactory.java:62) - Open the url {} https://qa.smartcmobile.net/SCM_10.0_S-CSP/ using the selenium get() method.
21:33:31.737 INFO  scp.HomePage (HomePage.java:132) - Wait for page loader invisibility.
21:33:31.738 INFO  driver.Page (    Page.java:250) - Waiting for element to be invisible for 120 seconds.
21:33:36.774 INFO  driver.Page (    Page.java:253) - Element is invisible from the page.
21:33:36.775 INFO  csp.AdminLoginPage (AdminLoginPage.java:334) - Checking that the current page is Admin login page.
21:33:36.775 INFO  driver.Page (    Page.java:40) - Fetching the current URL.
21:33:36.782 INFO  driver.Page (    Page.java:41) - The Current URL is: https://qa.smartcmobile.net/SCM_10.0_S-CSP/
21:33:36.790 INFO  driver.Page (    Page.java:46) - Fetching the current title.
21:33:36.797 INFO  driver.Page (    Page.java:47) - The Current Title is: SCM Admin - Login
21:33:36.804 INFO  csp.AdminLoginPage (AdminLoginPage.java:337) - The current page is Admin login page {}: true
21:33:36.810 INFO  csp.AdminLoginPage (AdminLoginPage.java:30) - Populating username {} :qauser
21:33:36.825 INFO  driver.Page (    Page.java:121) - Wait for element {} [[ChromeDriver: chrome on WINDOWS (60c9a94ec957494865e4e69191e6d6ac)] -> css selector: [id='txtAdminLogin']] to be present in the DOM for duration of {} 120
21:33:36.826 INFO  driver.Page (    Page.java:236) - Waiting for element to be visible for 120 seconds.
21:33:36.873 INFO  driver.Page (    Page.java:239) - Element is visible on the page.
21:33:36.884 INFO  driver.Page (    Page.java:123) - Clearing the element {} [[ChromeDriver: chrome on WINDOWS (60c9a94ec957494865e4e69191e6d6ac)] -> css selector: [id='txtAdminLogin']] before sending the keys.
21:33:36.945 INFO  driver.Page (    Page.java:125) - Sending the following keys {} qauser to the element {} [[ChromeDriver: chrome on WINDOWS (60c9a94ec957494865e4e69191e6d6ac)] -> css selector: [id='txtAdminLogin']]
21:33:36.996 INFO  csp.AdminLoginPage (AdminLoginPage.java:32) - Username populated successfully.
21:33:36.996 INFO  csp.AdminLoginPage (AdminLoginPage.java:54) - Populating password {} :Sew@2021$!
21:33:37.022 INFO  driver.Page (    Page.java:121) - Wait for element {} [[ChromeDriver: chrome on WINDOWS (60c9a94ec957494865e4e69191e6d6ac)] -> css selector: [id='txtpwd']] to be present in the DOM for duration of {} 120
21:33:37.022 INFO  driver.Page (    Page.java:236) - Waiting for element to be visible for 120 seconds.
21:33:37.059 INFO  driver.Page (    Page.java:239) - Element is visible on the page.
21:33:37.072 INFO  driver.Page (    Page.java:123) - Clearing the element {} [[ChromeDriver: chrome on WINDOWS (60c9a94ec957494865e4e69191e6d6ac)] -> css selector: [id='txtpwd']] before sending the keys.
21:33:37.150 INFO  driver.Page (    Page.java:125) - Sending the following keys {} Sew@2021$! to the element {} [[ChromeDriver: chrome on WINDOWS (60c9a94ec957494865e4e69191e6d6ac)] -> css selector: [id='txtpwd']]
21:33:37.271 INFO  csp.AdminLoginPage (AdminLoginPage.java:56) - Password populated successfully.
21:33:37.271 INFO  driver.Page (    Page.java:59) - Preparing for element to click.
21:33:37.272 INFO  driver.Page (    Page.java:211) - Waiting for element to be clickable for 120 seconds.
21:33:37.346 INFO  driver.Page (    Page.java:214) - Element is clickable now.
21:33:57.339 INFO  driver.Page (    Page.java:62) - Element is clicked successfully.
21:33:57.339 INFO  csp.AdminLoginPage (AdminLoginPage.java:67) - SignIn Button clicked successfully.
21:33:57.339 INFO  scp.HomePage (HomePage.java:132) - Wait for page loader invisibility.
21:33:57.340 INFO  driver.Page (    Page.java:250) - Waiting for element to be invisible for 120 seconds.
21:33:57.372 INFO  driver.Page (    Page.java:253) - Element is invisible from the page.
21:33:57.383 INFO  csp.AdminHomePage (AdminHomePage.java:192) - Checking that the current page is Admin Home page.
21:33:57.384 INFO  driver.Page (    Page.java:40) - Fetching the current URL.
21:33:57.394 INFO  driver.Page (    Page.java:41) - The Current URL is: https://qa.smartcmobile.net/SCM_10.0_S-CSP/Home.aspx
21:33:57.403 INFO  driver.Page (    Page.java:46) - Fetching the current title.
21:33:57.412 INFO  driver.Page (    Page.java:47) - The Current Title is: Dashboard
21:33:57.421 INFO  csp.AdminHomePage (AdminHomePage.java:195) - The current page is Admin Home page {}: true
21:33:57.421 INFO  csp.AdminLoginTests (AdminLoginTests.java:32) - Test Case execution for - verifyValidAdminLogin - is Completed.
21:33:59.222 INFO  driver.DriverFactory (DriverFactory.java:125) - Clearing all the cookies.
21:34:05.280 INFO  driver.WebDriverFactory (WebDriverFactory.java:192) - Setting up the browser window to its max.
21:34:05.420 INFO  driver.WebDriverFactory (WebDriverFactory.java:181) - Initializing the implicit wait timeout for {} 5
21:34:05.425 INFO  driver.WebDriverFactory (WebDriverFactory.java:184) - Initializing the page load timeout.
21:34:05.429 INFO  driver.DriverFactory (DriverFactory.java:125) - Clearing all the cookies.
21:34:05.439 INFO  driver.DriverFactory (DriverFactory.java:62) - Open the url {} https://qa.smartcmobile.net/SCM_10.0_S-SCP/ using the selenium get() method.
21:34:23.584 INFO  csp.OutageTests (OutageTests.java:56) - To verify the tests with the below test case id's: C93616, C93617, C93618, C93619, C93620
21:34:23.593 INFO  driver.DriverFactory (DriverFactory.java:62) - Open the url {} https://qa.smartcmobile.net/SCM_10.0_S-CSP/ using the selenium get() method.
21:34:32.400 INFO  scp.HomePage (HomePage.java:132) - Wait for page loader invisibility.
21:34:32.401 INFO  driver.Page (    Page.java:250) - Waiting for element to be invisible for 120 seconds.
21:34:37.468 INFO  driver.Page (    Page.java:253) - Element is invisible from the page.
21:34:37.468 INFO  csp.AdminLoginPage (AdminLoginPage.java:334) - Checking that the current page is Admin login page.
21:34:37.468 INFO  driver.Page (    Page.java:40) - Fetching the current URL.
21:34:37.479 INFO  driver.Page (    Page.java:41) - The Current URL is: https://qa.smartcmobile.net/SCM_10.0_S-CSP/
21:34:37.486 INFO  driver.Page (    Page.java:46) - Fetching the current title.
21:34:37.496 INFO  driver.Page (    Page.java:47) - The Current Title is: SCM Admin - Login
21:34:37.504 INFO  csp.AdminLoginPage (AdminLoginPage.java:337) - The current page is Admin login page {}: true
21:34:37.504 INFO  csp.AdminLoginPage (AdminLoginPage.java:30) - Populating username {} :qauser
21:34:37.528 INFO  driver.Page (    Page.java:121) - Wait for element {} [[ChromeDriver: chrome on WINDOWS (210433c3dfe6fa2ebb4b3673d821d437)] -> css selector: [id='txtAdminLogin']] to be present in the DOM for duration of {} 120
21:34:37.529 INFO  driver.Page (    Page.java:236) - Waiting for element to be visible for 120 seconds.
21:34:37.584 INFO  driver.Page (    Page.java:239) - Element is visible on the page.
21:34:37.600 INFO  driver.Page (    Page.java:123) - Clearing the element {} [[ChromeDriver: chrome on WINDOWS (210433c3dfe6fa2ebb4b3673d821d437)] -> css selector: [id='txtAdminLogin']] before sending the keys.
21:34:37.685 INFO  driver.Page (    Page.java:125) - Sending the following keys {} qauser to the element {} [[ChromeDriver: chrome on WINDOWS (210433c3dfe6fa2ebb4b3673d821d437)] -> css selector: [id='txtAdminLogin']]
21:34:37.770 INFO  csp.AdminLoginPage (AdminLoginPage.java:32) - Username populated successfully.
21:34:37.771 INFO  csp.AdminLoginPage (AdminLoginPage.java:54) - Populating password {} :Sew@2021$!
21:34:37.803 INFO  driver.Page (    Page.java:121) - Wait for element {} [[ChromeDriver: chrome on WINDOWS (210433c3dfe6fa2ebb4b3673d821d437)] -> css selector: [id='txtpwd']] to be present in the DOM for duration of {} 120
21:34:37.803 INFO  driver.Page (    Page.java:236) - Waiting for element to be visible for 120 seconds.
21:34:37.868 INFO  driver.Page (    Page.java:239) - Element is visible on the page.
21:34:37.891 INFO  driver.Page (    Page.java:123) - Clearing the element {} [[ChromeDriver: chrome on WINDOWS (210433c3dfe6fa2ebb4b3673d821d437)] -> css selector: [id='txtpwd']] before sending the keys.
21:34:37.983 INFO  driver.Page (    Page.java:125) - Sending the following keys {} Sew@2021$! to the element {} [[ChromeDriver: chrome on WINDOWS (210433c3dfe6fa2ebb4b3673d821d437)] -> css selector: [id='txtpwd']]
21:34:38.149 INFO  csp.AdminLoginPage (AdminLoginPage.java:56) - Password populated successfully.
21:34:38.149 INFO  driver.Page (    Page.java:59) - Preparing for element to click.
21:34:38.149 INFO  driver.Page (    Page.java:211) - Waiting for element to be clickable for 120 seconds.
21:34:38.273 INFO  driver.Page (    Page.java:214) - Element is clickable now.
21:35:03.646 INFO  driver.Page (    Page.java:62) - Element is clicked successfully.
21:35:03.647 INFO  csp.AdminLoginPage (AdminLoginPage.java:67) - SignIn Button clicked successfully.
21:35:03.647 INFO  scp.HomePage (HomePage.java:132) - Wait for page loader invisibility.
21:35:03.647 INFO  driver.Page (    Page.java:250) - Waiting for element to be invisible for 120 seconds.
21:35:03.675 INFO  driver.Page (    Page.java:253) - Element is invisible from the page.
21:35:03.679 INFO  csp.AdminHomePage (AdminHomePage.java:192) - Checking that the current page is Admin Home page.
21:35:03.680 INFO  driver.Page (    Page.java:40) - Fetching the current URL.
21:35:03.687 INFO  driver.Page (    Page.java:41) - The Current URL is: https://qa.smartcmobile.net/SCM_10.0_S-CSP/Home.aspx
21:35:03.695 INFO  driver.Page (    Page.java:46) - Fetching the current title.
21:35:03.701 INFO  driver.Page (    Page.java:47) - The Current Title is: Dashboard
21:35:03.728 INFO  csp.AdminHomePage (AdminHomePage.java:195) - The current page is Admin Home page {}: true
21:35:03.748 INFO  driver.Page (    Page.java:236) - Waiting for element to be visible for 120 seconds.
21:35:03.781 INFO  driver.Page (    Page.java:239) - Element is visible on the page.
21:35:03.783 INFO  csp.AdminHomePage (AdminHomePage.java:60) - Outages Link is Visible on the page.
21:35:03.783 INFO  driver.Page (    Page.java:527) - Preparing for element to click.
21:35:11.211 INFO  driver.Page (    Page.java:534) - Element is clicked successfully.
21:35:11.211 INFO  csp.AdminHomePage (AdminHomePage.java:65) - Outages Link clicked successfully.
21:35:11.212 INFO  scp.HomePage (HomePage.java:132) - Wait for page loader invisibility.
21:35:11.212 INFO  driver.Page (    Page.java:250) - Waiting for element to be invisible for 120 seconds.
21:35:12.550 INFO  driver.Page (    Page.java:253) - Element is invisible from the page.
21:35:12.551 INFO  scp.HomePage (HomePage.java:183) - Wait for Spinner Loading Image invisibility.
21:35:12.551 INFO  driver.Page (    Page.java:250) - Waiting for element to be invisible for 120 seconds.
21:35:17.605 INFO  driver.Page (    Page.java:253) - Element is invisible from the page.
21:35:17.606 INFO  driver.Page (    Page.java:236) - Waiting for element to be visible for 120 seconds.
21:35:17.636 INFO  driver.Page (    Page.java:239) - Element is visible on the page.
21:35:17.637 INFO  csp.OutagePage (OutagePage.java:246) - Next Button on the Outage List Page is visible
21:35:17.645 INFO  csp.OutageSteps (OutageSteps.java:230) - Checking that the current page is Outages page.
21:35:17.645 INFO  driver.Page (    Page.java:40) - Fetching the current URL.
21:35:17.652 INFO  driver.Page (    Page.java:41) - The Current URL is: https://qa.smartcmobile.net/SCM_10.0_S-CSP/configuration/Outages.aspx
21:35:17.659 INFO  driver.Page (    Page.java:46) - Fetching the current title.
21:35:17.665 INFO  driver.Page (    Page.java:47) - The Current Title is: Outage List
21:35:17.673 INFO  csp.OutageSteps (OutageSteps.java:233) - The current page is Outages page {}: true
21:35:17.901 INFO  driver.Page (    Page.java:549) - The list contains the following values : [ACTION, OUTAGE ID, OUTAGE TITLE, OUTAGE TYPE, OUTAGE STATUS, ETR, LAST UPDATED, OUTAGE INFORMATION]
21:35:17.901 INFO  driver.Page (    Page.java:59) - Preparing for element to click.
21:35:17.902 INFO  driver.Page (    Page.java:211) - Waiting for element to be clickable for 120 seconds.
21:35:17.951 INFO  driver.Page (    Page.java:214) - Element is clickable now.
21:35:18.009 INFO  driver.Page (    Page.java:62) - Element is clicked successfully.
21:35:18.009 INFO  csp.AdminHomePage (AdminHomePage.java:104) - Admin User Profile dropdown clicked successfully.
21:35:18.011 INFO  driver.Page (    Page.java:236) - Waiting for element to be visible for 120 seconds.
21:35:18.045 INFO  driver.Page (    Page.java:239) - Element is visible on the page.
21:35:18.045 INFO  csp.AdminHomePage (AdminHomePage.java:36) - SignOut Link is Visible on the page.
21:35:18.045 INFO  driver.Page (    Page.java:59) - Preparing for element to click.
21:35:18.046 INFO  driver.Page (    Page.java:211) - Waiting for element to be clickable for 120 seconds.
21:35:18.091 INFO  driver.Page (    Page.java:214) - Element is clickable now.
21:35:22.437 INFO  driver.Page (    Page.java:62) - Element is clicked successfully.
21:35:22.437 INFO  csp.AdminHomePage (AdminHomePage.java:40) - Admin User SignOut Link clicked successfully.
21:35:22.437 INFO  scp.HomePage (HomePage.java:132) - Wait for page loader invisibility.
21:35:22.437 INFO  driver.Page (    Page.java:250) - Waiting for element to be invisible for 120 seconds.
21:35:27.493 INFO  driver.Page (    Page.java:253) - Element is invisible from the page.
21:35:27.493 INFO  csp.OutageTests (OutageTests.java:80) - Test Case execution for - verifySelectedOutageDetails - is Completed.
21:35:33.773 INFO  driver.DriverFactory (DriverFactory.java:125) - Clearing all the cookies.
