16:49:30.644 INFO  utils.ExcelUtils (ExcelUtils.java:35) - Test Runner excel row at: 36
16:49:37.135 INFO  driver.WebDriverFactory (WebDriverFactory.java:207) - Setting up the browser window to its max.
16:49:37.296 INFO  driver.WebDriverFactory (WebDriverFactory.java:196) - Initializing the implicit wait timeout for {} 5
16:49:37.307 INFO  driver.WebDriverFactory (WebDriverFactory.java:199) - Initializing the page load timeout.
16:49:37.312 INFO  driver.DriverFactory (DriverFactory.java:112) - Clearing all the cookies.
16:49:37.321 INFO  driver.DriverFactory (DriverFactory.java:57) - Open the url {} https://qa.smartcmobile.net/SCM_10.0_S-CSP/ using the selenium get() method.
16:49:44.566 INFO  csp.AdminNotificationTests (AdminNotificationTests.java:137) - To verify the tests with the below test case id's: C101609
16:49:44.686 INFO  scp.HomePage (HomePage.java:35) - Wait for page loader invisibility.
16:49:44.687 INFO  driver.Page (    Page.java:224) - Waiting for element to be invisible for 120 seconds.
16:49:49.731 INFO  driver.Page (    Page.java:227) - Element is invisible from the page.
16:49:49.731 INFO  csp.AdminLoginPage (AdminLoginPage.java:334) - Checking that the current page is Admin login page.
16:49:49.731 INFO  driver.Page (    Page.java:38) - Fetching the current URL.
16:49:49.737 INFO  driver.Page (    Page.java:39) - The Current URL is: https://qa.smartcmobile.net/SCM_10.0_S-CSP/
16:49:49.743 INFO  driver.Page (    Page.java:44) - Fetching the current title.
16:49:49.748 INFO  driver.Page (    Page.java:45) - The Current Title is: SCM Admin - Login
16:49:49.753 INFO  csp.AdminLoginPage (AdminLoginPage.java:337) - The current page is Admin login page {}: true
16:49:49.755 INFO  csp.AdminLoginPage (AdminLoginPage.java:30) - Populating username {} :qauser
16:49:49.766 INFO  driver.Page (    Page.java:103) - Wait for element {} [[ChromeDriver: chrome on WINDOWS (633e6de6406af490bd2380f484c8d29c)] -> css selector: [id='txtAdminLogin']] to be present in the DOM for duration of {} 120
16:49:49.766 INFO  driver.Page (    Page.java:210) - Waiting for element to be visible for 120 seconds.
16:49:49.795 INFO  driver.Page (    Page.java:213) - Element is visible on the page.
16:49:49.804 INFO  driver.Page (    Page.java:105) - Clearing the element {} [[ChromeDriver: chrome on WINDOWS (633e6de6406af490bd2380f484c8d29c)] -> css selector: [id='txtAdminLogin']] before sending the keys.
16:49:49.853 INFO  driver.Page (    Page.java:107) - Sending the following keys {} qauser to the element {} [[ChromeDriver: chrome on WINDOWS (633e6de6406af490bd2380f484c8d29c)] -> css selector: [id='txtAdminLogin']]
16:49:49.892 INFO  csp.AdminLoginPage (AdminLoginPage.java:32) - Username populated successfully.
16:49:49.893 INFO  csp.AdminLoginPage (AdminLoginPage.java:54) - Populating password {} :Sew@2021$!
16:49:49.904 INFO  driver.Page (    Page.java:103) - Wait for element {} [[ChromeDriver: chrome on WINDOWS (633e6de6406af490bd2380f484c8d29c)] -> css selector: [id='txtpwd']] to be present in the DOM for duration of {} 120
16:49:49.904 INFO  driver.Page (    Page.java:210) - Waiting for element to be visible for 120 seconds.
16:49:49.930 INFO  driver.Page (    Page.java:213) - Element is visible on the page.
16:49:49.939 INFO  driver.Page (    Page.java:105) - Clearing the element {} [[ChromeDriver: chrome on WINDOWS (633e6de6406af490bd2380f484c8d29c)] -> css selector: [id='txtpwd']] before sending the keys.
16:49:49.990 INFO  driver.Page (    Page.java:107) - Sending the following keys {} Sew@2021$! to the element {} [[ChromeDriver: chrome on WINDOWS (633e6de6406af490bd2380f484c8d29c)] -> css selector: [id='txtpwd']]
16:49:50.061 INFO  csp.AdminLoginPage (AdminLoginPage.java:56) - Password populated successfully.
16:49:50.061 INFO  driver.Page (    Page.java:57) - Preparing for element to click.
16:49:50.062 INFO  driver.Page (    Page.java:185) - Waiting for element to be clickable for 120 seconds.
16:49:50.109 INFO  driver.Page (    Page.java:188) - Element is clickable now.
16:50:02.234 INFO  driver.Page (    Page.java:60) - Element is clicked successfully.
16:50:02.234 INFO  csp.AdminLoginPage (AdminLoginPage.java:67) - SignIn Button clicked successfully.
16:50:02.235 INFO  scp.HomePage (HomePage.java:35) - Wait for page loader invisibility.
16:50:02.235 INFO  driver.Page (    Page.java:224) - Waiting for element to be invisible for 120 seconds.
16:50:02.260 INFO  driver.Page (    Page.java:227) - Element is invisible from the page.
16:50:02.261 INFO  csp.AdminHomePage (AdminHomePage.java:162) - Checking that the current page is Admin Home page.
16:50:02.261 INFO  driver.Page (    Page.java:38) - Fetching the current URL.
16:50:02.267 INFO  driver.Page (    Page.java:39) - The Current URL is: https://qa.smartcmobile.net/SCM_10.0_S-CSP/Home.aspx
16:50:02.274 INFO  driver.Page (    Page.java:44) - Fetching the current title.
16:50:02.280 INFO  driver.Page (    Page.java:45) - The Current Title is: Dashboard
16:50:02.287 INFO  csp.AdminHomePage (AdminHomePage.java:165) - The current page is Admin Home page {}: true
16:50:02.327 INFO  driver.Page (    Page.java:210) - Waiting for element to be visible for 120 seconds.
16:50:02.357 INFO  driver.Page (    Page.java:213) - Element is visible on the page.
16:50:02.357 INFO  csp.AdminHomePage (AdminHomePage.java:50) - Notification Link is Visible on the Admin Home page.
16:50:02.358 INFO  driver.Page (    Page.java:57) - Preparing for element to click.
16:50:02.358 INFO  driver.Page (    Page.java:185) - Waiting for element to be clickable for 120 seconds.
16:50:02.394 INFO  driver.Page (    Page.java:188) - Element is clickable now.
16:50:12.374 INFO  driver.Page (    Page.java:60) - Element is clicked successfully.
16:50:12.375 INFO  csp.AdminHomePage (AdminHomePage.java:54) - Notification Link clicked successfully.
16:50:12.375 INFO  scp.HomePage (HomePage.java:35) - Wait for page loader invisibility.
16:50:12.376 INFO  driver.Page (    Page.java:224) - Waiting for element to be invisible for 120 seconds.
16:50:19.478 INFO  driver.Page (    Page.java:227) - Element is invisible from the page.
16:50:19.479 INFO  scp.HomePage (HomePage.java:74) - Wait for Spinner Loading Image invisibility.
16:50:19.479 INFO  driver.Page (    Page.java:224) - Waiting for element to be invisible for 120 seconds.
16:50:24.540 INFO  driver.Page (    Page.java:227) - Element is invisible from the page.
16:50:24.541 INFO  scp.AboutMyHomePage (AdminNotificationPage.java:901) - Wait for Next Page visibility on Notification Page.
16:50:24.542 INFO  driver.Page (    Page.java:210) - Waiting for element to be visible for 120 seconds.
16:50:24.593 INFO  driver.Page (    Page.java:213) - Element is visible on the page.
16:50:24.632 INFO  driver.Page (    Page.java:57) - Preparing for element to click.
16:50:24.632 INFO  driver.Page (    Page.java:185) - Waiting for element to be clickable for 120 seconds.
16:50:24.686 INFO  driver.Page (    Page.java:188) - Element is clickable now.
16:50:24.752 INFO  driver.Page (    Page.java:60) - Element is clicked successfully.
16:50:24.752 INFO  scp.AboutMyHomePage (AdminNotificationPage.java:461) - Inbox Link clicked {}.
16:50:24.753 INFO  scp.HomePage (HomePage.java:74) - Wait for Spinner Loading Image invisibility.
16:50:24.753 INFO  driver.Page (    Page.java:224) - Waiting for element to be invisible for 120 seconds.
16:50:37.342 INFO  driver.Page (    Page.java:227) - Element is invisible from the page.
16:50:37.343 INFO  scp.AboutMyHomePage (AdminNotificationPage.java:1241) - Checking the visibility of NoDataInModule Label on the page.
16:50:37.395 INFO  scp.AboutMyHomePage (AdminNotificationPage.java:1242) - No Data Label on Module visibility status {}: false
16:50:37.419 INFO  driver.Page (    Page.java:290) - Scrolling page to the very bottom.
16:50:37.425 INFO  driver.Page (    Page.java:292) - Page scrolled to the bottom.
16:50:37.464 INFO  driver.Page (    Page.java:135) - Text got from the locator {} [[ChromeDriver: chrome on WINDOWS (633e6de6406af490bd2380f484c8d29c)] -> css selector: #legends b] is 1 - 50 of 151
16:50:37.481 INFO  scp.AboutMyHomePage (AdminNotificationPage.java:1280) - Notifications Pagination label is 1 - 50 of 151
16:50:37.527 INFO  scp.AboutMyHomePage (AdminNotificationPage.java:774) - Notification CheckAll Checkbox visible status {}: true
16:50:37.547 INFO  driver.Page (    Page.java:57) - Preparing for element to click.
16:50:37.547 INFO  driver.Page (    Page.java:185) - Waiting for element to be clickable for 120 seconds.
16:50:37.599 INFO  driver.Page (    Page.java:188) - Element is clickable now.
16:50:37.662 INFO  driver.Page (    Page.java:60) - Element is clicked successfully.
16:50:37.663 INFO  scp.AboutMyHomePage (AdminNotificationPage.java:41) - Connect Me link clicked {}.
16:50:37.663 INFO  scp.HomePage (HomePage.java:74) - Wait for Spinner Loading Image invisibility.
16:50:37.663 INFO  driver.Page (    Page.java:224) - Waiting for element to be invisible for 120 seconds.
16:50:49.651 INFO  driver.Page (    Page.java:227) - Element is invisible from the page.
16:50:49.651 INFO  scp.AboutMyHomePage (AdminNotificationPage.java:1241) - Checking the visibility of NoDataInModule Label on the page.
16:50:49.670 INFO  scp.AboutMyHomePage (AdminNotificationPage.java:1242) - No Data Label on Module visibility status {}: false
16:50:49.690 INFO  driver.Page (    Page.java:290) - Scrolling page to the very bottom.
16:50:49.698 INFO  driver.Page (    Page.java:292) - Page scrolled to the bottom.
16:50:49.736 INFO  driver.Page (    Page.java:135) - Text got from the locator {} [[ChromeDriver: chrome on WINDOWS (633e6de6406af490bd2380f484c8d29c)] -> css selector: #legends b] is 1 - 33 of 33
16:50:49.755 INFO  scp.AboutMyHomePage (AdminNotificationPage.java:1280) - Notifications Pagination label is 1 - 33 of 33
16:50:49.785 INFO  scp.AboutMyHomePage (AdminNotificationPage.java:774) - Notification CheckAll Checkbox visible status {}: true
16:50:49.802 INFO  driver.Page (    Page.java:57) - Preparing for element to click.
16:50:49.802 INFO  driver.Page (    Page.java:185) - Waiting for element to be clickable for 120 seconds.
16:50:49.840 INFO  driver.Page (    Page.java:188) - Element is clickable now.
16:50:49.886 INFO  driver.Page (    Page.java:60) - Element is clicked successfully.
16:50:49.887 INFO  scp.AboutMyHomePage (AdminNotificationPage.java:81) - Billing link clicked {}.
16:50:49.887 INFO  scp.HomePage (HomePage.java:74) - Wait for Spinner Loading Image invisibility.
16:50:49.887 INFO  driver.Page (    Page.java:224) - Waiting for element to be invisible for 120 seconds.
16:51:01.289 INFO  driver.Page (    Page.java:227) - Element is invisible from the page.
16:51:01.289 INFO  scp.AboutMyHomePage (AdminNotificationPage.java:1241) - Checking the visibility of NoDataInModule Label on the page.
16:51:01.307 INFO  scp.AboutMyHomePage (AdminNotificationPage.java:1242) - No Data Label on Module visibility status {}: false
16:51:01.325 INFO  driver.Page (    Page.java:290) - Scrolling page to the very bottom.
16:51:01.331 INFO  driver.Page (    Page.java:292) - Page scrolled to the bottom.
16:51:01.358 INFO  driver.Page (    Page.java:135) - Text got from the locator {} [[ChromeDriver: chrome on WINDOWS (633e6de6406af490bd2380f484c8d29c)] -> css selector: #legends b] is 1 - 3 of 3
16:51:01.372 INFO  scp.AboutMyHomePage (AdminNotificationPage.java:1280) - Notifications Pagination label is 1 - 3 of 3
16:51:01.400 INFO  scp.AboutMyHomePage (AdminNotificationPage.java:774) - Notification CheckAll Checkbox visible status {}: true
16:51:01.418 INFO  driver.Page (    Page.java:57) - Preparing for element to click.
16:51:01.418 INFO  driver.Page (    Page.java:185) - Waiting for element to be clickable for 120 seconds.
16:51:01.460 INFO  driver.Page (    Page.java:188) - Element is clickable now.
16:51:01.513 INFO  driver.Page (    Page.java:60) - Element is clicked successfully.
16:51:01.513 INFO  scp.AboutMyHomePage (AdminNotificationPage.java:121) - Outage link clicked {}.
16:51:01.514 INFO  scp.HomePage (HomePage.java:74) - Wait for Spinner Loading Image invisibility.
16:51:01.514 INFO  driver.Page (    Page.java:224) - Waiting for element to be invisible for 120 seconds.
16:51:12.973 INFO  driver.Page (    Page.java:227) - Element is invisible from the page.
16:51:12.973 INFO  scp.AboutMyHomePage (AdminNotificationPage.java:1241) - Checking the visibility of NoDataInModule Label on the page.
16:51:13.027 INFO  driver.Page (    Page.java:246) - Element {} : [[ChromeDriver: chrome on WINDOWS (633e6de6406af490bd2380f484c8d29c)] -> css selector: #nodata] is visible on the page.
16:51:13.027 INFO  scp.AboutMyHomePage (AdminNotificationPage.java:1242) - No Data Label on Module visibility status {}: true
16:51:13.057 INFO  driver.Page (    Page.java:246) - Element {} : [[ChromeDriver: chrome on WINDOWS (633e6de6406af490bd2380f484c8d29c)] -> css selector: #nodata] is visible on the page.
16:51:13.057 INFO  csp.AdminNotificationSteps (AdminNotificationSteps.java:107) - There is no Data present on the the Submodule Outage
16:51:13.058 INFO  driver.Page (    Page.java:57) - Preparing for element to click.
16:51:13.058 INFO  driver.Page (    Page.java:185) - Waiting for element to be clickable for 120 seconds.
16:51:13.103 INFO  driver.Page (    Page.java:188) - Element is clickable now.
16:51:13.142 INFO  driver.Page (    Page.java:60) - Element is clicked successfully.
16:51:13.142 INFO  scp.AboutMyHomePage (AdminNotificationPage.java:161) - Services link clicked {}.
16:51:13.143 INFO  scp.HomePage (HomePage.java:74) - Wait for Spinner Loading Image invisibility.
16:51:13.143 INFO  driver.Page (    Page.java:224) - Waiting for element to be invisible for 120 seconds.
16:51:25.148 INFO  driver.Page (    Page.java:227) - Element is invisible from the page.
16:51:25.148 INFO  scp.AboutMyHomePage (AdminNotificationPage.java:1241) - Checking the visibility of NoDataInModule Label on the page.
16:51:25.196 INFO  scp.AboutMyHomePage (AdminNotificationPage.java:1242) - No Data Label on Module visibility status {}: false
16:51:25.218 INFO  driver.Page (    Page.java:290) - Scrolling page to the very bottom.
16:51:25.224 INFO  driver.Page (    Page.java:292) - Page scrolled to the bottom.
16:51:25.260 INFO  driver.Page (    Page.java:135) - Text got from the locator {} [[ChromeDriver: chrome on WINDOWS (633e6de6406af490bd2380f484c8d29c)] -> css selector: #legends b] is 1 - 32 of 32
16:51:25.278 INFO  scp.AboutMyHomePage (AdminNotificationPage.java:1280) - Notifications Pagination label is 1 - 32 of 32
16:51:25.305 INFO  scp.AboutMyHomePage (AdminNotificationPage.java:774) - Notification CheckAll Checkbox visible status {}: true
16:51:25.325 INFO  driver.Page (    Page.java:57) - Preparing for element to click.
16:51:25.325 INFO  driver.Page (    Page.java:185) - Waiting for element to be clickable for 120 seconds.
16:51:25.367 INFO  driver.Page (    Page.java:188) - Element is clickable now.
16:51:25.425 INFO  driver.Page (    Page.java:60) - Element is clicked successfully.
16:51:25.426 INFO  scp.AboutMyHomePage (AdminNotificationPage.java:201) - Demand Response link clicked {}.
16:51:25.426 INFO  scp.HomePage (HomePage.java:74) - Wait for Spinner Loading Image invisibility.
16:51:25.426 INFO  driver.Page (    Page.java:224) - Waiting for element to be invisible for 120 seconds.
16:51:37.421 INFO  driver.Page (    Page.java:227) - Element is invisible from the page.
16:51:37.421 INFO  scp.AboutMyHomePage (AdminNotificationPage.java:1241) - Checking the visibility of NoDataInModule Label on the page.
16:51:37.454 INFO  driver.Page (    Page.java:246) - Element {} : [[ChromeDriver: chrome on WINDOWS (633e6de6406af490bd2380f484c8d29c)] -> css selector: #nodata] is visible on the page.
16:51:37.454 INFO  scp.AboutMyHomePage (AdminNotificationPage.java:1242) - No Data Label on Module visibility status {}: true
16:51:37.479 INFO  driver.Page (    Page.java:246) - Element {} : [[ChromeDriver: chrome on WINDOWS (633e6de6406af490bd2380f484c8d29c)] -> css selector: #nodata] is visible on the page.
16:51:37.479 INFO  csp.AdminNotificationSteps (AdminNotificationSteps.java:107) - There is no Data present on the the Submodule Demand Response
16:51:37.480 INFO  driver.Page (    Page.java:57) - Preparing for element to click.
16:51:37.480 INFO  driver.Page (    Page.java:185) - Waiting for element to be clickable for 120 seconds.
16:51:37.513 INFO  driver.Page (    Page.java:188) - Element is clickable now.
16:51:37.554 INFO  driver.Page (    Page.java:60) - Element is clicked successfully.
16:51:37.554 INFO  scp.AboutMyHomePage (AdminNotificationPage.java:241) - Leak Alert link clicked {}.
16:51:37.555 INFO  scp.HomePage (HomePage.java:74) - Wait for Spinner Loading Image invisibility.
16:51:37.555 INFO  driver.Page (    Page.java:224) - Waiting for element to be invisible for 120 seconds.
16:51:49.019 INFO  driver.Page (    Page.java:227) - Element is invisible from the page.
16:51:49.020 INFO  scp.AboutMyHomePage (AdminNotificationPage.java:1241) - Checking the visibility of NoDataInModule Label on the page.
16:51:49.053 INFO  driver.Page (    Page.java:246) - Element {} : [[ChromeDriver: chrome on WINDOWS (633e6de6406af490bd2380f484c8d29c)] -> css selector: #nodata] is visible on the page.
16:51:49.053 INFO  scp.AboutMyHomePage (AdminNotificationPage.java:1242) - No Data Label on Module visibility status {}: true
16:51:49.080 INFO  driver.Page (    Page.java:246) - Element {} : [[ChromeDriver: chrome on WINDOWS (633e6de6406af490bd2380f484c8d29c)] -> css selector: #nodata] is visible on the page.
16:51:49.080 INFO  csp.AdminNotificationSteps (AdminNotificationSteps.java:107) - There is no Data present on the the Submodule Leak Alert
16:51:49.080 INFO  driver.Page (    Page.java:57) - Preparing for element to click.
16:51:49.080 INFO  driver.Page (    Page.java:185) - Waiting for element to be clickable for 120 seconds.
16:51:49.114 INFO  driver.Page (    Page.java:188) - Element is clickable now.
16:51:49.159 INFO  driver.Page (    Page.java:60) - Element is clicked successfully.
16:51:49.159 INFO  scp.AboutMyHomePage (AdminNotificationPage.java:281) - Login Issues link clicked {}.
16:51:49.159 INFO  scp.HomePage (HomePage.java:74) - Wait for Spinner Loading Image invisibility.
16:51:49.159 INFO  driver.Page (    Page.java:224) - Waiting for element to be invisible for 120 seconds.
16:51:55.661 INFO  driver.Page (    Page.java:227) - Element is invisible from the page.
16:51:55.661 INFO  scp.AboutMyHomePage (AdminNotificationPage.java:1241) - Checking the visibility of NoDataInModule Label on the page.
16:51:55.683 INFO  scp.AboutMyHomePage (AdminNotificationPage.java:1242) - No Data Label on Module visibility status {}: false
16:51:55.698 INFO  driver.Page (    Page.java:290) - Scrolling page to the very bottom.
16:51:55.708 INFO  driver.Page (    Page.java:292) - Page scrolled to the bottom.
16:51:55.736 INFO  driver.Page (    Page.java:135) - Text got from the locator {} [[ChromeDriver: chrome on WINDOWS (633e6de6406af490bd2380f484c8d29c)] -> css selector: #legends b] is 1 - 14 of 14
16:51:55.751 INFO  scp.AboutMyHomePage (AdminNotificationPage.java:1280) - Notifications Pagination label is 1 - 14 of 14
16:51:55.780 INFO  scp.AboutMyHomePage (AdminNotificationPage.java:774) - Notification CheckAll Checkbox visible status {}: true
16:51:55.797 INFO  driver.Page (    Page.java:57) - Preparing for element to click.
16:51:55.798 INFO  driver.Page (    Page.java:185) - Waiting for element to be clickable for 120 seconds.
16:51:55.834 INFO  driver.Page (    Page.java:188) - Element is clickable now.
16:51:55.887 INFO  driver.Page (    Page.java:60) - Element is clicked successfully.
16:51:55.888 INFO  scp.AboutMyHomePage (AdminNotificationPage.java:341) - Complete link clicked {}.
16:51:55.888 INFO  scp.HomePage (HomePage.java:74) - Wait for Spinner Loading Image invisibility.
16:51:55.888 INFO  driver.Page (    Page.java:224) - Waiting for element to be invisible for 120 seconds.
16:52:09.067 INFO  driver.Page (    Page.java:227) - Element is invisible from the page.
16:52:09.067 INFO  scp.AboutMyHomePage (AdminNotificationPage.java:1241) - Checking the visibility of NoDataInModule Label on the page.
16:52:09.093 INFO  driver.Page (    Page.java:246) - Element {} : [[ChromeDriver: chrome on WINDOWS (633e6de6406af490bd2380f484c8d29c)] -> css selector: #nodata] is visible on the page.
16:52:09.094 INFO  scp.AboutMyHomePage (AdminNotificationPage.java:1242) - No Data Label on Module visibility status {}: true
16:52:09.118 INFO  driver.Page (    Page.java:246) - Element {} : [[ChromeDriver: chrome on WINDOWS (633e6de6406af490bd2380f484c8d29c)] -> css selector: #nodata] is visible on the page.
16:52:09.118 INFO  csp.AdminNotificationSteps (AdminNotificationSteps.java:107) - There is no Data present on the the Submodule Complete
16:52:09.118 INFO  driver.Page (    Page.java:57) - Preparing for element to click.
16:52:09.119 INFO  driver.Page (    Page.java:185) - Waiting for element to be clickable for 120 seconds.
16:52:09.150 INFO  driver.Page (    Page.java:188) - Element is clickable now.
16:52:09.186 INFO  driver.Page (    Page.java:60) - Element is clicked successfully.
16:52:09.186 INFO  scp.AboutMyHomePage (AdminNotificationPage.java:381) - Saved Mail Link clicked {}.
16:52:09.186 INFO  scp.HomePage (HomePage.java:74) - Wait for Spinner Loading Image invisibility.
16:52:09.186 INFO  driver.Page (    Page.java:224) - Waiting for element to be invisible for 120 seconds.
16:52:14.723 INFO  driver.Page (    Page.java:227) - Element is invisible from the page.
16:52:14.724 INFO  scp.AboutMyHomePage (AdminNotificationPage.java:1241) - Checking the visibility of NoDataInModule Label on the page.
16:52:14.759 INFO  scp.AboutMyHomePage (AdminNotificationPage.java:1242) - No Data Label on Module visibility status {}: false
16:52:14.787 INFO  driver.Page (    Page.java:290) - Scrolling page to the very bottom.
16:52:14.794 INFO  driver.Page (    Page.java:292) - Page scrolled to the bottom.
16:52:14.837 INFO  driver.Page (    Page.java:135) - Text got from the locator {} [[ChromeDriver: chrome on WINDOWS (633e6de6406af490bd2380f484c8d29c)] -> css selector: #legends b] is 
16:52:14.869 INFO  scp.AboutMyHomePage (AdminNotificationPage.java:1280) - Notifications Pagination label is 
16:52:17.022 INFO  driver.DriverFactory (DriverFactory.java:112) - Clearing all the cookies.
17:35:53.927 WARN  config.Configuration (Configuration.java:231) - QA env being used by default. No env property set. This can be set in the sew.app.yml config file with a '{}=' property or on the command line with the switch '-D{}='.
17:35:54.325 INFO  runner.TestRunner (TestRunner.java:32) - Initializing application properties config file.
17:35:54.333 INFO  runner.TestRunner (TestRunner.java:35) - Initializing connection to the base database.
17:35:54.415 WARN  config.DatabaseConfiguration (DatabaseConfiguration.java:84) - QA env being used by default. No env property set. This can be set in the sentinel.yml config file with a '{}=' property or on the command line with the switch '-D{}='.
17:35:56.089 INFO  runner.TestRunner (TestRunner.java:38) - Initializing resource path config file.
17:35:56.096 INFO  runner.TestRunner (TestRunner.java:41) - Initializing usage months config from CSP.
17:35:56.963 INFO  runner.TestRunner (TestRunner.java:44) - Initializing date config from CSP.
17:35:57.700 INFO  runner.TestRunner (TestRunner.java:47) - Initializing language config from CSP.
17:35:58.447 INFO  runner.TestRunner (TestRunner.java:50) - Initializing language config from CSP.
17:35:59.215 INFO  runner.TestRunner (TestRunner.java:53) - Initializing language config from CSP.
17:35:59.957 INFO  runner.TestRunner (TestRunner.java:56) - Initializing user model config.
17:36:05.018 INFO  runner.TestRunner (TestRunner.java:59) - Initializing auth token config.
17:36:05.018 INFO  runner.TestRunner (TestRunner.java:62) - Initializing Admin User config.
17:36:06.432 INFO  utils.ExcelUtils (ExcelUtils.java:35) - Test Runner excel row at: 1
17:36:06.440 INFO  utils.ExcelUtils (ExcelUtils.java:35) - Test Runner excel row at: 2
17:36:06.441 INFO  utils.ExcelUtils (ExcelUtils.java:35) - Test Runner excel row at: 3
17:36:06.441 INFO  utils.ExcelUtils (ExcelUtils.java:35) - Test Runner excel row at: 4
17:36:06.442 INFO  utils.ExcelUtils (ExcelUtils.java:35) - Test Runner excel row at: 5
17:36:06.442 INFO  utils.ExcelUtils (ExcelUtils.java:35) - Test Runner excel row at: 6
17:36:06.443 INFO  utils.ExcelUtils (ExcelUtils.java:35) - Test Runner excel row at: 7
17:36:06.443 INFO  utils.ExcelUtils (ExcelUtils.java:35) - Test Runner excel row at: 8
17:36:06.444 INFO  utils.ExcelUtils (ExcelUtils.java:35) - Test Runner excel row at: 9
17:36:06.444 INFO  utils.ExcelUtils (ExcelUtils.java:35) - Test Runner excel row at: 10
17:36:06.445 INFO  utils.ExcelUtils (ExcelUtils.java:35) - Test Runner excel row at: 11
17:36:06.445 INFO  utils.ExcelUtils (ExcelUtils.java:35) - Test Runner excel row at: 12
17:36:06.445 INFO  utils.ExcelUtils (ExcelUtils.java:35) - Test Runner excel row at: 13
17:36:06.446 INFO  utils.ExcelUtils (ExcelUtils.java:35) - Test Runner excel row at: 14
17:36:06.447 INFO  utils.ExcelUtils (ExcelUtils.java:35) - Test Runner excel row at: 15
17:36:06.447 INFO  utils.ExcelUtils (ExcelUtils.java:35) - Test Runner excel row at: 16
17:36:06.447 INFO  utils.ExcelUtils (ExcelUtils.java:35) - Test Runner excel row at: 17
17:36:06.448 INFO  utils.ExcelUtils (ExcelUtils.java:35) - Test Runner excel row at: 18
17:36:06.448 INFO  utils.ExcelUtils (ExcelUtils.java:35) - Test Runner excel row at: 19
17:36:06.448 INFO  utils.ExcelUtils (ExcelUtils.java:35) - Test Runner excel row at: 20
17:36:06.449 INFO  utils.ExcelUtils (ExcelUtils.java:35) - Test Runner excel row at: 21
17:36:06.449 INFO  utils.ExcelUtils (ExcelUtils.java:35) - Test Runner excel row at: 22
17:36:06.449 INFO  utils.ExcelUtils (ExcelUtils.java:35) - Test Runner excel row at: 23
17:36:06.450 INFO  utils.ExcelUtils (ExcelUtils.java:35) - Test Runner excel row at: 24
17:36:06.451 INFO  utils.ExcelUtils (ExcelUtils.java:35) - Test Runner excel row at: 25
17:36:06.451 INFO  utils.ExcelUtils (ExcelUtils.java:35) - Test Runner excel row at: 26
17:36:06.452 INFO  utils.ExcelUtils (ExcelUtils.java:35) - Test Runner excel row at: 27
17:36:06.453 INFO  utils.ExcelUtils (ExcelUtils.java:35) - Test Runner excel row at: 28
17:36:06.454 INFO  utils.ExcelUtils (ExcelUtils.java:35) - Test Runner excel row at: 29
17:36:06.454 INFO  utils.ExcelUtils (ExcelUtils.java:35) - Test Runner excel row at: 30
17:36:06.454 INFO  utils.ExcelUtils (ExcelUtils.java:35) - Test Runner excel row at: 31
17:36:06.455 INFO  utils.ExcelUtils (ExcelUtils.java:35) - Test Runner excel row at: 32
17:36:06.455 INFO  utils.ExcelUtils (ExcelUtils.java:35) - Test Runner excel row at: 33
17:36:06.456 INFO  utils.ExcelUtils (ExcelUtils.java:35) - Test Runner excel row at: 34
17:36:06.457 INFO  utils.ExcelUtils (ExcelUtils.java:35) - Test Runner excel row at: 35
17:36:06.457 INFO  utils.ExcelUtils (ExcelUtils.java:35) - Test Runner excel row at: 36
17:36:12.788 INFO  driver.WebDriverFactory (WebDriverFactory.java:207) - Setting up the browser window to its max.
17:36:12.965 INFO  driver.WebDriverFactory (WebDriverFactory.java:196) - Initializing the implicit wait timeout for {} 5
17:36:12.973 INFO  driver.WebDriverFactory (WebDriverFactory.java:199) - Initializing the page load timeout.
17:36:12.983 INFO  driver.DriverFactory (DriverFactory.java:112) - Clearing all the cookies.
17:36:13.000 INFO  driver.DriverFactory (DriverFactory.java:57) - Open the url {} https://qa.smartcmobile.net/SCM_10.0_S-CSP/ using the selenium get() method.
17:36:20.136 INFO  csp.AdminNotificationTests (AdminNotificationTests.java:233) - To verify the tests with the below test case id's: C80464
17:36:20.200 INFO  scp.HomePage (HomePage.java:35) - Wait for page loader invisibility.
17:36:20.201 INFO  driver.Page (    Page.java:224) - Waiting for element to be invisible for 120 seconds.
17:36:25.219 INFO  driver.Page (    Page.java:227) - Element is invisible from the page.
17:36:25.220 INFO  csp.AdminLoginPage (AdminLoginPage.java:334) - Checking that the current page is Admin login page.
17:36:25.220 INFO  driver.Page (    Page.java:38) - Fetching the current URL.
17:36:25.226 INFO  driver.Page (    Page.java:39) - The Current URL is: https://qa.smartcmobile.net/SCM_10.0_S-CSP/
17:36:25.231 INFO  driver.Page (    Page.java:44) - Fetching the current title.
17:36:25.237 INFO  driver.Page (    Page.java:45) - The Current Title is: SCM Admin - Login
17:36:25.242 INFO  csp.AdminLoginPage (AdminLoginPage.java:337) - The current page is Admin login page {}: true
17:36:25.244 INFO  csp.AdminLoginPage (AdminLoginPage.java:30) - Populating username {} :qauser
17:36:25.258 INFO  driver.Page (    Page.java:103) - Wait for element {} [[ChromeDriver: chrome on WINDOWS (0b883551e8667bc9ff016b2e4d0b168d)] -> css selector: [id='txtAdminLogin']] to be present in the DOM for duration of {} 120
17:36:25.260 INFO  driver.Page (    Page.java:210) - Waiting for element to be visible for 120 seconds.
17:36:25.294 INFO  driver.Page (    Page.java:213) - Element is visible on the page.
17:36:25.304 INFO  driver.Page (    Page.java:105) - Clearing the element {} [[ChromeDriver: chrome on WINDOWS (0b883551e8667bc9ff016b2e4d0b168d)] -> css selector: [id='txtAdminLogin']] before sending the keys.
17:36:25.357 INFO  driver.Page (    Page.java:107) - Sending the following keys {} qauser to the element {} [[ChromeDriver: chrome on WINDOWS (0b883551e8667bc9ff016b2e4d0b168d)] -> css selector: [id='txtAdminLogin']]
17:36:25.400 INFO  csp.AdminLoginPage (AdminLoginPage.java:32) - Username populated successfully.
17:36:25.400 INFO  csp.AdminLoginPage (AdminLoginPage.java:54) - Populating password {} :Sew@2021$!
17:36:25.414 INFO  driver.Page (    Page.java:103) - Wait for element {} [[ChromeDriver: chrome on WINDOWS (0b883551e8667bc9ff016b2e4d0b168d)] -> css selector: [id='txtpwd']] to be present in the DOM for duration of {} 120
17:36:25.414 INFO  driver.Page (    Page.java:210) - Waiting for element to be visible for 120 seconds.
17:36:25.446 INFO  driver.Page (    Page.java:213) - Element is visible on the page.
17:36:25.457 INFO  driver.Page (    Page.java:105) - Clearing the element {} [[ChromeDriver: chrome on WINDOWS (0b883551e8667bc9ff016b2e4d0b168d)] -> css selector: [id='txtpwd']] before sending the keys.
17:36:25.514 INFO  driver.Page (    Page.java:107) - Sending the following keys {} Sew@2021$! to the element {} [[ChromeDriver: chrome on WINDOWS (0b883551e8667bc9ff016b2e4d0b168d)] -> css selector: [id='txtpwd']]
17:36:25.592 INFO  csp.AdminLoginPage (AdminLoginPage.java:56) - Password populated successfully.
17:36:25.592 INFO  driver.Page (    Page.java:57) - Preparing for element to click.
17:36:25.593 INFO  driver.Page (    Page.java:185) - Waiting for element to be clickable for 120 seconds.
17:36:25.655 INFO  driver.Page (    Page.java:188) - Element is clickable now.
17:36:33.059 INFO  driver.Page (    Page.java:60) - Element is clicked successfully.
17:36:33.060 INFO  csp.AdminLoginPage (AdminLoginPage.java:67) - SignIn Button clicked successfully.
17:36:33.060 INFO  scp.HomePage (HomePage.java:35) - Wait for page loader invisibility.
17:36:33.061 INFO  driver.Page (    Page.java:224) - Waiting for element to be invisible for 120 seconds.
17:36:33.085 INFO  driver.Page (    Page.java:227) - Element is invisible from the page.
17:36:33.087 INFO  csp.AdminHomePage (AdminHomePage.java:162) - Checking that the current page is Admin Home page.
17:36:33.087 INFO  driver.Page (    Page.java:38) - Fetching the current URL.
17:36:33.092 INFO  driver.Page (    Page.java:39) - The Current URL is: https://qa.smartcmobile.net/SCM_10.0_S-CSP/Home.aspx
17:36:33.099 INFO  driver.Page (    Page.java:44) - Fetching the current title.
17:36:33.105 INFO  driver.Page (    Page.java:45) - The Current Title is: Dashboard
17:36:33.110 INFO  csp.AdminHomePage (AdminHomePage.java:165) - The current page is Admin Home page {}: true
17:36:33.128 INFO  driver.Page (    Page.java:210) - Waiting for element to be visible for 120 seconds.
17:36:33.152 INFO  driver.Page (    Page.java:213) - Element is visible on the page.
17:36:33.153 INFO  csp.AdminHomePage (AdminHomePage.java:50) - Notification Link is Visible on the Admin Home page.
17:36:33.153 INFO  driver.Page (    Page.java:57) - Preparing for element to click.
17:36:33.153 INFO  driver.Page (    Page.java:185) - Waiting for element to be clickable for 120 seconds.
17:36:33.194 INFO  driver.Page (    Page.java:188) - Element is clickable now.
17:36:48.104 INFO  driver.Page (    Page.java:60) - Element is clicked successfully.
17:36:48.104 INFO  csp.AdminHomePage (AdminHomePage.java:54) - Notification Link clicked successfully.
17:36:48.104 INFO  scp.HomePage (HomePage.java:35) - Wait for page loader invisibility.
17:36:48.104 INFO  driver.Page (    Page.java:224) - Waiting for element to be invisible for 120 seconds.
17:36:55.189 INFO  driver.Page (    Page.java:227) - Element is invisible from the page.
17:36:55.190 INFO  scp.HomePage (HomePage.java:74) - Wait for Spinner Loading Image invisibility.
17:36:55.190 INFO  driver.Page (    Page.java:224) - Waiting for element to be invisible for 120 seconds.
17:37:00.223 INFO  driver.Page (    Page.java:227) - Element is invisible from the page.
17:37:00.223 INFO  scp.AboutMyHomePage (AdminNotificationPage.java:901) - Wait for Next Page visibility on Notification Page.
17:37:00.223 INFO  driver.Page (    Page.java:210) - Waiting for element to be visible for 120 seconds.
17:37:00.250 INFO  driver.Page (    Page.java:213) - Element is visible on the page.
17:37:00.276 INFO  driver.Page (    Page.java:57) - Preparing for element to click.
17:37:00.276 INFO  driver.Page (    Page.java:185) - Waiting for element to be clickable for 120 seconds.
17:37:00.319 INFO  driver.Page (    Page.java:188) - Element is clickable now.
17:37:00.377 INFO  driver.Page (    Page.java:60) - Element is clicked successfully.
17:37:00.377 INFO  scp.AboutMyHomePage (AdminNotificationPage.java:121) - Outage link clicked {}.
17:37:00.377 INFO  scp.HomePage (HomePage.java:74) - Wait for Spinner Loading Image invisibility.
17:37:00.377 INFO  driver.Page (    Page.java:224) - Waiting for element to be invisible for 120 seconds.
17:37:11.917 INFO  driver.Page (    Page.java:227) - Element is invisible from the page.
17:37:11.918 INFO  scp.AboutMyHomePage (AdminNotificationPage.java:1241) - Checking the visibility of NoDataInModule Label on the page.
17:37:11.955 INFO  driver.Page (    Page.java:246) - Element {} : [[ChromeDriver: chrome on WINDOWS (0b883551e8667bc9ff016b2e4d0b168d)] -> css selector: #nodata] is visible on the page.
17:37:11.955 INFO  scp.AboutMyHomePage (AdminNotificationPage.java:1242) - No Data Label on Module visibility status {}: true
17:37:11.981 INFO  driver.Page (    Page.java:246) - Element {} : [[ChromeDriver: chrome on WINDOWS (0b883551e8667bc9ff016b2e4d0b168d)] -> css selector: #nodata] is visible on the page.
17:37:11.989 INFO  driver.Page (    Page.java:127) - Wait for the element {} [[ChromeDriver: chrome on WINDOWS (0b883551e8667bc9ff016b2e4d0b168d)] -> css selector: #nodata] to be visible on the page for duration of {} 120
17:37:11.989 INFO  driver.Page (    Page.java:210) - Waiting for element to be visible for 120 seconds.
17:37:12.006 INFO  driver.Page (    Page.java:213) - Element is visible on the page.
17:37:12.031 INFO  driver.Page (    Page.java:130) - Text got from the locator {} [[ChromeDriver: chrome on WINDOWS (0b883551e8667bc9ff016b2e4d0b168d)] -> css selector: #nodata] is We didn’t find anything to show here.
17:37:12.048 INFO  scp.AboutMyHomePage (AdminNotificationPage.java:1248) - No Data Label is We didn’t find anything to show here.
17:37:12.050 INFO  driver.Page (    Page.java:57) - Preparing for element to click.
17:37:12.051 INFO  driver.Page (    Page.java:185) - Waiting for element to be clickable for 120 seconds.
17:37:12.091 INFO  driver.Page (    Page.java:188) - Element is clickable now.
17:37:12.147 INFO  driver.Page (    Page.java:60) - Element is clicked successfully.
17:37:12.148 INFO  csp.AdminHomePage (AdminHomePage.java:74) - Admin User Profile dropdown clicked successfully.
17:37:12.149 INFO  driver.Page (    Page.java:210) - Waiting for element to be visible for 120 seconds.
17:37:12.189 INFO  driver.Page (    Page.java:213) - Element is visible on the page.
17:37:12.189 INFO  csp.AdminHomePage (AdminHomePage.java:36) - SignOut Link is Visible on the page.
17:37:12.189 INFO  driver.Page (    Page.java:57) - Preparing for element to click.
17:37:12.189 INFO  driver.Page (    Page.java:185) - Waiting for element to be clickable for 120 seconds.
17:37:12.233 INFO  driver.Page (    Page.java:188) - Element is clickable now.
17:37:14.489 INFO  driver.Page (    Page.java:60) - Element is clicked successfully.
17:37:14.490 INFO  csp.AdminHomePage (AdminHomePage.java:40) - Admin User SignOut Link clicked successfully.
17:37:14.491 INFO  scp.HomePage (HomePage.java:35) - Wait for page loader invisibility.
17:37:14.491 INFO  driver.Page (    Page.java:224) - Waiting for element to be invisible for 120 seconds.
17:37:19.514 INFO  driver.Page (    Page.java:227) - Element is invisible from the page.
17:37:19.514 INFO  csp.AdminNotificationTests (AdminNotificationTests.java:262) - Test Case execution for - verifyNoDataForTabNotification - is Completed.
17:37:21.644 INFO  driver.DriverFactory (DriverFactory.java:112) - Clearing all the cookies.
17:41:51.782 WARN  config.Configuration (Configuration.java:231) - QA env being used by default. No env property set. This can be set in the sew.app.yml config file with a '{}=' property or on the command line with the switch '-D{}='.
17:41:52.103 INFO  runner.TestRunner (TestRunner.java:32) - Initializing application properties config file.
17:41:52.110 INFO  runner.TestRunner (TestRunner.java:35) - Initializing connection to the base database.
17:41:52.183 WARN  config.DatabaseConfiguration (DatabaseConfiguration.java:84) - QA env being used by default. No env property set. This can be set in the sentinel.yml config file with a '{}=' property or on the command line with the switch '-D{}='.
17:41:53.707 INFO  runner.TestRunner (TestRunner.java:38) - Initializing resource path config file.
17:41:53.717 INFO  runner.TestRunner (TestRunner.java:41) - Initializing usage months config from CSP.
17:41:54.540 INFO  runner.TestRunner (TestRunner.java:44) - Initializing date config from CSP.
17:41:55.286 INFO  runner.TestRunner (TestRunner.java:47) - Initializing language config from CSP.
17:41:56.037 INFO  runner.TestRunner (TestRunner.java:50) - Initializing language config from CSP.
17:41:56.794 INFO  runner.TestRunner (TestRunner.java:53) - Initializing language config from CSP.
17:41:57.542 INFO  runner.TestRunner (TestRunner.java:56) - Initializing user model config.
17:42:02.684 INFO  runner.TestRunner (TestRunner.java:59) - Initializing auth token config.
17:42:02.684 INFO  runner.TestRunner (TestRunner.java:62) - Initializing Admin User config.
17:42:03.939 INFO  utils.ExcelUtils (ExcelUtils.java:35) - Test Runner excel row at: 1
17:42:03.945 INFO  utils.ExcelUtils (ExcelUtils.java:35) - Test Runner excel row at: 2
17:42:03.945 INFO  utils.ExcelUtils (ExcelUtils.java:35) - Test Runner excel row at: 3
17:42:03.946 INFO  utils.ExcelUtils (ExcelUtils.java:35) - Test Runner excel row at: 4
17:42:03.947 INFO  utils.ExcelUtils (ExcelUtils.java:35) - Test Runner excel row at: 5
17:42:03.947 INFO  utils.ExcelUtils (ExcelUtils.java:35) - Test Runner excel row at: 6
17:42:03.948 INFO  utils.ExcelUtils (ExcelUtils.java:35) - Test Runner excel row at: 7
17:42:03.948 INFO  utils.ExcelUtils (ExcelUtils.java:35) - Test Runner excel row at: 8
17:42:03.948 INFO  utils.ExcelUtils (ExcelUtils.java:35) - Test Runner excel row at: 9
17:42:03.949 INFO  utils.ExcelUtils (ExcelUtils.java:35) - Test Runner excel row at: 10
17:42:03.949 INFO  utils.ExcelUtils (ExcelUtils.java:35) - Test Runner excel row at: 11
17:42:03.950 INFO  utils.ExcelUtils (ExcelUtils.java:35) - Test Runner excel row at: 12
17:42:03.950 INFO  utils.ExcelUtils (ExcelUtils.java:35) - Test Runner excel row at: 13
17:42:03.950 INFO  utils.ExcelUtils (ExcelUtils.java:35) - Test Runner excel row at: 14
17:42:03.951 INFO  utils.ExcelUtils (ExcelUtils.java:35) - Test Runner excel row at: 15
17:42:03.951 INFO  utils.ExcelUtils (ExcelUtils.java:35) - Test Runner excel row at: 16
17:42:03.952 INFO  utils.ExcelUtils (ExcelUtils.java:35) - Test Runner excel row at: 17
17:42:03.952 INFO  utils.ExcelUtils (ExcelUtils.java:35) - Test Runner excel row at: 18
17:42:03.952 INFO  utils.ExcelUtils (ExcelUtils.java:35) - Test Runner excel row at: 19
17:42:03.953 INFO  utils.ExcelUtils (ExcelUtils.java:35) - Test Runner excel row at: 20
17:42:03.953 INFO  utils.ExcelUtils (ExcelUtils.java:35) - Test Runner excel row at: 21
17:42:03.953 INFO  utils.ExcelUtils (ExcelUtils.java:35) - Test Runner excel row at: 22
17:42:03.954 INFO  utils.ExcelUtils (ExcelUtils.java:35) - Test Runner excel row at: 23
17:42:03.954 INFO  utils.ExcelUtils (ExcelUtils.java:35) - Test Runner excel row at: 24
17:42:03.954 INFO  utils.ExcelUtils (ExcelUtils.java:35) - Test Runner excel row at: 25
17:42:03.955 INFO  utils.ExcelUtils (ExcelUtils.java:35) - Test Runner excel row at: 26
17:42:03.955 INFO  utils.ExcelUtils (ExcelUtils.java:35) - Test Runner excel row at: 27
17:42:03.955 INFO  utils.ExcelUtils (ExcelUtils.java:35) - Test Runner excel row at: 28
17:42:03.955 INFO  utils.ExcelUtils (ExcelUtils.java:35) - Test Runner excel row at: 29
17:42:03.956 INFO  utils.ExcelUtils (ExcelUtils.java:35) - Test Runner excel row at: 30
17:42:03.956 INFO  utils.ExcelUtils (ExcelUtils.java:35) - Test Runner excel row at: 31
17:42:03.956 INFO  utils.ExcelUtils (ExcelUtils.java:35) - Test Runner excel row at: 32
17:42:03.956 INFO  utils.ExcelUtils (ExcelUtils.java:35) - Test Runner excel row at: 33
17:42:03.957 INFO  utils.ExcelUtils (ExcelUtils.java:35) - Test Runner excel row at: 34
17:42:03.957 INFO  utils.ExcelUtils (ExcelUtils.java:35) - Test Runner excel row at: 35
17:42:03.958 INFO  utils.ExcelUtils (ExcelUtils.java:35) - Test Runner excel row at: 36
17:42:07.558 INFO  driver.WebDriverFactory (WebDriverFactory.java:207) - Setting up the browser window to its max.
17:42:07.720 INFO  driver.WebDriverFactory (WebDriverFactory.java:196) - Initializing the implicit wait timeout for {} 5
17:42:07.729 INFO  driver.WebDriverFactory (WebDriverFactory.java:199) - Initializing the page load timeout.
17:42:07.737 INFO  driver.DriverFactory (DriverFactory.java:112) - Clearing all the cookies.
17:42:07.755 INFO  driver.DriverFactory (DriverFactory.java:57) - Open the url {} https://qa.smartcmobile.net/SCM_10.0_S-CSP/ using the selenium get() method.
17:42:14.628 INFO  csp.AdminNotificationTests (AdminNotificationTests.java:233) - To verify the tests with the below test case id's: C80464
17:42:14.740 INFO  scp.HomePage (HomePage.java:35) - Wait for page loader invisibility.
17:42:14.740 INFO  driver.Page (    Page.java:224) - Waiting for element to be invisible for 120 seconds.
17:42:19.803 INFO  driver.Page (    Page.java:227) - Element is invisible from the page.
17:42:19.803 INFO  csp.AdminLoginPage (AdminLoginPage.java:334) - Checking that the current page is Admin login page.
17:42:19.804 INFO  driver.Page (    Page.java:38) - Fetching the current URL.
17:42:19.810 INFO  driver.Page (    Page.java:39) - The Current URL is: https://qa.smartcmobile.net/SCM_10.0_S-CSP/
17:42:19.816 INFO  driver.Page (    Page.java:44) - Fetching the current title.
17:42:19.822 INFO  driver.Page (    Page.java:45) - The Current Title is: SCM Admin - Login
17:42:19.828 INFO  csp.AdminLoginPage (AdminLoginPage.java:337) - The current page is Admin login page {}: true
17:42:19.830 INFO  csp.AdminLoginPage (AdminLoginPage.java:30) - Populating username {} :qauser
17:42:19.842 INFO  driver.Page (    Page.java:103) - Wait for element {} [[ChromeDriver: chrome on WINDOWS (b93060b99b5ef2e6f4652f5b8e0012b9)] -> css selector: [id='txtAdminLogin']] to be present in the DOM for duration of {} 120
17:42:19.842 INFO  driver.Page (    Page.java:210) - Waiting for element to be visible for 120 seconds.
17:42:19.875 INFO  driver.Page (    Page.java:213) - Element is visible on the page.
17:42:19.885 INFO  driver.Page (    Page.java:105) - Clearing the element {} [[ChromeDriver: chrome on WINDOWS (b93060b99b5ef2e6f4652f5b8e0012b9)] -> css selector: [id='txtAdminLogin']] before sending the keys.
17:42:19.934 INFO  driver.Page (    Page.java:107) - Sending the following keys {} qauser to the element {} [[ChromeDriver: chrome on WINDOWS (b93060b99b5ef2e6f4652f5b8e0012b9)] -> css selector: [id='txtAdminLogin']]
17:42:19.986 INFO  csp.AdminLoginPage (AdminLoginPage.java:32) - Username populated successfully.
17:42:19.986 INFO  csp.AdminLoginPage (AdminLoginPage.java:54) - Populating password {} :Sew@2021$!
17:42:19.999 INFO  driver.Page (    Page.java:103) - Wait for element {} [[ChromeDriver: chrome on WINDOWS (b93060b99b5ef2e6f4652f5b8e0012b9)] -> css selector: [id='txtpwd']] to be present in the DOM for duration of {} 120
17:42:20.000 INFO  driver.Page (    Page.java:210) - Waiting for element to be visible for 120 seconds.
17:42:20.031 INFO  driver.Page (    Page.java:213) - Element is visible on the page.
17:42:20.040 INFO  driver.Page (    Page.java:105) - Clearing the element {} [[ChromeDriver: chrome on WINDOWS (b93060b99b5ef2e6f4652f5b8e0012b9)] -> css selector: [id='txtpwd']] before sending the keys.
17:42:20.097 INFO  driver.Page (    Page.java:107) - Sending the following keys {} Sew@2021$! to the element {} [[ChromeDriver: chrome on WINDOWS (b93060b99b5ef2e6f4652f5b8e0012b9)] -> css selector: [id='txtpwd']]
17:42:20.172 INFO  csp.AdminLoginPage (AdminLoginPage.java:56) - Password populated successfully.
17:42:20.172 INFO  driver.Page (    Page.java:57) - Preparing for element to click.
17:42:20.172 INFO  driver.Page (    Page.java:185) - Waiting for element to be clickable for 120 seconds.
17:42:20.238 INFO  driver.Page (    Page.java:188) - Element is clickable now.
17:42:26.730 INFO  driver.Page (    Page.java:60) - Element is clicked successfully.
17:42:26.730 INFO  csp.AdminLoginPage (AdminLoginPage.java:67) - SignIn Button clicked successfully.
17:42:26.730 INFO  scp.HomePage (HomePage.java:35) - Wait for page loader invisibility.
17:42:26.731 INFO  driver.Page (    Page.java:224) - Waiting for element to be invisible for 120 seconds.
17:42:26.753 INFO  driver.Page (    Page.java:227) - Element is invisible from the page.
17:42:26.755 INFO  csp.AdminHomePage (AdminHomePage.java:162) - Checking that the current page is Admin Home page.
17:42:26.755 INFO  driver.Page (    Page.java:38) - Fetching the current URL.
17:42:26.761 INFO  driver.Page (    Page.java:39) - The Current URL is: https://qa.smartcmobile.net/SCM_10.0_S-CSP/Home.aspx
17:42:26.768 INFO  driver.Page (    Page.java:44) - Fetching the current title.
17:42:26.774 INFO  driver.Page (    Page.java:45) - The Current Title is: Dashboard
17:42:26.780 INFO  csp.AdminHomePage (AdminHomePage.java:165) - The current page is Admin Home page {}: true
17:42:26.803 INFO  driver.Page (    Page.java:210) - Waiting for element to be visible for 120 seconds.
17:42:26.837 INFO  driver.Page (    Page.java:213) - Element is visible on the page.
17:42:26.838 INFO  csp.AdminHomePage (AdminHomePage.java:50) - Notification Link is Visible on the Admin Home page.
17:42:26.838 INFO  driver.Page (    Page.java:57) - Preparing for element to click.
17:42:26.839 INFO  driver.Page (    Page.java:185) - Waiting for element to be clickable for 120 seconds.
17:42:26.886 INFO  driver.Page (    Page.java:188) - Element is clickable now.
17:42:43.429 INFO  driver.Page (    Page.java:60) - Element is clicked successfully.
17:42:43.429 INFO  csp.AdminHomePage (AdminHomePage.java:54) - Notification Link clicked successfully.
17:42:43.429 INFO  scp.HomePage (HomePage.java:35) - Wait for page loader invisibility.
17:42:43.430 INFO  driver.Page (    Page.java:224) - Waiting for element to be invisible for 120 seconds.
17:42:50.575 INFO  driver.Page (    Page.java:227) - Element is invisible from the page.
17:42:50.576 INFO  scp.HomePage (HomePage.java:74) - Wait for Spinner Loading Image invisibility.
17:42:50.576 INFO  driver.Page (    Page.java:224) - Waiting for element to be invisible for 120 seconds.
17:42:55.656 INFO  driver.Page (    Page.java:227) - Element is invisible from the page.
17:42:55.657 INFO  scp.AboutMyHomePage (AdminNotificationPage.java:901) - Wait for Next Page visibility on Notification Page.
17:42:55.657 INFO  driver.Page (    Page.java:210) - Waiting for element to be visible for 120 seconds.
17:42:55.700 INFO  driver.Page (    Page.java:213) - Element is visible on the page.
17:42:55.733 INFO  driver.Page (    Page.java:57) - Preparing for element to click.
17:42:55.733 INFO  driver.Page (    Page.java:185) - Waiting for element to be clickable for 120 seconds.
17:42:55.776 INFO  driver.Page (    Page.java:188) - Element is clickable now.
17:42:55.824 INFO  driver.Page (    Page.java:60) - Element is clicked successfully.
17:42:55.825 INFO  scp.AboutMyHomePage (AdminNotificationPage.java:121) - Outage link clicked {}.
17:42:55.825 INFO  scp.HomePage (HomePage.java:74) - Wait for Spinner Loading Image invisibility.
17:42:55.825 INFO  driver.Page (    Page.java:224) - Waiting for element to be invisible for 120 seconds.
17:43:07.428 INFO  driver.Page (    Page.java:227) - Element is invisible from the page.
17:43:07.429 INFO  scp.AboutMyHomePage (AdminNotificationPage.java:1241) - Checking the visibility of NoDataInModule Label on the page.
17:43:07.458 INFO  driver.Page (    Page.java:246) - Element {} : [[ChromeDriver: chrome on WINDOWS (b93060b99b5ef2e6f4652f5b8e0012b9)] -> css selector: #nodata] is visible on the page.
17:43:07.458 INFO  scp.AboutMyHomePage (AdminNotificationPage.java:1242) - No Data Label on Module visibility status {}: true
17:43:07.489 INFO  driver.Page (    Page.java:246) - Element {} : [[ChromeDriver: chrome on WINDOWS (b93060b99b5ef2e6f4652f5b8e0012b9)] -> css selector: #nodata] is visible on the page.
17:43:07.498 INFO  driver.Page (    Page.java:127) - Wait for the element {} [[ChromeDriver: chrome on WINDOWS (b93060b99b5ef2e6f4652f5b8e0012b9)] -> css selector: #nodata] to be visible on the page for duration of {} 120
17:43:07.498 INFO  driver.Page (    Page.java:210) - Waiting for element to be visible for 120 seconds.
17:43:07.519 INFO  driver.Page (    Page.java:213) - Element is visible on the page.
17:43:07.545 INFO  driver.Page (    Page.java:130) - Text got from the locator {} [[ChromeDriver: chrome on WINDOWS (b93060b99b5ef2e6f4652f5b8e0012b9)] -> css selector: #nodata] is We didn’t find anything to show here.
17:43:07.561 INFO  scp.AboutMyHomePage (AdminNotificationPage.java:1248) - No Data Label is We didn’t find anything to show here.
17:43:07.567 INFO  driver.Page (    Page.java:57) - Preparing for element to click.
17:43:07.567 INFO  driver.Page (    Page.java:185) - Waiting for element to be clickable for 120 seconds.
17:43:07.607 INFO  driver.Page (    Page.java:188) - Element is clickable now.
17:43:07.663 INFO  driver.Page (    Page.java:60) - Element is clicked successfully.
17:43:07.664 INFO  csp.AdminHomePage (AdminHomePage.java:74) - Admin User Profile dropdown clicked successfully.
17:43:07.665 INFO  driver.Page (    Page.java:210) - Waiting for element to be visible for 120 seconds.
17:43:07.695 INFO  driver.Page (    Page.java:213) - Element is visible on the page.
17:43:07.695 INFO  csp.AdminHomePage (AdminHomePage.java:36) - SignOut Link is Visible on the page.
17:43:07.695 INFO  driver.Page (    Page.java:57) - Preparing for element to click.
17:43:07.695 INFO  driver.Page (    Page.java:185) - Waiting for element to be clickable for 120 seconds.
17:43:07.735 INFO  driver.Page (    Page.java:188) - Element is clickable now.
17:43:10.218 INFO  driver.Page (    Page.java:60) - Element is clicked successfully.
17:43:10.219 INFO  csp.AdminHomePage (AdminHomePage.java:40) - Admin User SignOut Link clicked successfully.
17:43:10.219 INFO  scp.HomePage (HomePage.java:35) - Wait for page loader invisibility.
17:43:10.219 INFO  driver.Page (    Page.java:224) - Waiting for element to be invisible for 120 seconds.
17:43:15.285 INFO  driver.Page (    Page.java:227) - Element is invisible from the page.
17:43:17.443 INFO  driver.DriverFactory (DriverFactory.java:112) - Clearing all the cookies.
17:46:30.610 WARN  config.Configuration (Configuration.java:231) - QA env being used by default. No env property set. This can be set in the sew.app.yml config file with a '{}=' property or on the command line with the switch '-D{}='.
17:46:30.897 INFO  runner.TestRunner (TestRunner.java:32) - Initializing application properties config file.
17:46:30.898 INFO  runner.TestRunner (TestRunner.java:35) - Initializing connection to the base database.
17:46:30.916 WARN  config.DatabaseConfiguration (DatabaseConfiguration.java:84) - QA env being used by default. No env property set. This can be set in the sentinel.yml config file with a '{}=' property or on the command line with the switch '-D{}='.
17:46:32.421 INFO  runner.TestRunner (TestRunner.java:38) - Initializing resource path config file.
17:46:32.421 INFO  runner.TestRunner (TestRunner.java:41) - Initializing usage months config from CSP.
17:46:33.249 INFO  runner.TestRunner (TestRunner.java:44) - Initializing date config from CSP.
17:46:33.998 INFO  runner.TestRunner (TestRunner.java:47) - Initializing language config from CSP.
17:46:34.737 INFO  runner.TestRunner (TestRunner.java:50) - Initializing language config from CSP.
17:46:35.605 INFO  runner.TestRunner (TestRunner.java:53) - Initializing language config from CSP.
17:46:36.352 INFO  runner.TestRunner (TestRunner.java:56) - Initializing user model config.
17:46:41.116 INFO  runner.TestRunner (TestRunner.java:59) - Initializing auth token config.
17:46:41.117 INFO  runner.TestRunner (TestRunner.java:62) - Initializing Admin User config.
17:46:42.366 INFO  utils.ExcelUtils (ExcelUtils.java:35) - Test Runner excel row at: 1
17:46:42.374 INFO  utils.ExcelUtils (ExcelUtils.java:35) - Test Runner excel row at: 2
17:46:42.375 INFO  utils.ExcelUtils (ExcelUtils.java:35) - Test Runner excel row at: 3
17:46:42.376 INFO  utils.ExcelUtils (ExcelUtils.java:35) - Test Runner excel row at: 4
17:46:42.376 INFO  utils.ExcelUtils (ExcelUtils.java:35) - Test Runner excel row at: 5
17:46:42.377 INFO  utils.ExcelUtils (ExcelUtils.java:35) - Test Runner excel row at: 6
17:46:42.377 INFO  utils.ExcelUtils (ExcelUtils.java:35) - Test Runner excel row at: 7
17:46:42.378 INFO  utils.ExcelUtils (ExcelUtils.java:35) - Test Runner excel row at: 8
17:46:42.378 INFO  utils.ExcelUtils (ExcelUtils.java:35) - Test Runner excel row at: 9
17:46:42.379 INFO  utils.ExcelUtils (ExcelUtils.java:35) - Test Runner excel row at: 10
17:46:42.380 INFO  utils.ExcelUtils (ExcelUtils.java:35) - Test Runner excel row at: 11
17:46:42.380 INFO  utils.ExcelUtils (ExcelUtils.java:35) - Test Runner excel row at: 12
17:46:42.380 INFO  utils.ExcelUtils (ExcelUtils.java:35) - Test Runner excel row at: 13
17:46:42.381 INFO  utils.ExcelUtils (ExcelUtils.java:35) - Test Runner excel row at: 14
17:46:42.381 INFO  utils.ExcelUtils (ExcelUtils.java:35) - Test Runner excel row at: 15
17:46:42.382 INFO  utils.ExcelUtils (ExcelUtils.java:35) - Test Runner excel row at: 16
17:46:42.382 INFO  utils.ExcelUtils (ExcelUtils.java:35) - Test Runner excel row at: 17
17:46:42.382 INFO  utils.ExcelUtils (ExcelUtils.java:35) - Test Runner excel row at: 18
17:46:42.383 INFO  utils.ExcelUtils (ExcelUtils.java:35) - Test Runner excel row at: 19
17:46:42.384 INFO  utils.ExcelUtils (ExcelUtils.java:35) - Test Runner excel row at: 20
17:46:42.384 INFO  utils.ExcelUtils (ExcelUtils.java:35) - Test Runner excel row at: 21
17:46:42.384 INFO  utils.ExcelUtils (ExcelUtils.java:35) - Test Runner excel row at: 22
17:46:42.384 INFO  utils.ExcelUtils (ExcelUtils.java:35) - Test Runner excel row at: 23
17:46:42.385 INFO  utils.ExcelUtils (ExcelUtils.java:35) - Test Runner excel row at: 24
17:46:42.385 INFO  utils.ExcelUtils (ExcelUtils.java:35) - Test Runner excel row at: 25
17:46:42.386 INFO  utils.ExcelUtils (ExcelUtils.java:35) - Test Runner excel row at: 26
17:46:42.387 INFO  utils.ExcelUtils (ExcelUtils.java:35) - Test Runner excel row at: 27
17:46:42.387 INFO  utils.ExcelUtils (ExcelUtils.java:35) - Test Runner excel row at: 28
17:46:42.388 INFO  utils.ExcelUtils (ExcelUtils.java:35) - Test Runner excel row at: 29
17:46:42.388 INFO  utils.ExcelUtils (ExcelUtils.java:35) - Test Runner excel row at: 30
17:46:42.389 INFO  utils.ExcelUtils (ExcelUtils.java:35) - Test Runner excel row at: 31
17:46:42.389 INFO  utils.ExcelUtils (ExcelUtils.java:35) - Test Runner excel row at: 32
17:46:42.390 INFO  utils.ExcelUtils (ExcelUtils.java:35) - Test Runner excel row at: 33
17:46:42.390 INFO  utils.ExcelUtils (ExcelUtils.java:35) - Test Runner excel row at: 34
17:46:42.390 INFO  utils.ExcelUtils (ExcelUtils.java:35) - Test Runner excel row at: 35
17:46:42.390 INFO  utils.ExcelUtils (ExcelUtils.java:35) - Test Runner excel row at: 36
17:46:45.049 INFO  driver.WebDriverFactory (WebDriverFactory.java:207) - Setting up the browser window to its max.
17:46:45.202 INFO  driver.WebDriverFactory (WebDriverFactory.java:196) - Initializing the implicit wait timeout for {} 5
17:46:45.213 INFO  driver.WebDriverFactory (WebDriverFactory.java:199) - Initializing the page load timeout.
17:46:45.218 INFO  driver.DriverFactory (DriverFactory.java:112) - Clearing all the cookies.
17:46:45.252 INFO  driver.DriverFactory (DriverFactory.java:57) - Open the url {} https://qa.smartcmobile.net/SCM_10.0_S-CSP/ using the selenium get() method.
17:46:51.370 INFO  csp.AdminNotificationTests (AdminNotificationTests.java:233) - To verify the tests with the below test case id's: C80464
17:46:51.386 INFO  scp.HomePage (HomePage.java:35) - Wait for page loader invisibility.
17:46:51.386 INFO  driver.Page (    Page.java:224) - Waiting for element to be invisible for 120 seconds.
17:46:56.458 INFO  driver.Page (    Page.java:227) - Element is invisible from the page.
17:46:56.458 INFO  csp.AdminLoginPage (AdminLoginPage.java:334) - Checking that the current page is Admin login page.
17:46:56.458 INFO  driver.Page (    Page.java:38) - Fetching the current URL.
17:46:56.465 INFO  driver.Page (    Page.java:39) - The Current URL is: https://qa.smartcmobile.net/SCM_10.0_S-CSP/
17:46:56.470 INFO  driver.Page (    Page.java:44) - Fetching the current title.
17:46:56.475 INFO  driver.Page (    Page.java:45) - The Current Title is: SCM Admin - Login
17:46:56.481 INFO  csp.AdminLoginPage (AdminLoginPage.java:337) - The current page is Admin login page {}: true
17:46:56.483 INFO  csp.AdminLoginPage (AdminLoginPage.java:30) - Populating username {} :qauser
17:46:56.500 INFO  driver.Page (    Page.java:103) - Wait for element {} [[ChromeDriver: chrome on WINDOWS (5ba23a6e056582da7995b7224a95e3e7)] -> css selector: [id='txtAdminLogin']] to be present in the DOM for duration of {} 120
17:46:56.501 INFO  driver.Page (    Page.java:210) - Waiting for element to be visible for 120 seconds.
17:46:56.534 INFO  driver.Page (    Page.java:213) - Element is visible on the page.
17:46:56.543 INFO  driver.Page (    Page.java:105) - Clearing the element {} [[ChromeDriver: chrome on WINDOWS (5ba23a6e056582da7995b7224a95e3e7)] -> css selector: [id='txtAdminLogin']] before sending the keys.
17:46:56.595 INFO  driver.Page (    Page.java:107) - Sending the following keys {} qauser to the element {} [[ChromeDriver: chrome on WINDOWS (5ba23a6e056582da7995b7224a95e3e7)] -> css selector: [id='txtAdminLogin']]
17:46:56.644 INFO  csp.AdminLoginPage (AdminLoginPage.java:32) - Username populated successfully.
17:46:56.644 INFO  csp.AdminLoginPage (AdminLoginPage.java:54) - Populating password {} :Sew@2021$!
17:46:56.659 INFO  driver.Page (    Page.java:103) - Wait for element {} [[ChromeDriver: chrome on WINDOWS (5ba23a6e056582da7995b7224a95e3e7)] -> css selector: [id='txtpwd']] to be present in the DOM for duration of {} 120
17:46:56.659 INFO  driver.Page (    Page.java:210) - Waiting for element to be visible for 120 seconds.
17:46:56.694 INFO  driver.Page (    Page.java:213) - Element is visible on the page.
17:46:56.706 INFO  driver.Page (    Page.java:105) - Clearing the element {} [[ChromeDriver: chrome on WINDOWS (5ba23a6e056582da7995b7224a95e3e7)] -> css selector: [id='txtpwd']] before sending the keys.
17:46:56.772 INFO  driver.Page (    Page.java:107) - Sending the following keys {} Sew@2021$! to the element {} [[ChromeDriver: chrome on WINDOWS (5ba23a6e056582da7995b7224a95e3e7)] -> css selector: [id='txtpwd']]
17:46:56.844 INFO  csp.AdminLoginPage (AdminLoginPage.java:56) - Password populated successfully.
17:46:56.844 INFO  driver.Page (    Page.java:57) - Preparing for element to click.
17:46:56.844 INFO  driver.Page (    Page.java:185) - Waiting for element to be clickable for 120 seconds.
17:46:56.904 INFO  driver.Page (    Page.java:188) - Element is clickable now.
17:47:05.176 INFO  driver.Page (    Page.java:60) - Element is clicked successfully.
17:47:05.177 INFO  csp.AdminLoginPage (AdminLoginPage.java:67) - SignIn Button clicked successfully.
17:47:05.177 INFO  scp.HomePage (HomePage.java:35) - Wait for page loader invisibility.
17:47:05.177 INFO  driver.Page (    Page.java:224) - Waiting for element to be invisible for 120 seconds.
17:47:05.206 INFO  driver.Page (    Page.java:227) - Element is invisible from the page.
17:47:05.211 INFO  csp.AdminHomePage (AdminHomePage.java:162) - Checking that the current page is Admin Home page.
17:47:05.212 INFO  driver.Page (    Page.java:38) - Fetching the current URL.
17:47:05.217 INFO  driver.Page (    Page.java:39) - The Current URL is: https://qa.smartcmobile.net/SCM_10.0_S-CSP/Home.aspx
17:47:05.222 INFO  driver.Page (    Page.java:44) - Fetching the current title.
17:47:05.228 INFO  driver.Page (    Page.java:45) - The Current Title is: Dashboard
17:47:05.232 INFO  csp.AdminHomePage (AdminHomePage.java:165) - The current page is Admin Home page {}: true
17:47:05.241 INFO  driver.Page (    Page.java:210) - Waiting for element to be visible for 120 seconds.
17:47:05.269 INFO  driver.Page (    Page.java:213) - Element is visible on the page.
17:47:05.271 INFO  csp.AdminHomePage (AdminHomePage.java:50) - Notification Link is Visible on the Admin Home page.
17:47:05.271 INFO  driver.Page (    Page.java:57) - Preparing for element to click.
17:47:05.271 INFO  driver.Page (    Page.java:185) - Waiting for element to be clickable for 120 seconds.
17:47:05.324 INFO  driver.Page (    Page.java:188) - Element is clickable now.
17:47:13.461 INFO  driver.Page (    Page.java:60) - Element is clicked successfully.
17:47:13.461 INFO  csp.AdminHomePage (AdminHomePage.java:54) - Notification Link clicked successfully.
17:47:13.461 INFO  scp.HomePage (HomePage.java:35) - Wait for page loader invisibility.
17:47:13.462 INFO  driver.Page (    Page.java:224) - Waiting for element to be invisible for 120 seconds.
17:47:20.121 INFO  driver.Page (    Page.java:227) - Element is invisible from the page.
17:47:20.121 INFO  scp.HomePage (HomePage.java:74) - Wait for Spinner Loading Image invisibility.
17:47:20.122 INFO  driver.Page (    Page.java:224) - Waiting for element to be invisible for 120 seconds.
17:47:25.202 INFO  driver.Page (    Page.java:227) - Element is invisible from the page.
17:47:25.203 INFO  scp.AboutMyHomePage (AdminNotificationPage.java:901) - Wait for Next Page visibility on Notification Page.
17:47:25.203 INFO  driver.Page (    Page.java:210) - Waiting for element to be visible for 120 seconds.
17:47:25.238 INFO  driver.Page (    Page.java:213) - Element is visible on the page.
17:47:25.272 INFO  driver.Page (    Page.java:57) - Preparing for element to click.
17:47:25.273 INFO  driver.Page (    Page.java:185) - Waiting for element to be clickable for 120 seconds.
17:47:25.324 INFO  driver.Page (    Page.java:188) - Element is clickable now.
17:47:25.374 INFO  driver.Page (    Page.java:60) - Element is clicked successfully.
17:47:25.374 INFO  scp.AboutMyHomePage (AdminNotificationPage.java:121) - Outage link clicked {}.
17:47:25.374 INFO  scp.HomePage (HomePage.java:74) - Wait for Spinner Loading Image invisibility.
17:47:25.375 INFO  driver.Page (    Page.java:224) - Waiting for element to be invisible for 120 seconds.
17:47:36.930 INFO  driver.Page (    Page.java:227) - Element is invisible from the page.
17:47:36.931 INFO  scp.AboutMyHomePage (AdminNotificationPage.java:1241) - Checking the visibility of NoDataInModule Label on the page.
17:47:36.968 INFO  driver.Page (    Page.java:246) - Element {} : [[ChromeDriver: chrome on WINDOWS (5ba23a6e056582da7995b7224a95e3e7)] -> css selector: #nodata] is visible on the page.
17:47:36.968 INFO  scp.AboutMyHomePage (AdminNotificationPage.java:1242) - No Data Label on Module visibility status {}: true
17:47:36.992 INFO  driver.Page (    Page.java:246) - Element {} : [[ChromeDriver: chrome on WINDOWS (5ba23a6e056582da7995b7224a95e3e7)] -> css selector: #nodata] is visible on the page.
17:47:36.999 INFO  driver.Page (    Page.java:127) - Wait for the element {} [[ChromeDriver: chrome on WINDOWS (5ba23a6e056582da7995b7224a95e3e7)] -> css selector: #nodata] to be visible on the page for duration of {} 120
17:47:36.999 INFO  driver.Page (    Page.java:210) - Waiting for element to be visible for 120 seconds.
17:47:37.019 INFO  driver.Page (    Page.java:213) - Element is visible on the page.
17:47:37.044 INFO  driver.Page (    Page.java:130) - Text got from the locator {} [[ChromeDriver: chrome on WINDOWS (5ba23a6e056582da7995b7224a95e3e7)] -> css selector: #nodata] is We didn’t find anything to show here.
17:47:37.059 INFO  scp.AboutMyHomePage (AdminNotificationPage.java:1248) - No Data Label is We didn’t find anything to show here.
17:47:37.060 INFO  driver.Page (    Page.java:57) - Preparing for element to click.
17:47:37.061 INFO  driver.Page (    Page.java:185) - Waiting for element to be clickable for 120 seconds.
17:47:37.102 INFO  driver.Page (    Page.java:188) - Element is clickable now.
17:47:37.157 INFO  driver.Page (    Page.java:60) - Element is clicked successfully.
17:47:37.157 INFO  csp.AdminHomePage (AdminHomePage.java:74) - Admin User Profile dropdown clicked successfully.
17:47:37.158 INFO  driver.Page (    Page.java:210) - Waiting for element to be visible for 120 seconds.
17:47:37.192 INFO  driver.Page (    Page.java:213) - Element is visible on the page.
17:47:37.193 INFO  csp.AdminHomePage (AdminHomePage.java:36) - SignOut Link is Visible on the page.
17:47:37.194 INFO  driver.Page (    Page.java:57) - Preparing for element to click.
17:47:37.194 INFO  driver.Page (    Page.java:185) - Waiting for element to be clickable for 120 seconds.
17:47:37.241 INFO  driver.Page (    Page.java:188) - Element is clickable now.
17:47:39.480 INFO  driver.Page (    Page.java:60) - Element is clicked successfully.
17:47:39.480 INFO  csp.AdminHomePage (AdminHomePage.java:40) - Admin User SignOut Link clicked successfully.
17:47:39.481 INFO  scp.HomePage (HomePage.java:35) - Wait for page loader invisibility.
17:47:39.481 INFO  driver.Page (    Page.java:224) - Waiting for element to be invisible for 120 seconds.
17:47:44.501 INFO  driver.Page (    Page.java:227) - Element is invisible from the page.
17:47:44.502 INFO  csp.AdminNotificationTests (AdminNotificationTests.java:262) - Test Case execution for - verifyNoDataForTabNotification - is Completed.
17:47:46.443 INFO  driver.DriverFactory (DriverFactory.java:112) - Clearing all the cookies.
17:57:27.229 WARN  config.Configuration (Configuration.java:231) - QA env being used by default. No env property set. This can be set in the sew.app.yml config file with a '{}=' property or on the command line with the switch '-D{}='.
17:57:27.695 INFO  runner.TestRunner (TestRunner.java:32) - Initializing application properties config file.
17:57:27.707 INFO  runner.TestRunner (TestRunner.java:35) - Initializing connection to the base database.
17:57:27.771 WARN  config.DatabaseConfiguration (DatabaseConfiguration.java:84) - QA env being used by default. No env property set. This can be set in the sentinel.yml config file with a '{}=' property or on the command line with the switch '-D{}='.
17:57:29.315 INFO  runner.TestRunner (TestRunner.java:38) - Initializing resource path config file.
17:57:29.323 INFO  runner.TestRunner (TestRunner.java:41) - Initializing usage months config from CSP.
17:57:30.161 INFO  runner.TestRunner (TestRunner.java:44) - Initializing date config from CSP.
17:57:30.902 INFO  runner.TestRunner (TestRunner.java:47) - Initializing language config from CSP.
17:57:31.649 INFO  runner.TestRunner (TestRunner.java:50) - Initializing language config from CSP.
17:57:32.414 INFO  runner.TestRunner (TestRunner.java:53) - Initializing language config from CSP.
17:57:33.162 INFO  runner.TestRunner (TestRunner.java:56) - Initializing user model config.
17:57:38.120 INFO  runner.TestRunner (TestRunner.java:59) - Initializing auth token config.
17:57:38.120 INFO  runner.TestRunner (TestRunner.java:62) - Initializing Admin User config.
17:57:39.407 INFO  utils.ExcelUtils (ExcelUtils.java:35) - Test Runner excel row at: 1
17:57:39.412 INFO  utils.ExcelUtils (ExcelUtils.java:35) - Test Runner excel row at: 2
17:57:39.414 INFO  utils.ExcelUtils (ExcelUtils.java:35) - Test Runner excel row at: 3
17:57:39.414 INFO  utils.ExcelUtils (ExcelUtils.java:35) - Test Runner excel row at: 4
17:57:39.414 INFO  utils.ExcelUtils (ExcelUtils.java:35) - Test Runner excel row at: 5
17:57:39.414 INFO  utils.ExcelUtils (ExcelUtils.java:35) - Test Runner excel row at: 6
17:57:39.415 INFO  utils.ExcelUtils (ExcelUtils.java:35) - Test Runner excel row at: 7
17:57:39.415 INFO  utils.ExcelUtils (ExcelUtils.java:35) - Test Runner excel row at: 8
17:57:39.416 INFO  utils.ExcelUtils (ExcelUtils.java:35) - Test Runner excel row at: 9
17:57:39.417 INFO  utils.ExcelUtils (ExcelUtils.java:35) - Test Runner excel row at: 10
17:57:39.417 INFO  utils.ExcelUtils (ExcelUtils.java:35) - Test Runner excel row at: 11
17:57:39.417 INFO  utils.ExcelUtils (ExcelUtils.java:35) - Test Runner excel row at: 12
17:57:39.417 INFO  utils.ExcelUtils (ExcelUtils.java:35) - Test Runner excel row at: 13
17:57:39.418 INFO  utils.ExcelUtils (ExcelUtils.java:35) - Test Runner excel row at: 14
17:57:39.418 INFO  utils.ExcelUtils (ExcelUtils.java:35) - Test Runner excel row at: 15
17:57:39.418 INFO  utils.ExcelUtils (ExcelUtils.java:35) - Test Runner excel row at: 16
17:57:39.418 INFO  utils.ExcelUtils (ExcelUtils.java:35) - Test Runner excel row at: 17
17:57:39.419 INFO  utils.ExcelUtils (ExcelUtils.java:35) - Test Runner excel row at: 18
17:57:39.420 INFO  utils.ExcelUtils (ExcelUtils.java:35) - Test Runner excel row at: 19
17:57:39.420 INFO  utils.ExcelUtils (ExcelUtils.java:35) - Test Runner excel row at: 20
17:57:39.420 INFO  utils.ExcelUtils (ExcelUtils.java:35) - Test Runner excel row at: 21
17:57:39.421 INFO  utils.ExcelUtils (ExcelUtils.java:35) - Test Runner excel row at: 22
17:57:39.421 INFO  utils.ExcelUtils (ExcelUtils.java:35) - Test Runner excel row at: 23
17:57:39.421 INFO  utils.ExcelUtils (ExcelUtils.java:35) - Test Runner excel row at: 24
17:57:39.421 INFO  utils.ExcelUtils (ExcelUtils.java:35) - Test Runner excel row at: 25
17:57:39.422 INFO  utils.ExcelUtils (ExcelUtils.java:35) - Test Runner excel row at: 26
17:57:39.422 INFO  utils.ExcelUtils (ExcelUtils.java:35) - Test Runner excel row at: 27
17:57:39.422 INFO  utils.ExcelUtils (ExcelUtils.java:35) - Test Runner excel row at: 28
17:57:39.422 INFO  utils.ExcelUtils (ExcelUtils.java:35) - Test Runner excel row at: 29
17:57:39.424 INFO  utils.ExcelUtils (ExcelUtils.java:35) - Test Runner excel row at: 30
17:57:39.424 INFO  utils.ExcelUtils (ExcelUtils.java:35) - Test Runner excel row at: 31
17:57:39.424 INFO  utils.ExcelUtils (ExcelUtils.java:35) - Test Runner excel row at: 32
17:57:39.424 INFO  utils.ExcelUtils (ExcelUtils.java:35) - Test Runner excel row at: 33
17:57:39.425 INFO  utils.ExcelUtils (ExcelUtils.java:35) - Test Runner excel row at: 34
17:57:39.425 INFO  utils.ExcelUtils (ExcelUtils.java:35) - Test Runner excel row at: 35
17:57:39.425 INFO  utils.ExcelUtils (ExcelUtils.java:35) - Test Runner excel row at: 36
17:57:46.295 INFO  driver.WebDriverFactory (WebDriverFactory.java:207) - Setting up the browser window to its max.
17:57:46.442 INFO  driver.WebDriverFactory (WebDriverFactory.java:196) - Initializing the implicit wait timeout for {} 5
17:57:46.454 INFO  driver.WebDriverFactory (WebDriverFactory.java:199) - Initializing the page load timeout.
17:57:46.460 INFO  driver.DriverFactory (DriverFactory.java:112) - Clearing all the cookies.
17:57:46.476 INFO  driver.DriverFactory (DriverFactory.java:57) - Open the url {} https://qa.smartcmobile.net/SCM_10.0_S-CSP/ using the selenium get() method.
17:57:53.917 INFO  csp.AdminNotificationTests (AdminNotificationTests.java:233) - To verify the tests with the below test case id's: C80464
17:57:53.984 INFO  scp.HomePage (HomePage.java:35) - Wait for page loader invisibility.
17:57:53.985 INFO  driver.Page (    Page.java:224) - Waiting for element to be invisible for 120 seconds.
17:57:59.027 INFO  driver.Page (    Page.java:227) - Element is invisible from the page.
17:57:59.027 INFO  csp.AdminLoginPage (AdminLoginPage.java:334) - Checking that the current page is Admin login page.
17:57:59.028 INFO  driver.Page (    Page.java:38) - Fetching the current URL.
17:57:59.034 INFO  driver.Page (    Page.java:39) - The Current URL is: https://qa.smartcmobile.net/SCM_10.0_S-CSP/
17:57:59.039 INFO  driver.Page (    Page.java:44) - Fetching the current title.
17:57:59.045 INFO  driver.Page (    Page.java:45) - The Current Title is: SCM Admin - Login
17:57:59.050 INFO  csp.AdminLoginPage (AdminLoginPage.java:337) - The current page is Admin login page {}: true
17:57:59.053 INFO  csp.AdminLoginPage (AdminLoginPage.java:30) - Populating username {} :qauser
17:57:59.064 INFO  driver.Page (    Page.java:103) - Wait for element {} [[ChromeDriver: chrome on WINDOWS (58a80ce5d3206eec8af559857d4efd42)] -> css selector: [id='txtAdminLogin']] to be present in the DOM for duration of {} 120
17:57:59.064 INFO  driver.Page (    Page.java:210) - Waiting for element to be visible for 120 seconds.
17:57:59.097 INFO  driver.Page (    Page.java:213) - Element is visible on the page.
17:57:59.106 INFO  driver.Page (    Page.java:105) - Clearing the element {} [[ChromeDriver: chrome on WINDOWS (58a80ce5d3206eec8af559857d4efd42)] -> css selector: [id='txtAdminLogin']] before sending the keys.
17:57:59.158 INFO  driver.Page (    Page.java:107) - Sending the following keys {} qauser to the element {} [[ChromeDriver: chrome on WINDOWS (58a80ce5d3206eec8af559857d4efd42)] -> css selector: [id='txtAdminLogin']]
17:57:59.201 INFO  csp.AdminLoginPage (AdminLoginPage.java:32) - Username populated successfully.
17:57:59.201 INFO  csp.AdminLoginPage (AdminLoginPage.java:54) - Populating password {} :Sew@2021$!
17:57:59.212 INFO  driver.Page (    Page.java:103) - Wait for element {} [[ChromeDriver: chrome on WINDOWS (58a80ce5d3206eec8af559857d4efd42)] -> css selector: [id='txtpwd']] to be present in the DOM for duration of {} 120
17:57:59.213 INFO  driver.Page (    Page.java:210) - Waiting for element to be visible for 120 seconds.
17:57:59.241 INFO  driver.Page (    Page.java:213) - Element is visible on the page.
17:57:59.252 INFO  driver.Page (    Page.java:105) - Clearing the element {} [[ChromeDriver: chrome on WINDOWS (58a80ce5d3206eec8af559857d4efd42)] -> css selector: [id='txtpwd']] before sending the keys.
17:57:59.309 INFO  driver.Page (    Page.java:107) - Sending the following keys {} Sew@2021$! to the element {} [[ChromeDriver: chrome on WINDOWS (58a80ce5d3206eec8af559857d4efd42)] -> css selector: [id='txtpwd']]
17:57:59.386 INFO  csp.AdminLoginPage (AdminLoginPage.java:56) - Password populated successfully.
17:57:59.386 INFO  driver.Page (    Page.java:57) - Preparing for element to click.
17:57:59.387 INFO  driver.Page (    Page.java:185) - Waiting for element to be clickable for 120 seconds.
17:57:59.439 INFO  driver.Page (    Page.java:188) - Element is clickable now.
17:58:06.782 INFO  driver.Page (    Page.java:60) - Element is clicked successfully.
17:58:06.783 INFO  csp.AdminLoginPage (AdminLoginPage.java:67) - SignIn Button clicked successfully.
17:58:06.783 INFO  scp.HomePage (HomePage.java:35) - Wait for page loader invisibility.
17:58:06.783 INFO  driver.Page (    Page.java:224) - Waiting for element to be invisible for 120 seconds.
17:58:06.810 INFO  driver.Page (    Page.java:227) - Element is invisible from the page.
17:58:06.812 INFO  csp.AdminHomePage (AdminHomePage.java:162) - Checking that the current page is Admin Home page.
17:58:06.813 INFO  driver.Page (    Page.java:38) - Fetching the current URL.
17:58:06.818 INFO  driver.Page (    Page.java:39) - The Current URL is: https://qa.smartcmobile.net/SCM_10.0_S-CSP/Home.aspx
17:58:06.824 INFO  driver.Page (    Page.java:44) - Fetching the current title.
17:58:06.830 INFO  driver.Page (    Page.java:45) - The Current Title is: Dashboard
17:58:06.836 INFO  csp.AdminHomePage (AdminHomePage.java:165) - The current page is Admin Home page {}: true
17:58:06.867 INFO  driver.Page (    Page.java:210) - Waiting for element to be visible for 120 seconds.
17:58:06.896 INFO  driver.Page (    Page.java:213) - Element is visible on the page.
17:58:06.897 INFO  csp.AdminHomePage (AdminHomePage.java:50) - Notification Link is Visible on the Admin Home page.
17:58:06.897 INFO  driver.Page (    Page.java:57) - Preparing for element to click.
17:58:06.897 INFO  driver.Page (    Page.java:185) - Waiting for element to be clickable for 120 seconds.
17:58:06.934 INFO  driver.Page (    Page.java:188) - Element is clickable now.
17:58:21.839 INFO  driver.Page (    Page.java:60) - Element is clicked successfully.
17:58:21.839 INFO  csp.AdminHomePage (AdminHomePage.java:54) - Notification Link clicked successfully.
17:58:21.839 INFO  scp.HomePage (HomePage.java:35) - Wait for page loader invisibility.
17:58:21.839 INFO  driver.Page (    Page.java:224) - Waiting for element to be invisible for 120 seconds.
17:58:28.362 INFO  driver.Page (    Page.java:227) - Element is invisible from the page.
17:58:28.363 INFO  scp.HomePage (HomePage.java:74) - Wait for Spinner Loading Image invisibility.
17:58:28.363 INFO  driver.Page (    Page.java:224) - Waiting for element to be invisible for 120 seconds.
17:58:33.416 INFO  driver.Page (    Page.java:227) - Element is invisible from the page.
17:58:33.417 INFO  scp.AboutMyHomePage (AdminNotificationPage.java:901) - Wait for Next Page visibility on Notification Page.
17:58:33.418 INFO  driver.Page (    Page.java:210) - Waiting for element to be visible for 120 seconds.
17:58:33.470 INFO  driver.Page (    Page.java:213) - Element is visible on the page.
17:58:33.486 INFO  driver.Page (    Page.java:57) - Preparing for element to click.
17:58:33.487 INFO  driver.Page (    Page.java:185) - Waiting for element to be clickable for 120 seconds.
17:58:33.537 INFO  driver.Page (    Page.java:188) - Element is clickable now.
17:58:33.602 INFO  driver.Page (    Page.java:60) - Element is clicked successfully.
17:58:33.602 INFO  scp.AboutMyHomePage (AdminNotificationPage.java:461) - Inbox Link clicked {}.
17:58:33.603 INFO  scp.HomePage (HomePage.java:74) - Wait for Spinner Loading Image invisibility.
17:58:33.603 INFO  driver.Page (    Page.java:224) - Waiting for element to be invisible for 120 seconds.
17:58:45.677 INFO  driver.Page (    Page.java:227) - Element is invisible from the page.
17:58:45.678 INFO  scp.AboutMyHomePage (AdminNotificationPage.java:1241) - Checking the visibility of NoDataInModule Label on the page.
17:58:45.716 INFO  scp.AboutMyHomePage (AdminNotificationPage.java:1242) - No Data Label on Module visibility status {}: false
17:58:45.743 INFO  driver.Page (    Page.java:57) - Preparing for element to click.
17:58:45.743 INFO  driver.Page (    Page.java:185) - Waiting for element to be clickable for 120 seconds.
17:58:45.782 INFO  driver.Page (    Page.java:188) - Element is clickable now.
17:58:45.818 INFO  driver.Page (    Page.java:60) - Element is clicked successfully.
17:58:45.818 INFO  scp.AboutMyHomePage (AdminNotificationPage.java:41) - Connect Me link clicked {}.
17:58:45.819 INFO  scp.HomePage (HomePage.java:74) - Wait for Spinner Loading Image invisibility.
17:58:45.819 INFO  driver.Page (    Page.java:224) - Waiting for element to be invisible for 120 seconds.
17:58:58.983 INFO  driver.Page (    Page.java:227) - Element is invisible from the page.
17:58:58.984 INFO  scp.AboutMyHomePage (AdminNotificationPage.java:1241) - Checking the visibility of NoDataInModule Label on the page.
17:58:59.008 INFO  scp.AboutMyHomePage (AdminNotificationPage.java:1242) - No Data Label on Module visibility status {}: false
17:58:59.027 INFO  driver.Page (    Page.java:57) - Preparing for element to click.
17:58:59.028 INFO  driver.Page (    Page.java:185) - Waiting for element to be clickable for 120 seconds.
17:58:59.066 INFO  driver.Page (    Page.java:188) - Element is clickable now.
17:58:59.114 INFO  driver.Page (    Page.java:60) - Element is clicked successfully.
17:58:59.114 INFO  scp.AboutMyHomePage (AdminNotificationPage.java:81) - Billing link clicked {}.
17:58:59.114 INFO  scp.HomePage (HomePage.java:74) - Wait for Spinner Loading Image invisibility.
17:58:59.114 INFO  driver.Page (    Page.java:224) - Waiting for element to be invisible for 120 seconds.
17:59:10.676 INFO  driver.Page (    Page.java:227) - Element is invisible from the page.
17:59:10.677 INFO  scp.AboutMyHomePage (AdminNotificationPage.java:1241) - Checking the visibility of NoDataInModule Label on the page.
17:59:10.700 INFO  scp.AboutMyHomePage (AdminNotificationPage.java:1242) - No Data Label on Module visibility status {}: false
17:59:10.721 INFO  driver.Page (    Page.java:57) - Preparing for element to click.
17:59:10.721 INFO  driver.Page (    Page.java:185) - Waiting for element to be clickable for 120 seconds.
17:59:10.758 INFO  driver.Page (    Page.java:188) - Element is clickable now.
17:59:10.806 INFO  driver.Page (    Page.java:60) - Element is clicked successfully.
17:59:10.806 INFO  scp.AboutMyHomePage (AdminNotificationPage.java:121) - Outage link clicked {}.
17:59:10.806 INFO  scp.HomePage (HomePage.java:74) - Wait for Spinner Loading Image invisibility.
17:59:10.806 INFO  driver.Page (    Page.java:224) - Waiting for element to be invisible for 120 seconds.
17:59:22.440 INFO  driver.Page (    Page.java:227) - Element is invisible from the page.
17:59:22.440 INFO  scp.AboutMyHomePage (AdminNotificationPage.java:1241) - Checking the visibility of NoDataInModule Label on the page.
17:59:22.465 INFO  driver.Page (    Page.java:246) - Element {} : [[ChromeDriver: chrome on WINDOWS (58a80ce5d3206eec8af559857d4efd42)] -> css selector: #nodata] is visible on the page.
17:59:22.465 INFO  scp.AboutMyHomePage (AdminNotificationPage.java:1242) - No Data Label on Module visibility status {}: true
17:59:22.489 INFO  driver.Page (    Page.java:246) - Element {} : [[ChromeDriver: chrome on WINDOWS (58a80ce5d3206eec8af559857d4efd42)] -> css selector: #nodata] is visible on the page.
17:59:22.497 INFO  driver.Page (    Page.java:127) - Wait for the element {} [[ChromeDriver: chrome on WINDOWS (58a80ce5d3206eec8af559857d4efd42)] -> css selector: #nodata] to be visible on the page for duration of {} 120
17:59:22.497 INFO  driver.Page (    Page.java:210) - Waiting for element to be visible for 120 seconds.
17:59:22.514 INFO  driver.Page (    Page.java:213) - Element is visible on the page.
17:59:22.544 INFO  driver.Page (    Page.java:130) - Text got from the locator {} [[ChromeDriver: chrome on WINDOWS (58a80ce5d3206eec8af559857d4efd42)] -> css selector: #nodata] is We didn’t find anything to show here.
17:59:22.558 INFO  scp.AboutMyHomePage (AdminNotificationPage.java:1248) - No Data Label is We didn’t find anything to show here.
17:59:22.571 INFO  driver.Page (    Page.java:57) - Preparing for element to click.
17:59:22.571 INFO  driver.Page (    Page.java:185) - Waiting for element to be clickable for 120 seconds.
17:59:22.604 INFO  driver.Page (    Page.java:188) - Element is clickable now.
17:59:22.643 INFO  driver.Page (    Page.java:60) - Element is clicked successfully.
17:59:22.643 INFO  scp.AboutMyHomePage (AdminNotificationPage.java:161) - Services link clicked {}.
17:59:22.643 INFO  scp.HomePage (HomePage.java:74) - Wait for Spinner Loading Image invisibility.
17:59:22.644 INFO  driver.Page (    Page.java:224) - Waiting for element to be invisible for 120 seconds.
17:59:35.285 INFO  driver.Page (    Page.java:227) - Element is invisible from the page.
17:59:35.285 INFO  scp.AboutMyHomePage (AdminNotificationPage.java:1241) - Checking the visibility of NoDataInModule Label on the page.
17:59:35.302 INFO  scp.AboutMyHomePage (AdminNotificationPage.java:1242) - No Data Label on Module visibility status {}: false
17:59:35.322 INFO  driver.Page (    Page.java:57) - Preparing for element to click.
17:59:35.323 INFO  driver.Page (    Page.java:185) - Waiting for element to be clickable for 120 seconds.
17:59:35.366 INFO  driver.Page (    Page.java:188) - Element is clickable now.
17:59:35.411 INFO  driver.Page (    Page.java:60) - Element is clicked successfully.
17:59:35.412 INFO  scp.AboutMyHomePage (AdminNotificationPage.java:201) - Demand Response link clicked {}.
17:59:35.413 INFO  scp.HomePage (HomePage.java:74) - Wait for Spinner Loading Image invisibility.
17:59:35.413 INFO  driver.Page (    Page.java:224) - Waiting for element to be invisible for 120 seconds.
17:59:46.861 INFO  driver.Page (    Page.java:227) - Element is invisible from the page.
17:59:46.861 INFO  scp.AboutMyHomePage (AdminNotificationPage.java:1241) - Checking the visibility of NoDataInModule Label on the page.
17:59:46.891 INFO  driver.Page (    Page.java:246) - Element {} : [[ChromeDriver: chrome on WINDOWS (58a80ce5d3206eec8af559857d4efd42)] -> css selector: #nodata] is visible on the page.
17:59:46.891 INFO  scp.AboutMyHomePage (AdminNotificationPage.java:1242) - No Data Label on Module visibility status {}: true
17:59:46.916 INFO  driver.Page (    Page.java:246) - Element {} : [[ChromeDriver: chrome on WINDOWS (58a80ce5d3206eec8af559857d4efd42)] -> css selector: #nodata] is visible on the page.
17:59:46.923 INFO  driver.Page (    Page.java:127) - Wait for the element {} [[ChromeDriver: chrome on WINDOWS (58a80ce5d3206eec8af559857d4efd42)] -> css selector: #nodata] to be visible on the page for duration of {} 120
17:59:46.923 INFO  driver.Page (    Page.java:210) - Waiting for element to be visible for 120 seconds.
17:59:46.938 INFO  driver.Page (    Page.java:213) - Element is visible on the page.
17:59:46.956 INFO  driver.Page (    Page.java:130) - Text got from the locator {} [[ChromeDriver: chrome on WINDOWS (58a80ce5d3206eec8af559857d4efd42)] -> css selector: #nodata] is We didn’t find anything to show here.
17:59:46.971 INFO  scp.AboutMyHomePage (AdminNotificationPage.java:1248) - No Data Label is We didn’t find anything to show here.
17:59:46.971 INFO  driver.Page (    Page.java:57) - Preparing for element to click.
17:59:46.971 INFO  driver.Page (    Page.java:185) - Waiting for element to be clickable for 120 seconds.
17:59:47.007 INFO  driver.Page (    Page.java:188) - Element is clickable now.
17:59:47.046 INFO  driver.Page (    Page.java:60) - Element is clicked successfully.
17:59:47.046 INFO  scp.AboutMyHomePage (AdminNotificationPage.java:241) - Leak Alert link clicked {}.
17:59:47.046 INFO  scp.HomePage (HomePage.java:74) - Wait for Spinner Loading Image invisibility.
17:59:47.046 INFO  driver.Page (    Page.java:224) - Waiting for element to be invisible for 120 seconds.
17:59:58.522 INFO  driver.Page (    Page.java:227) - Element is invisible from the page.
17:59:58.522 INFO  scp.AboutMyHomePage (AdminNotificationPage.java:1241) - Checking the visibility of NoDataInModule Label on the page.
17:59:58.548 INFO  driver.Page (    Page.java:246) - Element {} : [[ChromeDriver: chrome on WINDOWS (58a80ce5d3206eec8af559857d4efd42)] -> css selector: #nodata] is visible on the page.
17:59:58.548 INFO  scp.AboutMyHomePage (AdminNotificationPage.java:1242) - No Data Label on Module visibility status {}: true
17:59:58.575 INFO  driver.Page (    Page.java:246) - Element {} : [[ChromeDriver: chrome on WINDOWS (58a80ce5d3206eec8af559857d4efd42)] -> css selector: #nodata] is visible on the page.
17:59:58.582 INFO  driver.Page (    Page.java:127) - Wait for the element {} [[ChromeDriver: chrome on WINDOWS (58a80ce5d3206eec8af559857d4efd42)] -> css selector: #nodata] to be visible on the page for duration of {} 120
17:59:58.583 INFO  driver.Page (    Page.java:210) - Waiting for element to be visible for 120 seconds.
17:59:58.601 INFO  driver.Page (    Page.java:213) - Element is visible on the page.
17:59:58.625 INFO  driver.Page (    Page.java:130) - Text got from the locator {} [[ChromeDriver: chrome on WINDOWS (58a80ce5d3206eec8af559857d4efd42)] -> css selector: #nodata] is We didn’t find anything to show here.
17:59:58.641 INFO  scp.AboutMyHomePage (AdminNotificationPage.java:1248) - No Data Label is We didn’t find anything to show here.
17:59:58.642 INFO  driver.Page (    Page.java:57) - Preparing for element to click.
17:59:58.642 INFO  driver.Page (    Page.java:185) - Waiting for element to be clickable for 120 seconds.
17:59:58.674 INFO  driver.Page (    Page.java:188) - Element is clickable now.
17:59:58.720 INFO  driver.Page (    Page.java:60) - Element is clicked successfully.
17:59:58.720 INFO  scp.AboutMyHomePage (AdminNotificationPage.java:281) - Login Issues link clicked {}.
17:59:58.721 INFO  scp.HomePage (HomePage.java:74) - Wait for Spinner Loading Image invisibility.
17:59:58.721 INFO  driver.Page (    Page.java:224) - Waiting for element to be invisible for 120 seconds.
18:00:05.398 INFO  driver.Page (    Page.java:227) - Element is invisible from the page.
18:00:05.399 INFO  scp.AboutMyHomePage (AdminNotificationPage.java:1241) - Checking the visibility of NoDataInModule Label on the page.
18:00:05.427 INFO  scp.AboutMyHomePage (AdminNotificationPage.java:1242) - No Data Label on Module visibility status {}: false
18:00:05.466 INFO  driver.Page (    Page.java:57) - Preparing for element to click.
18:00:05.466 INFO  driver.Page (    Page.java:185) - Waiting for element to be clickable for 120 seconds.
18:00:05.519 INFO  driver.Page (    Page.java:188) - Element is clickable now.
18:00:05.611 INFO  driver.Page (    Page.java:60) - Element is clicked successfully.
18:00:05.611 INFO  scp.AboutMyHomePage (AdminNotificationPage.java:321) - Sent link clicked {}.
18:00:05.612 INFO  scp.HomePage (HomePage.java:74) - Wait for Spinner Loading Image invisibility.
18:00:05.613 INFO  driver.Page (    Page.java:224) - Waiting for element to be invisible for 120 seconds.
18:00:05.713 INFO  driver.Page (    Page.java:227) - Element is invisible from the page.
18:00:05.714 INFO  scp.AboutMyHomePage (AdminNotificationPage.java:1241) - Checking the visibility of NoDataInModule Label on the page.
18:00:05.741 INFO  scp.AboutMyHomePage (AdminNotificationPage.java:1242) - No Data Label on Module visibility status {}: false
18:00:05.764 INFO  driver.Page (    Page.java:57) - Preparing for element to click.
18:00:05.765 INFO  driver.Page (    Page.java:185) - Waiting for element to be clickable for 120 seconds.
18:00:05.812 INFO  driver.Page (    Page.java:188) - Element is clickable now.
18:00:05.907 INFO  driver.Page (    Page.java:60) - Element is clicked successfully.
18:00:05.910 INFO  scp.AboutMyHomePage (AdminNotificationPage.java:341) - Complete link clicked {}.
18:00:05.911 INFO  scp.HomePage (HomePage.java:74) - Wait for Spinner Loading Image invisibility.
18:00:05.911 INFO  driver.Page (    Page.java:224) - Waiting for element to be invisible for 120 seconds.
18:00:37.484 INFO  driver.Page (    Page.java:227) - Element is invisible from the page.
18:00:37.485 INFO  scp.AboutMyHomePage (AdminNotificationPage.java:1241) - Checking the visibility of NoDataInModule Label on the page.
18:00:37.510 INFO  scp.AboutMyHomePage (AdminNotificationPage.java:1242) - No Data Label on Module visibility status {}: false
18:00:37.532 INFO  driver.Page (    Page.java:57) - Preparing for element to click.
18:00:37.533 INFO  driver.Page (    Page.java:185) - Waiting for element to be clickable for 120 seconds.
18:00:37.576 INFO  driver.Page (    Page.java:188) - Element is clickable now.
18:00:37.626 INFO  driver.Page (    Page.java:60) - Element is clicked successfully.
18:00:37.626 INFO  scp.AboutMyHomePage (AdminNotificationPage.java:381) - Saved Mail Link clicked {}.
18:00:37.626 INFO  scp.HomePage (HomePage.java:74) - Wait for Spinner Loading Image invisibility.
18:00:37.627 INFO  driver.Page (    Page.java:224) - Waiting for element to be invisible for 120 seconds.
18:00:43.193 INFO  driver.Page (    Page.java:227) - Element is invisible from the page.
18:00:43.193 INFO  scp.AboutMyHomePage (AdminNotificationPage.java:1241) - Checking the visibility of NoDataInModule Label on the page.
18:00:43.221 INFO  driver.Page (    Page.java:246) - Element {} : [[ChromeDriver: chrome on WINDOWS (58a80ce5d3206eec8af559857d4efd42)] -> css selector: #nodata] is visible on the page.
18:00:43.221 INFO  scp.AboutMyHomePage (AdminNotificationPage.java:1242) - No Data Label on Module visibility status {}: true
18:00:43.250 INFO  driver.Page (    Page.java:246) - Element {} : [[ChromeDriver: chrome on WINDOWS (58a80ce5d3206eec8af559857d4efd42)] -> css selector: #nodata] is visible on the page.
18:00:43.259 INFO  driver.Page (    Page.java:127) - Wait for the element {} [[ChromeDriver: chrome on WINDOWS (58a80ce5d3206eec8af559857d4efd42)] -> css selector: #nodata] to be visible on the page for duration of {} 120
18:00:43.259 INFO  driver.Page (    Page.java:210) - Waiting for element to be visible for 120 seconds.
18:00:43.276 INFO  driver.Page (    Page.java:213) - Element is visible on the page.
18:00:43.304 INFO  driver.Page (    Page.java:130) - Text got from the locator {} [[ChromeDriver: chrome on WINDOWS (58a80ce5d3206eec8af559857d4efd42)] -> css selector: #nodata] is We didn’t find anything to show here.
18:00:43.323 INFO  scp.AboutMyHomePage (AdminNotificationPage.java:1248) - No Data Label is We didn’t find anything to show here.
18:00:43.324 INFO  driver.Page (    Page.java:57) - Preparing for element to click.
18:00:43.325 INFO  driver.Page (    Page.java:185) - Waiting for element to be clickable for 120 seconds.
18:00:43.366 INFO  driver.Page (    Page.java:188) - Element is clickable now.
18:00:43.427 INFO  driver.Page (    Page.java:60) - Element is clicked successfully.
18:00:43.427 INFO  scp.AboutMyHomePage (AdminNotificationPage.java:421) - Trash Link clicked {}.
18:00:43.427 INFO  scp.HomePage (HomePage.java:74) - Wait for Spinner Loading Image invisibility.
18:00:43.428 INFO  driver.Page (    Page.java:224) - Waiting for element to be invisible for 120 seconds.
18:00:53.246 INFO  driver.Page (    Page.java:227) - Element is invisible from the page.
18:00:53.246 INFO  scp.AboutMyHomePage (AdminNotificationPage.java:1241) - Checking the visibility of NoDataInModule Label on the page.
18:00:53.269 INFO  driver.Page (    Page.java:246) - Element {} : [[ChromeDriver: chrome on WINDOWS (58a80ce5d3206eec8af559857d4efd42)] -> css selector: #nodata] is visible on the page.
18:00:53.270 INFO  scp.AboutMyHomePage (AdminNotificationPage.java:1242) - No Data Label on Module visibility status {}: true
18:00:53.292 INFO  driver.Page (    Page.java:246) - Element {} : [[ChromeDriver: chrome on WINDOWS (58a80ce5d3206eec8af559857d4efd42)] -> css selector: #nodata] is visible on the page.
18:00:53.297 INFO  driver.Page (    Page.java:127) - Wait for the element {} [[ChromeDriver: chrome on WINDOWS (58a80ce5d3206eec8af559857d4efd42)] -> css selector: #nodata] to be visible on the page for duration of {} 120
18:00:53.297 INFO  driver.Page (    Page.java:210) - Waiting for element to be visible for 120 seconds.
18:00:53.312 INFO  driver.Page (    Page.java:213) - Element is visible on the page.
18:00:53.333 INFO  driver.Page (    Page.java:130) - Text got from the locator {} [[ChromeDriver: chrome on WINDOWS (58a80ce5d3206eec8af559857d4efd42)] -> css selector: #nodata] is We didn’t find anything to show here.
18:00:53.347 INFO  scp.AboutMyHomePage (AdminNotificationPage.java:1248) - No Data Label is We didn’t find anything to show here.
18:00:53.348 INFO  driver.Page (    Page.java:57) - Preparing for element to click.
18:00:53.348 INFO  driver.Page (    Page.java:185) - Waiting for element to be clickable for 120 seconds.
18:00:53.390 INFO  driver.Page (    Page.java:188) - Element is clickable now.
18:00:53.448 INFO  driver.Page (    Page.java:60) - Element is clicked successfully.
18:00:53.448 INFO  csp.AdminHomePage (AdminHomePage.java:74) - Admin User Profile dropdown clicked successfully.
18:00:53.449 INFO  driver.Page (    Page.java:210) - Waiting for element to be visible for 120 seconds.
18:00:53.480 INFO  driver.Page (    Page.java:213) - Element is visible on the page.
18:00:53.480 INFO  csp.AdminHomePage (AdminHomePage.java:36) - SignOut Link is Visible on the page.
18:00:53.480 INFO  driver.Page (    Page.java:57) - Preparing for element to click.
18:00:53.480 INFO  driver.Page (    Page.java:185) - Waiting for element to be clickable for 120 seconds.
18:00:53.520 INFO  driver.Page (    Page.java:188) - Element is clickable now.
18:00:59.978 INFO  driver.Page (    Page.java:60) - Element is clicked successfully.
18:00:59.979 INFO  csp.AdminHomePage (AdminHomePage.java:40) - Admin User SignOut Link clicked successfully.
18:00:59.980 INFO  scp.HomePage (HomePage.java:35) - Wait for page loader invisibility.
18:00:59.980 INFO  driver.Page (    Page.java:224) - Waiting for element to be invisible for 120 seconds.
18:01:04.994 INFO  driver.Page (    Page.java:227) - Element is invisible from the page.
18:01:04.995 INFO  csp.AdminNotificationTests (AdminNotificationTests.java:262) - Test Case execution for - verifyNoDataForTabNotification - is Completed.
18:01:06.888 INFO  driver.DriverFactory (DriverFactory.java:112) - Clearing all the cookies.
