14:53:56.713 INFO  driver.WebDriverFactory (WebDriverFactory.java:183) - Initializing the implicit wait timeout for {} 10
14:53:56.729 INFO  driver.WebDriverFactory (WebDriverFactory.java:186) - Initializing the page load timeout.
14:53:56.734 INFO  driver.DriverFactory (DriverFactory.java:125) - Clearing all the cookies.
14:53:56.747 INFO  driver.DriverFactory (DriverFactory.java:62) - Open the url {} https://pwc-ccb.smartcmobile.com/Portal/ using the selenium get() method.
14:54:13.766 INFO  pageobjects.PreLoginPage (PreLoginPage.java:123) - Checking that the current page is login page.
14:54:13.770 INFO  driver.Page (    Page.java:39) - Fetching the current URL.
14:54:13.795 INFO  driver.Page (    Page.java:40) - The Current URL is: https://pwc-ccb.smartcmobile.com/Portal/
14:54:13.811 INFO  driver.Page (    Page.java:45) - Fetching the current title.
14:54:13.837 INFO  driver.Page (    Page.java:46) - The Current Title is: SCM :Login
14:54:13.851 INFO  pageobjects.PreLoginPage (PreLoginPage.java:126) - The current page is login page {}: true
14:54:13.878 INFO  driver.Page (    Page.java:161) - Wait for the element {} [[ChromeDriver: chrome on windows (a3b7def4707de6fd44db0e1894f4932f)] -> xpath: //a[@id ='preloginPaymentLocationModule']] to be visible on the page for duration of {} 120
14:54:13.879 INFO  driver.Page (    Page.java:257) - Waiting for element to be visible for 120 seconds.
14:54:13.962 INFO  driver.Page (    Page.java:260) - Element is visible on the page.
14:54:14.035 INFO  driver.Page (    Page.java:164) - Text got from the locator {} [[ChromeDriver: chrome on windows (a3b7def4707de6fd44db0e1894f4932f)] -> xpath: //a[@id ='preloginPaymentLocationModule']] is location_on
Payment Locations
14:54:14.073 INFO  pageobjects.PreLoginPage (PreLoginPage.java:331) - Forgot Username Label {}: Payment Locations
14:54:14.077 INFO  scp.PreLoginTests (PreLoginTests.java:72) - Test Case execution for - verifyLoginPageObjects - is Completed.
14:54:14.086 INFO  runner.TestRunner (TestRunner.java:84) - verifyLoginPageObjects is Finished.
14:54:14.087 INFO  driver.DriverFactory (DriverFactory.java:125) - Clearing all the cookies.
14:55:03.791 INFO  runner.TestRunner (TestRunner.java:33) - Initializing application properties config file.
14:55:03.795 INFO  runner.TestRunner (TestRunner.java:36) - Initializing connection to the base database.
14:55:03.795 INFO  runner.TestRunner (TestRunner.java:39) - Initializing resource path config file.
14:55:03.795 INFO  runner.TestRunner (TestRunner.java:42) - Initializing usage months config from CSP.
14:55:03.795 INFO  runner.TestRunner (TestRunner.java:45) - Initializing date config from CSP.
14:55:03.796 INFO  runner.TestRunner (TestRunner.java:48) - Initializing language config from CSP.
14:55:03.796 INFO  runner.TestRunner (TestRunner.java:51) - Initializing language config from CSP.
14:55:03.796 INFO  runner.TestRunner (TestRunner.java:54) - Initializing language config from CSP.
14:55:03.796 INFO  runner.TestRunner (TestRunner.java:57) - Initializing user model config.
14:55:03.796 INFO  runner.TestRunner (TestRunner.java:60) - Initializing auth token config.
14:55:03.796 INFO  runner.TestRunner (TestRunner.java:63) - Initializing Admin User config.
14:55:04.401 INFO  utils.ExcelUtils (ExcelUtils.java:41) - Test Runner excel row at: 1
14:55:04.407 INFO  utils.ExcelUtils (ExcelUtils.java:41) - Test Runner excel row at: 2
14:55:04.407 INFO  utils.ExcelUtils (ExcelUtils.java:41) - Test Runner excel row at: 3
14:55:04.408 INFO  utils.ExcelUtils (ExcelUtils.java:41) - Test Runner excel row at: 4
14:55:04.409 INFO  utils.ExcelUtils (ExcelUtils.java:41) - Test Runner excel row at: 5
14:55:04.411 INFO  utils.ExcelUtils (ExcelUtils.java:41) - Test Runner excel row at: 6
14:55:04.412 INFO  utils.ExcelUtils (ExcelUtils.java:41) - Test Runner excel row at: 7
14:55:04.412 INFO  utils.ExcelUtils (ExcelUtils.java:41) - Test Runner excel row at: 8
14:55:04.413 INFO  utils.ExcelUtils (ExcelUtils.java:41) - Test Runner excel row at: 9
14:55:04.414 INFO  utils.ExcelUtils (ExcelUtils.java:41) - Test Runner excel row at: 10
14:55:04.415 INFO  utils.ExcelUtils (ExcelUtils.java:41) - Test Runner excel row at: 11
14:55:04.416 INFO  utils.ExcelUtils (ExcelUtils.java:41) - Test Runner excel row at: 12
14:55:04.417 INFO  utils.ExcelUtils (ExcelUtils.java:41) - Test Runner excel row at: 13
14:55:04.418 INFO  utils.ExcelUtils (ExcelUtils.java:41) - Test Runner excel row at: 14
14:55:04.419 INFO  utils.ExcelUtils (ExcelUtils.java:41) - Test Runner excel row at: 15
14:55:04.420 INFO  utils.ExcelUtils (ExcelUtils.java:41) - Test Runner excel row at: 16
14:55:04.421 INFO  utils.ExcelUtils (ExcelUtils.java:41) - Test Runner excel row at: 17
14:55:04.422 INFO  utils.ExcelUtils (ExcelUtils.java:41) - Test Runner excel row at: 18
14:55:04.422 INFO  utils.ExcelUtils (ExcelUtils.java:41) - Test Runner excel row at: 19
14:55:04.423 INFO  utils.ExcelUtils (ExcelUtils.java:41) - Test Runner excel row at: 20
14:55:04.423 INFO  utils.ExcelUtils (ExcelUtils.java:41) - Test Runner excel row at: 21
14:55:04.425 INFO  utils.ExcelUtils (ExcelUtils.java:41) - Test Runner excel row at: 22
14:55:04.426 INFO  utils.ExcelUtils (ExcelUtils.java:41) - Test Runner excel row at: 23
14:55:04.426 INFO  utils.ExcelUtils (ExcelUtils.java:41) - Test Runner excel row at: 24
14:55:04.426 INFO  utils.ExcelUtils (ExcelUtils.java:41) - Test Runner excel row at: 25
14:55:04.427 INFO  utils.ExcelUtils (ExcelUtils.java:41) - Test Runner excel row at: 26
14:55:04.428 INFO  utils.ExcelUtils (ExcelUtils.java:41) - Test Runner excel row at: 27
14:55:07.888 INFO  driver.WebDriverFactory (WebDriverFactory.java:194) - Setting up the browser window to its max.
14:55:08.315 WARN  config.Configuration (Configuration.java:231) - QA env being used by default. No env property set. This can be set in the sew.app.yml config file with a '{}=' property or on the command line with the switch '-D{}='.
14:55:08.315 INFO  driver.WebDriverFactory (WebDriverFactory.java:183) - Initializing the implicit wait timeout for {} 10
14:55:08.321 INFO  driver.WebDriverFactory (WebDriverFactory.java:186) - Initializing the page load timeout.
14:55:08.326 INFO  driver.DriverFactory (DriverFactory.java:125) - Clearing all the cookies.
14:55:08.337 INFO  driver.DriverFactory (DriverFactory.java:62) - Open the url {} https://pwc-ccb.smartcmobile.com/Portal/ using the selenium get() method.
14:55:25.459 INFO  pageobjects.PreLoginPage (PreLoginPage.java:123) - Checking that the current page is login page.
14:55:25.459 INFO  driver.Page (    Page.java:39) - Fetching the current URL.
14:55:25.470 INFO  driver.Page (    Page.java:40) - The Current URL is: https://pwc-ccb.smartcmobile.com/Portal/
14:55:25.480 INFO  driver.Page (    Page.java:45) - Fetching the current title.
14:55:25.491 INFO  driver.Page (    Page.java:46) - The Current Title is: SCM :Login
14:55:25.502 INFO  pageobjects.PreLoginPage (PreLoginPage.java:126) - The current page is login page {}: true
14:55:25.526 INFO  driver.Page (    Page.java:161) - Wait for the element {} [[ChromeDriver: chrome on windows (75bdbda3a5e3e71af800a38faa5bb711)] -> xpath: //a[@id ='preloginPaymentLocationModule']] to be visible on the page for duration of {} 120
14:55:25.527 INFO  driver.Page (    Page.java:257) - Waiting for element to be visible for 120 seconds.
14:55:25.582 INFO  driver.Page (    Page.java:260) - Element is visible on the page.
14:55:25.630 INFO  driver.Page (    Page.java:164) - Text got from the locator {} [[ChromeDriver: chrome on windows (75bdbda3a5e3e71af800a38faa5bb711)] -> xpath: //a[@id ='preloginPaymentLocationModule']] is location_on
Payment Locations
14:55:25.655 INFO  pageobjects.PreLoginPage (PreLoginPage.java:331) - Forgot Username Label {}: location_on
Payment Locations
14:55:25.841 INFO  runner.TestRunner (TestRunner.java:84) - verifyLoginPageObjects is Finished.
14:55:25.842 INFO  driver.DriverFactory (DriverFactory.java:125) - Clearing all the cookies.
14:58:28.221 INFO  runner.TestRunner (TestRunner.java:33) - Initializing application properties config file.
14:58:28.223 INFO  runner.TestRunner (TestRunner.java:36) - Initializing connection to the base database.
14:58:28.224 INFO  runner.TestRunner (TestRunner.java:39) - Initializing resource path config file.
14:58:28.224 INFO  runner.TestRunner (TestRunner.java:42) - Initializing usage months config from CSP.
14:58:28.224 INFO  runner.TestRunner (TestRunner.java:45) - Initializing date config from CSP.
14:58:28.224 INFO  runner.TestRunner (TestRunner.java:48) - Initializing language config from CSP.
14:58:28.224 INFO  runner.TestRunner (TestRunner.java:51) - Initializing language config from CSP.
14:58:28.224 INFO  runner.TestRunner (TestRunner.java:54) - Initializing language config from CSP.
14:58:28.225 INFO  runner.TestRunner (TestRunner.java:57) - Initializing user model config.
14:58:28.225 INFO  runner.TestRunner (TestRunner.java:60) - Initializing auth token config.
14:58:28.225 INFO  runner.TestRunner (TestRunner.java:63) - Initializing Admin User config.
14:58:28.687 INFO  utils.ExcelUtils (ExcelUtils.java:41) - Test Runner excel row at: 1
14:58:28.692 INFO  utils.ExcelUtils (ExcelUtils.java:41) - Test Runner excel row at: 2
14:58:28.693 INFO  utils.ExcelUtils (ExcelUtils.java:41) - Test Runner excel row at: 3
14:58:28.694 INFO  utils.ExcelUtils (ExcelUtils.java:41) - Test Runner excel row at: 4
14:58:28.694 INFO  utils.ExcelUtils (ExcelUtils.java:41) - Test Runner excel row at: 5
14:58:28.695 INFO  utils.ExcelUtils (ExcelUtils.java:41) - Test Runner excel row at: 6
14:58:28.696 INFO  utils.ExcelUtils (ExcelUtils.java:41) - Test Runner excel row at: 7
14:58:28.696 INFO  utils.ExcelUtils (ExcelUtils.java:41) - Test Runner excel row at: 8
14:58:28.697 INFO  utils.ExcelUtils (ExcelUtils.java:41) - Test Runner excel row at: 9
14:58:28.698 INFO  utils.ExcelUtils (ExcelUtils.java:41) - Test Runner excel row at: 10
14:58:28.699 INFO  utils.ExcelUtils (ExcelUtils.java:41) - Test Runner excel row at: 11
14:58:28.699 INFO  utils.ExcelUtils (ExcelUtils.java:41) - Test Runner excel row at: 12
14:58:28.699 INFO  utils.ExcelUtils (ExcelUtils.java:41) - Test Runner excel row at: 13
14:58:28.700 INFO  utils.ExcelUtils (ExcelUtils.java:41) - Test Runner excel row at: 14
14:58:28.701 INFO  utils.ExcelUtils (ExcelUtils.java:41) - Test Runner excel row at: 15
14:58:28.702 INFO  utils.ExcelUtils (ExcelUtils.java:41) - Test Runner excel row at: 16
14:58:28.702 INFO  utils.ExcelUtils (ExcelUtils.java:41) - Test Runner excel row at: 17
14:58:28.703 INFO  utils.ExcelUtils (ExcelUtils.java:41) - Test Runner excel row at: 18
14:58:28.703 INFO  utils.ExcelUtils (ExcelUtils.java:41) - Test Runner excel row at: 19
14:58:28.704 INFO  utils.ExcelUtils (ExcelUtils.java:41) - Test Runner excel row at: 20
14:58:28.704 INFO  utils.ExcelUtils (ExcelUtils.java:41) - Test Runner excel row at: 21
14:58:28.704 INFO  utils.ExcelUtils (ExcelUtils.java:41) - Test Runner excel row at: 22
14:58:28.706 INFO  utils.ExcelUtils (ExcelUtils.java:41) - Test Runner excel row at: 23
14:58:28.706 INFO  utils.ExcelUtils (ExcelUtils.java:41) - Test Runner excel row at: 24
14:58:28.706 INFO  utils.ExcelUtils (ExcelUtils.java:41) - Test Runner excel row at: 25
14:58:28.706 INFO  utils.ExcelUtils (ExcelUtils.java:41) - Test Runner excel row at: 26
14:58:28.706 INFO  utils.ExcelUtils (ExcelUtils.java:41) - Test Runner excel row at: 27
14:58:32.040 INFO  driver.WebDriverFactory (WebDriverFactory.java:194) - Setting up the browser window to its max.
14:58:32.486 WARN  config.Configuration (Configuration.java:231) - QA env being used by default. No env property set. This can be set in the sew.app.yml config file with a '{}=' property or on the command line with the switch '-D{}='.
14:58:32.487 INFO  driver.WebDriverFactory (WebDriverFactory.java:183) - Initializing the implicit wait timeout for {} 10
14:58:32.495 INFO  driver.WebDriverFactory (WebDriverFactory.java:186) - Initializing the page load timeout.
14:58:32.500 INFO  driver.DriverFactory (DriverFactory.java:125) - Clearing all the cookies.
14:58:32.512 INFO  driver.DriverFactory (DriverFactory.java:62) - Open the url {} https://pwc-ccb.smartcmobile.com/Portal/ using the selenium get() method.
14:58:49.824 INFO  pageobjects.PreLoginPage (PreLoginPage.java:123) - Checking that the current page is login page.
14:58:49.824 INFO  driver.Page (    Page.java:39) - Fetching the current URL.
14:58:49.836 INFO  driver.Page (    Page.java:40) - The Current URL is: https://pwc-ccb.smartcmobile.com/Portal/
14:58:49.849 INFO  driver.Page (    Page.java:45) - Fetching the current title.
14:58:49.861 INFO  driver.Page (    Page.java:46) - The Current Title is: SCM :Login
14:58:49.870 INFO  pageobjects.PreLoginPage (PreLoginPage.java:126) - The current page is login page {}: true
14:58:49.876 INFO  driver.Page (    Page.java:271) - Waiting for element to be invisible for 120 seconds.
15:00:50.442 INFO  runner.TestRunner (TestRunner.java:84) - verifyLoginPageObjects is Finished.
15:00:50.444 INFO  driver.DriverFactory (DriverFactory.java:125) - Clearing all the cookies.
15:01:53.231 INFO  runner.TestRunner (TestRunner.java:33) - Initializing application properties config file.
15:01:53.234 INFO  runner.TestRunner (TestRunner.java:36) - Initializing connection to the base database.
15:01:53.234 INFO  runner.TestRunner (TestRunner.java:39) - Initializing resource path config file.
15:01:53.234 INFO  runner.TestRunner (TestRunner.java:42) - Initializing usage months config from CSP.
15:01:53.235 INFO  runner.TestRunner (TestRunner.java:45) - Initializing date config from CSP.
15:01:53.235 INFO  runner.TestRunner (TestRunner.java:48) - Initializing language config from CSP.
15:01:53.235 INFO  runner.TestRunner (TestRunner.java:51) - Initializing language config from CSP.
15:01:53.235 INFO  runner.TestRunner (TestRunner.java:54) - Initializing language config from CSP.
15:01:53.235 INFO  runner.TestRunner (TestRunner.java:57) - Initializing user model config.
15:01:53.236 INFO  runner.TestRunner (TestRunner.java:60) - Initializing auth token config.
15:01:53.236 INFO  runner.TestRunner (TestRunner.java:63) - Initializing Admin User config.
15:01:53.869 INFO  utils.ExcelUtils (ExcelUtils.java:41) - Test Runner excel row at: 1
15:01:53.875 INFO  utils.ExcelUtils (ExcelUtils.java:41) - Test Runner excel row at: 2
15:01:53.877 INFO  utils.ExcelUtils (ExcelUtils.java:41) - Test Runner excel row at: 3
15:01:53.877 INFO  utils.ExcelUtils (ExcelUtils.java:41) - Test Runner excel row at: 4
15:01:53.878 INFO  utils.ExcelUtils (ExcelUtils.java:41) - Test Runner excel row at: 5
15:01:53.878 INFO  utils.ExcelUtils (ExcelUtils.java:41) - Test Runner excel row at: 6
15:01:53.879 INFO  utils.ExcelUtils (ExcelUtils.java:41) - Test Runner excel row at: 7
15:01:53.880 INFO  utils.ExcelUtils (ExcelUtils.java:41) - Test Runner excel row at: 8
15:01:53.881 INFO  utils.ExcelUtils (ExcelUtils.java:41) - Test Runner excel row at: 9
15:01:53.883 INFO  utils.ExcelUtils (ExcelUtils.java:41) - Test Runner excel row at: 10
15:01:53.883 INFO  utils.ExcelUtils (ExcelUtils.java:41) - Test Runner excel row at: 11
15:01:53.885 INFO  utils.ExcelUtils (ExcelUtils.java:41) - Test Runner excel row at: 12
15:01:53.886 INFO  utils.ExcelUtils (ExcelUtils.java:41) - Test Runner excel row at: 13
15:01:53.887 INFO  utils.ExcelUtils (ExcelUtils.java:41) - Test Runner excel row at: 14
15:01:53.888 INFO  utils.ExcelUtils (ExcelUtils.java:41) - Test Runner excel row at: 15
15:01:53.889 INFO  utils.ExcelUtils (ExcelUtils.java:41) - Test Runner excel row at: 16
15:01:53.889 INFO  utils.ExcelUtils (ExcelUtils.java:41) - Test Runner excel row at: 17
15:01:53.890 INFO  utils.ExcelUtils (ExcelUtils.java:41) - Test Runner excel row at: 18
15:01:53.891 INFO  utils.ExcelUtils (ExcelUtils.java:41) - Test Runner excel row at: 19
15:01:53.892 INFO  utils.ExcelUtils (ExcelUtils.java:41) - Test Runner excel row at: 20
15:01:53.892 INFO  utils.ExcelUtils (ExcelUtils.java:41) - Test Runner excel row at: 21
15:01:53.894 INFO  utils.ExcelUtils (ExcelUtils.java:41) - Test Runner excel row at: 22
15:01:53.895 INFO  utils.ExcelUtils (ExcelUtils.java:41) - Test Runner excel row at: 23
15:01:53.895 INFO  utils.ExcelUtils (ExcelUtils.java:41) - Test Runner excel row at: 24
15:01:53.896 INFO  utils.ExcelUtils (ExcelUtils.java:41) - Test Runner excel row at: 25
15:01:53.897 INFO  utils.ExcelUtils (ExcelUtils.java:41) - Test Runner excel row at: 26
15:01:53.897 INFO  utils.ExcelUtils (ExcelUtils.java:41) - Test Runner excel row at: 27
15:01:57.465 INFO  driver.WebDriverFactory (WebDriverFactory.java:194) - Setting up the browser window to its max.
15:01:57.935 WARN  config.Configuration (Configuration.java:231) - QA env being used by default. No env property set. This can be set in the sew.app.yml config file with a '{}=' property or on the command line with the switch '-D{}='.
15:01:57.936 INFO  driver.WebDriverFactory (WebDriverFactory.java:183) - Initializing the implicit wait timeout for {} 10
15:01:57.942 INFO  driver.WebDriverFactory (WebDriverFactory.java:186) - Initializing the page load timeout.
15:01:57.948 INFO  driver.DriverFactory (DriverFactory.java:125) - Clearing all the cookies.
15:01:57.959 INFO  driver.DriverFactory (DriverFactory.java:62) - Open the url {} https://pwc-ccb.smartcmobile.com/Portal/ using the selenium get() method.
15:02:13.652 INFO  pageobjects.PreLoginPage (PreLoginPage.java:123) - Checking that the current page is login page.
15:02:13.652 INFO  driver.Page (    Page.java:39) - Fetching the current URL.
15:02:13.666 INFO  driver.Page (    Page.java:40) - The Current URL is: https://pwc-ccb.smartcmobile.com/Portal/
15:02:13.678 INFO  driver.Page (    Page.java:45) - Fetching the current title.
15:02:13.690 INFO  driver.Page (    Page.java:46) - The Current Title is: SCM :Login
15:02:13.700 INFO  pageobjects.PreLoginPage (PreLoginPage.java:126) - The current page is login page {}: true
15:02:13.703 INFO  driver.Page (    Page.java:257) - Waiting for element to be visible for 120 seconds.
15:02:13.768 INFO  driver.Page (    Page.java:260) - Element is visible on the page.
15:02:13.786 INFO  driver.Page (    Page.java:161) - Wait for the element {} [[ChromeDriver: chrome on windows (8f155320dafafbb3fc180798fd8f4779)] -> xpath: //a[@id ='preloginPaymentLocationModule']] to be visible on the page for duration of {} 120
15:02:13.787 INFO  driver.Page (    Page.java:257) - Waiting for element to be visible for 120 seconds.
15:02:13.825 INFO  driver.Page (    Page.java:260) - Element is visible on the page.
15:02:13.873 INFO  driver.Page (    Page.java:164) - Text got from the locator {} [[ChromeDriver: chrome on windows (8f155320dafafbb3fc180798fd8f4779)] -> xpath: //a[@id ='preloginPaymentLocationModule']] is location_on
Payment Locations
15:02:13.900 INFO  pageobjects.PreLoginPage (PreLoginPage.java:332) - Forgot Username Label {}: location_on
Payment Locations
15:02:14.085 INFO  runner.TestRunner (TestRunner.java:84) - verifyLoginPageObjects is Finished.
15:02:14.086 INFO  driver.DriverFactory (DriverFactory.java:125) - Clearing all the cookies.
